000 (1755224.000.000) 11/14 02:19:54 Job submitted from host: <130.199.206.69:49450>
...
001 (1755224.000.000) 11/15 19:52:29 Job executing on host: <130.199.180.135:32930>
...
006 (1755224.000.000) 11/15 19:52:37 Image size of job updated: 173796
...
006 (1755224.000.000) 11/15 19:57:37 Image size of job updated: 284992
...
006 (1755224.000.000) 11/15 20:02:37 Image size of job updated: 287364
...
006 (1755224.000.000) 11/15 20:07:37 Image size of job updated: 287976
...
006 (1755224.000.000) 11/15 20:12:37 Image size of job updated: 288412
...
006 (1755224.000.000) 11/15 20:17:37 Image size of job updated: 291140
...
006 (1755224.000.000) 11/15 20:22:37 Image size of job updated: 303116
...
006 (1755224.000.000) 11/15 20:32:37 Image size of job updated: 344076
...
006 (1755224.000.000) 11/15 20:37:37 Image size of job updated: 350220
...
006 (1755224.000.000) 11/15 20:42:37 Image size of job updated: 352268
...
005 (1755224.000.000) 11/15 20:43:14 Job terminated.
	(1) Normal termination (return value 0)
		Usr 0 00:44:54, Sys 0 00:00:15  -  Run Remote Usage
		Usr 0 00:00:00, Sys 0 00:00:00  -  Run Local Usage
		Usr 0 00:44:54, Sys 0 00:00:15  -  Total Remote Usage
		Usr 0 00:00:00, Sys 0 00:00:00  -  Total Local Usage
	0  -  Run Bytes Sent By Job
	0  -  Run Bytes Received By Job
	0  -  Total Bytes Sent By Job
	0  -  Total Bytes Received By Job
...
