000 (1755186.000.000) 11/14 02:19:54 Job submitted from host: <130.199.206.69:49450>
...
001 (1755186.000.000) 11/15 12:05:22 Job executing on host: <130.199.183.5:54490>
...
006 (1755186.000.000) 11/15 12:10:30 Image size of job updated: 188048
...
006 (1755186.000.000) 11/15 12:15:30 Image size of job updated: 193660
...
006 (1755186.000.000) 11/15 12:20:31 Image size of job updated: 283240
...
005 (1755186.000.000) 11/15 12:23:39 Job terminated.
	(1) Normal termination (return value 0)
		Usr 0 00:06:10, Sys 0 00:00:06  -  Run Remote Usage
		Usr 0 00:00:00, Sys 0 00:00:00  -  Run Local Usage
		Usr 0 00:06:10, Sys 0 00:00:06  -  Total Remote Usage
		Usr 0 00:00:00, Sys 0 00:00:00  -  Total Local Usage
	0  -  Run Bytes Sent By Job
	0  -  Run Bytes Received By Job
	0  -  Total Bytes Sent By Job
	0  -  Total Bytes Received By Job
...
