000 (1754321.000.000) 11/14 02:18:07 Job submitted from host: <130.199.206.69:49450>
...
001 (1754321.000.000) 11/14 06:12:33 Job executing on host: <130.199.183.28:53536>
...
006 (1754321.000.000) 11/14 06:12:41 Image size of job updated: 188036
...
006 (1754321.000.000) 11/14 06:17:41 Image size of job updated: 282124
...
006 (1754321.000.000) 11/14 06:22:41 Image size of job updated: 285288
...
006 (1754321.000.000) 11/14 06:27:41 Image size of job updated: 297288
...
006 (1754321.000.000) 11/14 06:32:41 Image size of job updated: 298592
...
006 (1754321.000.000) 11/14 06:37:41 Image size of job updated: 301020
...
006 (1754321.000.000) 11/14 06:42:41 Image size of job updated: 301460
...
006 (1754321.000.000) 11/14 06:57:41 Image size of job updated: 303768
...
006 (1754321.000.000) 11/14 07:07:41 Image size of job updated: 303848
...
006 (1754321.000.000) 11/14 07:12:41 Image size of job updated: 304452
...
006 (1754321.000.000) 11/14 07:22:41 Image size of job updated: 304512
...
005 (1754321.000.000) 11/14 07:23:05 Job terminated.
	(1) Normal termination (return value 0)
		Usr 0 01:00:50, Sys 0 00:00:23  -  Run Remote Usage
		Usr 0 00:00:00, Sys 0 00:00:00  -  Run Local Usage
		Usr 0 01:00:50, Sys 0 00:00:23  -  Total Remote Usage
		Usr 0 00:00:00, Sys 0 00:00:00  -  Total Local Usage
	0  -  Run Bytes Sent By Job
	0  -  Run Bytes Received By Job
	0  -  Total Bytes Sent By Job
	0  -  Total Bytes Received By Job
...
