000 (1754494.000.000) 11/14 02:18:34 Job submitted from host: <130.199.206.69:49450>
...
001 (1754494.000.000) 11/14 05:27:53 Job executing on host: <130.199.180.176:34913>
...
006 (1754494.000.000) 11/14 05:28:02 Image size of job updated: 264308
...
006 (1754494.000.000) 11/14 05:33:03 Image size of job updated: 281984
...
006 (1754494.000.000) 11/14 05:38:04 Image size of job updated: 289104
...
006 (1754494.000.000) 11/14 05:43:05 Image size of job updated: 291568
...
006 (1754494.000.000) 11/14 05:48:06 Image size of job updated: 291904
...
006 (1754494.000.000) 11/14 05:53:07 Image size of job updated: 292300
...
006 (1754494.000.000) 11/14 05:58:08 Image size of job updated: 293704
...
006 (1754494.000.000) 11/14 06:03:09 Image size of job updated: 295404
...
006 (1754494.000.000) 11/14 06:08:10 Image size of job updated: 295996
...
006 (1754494.000.000) 11/14 06:18:12 Image size of job updated: 296548
...
006 (1754494.000.000) 11/14 06:23:13 Image size of job updated: 297732
...
006 (1754494.000.000) 11/14 06:28:14 Image size of job updated: 318408
...
006 (1754494.000.000) 11/14 06:33:15 Image size of job updated: 331384
...
006 (1754494.000.000) 11/14 06:38:15 Image size of job updated: 332408
...
005 (1754494.000.000) 11/14 06:39:43 Job terminated.
	(1) Normal termination (return value 0)
		Usr 0 01:05:02, Sys 0 00:00:31  -  Run Remote Usage
		Usr 0 00:00:00, Sys 0 00:00:00  -  Run Local Usage
		Usr 0 01:05:02, Sys 0 00:00:31  -  Total Remote Usage
		Usr 0 00:00:00, Sys 0 00:00:00  -  Total Local Usage
	0  -  Run Bytes Sent By Job
	0  -  Run Bytes Received By Job
	0  -  Total Bytes Sent By Job
	0  -  Total Bytes Received By Job
...
