000 (1754658.000.000) 11/14 02:18:46 Job submitted from host: <130.199.206.69:49450>
...
001 (1754658.000.000) 11/14 05:49:51 Job executing on host: <130.199.180.152:59096>
...
006 (1754658.000.000) 11/14 05:54:59 Image size of job updated: 276964
...
006 (1754658.000.000) 11/14 05:59:59 Image size of job updated: 280856
...
006 (1754658.000.000) 11/14 06:04:59 Image size of job updated: 284064
...
006 (1754658.000.000) 11/14 06:09:59 Image size of job updated: 284944
...
006 (1754658.000.000) 11/14 06:19:59 Image size of job updated: 286640
...
005 (1754658.000.000) 11/14 06:26:27 Job terminated.
	(1) Normal termination (return value 0)
		Usr 0 00:34:04, Sys 0 00:00:22  -  Run Remote Usage
		Usr 0 00:00:00, Sys 0 00:00:00  -  Run Local Usage
		Usr 0 00:34:04, Sys 0 00:00:22  -  Total Remote Usage
		Usr 0 00:00:00, Sys 0 00:00:00  -  Total Local Usage
	0  -  Run Bytes Sent By Job
	0  -  Run Bytes Received By Job
	0  -  Total Bytes Sent By Job
	0  -  Total Bytes Received By Job
...
