000 (1754033.000.000) 11/14 02:17:22 Job submitted from host: <130.199.206.69:49450>
...
001 (1754033.000.000) 11/14 05:36:14 Job executing on host: <130.199.183.16:34724>
...
006 (1754033.000.000) 11/14 05:41:24 Image size of job updated: 285304
...
006 (1754033.000.000) 11/14 05:46:25 Image size of job updated: 287504
...
006 (1754033.000.000) 11/14 05:56:27 Image size of job updated: 287564
...
006 (1754033.000.000) 11/14 06:01:28 Image size of job updated: 288428
...
006 (1754033.000.000) 11/14 06:11:30 Image size of job updated: 288848
...
006 (1754033.000.000) 11/14 06:16:31 Image size of job updated: 289004
...
006 (1754033.000.000) 11/14 06:21:32 Image size of job updated: 289888
...
006 (1754033.000.000) 11/14 06:26:33 Image size of job updated: 291400
...
006 (1754033.000.000) 11/14 06:36:35 Image size of job updated: 304824
...
006 (1754033.000.000) 11/14 06:41:36 Image size of job updated: 320184
...
006 (1754033.000.000) 11/14 06:46:37 Image size of job updated: 328832
...
006 (1754033.000.000) 11/14 06:51:38 Image size of job updated: 334976
...
006 (1754033.000.000) 11/14 06:56:39 Image size of job updated: 336000
...
006 (1754033.000.000) 11/14 07:01:40 Image size of job updated: 337024
...
006 (1754033.000.000) 11/14 07:21:44 Image size of job updated: 338048
...
006 (1754033.000.000) 11/14 07:36:47 Image size of job updated: 340096
...
006 (1754033.000.000) 11/14 07:51:50 Image size of job updated: 341120
...
006 (1754033.000.000) 11/14 08:16:55 Image size of job updated: 342144
...
006 (1754033.000.000) 11/14 08:26:57 Image size of job updated: 343168
...
006 (1754033.000.000) 11/14 08:42:00 Image size of job updated: 344192
...
005 (1754033.000.000) 11/14 09:05:06 Job terminated.
	(1) Normal termination (return value 0)
		Usr 0 03:08:08, Sys 0 00:01:25  -  Run Remote Usage
		Usr 0 00:00:00, Sys 0 00:00:00  -  Run Local Usage
		Usr 0 03:08:08, Sys 0 00:01:25  -  Total Remote Usage
		Usr 0 00:00:00, Sys 0 00:00:00  -  Total Local Usage
	0  -  Run Bytes Sent By Job
	0  -  Run Bytes Received By Job
	0  -  Total Bytes Sent By Job
	0  -  Total Bytes Received By Job
...
