000 (1754539.000.000) 11/14 02:18:34 Job submitted from host: <130.199.206.69:49450>
...
001 (1754539.000.000) 11/14 05:21:17 Job executing on host: <130.199.180.178:51879>
...
006 (1754539.000.000) 11/14 05:26:27 Image size of job updated: 305568
...
006 (1754539.000.000) 11/14 05:31:28 Image size of job updated: 318880
...
006 (1754539.000.000) 11/14 05:36:29 Image size of job updated: 322976
...
006 (1754539.000.000) 11/14 05:41:30 Image size of job updated: 325024
...
006 (1754539.000.000) 11/14 05:46:31 Image size of job updated: 326048
...
006 (1754539.000.000) 11/14 06:01:34 Image size of job updated: 327072
...
006 (1754539.000.000) 11/14 06:16:35 Image size of job updated: 328096
...
006 (1754539.000.000) 11/14 06:26:35 Image size of job updated: 330148
...
006 (1754539.000.000) 11/14 06:31:35 Image size of job updated: 331172
...
006 (1754539.000.000) 11/14 06:41:35 Image size of job updated: 333220
...
006 (1754539.000.000) 11/14 06:51:35 Image size of job updated: 334244
...
006 (1754539.000.000) 11/14 07:01:35 Image size of job updated: 335268
...
006 (1754539.000.000) 11/14 07:41:35 Image size of job updated: 337316
...
006 (1754539.000.000) 11/14 08:01:35 Image size of job updated: 341420
...
005 (1754539.000.000) 11/14 08:02:08 Job terminated.
	(1) Normal termination (return value 0)
		Usr 0 02:02:34, Sys 0 00:00:58  -  Run Remote Usage
		Usr 0 00:00:00, Sys 0 00:00:00  -  Run Local Usage
		Usr 0 02:02:34, Sys 0 00:00:58  -  Total Remote Usage
		Usr 0 00:00:00, Sys 0 00:00:00  -  Total Local Usage
	0  -  Run Bytes Sent By Job
	0  -  Run Bytes Received By Job
	0  -  Total Bytes Sent By Job
	0  -  Total Bytes Received By Job
...
