000 (1754530.000.000) 11/14 02:18:34 Job submitted from host: <130.199.206.69:49450>
...
001 (1754530.000.000) 11/14 05:26:30 Job executing on host: <130.199.180.167:33733>
...
006 (1754530.000.000) 11/14 05:26:38 Image size of job updated: 173932
...
006 (1754530.000.000) 11/14 05:31:38 Image size of job updated: 284888
...
006 (1754530.000.000) 11/14 05:36:38 Image size of job updated: 285388
...
006 (1754530.000.000) 11/14 05:41:38 Image size of job updated: 286012
...
006 (1754530.000.000) 11/14 05:51:38 Image size of job updated: 288504
...
006 (1754530.000.000) 11/14 05:56:38 Image size of job updated: 289428
...
006 (1754530.000.000) 11/14 06:01:38 Image size of job updated: 293144
...
006 (1754530.000.000) 11/14 06:06:38 Image size of job updated: 293460
...
006 (1754530.000.000) 11/14 06:21:38 Image size of job updated: 293540
...
006 (1754530.000.000) 11/14 06:26:38 Image size of job updated: 293904
...
006 (1754530.000.000) 11/14 06:31:38 Image size of job updated: 293964
...
006 (1754530.000.000) 11/14 06:51:38 Image size of job updated: 295496
...
006 (1754530.000.000) 11/14 07:01:38 Image size of job updated: 295628
...
006 (1754530.000.000) 11/14 07:51:47 Image size of job updated: 295896
...
006 (1754530.000.000) 11/14 07:56:48 Image size of job updated: 296256
...
006 (1754530.000.000) 11/14 09:02:01 Image size of job updated: 296828
...
006 (1754530.000.000) 11/14 09:07:02 Image size of job updated: 297284
...
005 (1754530.000.000) 11/14 09:14:57 Job terminated.
	(1) Normal termination (return value 0)
		Usr 0 03:30:42, Sys 0 00:01:39  -  Run Remote Usage
		Usr 0 00:00:00, Sys 0 00:00:00  -  Run Local Usage
		Usr 0 03:30:42, Sys 0 00:01:39  -  Total Remote Usage
		Usr 0 00:00:00, Sys 0 00:00:00  -  Total Local Usage
	0  -  Run Bytes Sent By Job
	0  -  Run Bytes Received By Job
	0  -  Total Bytes Sent By Job
	0  -  Total Bytes Received By Job
...
