000 (1755240.000.000) 11/14 02:19:54 Job submitted from host: <130.199.206.69:49450>
...
001 (1755240.000.000) 11/15 12:37:57 Job executing on host: <130.199.183.21:49750>
...
006 (1755240.000.000) 11/15 12:38:06 Image size of job updated: 136512
...
006 (1755240.000.000) 11/15 12:43:07 Image size of job updated: 283020
...
006 (1755240.000.000) 11/15 12:48:08 Image size of job updated: 285148
...
006 (1755240.000.000) 11/15 13:08:12 Image size of job updated: 286056
...
006 (1755240.000.000) 11/15 13:13:13 Image size of job updated: 287064
...
006 (1755240.000.000) 11/15 13:18:14 Image size of job updated: 287992
...
006 (1755240.000.000) 11/15 13:23:15 Image size of job updated: 294936
...
006 (1755240.000.000) 11/15 13:28:16 Image size of job updated: 295204
...
006 (1755240.000.000) 11/15 13:33:17 Image size of job updated: 296272
...
006 (1755240.000.000) 11/15 13:38:18 Image size of job updated: 296640
...
006 (1755240.000.000) 11/15 13:43:20 Image size of job updated: 296856
...
006 (1755240.000.000) 11/15 13:48:20 Image size of job updated: 297704
...
006 (1755240.000.000) 11/15 13:53:20 Image size of job updated: 298232
...
006 (1755240.000.000) 11/15 14:28:20 Image size of job updated: 298396
...
006 (1755240.000.000) 11/15 14:38:20 Image size of job updated: 298440
...
006 (1755240.000.000) 11/15 14:43:20 Image size of job updated: 299668
...
006 (1755240.000.000) 11/15 15:08:20 Image size of job updated: 300092
...
006 (1755240.000.000) 11/15 15:13:20 Image size of job updated: 319252
...
005 (1755240.000.000) 11/15 15:14:15 Job terminated.
	(1) Normal termination (return value 0)
		Usr 0 02:14:24, Sys 0 00:01:27  -  Run Remote Usage
		Usr 0 00:00:00, Sys 0 00:00:00  -  Run Local Usage
		Usr 0 02:14:24, Sys 0 00:01:27  -  Total Remote Usage
		Usr 0 00:00:00, Sys 0 00:00:00  -  Total Local Usage
	0  -  Run Bytes Sent By Job
	0  -  Run Bytes Received By Job
	0  -  Total Bytes Sent By Job
	0  -  Total Bytes Received By Job
...
