000 (1754841.000.000) 11/14 02:19:12 Job submitted from host: <130.199.206.69:49450>
...
001 (1754841.000.000) 11/14 13:07:48 Job executing on host: <130.199.206.158:57664>
...
006 (1754841.000.000) 11/14 13:12:58 Image size of job updated: 283684
...
006 (1754841.000.000) 11/14 13:17:59 Image size of job updated: 305576
...
006 (1754841.000.000) 11/14 13:23:01 Image size of job updated: 318728
...
006 (1754841.000.000) 11/14 13:28:01 Image size of job updated: 330580
...
006 (1754841.000.000) 11/14 13:33:02 Image size of job updated: 333652
...
006 (1754841.000.000) 11/14 13:58:07 Image size of job updated: 335620
...
006 (1754841.000.000) 11/14 14:03:08 Image size of job updated: 336644
...
006 (1754841.000.000) 11/14 14:08:09 Image size of job updated: 337668
...
006 (1754841.000.000) 11/14 14:13:10 Image size of job updated: 338692
...
006 (1754841.000.000) 11/14 14:38:11 Image size of job updated: 338808
...
005 (1754841.000.000) 11/14 14:58:51 Job terminated.
	(1) Normal termination (return value 0)
		Usr 0 01:43:03, Sys 0 00:00:27  -  Run Remote Usage
		Usr 0 00:00:00, Sys 0 00:00:00  -  Run Local Usage
		Usr 0 01:43:03, Sys 0 00:00:27  -  Total Remote Usage
		Usr 0 00:00:00, Sys 0 00:00:00  -  Total Local Usage
	0  -  Run Bytes Sent By Job
	0  -  Run Bytes Received By Job
	0  -  Total Bytes Sent By Job
	0  -  Total Bytes Received By Job
...
