000 (1754981.000.000) 11/14 02:19:38 Job submitted from host: <130.199.206.69:49450>
...
001 (1754981.000.000) 11/15 11:42:41 Job executing on host: <130.199.180.173:34638>
...
006 (1754981.000.000) 11/15 11:42:50 Image size of job updated: 135308
...
006 (1754981.000.000) 11/15 11:47:52 Image size of job updated: 186840
...
006 (1754981.000.000) 11/15 11:52:52 Image size of job updated: 192860
...
006 (1754981.000.000) 11/15 11:57:52 Image size of job updated: 285172
...
006 (1754981.000.000) 11/15 12:02:52 Image size of job updated: 286848
...
006 (1754981.000.000) 11/15 12:07:52 Image size of job updated: 288532
...
006 (1754981.000.000) 11/15 12:12:52 Image size of job updated: 288720
...
006 (1754981.000.000) 11/15 12:22:52 Image size of job updated: 289480
...
006 (1754981.000.000) 11/15 12:27:52 Image size of job updated: 290624
...
006 (1754981.000.000) 11/15 12:32:52 Image size of job updated: 290940
...
006 (1754981.000.000) 11/15 12:42:52 Image size of job updated: 294424
...
006 (1754981.000.000) 11/15 12:47:52 Image size of job updated: 294808
...
006 (1754981.000.000) 11/15 12:52:52 Image size of job updated: 296120
...
006 (1754981.000.000) 11/15 13:07:52 Image size of job updated: 327784
...
006 (1754981.000.000) 11/15 13:12:52 Image size of job updated: 335976
...
006 (1754981.000.000) 11/15 13:17:52 Image size of job updated: 338024
...
006 (1754981.000.000) 11/15 13:27:52 Image size of job updated: 341096
...
006 (1754981.000.000) 11/15 13:32:52 Image size of job updated: 342120
...
006 (1754981.000.000) 11/15 13:37:52 Image size of job updated: 344168
...
006 (1754981.000.000) 11/15 13:47:52 Image size of job updated: 344312
...
006 (1754981.000.000) 11/15 13:52:52 Image size of job updated: 345816
...
006 (1754981.000.000) 11/15 13:57:52 Image size of job updated: 346312
...
006 (1754981.000.000) 11/15 14:02:52 Image size of job updated: 346324
...
006 (1754981.000.000) 11/15 14:07:52 Image size of job updated: 347280
...
005 (1754981.000.000) 11/15 14:14:46 Job terminated.
	(1) Normal termination (return value 0)
		Usr 0 02:07:01, Sys 0 00:01:24  -  Run Remote Usage
		Usr 0 00:00:00, Sys 0 00:00:00  -  Run Local Usage
		Usr 0 02:07:01, Sys 0 00:01:24  -  Total Remote Usage
		Usr 0 00:00:00, Sys 0 00:00:00  -  Total Local Usage
	0  -  Run Bytes Sent By Job
	0  -  Run Bytes Received By Job
	0  -  Total Bytes Sent By Job
	0  -  Total Bytes Received By Job
...
