000 (1755056.000.000) 11/14 02:19:38 Job submitted from host: <130.199.206.69:49450>
...
001 (1755056.000.000) 11/15 12:37:17 Job executing on host: <130.199.206.216:42831>
...
006 (1755056.000.000) 11/15 12:37:25 Image size of job updated: 153732
...
006 (1755056.000.000) 11/15 12:42:25 Image size of job updated: 283684
...
006 (1755056.000.000) 11/15 12:47:25 Image size of job updated: 285304
...
006 (1755056.000.000) 11/15 12:52:25 Image size of job updated: 286460
...
006 (1755056.000.000) 11/15 12:57:25 Image size of job updated: 286732
...
006 (1755056.000.000) 11/15 13:07:26 Image size of job updated: 288576
...
006 (1755056.000.000) 11/15 13:12:27 Image size of job updated: 291272
...
006 (1755056.000.000) 11/15 13:17:28 Image size of job updated: 291856
...
006 (1755056.000.000) 11/15 13:22:29 Image size of job updated: 292884
...
006 (1755056.000.000) 11/15 13:27:30 Image size of job updated: 293080
...
006 (1755056.000.000) 11/15 13:37:32 Image size of job updated: 293724
...
006 (1755056.000.000) 11/15 13:42:33 Image size of job updated: 294656
...
006 (1755056.000.000) 11/15 13:47:34 Image size of job updated: 294880
...
006 (1755056.000.000) 11/15 13:57:36 Image size of job updated: 295200
...
006 (1755056.000.000) 11/15 14:02:37 Image size of job updated: 295728
...
006 (1755056.000.000) 11/15 15:02:49 Image size of job updated: 296188
...
006 (1755056.000.000) 11/15 15:07:50 Image size of job updated: 296328
...
006 (1755056.000.000) 11/15 15:17:52 Image size of job updated: 297076
...
005 (1755056.000.000) 11/15 15:46:11 Job terminated.
	(1) Normal termination (return value 0)
		Usr 0 01:54:42, Sys 0 00:00:25  -  Run Remote Usage
		Usr 0 00:00:00, Sys 0 00:00:00  -  Run Local Usage
		Usr 0 01:54:42, Sys 0 00:00:25  -  Total Remote Usage
		Usr 0 00:00:00, Sys 0 00:00:00  -  Total Local Usage
	0  -  Run Bytes Sent By Job
	0  -  Run Bytes Received By Job
	0  -  Total Bytes Sent By Job
	0  -  Total Bytes Received By Job
...
