000 (1753605.000.000) 11/14 02:16:08 Job submitted from host: <130.199.206.69:49450>
...
001 (1753605.000.000) 11/14 05:43:09 Job executing on host: <130.199.183.22:48346>
...
006 (1753605.000.000) 11/14 05:43:17 Image size of job updated: 173636
...
006 (1753605.000.000) 11/14 05:48:17 Image size of job updated: 284848
...
006 (1753605.000.000) 11/14 05:53:17 Image size of job updated: 285448
...
006 (1753605.000.000) 11/14 05:58:17 Image size of job updated: 285872
...
006 (1753605.000.000) 11/14 06:03:17 Image size of job updated: 286284
...
006 (1753605.000.000) 11/14 06:08:17 Image size of job updated: 287104
...
006 (1753605.000.000) 11/14 06:18:17 Image size of job updated: 287384
...
006 (1753605.000.000) 11/14 06:23:17 Image size of job updated: 287600
...
006 (1753605.000.000) 11/14 06:28:17 Image size of job updated: 289892
...
006 (1753605.000.000) 11/14 06:33:17 Image size of job updated: 290792
...
006 (1753605.000.000) 11/14 06:48:17 Image size of job updated: 291816
...
006 (1753605.000.000) 11/14 06:58:17 Image size of job updated: 292440
...
006 (1753605.000.000) 11/14 07:08:17 Image size of job updated: 292708
...
006 (1753605.000.000) 11/14 07:13:17 Image size of job updated: 292896
...
006 (1753605.000.000) 11/14 07:28:17 Image size of job updated: 297312
...
006 (1753605.000.000) 11/14 07:33:17 Image size of job updated: 317792
...
006 (1753605.000.000) 11/14 07:38:17 Image size of job updated: 332128
...
006 (1753605.000.000) 11/14 07:43:17 Image size of job updated: 334176
...
006 (1753605.000.000) 11/14 07:48:17 Image size of job updated: 335200
...
006 (1753605.000.000) 11/14 07:53:17 Image size of job updated: 336224
...
006 (1753605.000.000) 11/14 07:58:17 Image size of job updated: 337248
...
006 (1753605.000.000) 11/14 08:03:17 Image size of job updated: 339296
...
006 (1753605.000.000) 11/14 08:08:17 Image size of job updated: 340320
...
006 (1753605.000.000) 11/14 08:13:17 Image size of job updated: 341344
...
006 (1753605.000.000) 11/14 08:23:17 Image size of job updated: 342368
...
006 (1753605.000.000) 11/14 08:33:17 Image size of job updated: 343392
...
005 (1753605.000.000) 11/14 08:47:55 Job terminated.
	(1) Normal termination (return value 0)
		Usr 0 02:49:07, Sys 0 00:01:15  -  Run Remote Usage
		Usr 0 00:00:00, Sys 0 00:00:00  -  Run Local Usage
		Usr 0 02:49:07, Sys 0 00:01:15  -  Total Remote Usage
		Usr 0 00:00:00, Sys 0 00:00:00  -  Total Local Usage
	0  -  Run Bytes Sent By Job
	0  -  Run Bytes Received By Job
	0  -  Total Bytes Sent By Job
	0  -  Total Bytes Received By Job
...
