000 (1753405.000.000) 11/14 02:14:53 Job submitted from host: <130.199.206.69:49450>
...
001 (1753405.000.000) 11/14 05:44:35 Job executing on host: <130.199.206.116:52795>
...
006 (1753405.000.000) 11/14 05:49:43 Image size of job updated: 284596
...
006 (1753405.000.000) 11/14 05:54:43 Image size of job updated: 285804
...
006 (1753405.000.000) 11/14 05:59:43 Image size of job updated: 286164
...
006 (1753405.000.000) 11/14 06:09:44 Image size of job updated: 286680
...
006 (1753405.000.000) 11/14 06:14:45 Image size of job updated: 286764
...
006 (1753405.000.000) 11/14 06:19:46 Image size of job updated: 287108
...
006 (1753405.000.000) 11/14 06:24:47 Image size of job updated: 288756
...
006 (1753405.000.000) 11/14 06:29:48 Image size of job updated: 291408
...
006 (1753405.000.000) 11/14 06:44:51 Image size of job updated: 297228
...
006 (1753405.000.000) 11/14 06:49:52 Image size of job updated: 301332
...
005 (1753405.000.000) 11/14 06:53:54 Job terminated.
	(1) Normal termination (return value 0)
		Usr 0 01:04:32, Sys 0 00:00:17  -  Run Remote Usage
		Usr 0 00:00:00, Sys 0 00:00:00  -  Run Local Usage
		Usr 0 01:04:32, Sys 0 00:00:17  -  Total Remote Usage
		Usr 0 00:00:00, Sys 0 00:00:00  -  Total Local Usage
	0  -  Run Bytes Sent By Job
	0  -  Run Bytes Received By Job
	0  -  Total Bytes Sent By Job
	0  -  Total Bytes Received By Job
...
