000 (1754619.000.000) 11/14 02:18:46 Job submitted from host: <130.199.206.69:49450>
...
001 (1754619.000.000) 11/14 05:38:20 Job executing on host: <130.199.180.154:33428>
...
006 (1754619.000.000) 11/14 05:38:29 Image size of job updated: 142660
...
006 (1754619.000.000) 11/14 05:43:30 Image size of job updated: 283300
...
006 (1754619.000.000) 11/14 05:48:31 Image size of job updated: 285100
...
006 (1754619.000.000) 11/14 05:53:32 Image size of job updated: 285496
...
006 (1754619.000.000) 11/14 05:58:33 Image size of job updated: 285732
...
006 (1754619.000.000) 11/14 06:03:34 Image size of job updated: 286388
...
006 (1754619.000.000) 11/14 06:08:35 Image size of job updated: 286660
...
006 (1754619.000.000) 11/14 06:13:36 Image size of job updated: 287228
...
006 (1754619.000.000) 11/14 06:18:37 Image size of job updated: 287916
...
006 (1754619.000.000) 11/14 06:23:38 Image size of job updated: 288176
...
006 (1754619.000.000) 11/14 06:28:39 Image size of job updated: 290892
...
006 (1754619.000.000) 11/14 06:33:40 Image size of job updated: 295320
...
006 (1754619.000.000) 11/14 06:38:41 Image size of job updated: 297372
...
005 (1754619.000.000) 11/14 06:38:58 Job terminated.
	(1) Normal termination (return value 0)
		Usr 0 00:56:15, Sys 0 00:00:27  -  Run Remote Usage
		Usr 0 00:00:00, Sys 0 00:00:00  -  Run Local Usage
		Usr 0 00:56:15, Sys 0 00:00:27  -  Total Remote Usage
		Usr 0 00:00:00, Sys 0 00:00:00  -  Total Local Usage
	0  -  Run Bytes Sent By Job
	0  -  Run Bytes Received By Job
	0  -  Total Bytes Sent By Job
	0  -  Total Bytes Received By Job
...
