000 (1753629.000.000) 11/14 02:16:08 Job submitted from host: <130.199.206.69:49450>
...
001 (1753629.000.000) 11/14 05:19:32 Job executing on host: <130.199.206.109:54952>
...
006 (1753629.000.000) 11/14 05:19:41 Image size of job updated: 173644
...
006 (1753629.000.000) 11/14 05:24:42 Image size of job updated: 282412
...
006 (1753629.000.000) 11/14 05:29:43 Image size of job updated: 284628
...
006 (1753629.000.000) 11/14 05:49:44 Image size of job updated: 286680
...
006 (1753629.000.000) 11/14 05:54:44 Image size of job updated: 287864
...
006 (1753629.000.000) 11/14 05:59:44 Image size of job updated: 289876
...
006 (1753629.000.000) 11/14 06:04:44 Image size of job updated: 291652
...
006 (1753629.000.000) 11/14 06:09:44 Image size of job updated: 292784
...
006 (1753629.000.000) 11/14 06:19:44 Image size of job updated: 306528
...
006 (1753629.000.000) 11/14 06:24:44 Image size of job updated: 324960
...
006 (1753629.000.000) 11/14 06:29:44 Image size of job updated: 334176
...
006 (1753629.000.000) 11/14 06:34:45 Image size of job updated: 336224
...
006 (1753629.000.000) 11/14 06:39:46 Image size of job updated: 337248
...
006 (1753629.000.000) 11/14 06:44:47 Image size of job updated: 340320
...
006 (1753629.000.000) 11/14 06:49:48 Image size of job updated: 341344
...
006 (1753629.000.000) 11/14 06:54:49 Image size of job updated: 342368
...
006 (1753629.000.000) 11/14 06:59:50 Image size of job updated: 343392
...
006 (1753629.000.000) 11/14 07:19:54 Image size of job updated: 344416
...
006 (1753629.000.000) 11/14 08:04:57 Image size of job updated: 345440
...
005 (1753629.000.000) 11/14 08:18:46 Job terminated.
	(1) Normal termination (return value 0)
		Usr 0 02:44:53, Sys 0 00:00:49  -  Run Remote Usage
		Usr 0 00:00:00, Sys 0 00:00:00  -  Run Local Usage
		Usr 0 02:44:53, Sys 0 00:00:49  -  Total Remote Usage
		Usr 0 00:00:00, Sys 0 00:00:00  -  Total Local Usage
	0  -  Run Bytes Sent By Job
	0  -  Run Bytes Received By Job
	0  -  Total Bytes Sent By Job
	0  -  Total Bytes Received By Job
...
