000 (1755040.000.000) 11/14 02:19:38 Job submitted from host: <130.199.206.69:49450>
...
001 (1755040.000.000) 11/15 11:45:20 Job executing on host: <130.199.180.169:46641>
...
006 (1755040.000.000) 11/15 11:45:28 Image size of job updated: 8820
...
006 (1755040.000.000) 11/15 11:50:28 Image size of job updated: 174288
...
006 (1755040.000.000) 11/15 11:55:28 Image size of job updated: 186796
...
006 (1755040.000.000) 11/15 12:00:28 Image size of job updated: 192800
...
006 (1755040.000.000) 11/15 12:05:29 Image size of job updated: 283316
...
006 (1755040.000.000) 11/15 12:10:30 Image size of job updated: 308544
...
006 (1755040.000.000) 11/15 12:15:31 Image size of job updated: 326464
...
006 (1755040.000.000) 11/15 12:20:32 Image size of job updated: 327488
...
006 (1755040.000.000) 11/15 12:25:33 Image size of job updated: 328512
...
006 (1755040.000.000) 11/15 12:35:35 Image size of job updated: 330560
...
006 (1755040.000.000) 11/15 12:40:36 Image size of job updated: 335348
...
006 (1755040.000.000) 11/15 12:45:37 Image size of job updated: 337396
...
006 (1755040.000.000) 11/15 12:55:39 Image size of job updated: 338420
...
006 (1755040.000.000) 11/15 13:05:41 Image size of job updated: 339444
...
006 (1755040.000.000) 11/15 13:40:48 Image size of job updated: 340468
...
006 (1755040.000.000) 11/15 14:05:53 Image size of job updated: 341492
...
006 (1755040.000.000) 11/15 14:35:59 Image size of job updated: 342516
...
006 (1755040.000.000) 11/15 14:41:00 Image size of job updated: 343540
...
006 (1755040.000.000) 11/15 15:16:07 Image size of job updated: 344564
...
005 (1755040.000.000) 11/15 15:26:37 Job terminated.
	(1) Normal termination (return value 0)
		Usr 0 03:04:41, Sys 0 00:01:52  -  Run Remote Usage
		Usr 0 00:00:00, Sys 0 00:00:00  -  Run Local Usage
		Usr 0 03:04:41, Sys 0 00:01:52  -  Total Remote Usage
		Usr 0 00:00:00, Sys 0 00:00:00  -  Total Local Usage
	0  -  Run Bytes Sent By Job
	0  -  Run Bytes Received By Job
	0  -  Total Bytes Sent By Job
	0  -  Total Bytes Received By Job
...
