000 (1753511.000.000) 11/14 02:15:48 Job submitted from host: <130.199.206.69:49450>
...
001 (1753511.000.000) 11/14 06:06:14 Job executing on host: <130.199.206.191:54564>
...
006 (1753511.000.000) 11/14 06:06:23 Image size of job updated: 142936
...
006 (1753511.000.000) 11/14 06:11:24 Image size of job updated: 284540
...
006 (1753511.000.000) 11/14 06:16:25 Image size of job updated: 286096
...
006 (1753511.000.000) 11/14 06:21:26 Image size of job updated: 286428
...
006 (1753511.000.000) 11/14 06:26:27 Image size of job updated: 286664
...
006 (1753511.000.000) 11/14 06:31:28 Image size of job updated: 290508
...
006 (1753511.000.000) 11/14 06:36:29 Image size of job updated: 291336
...
006 (1753511.000.000) 11/14 06:41:30 Image size of job updated: 292528
...
006 (1753511.000.000) 11/14 06:46:31 Image size of job updated: 293536
...
006 (1753511.000.000) 11/14 06:51:32 Image size of job updated: 294796
...
006 (1753511.000.000) 11/14 06:56:33 Image size of job updated: 295196
...
006 (1753511.000.000) 11/14 07:26:39 Image size of job updated: 295588
...
006 (1753511.000.000) 11/14 07:31:40 Image size of job updated: 296140
...
006 (1753511.000.000) 11/14 07:36:41 Image size of job updated: 296512
...
006 (1753511.000.000) 11/14 08:01:44 Image size of job updated: 296664
...
005 (1753511.000.000) 11/14 08:06:20 Job terminated.
	(1) Normal termination (return value 0)
		Usr 0 01:49:28, Sys 0 00:00:30  -  Run Remote Usage
		Usr 0 00:00:00, Sys 0 00:00:00  -  Run Local Usage
		Usr 0 01:49:28, Sys 0 00:00:30  -  Total Remote Usage
		Usr 0 00:00:00, Sys 0 00:00:00  -  Total Local Usage
	0  -  Run Bytes Sent By Job
	0  -  Run Bytes Received By Job
	0  -  Total Bytes Sent By Job
	0  -  Total Bytes Received By Job
...
