000 (1753848.000.000) 11/14 02:16:47 Job submitted from host: <130.199.206.69:49450>
...
001 (1753848.000.000) 11/14 06:07:10 Job executing on host: <130.199.206.195:44629>
...
006 (1753848.000.000) 11/14 06:07:19 Image size of job updated: 157836
...
006 (1753848.000.000) 11/14 06:12:20 Image size of job updated: 283948
...
006 (1753848.000.000) 11/14 06:17:21 Image size of job updated: 285360
...
006 (1753848.000.000) 11/14 06:22:21 Image size of job updated: 291516
...
006 (1753848.000.000) 11/14 06:27:21 Image size of job updated: 292224
...
006 (1753848.000.000) 11/14 06:32:21 Image size of job updated: 295084
...
006 (1753848.000.000) 11/14 06:37:21 Image size of job updated: 295508
...
006 (1753848.000.000) 11/14 06:42:21 Image size of job updated: 295916
...
006 (1753848.000.000) 11/14 06:47:21 Image size of job updated: 296096
...
006 (1753848.000.000) 11/14 06:52:21 Image size of job updated: 296264
...
006 (1753848.000.000) 11/14 06:57:21 Image size of job updated: 296700
...
006 (1753848.000.000) 11/14 07:02:21 Image size of job updated: 296728
...
006 (1753848.000.000) 11/14 07:07:21 Image size of job updated: 297352
...
006 (1753848.000.000) 11/14 07:12:21 Image size of job updated: 298188
...
006 (1753848.000.000) 11/14 07:22:21 Image size of job updated: 298784
...
006 (1753848.000.000) 11/14 07:32:21 Image size of job updated: 299344
...
005 (1753848.000.000) 11/14 07:33:14 Job terminated.
	(1) Normal termination (return value 0)
		Usr 0 01:17:05, Sys 0 00:00:23  -  Run Remote Usage
		Usr 0 00:00:00, Sys 0 00:00:00  -  Run Local Usage
		Usr 0 01:17:05, Sys 0 00:00:23  -  Total Remote Usage
		Usr 0 00:00:00, Sys 0 00:00:00  -  Total Local Usage
	0  -  Run Bytes Sent By Job
	0  -  Run Bytes Received By Job
	0  -  Total Bytes Sent By Job
	0  -  Total Bytes Received By Job
...
