000 (1754777.000.000) 11/14 02:19:12 Job submitted from host: <130.199.206.69:49450>
...
001 (1754777.000.000) 11/14 08:48:25 Job executing on host: <130.199.180.142:35025>
...
006 (1754777.000.000) 11/14 08:48:34 Image size of job updated: 173812
...
006 (1754777.000.000) 11/14 08:53:35 Image size of job updated: 282292
...
006 (1754777.000.000) 11/14 08:58:36 Image size of job updated: 282572
...
006 (1754777.000.000) 11/14 09:03:37 Image size of job updated: 286752
...
006 (1754777.000.000) 11/14 09:08:38 Image size of job updated: 288384
...
006 (1754777.000.000) 11/14 09:13:39 Image size of job updated: 291124
...
006 (1754777.000.000) 11/14 09:18:39 Image size of job updated: 291812
...
006 (1754777.000.000) 11/14 09:23:39 Image size of job updated: 292060
...
006 (1754777.000.000) 11/14 09:28:39 Image size of job updated: 292064
...
006 (1754777.000.000) 11/14 09:33:39 Image size of job updated: 292364
...
006 (1754777.000.000) 11/14 09:38:39 Image size of job updated: 294080
...
006 (1754777.000.000) 11/14 09:43:39 Image size of job updated: 294888
...
006 (1754777.000.000) 11/14 09:48:39 Image size of job updated: 294920
...
006 (1754777.000.000) 11/14 09:53:39 Image size of job updated: 295536
...
006 (1754777.000.000) 11/14 10:38:39 Image size of job updated: 295876
...
006 (1754777.000.000) 11/14 10:43:39 Image size of job updated: 297012
...
005 (1754777.000.000) 11/14 11:03:15 Job terminated.
	(1) Normal termination (return value 0)
		Usr 0 02:04:35, Sys 0 00:01:09  -  Run Remote Usage
		Usr 0 00:00:00, Sys 0 00:00:00  -  Run Local Usage
		Usr 0 02:04:35, Sys 0 00:01:09  -  Total Remote Usage
		Usr 0 00:00:00, Sys 0 00:00:00  -  Total Local Usage
	0  -  Run Bytes Sent By Job
	0  -  Run Bytes Received By Job
	0  -  Total Bytes Sent By Job
	0  -  Total Bytes Received By Job
...
