000 (1753589.000.000) 11/14 02:16:08 Job submitted from host: <130.199.206.69:49450>
...
001 (1753589.000.000) 11/14 06:00:56 Job executing on host: <130.199.183.30:49801>
...
006 (1753589.000.000) 11/14 06:06:06 Image size of job updated: 283176
...
006 (1753589.000.000) 11/14 06:11:07 Image size of job updated: 285004
...
006 (1753589.000.000) 11/14 06:16:08 Image size of job updated: 286008
...
006 (1753589.000.000) 11/14 06:26:10 Image size of job updated: 286576
...
006 (1753589.000.000) 11/14 06:31:11 Image size of job updated: 286872
...
006 (1753589.000.000) 11/14 06:41:13 Image size of job updated: 287492
...
006 (1753589.000.000) 11/14 06:51:15 Image size of job updated: 288812
...
006 (1753589.000.000) 11/14 06:56:16 Image size of job updated: 289308
...
006 (1753589.000.000) 11/14 07:01:17 Image size of job updated: 289668
...
006 (1753589.000.000) 11/14 07:11:19 Image size of job updated: 290160
...
006 (1753589.000.000) 11/14 07:16:20 Image size of job updated: 290300
...
006 (1753589.000.000) 11/14 07:21:21 Image size of job updated: 291180
...
006 (1753589.000.000) 11/14 07:41:25 Image size of job updated: 292396
...
006 (1753589.000.000) 11/14 07:51:27 Image size of job updated: 293072
...
006 (1753589.000.000) 11/14 07:56:28 Image size of job updated: 293788
...
006 (1753589.000.000) 11/14 08:01:29 Image size of job updated: 293816
...
006 (1753589.000.000) 11/14 08:26:34 Image size of job updated: 294524
...
005 (1753589.000.000) 11/14 08:30:06 Job terminated.
	(1) Normal termination (return value 0)
		Usr 0 02:18:29, Sys 0 00:01:06  -  Run Remote Usage
		Usr 0 00:00:00, Sys 0 00:00:00  -  Run Local Usage
		Usr 0 02:18:29, Sys 0 00:01:06  -  Total Remote Usage
		Usr 0 00:00:00, Sys 0 00:00:00  -  Total Local Usage
	0  -  Run Bytes Sent By Job
	0  -  Run Bytes Received By Job
	0  -  Total Bytes Sent By Job
	0  -  Total Bytes Received By Job
...
