000 (1754150.000.000) 11/14 02:17:37 Job submitted from host: <130.199.206.69:49450>
...
001 (1754150.000.000) 11/14 07:24:30 Job executing on host: <130.199.180.176:34913>
...
006 (1754150.000.000) 11/14 07:24:39 Image size of job updated: 173792
...
006 (1754150.000.000) 11/14 07:29:40 Image size of job updated: 283240
...
006 (1754150.000.000) 11/14 07:34:41 Image size of job updated: 286096
...
006 (1754150.000.000) 11/14 07:39:42 Image size of job updated: 287128
...
006 (1754150.000.000) 11/14 07:59:46 Image size of job updated: 288068
...
006 (1754150.000.000) 11/14 08:04:47 Image size of job updated: 289780
...
006 (1754150.000.000) 11/14 08:09:48 Image size of job updated: 291588
...
006 (1754150.000.000) 11/14 08:14:49 Image size of job updated: 292192
...
006 (1754150.000.000) 11/14 08:19:50 Image size of job updated: 292300
...
006 (1754150.000.000) 11/14 08:24:51 Image size of job updated: 293244
...
006 (1754150.000.000) 11/14 08:29:52 Image size of job updated: 293688
...
006 (1754150.000.000) 11/14 08:34:53 Image size of job updated: 294924
...
006 (1754150.000.000) 11/14 08:54:57 Image size of job updated: 295036
...
006 (1754150.000.000) 11/14 09:04:59 Image size of job updated: 295272
...
006 (1754150.000.000) 11/14 09:10:00 Image size of job updated: 296076
...
006 (1754150.000.000) 11/14 09:30:00 Image size of job updated: 296540
...
005 (1754150.000.000) 11/14 09:47:43 Job terminated.
	(1) Normal termination (return value 0)
		Usr 0 02:13:13, Sys 0 00:00:55  -  Run Remote Usage
		Usr 0 00:00:00, Sys 0 00:00:00  -  Run Local Usage
		Usr 0 02:13:13, Sys 0 00:00:55  -  Total Remote Usage
		Usr 0 00:00:00, Sys 0 00:00:00  -  Total Local Usage
	0  -  Run Bytes Sent By Job
	0  -  Run Bytes Received By Job
	0  -  Total Bytes Sent By Job
	0  -  Total Bytes Received By Job
...
