000 (1753943.000.000) 11/14 02:17:04 Job submitted from host: <130.199.206.69:49450>
...
001 (1753943.000.000) 11/14 04:20:09 Job executing on host: <130.199.206.228:50377>
...
006 (1753943.000.000) 11/14 04:20:17 Image size of job updated: 251360
...
006 (1753943.000.000) 11/14 04:25:17 Image size of job updated: 284684
...
006 (1753943.000.000) 11/14 04:30:17 Image size of job updated: 285460
...
006 (1753943.000.000) 11/14 04:35:17 Image size of job updated: 288016
...
006 (1753943.000.000) 11/14 04:40:17 Image size of job updated: 290988
...
006 (1753943.000.000) 11/14 04:45:17 Image size of job updated: 294812
...
006 (1753943.000.000) 11/14 04:50:17 Image size of job updated: 295304
...
006 (1753943.000.000) 11/14 04:55:17 Image size of job updated: 296328
...
006 (1753943.000.000) 11/14 05:00:17 Image size of job updated: 296564
...
006 (1753943.000.000) 11/14 05:05:17 Image size of job updated: 307792
...
006 (1753943.000.000) 11/14 05:10:17 Image size of job updated: 336464
...
006 (1753943.000.000) 11/14 05:15:17 Image size of job updated: 342608
...
006 (1753943.000.000) 11/14 05:20:18 Image size of job updated: 343632
...
006 (1753943.000.000) 11/14 05:25:19 Image size of job updated: 344656
...
006 (1753943.000.000) 11/14 05:30:20 Image size of job updated: 345088
...
006 (1753943.000.000) 11/14 05:45:23 Image size of job updated: 346112
...
006 (1753943.000.000) 11/14 06:05:27 Image size of job updated: 347136
...
005 (1753943.000.000) 11/14 06:05:35 Job terminated.
	(1) Normal termination (return value 0)
		Usr 0 01:28:12, Sys 0 00:00:17  -  Run Remote Usage
		Usr 0 00:00:00, Sys 0 00:00:00  -  Run Local Usage
		Usr 0 01:28:12, Sys 0 00:00:17  -  Total Remote Usage
		Usr 0 00:00:00, Sys 0 00:00:00  -  Total Local Usage
	0  -  Run Bytes Sent By Job
	0  -  Run Bytes Received By Job
	0  -  Total Bytes Sent By Job
	0  -  Total Bytes Received By Job
...
