000 (1754826.000.000) 11/14 02:19:12 Job submitted from host: <130.199.206.69:49450>
...
001 (1754826.000.000) 11/14 13:07:28 Job executing on host: <130.199.183.27:54138>
...
006 (1754826.000.000) 11/14 13:07:36 Image size of job updated: 158672
...
006 (1754826.000.000) 11/14 13:12:36 Image size of job updated: 284820
...
006 (1754826.000.000) 11/14 13:17:36 Image size of job updated: 285660
...
006 (1754826.000.000) 11/14 13:22:36 Image size of job updated: 285744
...
006 (1754826.000.000) 11/14 13:27:36 Image size of job updated: 286884
...
006 (1754826.000.000) 11/14 13:32:36 Image size of job updated: 287248
...
006 (1754826.000.000) 11/14 13:37:37 Image size of job updated: 287632
...
006 (1754826.000.000) 11/14 13:52:40 Image size of job updated: 289756
...
006 (1754826.000.000) 11/14 13:57:41 Image size of job updated: 291372
...
006 (1754826.000.000) 11/14 14:12:44 Image size of job updated: 291628
...
006 (1754826.000.000) 11/14 14:17:45 Image size of job updated: 293508
...
006 (1754826.000.000) 11/14 14:22:46 Image size of job updated: 294816
...
006 (1754826.000.000) 11/14 14:27:47 Image size of job updated: 295576
...
006 (1754826.000.000) 11/14 14:32:48 Image size of job updated: 296008
...
006 (1754826.000.000) 11/14 14:37:49 Image size of job updated: 296564
...
006 (1754826.000.000) 11/14 14:47:51 Image size of job updated: 296792
...
006 (1754826.000.000) 11/14 14:57:53 Image size of job updated: 296936
...
006 (1754826.000.000) 11/14 15:02:54 Image size of job updated: 297496
...
006 (1754826.000.000) 11/14 15:07:55 Image size of job updated: 297964
...
006 (1754826.000.000) 11/14 15:43:02 Image size of job updated: 298136
...
006 (1754826.000.000) 11/14 15:53:04 Image size of job updated: 298168
...
006 (1754826.000.000) 11/14 15:58:05 Image size of job updated: 298944
...
005 (1754826.000.000) 11/14 16:03:14 Job terminated.
	(1) Normal termination (return value 0)
		Usr 0 02:35:40, Sys 0 00:00:49  -  Run Remote Usage
		Usr 0 00:00:00, Sys 0 00:00:00  -  Run Local Usage
		Usr 0 02:35:40, Sys 0 00:00:49  -  Total Remote Usage
		Usr 0 00:00:00, Sys 0 00:00:00  -  Total Local Usage
	0  -  Run Bytes Sent By Job
	0  -  Run Bytes Received By Job
	0  -  Total Bytes Sent By Job
	0  -  Total Bytes Received By Job
...
