000 (1754687.000.000) 11/14 02:18:59 Job submitted from host: <130.199.206.69:49450>
...
001 (1754687.000.000) 11/14 05:55:49 Job executing on host: <130.199.180.174:58974>
...
006 (1754687.000.000) 11/14 06:00:59 Image size of job updated: 283284
...
006 (1754687.000.000) 11/14 06:06:00 Image size of job updated: 285496
...
006 (1754687.000.000) 11/14 06:11:01 Image size of job updated: 285980
...
006 (1754687.000.000) 11/14 06:16:02 Image size of job updated: 287072
...
006 (1754687.000.000) 11/14 06:21:03 Image size of job updated: 287388
...
006 (1754687.000.000) 11/14 06:31:05 Image size of job updated: 289408
...
006 (1754687.000.000) 11/14 06:41:07 Image size of job updated: 291504
...
006 (1754687.000.000) 11/14 06:46:08 Image size of job updated: 292192
...
006 (1754687.000.000) 11/14 06:51:09 Image size of job updated: 292408
...
006 (1754687.000.000) 11/14 07:11:13 Image size of job updated: 292692
...
006 (1754687.000.000) 11/14 07:16:14 Image size of job updated: 292872
...
006 (1754687.000.000) 11/14 07:21:15 Image size of job updated: 294364
...
005 (1754687.000.000) 11/14 07:49:54 Job terminated.
	(1) Normal termination (return value 0)
		Usr 0 01:44:56, Sys 0 00:00:45  -  Run Remote Usage
		Usr 0 00:00:00, Sys 0 00:00:00  -  Run Local Usage
		Usr 0 01:44:56, Sys 0 00:00:45  -  Total Remote Usage
		Usr 0 00:00:00, Sys 0 00:00:00  -  Total Local Usage
	0  -  Run Bytes Sent By Job
	0  -  Run Bytes Received By Job
	0  -  Total Bytes Sent By Job
	0  -  Total Bytes Received By Job
...
