000 (1754495.000.000) 11/14 02:18:34 Job submitted from host: <130.199.206.69:49450>
...
001 (1754495.000.000) 11/14 05:30:03 Job executing on host: <130.199.180.147:60364>
...
006 (1754495.000.000) 11/14 05:30:11 Image size of job updated: 174040
...
006 (1754495.000.000) 11/14 05:35:11 Image size of job updated: 285400
...
006 (1754495.000.000) 11/14 05:40:11 Image size of job updated: 285904
...
006 (1754495.000.000) 11/14 05:45:11 Image size of job updated: 286496
...
006 (1754495.000.000) 11/14 05:55:11 Image size of job updated: 286800
...
006 (1754495.000.000) 11/14 06:05:11 Image size of job updated: 286980
...
006 (1754495.000.000) 11/14 06:10:11 Image size of job updated: 287772
...
006 (1754495.000.000) 11/14 06:15:11 Image size of job updated: 287872
...
006 (1754495.000.000) 11/14 06:20:11 Image size of job updated: 290376
...
006 (1754495.000.000) 11/14 06:25:11 Image size of job updated: 291580
...
006 (1754495.000.000) 11/14 06:30:11 Image size of job updated: 291904
...
006 (1754495.000.000) 11/14 06:35:11 Image size of job updated: 292120
...
006 (1754495.000.000) 11/14 06:40:11 Image size of job updated: 292288
...
006 (1754495.000.000) 11/14 06:50:11 Image size of job updated: 292824
...
006 (1754495.000.000) 11/14 06:55:11 Image size of job updated: 293776
...
006 (1754495.000.000) 11/14 07:20:15 Image size of job updated: 293788
...
006 (1754495.000.000) 11/14 07:50:21 Image size of job updated: 295612
...
006 (1754495.000.000) 11/14 07:55:22 Image size of job updated: 309820
...
005 (1754495.000.000) 11/14 07:56:35 Job terminated.
	(1) Normal termination (return value 0)
		Usr 0 02:16:04, Sys 0 00:00:59  -  Run Remote Usage
		Usr 0 00:00:00, Sys 0 00:00:00  -  Run Local Usage
		Usr 0 02:16:04, Sys 0 00:00:59  -  Total Remote Usage
		Usr 0 00:00:00, Sys 0 00:00:00  -  Total Local Usage
	0  -  Run Bytes Sent By Job
	0  -  Run Bytes Received By Job
	0  -  Total Bytes Sent By Job
	0  -  Total Bytes Received By Job
...
