000 (1755190.000.000) 11/14 02:19:54 Job submitted from host: <130.199.206.69:49450>
...
001 (1755190.000.000) 11/15 18:53:18 Job executing on host: <130.199.180.155:36902>
...
006 (1755190.000.000) 11/15 18:53:26 Image size of job updated: 173656
...
006 (1755190.000.000) 11/15 18:58:26 Image size of job updated: 277956
...
006 (1755190.000.000) 11/15 19:03:26 Image size of job updated: 291468
...
006 (1755190.000.000) 11/15 19:08:26 Image size of job updated: 291692
...
005 (1755190.000.000) 11/15 19:22:51 Job terminated.
	(1) Normal termination (return value 0)
		Usr 0 00:25:51, Sys 0 00:00:21  -  Run Remote Usage
		Usr 0 00:00:00, Sys 0 00:00:00  -  Run Local Usage
		Usr 0 00:25:51, Sys 0 00:00:21  -  Total Remote Usage
		Usr 0 00:00:00, Sys 0 00:00:00  -  Total Local Usage
	0  -  Run Bytes Sent By Job
	0  -  Run Bytes Received By Job
	0  -  Total Bytes Sent By Job
	0  -  Total Bytes Received By Job
...
