000 (1754775.000.000) 11/14 02:19:12 Job submitted from host: <130.199.206.69:49450>
...
001 (1754775.000.000) 11/14 08:47:50 Job executing on host: <130.199.183.26:55119>
...
006 (1754775.000.000) 11/14 08:47:58 Image size of job updated: 174172
...
006 (1754775.000.000) 11/14 08:52:58 Image size of job updated: 284228
...
006 (1754775.000.000) 11/14 08:57:58 Image size of job updated: 286016
...
006 (1754775.000.000) 11/14 09:02:58 Image size of job updated: 289852
...
006 (1754775.000.000) 11/14 09:07:58 Image size of job updated: 291500
...
006 (1754775.000.000) 11/14 09:12:58 Image size of job updated: 292436
...
006 (1754775.000.000) 11/14 09:17:58 Image size of job updated: 293296
...
006 (1754775.000.000) 11/14 09:22:58 Image size of job updated: 294172
...
006 (1754775.000.000) 11/14 09:27:58 Image size of job updated: 295416
...
006 (1754775.000.000) 11/14 09:32:58 Image size of job updated: 296736
...
006 (1754775.000.000) 11/14 09:37:58 Image size of job updated: 298228
...
006 (1754775.000.000) 11/14 09:42:58 Image size of job updated: 299196
...
006 (1754775.000.000) 11/14 10:07:58 Image size of job updated: 299812
...
006 (1754775.000.000) 11/14 10:27:58 Image size of job updated: 299972
...
006 (1754775.000.000) 11/14 10:32:58 Image size of job updated: 320396
...
006 (1754775.000.000) 11/14 10:37:59 Image size of job updated: 328588
...
006 (1754775.000.000) 11/14 10:43:00 Image size of job updated: 337020
...
006 (1754775.000.000) 11/14 10:48:01 Image size of job updated: 341116
...
006 (1754775.000.000) 11/14 10:53:02 Image size of job updated: 342140
...
006 (1754775.000.000) 11/14 10:58:03 Image size of job updated: 343164
...
006 (1754775.000.000) 11/14 11:08:05 Image size of job updated: 344188
...
005 (1754775.000.000) 11/14 11:09:19 Job terminated.
	(1) Normal termination (return value 0)
		Usr 0 02:00:52, Sys 0 00:01:13  -  Run Remote Usage
		Usr 0 00:00:00, Sys 0 00:00:00  -  Run Local Usage
		Usr 0 02:00:52, Sys 0 00:01:13  -  Total Remote Usage
		Usr 0 00:00:00, Sys 0 00:00:00  -  Total Local Usage
	0  -  Run Bytes Sent By Job
	0  -  Run Bytes Received By Job
	0  -  Total Bytes Sent By Job
	0  -  Total Bytes Received By Job
...
