000 (1753745.000.000) 11/14 02:16:28 Job submitted from host: <130.199.206.69:49450>
...
001 (1753745.000.000) 11/14 04:00:51 Job executing on host: <130.199.206.158:57664>
...
006 (1753745.000.000) 11/14 04:06:01 Image size of job updated: 311188
...
006 (1753745.000.000) 11/14 04:11:02 Image size of job updated: 320404
...
006 (1753745.000.000) 11/14 04:16:03 Image size of job updated: 324500
...
006 (1753745.000.000) 11/14 04:21:04 Image size of job updated: 325524
...
006 (1753745.000.000) 11/14 04:26:05 Image size of job updated: 326548
...
006 (1753745.000.000) 11/14 04:41:05 Image size of job updated: 327572
...
006 (1753745.000.000) 11/14 04:46:05 Image size of job updated: 330648
...
006 (1753745.000.000) 11/14 04:56:05 Image size of job updated: 332076
...
006 (1753745.000.000) 11/14 05:01:05 Image size of job updated: 337728
...
006 (1753745.000.000) 11/14 05:06:05 Image size of job updated: 338284
...
006 (1753745.000.000) 11/14 05:11:05 Image size of job updated: 338940
...
006 (1753745.000.000) 11/14 05:26:05 Image size of job updated: 339428
...
006 (1753745.000.000) 11/14 05:31:05 Image size of job updated: 340452
...
006 (1753745.000.000) 11/14 05:36:05 Image size of job updated: 341476
...
005 (1753745.000.000) 11/14 05:44:36 Job terminated.
	(1) Normal termination (return value 0)
		Usr 0 01:34:27, Sys 0 00:00:23  -  Run Remote Usage
		Usr 0 00:00:00, Sys 0 00:00:00  -  Run Local Usage
		Usr 0 01:34:27, Sys 0 00:00:23  -  Total Remote Usage
		Usr 0 00:00:00, Sys 0 00:00:00  -  Total Local Usage
	0  -  Run Bytes Sent By Job
	0  -  Run Bytes Received By Job
	0  -  Total Bytes Sent By Job
	0  -  Total Bytes Received By Job
...
