000 (1755181.000.000) 11/14 02:19:54 Job submitted from host: <130.199.206.69:49450>
...
001 (1755181.000.000) 11/15 12:05:18 Job executing on host: <130.199.180.148:39203>
...
006 (1755181.000.000) 11/15 12:10:28 Image size of job updated: 278824
...
006 (1755181.000.000) 11/15 12:15:29 Image size of job updated: 284956
...
006 (1755181.000.000) 11/15 12:20:30 Image size of job updated: 287392
...
006 (1755181.000.000) 11/15 12:25:31 Image size of job updated: 288444
...
006 (1755181.000.000) 11/15 12:35:32 Image size of job updated: 289736
...
006 (1755181.000.000) 11/15 12:40:32 Image size of job updated: 289996
...
006 (1755181.000.000) 11/15 12:45:32 Image size of job updated: 290264
...
006 (1755181.000.000) 11/15 12:55:32 Image size of job updated: 292936
...
006 (1755181.000.000) 11/15 13:00:32 Image size of job updated: 296168
...
006 (1755181.000.000) 11/15 13:10:32 Image size of job updated: 319184
...
006 (1755181.000.000) 11/15 13:15:32 Image size of job updated: 330448
...
006 (1755181.000.000) 11/15 13:20:32 Image size of job updated: 331472
...
006 (1755181.000.000) 11/15 13:25:32 Image size of job updated: 339028
...
005 (1755181.000.000) 11/15 13:37:10 Job terminated.
	(1) Normal termination (return value 0)
		Usr 0 01:23:00, Sys 0 00:00:48  -  Run Remote Usage
		Usr 0 00:00:00, Sys 0 00:00:00  -  Run Local Usage
		Usr 0 01:23:00, Sys 0 00:00:48  -  Total Remote Usage
		Usr 0 00:00:00, Sys 0 00:00:00  -  Total Local Usage
	0  -  Run Bytes Sent By Job
	0  -  Run Bytes Received By Job
	0  -  Total Bytes Sent By Job
	0  -  Total Bytes Received By Job
...
