000 (1754593.000.000) 11/14 02:18:46 Job submitted from host: <130.199.206.69:49450>
...
001 (1754593.000.000) 11/14 08:40:06 Job executing on host: <130.199.206.189:52597>
...
006 (1754593.000.000) 11/14 08:45:16 Image size of job updated: 286428
...
006 (1754593.000.000) 11/14 08:55:16 Image size of job updated: 286732
...
006 (1754593.000.000) 11/14 09:00:16 Image size of job updated: 286856
...
006 (1754593.000.000) 11/14 09:05:16 Image size of job updated: 290596
...
006 (1754593.000.000) 11/14 09:10:16 Image size of job updated: 291208
...
006 (1754593.000.000) 11/14 09:15:16 Image size of job updated: 318024
...
006 (1754593.000.000) 11/14 09:20:16 Image size of job updated: 331336
...
006 (1754593.000.000) 11/14 09:25:16 Image size of job updated: 334408
...
006 (1754593.000.000) 11/14 09:30:16 Image size of job updated: 336456
...
006 (1754593.000.000) 11/14 09:35:16 Image size of job updated: 337480
...
006 (1754593.000.000) 11/14 09:40:16 Image size of job updated: 338508
...
006 (1754593.000.000) 11/14 09:45:16 Image size of job updated: 340556
...
006 (1754593.000.000) 11/14 09:50:16 Image size of job updated: 341580
...
006 (1754593.000.000) 11/14 09:55:16 Image size of job updated: 342604
...
006 (1754593.000.000) 11/14 10:10:16 Image size of job updated: 343628
...
006 (1754593.000.000) 11/14 10:20:16 Image size of job updated: 344652
...
006 (1754593.000.000) 11/14 10:30:16 Image size of job updated: 345676
...
006 (1754593.000.000) 11/14 10:35:16 Image size of job updated: 346700
...
006 (1754593.000.000) 11/14 11:05:16 Image size of job updated: 347724
...
005 (1754593.000.000) 11/14 11:08:26 Job terminated.
	(1) Normal termination (return value 0)
		Usr 0 02:07:13, Sys 0 00:00:37  -  Run Remote Usage
		Usr 0 00:00:00, Sys 0 00:00:00  -  Run Local Usage
		Usr 0 02:07:13, Sys 0 00:00:37  -  Total Remote Usage
		Usr 0 00:00:00, Sys 0 00:00:00  -  Total Local Usage
	0  -  Run Bytes Sent By Job
	0  -  Run Bytes Received By Job
	0  -  Total Bytes Sent By Job
	0  -  Total Bytes Received By Job
...
