000 (1754208.000.000) 11/14 02:17:52 Job submitted from host: <130.199.206.69:49450>
...
001 (1754208.000.000) 11/14 08:34:38 Job executing on host: <130.199.180.164:59873>
...
006 (1754208.000.000) 11/14 08:34:46 Image size of job updated: 175580
...
006 (1754208.000.000) 11/14 08:39:46 Image size of job updated: 276964
...
006 (1754208.000.000) 11/14 08:44:46 Image size of job updated: 286140
...
006 (1754208.000.000) 11/14 08:49:46 Image size of job updated: 290512
...
006 (1754208.000.000) 11/14 08:54:46 Image size of job updated: 291076
...
006 (1754208.000.000) 11/14 08:59:46 Image size of job updated: 293260
...
006 (1754208.000.000) 11/14 09:04:46 Image size of job updated: 293652
...
005 (1754208.000.000) 11/14 09:06:31 Job terminated.
	(1) Normal termination (return value 0)
		Usr 0 00:28:56, Sys 0 00:00:16  -  Run Remote Usage
		Usr 0 00:00:00, Sys 0 00:00:00  -  Run Local Usage
		Usr 0 00:28:56, Sys 0 00:00:16  -  Total Remote Usage
		Usr 0 00:00:00, Sys 0 00:00:00  -  Total Local Usage
	0  -  Run Bytes Sent By Job
	0  -  Run Bytes Received By Job
	0  -  Total Bytes Sent By Job
	0  -  Total Bytes Received By Job
...
