000 (1754963.000.000) 11/14 02:19:27 Job submitted from host: <130.199.206.69:49450>
...
001 (1754963.000.000) 11/15 15:40:45 Job executing on host: <130.199.183.6:57580>
...
006 (1754963.000.000) 11/15 15:45:54 Image size of job updated: 286580
...
006 (1754963.000.000) 11/15 15:50:54 Image size of job updated: 289824
...
006 (1754963.000.000) 11/15 15:55:54 Image size of job updated: 290068
...
006 (1754963.000.000) 11/15 16:00:54 Image size of job updated: 319004
...
006 (1754963.000.000) 11/15 16:05:54 Image size of job updated: 330268
...
006 (1754963.000.000) 11/15 16:10:54 Image size of job updated: 337440
...
006 (1754963.000.000) 11/15 16:15:54 Image size of job updated: 339488
...
006 (1754963.000.000) 11/15 16:20:54 Image size of job updated: 342560
...
006 (1754963.000.000) 11/15 16:30:54 Image size of job updated: 343584
...
005 (1754963.000.000) 11/15 16:44:30 Job terminated.
	(1) Normal termination (return value 0)
		Usr 0 00:51:53, Sys 0 00:00:17  -  Run Remote Usage
		Usr 0 00:00:00, Sys 0 00:00:00  -  Run Local Usage
		Usr 0 00:51:53, Sys 0 00:00:17  -  Total Remote Usage
		Usr 0 00:00:00, Sys 0 00:00:00  -  Total Local Usage
	0  -  Run Bytes Sent By Job
	0  -  Run Bytes Received By Job
	0  -  Total Bytes Sent By Job
	0  -  Total Bytes Received By Job
...
