000 (1754815.000.000) 11/14 02:19:12 Job submitted from host: <130.199.206.69:49450>
...
001 (1754815.000.000) 11/14 09:07:52 Job executing on host: <130.199.180.168:57296>
...
006 (1754815.000.000) 11/14 09:08:01 Image size of job updated: 144300
...
006 (1754815.000.000) 11/14 09:13:02 Image size of job updated: 283064
...
006 (1754815.000.000) 11/14 09:18:03 Image size of job updated: 284984
...
006 (1754815.000.000) 11/14 09:28:05 Image size of job updated: 285940
...
006 (1754815.000.000) 11/14 09:33:06 Image size of job updated: 287624
...
006 (1754815.000.000) 11/14 09:43:08 Image size of job updated: 287656
...
006 (1754815.000.000) 11/14 09:53:10 Image size of job updated: 291112
...
006 (1754815.000.000) 11/14 09:58:11 Image size of job updated: 291812
...
006 (1754815.000.000) 11/14 10:13:14 Image size of job updated: 316752
...
006 (1754815.000.000) 11/14 10:18:15 Image size of job updated: 322896
...
006 (1754815.000.000) 11/14 10:23:17 Image size of job updated: 331088
...
006 (1754815.000.000) 11/14 10:28:17 Image size of job updated: 333668
...
006 (1754815.000.000) 11/14 10:33:17 Image size of job updated: 334692
...
006 (1754815.000.000) 11/14 10:38:17 Image size of job updated: 340848
...
006 (1754815.000.000) 11/14 10:43:17 Image size of job updated: 343920
...
006 (1754815.000.000) 11/14 10:48:17 Image size of job updated: 345968
...
006 (1754815.000.000) 11/14 10:53:17 Image size of job updated: 346992
...
006 (1754815.000.000) 11/14 10:58:17 Image size of job updated: 348016
...
006 (1754815.000.000) 11/14 11:23:17 Image size of job updated: 349040
...
005 (1754815.000.000) 11/14 11:37:00 Job terminated.
	(1) Normal termination (return value 0)
		Usr 0 02:15:02, Sys 0 00:01:26  -  Run Remote Usage
		Usr 0 00:00:00, Sys 0 00:00:00  -  Run Local Usage
		Usr 0 02:15:02, Sys 0 00:01:26  -  Total Remote Usage
		Usr 0 00:00:00, Sys 0 00:00:00  -  Total Local Usage
	0  -  Run Bytes Sent By Job
	0  -  Run Bytes Received By Job
	0  -  Total Bytes Sent By Job
	0  -  Total Bytes Received By Job
...
