000 (1755125.000.000) 11/14 02:19:46 Job submitted from host: <130.199.206.69:49450>
...
001 (1755125.000.000) 11/15 15:29:55 Job executing on host: <130.199.183.13:48319>
...
006 (1755125.000.000) 11/15 15:30:04 Image size of job updated: 136424
...
006 (1755125.000.000) 11/15 15:35:05 Image size of job updated: 284552
...
006 (1755125.000.000) 11/15 15:40:06 Image size of job updated: 285124
...
006 (1755125.000.000) 11/15 15:45:07 Image size of job updated: 286828
...
006 (1755125.000.000) 11/15 15:50:08 Image size of job updated: 289672
...
006 (1755125.000.000) 11/15 15:55:09 Image size of job updated: 290492
...
006 (1755125.000.000) 11/15 16:05:11 Image size of job updated: 293040
...
006 (1755125.000.000) 11/15 16:10:12 Image size of job updated: 294264
...
006 (1755125.000.000) 11/15 16:15:13 Image size of job updated: 294336
...
006 (1755125.000.000) 11/15 16:20:15 Image size of job updated: 294540
...
006 (1755125.000.000) 11/15 16:30:15 Image size of job updated: 295208
...
006 (1755125.000.000) 11/15 16:35:15 Image size of job updated: 295616
...
006 (1755125.000.000) 11/15 16:40:15 Image size of job updated: 323644
...
006 (1755125.000.000) 11/15 16:45:15 Image size of job updated: 337980
...
006 (1755125.000.000) 11/15 16:50:15 Image size of job updated: 340028
...
006 (1755125.000.000) 11/15 16:55:15 Image size of job updated: 343100
...
006 (1755125.000.000) 11/15 17:00:15 Image size of job updated: 344124
...
006 (1755125.000.000) 11/15 17:05:15 Image size of job updated: 345148
...
006 (1755125.000.000) 11/15 17:10:15 Image size of job updated: 347196
...
005 (1755125.000.000) 11/15 17:16:36 Job terminated.
	(1) Normal termination (return value 0)
		Usr 0 01:16:24, Sys 0 00:00:31  -  Run Remote Usage
		Usr 0 00:00:00, Sys 0 00:00:00  -  Run Local Usage
		Usr 0 01:16:24, Sys 0 00:00:31  -  Total Remote Usage
		Usr 0 00:00:00, Sys 0 00:00:00  -  Total Local Usage
	0  -  Run Bytes Sent By Job
	0  -  Run Bytes Received By Job
	0  -  Total Bytes Sent By Job
	0  -  Total Bytes Received By Job
...
