000 (1754835.000.000) 11/14 02:19:12 Job submitted from host: <130.199.206.69:49450>
...
001 (1754835.000.000) 11/14 13:07:40 Job executing on host: <130.199.206.194:35192>
...
006 (1754835.000.000) 11/14 13:12:48 Image size of job updated: 284524
...
006 (1754835.000.000) 11/14 13:17:48 Image size of job updated: 286672
...
006 (1754835.000.000) 11/14 13:22:48 Image size of job updated: 287264
...
006 (1754835.000.000) 11/14 13:27:48 Image size of job updated: 288864
...
006 (1754835.000.000) 11/14 13:32:48 Image size of job updated: 292352
...
006 (1754835.000.000) 11/14 13:37:48 Image size of job updated: 293668
...
006 (1754835.000.000) 11/14 13:42:48 Image size of job updated: 294856
...
006 (1754835.000.000) 11/14 14:02:48 Image size of job updated: 295004
...
006 (1754835.000.000) 11/14 14:07:48 Image size of job updated: 295752
...
006 (1754835.000.000) 11/14 14:17:49 Image size of job updated: 297164
...
005 (1754835.000.000) 11/14 14:19:48 Job terminated.
	(1) Normal termination (return value 0)
		Usr 0 01:06:36, Sys 0 00:00:14  -  Run Remote Usage
		Usr 0 00:00:00, Sys 0 00:00:00  -  Run Local Usage
		Usr 0 01:06:36, Sys 0 00:00:14  -  Total Remote Usage
		Usr 0 00:00:00, Sys 0 00:00:00  -  Total Local Usage
	0  -  Run Bytes Sent By Job
	0  -  Run Bytes Received By Job
	0  -  Total Bytes Sent By Job
	0  -  Total Bytes Received By Job
...
