000 (1753374.000.000) 11/14 02:14:53 Job submitted from host: <130.199.206.69:49450>
...
001 (1753374.000.000) 11/14 04:33:15 Job executing on host: <130.199.180.150:41617>
...
006 (1753374.000.000) 11/14 04:38:23 Image size of job updated: 283636
...
006 (1753374.000.000) 11/14 04:43:23 Image size of job updated: 283820
...
006 (1753374.000.000) 11/14 04:48:23 Image size of job updated: 284224
...
006 (1753374.000.000) 11/14 04:53:23 Image size of job updated: 288952
...
006 (1753374.000.000) 11/14 04:58:23 Image size of job updated: 290604
...
006 (1753374.000.000) 11/14 05:03:23 Image size of job updated: 318228
...
006 (1753374.000.000) 11/14 05:08:23 Image size of job updated: 328468
...
006 (1753374.000.000) 11/14 05:13:23 Image size of job updated: 334612
...
006 (1753374.000.000) 11/14 05:18:23 Image size of job updated: 335636
...
006 (1753374.000.000) 11/14 05:23:23 Image size of job updated: 336660
...
006 (1753374.000.000) 11/14 05:28:23 Image size of job updated: 337684
...
006 (1753374.000.000) 11/14 05:33:23 Image size of job updated: 338708
...
006 (1753374.000.000) 11/14 05:38:23 Image size of job updated: 339732
...
006 (1753374.000.000) 11/14 05:43:23 Image size of job updated: 340756
...
006 (1753374.000.000) 11/14 05:58:23 Image size of job updated: 341780
...
006 (1753374.000.000) 11/14 06:03:23 Image size of job updated: 343828
...
006 (1753374.000.000) 11/14 06:23:23 Image size of job updated: 344852
...
005 (1753374.000.000) 11/14 06:57:29 Job terminated.
	(1) Normal termination (return value 0)
		Usr 0 02:11:28, Sys 0 00:01:08  -  Run Remote Usage
		Usr 0 00:00:00, Sys 0 00:00:00  -  Run Local Usage
		Usr 0 02:11:28, Sys 0 00:01:08  -  Total Remote Usage
		Usr 0 00:00:00, Sys 0 00:00:00  -  Total Local Usage
	0  -  Run Bytes Sent By Job
	0  -  Run Bytes Received By Job
	0  -  Total Bytes Sent By Job
	0  -  Total Bytes Received By Job
...
