000 (1753376.000.000) 11/14 02:14:53 Job submitted from host: <130.199.206.69:49450>
...
001 (1753376.000.000) 11/14 02:22:37 Job executing on host: <130.199.206.213:39757>
...
006 (1753376.000.000) 11/14 02:27:45 Image size of job updated: 278580
...
006 (1753376.000.000) 11/14 02:32:45 Image size of job updated: 285156
...
006 (1753376.000.000) 11/14 02:37:45 Image size of job updated: 288784
...
006 (1753376.000.000) 11/14 02:42:45 Image size of job updated: 294936
...
005 (1753376.000.000) 11/14 02:47:21 Job terminated.
	(1) Normal termination (return value 0)
		Usr 0 00:20:16, Sys 0 00:00:07  -  Run Remote Usage
		Usr 0 00:00:00, Sys 0 00:00:00  -  Run Local Usage
		Usr 0 00:20:16, Sys 0 00:00:07  -  Total Remote Usage
		Usr 0 00:00:00, Sys 0 00:00:00  -  Total Local Usage
	0  -  Run Bytes Sent By Job
	0  -  Run Bytes Received By Job
	0  -  Total Bytes Sent By Job
	0  -  Total Bytes Received By Job
...
