000 (1753874.000.000) 11/14 02:17:04 Job submitted from host: <130.199.206.69:49450>
...
001 (1753874.000.000) 11/14 03:51:29 Job executing on host: <130.199.183.21:49750>
...
006 (1753874.000.000) 11/14 03:56:37 Image size of job updated: 283964
...
006 (1753874.000.000) 11/14 04:01:37 Image size of job updated: 284504
...
006 (1753874.000.000) 11/14 04:06:37 Image size of job updated: 289964
...
006 (1753874.000.000) 11/14 04:11:37 Image size of job updated: 294068
...
006 (1753874.000.000) 11/14 04:16:37 Image size of job updated: 295380
...
006 (1753874.000.000) 11/14 04:26:37 Image size of job updated: 298760
...
005 (1753874.000.000) 11/14 04:38:19 Job terminated.
	(1) Normal termination (return value 0)
		Usr 0 00:40:08, Sys 0 00:00:22  -  Run Remote Usage
		Usr 0 00:00:00, Sys 0 00:00:00  -  Run Local Usage
		Usr 0 00:40:08, Sys 0 00:00:22  -  Total Remote Usage
		Usr 0 00:00:00, Sys 0 00:00:00  -  Total Local Usage
	0  -  Run Bytes Sent By Job
	0  -  Run Bytes Received By Job
	0  -  Total Bytes Sent By Job
	0  -  Total Bytes Received By Job
...
