000 (1755231.000.000) 11/14 02:19:54 Job submitted from host: <130.199.206.69:49450>
...
001 (1755231.000.000) 11/15 12:20:59 Job executing on host: <130.199.180.167:33733>
...
006 (1755231.000.000) 11/15 12:21:08 Image size of job updated: 72640
...
006 (1755231.000.000) 11/15 12:26:09 Image size of job updated: 288792
...
006 (1755231.000.000) 11/15 12:31:10 Image size of job updated: 290076
...
006 (1755231.000.000) 11/15 12:36:11 Image size of job updated: 291588
...
006 (1755231.000.000) 11/15 12:41:12 Image size of job updated: 292428
...
006 (1755231.000.000) 11/15 12:46:13 Image size of job updated: 292560
...
006 (1755231.000.000) 11/15 12:51:14 Image size of job updated: 293016
...
006 (1755231.000.000) 11/15 13:11:18 Image size of job updated: 295084
...
006 (1755231.000.000) 11/15 13:16:19 Image size of job updated: 295980
...
006 (1755231.000.000) 11/15 13:21:20 Image size of job updated: 296208
...
006 (1755231.000.000) 11/15 13:26:21 Image size of job updated: 296440
...
006 (1755231.000.000) 11/15 13:31:22 Image size of job updated: 297136
...
006 (1755231.000.000) 11/15 13:36:23 Image size of job updated: 297424
...
006 (1755231.000.000) 11/15 13:46:25 Image size of job updated: 297564
...
006 (1755231.000.000) 11/15 13:51:26 Image size of job updated: 297684
...
006 (1755231.000.000) 11/15 13:56:27 Image size of job updated: 298156
...
006 (1755231.000.000) 11/15 14:01:28 Image size of job updated: 298252
...
005 (1755231.000.000) 11/15 14:04:52 Job terminated.
	(1) Normal termination (return value 0)
		Usr 0 01:30:18, Sys 0 00:00:49  -  Run Remote Usage
		Usr 0 00:00:00, Sys 0 00:00:00  -  Run Local Usage
		Usr 0 01:30:18, Sys 0 00:00:49  -  Total Remote Usage
		Usr 0 00:00:00, Sys 0 00:00:00  -  Total Local Usage
	0  -  Run Bytes Sent By Job
	0  -  Run Bytes Received By Job
	0  -  Total Bytes Sent By Job
	0  -  Total Bytes Received By Job
...
