000 (1753512.000.000) 11/14 02:15:48 Job submitted from host: <130.199.206.69:49450>
...
001 (1753512.000.000) 11/14 03:38:37 Job executing on host: <130.199.206.145:53598>
...
006 (1753512.000.000) 11/14 03:43:45 Image size of job updated: 285176
...
006 (1753512.000.000) 11/14 03:48:45 Image size of job updated: 286264
...
006 (1753512.000.000) 11/14 03:53:45 Image size of job updated: 287444
...
006 (1753512.000.000) 11/14 04:03:45 Image size of job updated: 288072
...
006 (1753512.000.000) 11/14 04:08:45 Image size of job updated: 289024
...
006 (1753512.000.000) 11/14 04:13:45 Image size of job updated: 289272
...
006 (1753512.000.000) 11/14 04:23:45 Image size of job updated: 290740
...
006 (1753512.000.000) 11/14 04:28:45 Image size of job updated: 291592
...
006 (1753512.000.000) 11/14 04:33:45 Image size of job updated: 292544
...
006 (1753512.000.000) 11/14 04:43:47 Image size of job updated: 292768
...
006 (1753512.000.000) 11/14 04:48:48 Image size of job updated: 293280
...
006 (1753512.000.000) 11/14 04:58:50 Image size of job updated: 293560
...
006 (1753512.000.000) 11/14 05:03:51 Image size of job updated: 294248
...
006 (1753512.000.000) 11/14 05:08:52 Image size of job updated: 294984
...
006 (1753512.000.000) 11/14 05:18:54 Image size of job updated: 295072
...
006 (1753512.000.000) 11/14 05:48:56 Image size of job updated: 295212
...
006 (1753512.000.000) 11/14 05:58:56 Image size of job updated: 295800
...
006 (1753512.000.000) 11/14 06:08:56 Image size of job updated: 295824
...
006 (1753512.000.000) 11/14 06:18:56 Image size of job updated: 295872
...
006 (1753512.000.000) 11/14 06:23:56 Image size of job updated: 296036
...
006 (1753512.000.000) 11/14 06:28:57 Image size of job updated: 316456
...
006 (1753512.000.000) 11/14 06:33:58 Image size of job updated: 323624
...
006 (1753512.000.000) 11/14 06:38:59 Image size of job updated: 330792
...
006 (1753512.000.000) 11/14 07:19:07 Image size of job updated: 333864
...
005 (1753512.000.000) 11/14 08:18:39 Job terminated.
	(1) Normal termination (return value 0)
		Usr 0 04:17:11, Sys 0 00:01:30  -  Run Remote Usage
		Usr 0 00:00:00, Sys 0 00:00:00  -  Run Local Usage
		Usr 0 04:17:11, Sys 0 00:01:30  -  Total Remote Usage
		Usr 0 00:00:00, Sys 0 00:00:00  -  Total Local Usage
	0  -  Run Bytes Sent By Job
	0  -  Run Bytes Received By Job
	0  -  Total Bytes Sent By Job
	0  -  Total Bytes Received By Job
...
