000 (1754740.000.000) 11/14 02:18:59 Job submitted from host: <130.199.206.69:49450>
...
001 (1754740.000.000) 11/14 06:08:14 Job executing on host: <130.199.207.48:40244>
...
006 (1754740.000.000) 11/14 06:13:22 Image size of job updated: 284400
...
006 (1754740.000.000) 11/14 06:18:22 Image size of job updated: 325376
...
006 (1754740.000.000) 11/14 06:23:22 Image size of job updated: 328936
...
006 (1754740.000.000) 11/14 06:28:22 Image size of job updated: 329960
...
006 (1754740.000.000) 11/14 06:33:22 Image size of job updated: 333032
...
006 (1754740.000.000) 11/14 06:38:22 Image size of job updated: 334056
...
006 (1754740.000.000) 11/14 06:43:22 Image size of job updated: 335080
...
006 (1754740.000.000) 11/14 06:48:22 Image size of job updated: 336104
...
006 (1754740.000.000) 11/14 06:53:22 Image size of job updated: 337128
...
006 (1754740.000.000) 11/14 07:03:22 Image size of job updated: 338152
...
005 (1754740.000.000) 11/14 07:05:39 Job terminated.
	(1) Normal termination (return value 0)
		Usr 0 00:52:08, Sys 0 00:00:14  -  Run Remote Usage
		Usr 0 00:00:00, Sys 0 00:00:00  -  Run Local Usage
		Usr 0 00:52:08, Sys 0 00:00:14  -  Total Remote Usage
		Usr 0 00:00:00, Sys 0 00:00:00  -  Total Local Usage
	0  -  Run Bytes Sent By Job
	0  -  Run Bytes Received By Job
	0  -  Total Bytes Sent By Job
	0  -  Total Bytes Received By Job
...
