000 (1753921.000.000) 11/14 02:17:04 Job submitted from host: <130.199.206.69:49450>
...
001 (1753921.000.000) 11/14 07:00:33 Job executing on host: <130.199.180.156:41502>
...
006 (1753921.000.000) 11/14 07:05:41 Image size of job updated: 284384
...
006 (1753921.000.000) 11/14 07:10:41 Image size of job updated: 284440
...
006 (1753921.000.000) 11/14 07:15:41 Image size of job updated: 286656
...
006 (1753921.000.000) 11/14 07:35:41 Image size of job updated: 287236
...
006 (1753921.000.000) 11/14 07:40:41 Image size of job updated: 287324
...
006 (1753921.000.000) 11/14 07:45:41 Image size of job updated: 290764
...
006 (1753921.000.000) 11/14 07:50:41 Image size of job updated: 290992
...
006 (1753921.000.000) 11/14 07:55:41 Image size of job updated: 291432
...
006 (1753921.000.000) 11/14 08:30:41 Image size of job updated: 291652
...
006 (1753921.000.000) 11/14 08:40:41 Image size of job updated: 292676
...
006 (1753921.000.000) 11/14 08:45:41 Image size of job updated: 292900
...
006 (1753921.000.000) 11/14 08:55:41 Image size of job updated: 293132
...
006 (1753921.000.000) 11/14 09:00:41 Image size of job updated: 293336
...
006 (1753921.000.000) 11/14 09:05:41 Image size of job updated: 294220
...
006 (1753921.000.000) 11/14 09:15:41 Image size of job updated: 294464
...
006 (1753921.000.000) 11/14 09:25:41 Image size of job updated: 294580
...
006 (1753921.000.000) 11/14 09:30:41 Image size of job updated: 295056
...
006 (1753921.000.000) 11/14 09:35:41 Image size of job updated: 295096
...
006 (1753921.000.000) 11/14 09:45:41 Image size of job updated: 295136
...
006 (1753921.000.000) 11/14 09:55:41 Image size of job updated: 295788
...
006 (1753921.000.000) 11/14 10:00:41 Image size of job updated: 295996
...
006 (1753921.000.000) 11/14 10:05:41 Image size of job updated: 296236
...
006 (1753921.000.000) 11/14 10:10:42 Image size of job updated: 297336
...
006 (1753921.000.000) 11/14 11:05:53 Image size of job updated: 297464
...
006 (1753921.000.000) 11/14 11:15:55 Image size of job updated: 297572
...
005 (1753921.000.000) 11/14 11:19:57 Job terminated.
	(1) Normal termination (return value 0)
		Usr 0 03:56:52, Sys 0 00:02:06  -  Run Remote Usage
		Usr 0 00:00:00, Sys 0 00:00:00  -  Run Local Usage
		Usr 0 03:56:52, Sys 0 00:02:06  -  Total Remote Usage
		Usr 0 00:00:00, Sys 0 00:00:00  -  Total Local Usage
	0  -  Run Bytes Sent By Job
	0  -  Run Bytes Received By Job
	0  -  Total Bytes Sent By Job
	0  -  Total Bytes Received By Job
...
