000 (1753995.000.000) 11/14 02:17:22 Job submitted from host: <130.199.206.69:49450>
...
001 (1753995.000.000) 11/14 05:00:23 Job executing on host: <130.199.206.191:54564>
...
006 (1753995.000.000) 11/14 05:00:32 Image size of job updated: 145508
...
006 (1753995.000.000) 11/14 05:05:33 Image size of job updated: 283832
...
006 (1753995.000.000) 11/14 05:10:34 Image size of job updated: 284452
...
006 (1753995.000.000) 11/14 05:15:35 Image size of job updated: 287748
...
006 (1753995.000.000) 11/14 05:20:36 Image size of job updated: 289352
...
006 (1753995.000.000) 11/14 05:25:36 Image size of job updated: 291704
...
006 (1753995.000.000) 11/14 05:30:36 Image size of job updated: 292676
...
006 (1753995.000.000) 11/14 05:35:36 Image size of job updated: 293788
...
006 (1753995.000.000) 11/14 05:40:36 Image size of job updated: 295032
...
006 (1753995.000.000) 11/14 05:45:36 Image size of job updated: 295144
...
006 (1753995.000.000) 11/14 05:50:36 Image size of job updated: 306376
...
006 (1753995.000.000) 11/14 05:55:36 Image size of job updated: 339144
...
006 (1753995.000.000) 11/14 06:00:36 Image size of job updated: 342216
...
005 (1753995.000.000) 11/14 06:04:43 Job terminated.
	(1) Normal termination (return value 0)
		Usr 0 00:56:32, Sys 0 00:00:10  -  Run Remote Usage
		Usr 0 00:00:00, Sys 0 00:00:00  -  Run Local Usage
		Usr 0 00:56:32, Sys 0 00:00:10  -  Total Remote Usage
		Usr 0 00:00:00, Sys 0 00:00:00  -  Total Local Usage
	0  -  Run Bytes Sent By Job
	0  -  Run Bytes Received By Job
	0  -  Total Bytes Sent By Job
	0  -  Total Bytes Received By Job
...
