000 (1754181.000.000) 11/14 02:17:52 Job submitted from host: <130.199.206.69:49450>
...
001 (1754181.000.000) 11/14 04:51:28 Job executing on host: <130.199.180.140:49307>
...
006 (1754181.000.000) 11/14 04:51:36 Image size of job updated: 242776
...
006 (1754181.000.000) 11/14 04:56:36 Image size of job updated: 285752
...
006 (1754181.000.000) 11/14 05:01:36 Image size of job updated: 285828
...
006 (1754181.000.000) 11/14 05:06:36 Image size of job updated: 287276
...
006 (1754181.000.000) 11/14 05:11:36 Image size of job updated: 288196
...
006 (1754181.000.000) 11/14 05:16:36 Image size of job updated: 288260
...
006 (1754181.000.000) 11/14 05:21:36 Image size of job updated: 291324
...
006 (1754181.000.000) 11/14 05:26:36 Image size of job updated: 294580
...
006 (1754181.000.000) 11/14 05:46:36 Image size of job updated: 296436
...
006 (1754181.000.000) 11/14 06:06:36 Image size of job updated: 297356
...
006 (1754181.000.000) 11/14 06:16:36 Image size of job updated: 297512
...
006 (1754181.000.000) 11/14 06:26:36 Image size of job updated: 297820
...
006 (1754181.000.000) 11/14 06:31:36 Image size of job updated: 298088
...
006 (1754181.000.000) 11/14 07:11:36 Image size of job updated: 298600
...
006 (1754181.000.000) 11/14 07:21:36 Image size of job updated: 299052
...
006 (1754181.000.000) 11/14 07:51:36 Image size of job updated: 299804
...
006 (1754181.000.000) 11/14 07:56:36 Image size of job updated: 299872
...
006 (1754181.000.000) 11/14 08:06:36 Image size of job updated: 300524
...
005 (1754181.000.000) 11/14 08:07:54 Job terminated.
	(1) Normal termination (return value 0)
		Usr 0 02:59:22, Sys 0 00:01:30  -  Run Remote Usage
		Usr 0 00:00:00, Sys 0 00:00:00  -  Run Local Usage
		Usr 0 02:59:22, Sys 0 00:01:30  -  Total Remote Usage
		Usr 0 00:00:00, Sys 0 00:00:00  -  Total Local Usage
	0  -  Run Bytes Sent By Job
	0  -  Run Bytes Received By Job
	0  -  Total Bytes Sent By Job
	0  -  Total Bytes Received By Job
...
