000 (1754406.000.000) 11/14 02:18:20 Job submitted from host: <130.199.206.69:49450>
...
001 (1754406.000.000) 11/14 04:47:21 Job executing on host: <130.199.183.17:52518>
...
006 (1754406.000.000) 11/14 04:52:31 Image size of job updated: 284400
...
006 (1754406.000.000) 11/14 04:57:32 Image size of job updated: 285244
...
006 (1754406.000.000) 11/14 05:02:33 Image size of job updated: 286756
...
006 (1754406.000.000) 11/14 05:07:34 Image size of job updated: 287188
...
006 (1754406.000.000) 11/14 05:12:35 Image size of job updated: 288440
...
006 (1754406.000.000) 11/14 05:17:36 Image size of job updated: 289288
...
006 (1754406.000.000) 11/14 05:37:40 Image size of job updated: 289588
...
006 (1754406.000.000) 11/14 05:57:44 Image size of job updated: 290372
...
006 (1754406.000.000) 11/14 06:02:45 Image size of job updated: 291336
...
006 (1754406.000.000) 11/14 06:07:46 Image size of job updated: 292784
...
006 (1754406.000.000) 11/14 06:12:47 Image size of job updated: 293040
...
006 (1754406.000.000) 11/14 06:47:54 Image size of job updated: 294056
...
006 (1754406.000.000) 11/14 06:52:55 Image size of job updated: 294240
...
006 (1754406.000.000) 11/14 07:12:59 Image size of job updated: 295132
...
005 (1754406.000.000) 11/14 07:46:14 Job terminated.
	(1) Normal termination (return value 0)
		Usr 0 02:43:04, Sys 0 00:00:59  -  Run Remote Usage
		Usr 0 00:00:00, Sys 0 00:00:00  -  Run Local Usage
		Usr 0 02:43:04, Sys 0 00:00:59  -  Total Remote Usage
		Usr 0 00:00:00, Sys 0 00:00:00  -  Total Local Usage
	0  -  Run Bytes Sent By Job
	0  -  Run Bytes Received By Job
	0  -  Total Bytes Sent By Job
	0  -  Total Bytes Received By Job
...
