000 (1753870.000.000) 11/14 02:16:47 Job submitted from host: <130.199.206.69:49450>
...
001 (1753870.000.000) 11/14 03:54:47 Job executing on host: <130.199.183.29:35269>
...
006 (1753870.000.000) 11/14 03:54:55 Image size of job updated: 173800
...
006 (1753870.000.000) 11/14 03:59:55 Image size of job updated: 285956
...
006 (1753870.000.000) 11/14 04:09:55 Image size of job updated: 286308
...
006 (1753870.000.000) 11/14 04:14:55 Image size of job updated: 287068
...
006 (1753870.000.000) 11/14 04:19:55 Image size of job updated: 290704
...
006 (1753870.000.000) 11/14 04:24:55 Image size of job updated: 291680
...
006 (1753870.000.000) 11/14 04:29:55 Image size of job updated: 292384
...
006 (1753870.000.000) 11/14 04:34:55 Image size of job updated: 293524
...
006 (1753870.000.000) 11/14 04:44:56 Image size of job updated: 293664
...
006 (1753870.000.000) 11/14 04:49:57 Image size of job updated: 293804
...
006 (1753870.000.000) 11/14 05:20:03 Image size of job updated: 293948
...
006 (1753870.000.000) 11/14 05:30:05 Image size of job updated: 294024
...
006 (1753870.000.000) 11/14 05:35:06 Image size of job updated: 294064
...
006 (1753870.000.000) 11/14 05:45:08 Image size of job updated: 295012
...
006 (1753870.000.000) 11/14 05:50:09 Image size of job updated: 295676
...
006 (1753870.000.000) 11/14 06:05:12 Image size of job updated: 296576
...
006 (1753870.000.000) 11/14 06:35:18 Image size of job updated: 297076
...
006 (1753870.000.000) 11/14 06:45:18 Image size of job updated: 297168
...
006 (1753870.000.000) 11/14 07:10:18 Image size of job updated: 297456
...
005 (1753870.000.000) 11/14 07:11:49 Job terminated.
	(1) Normal termination (return value 0)
		Usr 0 02:47:33, Sys 0 00:01:19  -  Run Remote Usage
		Usr 0 00:00:00, Sys 0 00:00:00  -  Run Local Usage
		Usr 0 02:47:33, Sys 0 00:01:19  -  Total Remote Usage
		Usr 0 00:00:00, Sys 0 00:00:00  -  Total Local Usage
	0  -  Run Bytes Sent By Job
	0  -  Run Bytes Received By Job
	0  -  Total Bytes Sent By Job
	0  -  Total Bytes Received By Job
...
