000 (1754449.000.000) 11/14 02:18:20 Job submitted from host: <130.199.206.69:49450>
...
001 (1754449.000.000) 11/14 05:29:55 Job executing on host: <130.199.180.155:36902>
...
006 (1754449.000.000) 11/14 05:35:05 Image size of job updated: 277516
...
006 (1754449.000.000) 11/14 05:40:06 Image size of job updated: 284208
...
006 (1754449.000.000) 11/14 05:45:07 Image size of job updated: 284664
...
006 (1754449.000.000) 11/14 05:50:08 Image size of job updated: 287020
...
006 (1754449.000.000) 11/14 05:55:09 Image size of job updated: 287780
...
006 (1754449.000.000) 11/14 06:00:10 Image size of job updated: 289832
...
006 (1754449.000.000) 11/14 06:05:11 Image size of job updated: 290108
...
006 (1754449.000.000) 11/14 06:10:12 Image size of job updated: 291232
...
006 (1754449.000.000) 11/14 06:15:13 Image size of job updated: 291352
...
006 (1754449.000.000) 11/14 06:20:14 Image size of job updated: 293508
...
005 (1754449.000.000) 11/14 06:25:00 Job terminated.
	(1) Normal termination (return value 0)
		Usr 0 00:48:07, Sys 0 00:00:24  -  Run Remote Usage
		Usr 0 00:00:00, Sys 0 00:00:00  -  Run Local Usage
		Usr 0 00:48:07, Sys 0 00:00:24  -  Total Remote Usage
		Usr 0 00:00:00, Sys 0 00:00:00  -  Total Local Usage
	0  -  Run Bytes Sent By Job
	0  -  Run Bytes Received By Job
	0  -  Total Bytes Sent By Job
	0  -  Total Bytes Received By Job
...
