000 (1754214.000.000) 11/14 02:17:52 Job submitted from host: <130.199.206.69:49450>
...
001 (1754214.000.000) 11/14 04:38:30 Job executing on host: <130.199.180.149:32900>
...
006 (1754214.000.000) 11/14 04:38:39 Image size of job updated: 174060
...
006 (1754214.000.000) 11/14 04:43:40 Image size of job updated: 286672
...
006 (1754214.000.000) 11/14 04:48:41 Image size of job updated: 287348
...
006 (1754214.000.000) 11/14 04:53:42 Image size of job updated: 292244
...
006 (1754214.000.000) 11/14 04:58:43 Image size of job updated: 294080
...
006 (1754214.000.000) 11/14 05:03:44 Image size of job updated: 297140
...
006 (1754214.000.000) 11/14 05:08:45 Image size of job updated: 298116
...
006 (1754214.000.000) 11/14 05:13:46 Image size of job updated: 298488
...
006 (1754214.000.000) 11/14 05:23:48 Image size of job updated: 298580
...
006 (1754214.000.000) 11/14 05:28:49 Image size of job updated: 299540
...
006 (1754214.000.000) 11/14 05:48:53 Image size of job updated: 299648
...
005 (1754214.000.000) 11/14 06:10:29 Job terminated.
	(1) Normal termination (return value 0)
		Usr 0 01:22:50, Sys 0 00:00:48  -  Run Remote Usage
		Usr 0 00:00:00, Sys 0 00:00:00  -  Run Local Usage
		Usr 0 01:22:50, Sys 0 00:00:48  -  Total Remote Usage
		Usr 0 00:00:00, Sys 0 00:00:00  -  Total Local Usage
	0  -  Run Bytes Sent By Job
	0  -  Run Bytes Received By Job
	0  -  Total Bytes Sent By Job
	0  -  Total Bytes Received By Job
...
