000 (1753447.000.000) 11/14 02:14:53 Job submitted from host: <130.199.206.69:49450>
...
001 (1753447.000.000) 11/14 07:34:45 Job executing on host: <130.199.180.176:34913>
...
006 (1753447.000.000) 11/14 07:39:53 Image size of job updated: 284372
...
006 (1753447.000.000) 11/14 07:44:53 Image size of job updated: 285936
...
006 (1753447.000.000) 11/14 07:49:53 Image size of job updated: 286156
...
006 (1753447.000.000) 11/14 07:54:53 Image size of job updated: 286212
...
006 (1753447.000.000) 11/14 07:59:53 Image size of job updated: 288040
...
006 (1753447.000.000) 11/14 08:09:53 Image size of job updated: 290032
...
006 (1753447.000.000) 11/14 08:14:53 Image size of job updated: 290688
...
006 (1753447.000.000) 11/14 08:29:53 Image size of job updated: 291156
...
006 (1753447.000.000) 11/14 08:44:53 Image size of job updated: 293140
...
006 (1753447.000.000) 11/14 08:49:53 Image size of job updated: 293720
...
006 (1753447.000.000) 11/14 08:54:53 Image size of job updated: 293908
...
006 (1753447.000.000) 11/14 09:09:53 Image size of job updated: 294240
...
006 (1753447.000.000) 11/14 09:19:53 Image size of job updated: 294984
...
006 (1753447.000.000) 11/14 09:24:53 Image size of job updated: 295200
...
006 (1753447.000.000) 11/14 09:29:53 Image size of job updated: 324552
...
006 (1753447.000.000) 11/14 09:34:53 Image size of job updated: 338600
...
006 (1753447.000.000) 11/14 09:39:53 Image size of job updated: 340648
...
006 (1753447.000.000) 11/14 09:44:53 Image size of job updated: 341672
...
006 (1753447.000.000) 11/14 09:54:53 Image size of job updated: 342696
...
006 (1753447.000.000) 11/14 09:59:53 Image size of job updated: 343340
...
006 (1753447.000.000) 11/14 10:19:55 Image size of job updated: 344364
...
006 (1753447.000.000) 11/14 10:45:00 Image size of job updated: 345388
...
005 (1753447.000.000) 11/14 10:50:57 Job terminated.
	(1) Normal termination (return value 0)
		Usr 0 02:57:47, Sys 0 00:01:27  -  Run Remote Usage
		Usr 0 00:00:00, Sys 0 00:00:00  -  Run Local Usage
		Usr 0 02:57:47, Sys 0 00:01:27  -  Total Remote Usage
		Usr 0 00:00:00, Sys 0 00:00:00  -  Total Local Usage
	0  -  Run Bytes Sent By Job
	0  -  Run Bytes Received By Job
	0  -  Total Bytes Sent By Job
	0  -  Total Bytes Received By Job
...
