000 (1753828.000.000) 11/14 02:16:47 Job submitted from host: <130.199.206.69:49450>
...
001 (1753828.000.000) 11/14 05:19:58 Job executing on host: <130.199.183.18:59916>
...
006 (1753828.000.000) 11/14 05:20:06 Image size of job updated: 257804
...
006 (1753828.000.000) 11/14 05:25:06 Image size of job updated: 284392
...
006 (1753828.000.000) 11/14 05:30:06 Image size of job updated: 286780
...
006 (1753828.000.000) 11/14 05:40:06 Image size of job updated: 287884
...
006 (1753828.000.000) 11/14 05:50:06 Image size of job updated: 290340
...
006 (1753828.000.000) 11/14 05:55:06 Image size of job updated: 291216
...
006 (1753828.000.000) 11/14 06:00:07 Image size of job updated: 291824
...
006 (1753828.000.000) 11/14 06:05:08 Image size of job updated: 292296
...
006 (1753828.000.000) 11/14 06:20:11 Image size of job updated: 293352
...
006 (1753828.000.000) 11/14 06:30:13 Image size of job updated: 293488
...
006 (1753828.000.000) 11/14 06:55:18 Image size of job updated: 293784
...
006 (1753828.000.000) 11/14 07:00:19 Image size of job updated: 294756
...
006 (1753828.000.000) 11/14 07:05:20 Image size of job updated: 294916
...
006 (1753828.000.000) 11/14 07:10:21 Image size of job updated: 295012
...
006 (1753828.000.000) 11/14 07:15:22 Image size of job updated: 295272
...
006 (1753828.000.000) 11/14 07:20:23 Image size of job updated: 295292
...
006 (1753828.000.000) 11/14 07:45:28 Image size of job updated: 295972
...
006 (1753828.000.000) 11/14 07:55:30 Image size of job updated: 296568
...
006 (1753828.000.000) 11/14 08:00:31 Image size of job updated: 297384
...
006 (1753828.000.000) 11/14 08:10:33 Image size of job updated: 297432
...
006 (1753828.000.000) 11/14 08:15:34 Image size of job updated: 297576
...
006 (1753828.000.000) 11/14 08:20:35 Image size of job updated: 297652
...
006 (1753828.000.000) 11/14 08:25:36 Image size of job updated: 297720
...
006 (1753828.000.000) 11/14 09:10:45 Image size of job updated: 297800
...
005 (1753828.000.000) 11/14 09:22:48 Job terminated.
	(1) Normal termination (return value 0)
		Usr 0 03:42:25, Sys 0 00:01:45  -  Run Remote Usage
		Usr 0 00:00:00, Sys 0 00:00:00  -  Run Local Usage
		Usr 0 03:42:25, Sys 0 00:01:45  -  Total Remote Usage
		Usr 0 00:00:00, Sys 0 00:00:00  -  Total Local Usage
	0  -  Run Bytes Sent By Job
	0  -  Run Bytes Received By Job
	0  -  Total Bytes Sent By Job
	0  -  Total Bytes Received By Job
...
