000 (1753442.000.000) 11/14 02:14:53 Job submitted from host: <130.199.206.69:49450>
...
001 (1753442.000.000) 11/14 06:06:09 Job executing on host: <130.199.183.7:49948>
...
006 (1753442.000.000) 11/14 06:11:17 Image size of job updated: 286600
...
006 (1753442.000.000) 11/14 06:16:17 Image size of job updated: 287524
...
006 (1753442.000.000) 11/14 06:21:17 Image size of job updated: 302868
...
006 (1753442.000.000) 11/14 06:26:17 Image size of job updated: 323348
...
006 (1753442.000.000) 11/14 06:31:17 Image size of job updated: 332564
...
006 (1753442.000.000) 11/14 06:36:17 Image size of job updated: 333588
...
006 (1753442.000.000) 11/14 06:51:17 Image size of job updated: 335636
...
006 (1753442.000.000) 11/14 06:56:17 Image size of job updated: 336660
...
006 (1753442.000.000) 11/14 07:06:17 Image size of job updated: 338708
...
005 (1753442.000.000) 11/14 07:27:39 Job terminated.
	(1) Normal termination (return value 0)
		Usr 0 01:16:19, Sys 0 00:00:31  -  Run Remote Usage
		Usr 0 00:00:00, Sys 0 00:00:00  -  Run Local Usage
		Usr 0 01:16:19, Sys 0 00:00:31  -  Total Remote Usage
		Usr 0 00:00:00, Sys 0 00:00:00  -  Total Local Usage
	0  -  Run Bytes Sent By Job
	0  -  Run Bytes Received By Job
	0  -  Total Bytes Sent By Job
	0  -  Total Bytes Received By Job
...
