000 (1755015.000.000) 11/14 02:19:38 Job submitted from host: <130.199.206.69:49450>
...
001 (1755015.000.000) 11/15 11:40:08 Job executing on host: <130.199.206.195:44629>
...
006 (1755015.000.000) 11/15 11:45:16 Image size of job updated: 284964
...
006 (1755015.000.000) 11/15 11:50:16 Image size of job updated: 287364
...
006 (1755015.000.000) 11/15 11:55:16 Image size of job updated: 289900
...
006 (1755015.000.000) 11/15 12:05:16 Image size of job updated: 291656
...
006 (1755015.000.000) 11/15 12:10:16 Image size of job updated: 292948
...
006 (1755015.000.000) 11/15 12:20:16 Image size of job updated: 293848
...
006 (1755015.000.000) 11/15 12:25:16 Image size of job updated: 294156
...
006 (1755015.000.000) 11/15 12:35:16 Image size of job updated: 295316
...
006 (1755015.000.000) 11/15 12:40:16 Image size of job updated: 295956
...
006 (1755015.000.000) 11/15 13:25:16 Image size of job updated: 296528
...
006 (1755015.000.000) 11/15 13:40:16 Image size of job updated: 297276
...
006 (1755015.000.000) 11/15 13:50:16 Image size of job updated: 297444
...
006 (1755015.000.000) 11/15 13:55:16 Image size of job updated: 297620
...
005 (1755015.000.000) 11/15 14:03:44 Job terminated.
	(1) Normal termination (return value 0)
		Usr 0 02:05:24, Sys 0 00:00:20  -  Run Remote Usage
		Usr 0 00:00:00, Sys 0 00:00:00  -  Run Local Usage
		Usr 0 02:05:24, Sys 0 00:00:20  -  Total Remote Usage
		Usr 0 00:00:00, Sys 0 00:00:00  -  Total Local Usage
	0  -  Run Bytes Sent By Job
	0  -  Run Bytes Received By Job
	0  -  Total Bytes Sent By Job
	0  -  Total Bytes Received By Job
...
