000 (1754714.000.000) 11/14 02:18:59 Job submitted from host: <130.199.206.69:49450>
...
001 (1754714.000.000) 11/14 06:02:56 Job executing on host: <130.199.206.217:57621>
...
006 (1754714.000.000) 11/14 06:03:04 Image size of job updated: 207964
...
006 (1754714.000.000) 11/14 06:08:04 Image size of job updated: 285764
...
006 (1754714.000.000) 11/14 06:13:04 Image size of job updated: 286736
...
006 (1754714.000.000) 11/14 06:18:04 Image size of job updated: 287676
...
006 (1754714.000.000) 11/14 06:23:04 Image size of job updated: 288588
...
006 (1754714.000.000) 11/14 06:28:04 Image size of job updated: 291624
...
006 (1754714.000.000) 11/14 06:33:04 Image size of job updated: 293932
...
006 (1754714.000.000) 11/14 06:38:04 Image size of job updated: 298036
...
006 (1754714.000.000) 11/14 06:43:04 Image size of job updated: 298328
...
006 (1754714.000.000) 11/14 06:48:04 Image size of job updated: 299212
...
005 (1754714.000.000) 11/14 06:56:28 Job terminated.
	(1) Normal termination (return value 0)
		Usr 0 00:48:34, Sys 0 00:00:11  -  Run Remote Usage
		Usr 0 00:00:00, Sys 0 00:00:00  -  Run Local Usage
		Usr 0 00:48:34, Sys 0 00:00:11  -  Total Remote Usage
		Usr 0 00:00:00, Sys 0 00:00:00  -  Total Local Usage
	0  -  Run Bytes Sent By Job
	0  -  Run Bytes Received By Job
	0  -  Total Bytes Sent By Job
	0  -  Total Bytes Received By Job
...
