000 (1753710.000.000) 11/14 02:16:28 Job submitted from host: <130.199.206.69:49450>
...
001 (1753710.000.000) 11/14 08:00:19 Job executing on host: <130.199.180.147:60364>
...
006 (1753710.000.000) 11/14 08:00:28 Image size of job updated: 148144
...
006 (1753710.000.000) 11/14 08:05:29 Image size of job updated: 282228
...
006 (1753710.000.000) 11/14 08:10:30 Image size of job updated: 283088
...
006 (1753710.000.000) 11/14 08:15:31 Image size of job updated: 283460
...
006 (1753710.000.000) 11/14 08:20:32 Image size of job updated: 284824
...
006 (1753710.000.000) 11/14 08:25:33 Image size of job updated: 284928
...
006 (1753710.000.000) 11/14 08:40:36 Image size of job updated: 286220
...
006 (1753710.000.000) 11/14 08:45:37 Image size of job updated: 287792
...
006 (1753710.000.000) 11/14 08:50:38 Image size of job updated: 287896
...
006 (1753710.000.000) 11/14 08:55:39 Image size of job updated: 288080
...
006 (1753710.000.000) 11/14 09:00:40 Image size of job updated: 289072
...
006 (1753710.000.000) 11/14 09:20:44 Image size of job updated: 289240
...
006 (1753710.000.000) 11/14 09:30:46 Image size of job updated: 289480
...
006 (1753710.000.000) 11/14 09:35:47 Image size of job updated: 293972
...
006 (1753710.000.000) 11/14 09:50:50 Image size of job updated: 294524
...
006 (1753710.000.000) 11/14 10:00:52 Image size of job updated: 294784
...
006 (1753710.000.000) 11/14 10:25:57 Image size of job updated: 295600
...
006 (1753710.000.000) 11/14 10:30:58 Image size of job updated: 319540
...
006 (1753710.000.000) 11/14 10:35:59 Image size of job updated: 323636
...
006 (1753710.000.000) 11/14 10:41:00 Image size of job updated: 329780
...
006 (1753710.000.000) 11/14 10:46:01 Image size of job updated: 336948
...
006 (1753710.000.000) 11/14 10:51:02 Image size of job updated: 338996
...
006 (1753710.000.000) 11/14 10:56:03 Image size of job updated: 340020
...
006 (1753710.000.000) 11/14 11:16:07 Image size of job updated: 342068
...
006 (1753710.000.000) 11/14 11:31:10 Image size of job updated: 342968
...
006 (1753710.000.000) 11/14 11:36:11 Image size of job updated: 343992
...
006 (1753710.000.000) 11/14 11:51:14 Image size of job updated: 345016
...
006 (1753710.000.000) 11/14 12:06:17 Image size of job updated: 346040
...
005 (1753710.000.000) 11/14 12:09:16 Job terminated.
	(1) Normal termination (return value 0)
		Usr 0 03:44:10, Sys 0 00:02:22  -  Run Remote Usage
		Usr 0 00:00:00, Sys 0 00:00:00  -  Run Local Usage
		Usr 0 03:44:10, Sys 0 00:02:22  -  Total Remote Usage
		Usr 0 00:00:00, Sys 0 00:00:00  -  Total Local Usage
	0  -  Run Bytes Sent By Job
	0  -  Run Bytes Received By Job
	0  -  Total Bytes Sent By Job
	0  -  Total Bytes Received By Job
...
