000 (1755370.000.000) 11/14 02:20:03 Job submitted from host: <130.199.206.69:49450>
...
001 (1755370.000.000) 11/15 12:45:33 Job executing on host: <130.199.207.42:48949>
...
006 (1755370.000.000) 11/15 12:50:41 Image size of job updated: 282996
...
006 (1755370.000.000) 11/15 12:55:41 Image size of job updated: 283100
...
006 (1755370.000.000) 11/15 13:00:41 Image size of job updated: 286404
...
006 (1755370.000.000) 11/15 13:05:41 Image size of job updated: 331464
...
006 (1755370.000.000) 11/15 13:10:41 Image size of job updated: 335704
...
006 (1755370.000.000) 11/15 13:15:41 Image size of job updated: 338784
...
006 (1755370.000.000) 11/15 13:20:41 Image size of job updated: 340832
...
005 (1755370.000.000) 11/15 13:30:14 Job terminated.
	(1) Normal termination (return value 0)
		Usr 0 00:40:37, Sys 0 00:00:12  -  Run Remote Usage
		Usr 0 00:00:00, Sys 0 00:00:00  -  Run Local Usage
		Usr 0 00:40:37, Sys 0 00:00:12  -  Total Remote Usage
		Usr 0 00:00:00, Sys 0 00:00:00  -  Total Local Usage
	0  -  Run Bytes Sent By Job
	0  -  Run Bytes Received By Job
	0  -  Total Bytes Sent By Job
	0  -  Total Bytes Received By Job
...
