000 (1754960.000.000) 11/14 02:19:27 Job submitted from host: <130.199.206.69:49450>
...
001 (1754960.000.000) 11/15 12:51:45 Job executing on host: <130.199.180.146:38869>
...
006 (1754960.000.000) 11/15 12:56:53 Image size of job updated: 284512
...
006 (1754960.000.000) 11/15 13:01:53 Image size of job updated: 285620
...
006 (1754960.000.000) 11/15 13:06:53 Image size of job updated: 286168
...
006 (1754960.000.000) 11/15 13:11:53 Image size of job updated: 287036
...
006 (1754960.000.000) 11/15 13:16:53 Image size of job updated: 287100
...
006 (1754960.000.000) 11/15 13:26:53 Image size of job updated: 287924
...
006 (1754960.000.000) 11/15 13:31:53 Image size of job updated: 314452
...
006 (1754960.000.000) 11/15 13:36:53 Image size of job updated: 332684
...
006 (1754960.000.000) 11/15 13:41:53 Image size of job updated: 335756
...
006 (1754960.000.000) 11/15 13:46:53 Image size of job updated: 336780
...
006 (1754960.000.000) 11/15 13:51:53 Image size of job updated: 338828
...
006 (1754960.000.000) 11/15 14:06:53 Image size of job updated: 339172
...
006 (1754960.000.000) 11/15 14:16:53 Image size of job updated: 340196
...
006 (1754960.000.000) 11/15 14:46:53 Image size of job updated: 343268
...
005 (1754960.000.000) 11/15 15:04:21 Job terminated.
	(1) Normal termination (return value 0)
		Usr 0 01:50:31, Sys 0 00:01:21  -  Run Remote Usage
		Usr 0 00:00:00, Sys 0 00:00:00  -  Run Local Usage
		Usr 0 01:50:31, Sys 0 00:01:21  -  Total Remote Usage
		Usr 0 00:00:00, Sys 0 00:00:00  -  Total Local Usage
	0  -  Run Bytes Sent By Job
	0  -  Run Bytes Received By Job
	0  -  Total Bytes Sent By Job
	0  -  Total Bytes Received By Job
...
