000 (1755358.000.000) 11/14 02:20:03 Job submitted from host: <130.199.206.69:49450>
...
001 (1755358.000.000) 11/15 12:45:19 Job executing on host: <130.199.183.13:48319>
...
006 (1755358.000.000) 11/15 12:50:29 Image size of job updated: 287076
...
006 (1755358.000.000) 11/15 12:55:30 Image size of job updated: 290804
...
006 (1755358.000.000) 11/15 13:10:33 Image size of job updated: 293020
...
006 (1755358.000.000) 11/15 13:15:34 Image size of job updated: 294028
...
006 (1755358.000.000) 11/15 13:20:35 Image size of job updated: 297684
...
005 (1755358.000.000) 11/15 13:26:06 Job terminated.
	(1) Normal termination (return value 0)
		Usr 0 00:35:04, Sys 0 00:00:22  -  Run Remote Usage
		Usr 0 00:00:00, Sys 0 00:00:00  -  Run Local Usage
		Usr 0 00:35:04, Sys 0 00:00:22  -  Total Remote Usage
		Usr 0 00:00:00, Sys 0 00:00:00  -  Total Local Usage
	0  -  Run Bytes Sent By Job
	0  -  Run Bytes Received By Job
	0  -  Total Bytes Sent By Job
	0  -  Total Bytes Received By Job
...
