000 (1754562.000.000) 11/14 02:18:34 Job submitted from host: <130.199.206.69:49450>
...
001 (1754562.000.000) 11/14 05:36:20 Job executing on host: <130.199.206.77:35117>
...
006 (1754562.000.000) 11/14 05:41:30 Image size of job updated: 276972
...
006 (1754562.000.000) 11/14 05:46:31 Image size of job updated: 291128
...
006 (1754562.000.000) 11/14 05:51:32 Image size of job updated: 292516
...
006 (1754562.000.000) 11/14 05:56:33 Image size of job updated: 293096
...
006 (1754562.000.000) 11/14 06:01:33 Image size of job updated: 293980
...
006 (1754562.000.000) 11/14 06:11:33 Image size of job updated: 294724
...
006 (1754562.000.000) 11/14 06:16:33 Image size of job updated: 295020
...
005 (1754562.000.000) 11/14 06:17:25 Job terminated.
	(1) Normal termination (return value 0)
		Usr 0 00:38:35, Sys 0 00:00:10  -  Run Remote Usage
		Usr 0 00:00:00, Sys 0 00:00:00  -  Run Local Usage
		Usr 0 00:38:35, Sys 0 00:00:10  -  Total Remote Usage
		Usr 0 00:00:00, Sys 0 00:00:00  -  Total Local Usage
	0  -  Run Bytes Sent By Job
	0  -  Run Bytes Received By Job
	0  -  Total Bytes Sent By Job
	0  -  Total Bytes Received By Job
...
