000 (1755072.000.000) 11/14 02:19:46 Job submitted from host: <130.199.206.69:49450>
...
001 (1755072.000.000) 11/15 11:51:56 Job executing on host: <130.199.180.146:38869>
...
006 (1755072.000.000) 11/15 11:57:06 Image size of job updated: 286788
...
006 (1755072.000.000) 11/15 12:02:07 Image size of job updated: 294024
...
006 (1755072.000.000) 11/15 12:07:08 Image size of job updated: 296100
...
006 (1755072.000.000) 11/15 12:12:09 Image size of job updated: 296700
...
006 (1755072.000.000) 11/15 12:17:10 Image size of job updated: 297116
...
006 (1755072.000.000) 11/15 12:22:11 Image size of job updated: 297844
...
006 (1755072.000.000) 11/15 12:27:12 Image size of job updated: 299716
...
006 (1755072.000.000) 11/15 12:32:13 Image size of job updated: 301124
...
006 (1755072.000.000) 11/15 12:37:14 Image size of job updated: 301340
...
005 (1755072.000.000) 11/15 12:50:35 Job terminated.
	(1) Normal termination (return value 0)
		Usr 0 00:53:44, Sys 0 00:00:38  -  Run Remote Usage
		Usr 0 00:00:00, Sys 0 00:00:00  -  Run Local Usage
		Usr 0 00:53:44, Sys 0 00:00:38  -  Total Remote Usage
		Usr 0 00:00:00, Sys 0 00:00:00  -  Total Local Usage
	0  -  Run Bytes Sent By Job
	0  -  Run Bytes Received By Job
	0  -  Total Bytes Sent By Job
	0  -  Total Bytes Received By Job
...
