000 (1754448.000.000) 11/14 02:18:20 Job submitted from host: <130.199.206.69:49450>
...
001 (1754448.000.000) 11/14 05:26:47 Job executing on host: <130.199.180.166:41628>
...
006 (1754448.000.000) 11/14 05:26:55 Image size of job updated: 40164
...
006 (1754448.000.000) 11/14 05:31:55 Image size of job updated: 287256
...
006 (1754448.000.000) 11/14 05:36:55 Image size of job updated: 288236
...
006 (1754448.000.000) 11/14 05:41:55 Image size of job updated: 289336
...
006 (1754448.000.000) 11/14 05:46:55 Image size of job updated: 289848
...
006 (1754448.000.000) 11/14 05:51:55 Image size of job updated: 290808
...
006 (1754448.000.000) 11/14 05:56:55 Image size of job updated: 291164
...
006 (1754448.000.000) 11/14 06:06:55 Image size of job updated: 291516
...
006 (1754448.000.000) 11/14 06:16:55 Image size of job updated: 291992
...
006 (1754448.000.000) 11/14 06:21:55 Image size of job updated: 294512
...
006 (1754448.000.000) 11/14 06:26:55 Image size of job updated: 294604
...
006 (1754448.000.000) 11/14 06:31:55 Image size of job updated: 294852
...
006 (1754448.000.000) 11/14 06:36:55 Image size of job updated: 295076
...
006 (1754448.000.000) 11/14 07:16:55 Image size of job updated: 296084
...
006 (1754448.000.000) 11/14 07:26:55 Image size of job updated: 296164
...
006 (1754448.000.000) 11/14 07:31:55 Image size of job updated: 296296
...
006 (1754448.000.000) 11/14 07:36:55 Image size of job updated: 296920
...
006 (1754448.000.000) 11/14 07:51:55 Image size of job updated: 297364
...
006 (1754448.000.000) 11/14 07:56:55 Image size of job updated: 297904
...
005 (1754448.000.000) 11/14 08:11:28 Job terminated.
	(1) Normal termination (return value 0)
		Usr 0 02:34:08, Sys 0 00:00:56  -  Run Remote Usage
		Usr 0 00:00:00, Sys 0 00:00:00  -  Run Local Usage
		Usr 0 02:34:08, Sys 0 00:00:56  -  Total Remote Usage
		Usr 0 00:00:00, Sys 0 00:00:00  -  Total Local Usage
	0  -  Run Bytes Sent By Job
	0  -  Run Bytes Received By Job
	0  -  Total Bytes Sent By Job
	0  -  Total Bytes Received By Job
...
