000 (1754207.000.000) 11/14 02:17:52 Job submitted from host: <130.199.206.69:49450>
...
001 (1754207.000.000) 11/14 06:27:38 Job executing on host: <130.199.180.145:42379>
...
006 (1754207.000.000) 11/14 06:27:47 Image size of job updated: 8820
...
006 (1754207.000.000) 11/14 06:32:48 Image size of job updated: 286176
...
006 (1754207.000.000) 11/14 06:37:49 Image size of job updated: 288608
...
006 (1754207.000.000) 11/14 06:47:51 Image size of job updated: 289704
...
006 (1754207.000.000) 11/14 06:52:52 Image size of job updated: 292076
...
006 (1754207.000.000) 11/14 06:57:53 Image size of job updated: 293028
...
006 (1754207.000.000) 11/14 07:02:54 Image size of job updated: 293100
...
006 (1754207.000.000) 11/14 07:07:55 Image size of job updated: 333652
...
006 (1754207.000.000) 11/14 07:12:56 Image size of job updated: 337748
...
006 (1754207.000.000) 11/14 07:17:57 Image size of job updated: 339796
...
005 (1754207.000.000) 11/14 07:19:15 Job terminated.
	(1) Normal termination (return value 0)
		Usr 0 00:47:28, Sys 0 00:00:21  -  Run Remote Usage
		Usr 0 00:00:00, Sys 0 00:00:00  -  Run Local Usage
		Usr 0 00:47:28, Sys 0 00:00:21  -  Total Remote Usage
		Usr 0 00:00:00, Sys 0 00:00:00  -  Total Local Usage
	0  -  Run Bytes Sent By Job
	0  -  Run Bytes Received By Job
	0  -  Total Bytes Sent By Job
	0  -  Total Bytes Received By Job
...
