000 (1755255.000.000) 11/14 02:19:54 Job submitted from host: <130.199.206.69:49450>
...
001 (1755255.000.000) 11/15 12:37:15 Job executing on host: <130.199.180.168:57296>
...
006 (1755255.000.000) 11/15 12:37:23 Image size of job updated: 330272
...
005 (1755255.000.000) 11/15 14:00:18 Job terminated.
	(1) Normal termination (return value 0)
		Usr 0 01:13:35, Sys 0 00:00:40  -  Run Remote Usage
		Usr 0 00:00:00, Sys 0 00:00:00  -  Run Local Usage
		Usr 0 01:13:35, Sys 0 00:00:40  -  Total Remote Usage
		Usr 0 00:00:00, Sys 0 00:00:00  -  Total Local Usage
	0  -  Run Bytes Sent By Job
	0  -  Run Bytes Received By Job
	0  -  Total Bytes Sent By Job
	0  -  Total Bytes Received By Job
...
000 (1798231.000.000) 11/18 15:19:54 Job submitted from host: <130.199.206.69:49450>
...
001 (1798231.000.000) 11/18 15:29:32 Job executing on host: <130.199.207.49:35160>
...
006 (1798231.000.000) 11/18 15:29:40 Image size of job updated: 9472
...
006 (1798231.000.000) 11/18 15:34:40 Image size of job updated: 280848
...
006 (1798231.000.000) 11/18 15:39:40 Image size of job updated: 284596
...
006 (1798231.000.000) 11/18 15:49:40 Image size of job updated: 289164
...
006 (1798231.000.000) 11/18 15:54:40 Image size of job updated: 290196
...
006 (1798231.000.000) 11/18 15:59:40 Image size of job updated: 293880
...
006 (1798231.000.000) 11/18 16:04:40 Image size of job updated: 294556
...
006 (1798231.000.000) 11/18 16:09:40 Image size of job updated: 295312
...
006 (1798231.000.000) 11/18 16:14:41 Image size of job updated: 296916
...
006 (1798231.000.000) 11/18 16:24:43 Image size of job updated: 297868
...
005 (1798231.000.000) 11/18 16:25:25 Job terminated.
	(1) Normal termination (return value 0)
		Usr 0 00:48:39, Sys 0 00:00:11  -  Run Remote Usage
		Usr 0 00:00:00, Sys 0 00:00:00  -  Run Local Usage
		Usr 0 00:48:39, Sys 0 00:00:11  -  Total Remote Usage
		Usr 0 00:00:00, Sys 0 00:00:00  -  Total Local Usage
	0  -  Run Bytes Sent By Job
	0  -  Run Bytes Received By Job
	0  -  Total Bytes Sent By Job
	0  -  Total Bytes Received By Job
...
