000 (1754745.000.000) 11/14 02:18:59 Job submitted from host: <130.199.206.69:49450>
...
001 (1754745.000.000) 11/14 06:09:03 Job executing on host: <130.199.206.229:58915>
...
006 (1754745.000.000) 11/14 06:09:11 Image size of job updated: 140768
...
006 (1754745.000.000) 11/14 06:14:11 Image size of job updated: 291608
...
006 (1754745.000.000) 11/14 06:19:11 Image size of job updated: 291872
...
006 (1754745.000.000) 11/14 06:24:11 Image size of job updated: 293552
...
006 (1754745.000.000) 11/14 06:29:11 Image size of job updated: 293760
...
006 (1754745.000.000) 11/14 06:34:11 Image size of job updated: 296748
...
006 (1754745.000.000) 11/14 06:39:11 Image size of job updated: 296888
...
006 (1754745.000.000) 11/14 06:49:11 Image size of job updated: 297208
...
006 (1754745.000.000) 11/14 06:54:11 Image size of job updated: 298196
...
006 (1754745.000.000) 11/14 07:14:11 Image size of job updated: 299056
...
006 (1754745.000.000) 11/14 07:19:11 Image size of job updated: 300616
...
006 (1754745.000.000) 11/14 07:24:11 Image size of job updated: 300752
...
006 (1754745.000.000) 11/14 07:29:11 Image size of job updated: 301032
...
006 (1754745.000.000) 11/14 07:34:12 Image size of job updated: 320028
...
005 (1754745.000.000) 11/14 07:34:15 Job terminated.
	(1) Normal termination (return value 0)
		Usr 0 01:17:46, Sys 0 00:00:27  -  Run Remote Usage
		Usr 0 00:00:00, Sys 0 00:00:00  -  Run Local Usage
		Usr 0 01:17:46, Sys 0 00:00:27  -  Total Remote Usage
		Usr 0 00:00:00, Sys 0 00:00:00  -  Total Local Usage
	0  -  Run Bytes Sent By Job
	0  -  Run Bytes Received By Job
	0  -  Total Bytes Sent By Job
	0  -  Total Bytes Received By Job
...
