000 (1754625.000.000) 11/14 02:18:46 Job submitted from host: <130.199.206.69:49450>
...
009 (1754625.000.000) 11/14 05:38:56 Job was aborted by the user.
	The job attribute PeriodicRemove expression '(NumJobStarts >= 1 && JobStatus == 1) || (JobStatus == 2 && (CurrentTime - JobCurrentStartDate > (54000)) && ((RemoteUserCpu + RemoteSysCpu) / (CurrentTime - JobCurrentStartDate) < 0.100000)) || (((CurrentTime - EnteredCurrentStatus) > (2 * 24 * 3600)) && JobStatus == 5) || (JobRunCount >= 1 && JobStatus == 1)' evaluated to TRUE
...
000 (1798269.000.000) 11/18 15:19:54 Job submitted from host: <130.199.206.69:49450>
...
001 (1798269.000.000) 11/18 15:29:12 Job executing on host: <130.199.206.152:58019>
...
006 (1798269.000.000) 11/18 15:34:20 Image size of job updated: 282652
...
006 (1798269.000.000) 11/18 15:39:20 Image size of job updated: 285004
...
006 (1798269.000.000) 11/18 15:44:20 Image size of job updated: 286916
...
006 (1798269.000.000) 11/18 15:54:20 Image size of job updated: 287244
...
006 (1798269.000.000) 11/18 15:59:20 Image size of job updated: 288056
...
006 (1798269.000.000) 11/18 16:09:22 Image size of job updated: 289924
...
004 (1798269.000.000) 11/18 20:29:14 Job was evicted.
	(0) Job was not checkpointed.
		Usr 0 00:36:34, Sys 0 00:00:11  -  Run Remote Usage
		Usr 0 00:00:00, Sys 0 00:00:00  -  Run Local Usage
	0  -  Run Bytes Sent By Job
	0  -  Run Bytes Received By Job
...
009 (1798269.000.000) 11/18 20:29:16 Job was aborted by the user.
	The job attribute PeriodicRemove expression '(NumJobStarts >= 1 && JobStatus == 1) || (JobStatus == 2 && (CurrentTime - JobCurrentStartDate > (54000)) && ((RemoteUserCpu + RemoteSysCpu) / (CurrentTime - JobCurrentStartDate) < 0.100000)) || (((CurrentTime - EnteredCurrentStatus) > (2 * 24 * 3600)) && JobStatus == 5) || (JobRunCount >= 1 && JobStatus == 1)' evaluated to TRUE
...
000 (1804765.000.000) 11/21 22:32:12 Job submitted from host: <130.199.206.69:49450>
...
001 (1804765.000.000) 11/22 00:14:42 Job executing on host: <130.199.206.163:48461>
...
006 (1804765.000.000) 11/22 00:19:52 Image size of job updated: 259548
...
006 (1804765.000.000) 11/22 00:24:53 Image size of job updated: 284096
...
006 (1804765.000.000) 11/22 00:29:54 Image size of job updated: 287728
...
006 (1804765.000.000) 11/22 00:44:57 Image size of job updated: 288676
...
006 (1804765.000.000) 11/22 00:49:58 Image size of job updated: 289500
...
006 (1804765.000.000) 11/22 00:54:59 Image size of job updated: 292184
...
006 (1804765.000.000) 11/22 00:59:59 Image size of job updated: 330704
...
006 (1804765.000.000) 11/22 01:04:59 Image size of job updated: 339920
...
006 (1804765.000.000) 11/22 01:14:59 Image size of job updated: 342992
...
006 (1804765.000.000) 11/22 01:24:59 Image size of job updated: 344016
...
006 (1804765.000.000) 11/22 02:25:03 Image size of job updated: 349148
...
005 (1804765.000.000) 11/22 02:25:20 Job terminated.
	(1) Normal termination (return value 0)
		Usr 0 01:59:19, Sys 0 00:00:49  -  Run Remote Usage
		Usr 0 00:00:00, Sys 0 00:00:00  -  Run Local Usage
		Usr 0 01:59:19, Sys 0 00:00:49  -  Total Remote Usage
		Usr 0 00:00:00, Sys 0 00:00:00  -  Total Local Usage
	0  -  Run Bytes Sent By Job
	0  -  Run Bytes Received By Job
	0  -  Total Bytes Sent By Job
	0  -  Total Bytes Received By Job
...
