000 (1755226.000.000) 11/14 02:19:54 Job submitted from host: <130.199.206.69:49450>
...
001 (1755226.000.000) 11/15 16:11:18 Job executing on host: <130.199.206.211:33818>
...
006 (1755226.000.000) 11/15 16:11:26 Image size of job updated: 242212
...
006 (1755226.000.000) 11/15 16:16:26 Image size of job updated: 284824
...
006 (1755226.000.000) 11/15 16:21:26 Image size of job updated: 285120
...
006 (1755226.000.000) 11/15 16:26:26 Image size of job updated: 286204
...
006 (1755226.000.000) 11/15 16:31:26 Image size of job updated: 301400
...
006 (1755226.000.000) 11/15 16:36:26 Image size of job updated: 335204
...
006 (1755226.000.000) 11/15 16:41:26 Image size of job updated: 340828
...
006 (1755226.000.000) 11/15 16:46:26 Image size of job updated: 341852
...
006 (1755226.000.000) 11/15 16:56:26 Image size of job updated: 342876
...
006 (1755226.000.000) 11/15 17:01:26 Image size of job updated: 343900
...
005 (1755226.000.000) 11/15 17:03:22 Job terminated.
	(1) Normal termination (return value 0)
		Usr 0 00:46:09, Sys 0 00:00:11  -  Run Remote Usage
		Usr 0 00:00:00, Sys 0 00:00:00  -  Run Local Usage
		Usr 0 00:46:09, Sys 0 00:00:11  -  Total Remote Usage
		Usr 0 00:00:00, Sys 0 00:00:00  -  Total Local Usage
	0  -  Run Bytes Sent By Job
	0  -  Run Bytes Received By Job
	0  -  Total Bytes Sent By Job
	0  -  Total Bytes Received By Job
...
