000 (1754265.000.000) 11/14 02:17:52 Job submitted from host: <130.199.206.69:49450>
...
001 (1754265.000.000) 11/14 05:23:25 Job executing on host: <130.199.206.213:39757>
...
006 (1754265.000.000) 11/14 05:28:33 Image size of job updated: 287660
...
006 (1754265.000.000) 11/14 05:33:33 Image size of job updated: 296664
...
006 (1754265.000.000) 11/14 05:38:33 Image size of job updated: 296856
...
006 (1754265.000.000) 11/14 05:43:33 Image size of job updated: 297460
...
006 (1754265.000.000) 11/14 05:48:33 Image size of job updated: 301392
...
006 (1754265.000.000) 11/14 05:53:33 Image size of job updated: 302232
...
006 (1754265.000.000) 11/14 06:13:33 Image size of job updated: 339316
...
006 (1754265.000.000) 11/14 06:18:33 Image size of job updated: 345460
...
006 (1754265.000.000) 11/14 06:23:33 Image size of job updated: 346484
...
005 (1754265.000.000) 11/14 06:26:20 Job terminated.
	(1) Normal termination (return value 0)
		Usr 0 00:55:35, Sys 0 00:00:11  -  Run Remote Usage
		Usr 0 00:00:00, Sys 0 00:00:00  -  Run Local Usage
		Usr 0 00:55:35, Sys 0 00:00:11  -  Total Remote Usage
		Usr 0 00:00:00, Sys 0 00:00:00  -  Total Local Usage
	0  -  Run Bytes Sent By Job
	0  -  Run Bytes Received By Job
	0  -  Total Bytes Sent By Job
	0  -  Total Bytes Received By Job
...
