000 (1754711.000.000) 11/14 02:18:59 Job submitted from host: <130.199.206.69:49450>
...
001 (1754711.000.000) 11/14 06:01:45 Job executing on host: <130.199.180.158:55404>
...
006 (1754711.000.000) 11/14 06:01:53 Image size of job updated: 173616
...
006 (1754711.000.000) 11/14 06:06:53 Image size of job updated: 284244
...
006 (1754711.000.000) 11/14 06:11:53 Image size of job updated: 285372
...
006 (1754711.000.000) 11/14 06:16:53 Image size of job updated: 308728
...
006 (1754711.000.000) 11/14 06:21:53 Image size of job updated: 323064
...
006 (1754711.000.000) 11/14 06:26:53 Image size of job updated: 326324
...
006 (1754711.000.000) 11/14 06:31:53 Image size of job updated: 328372
...
006 (1754711.000.000) 11/14 06:41:53 Image size of job updated: 331084
...
006 (1754711.000.000) 11/14 06:46:53 Image size of job updated: 334156
...
006 (1754711.000.000) 11/14 06:51:53 Image size of job updated: 335180
...
006 (1754711.000.000) 11/14 07:11:53 Image size of job updated: 336204
...
006 (1754711.000.000) 11/14 07:26:53 Image size of job updated: 337228
...
005 (1754711.000.000) 11/14 07:29:55 Job terminated.
	(1) Normal termination (return value 0)
		Usr 0 01:20:47, Sys 0 00:00:40  -  Run Remote Usage
		Usr 0 00:00:00, Sys 0 00:00:00  -  Run Local Usage
		Usr 0 01:20:47, Sys 0 00:00:40  -  Total Remote Usage
		Usr 0 00:00:00, Sys 0 00:00:00  -  Total Local Usage
	0  -  Run Bytes Sent By Job
	0  -  Run Bytes Received By Job
	0  -  Total Bytes Sent By Job
	0  -  Total Bytes Received By Job
...
