000 (1754493.000.000) 11/14 02:18:34 Job submitted from host: <130.199.206.69:49450>
...
001 (1754493.000.000) 11/14 05:22:33 Job executing on host: <130.199.180.148:39203>
...
006 (1754493.000.000) 11/14 05:22:42 Image size of job updated: 173956
...
006 (1754493.000.000) 11/14 05:27:43 Image size of job updated: 285704
...
006 (1754493.000.000) 11/14 05:32:44 Image size of job updated: 287140
...
006 (1754493.000.000) 11/14 05:37:45 Image size of job updated: 287692
...
006 (1754493.000.000) 11/14 05:42:46 Image size of job updated: 288436
...
006 (1754493.000.000) 11/14 05:47:47 Image size of job updated: 288552
...
006 (1754493.000.000) 11/14 05:52:48 Image size of job updated: 291520
...
006 (1754493.000.000) 11/14 05:57:49 Image size of job updated: 291860
...
006 (1754493.000.000) 11/14 06:02:50 Image size of job updated: 292152
...
006 (1754493.000.000) 11/14 06:07:51 Image size of job updated: 292920
...
006 (1754493.000.000) 11/14 06:12:52 Image size of job updated: 293144
...
006 (1754493.000.000) 11/14 06:22:52 Image size of job updated: 293720
...
006 (1754493.000.000) 11/14 06:42:52 Image size of job updated: 293956
...
006 (1754493.000.000) 11/14 06:52:52 Image size of job updated: 294128
...
006 (1754493.000.000) 11/14 06:57:52 Image size of job updated: 294172
...
006 (1754493.000.000) 11/14 07:02:52 Image size of job updated: 294228
...
006 (1754493.000.000) 11/14 07:07:52 Image size of job updated: 294444
...
006 (1754493.000.000) 11/14 07:12:52 Image size of job updated: 294740
...
006 (1754493.000.000) 11/14 07:37:52 Image size of job updated: 295152
...
006 (1754493.000.000) 11/14 07:42:52 Image size of job updated: 295400
...
006 (1754493.000.000) 11/14 07:47:52 Image size of job updated: 295476
...
006 (1754493.000.000) 11/14 07:52:52 Image size of job updated: 295856
...
006 (1754493.000.000) 11/14 08:17:52 Image size of job updated: 296448
...
006 (1754493.000.000) 11/14 08:32:52 Image size of job updated: 296536
...
005 (1754493.000.000) 11/14 08:45:40 Job terminated.
	(1) Normal termination (return value 0)
		Usr 0 03:02:40, Sys 0 00:01:31  -  Run Remote Usage
		Usr 0 00:00:00, Sys 0 00:00:00  -  Run Local Usage
		Usr 0 03:02:40, Sys 0 00:01:31  -  Total Remote Usage
		Usr 0 00:00:00, Sys 0 00:00:00  -  Total Local Usage
	0  -  Run Bytes Sent By Job
	0  -  Run Bytes Received By Job
	0  -  Total Bytes Sent By Job
	0  -  Total Bytes Received By Job
...
