000 (1754791.000.000) 11/14 02:19:12 Job submitted from host: <130.199.206.69:49450>
...
001 (1754791.000.000) 11/14 08:56:32 Job executing on host: <130.199.180.158:55404>
...
006 (1754791.000.000) 11/14 08:56:41 Image size of job updated: 72604
...
006 (1754791.000.000) 11/14 09:01:42 Image size of job updated: 284176
...
006 (1754791.000.000) 11/14 09:06:43 Image size of job updated: 285604
...
006 (1754791.000.000) 11/14 09:11:44 Image size of job updated: 318208
...
006 (1754791.000.000) 11/14 09:16:45 Image size of job updated: 323328
...
006 (1754791.000.000) 11/14 09:21:46 Image size of job updated: 326516
...
006 (1754791.000.000) 11/14 09:31:48 Image size of job updated: 327540
...
006 (1754791.000.000) 11/14 09:36:49 Image size of job updated: 328564
...
006 (1754791.000.000) 11/14 09:41:50 Image size of job updated: 329588
...
006 (1754791.000.000) 11/14 09:46:51 Image size of job updated: 331636
...
006 (1754791.000.000) 11/14 09:51:52 Image size of job updated: 332328
...
006 (1754791.000.000) 11/14 09:56:53 Image size of job updated: 336432
...
006 (1754791.000.000) 11/14 10:01:54 Image size of job updated: 340532
...
006 (1754791.000.000) 11/14 10:06:55 Image size of job updated: 341556
...
006 (1754791.000.000) 11/14 10:11:55 Image size of job updated: 342580
...
006 (1754791.000.000) 11/14 10:16:55 Image size of job updated: 343604
...
006 (1754791.000.000) 11/14 10:31:55 Image size of job updated: 344628
...
006 (1754791.000.000) 11/14 10:46:55 Image size of job updated: 345652
...
006 (1754791.000.000) 11/14 10:56:55 Image size of job updated: 346676
...
005 (1754791.000.000) 11/14 11:17:14 Job terminated.
	(1) Normal termination (return value 0)
		Usr 0 02:07:37, Sys 0 00:01:31  -  Run Remote Usage
		Usr 0 00:00:00, Sys 0 00:00:00  -  Run Local Usage
		Usr 0 02:07:37, Sys 0 00:01:31  -  Total Remote Usage
		Usr 0 00:00:00, Sys 0 00:00:00  -  Total Local Usage
	0  -  Run Bytes Sent By Job
	0  -  Run Bytes Received By Job
	0  -  Total Bytes Sent By Job
	0  -  Total Bytes Received By Job
...
