000 (1753407.000.000) 11/14 02:14:53 Job submitted from host: <130.199.206.69:49450>
...
001 (1753407.000.000) 11/14 02:54:25 Job executing on host: <130.199.180.162:36052>
...
006 (1753407.000.000) 11/14 02:54:34 Image size of job updated: 72788
...
006 (1753407.000.000) 11/14 02:59:35 Image size of job updated: 307272
...
006 (1753407.000.000) 11/14 03:04:36 Image size of job updated: 319560
...
006 (1753407.000.000) 11/14 03:09:37 Image size of job updated: 325704
...
006 (1753407.000.000) 11/14 03:14:38 Image size of job updated: 327752
...
006 (1753407.000.000) 11/14 03:19:39 Image size of job updated: 328776
...
006 (1753407.000.000) 11/14 03:29:41 Image size of job updated: 330824
...
006 (1753407.000.000) 11/14 03:34:42 Image size of job updated: 333900
...
006 (1753407.000.000) 11/14 03:44:44 Image size of job updated: 335948
...
006 (1753407.000.000) 11/14 03:54:46 Image size of job updated: 338000
...
006 (1753407.000.000) 11/14 03:59:47 Image size of job updated: 339024
...
006 (1753407.000.000) 11/14 04:04:48 Image size of job updated: 340048
...
006 (1753407.000.000) 11/14 04:14:50 Image size of job updated: 341072
...
006 (1753407.000.000) 11/14 04:24:52 Image size of job updated: 342096
...
005 (1753407.000.000) 11/14 04:32:38 Job terminated.
	(1) Normal termination (return value 0)
		Usr 0 01:21:24, Sys 0 00:00:52  -  Run Remote Usage
		Usr 0 00:00:00, Sys 0 00:00:00  -  Run Local Usage
		Usr 0 01:21:24, Sys 0 00:00:52  -  Total Remote Usage
		Usr 0 00:00:00, Sys 0 00:00:00  -  Total Local Usage
	0  -  Run Bytes Sent By Job
	0  -  Run Bytes Received By Job
	0  -  Total Bytes Sent By Job
	0  -  Total Bytes Received By Job
...
