000 (1755360.000.000) 11/14 02:20:03 Job submitted from host: <130.199.206.69:49450>
...
001 (1755360.000.000) 11/15 12:45:23 Job executing on host: <130.199.180.140:49307>
...
006 (1755360.000.000) 11/15 12:45:32 Image size of job updated: 173896
...
006 (1755360.000.000) 11/15 12:50:33 Image size of job updated: 282728
...
006 (1755360.000.000) 11/15 12:55:34 Image size of job updated: 284156
...
006 (1755360.000.000) 11/15 13:00:35 Image size of job updated: 284472
...
006 (1755360.000.000) 11/15 13:05:36 Image size of job updated: 284756
...
006 (1755360.000.000) 11/15 13:10:37 Image size of job updated: 292960
...
006 (1755360.000.000) 11/15 13:15:38 Image size of job updated: 292964
...
006 (1755360.000.000) 11/15 13:20:39 Image size of job updated: 294672
...
005 (1755360.000.000) 11/15 13:30:21 Job terminated.
	(1) Normal termination (return value 0)
		Usr 0 00:40:49, Sys 0 00:00:30  -  Run Remote Usage
		Usr 0 00:00:00, Sys 0 00:00:00  -  Run Local Usage
		Usr 0 00:40:49, Sys 0 00:00:30  -  Total Remote Usage
		Usr 0 00:00:00, Sys 0 00:00:00  -  Total Local Usage
	0  -  Run Bytes Sent By Job
	0  -  Run Bytes Received By Job
	0  -  Total Bytes Sent By Job
	0  -  Total Bytes Received By Job
...
