000 (1754415.000.000) 11/14 02:18:20 Job submitted from host: <130.199.206.69:49450>
...
001 (1754415.000.000) 11/14 05:39:30 Job executing on host: <130.199.206.197:59722>
...
006 (1754415.000.000) 11/14 05:44:40 Image size of job updated: 286264
...
006 (1754415.000.000) 11/14 05:49:41 Image size of job updated: 287044
...
006 (1754415.000.000) 11/14 05:54:42 Image size of job updated: 287672
...
006 (1754415.000.000) 11/14 06:04:44 Image size of job updated: 289672
...
006 (1754415.000.000) 11/14 06:09:45 Image size of job updated: 290224
...
006 (1754415.000.000) 11/14 06:14:46 Image size of job updated: 292648
...
006 (1754415.000.000) 11/14 06:24:48 Image size of job updated: 293576
...
006 (1754415.000.000) 11/14 06:29:49 Image size of job updated: 293896
...
006 (1754415.000.000) 11/14 06:34:50 Image size of job updated: 293984
...
006 (1754415.000.000) 11/14 06:39:51 Image size of job updated: 298296
...
005 (1754415.000.000) 11/14 06:43:10 Job terminated.
	(1) Normal termination (return value 0)
		Usr 0 00:55:05, Sys 0 00:00:14  -  Run Remote Usage
		Usr 0 00:00:00, Sys 0 00:00:00  -  Run Local Usage
		Usr 0 00:55:05, Sys 0 00:00:14  -  Total Remote Usage
		Usr 0 00:00:00, Sys 0 00:00:00  -  Total Local Usage
	0  -  Run Bytes Sent By Job
	0  -  Run Bytes Received By Job
	0  -  Total Bytes Sent By Job
	0  -  Total Bytes Received By Job
...
