000 (1754923.000.000) 11/14 02:19:27 Job submitted from host: <130.199.206.69:49450>
...
001 (1754923.000.000) 11/15 13:25:04 Job executing on host: <130.199.180.149:32900>
...
006 (1754923.000.000) 11/15 13:25:13 Image size of job updated: 144960
...
006 (1754923.000.000) 11/15 13:30:14 Image size of job updated: 285456
...
006 (1754923.000.000) 11/15 13:35:15 Image size of job updated: 285968
...
006 (1754923.000.000) 11/15 13:40:16 Image size of job updated: 286484
...
006 (1754923.000.000) 11/15 13:45:17 Image size of job updated: 322544
...
006 (1754923.000.000) 11/15 13:50:18 Image size of job updated: 328352
...
006 (1754923.000.000) 11/15 13:55:19 Image size of job updated: 336548
...
006 (1754923.000.000) 11/15 14:05:21 Image size of job updated: 337344
...
006 (1754923.000.000) 11/15 14:15:23 Image size of job updated: 338368
...
006 (1754923.000.000) 11/15 14:35:27 Image size of job updated: 339392
...
006 (1754923.000.000) 11/15 14:40:28 Image size of job updated: 340416
...
006 (1754923.000.000) 11/15 15:00:32 Image size of job updated: 341440
...
006 (1754923.000.000) 11/15 15:25:37 Image size of job updated: 342464
...
006 (1754923.000.000) 11/15 15:30:38 Image size of job updated: 343488
...
006 (1754923.000.000) 11/15 15:35:39 Image size of job updated: 344512
...
005 (1754923.000.000) 11/15 16:08:34 Job terminated.
	(1) Normal termination (return value 0)
		Usr 0 02:08:21, Sys 0 00:01:26  -  Run Remote Usage
		Usr 0 00:00:00, Sys 0 00:00:00  -  Run Local Usage
		Usr 0 02:08:21, Sys 0 00:01:26  -  Total Remote Usage
		Usr 0 00:00:00, Sys 0 00:00:00  -  Total Local Usage
	0  -  Run Bytes Sent By Job
	0  -  Run Bytes Received By Job
	0  -  Total Bytes Sent By Job
	0  -  Total Bytes Received By Job
...
