000 (1754958.000.000) 11/14 02:19:27 Job submitted from host: <130.199.206.69:49450>
...
001 (1754958.000.000) 11/15 11:35:53 Job executing on host: <130.199.206.80:53316>
...
006 (1754958.000.000) 11/15 11:36:02 Image size of job updated: 135348
...
006 (1754958.000.000) 11/15 11:41:03 Image size of job updated: 278136
...
006 (1754958.000.000) 11/15 11:46:04 Image size of job updated: 284140
...
006 (1754958.000.000) 11/15 11:51:05 Image size of job updated: 290716
...
006 (1754958.000.000) 11/15 11:56:05 Image size of job updated: 292668
...
006 (1754958.000.000) 11/15 12:01:05 Image size of job updated: 294700
...
006 (1754958.000.000) 11/15 12:06:05 Image size of job updated: 296200
...
006 (1754958.000.000) 11/15 12:16:05 Image size of job updated: 296800
...
006 (1754958.000.000) 11/15 12:26:05 Image size of job updated: 298992
...
006 (1754958.000.000) 11/15 12:31:05 Image size of job updated: 299688
...
006 (1754958.000.000) 11/15 12:36:05 Image size of job updated: 299956
...
006 (1754958.000.000) 11/15 12:41:05 Image size of job updated: 300456
...
006 (1754958.000.000) 11/15 12:46:05 Image size of job updated: 321980
...
006 (1754958.000.000) 11/15 12:51:05 Image size of job updated: 332780
...
006 (1754958.000.000) 11/15 12:56:06 Image size of job updated: 338924
...
006 (1754958.000.000) 11/15 13:01:07 Image size of job updated: 339948
...
005 (1754958.000.000) 11/15 13:02:37 Job terminated.
	(1) Normal termination (return value 0)
		Usr 0 01:21:30, Sys 0 00:00:25  -  Run Remote Usage
		Usr 0 00:00:00, Sys 0 00:00:00  -  Run Local Usage
		Usr 0 01:21:30, Sys 0 00:00:25  -  Total Remote Usage
		Usr 0 00:00:00, Sys 0 00:00:00  -  Total Local Usage
	0  -  Run Bytes Sent By Job
	0  -  Run Bytes Received By Job
	0  -  Total Bytes Sent By Job
	0  -  Total Bytes Received By Job
...
