000 (1754284.000.000) 11/14 02:18:07 Job submitted from host: <130.199.206.69:49450>
...
001 (1754284.000.000) 11/14 05:12:49 Job executing on host: <130.199.206.193:39886>
...
006 (1754284.000.000) 11/14 05:17:59 Image size of job updated: 285308
...
006 (1754284.000.000) 11/14 05:23:00 Image size of job updated: 286124
...
006 (1754284.000.000) 11/14 05:28:01 Image size of job updated: 287592
...
006 (1754284.000.000) 11/14 05:38:03 Image size of job updated: 287972
...
006 (1754284.000.000) 11/14 05:43:04 Image size of job updated: 289496
...
006 (1754284.000.000) 11/14 05:48:05 Image size of job updated: 290144
...
006 (1754284.000.000) 11/14 05:53:06 Image size of job updated: 294692
...
006 (1754284.000.000) 11/14 05:58:07 Image size of job updated: 296720
...
006 (1754284.000.000) 11/14 06:18:11 Image size of job updated: 297104
...
006 (1754284.000.000) 11/14 06:23:12 Image size of job updated: 297844
...
006 (1754284.000.000) 11/14 06:28:13 Image size of job updated: 298388
...
005 (1754284.000.000) 11/14 06:53:49 Job terminated.
	(1) Normal termination (return value 0)
		Usr 0 01:08:50, Sys 0 00:00:19  -  Run Remote Usage
		Usr 0 00:00:00, Sys 0 00:00:00  -  Run Local Usage
		Usr 0 01:08:50, Sys 0 00:00:19  -  Total Remote Usage
		Usr 0 00:00:00, Sys 0 00:00:00  -  Total Local Usage
	0  -  Run Bytes Sent By Job
	0  -  Run Bytes Received By Job
	0  -  Total Bytes Sent By Job
	0  -  Total Bytes Received By Job
...
