000 (1754719.000.000) 11/14 02:18:59 Job submitted from host: <130.199.206.69:49450>
...
001 (1754719.000.000) 11/14 06:03:41 Job executing on host: <130.199.206.166:42375>
...
006 (1754719.000.000) 11/14 06:08:49 Image size of job updated: 287492
...
006 (1754719.000.000) 11/14 06:13:49 Image size of job updated: 289708
...
006 (1754719.000.000) 11/14 06:18:49 Image size of job updated: 291152
...
006 (1754719.000.000) 11/14 06:23:49 Image size of job updated: 322232
...
006 (1754719.000.000) 11/14 06:28:49 Image size of job updated: 324280
...
006 (1754719.000.000) 11/14 06:38:49 Image size of job updated: 327728
...
006 (1754719.000.000) 11/14 06:43:50 Image size of job updated: 329184
...
006 (1754719.000.000) 11/14 06:53:52 Image size of job updated: 332512
...
006 (1754719.000.000) 11/14 06:58:53 Image size of job updated: 335584
...
006 (1754719.000.000) 11/14 07:03:54 Image size of job updated: 340712
...
006 (1754719.000.000) 11/14 07:08:55 Image size of job updated: 343784
...
006 (1754719.000.000) 11/14 07:13:56 Image size of job updated: 345832
...
006 (1754719.000.000) 11/14 07:23:58 Image size of job updated: 346856
...
005 (1754719.000.000) 11/14 07:37:21 Job terminated.
	(1) Normal termination (return value 0)
		Usr 0 01:26:41, Sys 0 00:00:37  -  Run Remote Usage
		Usr 0 00:00:00, Sys 0 00:00:00  -  Run Local Usage
		Usr 0 01:26:41, Sys 0 00:00:37  -  Total Remote Usage
		Usr 0 00:00:00, Sys 0 00:00:00  -  Total Local Usage
	0  -  Run Bytes Sent By Job
	0  -  Run Bytes Received By Job
	0  -  Total Bytes Sent By Job
	0  -  Total Bytes Received By Job
...
