000 (1754709.000.000) 11/14 02:18:59 Job submitted from host: <130.199.206.69:49450>
...
001 (1754709.000.000) 11/14 06:00:14 Job executing on host: <130.199.206.190:51185>
...
006 (1754709.000.000) 11/14 06:00:23 Image size of job updated: 174208
...
006 (1754709.000.000) 11/14 06:05:24 Image size of job updated: 286140
...
006 (1754709.000.000) 11/14 06:10:25 Image size of job updated: 286156
...
006 (1754709.000.000) 11/14 06:15:26 Image size of job updated: 287472
...
006 (1754709.000.000) 11/14 06:25:28 Image size of job updated: 289340
...
006 (1754709.000.000) 11/14 06:30:29 Image size of job updated: 291980
...
006 (1754709.000.000) 11/14 06:35:30 Image size of job updated: 293448
...
006 (1754709.000.000) 11/14 06:40:31 Image size of job updated: 293692
...
006 (1754709.000.000) 11/14 06:45:32 Image size of job updated: 293932
...
006 (1754709.000.000) 11/14 06:50:33 Image size of job updated: 294128
...
006 (1754709.000.000) 11/14 06:55:34 Image size of job updated: 300700
...
006 (1754709.000.000) 11/14 07:00:35 Image size of job updated: 301124
...
005 (1754709.000.000) 11/14 07:07:21 Job terminated.
	(1) Normal termination (return value 0)
		Usr 0 01:00:34, Sys 0 00:00:18  -  Run Remote Usage
		Usr 0 00:00:00, Sys 0 00:00:00  -  Run Local Usage
		Usr 0 01:00:34, Sys 0 00:00:18  -  Total Remote Usage
		Usr 0 00:00:00, Sys 0 00:00:00  -  Total Local Usage
	0  -  Run Bytes Sent By Job
	0  -  Run Bytes Received By Job
	0  -  Total Bytes Sent By Job
	0  -  Total Bytes Received By Job
...
