000 (1755338.000.000) 11/14 02:20:03 Job submitted from host: <130.199.206.69:49450>
...
001 (1755338.000.000) 11/15 12:43:02 Job executing on host: <130.199.206.216:42831>
...
006 (1755338.000.000) 11/15 12:43:11 Image size of job updated: 242588
...
006 (1755338.000.000) 11/15 12:48:12 Image size of job updated: 283100
...
006 (1755338.000.000) 11/15 12:53:13 Image size of job updated: 289652
...
006 (1755338.000.000) 11/15 12:58:14 Image size of job updated: 292380
...
006 (1755338.000.000) 11/15 13:03:15 Image size of job updated: 293384
...
006 (1755338.000.000) 11/15 13:08:16 Image size of job updated: 296532
...
006 (1755338.000.000) 11/15 13:13:17 Image size of job updated: 297572
...
005 (1755338.000.000) 11/15 13:16:40 Job terminated.
	(1) Normal termination (return value 0)
		Usr 0 00:29:40, Sys 0 00:00:05  -  Run Remote Usage
		Usr 0 00:00:00, Sys 0 00:00:00  -  Run Local Usage
		Usr 0 00:29:40, Sys 0 00:00:05  -  Total Remote Usage
		Usr 0 00:00:00, Sys 0 00:00:00  -  Total Local Usage
	0  -  Run Bytes Sent By Job
	0  -  Run Bytes Received By Job
	0  -  Total Bytes Sent By Job
	0  -  Total Bytes Received By Job
...
