000 (1755157.000.000) 11/14 02:19:46 Job submitted from host: <130.199.206.69:49450>
...
001 (1755157.000.000) 11/15 18:52:56 Job executing on host: <130.199.183.13:48319>
...
006 (1755157.000.000) 11/15 18:58:04 Image size of job updated: 282680
...
005 (1755157.000.000) 11/15 19:00:19 Job terminated.
	(1) Normal termination (return value 0)
		Usr 0 00:06:17, Sys 0 00:00:04  -  Run Remote Usage
		Usr 0 00:00:00, Sys 0 00:00:00  -  Run Local Usage
		Usr 0 00:06:17, Sys 0 00:00:04  -  Total Remote Usage
		Usr 0 00:00:00, Sys 0 00:00:00  -  Total Local Usage
	0  -  Run Bytes Sent By Job
	0  -  Run Bytes Received By Job
	0  -  Total Bytes Sent By Job
	0  -  Total Bytes Received By Job
...
000 (1798248.000.000) 11/18 15:19:54 Job submitted from host: <130.199.206.69:49450>
...
001 (1798248.000.000) 11/18 15:27:47 Job executing on host: <130.199.206.210:46528>
...
006 (1798248.000.000) 11/18 15:32:55 Image size of job updated: 174556
...
006 (1798248.000.000) 11/18 15:37:55 Image size of job updated: 192796
...
006 (1798248.000.000) 11/18 15:42:55 Image size of job updated: 192824
...
006 (1798248.000.000) 11/18 15:47:55 Image size of job updated: 281932
...
006 (1798248.000.000) 11/18 15:52:55 Image size of job updated: 284884
...
006 (1798248.000.000) 11/18 15:57:55 Image size of job updated: 288096
...
006 (1798248.000.000) 11/18 16:02:55 Image size of job updated: 289376
...
006 (1798248.000.000) 11/18 16:07:55 Image size of job updated: 294488
...
006 (1798248.000.000) 11/18 16:12:56 Image size of job updated: 296548
...
005 (1798248.000.000) 11/18 16:34:07 Job terminated.
	(1) Normal termination (return value 0)
		Usr 0 00:44:10, Sys 0 00:00:08  -  Run Remote Usage
		Usr 0 00:00:00, Sys 0 00:00:00  -  Run Local Usage
		Usr 0 00:44:10, Sys 0 00:00:08  -  Total Remote Usage
		Usr 0 00:00:00, Sys 0 00:00:00  -  Total Local Usage
	0  -  Run Bytes Sent By Job
	0  -  Run Bytes Received By Job
	0  -  Total Bytes Sent By Job
	0  -  Total Bytes Received By Job
...
