000 (1753887.000.000) 11/14 02:17:04 Job submitted from host: <130.199.206.69:49450>
...
001 (1753887.000.000) 11/14 08:12:04 Job executing on host: <130.199.180.143:49383>
...
006 (1753887.000.000) 11/14 08:12:13 Image size of job updated: 146316
...
006 (1753887.000.000) 11/14 08:17:14 Image size of job updated: 280956
...
006 (1753887.000.000) 11/14 08:22:15 Image size of job updated: 281524
...
006 (1753887.000.000) 11/14 08:27:16 Image size of job updated: 282592
...
006 (1753887.000.000) 11/14 08:32:17 Image size of job updated: 284120
...
006 (1753887.000.000) 11/14 08:37:18 Image size of job updated: 284712
...
006 (1753887.000.000) 11/14 08:47:20 Image size of job updated: 285324
...
006 (1753887.000.000) 11/14 08:52:21 Image size of job updated: 286984
...
006 (1753887.000.000) 11/14 08:57:22 Image size of job updated: 289368
...
006 (1753887.000.000) 11/14 09:02:23 Image size of job updated: 289932
...
006 (1753887.000.000) 11/14 09:07:24 Image size of job updated: 290304
...
006 (1753887.000.000) 11/14 09:12:25 Image size of job updated: 290404
...
006 (1753887.000.000) 11/14 09:17:26 Image size of job updated: 315308
...
006 (1753887.000.000) 11/14 09:22:27 Image size of job updated: 319312
...
006 (1753887.000.000) 11/14 09:27:28 Image size of job updated: 326480
...
006 (1753887.000.000) 11/14 09:32:29 Image size of job updated: 332624
...
006 (1753887.000.000) 11/14 09:37:30 Image size of job updated: 335696
...
006 (1753887.000.000) 11/14 09:42:31 Image size of job updated: 336720
...
006 (1753887.000.000) 11/14 09:47:32 Image size of job updated: 337744
...
006 (1753887.000.000) 11/14 09:52:33 Image size of job updated: 338768
...
005 (1753887.000.000) 11/14 10:01:26 Job terminated.
	(1) Normal termination (return value 0)
		Usr 0 01:40:49, Sys 0 00:01:05  -  Run Remote Usage
		Usr 0 00:00:00, Sys 0 00:00:00  -  Run Local Usage
		Usr 0 01:40:49, Sys 0 00:01:05  -  Total Remote Usage
		Usr 0 00:00:00, Sys 0 00:00:00  -  Total Local Usage
	0  -  Run Bytes Sent By Job
	0  -  Run Bytes Received By Job
	0  -  Total Bytes Sent By Job
	0  -  Total Bytes Received By Job
...
