000 (1755342.000.000) 11/14 02:20:03 Job submitted from host: <130.199.206.69:49450>
...
001 (1755342.000.000) 11/15 12:43:11 Job executing on host: <130.199.180.136:52542>
...
006 (1755342.000.000) 11/15 12:48:19 Image size of job updated: 286568
...
006 (1755342.000.000) 11/15 12:53:19 Image size of job updated: 286704
...
006 (1755342.000.000) 11/15 12:58:19 Image size of job updated: 287516
...
006 (1755342.000.000) 11/15 13:08:19 Image size of job updated: 290628
...
006 (1755342.000.000) 11/15 13:13:19 Image size of job updated: 299060
...
006 (1755342.000.000) 11/15 13:18:19 Image size of job updated: 300192
...
005 (1755342.000.000) 11/15 13:22:52 Job terminated.
	(1) Normal termination (return value 0)
		Usr 0 00:34:26, Sys 0 00:00:14  -  Run Remote Usage
		Usr 0 00:00:00, Sys 0 00:00:00  -  Run Local Usage
		Usr 0 00:34:26, Sys 0 00:00:14  -  Total Remote Usage
		Usr 0 00:00:00, Sys 0 00:00:00  -  Total Local Usage
	0  -  Run Bytes Sent By Job
	0  -  Run Bytes Received By Job
	0  -  Total Bytes Sent By Job
	0  -  Total Bytes Received By Job
...
