000 (1754474.000.000) 11/14 02:18:34 Job submitted from host: <130.199.206.69:49450>
...
001 (1754474.000.000) 11/14 05:31:18 Job executing on host: <130.199.180.174:58974>
...
006 (1754474.000.000) 11/14 05:36:26 Image size of job updated: 284080
...
006 (1754474.000.000) 11/14 05:41:26 Image size of job updated: 285836
...
006 (1754474.000.000) 11/14 05:46:26 Image size of job updated: 286340
...
006 (1754474.000.000) 11/14 05:51:26 Image size of job updated: 286612
...
006 (1754474.000.000) 11/14 05:56:26 Image size of job updated: 287160
...
006 (1754474.000.000) 11/14 06:01:26 Image size of job updated: 288072
...
006 (1754474.000.000) 11/14 06:11:26 Image size of job updated: 289672
...
006 (1754474.000.000) 11/14 06:16:26 Image size of job updated: 291372
...
006 (1754474.000.000) 11/14 06:21:26 Image size of job updated: 291752
...
006 (1754474.000.000) 11/14 06:56:27 Image size of job updated: 292224
...
006 (1754474.000.000) 11/14 07:06:28 Image size of job updated: 292240
...
006 (1754474.000.000) 11/14 07:16:28 Image size of job updated: 292544
...
006 (1754474.000.000) 11/14 07:21:28 Image size of job updated: 293160
...
006 (1754474.000.000) 11/14 07:26:28 Image size of job updated: 293200
...
006 (1754474.000.000) 11/14 07:31:28 Image size of job updated: 296224
...
006 (1754474.000.000) 11/14 07:36:28 Image size of job updated: 296680
...
006 (1754474.000.000) 11/14 07:41:28 Image size of job updated: 296908
...
006 (1754474.000.000) 11/14 07:46:28 Image size of job updated: 297216
...
006 (1754474.000.000) 11/14 07:56:28 Image size of job updated: 297600
...
006 (1754474.000.000) 11/14 08:01:28 Image size of job updated: 297928
...
006 (1754474.000.000) 11/14 08:06:28 Image size of job updated: 298096
...
006 (1754474.000.000) 11/14 08:16:29 Image size of job updated: 299040
...
006 (1754474.000.000) 11/14 08:21:28 Image size of job updated: 299984
...
005 (1754474.000.000) 11/14 08:32:21 Job terminated.
	(1) Normal termination (return value 0)
		Usr 0 02:48:46, Sys 0 00:01:09  -  Run Remote Usage
		Usr 0 00:00:00, Sys 0 00:00:00  -  Run Local Usage
		Usr 0 02:48:46, Sys 0 00:01:09  -  Total Remote Usage
		Usr 0 00:00:00, Sys 0 00:00:00  -  Total Local Usage
	0  -  Run Bytes Sent By Job
	0  -  Run Bytes Received By Job
	0  -  Total Bytes Sent By Job
	0  -  Total Bytes Received By Job
...
