000 (1754576.000.000) 11/14 02:18:46 Job submitted from host: <130.199.206.69:49450>
...
001 (1754576.000.000) 11/14 05:24:38 Job executing on host: <130.199.206.219:58416>
...
006 (1754576.000.000) 11/14 05:24:47 Image size of job updated: 236400
...
006 (1754576.000.000) 11/14 05:29:48 Image size of job updated: 284964
...
006 (1754576.000.000) 11/14 05:34:49 Image size of job updated: 286700
...
006 (1754576.000.000) 11/14 05:44:51 Image size of job updated: 291496
...
006 (1754576.000.000) 11/14 05:49:52 Image size of job updated: 293924
...
006 (1754576.000.000) 11/14 05:54:53 Image size of job updated: 294176
...
006 (1754576.000.000) 11/14 05:59:54 Image size of job updated: 294620
...
006 (1754576.000.000) 11/14 06:04:55 Image size of job updated: 296068
...
006 (1754576.000.000) 11/14 06:09:56 Image size of job updated: 297024
...
006 (1754576.000.000) 11/14 06:14:57 Image size of job updated: 297824
...
006 (1754576.000.000) 11/14 06:19:58 Image size of job updated: 298296
...
005 (1754576.000.000) 11/14 06:26:08 Job terminated.
	(1) Normal termination (return value 0)
		Usr 0 00:39:32, Sys 0 00:00:08  -  Run Remote Usage
		Usr 0 00:00:00, Sys 0 00:00:00  -  Run Local Usage
		Usr 0 00:39:32, Sys 0 00:00:08  -  Total Remote Usage
		Usr 0 00:00:00, Sys 0 00:00:00  -  Total Local Usage
	0  -  Run Bytes Sent By Job
	0  -  Run Bytes Received By Job
	0  -  Total Bytes Sent By Job
	0  -  Total Bytes Received By Job
...
