000 (1753792.000.000) 11/14 02:16:47 Job submitted from host: <130.199.206.69:49450>
...
001 (1753792.000.000) 11/14 05:10:50 Job executing on host: <130.199.183.17:52518>
...
006 (1753792.000.000) 11/14 05:15:58 Image size of job updated: 284040
...
006 (1753792.000.000) 11/14 05:20:58 Image size of job updated: 285588
...
006 (1753792.000.000) 11/14 05:25:58 Image size of job updated: 285644
...
006 (1753792.000.000) 11/14 05:30:59 Image size of job updated: 286240
...
006 (1753792.000.000) 11/14 05:36:00 Image size of job updated: 286888
...
006 (1753792.000.000) 11/14 05:46:02 Image size of job updated: 287332
...
006 (1753792.000.000) 11/14 05:51:03 Image size of job updated: 288304
...
006 (1753792.000.000) 11/14 05:56:04 Image size of job updated: 290400
...
006 (1753792.000.000) 11/14 06:01:05 Image size of job updated: 290640
...
006 (1753792.000.000) 11/14 06:06:06 Image size of job updated: 290924
...
006 (1753792.000.000) 11/14 06:11:07 Image size of job updated: 291320
...
006 (1753792.000.000) 11/14 06:16:08 Image size of job updated: 292152
...
006 (1753792.000.000) 11/14 06:26:10 Image size of job updated: 292508
...
006 (1753792.000.000) 11/14 06:36:12 Image size of job updated: 292668
...
006 (1753792.000.000) 11/14 06:46:14 Image size of job updated: 294504
...
006 (1753792.000.000) 11/14 07:26:22 Image size of job updated: 294760
...
006 (1753792.000.000) 11/14 07:36:24 Image size of job updated: 294844
...
006 (1753792.000.000) 11/14 07:41:25 Image size of job updated: 295000
...
006 (1753792.000.000) 11/14 08:06:30 Image size of job updated: 295088
...
006 (1753792.000.000) 11/14 08:26:34 Image size of job updated: 324156
...
006 (1753792.000.000) 11/14 08:31:35 Image size of job updated: 336444
...
006 (1753792.000.000) 11/14 08:36:36 Image size of job updated: 339516
...
006 (1753792.000.000) 11/14 08:51:39 Image size of job updated: 340540
...
005 (1753792.000.000) 11/14 08:59:30 Job terminated.
	(1) Normal termination (return value 0)
		Usr 0 03:31:32, Sys 0 00:01:08  -  Run Remote Usage
		Usr 0 00:00:00, Sys 0 00:00:00  -  Run Local Usage
		Usr 0 03:31:32, Sys 0 00:01:08  -  Total Remote Usage
		Usr 0 00:00:00, Sys 0 00:00:00  -  Total Local Usage
	0  -  Run Bytes Sent By Job
	0  -  Run Bytes Received By Job
	0  -  Total Bytes Sent By Job
	0  -  Total Bytes Received By Job
...
