000 (1755246.000.000) 11/14 02:19:54 Job submitted from host: <130.199.206.69:49450>
...
001 (1755246.000.000) 11/15 21:16:13 Job executing on host: <130.199.207.46:39991>
...
006 (1755246.000.000) 11/15 21:16:21 Image size of job updated: 146316
...
006 (1755246.000.000) 11/15 21:21:21 Image size of job updated: 301252
...
006 (1755246.000.000) 11/15 21:26:21 Image size of job updated: 324116
...
006 (1755246.000.000) 11/15 21:31:22 Image size of job updated: 330272
...
006 (1755246.000.000) 11/15 21:36:23 Image size of job updated: 339496
...
006 (1755246.000.000) 11/15 21:41:24 Image size of job updated: 343592
...
006 (1755246.000.000) 11/15 21:46:25 Image size of job updated: 344616
...
006 (1755246.000.000) 11/15 21:56:27 Image size of job updated: 345640
...
006 (1755246.000.000) 11/15 22:06:29 Image size of job updated: 346664
...
006 (1755246.000.000) 11/15 22:16:31 Image size of job updated: 348712
...
005 (1755246.000.000) 11/15 22:39:37 Job terminated.
	(1) Normal termination (return value 0)
		Usr 0 01:16:52, Sys 0 00:00:17  -  Run Remote Usage
		Usr 0 00:00:00, Sys 0 00:00:00  -  Run Local Usage
		Usr 0 01:16:52, Sys 0 00:00:17  -  Total Remote Usage
		Usr 0 00:00:00, Sys 0 00:00:00  -  Total Local Usage
	0  -  Run Bytes Sent By Job
	0  -  Run Bytes Received By Job
	0  -  Total Bytes Sent By Job
	0  -  Total Bytes Received By Job
...
