000 (1753546.000.000) 11/14 02:15:48 Job submitted from host: <130.199.206.69:49450>
...
001 (1753546.000.000) 11/14 05:12:15 Job executing on host: <130.199.180.153:34872>
...
006 (1753546.000.000) 11/14 05:12:23 Image size of job updated: 192824
...
006 (1753546.000.000) 11/14 05:17:23 Image size of job updated: 289544
...
006 (1753546.000.000) 11/14 05:22:23 Image size of job updated: 292108
...
006 (1753546.000.000) 11/14 05:27:23 Image size of job updated: 292728
...
006 (1753546.000.000) 11/14 05:32:23 Image size of job updated: 294816
...
005 (1753546.000.000) 11/14 05:34:53 Job terminated.
	(1) Normal termination (return value 0)
		Usr 0 00:19:27, Sys 0 00:00:13  -  Run Remote Usage
		Usr 0 00:00:00, Sys 0 00:00:00  -  Run Local Usage
		Usr 0 00:19:27, Sys 0 00:00:13  -  Total Remote Usage
		Usr 0 00:00:00, Sys 0 00:00:00  -  Total Local Usage
	0  -  Run Bytes Sent By Job
	0  -  Run Bytes Received By Job
	0  -  Total Bytes Sent By Job
	0  -  Total Bytes Received By Job
...
