000 (1753483.000.000) 11/14 02:15:48 Job submitted from host: <130.199.206.69:49450>
...
001 (1753483.000.000) 11/14 05:21:07 Job executing on host: <130.199.183.23:36199>
...
006 (1753483.000.000) 11/14 05:26:15 Image size of job updated: 283900
...
006 (1753483.000.000) 11/14 05:31:15 Image size of job updated: 285052
...
006 (1753483.000.000) 11/14 05:36:15 Image size of job updated: 285648
...
006 (1753483.000.000) 11/14 05:46:15 Image size of job updated: 286380
...
006 (1753483.000.000) 11/14 05:51:15 Image size of job updated: 287092
...
006 (1753483.000.000) 11/14 06:01:15 Image size of job updated: 287452
...
006 (1753483.000.000) 11/14 06:06:15 Image size of job updated: 317800
...
006 (1753483.000.000) 11/14 06:11:15 Image size of job updated: 331112
...
006 (1753483.000.000) 11/14 06:16:16 Image size of job updated: 333160
...
006 (1753483.000.000) 11/14 06:21:17 Image size of job updated: 339304
...
006 (1753483.000.000) 11/14 06:26:18 Image size of job updated: 340328
...
006 (1753483.000.000) 11/14 06:51:23 Image size of job updated: 340508
...
006 (1753483.000.000) 11/14 07:41:33 Image size of job updated: 341224
...
006 (1753483.000.000) 11/14 07:46:34 Image size of job updated: 341532
...
006 (1753483.000.000) 11/14 08:06:38 Image size of job updated: 343580
...
006 (1753483.000.000) 11/14 08:26:42 Image size of job updated: 344604
...
005 (1753483.000.000) 11/14 09:32:09 Job terminated.
	(1) Normal termination (return value 0)
		Usr 0 03:42:17, Sys 0 00:01:47  -  Run Remote Usage
		Usr 0 00:00:00, Sys 0 00:00:00  -  Run Local Usage
		Usr 0 03:42:17, Sys 0 00:01:47  -  Total Remote Usage
		Usr 0 00:00:00, Sys 0 00:00:00  -  Total Local Usage
	0  -  Run Bytes Sent By Job
	0  -  Run Bytes Received By Job
	0  -  Total Bytes Sent By Job
	0  -  Total Bytes Received By Job
...
