000 (1753678.000.000) 11/14 02:16:28 Job submitted from host: <130.199.206.69:49450>
...
001 (1753678.000.000) 11/14 06:19:11 Job executing on host: <130.199.180.164:59873>
...
006 (1753678.000.000) 11/14 06:19:20 Image size of job updated: 226268
...
006 (1753678.000.000) 11/14 06:24:20 Image size of job updated: 280512
...
006 (1753678.000.000) 11/14 06:29:20 Image size of job updated: 287356
...
006 (1753678.000.000) 11/14 06:34:20 Image size of job updated: 289356
...
006 (1753678.000.000) 11/14 06:39:20 Image size of job updated: 291584
...
006 (1753678.000.000) 11/14 06:44:20 Image size of job updated: 293848
...
006 (1753678.000.000) 11/14 06:49:20 Image size of job updated: 294216
...
006 (1753678.000.000) 11/14 06:54:20 Image size of job updated: 294356
...
006 (1753678.000.000) 11/14 06:59:20 Image size of job updated: 295368
...
006 (1753678.000.000) 11/14 07:04:20 Image size of job updated: 298080
...
006 (1753678.000.000) 11/14 07:09:20 Image size of job updated: 298520
...
006 (1753678.000.000) 11/14 07:14:20 Image size of job updated: 298600
...
006 (1753678.000.000) 11/14 07:24:20 Image size of job updated: 299376
...
005 (1753678.000.000) 11/14 07:26:42 Job terminated.
	(1) Normal termination (return value 0)
		Usr 0 01:01:53, Sys 0 00:00:23  -  Run Remote Usage
		Usr 0 00:00:00, Sys 0 00:00:00  -  Run Local Usage
		Usr 0 01:01:53, Sys 0 00:00:23  -  Total Remote Usage
		Usr 0 00:00:00, Sys 0 00:00:00  -  Total Local Usage
	0  -  Run Bytes Sent By Job
	0  -  Run Bytes Received By Job
	0  -  Total Bytes Sent By Job
	0  -  Total Bytes Received By Job
...
