000 (1753416.000.000) 11/14 02:14:53 Job submitted from host: <130.199.206.69:49450>
...
001 (1753416.000.000) 11/14 05:10:30 Job executing on host: <130.199.180.161:59459>
...
006 (1753416.000.000) 11/14 05:10:39 Image size of job updated: 182656
...
006 (1753416.000.000) 11/14 05:15:39 Image size of job updated: 282060
...
006 (1753416.000.000) 11/14 05:20:39 Image size of job updated: 282900
...
006 (1753416.000.000) 11/14 05:25:39 Image size of job updated: 284464
...
006 (1753416.000.000) 11/14 05:35:39 Image size of job updated: 284620
...
006 (1753416.000.000) 11/14 05:45:39 Image size of job updated: 285452
...
006 (1753416.000.000) 11/14 05:55:39 Image size of job updated: 285612
...
006 (1753416.000.000) 11/14 06:00:39 Image size of job updated: 286868
...
006 (1753416.000.000) 11/14 06:05:39 Image size of job updated: 287592
...
006 (1753416.000.000) 11/14 06:10:39 Image size of job updated: 288736
...
006 (1753416.000.000) 11/14 06:15:39 Image size of job updated: 291904
...
006 (1753416.000.000) 11/14 06:25:39 Image size of job updated: 292328
...
006 (1753416.000.000) 11/14 06:30:39 Image size of job updated: 292500
...
006 (1753416.000.000) 11/14 06:55:39 Image size of job updated: 292852
...
006 (1753416.000.000) 11/14 07:00:39 Image size of job updated: 293640
...
006 (1753416.000.000) 11/14 07:10:39 Image size of job updated: 293704
...
006 (1753416.000.000) 11/14 07:15:39 Image size of job updated: 295012
...
006 (1753416.000.000) 11/14 07:30:39 Image size of job updated: 331848
...
006 (1753416.000.000) 11/14 07:35:39 Image size of job updated: 336968
...
006 (1753416.000.000) 11/14 07:40:39 Image size of job updated: 342088
...
006 (1753416.000.000) 11/14 08:00:39 Image size of job updated: 344136
...
006 (1753416.000.000) 11/14 08:10:39 Image size of job updated: 345160
...
006 (1753416.000.000) 11/14 08:15:39 Image size of job updated: 346184
...
006 (1753416.000.000) 11/14 08:25:39 Image size of job updated: 347208
...
005 (1753416.000.000) 11/14 08:54:58 Job terminated.
	(1) Normal termination (return value 0)
		Usr 0 03:05:49, Sys 0 00:01:35  -  Run Remote Usage
		Usr 0 00:00:00, Sys 0 00:00:00  -  Run Local Usage
		Usr 0 03:05:49, Sys 0 00:01:35  -  Total Remote Usage
		Usr 0 00:00:00, Sys 0 00:00:00  -  Total Local Usage
	0  -  Run Bytes Sent By Job
	0  -  Run Bytes Received By Job
	0  -  Total Bytes Sent By Job
	0  -  Total Bytes Received By Job
...
