000 (1755339.000.000) 11/14 02:20:03 Job submitted from host: <130.199.206.69:49450>
...
001 (1755339.000.000) 11/15 12:43:04 Job executing on host: <130.199.206.193:39886>
...
006 (1755339.000.000) 11/15 12:43:13 Image size of job updated: 174292
...
006 (1755339.000.000) 11/15 12:48:14 Image size of job updated: 283896
...
006 (1755339.000.000) 11/15 12:53:15 Image size of job updated: 285388
...
006 (1755339.000.000) 11/15 12:58:16 Image size of job updated: 286328
...
006 (1755339.000.000) 11/15 13:03:17 Image size of job updated: 291004
...
006 (1755339.000.000) 11/15 13:08:18 Image size of job updated: 293592
...
006 (1755339.000.000) 11/15 13:13:19 Image size of job updated: 294796
...
006 (1755339.000.000) 11/15 13:18:20 Image size of job updated: 296268
...
006 (1755339.000.000) 11/15 13:23:21 Image size of job updated: 296552
...
006 (1755339.000.000) 11/15 13:28:22 Image size of job updated: 297444
...
006 (1755339.000.000) 11/15 13:33:23 Image size of job updated: 297464
...
006 (1755339.000.000) 11/15 13:48:26 Image size of job updated: 298004
...
006 (1755339.000.000) 11/15 13:53:27 Image size of job updated: 298404
...
005 (1755339.000.000) 11/15 13:59:13 Job terminated.
	(1) Normal termination (return value 0)
		Usr 0 01:03:30, Sys 0 00:00:13  -  Run Remote Usage
		Usr 0 00:00:00, Sys 0 00:00:00  -  Run Local Usage
		Usr 0 01:03:30, Sys 0 00:00:13  -  Total Remote Usage
		Usr 0 00:00:00, Sys 0 00:00:00  -  Total Local Usage
	0  -  Run Bytes Sent By Job
	0  -  Run Bytes Received By Job
	0  -  Total Bytes Sent By Job
	0  -  Total Bytes Received By Job
...
