000 (1755069.000.000) 11/14 02:19:38 Job submitted from host: <130.199.206.69:49450>
...
001 (1755069.000.000) 11/15 11:51:50 Job executing on host: <130.199.183.22:48346>
...
006 (1755069.000.000) 11/15 11:56:58 Image size of job updated: 192820
...
006 (1755069.000.000) 11/15 12:01:58 Image size of job updated: 278628
...
006 (1755069.000.000) 11/15 12:06:58 Image size of job updated: 296252
...
006 (1755069.000.000) 11/15 12:11:58 Image size of job updated: 297372
...
006 (1755069.000.000) 11/15 12:16:58 Image size of job updated: 298284
...
005 (1755069.000.000) 11/15 12:21:40 Job terminated.
	(1) Normal termination (return value 0)
		Usr 0 00:20:08, Sys 0 00:00:10  -  Run Remote Usage
		Usr 0 00:00:00, Sys 0 00:00:00  -  Run Local Usage
		Usr 0 00:20:08, Sys 0 00:00:10  -  Total Remote Usage
		Usr 0 00:00:00, Sys 0 00:00:00  -  Total Local Usage
	0  -  Run Bytes Sent By Job
	0  -  Run Bytes Received By Job
	0  -  Total Bytes Sent By Job
	0  -  Total Bytes Received By Job
...
