000 (1753771.000.000) 11/14 02:16:47 Job submitted from host: <130.199.206.69:49450>
...
001 (1753771.000.000) 11/14 07:19:47 Job executing on host: <130.199.183.27:54138>
...
006 (1753771.000.000) 11/14 07:24:55 Image size of job updated: 284712
...
006 (1753771.000.000) 11/14 07:29:55 Image size of job updated: 285348
...
006 (1753771.000.000) 11/14 07:34:55 Image size of job updated: 285524
...
006 (1753771.000.000) 11/14 07:39:55 Image size of job updated: 288056
...
006 (1753771.000.000) 11/14 07:49:55 Image size of job updated: 288216
...
006 (1753771.000.000) 11/14 07:59:55 Image size of job updated: 289252
...
006 (1753771.000.000) 11/14 08:04:55 Image size of job updated: 290524
...
006 (1753771.000.000) 11/14 08:09:55 Image size of job updated: 291864
...
006 (1753771.000.000) 11/14 08:19:55 Image size of job updated: 291984
...
006 (1753771.000.000) 11/14 08:24:55 Image size of job updated: 292620
...
006 (1753771.000.000) 11/14 08:29:55 Image size of job updated: 292684
...
006 (1753771.000.000) 11/14 08:34:55 Image size of job updated: 293284
...
006 (1753771.000.000) 11/14 08:39:55 Image size of job updated: 319196
...
006 (1753771.000.000) 11/14 08:44:56 Image size of job updated: 331484
...
006 (1753771.000.000) 11/14 08:49:57 Image size of job updated: 335580
...
006 (1753771.000.000) 11/14 08:59:59 Image size of job updated: 337628
...
006 (1753771.000.000) 11/14 09:05:00 Image size of job updated: 338652
...
006 (1753771.000.000) 11/14 09:10:01 Image size of job updated: 339676
...
006 (1753771.000.000) 11/14 09:15:02 Image size of job updated: 340700
...
006 (1753771.000.000) 11/14 09:20:03 Image size of job updated: 341144
...
006 (1753771.000.000) 11/14 09:30:05 Image size of job updated: 342168
...
006 (1753771.000.000) 11/14 09:35:06 Image size of job updated: 343192
...
006 (1753771.000.000) 11/14 09:50:09 Image size of job updated: 344216
...
006 (1753771.000.000) 11/14 10:00:11 Image size of job updated: 345240
...
006 (1753771.000.000) 11/14 10:40:19 Image size of job updated: 346264
...
006 (1753771.000.000) 11/14 11:00:23 Image size of job updated: 347288
...
005 (1753771.000.000) 11/14 11:44:13 Job terminated.
	(1) Normal termination (return value 0)
		Usr 0 03:54:26, Sys 0 00:02:00  -  Run Remote Usage
		Usr 0 00:00:00, Sys 0 00:00:00  -  Run Local Usage
		Usr 0 03:54:26, Sys 0 00:02:00  -  Total Remote Usage
		Usr 0 00:00:00, Sys 0 00:00:00  -  Total Local Usage
	0  -  Run Bytes Sent By Job
	0  -  Run Bytes Received By Job
	0  -  Total Bytes Sent By Job
	0  -  Total Bytes Received By Job
...
