000 (1754595.000.000) 11/14 02:18:46 Job submitted from host: <130.199.206.69:49450>
...
001 (1754595.000.000) 11/14 06:05:37 Job executing on host: <130.199.180.178:51879>
...
006 (1754595.000.000) 11/14 06:10:45 Image size of job updated: 284484
...
006 (1754595.000.000) 11/14 06:15:45 Image size of job updated: 285884
...
006 (1754595.000.000) 11/14 06:25:45 Image size of job updated: 286500
...
006 (1754595.000.000) 11/14 06:30:45 Image size of job updated: 287828
...
006 (1754595.000.000) 11/14 06:35:45 Image size of job updated: 289356
...
006 (1754595.000.000) 11/14 06:40:45 Image size of job updated: 291084
...
006 (1754595.000.000) 11/14 06:45:45 Image size of job updated: 291476
...
006 (1754595.000.000) 11/14 06:50:45 Image size of job updated: 292640
...
006 (1754595.000.000) 11/14 07:10:45 Image size of job updated: 292772
...
006 (1754595.000.000) 11/14 07:15:45 Image size of job updated: 293692
...
006 (1754595.000.000) 11/14 07:35:45 Image size of job updated: 297044
...
006 (1754595.000.000) 11/14 07:40:45 Image size of job updated: 299096
...
006 (1754595.000.000) 11/14 07:45:45 Image size of job updated: 299104
...
006 (1754595.000.000) 11/14 07:50:45 Image size of job updated: 299828
...
005 (1754595.000.000) 11/14 07:52:55 Job terminated.
	(1) Normal termination (return value 0)
		Usr 0 01:33:23, Sys 0 00:00:46  -  Run Remote Usage
		Usr 0 00:00:00, Sys 0 00:00:00  -  Run Local Usage
		Usr 0 01:33:23, Sys 0 00:00:46  -  Total Remote Usage
		Usr 0 00:00:00, Sys 0 00:00:00  -  Total Local Usage
	0  -  Run Bytes Sent By Job
	0  -  Run Bytes Received By Job
	0  -  Total Bytes Sent By Job
	0  -  Total Bytes Received By Job
...
