000 (1753426.000.000) 11/14 02:14:53 Job submitted from host: <130.199.206.69:49450>
...
001 (1753426.000.000) 11/14 04:50:06 Job executing on host: <130.199.180.151:44408>
...
006 (1753426.000.000) 11/14 04:50:15 Image size of job updated: 208116
...
006 (1753426.000.000) 11/14 04:55:16 Image size of job updated: 284728
...
006 (1753426.000.000) 11/14 05:00:17 Image size of job updated: 286320
...
006 (1753426.000.000) 11/14 05:15:20 Image size of job updated: 287708
...
006 (1753426.000.000) 11/14 05:20:21 Image size of job updated: 288668
...
006 (1753426.000.000) 11/14 05:35:24 Image size of job updated: 288716
...
006 (1753426.000.000) 11/14 05:40:25 Image size of job updated: 292452
...
006 (1753426.000.000) 11/14 05:45:26 Image size of job updated: 293724
...
006 (1753426.000.000) 11/14 05:50:27 Image size of job updated: 293824
...
006 (1753426.000.000) 11/14 05:55:28 Image size of job updated: 294868
...
006 (1753426.000.000) 11/14 06:05:30 Image size of job updated: 295124
...
006 (1753426.000.000) 11/14 06:10:31 Image size of job updated: 295856
...
006 (1753426.000.000) 11/14 06:15:32 Image size of job updated: 304272
...
006 (1753426.000.000) 11/14 06:20:32 Image size of job updated: 314264
...
006 (1753426.000.000) 11/14 06:25:32 Image size of job updated: 332828
...
006 (1753426.000.000) 11/14 06:30:32 Image size of job updated: 335900
...
006 (1753426.000.000) 11/14 06:35:32 Image size of job updated: 338972
...
006 (1753426.000.000) 11/14 06:45:32 Image size of job updated: 341020
...
006 (1753426.000.000) 11/14 06:50:32 Image size of job updated: 342044
...
006 (1753426.000.000) 11/14 06:55:32 Image size of job updated: 343068
...
005 (1753426.000.000) 11/14 07:58:15 Job terminated.
	(1) Normal termination (return value 0)
		Usr 0 02:54:24, Sys 0 00:01:15  -  Run Remote Usage
		Usr 0 00:00:00, Sys 0 00:00:00  -  Run Local Usage
		Usr 0 02:54:24, Sys 0 00:01:15  -  Total Remote Usage
		Usr 0 00:00:00, Sys 0 00:00:00  -  Total Local Usage
	0  -  Run Bytes Sent By Job
	0  -  Run Bytes Received By Job
	0  -  Total Bytes Sent By Job
	0  -  Total Bytes Received By Job
...
