000 (1753880.000.000) 11/14 02:17:04 Job submitted from host: <130.199.206.69:49450>
...
001 (1753880.000.000) 11/14 05:51:48 Job executing on host: <130.199.180.145:42379>
...
006 (1753880.000.000) 11/14 05:51:56 Image size of job updated: 149756
...
006 (1753880.000.000) 11/14 05:56:56 Image size of job updated: 282704
...
006 (1753880.000.000) 11/14 06:01:56 Image size of job updated: 283948
...
006 (1753880.000.000) 11/14 06:06:56 Image size of job updated: 285336
...
006 (1753880.000.000) 11/14 06:16:56 Image size of job updated: 286708
...
006 (1753880.000.000) 11/14 06:21:56 Image size of job updated: 287164
...
006 (1753880.000.000) 11/14 06:31:58 Image size of job updated: 291688
...
006 (1753880.000.000) 11/14 06:36:59 Image size of job updated: 295120
...
006 (1753880.000.000) 11/14 06:42:00 Image size of job updated: 295664
...
006 (1753880.000.000) 11/14 06:47:01 Image size of job updated: 296880
...
006 (1753880.000.000) 11/14 07:02:04 Image size of job updated: 298088
...
006 (1753880.000.000) 11/14 07:07:05 Image size of job updated: 298984
...
006 (1753880.000.000) 11/14 07:37:11 Image size of job updated: 299720
...
006 (1753880.000.000) 11/14 07:52:14 Image size of job updated: 299948
...
005 (1753880.000.000) 11/14 07:52:36 Job terminated.
	(1) Normal termination (return value 0)
		Usr 0 01:52:40, Sys 0 00:00:53  -  Run Remote Usage
		Usr 0 00:00:00, Sys 0 00:00:00  -  Run Local Usage
		Usr 0 01:52:40, Sys 0 00:00:53  -  Total Remote Usage
		Usr 0 00:00:00, Sys 0 00:00:00  -  Total Local Usage
	0  -  Run Bytes Sent By Job
	0  -  Run Bytes Received By Job
	0  -  Total Bytes Sent By Job
	0  -  Total Bytes Received By Job
...
