000 (1755350.000.000) 11/14 02:20:03 Job submitted from host: <130.199.206.69:49450>
...
001 (1755350.000.000) 11/15 12:43:28 Job executing on host: <130.199.180.166:41628>
...
006 (1755350.000.000) 11/15 12:43:36 Image size of job updated: 136496
...
006 (1755350.000.000) 11/15 12:48:36 Image size of job updated: 286040
...
006 (1755350.000.000) 11/15 12:53:36 Image size of job updated: 288224
...
006 (1755350.000.000) 11/15 13:03:36 Image size of job updated: 288540
...
006 (1755350.000.000) 11/15 13:08:36 Image size of job updated: 288836
...
005 (1755350.000.000) 11/15 13:13:27 Job terminated.
	(1) Normal termination (return value 0)
		Usr 0 00:26:21, Sys 0 00:00:28  -  Run Remote Usage
		Usr 0 00:00:00, Sys 0 00:00:00  -  Run Local Usage
		Usr 0 00:26:21, Sys 0 00:00:28  -  Total Remote Usage
		Usr 0 00:00:00, Sys 0 00:00:00  -  Total Local Usage
	0  -  Run Bytes Sent By Job
	0  -  Run Bytes Received By Job
	0  -  Total Bytes Sent By Job
	0  -  Total Bytes Received By Job
...
