000 (1754778.000.000) 11/14 02:19:12 Job submitted from host: <130.199.206.69:49450>
...
001 (1754778.000.000) 11/14 08:48:45 Job executing on host: <130.199.206.197:59722>
...
006 (1754778.000.000) 11/14 08:48:53 Image size of job updated: 174312
...
006 (1754778.000.000) 11/14 08:53:53 Image size of job updated: 284016
...
006 (1754778.000.000) 11/14 08:58:53 Image size of job updated: 285012
...
006 (1754778.000.000) 11/14 09:08:55 Image size of job updated: 285396
...
006 (1754778.000.000) 11/14 09:13:56 Image size of job updated: 286716
...
006 (1754778.000.000) 11/14 09:18:57 Image size of job updated: 289516
...
006 (1754778.000.000) 11/14 09:23:58 Image size of job updated: 291344
...
006 (1754778.000.000) 11/14 09:28:59 Image size of job updated: 293116
...
006 (1754778.000.000) 11/14 09:34:00 Image size of job updated: 298536
...
006 (1754778.000.000) 11/14 09:39:01 Image size of job updated: 299868
...
006 (1754778.000.000) 11/14 09:49:03 Image size of job updated: 300308
...
006 (1754778.000.000) 11/14 09:54:04 Image size of job updated: 301376
...
005 (1754778.000.000) 11/14 10:23:56 Job terminated.
	(1) Normal termination (return value 0)
		Usr 0 01:19:45, Sys 0 00:00:14  -  Run Remote Usage
		Usr 0 00:00:00, Sys 0 00:00:00  -  Run Local Usage
		Usr 0 01:19:45, Sys 0 00:00:14  -  Total Remote Usage
		Usr 0 00:00:00, Sys 0 00:00:00  -  Total Local Usage
	0  -  Run Bytes Sent By Job
	0  -  Run Bytes Received By Job
	0  -  Total Bytes Sent By Job
	0  -  Total Bytes Received By Job
...
