000 (1754581.000.000) 11/14 02:18:46 Job submitted from host: <130.199.206.69:49450>
...
001 (1754581.000.000) 11/14 05:32:32 Job executing on host: <130.199.183.20:45557>
...
006 (1754581.000.000) 11/14 05:32:40 Image size of job updated: 173804
...
006 (1754581.000.000) 11/14 05:37:40 Image size of job updated: 283800
...
006 (1754581.000.000) 11/14 05:42:40 Image size of job updated: 286100
...
006 (1754581.000.000) 11/14 05:47:40 Image size of job updated: 286312
...
006 (1754581.000.000) 11/14 05:57:40 Image size of job updated: 286620
...
006 (1754581.000.000) 11/14 06:02:40 Image size of job updated: 287264
...
006 (1754581.000.000) 11/14 06:12:40 Image size of job updated: 288328
...
006 (1754581.000.000) 11/14 06:22:40 Image size of job updated: 289336
...
006 (1754581.000.000) 11/14 06:27:40 Image size of job updated: 290608
...
006 (1754581.000.000) 11/14 06:32:40 Image size of job updated: 291344
...
006 (1754581.000.000) 11/14 06:37:40 Image size of job updated: 292192
...
006 (1754581.000.000) 11/14 06:52:43 Image size of job updated: 292440
...
006 (1754581.000.000) 11/14 07:02:45 Image size of job updated: 292464
...
006 (1754581.000.000) 11/14 07:07:46 Image size of job updated: 292784
...
006 (1754581.000.000) 11/14 07:12:47 Image size of job updated: 293556
...
006 (1754581.000.000) 11/14 07:27:50 Image size of job updated: 294692
...
006 (1754581.000.000) 11/14 07:32:51 Image size of job updated: 295480
...
006 (1754581.000.000) 11/14 08:43:05 Image size of job updated: 295780
...
006 (1754581.000.000) 11/14 09:03:09 Image size of job updated: 296164
...
006 (1754581.000.000) 11/14 09:18:12 Image size of job updated: 321676
...
006 (1754581.000.000) 11/14 09:23:13 Image size of job updated: 338060
...
006 (1754581.000.000) 11/14 09:28:14 Image size of job updated: 339084
...
006 (1754581.000.000) 11/14 09:33:15 Image size of job updated: 340108
...
006 (1754581.000.000) 11/14 09:38:16 Image size of job updated: 341132
...
005 (1754581.000.000) 11/14 09:52:57 Job terminated.
	(1) Normal termination (return value 0)
		Usr 0 03:39:39, Sys 0 00:01:34  -  Run Remote Usage
		Usr 0 00:00:00, Sys 0 00:00:00  -  Run Local Usage
		Usr 0 03:39:39, Sys 0 00:01:34  -  Total Remote Usage
		Usr 0 00:00:00, Sys 0 00:00:00  -  Total Local Usage
	0  -  Run Bytes Sent By Job
	0  -  Run Bytes Received By Job
	0  -  Total Bytes Sent By Job
	0  -  Total Bytes Received By Job
...
