000 (1755451.000.000) 11/14 02:20:10 Job submitted from host: <130.199.206.69:49450>
...
001 (1755451.000.000) 11/15 17:23:37 Job executing on host: <130.199.183.23:36199>
...
006 (1755451.000.000) 11/15 17:23:45 Image size of job updated: 158644
...
006 (1755451.000.000) 11/15 17:28:45 Image size of job updated: 287148
...
006 (1755451.000.000) 11/15 17:33:45 Image size of job updated: 289112
...
005 (1755451.000.000) 11/15 17:37:48 Job terminated.
	(1) Normal termination (return value 0)
		Usr 0 00:11:50, Sys 0 00:00:08  -  Run Remote Usage
		Usr 0 00:00:00, Sys 0 00:00:00  -  Run Local Usage
		Usr 0 00:11:50, Sys 0 00:00:08  -  Total Remote Usage
		Usr 0 00:00:00, Sys 0 00:00:00  -  Total Local Usage
	0  -  Run Bytes Sent By Job
	0  -  Run Bytes Received By Job
	0  -  Total Bytes Sent By Job
	0  -  Total Bytes Received By Job
...
