000 (1755086.000.000) 11/14 02:19:46 Job submitted from host: <130.199.206.69:49450>
...
001 (1755086.000.000) 11/15 18:31:01 Job executing on host: <130.199.180.152:59096>
...
006 (1755086.000.000) 11/15 18:36:09 Image size of job updated: 286496
...
006 (1755086.000.000) 11/15 18:41:09 Image size of job updated: 290352
...
006 (1755086.000.000) 11/15 18:46:09 Image size of job updated: 291388
...
006 (1755086.000.000) 11/15 18:51:09 Image size of job updated: 322508
...
006 (1755086.000.000) 11/15 18:56:09 Image size of job updated: 331724
...
005 (1755086.000.000) 11/15 19:45:37 Job terminated.
	(1) Normal termination (return value 0)
		Usr 0 01:06:29, Sys 0 00:00:48  -  Run Remote Usage
		Usr 0 00:00:00, Sys 0 00:00:00  -  Run Local Usage
		Usr 0 01:06:29, Sys 0 00:00:48  -  Total Remote Usage
		Usr 0 00:00:00, Sys 0 00:00:00  -  Total Local Usage
	0  -  Run Bytes Sent By Job
	0  -  Run Bytes Received By Job
	0  -  Total Bytes Sent By Job
	0  -  Total Bytes Received By Job
...
