000 (1755305.000.000) 11/14 02:20:03 Job submitted from host: <130.199.206.69:49450>
...
001 (1755305.000.000) 11/15 12:40:14 Job executing on host: <130.199.183.16:34724>
...
006 (1755305.000.000) 11/15 12:45:22 Image size of job updated: 278852
...
006 (1755305.000.000) 11/15 12:50:22 Image size of job updated: 282284
...
006 (1755305.000.000) 11/15 12:55:22 Image size of job updated: 283444
...
006 (1755305.000.000) 11/15 13:00:22 Image size of job updated: 284512
...
006 (1755305.000.000) 11/15 13:05:22 Image size of job updated: 285760
...
006 (1755305.000.000) 11/15 13:10:22 Image size of job updated: 288572
...
006 (1755305.000.000) 11/15 13:15:22 Image size of job updated: 291796
...
006 (1755305.000.000) 11/15 13:20:23 Image size of job updated: 292724
...
006 (1755305.000.000) 11/15 13:25:24 Image size of job updated: 311460
...
006 (1755305.000.000) 11/15 13:30:25 Image size of job updated: 335012
...
006 (1755305.000.000) 11/15 13:35:26 Image size of job updated: 339108
...
006 (1755305.000.000) 11/15 13:45:28 Image size of job updated: 340644
...
006 (1755305.000.000) 11/15 13:55:30 Image size of job updated: 343716
...
006 (1755305.000.000) 11/15 14:05:32 Image size of job updated: 344740
...
005 (1755305.000.000) 11/15 14:08:44 Job terminated.
	(1) Normal termination (return value 0)
		Usr 0 01:12:37, Sys 0 00:01:05  -  Run Remote Usage
		Usr 0 00:00:00, Sys 0 00:00:00  -  Run Local Usage
		Usr 0 01:12:37, Sys 0 00:01:05  -  Total Remote Usage
		Usr 0 00:00:00, Sys 0 00:00:00  -  Total Local Usage
	0  -  Run Bytes Sent By Job
	0  -  Run Bytes Received By Job
	0  -  Total Bytes Sent By Job
	0  -  Total Bytes Received By Job
...
