000 (1753783.000.000) 11/14 02:16:47 Job submitted from host: <130.199.206.69:49450>
...
001 (1753783.000.000) 11/14 04:32:30 Job executing on host: <130.199.183.30:49801>
...
006 (1753783.000.000) 11/14 04:32:38 Image size of job updated: 72804
...
006 (1753783.000.000) 11/14 04:37:38 Image size of job updated: 284640
...
006 (1753783.000.000) 11/14 04:42:38 Image size of job updated: 286432
...
006 (1753783.000.000) 11/14 04:47:38 Image size of job updated: 286468
...
006 (1753783.000.000) 11/14 04:52:38 Image size of job updated: 288544
...
006 (1753783.000.000) 11/14 05:07:38 Image size of job updated: 290396
...
006 (1753783.000.000) 11/14 05:12:38 Image size of job updated: 290928
...
006 (1753783.000.000) 11/14 05:17:38 Image size of job updated: 292148
...
006 (1753783.000.000) 11/14 05:52:38 Image size of job updated: 292216
...
006 (1753783.000.000) 11/14 05:57:38 Image size of job updated: 292332
...
006 (1753783.000.000) 11/14 06:07:39 Image size of job updated: 292844
...
006 (1753783.000.000) 11/14 06:12:40 Image size of job updated: 293232
...
006 (1753783.000.000) 11/14 06:22:42 Image size of job updated: 293424
...
006 (1753783.000.000) 11/14 06:32:44 Image size of job updated: 293932
...
006 (1753783.000.000) 11/14 06:47:47 Image size of job updated: 293960
...
006 (1753783.000.000) 11/14 06:52:48 Image size of job updated: 294924
...
006 (1753783.000.000) 11/14 07:12:52 Image size of job updated: 295084
...
006 (1753783.000.000) 11/14 07:22:54 Image size of job updated: 295200
...
006 (1753783.000.000) 11/14 07:37:57 Image size of job updated: 295496
...
005 (1753783.000.000) 11/14 08:05:15 Job terminated.
	(1) Normal termination (return value 0)
		Usr 0 03:14:01, Sys 0 00:01:37  -  Run Remote Usage
		Usr 0 00:00:00, Sys 0 00:00:00  -  Run Local Usage
		Usr 0 03:14:01, Sys 0 00:01:37  -  Total Remote Usage
		Usr 0 00:00:00, Sys 0 00:00:00  -  Total Local Usage
	0  -  Run Bytes Sent By Job
	0  -  Run Bytes Received By Job
	0  -  Total Bytes Sent By Job
	0  -  Total Bytes Received By Job
...
