000 (1754881.000.000) 11/14 02:19:27 Job submitted from host: <130.199.206.69:49450>
...
001 (1754881.000.000) 11/15 10:51:03 Job executing on host: <130.199.183.7:49948>
...
006 (1754881.000.000) 11/15 10:51:12 Image size of job updated: 40164
...
006 (1754881.000.000) 11/15 10:56:13 Image size of job updated: 331676
...
006 (1754881.000.000) 11/15 11:56:25 Image size of job updated: 336524
...
006 (1754881.000.000) 11/15 12:01:27 Image size of job updated: 339596
...
006 (1754881.000.000) 11/15 12:06:27 Image size of job updated: 341644
...
006 (1754881.000.000) 11/15 12:11:27 Image size of job updated: 342668
...
006 (1754881.000.000) 11/15 12:21:29 Image size of job updated: 342876
...
006 (1754881.000.000) 11/15 12:26:30 Image size of job updated: 344924
...
006 (1754881.000.000) 11/15 12:51:35 Image size of job updated: 346972
...
006 (1754881.000.000) 11/15 13:01:37 Image size of job updated: 347996
...
006 (1754881.000.000) 11/15 13:06:38 Image size of job updated: 349020
...
005 (1754881.000.000) 11/15 13:09:27 Job terminated.
	(1) Normal termination (return value 0)
		Usr 0 01:27:21, Sys 0 00:00:41  -  Run Remote Usage
		Usr 0 00:00:00, Sys 0 00:00:00  -  Run Local Usage
		Usr 0 01:27:21, Sys 0 00:00:41  -  Total Remote Usage
		Usr 0 00:00:00, Sys 0 00:00:00  -  Total Local Usage
	0  -  Run Bytes Sent By Job
	0  -  Run Bytes Received By Job
	0  -  Total Bytes Sent By Job
	0  -  Total Bytes Received By Job
...
