000 (1754452.000.000) 11/14 02:18:20 Job submitted from host: <130.199.206.69:49450>
...
001 (1754452.000.000) 11/14 05:21:47 Job executing on host: <130.199.180.155:36902>
...
006 (1754452.000.000) 11/14 05:21:56 Image size of job updated: 192828
...
006 (1754452.000.000) 11/14 05:26:57 Image size of job updated: 281012
...
006 (1754452.000.000) 11/14 05:31:58 Image size of job updated: 285984
...
006 (1754452.000.000) 11/14 05:36:59 Image size of job updated: 295592
...
006 (1754452.000.000) 11/14 05:42:00 Image size of job updated: 296484
...
006 (1754452.000.000) 11/14 05:47:01 Image size of job updated: 297556
...
005 (1754452.000.000) 11/14 05:52:21 Job terminated.
	(1) Normal termination (return value 0)
		Usr 0 00:27:29, Sys 0 00:00:15  -  Run Remote Usage
		Usr 0 00:00:00, Sys 0 00:00:00  -  Run Local Usage
		Usr 0 00:27:29, Sys 0 00:00:15  -  Total Remote Usage
		Usr 0 00:00:00, Sys 0 00:00:00  -  Total Local Usage
	0  -  Run Bytes Sent By Job
	0  -  Run Bytes Received By Job
	0  -  Total Bytes Sent By Job
	0  -  Total Bytes Received By Job
...
