000 (1753659.000.000) 11/14 02:16:08 Job submitted from host: <130.199.206.69:49450>
...
001 (1753659.000.000) 11/14 03:00:24 Job executing on host: <130.199.183.4:60279>
...
006 (1753659.000.000) 11/14 03:00:33 Image size of job updated: 239276
...
006 (1753659.000.000) 11/14 03:05:34 Image size of job updated: 284024
...
006 (1753659.000.000) 11/14 03:10:35 Image size of job updated: 287136
...
006 (1753659.000.000) 11/14 03:20:35 Image size of job updated: 288072
...
006 (1753659.000.000) 11/14 03:25:35 Image size of job updated: 288924
...
006 (1753659.000.000) 11/14 03:30:35 Image size of job updated: 288952
...
006 (1753659.000.000) 11/14 03:45:35 Image size of job updated: 291296
...
006 (1753659.000.000) 11/14 04:05:35 Image size of job updated: 292284
...
006 (1753659.000.000) 11/14 04:20:35 Image size of job updated: 292508
...
006 (1753659.000.000) 11/14 04:25:35 Image size of job updated: 292728
...
006 (1753659.000.000) 11/14 05:10:40 Image size of job updated: 292844
...
006 (1753659.000.000) 11/14 05:20:42 Image size of job updated: 293716
...
006 (1753659.000.000) 11/14 05:25:43 Image size of job updated: 293964
...
006 (1753659.000.000) 11/14 05:30:44 Image size of job updated: 295076
...
006 (1753659.000.000) 11/14 05:35:45 Image size of job updated: 296032
...
006 (1753659.000.000) 11/14 05:45:47 Image size of job updated: 296040
...
006 (1753659.000.000) 11/14 05:55:49 Image size of job updated: 296092
...
006 (1753659.000.000) 11/14 06:00:50 Image size of job updated: 296208
...
006 (1753659.000.000) 11/14 06:15:53 Image size of job updated: 296632
...
006 (1753659.000.000) 11/14 06:20:54 Image size of job updated: 296952
...
006 (1753659.000.000) 11/14 06:25:55 Image size of job updated: 297060
...
006 (1753659.000.000) 11/14 07:01:02 Image size of job updated: 297524
...
006 (1753659.000.000) 11/14 07:06:03 Image size of job updated: 297608
...
006 (1753659.000.000) 11/14 07:16:05 Image size of job updated: 298224
...
005 (1753659.000.000) 11/14 07:19:09 Job terminated.
	(1) Normal termination (return value 0)
		Usr 0 03:53:57, Sys 0 00:01:50  -  Run Remote Usage
		Usr 0 00:00:00, Sys 0 00:00:00  -  Run Local Usage
		Usr 0 03:53:57, Sys 0 00:01:50  -  Total Remote Usage
		Usr 0 00:00:00, Sys 0 00:00:00  -  Total Local Usage
	0  -  Run Bytes Sent By Job
	0  -  Run Bytes Received By Job
	0  -  Total Bytes Sent By Job
	0  -  Total Bytes Received By Job
...
