000 (1754574.000.000) 11/14 02:18:46 Job submitted from host: <130.199.206.69:49450>
...
001 (1754574.000.000) 11/14 05:31:26 Job executing on host: <130.199.183.13:48319>
...
006 (1754574.000.000) 11/14 05:31:35 Image size of job updated: 72780
...
006 (1754574.000.000) 11/14 05:36:36 Image size of job updated: 284164
...
006 (1754574.000.000) 11/14 05:41:37 Image size of job updated: 284724
...
006 (1754574.000.000) 11/14 05:46:38 Image size of job updated: 286264
...
006 (1754574.000.000) 11/14 05:56:40 Image size of job updated: 287440
...
006 (1754574.000.000) 11/14 06:01:41 Image size of job updated: 289260
...
006 (1754574.000.000) 11/14 06:11:43 Image size of job updated: 289452
...
006 (1754574.000.000) 11/14 06:21:45 Image size of job updated: 290636
...
006 (1754574.000.000) 11/14 06:26:46 Image size of job updated: 291568
...
006 (1754574.000.000) 11/14 06:31:47 Image size of job updated: 291856
...
006 (1754574.000.000) 11/14 06:36:48 Image size of job updated: 291996
...
006 (1754574.000.000) 11/14 06:41:49 Image size of job updated: 292712
...
006 (1754574.000.000) 11/14 06:46:50 Image size of job updated: 306096
...
006 (1754574.000.000) 11/14 06:51:51 Image size of job updated: 324528
...
006 (1754574.000.000) 11/14 06:56:52 Image size of job updated: 330672
...
006 (1754574.000.000) 11/14 07:01:53 Image size of job updated: 334768
...
006 (1754574.000.000) 11/14 07:06:54 Image size of job updated: 336816
...
006 (1754574.000.000) 11/14 07:11:55 Image size of job updated: 337840
...
006 (1754574.000.000) 11/14 07:21:57 Image size of job updated: 338864
...
006 (1754574.000.000) 11/14 07:26:58 Image size of job updated: 339888
...
006 (1754574.000.000) 11/14 07:31:59 Image size of job updated: 341936
...
006 (1754574.000.000) 11/14 07:42:01 Image size of job updated: 342960
...
006 (1754574.000.000) 11/14 07:47:02 Image size of job updated: 343984
...
006 (1754574.000.000) 11/14 08:17:08 Image size of job updated: 344316
...
005 (1754574.000.000) 11/14 08:29:43 Job terminated.
	(1) Normal termination (return value 0)
		Usr 0 02:42:14, Sys 0 00:01:07  -  Run Remote Usage
		Usr 0 00:00:00, Sys 0 00:00:00  -  Run Local Usage
		Usr 0 02:42:14, Sys 0 00:01:07  -  Total Remote Usage
		Usr 0 00:00:00, Sys 0 00:00:00  -  Total Local Usage
	0  -  Run Bytes Sent By Job
	0  -  Run Bytes Received By Job
	0  -  Total Bytes Sent By Job
	0  -  Total Bytes Received By Job
...
