000 (1754901.000.000) 11/14 02:19:27 Job submitted from host: <130.199.206.69:49450>
...
001 (1754901.000.000) 11/15 11:26:17 Job executing on host: <130.199.206.199:52231>
...
006 (1754901.000.000) 11/15 11:26:26 Image size of job updated: 142096
...
006 (1754901.000.000) 11/15 11:31:27 Image size of job updated: 281124
...
006 (1754901.000.000) 11/15 11:36:28 Image size of job updated: 284180
...
006 (1754901.000.000) 11/15 11:41:29 Image size of job updated: 286016
...
006 (1754901.000.000) 11/15 11:46:30 Image size of job updated: 286756
...
006 (1754901.000.000) 11/15 11:51:31 Image size of job updated: 293796
...
006 (1754901.000.000) 11/15 11:56:32 Image size of job updated: 296968
...
006 (1754901.000.000) 11/15 12:01:33 Image size of job updated: 298332
...
006 (1754901.000.000) 11/15 12:11:35 Image size of job updated: 298612
...
006 (1754901.000.000) 11/15 12:46:42 Image size of job updated: 298984
...
006 (1754901.000.000) 11/15 12:56:44 Image size of job updated: 301012
...
005 (1754901.000.000) 11/15 13:07:19 Job terminated.
	(1) Normal termination (return value 0)
		Usr 0 01:27:48, Sys 0 00:00:14  -  Run Remote Usage
		Usr 0 00:00:00, Sys 0 00:00:00  -  Run Local Usage
		Usr 0 01:27:48, Sys 0 00:00:14  -  Total Remote Usage
		Usr 0 00:00:00, Sys 0 00:00:00  -  Total Local Usage
	0  -  Run Bytes Sent By Job
	0  -  Run Bytes Received By Job
	0  -  Total Bytes Sent By Job
	0  -  Total Bytes Received By Job
...
