000 (1754510.000.000) 11/14 02:18:34 Job submitted from host: <130.199.206.69:49450>
...
001 (1754510.000.000) 11/14 05:20:34 Job executing on host: <130.199.180.158:55404>
...
006 (1754510.000.000) 11/14 05:25:42 Image size of job updated: 305320
...
006 (1754510.000.000) 11/14 05:30:42 Image size of job updated: 314536
...
006 (1754510.000.000) 11/14 05:35:42 Image size of job updated: 334004
...
006 (1754510.000.000) 11/14 05:40:42 Image size of job updated: 335028
...
006 (1754510.000.000) 11/14 05:50:42 Image size of job updated: 339124
...
006 (1754510.000.000) 11/14 06:00:42 Image size of job updated: 340148
...
006 (1754510.000.000) 11/14 06:05:42 Image size of job updated: 341172
...
006 (1754510.000.000) 11/14 07:20:42 Image size of job updated: 342196
...
006 (1754510.000.000) 11/14 07:25:43 Image size of job updated: 343220
...
006 (1754510.000.000) 11/14 07:45:47 Image size of job updated: 344244
...
006 (1754510.000.000) 11/14 07:50:48 Image size of job updated: 345268
...
005 (1754510.000.000) 11/14 08:02:45 Job terminated.
	(1) Normal termination (return value 0)
		Usr 0 02:27:21, Sys 0 00:01:15  -  Run Remote Usage
		Usr 0 00:00:00, Sys 0 00:00:00  -  Run Local Usage
		Usr 0 02:27:21, Sys 0 00:01:15  -  Total Remote Usage
		Usr 0 00:00:00, Sys 0 00:00:00  -  Total Local Usage
	0  -  Run Bytes Sent By Job
	0  -  Run Bytes Received By Job
	0  -  Total Bytes Sent By Job
	0  -  Total Bytes Received By Job
...
