000 (1753486.000.000) 11/14 02:15:48 Job submitted from host: <130.199.206.69:49450>
...
001 (1753486.000.000) 11/14 03:17:12 Job executing on host: <130.199.206.205:42506>
...
006 (1753486.000.000) 11/14 03:17:21 Image size of job updated: 174196
...
006 (1753486.000.000) 11/14 03:22:22 Image size of job updated: 282868
...
006 (1753486.000.000) 11/14 03:27:23 Image size of job updated: 283184
...
006 (1753486.000.000) 11/14 03:32:24 Image size of job updated: 290672
...
006 (1753486.000.000) 11/14 03:37:25 Image size of job updated: 291776
...
006 (1753486.000.000) 11/14 03:42:26 Image size of job updated: 295000
...
006 (1753486.000.000) 11/14 03:47:27 Image size of job updated: 295856
...
006 (1753486.000.000) 11/14 04:02:30 Image size of job updated: 296016
...
006 (1753486.000.000) 11/14 04:07:31 Image size of job updated: 296616
...
006 (1753486.000.000) 11/14 04:12:32 Image size of job updated: 296992
...
005 (1753486.000.000) 11/14 04:14:11 Job terminated.
	(1) Normal termination (return value 0)
		Usr 0 00:50:10, Sys 0 00:00:12  -  Run Remote Usage
		Usr 0 00:00:00, Sys 0 00:00:00  -  Run Local Usage
		Usr 0 00:50:10, Sys 0 00:00:12  -  Total Remote Usage
		Usr 0 00:00:00, Sys 0 00:00:00  -  Total Local Usage
	0  -  Run Bytes Sent By Job
	0  -  Run Bytes Received By Job
	0  -  Total Bytes Sent By Job
	0  -  Total Bytes Received By Job
...
