000 (1753526.000.000) 11/14 02:15:48 Job submitted from host: <130.199.206.69:49450>
...
001 (1753526.000.000) 11/14 03:33:11 Job executing on host: <130.199.180.152:59096>
...
006 (1753526.000.000) 11/14 03:38:19 Image size of job updated: 287412
...
006 (1753526.000.000) 11/14 03:48:19 Image size of job updated: 287936
...
006 (1753526.000.000) 11/14 03:53:19 Image size of job updated: 288088
...
006 (1753526.000.000) 11/14 03:58:19 Image size of job updated: 292044
...
006 (1753526.000.000) 11/14 04:03:19 Image size of job updated: 316132
...
006 (1753526.000.000) 11/14 04:08:19 Image size of job updated: 324324
...
006 (1753526.000.000) 11/14 04:13:19 Image size of job updated: 332516
...
006 (1753526.000.000) 11/14 04:18:19 Image size of job updated: 335588
...
006 (1753526.000.000) 11/14 04:23:19 Image size of job updated: 336612
...
006 (1753526.000.000) 11/14 04:28:19 Image size of job updated: 337636
...
006 (1753526.000.000) 11/14 04:33:19 Image size of job updated: 338660
...
006 (1753526.000.000) 11/14 04:43:19 Image size of job updated: 339684
...
006 (1753526.000.000) 11/14 04:48:19 Image size of job updated: 341732
...
006 (1753526.000.000) 11/14 04:58:19 Image size of job updated: 342756
...
006 (1753526.000.000) 11/14 05:18:19 Image size of job updated: 343780
...
006 (1753526.000.000) 11/14 05:48:19 Image size of job updated: 344804
...
006 (1753526.000.000) 11/14 06:08:19 Image size of job updated: 345828
...
006 (1753526.000.000) 11/14 06:53:19 Image size of job updated: 346852
...
005 (1753526.000.000) 11/14 07:11:57 Job terminated.
	(1) Normal termination (return value 0)
		Usr 0 03:04:59, Sys 0 00:01:55  -  Run Remote Usage
		Usr 0 00:00:00, Sys 0 00:00:00  -  Run Local Usage
		Usr 0 03:04:59, Sys 0 00:01:55  -  Total Remote Usage
		Usr 0 00:00:00, Sys 0 00:00:00  -  Total Local Usage
	0  -  Run Bytes Sent By Job
	0  -  Run Bytes Received By Job
	0  -  Total Bytes Sent By Job
	0  -  Total Bytes Received By Job
...
