000 (1754425.000.000) 11/14 02:18:20 Job submitted from host: <130.199.206.69:49450>
...
001 (1754425.000.000) 11/14 05:34:08 Job executing on host: <130.199.180.149:32900>
...
006 (1754425.000.000) 11/14 05:39:18 Image size of job updated: 284248
...
006 (1754425.000.000) 11/14 05:44:19 Image size of job updated: 286208
...
006 (1754425.000.000) 11/14 05:49:20 Image size of job updated: 286580
...
006 (1754425.000.000) 11/14 05:54:20 Image size of job updated: 286788
...
006 (1754425.000.000) 11/14 06:09:20 Image size of job updated: 287256
...
006 (1754425.000.000) 11/14 06:14:20 Image size of job updated: 288668
...
006 (1754425.000.000) 11/14 06:19:20 Image size of job updated: 289224
...
006 (1754425.000.000) 11/14 06:24:20 Image size of job updated: 293688
...
006 (1754425.000.000) 11/14 06:39:20 Image size of job updated: 293968
...
006 (1754425.000.000) 11/14 06:49:20 Image size of job updated: 294120
...
006 (1754425.000.000) 11/14 06:54:20 Image size of job updated: 294508
...
006 (1754425.000.000) 11/14 06:59:20 Image size of job updated: 294640
...
006 (1754425.000.000) 11/14 07:04:20 Image size of job updated: 294844
...
006 (1754425.000.000) 11/14 07:29:20 Image size of job updated: 324348
...
006 (1754425.000.000) 11/14 07:34:20 Image size of job updated: 331516
...
006 (1754425.000.000) 11/14 07:39:20 Image size of job updated: 335612
...
006 (1754425.000.000) 11/14 07:44:20 Image size of job updated: 337660
...
006 (1754425.000.000) 11/14 07:49:20 Image size of job updated: 338684
...
006 (1754425.000.000) 11/14 07:54:20 Image size of job updated: 339708
...
006 (1754425.000.000) 11/14 07:59:20 Image size of job updated: 341756
...
006 (1754425.000.000) 11/14 08:04:20 Image size of job updated: 343804
...
006 (1754425.000.000) 11/14 08:54:20 Image size of job updated: 344336
...
005 (1754425.000.000) 11/14 09:29:37 Job terminated.
	(1) Normal termination (return value 0)
		Usr 0 03:32:59, Sys 0 00:01:45  -  Run Remote Usage
		Usr 0 00:00:00, Sys 0 00:00:00  -  Run Local Usage
		Usr 0 03:32:59, Sys 0 00:01:45  -  Total Remote Usage
		Usr 0 00:00:00, Sys 0 00:00:00  -  Total Local Usage
	0  -  Run Bytes Sent By Job
	0  -  Run Bytes Received By Job
	0  -  Total Bytes Sent By Job
	0  -  Total Bytes Received By Job
...
