000 (1755090.000.000) 11/14 02:19:46 Job submitted from host: <130.199.206.69:49450>
...
001 (1755090.000.000) 11/15 15:59:08 Job executing on host: <130.199.183.8:37063>
...
006 (1755090.000.000) 11/15 15:59:16 Image size of job updated: 208096
...
006 (1755090.000.000) 11/15 16:04:16 Image size of job updated: 289520
...
006 (1755090.000.000) 11/15 16:09:16 Image size of job updated: 290604
...
006 (1755090.000.000) 11/15 16:14:16 Image size of job updated: 291836
...
006 (1755090.000.000) 11/15 16:19:16 Image size of job updated: 293032
...
005 (1755090.000.000) 11/15 16:19:22 Job terminated.
	(1) Normal termination (return value 0)
		Usr 0 00:15:40, Sys 0 00:00:06  -  Run Remote Usage
		Usr 0 00:00:00, Sys 0 00:00:00  -  Run Local Usage
		Usr 0 00:15:40, Sys 0 00:00:06  -  Total Remote Usage
		Usr 0 00:00:00, Sys 0 00:00:00  -  Total Local Usage
	0  -  Run Bytes Sent By Job
	0  -  Run Bytes Received By Job
	0  -  Total Bytes Sent By Job
	0  -  Total Bytes Received By Job
...
