000 (1755193.000.000) 11/14 02:19:54 Job submitted from host: <130.199.206.69:49450>
...
001 (1755193.000.000) 11/15 12:09:03 Job executing on host: <130.199.180.160:58882>
...
006 (1755193.000.000) 11/15 12:09:12 Image size of job updated: 173648
...
006 (1755193.000.000) 11/15 12:14:13 Image size of job updated: 283176
...
006 (1755193.000.000) 11/15 12:19:14 Image size of job updated: 306340
...
006 (1755193.000.000) 11/15 12:24:15 Image size of job updated: 316580
...
006 (1755193.000.000) 11/15 12:29:16 Image size of job updated: 322724
...
006 (1755193.000.000) 11/15 12:34:17 Image size of job updated: 331948
...
006 (1755193.000.000) 11/15 12:44:19 Image size of job updated: 333996
...
006 (1755193.000.000) 11/15 12:54:21 Image size of job updated: 336044
...
006 (1755193.000.000) 11/15 12:59:22 Image size of job updated: 338092
...
006 (1755193.000.000) 11/15 13:19:26 Image size of job updated: 338168
...
006 (1755193.000.000) 11/15 13:24:27 Image size of job updated: 338296
...
006 (1755193.000.000) 11/15 13:34:29 Image size of job updated: 339864
...
006 (1755193.000.000) 11/15 13:39:30 Image size of job updated: 339892
...
006 (1755193.000.000) 11/15 14:19:38 Image size of job updated: 340468
...
005 (1755193.000.000) 11/15 14:22:49 Job terminated.
	(1) Normal termination (return value 0)
		Usr 0 01:55:07, Sys 0 00:00:57  -  Run Remote Usage
		Usr 0 00:00:00, Sys 0 00:00:00  -  Run Local Usage
		Usr 0 01:55:07, Sys 0 00:00:57  -  Total Remote Usage
		Usr 0 00:00:00, Sys 0 00:00:00  -  Total Local Usage
	0  -  Run Bytes Sent By Job
	0  -  Run Bytes Received By Job
	0  -  Total Bytes Sent By Job
	0  -  Total Bytes Received By Job
...
