000 (1754534.000.000) 11/14 02:18:34 Job submitted from host: <130.199.206.69:49450>
...
001 (1754534.000.000) 11/14 12:57:18 Job executing on host: <130.199.180.150:41617>
...
006 (1754534.000.000) 11/14 13:02:26 Image size of job updated: 285176
...
006 (1754534.000.000) 11/14 13:07:26 Image size of job updated: 286880
...
006 (1754534.000.000) 11/14 13:17:26 Image size of job updated: 288204
...
006 (1754534.000.000) 11/14 13:27:26 Image size of job updated: 288820
...
006 (1754534.000.000) 11/14 13:32:26 Image size of job updated: 288844
...
006 (1754534.000.000) 11/14 13:37:26 Image size of job updated: 292304
...
006 (1754534.000.000) 11/14 13:47:26 Image size of job updated: 297448
...
006 (1754534.000.000) 11/14 13:52:26 Image size of job updated: 331760
...
005 (1754534.000.000) 11/14 13:56:46 Job terminated.
	(1) Normal termination (return value 0)
		Usr 0 00:53:45, Sys 0 00:00:35  -  Run Remote Usage
		Usr 0 00:00:00, Sys 0 00:00:00  -  Run Local Usage
		Usr 0 00:53:45, Sys 0 00:00:35  -  Total Remote Usage
		Usr 0 00:00:00, Sys 0 00:00:00  -  Total Local Usage
	0  -  Run Bytes Sent By Job
	0  -  Run Bytes Received By Job
	0  -  Total Bytes Sent By Job
	0  -  Total Bytes Received By Job
...
