000 (1755051.000.000) 11/14 02:19:38 Job submitted from host: <130.199.206.69:49450>
...
001 (1755051.000.000) 11/15 11:48:14 Job executing on host: <130.199.206.209:51289>
...
006 (1755051.000.000) 11/15 11:48:23 Image size of job updated: 8820
...
006 (1755051.000.000) 11/15 11:53:24 Image size of job updated: 285012
...
006 (1755051.000.000) 11/15 11:58:25 Image size of job updated: 285920
...
006 (1755051.000.000) 11/15 12:03:26 Image size of job updated: 286820
...
006 (1755051.000.000) 11/15 12:08:27 Image size of job updated: 288660
...
006 (1755051.000.000) 11/15 12:13:28 Image size of job updated: 290996
...
006 (1755051.000.000) 11/15 12:18:29 Image size of job updated: 291828
...
006 (1755051.000.000) 11/15 12:23:30 Image size of job updated: 293852
...
006 (1755051.000.000) 11/15 12:43:31 Image size of job updated: 293932
...
006 (1755051.000.000) 11/15 12:58:31 Image size of job updated: 294424
...
006 (1755051.000.000) 11/15 13:03:31 Image size of job updated: 295804
...
006 (1755051.000.000) 11/15 14:53:31 Image size of job updated: 312252
...
006 (1755051.000.000) 11/15 14:58:31 Image size of job updated: 318396
...
006 (1755051.000.000) 11/15 15:03:31 Image size of job updated: 329660
...
006 (1755051.000.000) 11/15 15:08:31 Image size of job updated: 334780
...
006 (1755051.000.000) 11/15 15:13:31 Image size of job updated: 336828
...
006 (1755051.000.000) 11/15 15:23:31 Image size of job updated: 337852
...
005 (1755051.000.000) 11/15 15:27:32 Job terminated.
	(1) Normal termination (return value 0)
		Usr 0 02:00:32, Sys 0 00:00:29  -  Run Remote Usage
		Usr 0 00:00:00, Sys 0 00:00:00  -  Run Local Usage
		Usr 0 02:00:32, Sys 0 00:00:29  -  Total Remote Usage
		Usr 0 00:00:00, Sys 0 00:00:00  -  Total Local Usage
	0  -  Run Bytes Sent By Job
	0  -  Run Bytes Received By Job
	0  -  Total Bytes Sent By Job
	0  -  Total Bytes Received By Job
...
