000 (1754580.000.000) 11/14 02:18:46 Job submitted from host: <130.199.206.69:49450>
...
001 (1754580.000.000) 11/14 05:32:28 Job executing on host: <130.199.183.6:57580>
...
006 (1754580.000.000) 11/14 05:32:37 Image size of job updated: 213944
...
006 (1754580.000.000) 11/14 05:37:38 Image size of job updated: 284020
...
006 (1754580.000.000) 11/14 05:42:39 Image size of job updated: 284796
...
006 (1754580.000.000) 11/14 05:47:40 Image size of job updated: 285244
...
006 (1754580.000.000) 11/14 05:52:41 Image size of job updated: 285568
...
006 (1754580.000.000) 11/14 05:57:42 Image size of job updated: 285580
...
006 (1754580.000.000) 11/14 06:02:43 Image size of job updated: 286516
...
006 (1754580.000.000) 11/14 06:12:45 Image size of job updated: 286584
...
006 (1754580.000.000) 11/14 06:17:46 Image size of job updated: 286996
...
006 (1754580.000.000) 11/14 06:22:47 Image size of job updated: 287200
...
006 (1754580.000.000) 11/14 06:27:48 Image size of job updated: 287652
...
006 (1754580.000.000) 11/14 06:42:51 Image size of job updated: 288120
...
006 (1754580.000.000) 11/14 06:52:53 Image size of job updated: 290272
...
006 (1754580.000.000) 11/14 07:02:53 Image size of job updated: 290796
...
006 (1754580.000.000) 11/14 07:07:53 Image size of job updated: 291796
...
006 (1754580.000.000) 11/14 07:22:53 Image size of job updated: 292936
...
006 (1754580.000.000) 11/14 07:32:53 Image size of job updated: 293160
...
006 (1754580.000.000) 11/14 07:42:53 Image size of job updated: 293232
...
006 (1754580.000.000) 11/14 07:47:53 Image size of job updated: 294600
...
005 (1754580.000.000) 11/14 08:51:47 Job terminated.
	(1) Normal termination (return value 0)
		Usr 0 02:31:21, Sys 0 00:00:58  -  Run Remote Usage
		Usr 0 00:00:00, Sys 0 00:00:00  -  Run Local Usage
		Usr 0 02:31:21, Sys 0 00:00:58  -  Total Remote Usage
		Usr 0 00:00:00, Sys 0 00:00:00  -  Total Local Usage
	0  -  Run Bytes Sent By Job
	0  -  Run Bytes Received By Job
	0  -  Total Bytes Sent By Job
	0  -  Total Bytes Received By Job
...
