000 (1754570.000.000) 11/14 02:18:34 Job submitted from host: <130.199.206.69:49450>
...
001 (1754570.000.000) 11/14 05:31:15 Job executing on host: <130.199.180.144:40361>
...
006 (1754570.000.000) 11/14 05:31:23 Image size of job updated: 72776
...
006 (1754570.000.000) 11/14 05:36:23 Image size of job updated: 283588
...
006 (1754570.000.000) 11/14 05:41:23 Image size of job updated: 283888
...
006 (1754570.000.000) 11/14 05:46:23 Image size of job updated: 286120
...
006 (1754570.000.000) 11/14 06:01:23 Image size of job updated: 286396
...
006 (1754570.000.000) 11/14 06:11:23 Image size of job updated: 286420
...
006 (1754570.000.000) 11/14 06:16:23 Image size of job updated: 287064
...
006 (1754570.000.000) 11/14 06:26:23 Image size of job updated: 287388
...
006 (1754570.000.000) 11/14 06:31:23 Image size of job updated: 287556
...
006 (1754570.000.000) 11/14 06:36:23 Image size of job updated: 287836
...
006 (1754570.000.000) 11/14 06:41:23 Image size of job updated: 288544
...
006 (1754570.000.000) 11/14 06:46:23 Image size of job updated: 289956
...
006 (1754570.000.000) 11/14 06:51:23 Image size of job updated: 290184
...
006 (1754570.000.000) 11/14 06:56:23 Image size of job updated: 290672
...
006 (1754570.000.000) 11/14 07:01:23 Image size of job updated: 291872
...
006 (1754570.000.000) 11/14 07:11:23 Image size of job updated: 292676
...
006 (1754570.000.000) 11/14 07:16:23 Image size of job updated: 293180
...
006 (1754570.000.000) 11/14 07:21:23 Image size of job updated: 293336
...
006 (1754570.000.000) 11/14 07:26:23 Image size of job updated: 293888
...
006 (1754570.000.000) 11/14 07:46:23 Image size of job updated: 293996
...
006 (1754570.000.000) 11/14 07:56:23 Image size of job updated: 298588
...
006 (1754570.000.000) 11/14 08:01:23 Image size of job updated: 299260
...
005 (1754570.000.000) 11/14 08:04:04 Job terminated.
	(1) Normal termination (return value 0)
		Usr 0 01:51:07, Sys 0 00:00:38  -  Run Remote Usage
		Usr 0 00:00:00, Sys 0 00:00:00  -  Run Local Usage
		Usr 0 01:51:07, Sys 0 00:00:38  -  Total Remote Usage
		Usr 0 00:00:00, Sys 0 00:00:00  -  Total Local Usage
	0  -  Run Bytes Sent By Job
	0  -  Run Bytes Received By Job
	0  -  Total Bytes Sent By Job
	0  -  Total Bytes Received By Job
...
