000 (1754886.000.000) 11/14 02:19:27 Job submitted from host: <130.199.206.69:49450>
...
001 (1754886.000.000) 11/15 10:50:51 Job executing on host: <130.199.206.166:42375>
...
006 (1754886.000.000) 11/15 10:50:59 Image size of job updated: 8820
...
006 (1754886.000.000) 11/15 10:55:59 Image size of job updated: 173924
...
006 (1754886.000.000) 11/15 11:00:59 Image size of job updated: 182396
...
006 (1754886.000.000) 11/15 11:05:59 Image size of job updated: 188056
...
006 (1754886.000.000) 11/15 11:10:59 Image size of job updated: 284380
...
006 (1754886.000.000) 11/15 11:15:59 Image size of job updated: 308616
...
006 (1754886.000.000) 11/15 11:20:59 Image size of job updated: 320808
...
006 (1754886.000.000) 11/15 11:25:59 Image size of job updated: 325928
...
006 (1754886.000.000) 11/15 11:31:00 Image size of job updated: 326952
...
006 (1754886.000.000) 11/15 11:46:03 Image size of job updated: 330024
...
006 (1754886.000.000) 11/15 11:51:04 Image size of job updated: 331740
...
006 (1754886.000.000) 11/15 11:56:05 Image size of job updated: 333788
...
006 (1754886.000.000) 11/15 12:21:10 Image size of job updated: 336860
...
006 (1754886.000.000) 11/15 12:26:11 Image size of job updated: 337884
...
006 (1754886.000.000) 11/15 13:26:14 Image size of job updated: 339932
...
006 (1754886.000.000) 11/15 13:46:14 Image size of job updated: 340956
...
006 (1754886.000.000) 11/15 14:26:22 Image size of job updated: 343048
...
006 (1754886.000.000) 11/15 14:31:23 Image size of job updated: 343064
...
005 (1754886.000.000) 11/15 14:42:25 Job terminated.
	(1) Normal termination (return value 0)
		Usr 0 03:17:11, Sys 0 00:01:18  -  Run Remote Usage
		Usr 0 00:00:00, Sys 0 00:00:00  -  Run Local Usage
		Usr 0 03:17:11, Sys 0 00:01:18  -  Total Remote Usage
		Usr 0 00:00:00, Sys 0 00:00:00  -  Total Local Usage
	0  -  Run Bytes Sent By Job
	0  -  Run Bytes Received By Job
	0  -  Total Bytes Sent By Job
	0  -  Total Bytes Received By Job
...
