000 (1753820.000.000) 11/14 02:16:47 Job submitted from host: <130.199.206.69:49450>
...
001 (1753820.000.000) 11/14 08:08:59 Job executing on host: <130.199.206.197:59722>
...
006 (1753820.000.000) 11/14 08:09:08 Image size of job updated: 159184
...
006 (1753820.000.000) 11/14 08:14:09 Image size of job updated: 284812
...
006 (1753820.000.000) 11/14 08:19:10 Image size of job updated: 285764
...
006 (1753820.000.000) 11/14 08:24:11 Image size of job updated: 286012
...
006 (1753820.000.000) 11/14 08:29:12 Image size of job updated: 287076
...
006 (1753820.000.000) 11/14 08:34:13 Image size of job updated: 292612
...
006 (1753820.000.000) 11/14 08:39:14 Image size of job updated: 297560
...
006 (1753820.000.000) 11/14 08:44:15 Image size of job updated: 298804
...
006 (1753820.000.000) 11/14 09:14:21 Image size of job updated: 299272
...
006 (1753820.000.000) 11/14 09:29:24 Image size of job updated: 316256
...
006 (1753820.000.000) 11/14 09:34:25 Image size of job updated: 336736
...
006 (1753820.000.000) 11/14 09:39:26 Image size of job updated: 340828
...
006 (1753820.000.000) 11/14 09:44:27 Image size of job updated: 342876
...
006 (1753820.000.000) 11/14 09:49:28 Image size of job updated: 344924
...
006 (1753820.000.000) 11/14 09:54:29 Image size of job updated: 345948
...
006 (1753820.000.000) 11/14 09:59:30 Image size of job updated: 346972
...
006 (1753820.000.000) 11/14 10:04:31 Image size of job updated: 349020
...
006 (1753820.000.000) 11/14 10:19:31 Image size of job updated: 350044
...
005 (1753820.000.000) 11/14 10:20:43 Job terminated.
	(1) Normal termination (return value 0)
		Usr 0 01:57:59, Sys 0 00:00:23  -  Run Remote Usage
		Usr 0 00:00:00, Sys 0 00:00:00  -  Run Local Usage
		Usr 0 01:57:59, Sys 0 00:00:23  -  Total Remote Usage
		Usr 0 00:00:00, Sys 0 00:00:00  -  Total Local Usage
	0  -  Run Bytes Sent By Job
	0  -  Run Bytes Received By Job
	0  -  Total Bytes Sent By Job
	0  -  Total Bytes Received By Job
...
