000 (1755232.000.000) 11/14 02:19:54 Job submitted from host: <130.199.206.69:49450>
...
001 (1755232.000.000) 11/15 12:21:39 Job executing on host: <130.199.183.26:55119>
...
006 (1755232.000.000) 11/15 12:26:49 Image size of job updated: 174164
...
006 (1755232.000.000) 11/15 12:31:50 Image size of job updated: 192800
...
006 (1755232.000.000) 11/15 12:36:51 Image size of job updated: 283264
...
006 (1755232.000.000) 11/15 12:41:52 Image size of job updated: 287764
...
006 (1755232.000.000) 11/15 12:46:53 Image size of job updated: 288868
...
006 (1755232.000.000) 11/15 12:51:54 Image size of job updated: 292388
...
006 (1755232.000.000) 11/15 12:56:55 Image size of job updated: 293552
...
006 (1755232.000.000) 11/15 13:01:56 Image size of job updated: 297400
...
006 (1755232.000.000) 11/15 13:06:57 Image size of job updated: 298176
...
006 (1755232.000.000) 11/15 13:11:58 Image size of job updated: 298916
...
005 (1755232.000.000) 11/15 13:13:54 Job terminated.
	(1) Normal termination (return value 0)
		Usr 0 00:36:15, Sys 0 00:00:22  -  Run Remote Usage
		Usr 0 00:00:00, Sys 0 00:00:00  -  Run Local Usage
		Usr 0 00:36:15, Sys 0 00:00:22  -  Total Remote Usage
		Usr 0 00:00:00, Sys 0 00:00:00  -  Total Local Usage
	0  -  Run Bytes Sent By Job
	0  -  Run Bytes Received By Job
	0  -  Total Bytes Sent By Job
	0  -  Total Bytes Received By Job
...
