000 (1753388.000.000) 11/14 02:14:53 Job submitted from host: <130.199.206.69:49450>
...
001 (1753388.000.000) 11/14 05:42:39 Job executing on host: <130.199.180.153:34872>
...
006 (1753388.000.000) 11/14 05:47:49 Image size of job updated: 290304
...
006 (1753388.000.000) 11/14 05:52:50 Image size of job updated: 291792
...
006 (1753388.000.000) 11/14 06:07:53 Image size of job updated: 292656
...
006 (1753388.000.000) 11/14 06:12:54 Image size of job updated: 292972
...
006 (1753388.000.000) 11/14 06:22:56 Image size of job updated: 293776
...
006 (1753388.000.000) 11/14 06:27:57 Image size of job updated: 295620
...
006 (1753388.000.000) 11/14 06:32:58 Image size of job updated: 296512
...
006 (1753388.000.000) 11/14 06:37:59 Image size of job updated: 296948
...
006 (1753388.000.000) 11/14 06:43:00 Image size of job updated: 298176
...
006 (1753388.000.000) 11/14 06:48:01 Image size of job updated: 298632
...
006 (1753388.000.000) 11/14 06:58:03 Image size of job updated: 298640
...
006 (1753388.000.000) 11/14 07:08:05 Image size of job updated: 298732
...
006 (1753388.000.000) 11/14 07:13:06 Image size of job updated: 298824
...
005 (1753388.000.000) 11/14 07:14:12 Job terminated.
	(1) Normal termination (return value 0)
		Usr 0 01:23:06, Sys 0 00:00:46  -  Run Remote Usage
		Usr 0 00:00:00, Sys 0 00:00:00  -  Run Local Usage
		Usr 0 01:23:06, Sys 0 00:00:46  -  Total Remote Usage
		Usr 0 00:00:00, Sys 0 00:00:00  -  Total Local Usage
	0  -  Run Bytes Sent By Job
	0  -  Run Bytes Received By Job
	0  -  Total Bytes Sent By Job
	0  -  Total Bytes Received By Job
...
