000 (1753676.000.000) 11/14 02:16:28 Job submitted from host: <130.199.206.69:49450>
...
001 (1753676.000.000) 11/14 05:23:05 Job executing on host: <130.199.180.135:32930>
...
006 (1753676.000.000) 11/14 05:28:15 Image size of job updated: 284452
...
006 (1753676.000.000) 11/14 05:33:16 Image size of job updated: 285516
...
006 (1753676.000.000) 11/14 05:38:17 Image size of job updated: 286244
...
006 (1753676.000.000) 11/14 05:43:18 Image size of job updated: 291692
...
006 (1753676.000.000) 11/14 05:48:19 Image size of job updated: 293608
...
006 (1753676.000.000) 11/14 05:53:20 Image size of job updated: 297856
...
006 (1753676.000.000) 11/14 05:58:21 Image size of job updated: 298108
...
006 (1753676.000.000) 11/14 06:28:26 Image size of job updated: 298900
...
006 (1753676.000.000) 11/14 06:38:26 Image size of job updated: 300248
...
006 (1753676.000.000) 11/14 06:43:26 Image size of job updated: 300484
...
006 (1753676.000.000) 11/14 07:03:26 Image size of job updated: 301900
...
006 (1753676.000.000) 11/14 07:13:26 Image size of job updated: 302392
...
005 (1753676.000.000) 11/14 07:26:02 Job terminated.
	(1) Normal termination (return value 0)
		Usr 0 01:50:10, Sys 0 00:00:38  -  Run Remote Usage
		Usr 0 00:00:00, Sys 0 00:00:00  -  Run Local Usage
		Usr 0 01:50:10, Sys 0 00:00:38  -  Total Remote Usage
		Usr 0 00:00:00, Sys 0 00:00:00  -  Total Local Usage
	0  -  Run Bytes Sent By Job
	0  -  Run Bytes Received By Job
	0  -  Total Bytes Sent By Job
	0  -  Total Bytes Received By Job
...
