000 (1753424.000.000) 11/14 02:14:53 Job submitted from host: <130.199.206.69:49450>
...
001 (1753424.000.000) 11/14 05:04:06 Job executing on host: <130.199.183.17:52518>
...
006 (1753424.000.000) 11/14 05:09:14 Image size of job updated: 280440
...
006 (1753424.000.000) 11/14 05:14:14 Image size of job updated: 282860
...
006 (1753424.000.000) 11/14 05:19:14 Image size of job updated: 285628
...
006 (1753424.000.000) 11/14 05:24:14 Image size of job updated: 291928
...
006 (1753424.000.000) 11/14 05:29:14 Image size of job updated: 292928
...
006 (1753424.000.000) 11/14 05:34:14 Image size of job updated: 294460
...
006 (1753424.000.000) 11/14 05:39:14 Image size of job updated: 294628
...
006 (1753424.000.000) 11/14 05:44:14 Image size of job updated: 296652
...
005 (1753424.000.000) 11/14 05:51:17 Job terminated.
	(1) Normal termination (return value 0)
		Usr 0 00:43:53, Sys 0 00:00:19  -  Run Remote Usage
		Usr 0 00:00:00, Sys 0 00:00:00  -  Run Local Usage
		Usr 0 00:43:53, Sys 0 00:00:19  -  Total Remote Usage
		Usr 0 00:00:00, Sys 0 00:00:00  -  Total Local Usage
	0  -  Run Bytes Sent By Job
	0  -  Run Bytes Received By Job
	0  -  Total Bytes Sent By Job
	0  -  Total Bytes Received By Job
...
