000 (1754752.000.000) 11/14 02:18:59 Job submitted from host: <130.199.206.69:49450>
...
001 (1754752.000.000) 11/14 08:40:49 Job executing on host: <130.199.180.140:49307>
...
006 (1754752.000.000) 11/14 08:45:59 Image size of job updated: 286408
...
006 (1754752.000.000) 11/14 08:51:00 Image size of job updated: 288308
...
006 (1754752.000.000) 11/14 08:56:01 Image size of job updated: 289204
...
006 (1754752.000.000) 11/14 09:01:02 Image size of job updated: 291880
...
005 (1754752.000.000) 11/14 09:05:03 Job terminated.
	(1) Normal termination (return value 0)
		Usr 0 00:17:26, Sys 0 00:00:10  -  Run Remote Usage
		Usr 0 00:00:00, Sys 0 00:00:00  -  Run Local Usage
		Usr 0 00:17:26, Sys 0 00:00:10  -  Total Remote Usage
		Usr 0 00:00:00, Sys 0 00:00:00  -  Total Local Usage
	0  -  Run Bytes Sent By Job
	0  -  Run Bytes Received By Job
	0  -  Total Bytes Sent By Job
	0  -  Total Bytes Received By Job
...
000 (1798266.000.000) 11/18 15:19:54 Job submitted from host: <130.199.206.69:49450>
...
001 (1798266.000.000) 11/18 15:28:59 Job executing on host: <130.199.180.142:35025>
...
006 (1798266.000.000) 11/18 15:34:07 Image size of job updated: 199768
...
006 (1798266.000.000) 11/19 05:04:40 Image size of job updated: 271728
...
009 (1798266.000.000) 11/19 06:29:04 Job was aborted by the user.
	The job attribute PeriodicRemove expression '(NumJobStarts >= 1 && JobStatus == 1) || (JobStatus == 2 && (CurrentTime - JobCurrentStartDate > (54000)) && ((RemoteUserCpu + RemoteSysCpu) / (CurrentTime - JobCurrentStartDate) < 0.100000)) || (((CurrentTime - EnteredCurrentStatus) > (2 * 24 * 3600)) && JobStatus == 5) || (JobRunCount >= 1 && JobStatus == 1)' evaluated to TRUE
...
000 (1804763.000.000) 11/21 22:32:12 Job submitted from host: <130.199.206.69:49450>
...
001 (1804763.000.000) 11/21 23:49:25 Job executing on host: <130.199.206.231:50187>
...
006 (1804763.000.000) 11/21 23:49:33 Image size of job updated: 17820
...
006 (1804763.000.000) 11/21 23:54:33 Image size of job updated: 287420
...
006 (1804763.000.000) 11/21 23:59:33 Image size of job updated: 290772
...
006 (1804763.000.000) 11/22 00:04:33 Image size of job updated: 326856
...
006 (1804763.000.000) 11/22 00:09:33 Image size of job updated: 336480
...
006 (1804763.000.000) 11/22 00:14:33 Image size of job updated: 339552
...
006 (1804763.000.000) 11/22 00:19:33 Image size of job updated: 342624
...
005 (1804763.000.000) 11/22 00:53:35 Job terminated.
	(1) Normal termination (return value 0)
		Usr 0 00:58:10, Sys 0 00:00:11  -  Run Remote Usage
		Usr 0 00:00:00, Sys 0 00:00:00  -  Run Local Usage
		Usr 0 00:58:10, Sys 0 00:00:11  -  Total Remote Usage
		Usr 0 00:00:00, Sys 0 00:00:00  -  Total Local Usage
	0  -  Run Bytes Sent By Job
	0  -  Run Bytes Received By Job
	0  -  Total Bytes Sent By Job
	0  -  Total Bytes Received By Job
...
