000 (1753860.000.000) 11/14 02:16:47 Job submitted from host: <130.199.206.69:49450>
...
001 (1753860.000.000) 11/14 06:58:05 Job executing on host: <130.199.183.15:40034>
...
006 (1753860.000.000) 11/14 07:03:14 Image size of job updated: 214452
...
006 (1753860.000.000) 11/14 07:08:14 Image size of job updated: 281732
...
006 (1753860.000.000) 11/14 07:13:15 Image size of job updated: 282920
...
006 (1753860.000.000) 11/14 07:18:16 Image size of job updated: 283468
...
006 (1753860.000.000) 11/14 07:23:18 Image size of job updated: 284276
...
006 (1753860.000.000) 11/14 07:28:18 Image size of job updated: 284860
...
006 (1753860.000.000) 11/14 07:33:18 Image size of job updated: 285236
...
006 (1753860.000.000) 11/14 07:43:18 Image size of job updated: 285912
...
006 (1753860.000.000) 11/14 07:48:19 Image size of job updated: 286100
...
006 (1753860.000.000) 11/14 07:53:20 Image size of job updated: 286248
...
006 (1753860.000.000) 11/14 08:08:22 Image size of job updated: 286292
...
006 (1753860.000.000) 11/14 08:28:23 Image size of job updated: 304376
...
006 (1753860.000.000) 11/14 08:33:24 Image size of job updated: 305400
...
006 (1753860.000.000) 11/14 08:38:25 Image size of job updated: 308472
...
006 (1753860.000.000) 11/14 08:43:25 Image size of job updated: 315228
...
006 (1753860.000.000) 11/14 08:48:25 Image size of job updated: 318300
...
006 (1753860.000.000) 11/14 08:53:25 Image size of job updated: 319324
...
006 (1753860.000.000) 11/14 09:03:26 Image size of job updated: 322680
...
006 (1753860.000.000) 11/14 09:13:28 Image size of job updated: 325752
...
006 (1753860.000.000) 11/14 09:23:28 Image size of job updated: 326776
...
006 (1753860.000.000) 11/14 09:33:28 Image size of job updated: 327800
...
006 (1753860.000.000) 11/14 09:53:32 Image size of job updated: 328824
...
006 (1753860.000.000) 11/14 10:23:34 Image size of job updated: 329848
...
006 (1753860.000.000) 11/14 10:28:35 Image size of job updated: 330872
...
006 (1753860.000.000) 11/14 10:33:36 Image size of job updated: 332920
...
006 (1753860.000.000) 11/14 10:43:38 Image size of job updated: 333944
...
006 (1753860.000.000) 11/14 11:08:38 Image size of job updated: 334968
...
006 (1753860.000.000) 11/14 11:18:38 Image size of job updated: 335992
...
006 (1753860.000.000) 11/14 11:23:38 Image size of job updated: 337016
...
006 (1753860.000.000) 11/14 11:48:43 Image size of job updated: 338040
...
004 (1753860.000.000) 11/14 11:57:59 Job was evicted.
	(0) Job was not checkpointed.
		Usr 0 00:54:06, Sys 0 00:00:23  -  Run Remote Usage
		Usr 0 00:00:00, Sys 0 00:00:00  -  Run Local Usage
	0  -  Run Bytes Sent By Job
	0  -  Run Bytes Received By Job
...
009 (1753860.000.000) 11/14 11:58:13 Job was aborted by the user.
	The job attribute PeriodicRemove expression '(NumJobStarts >= 1 && JobStatus == 1) || (JobStatus == 2 && (CurrentTime - JobCurrentStartDate > (54000)) && ((RemoteUserCpu + RemoteSysCpu) / (CurrentTime - JobCurrentStartDate) < 0.100000)) || (((CurrentTime - EnteredCurrentStatus) > (2 * 24 * 3600)) && JobStatus == 5) || (JobRunCount >= 1 && JobStatus == 1)' evaluated to TRUE
...
000 (1798171.000.000) 11/18 15:19:54 Job submitted from host: <130.199.206.69:49450>
...
001 (1798171.000.000) 11/18 15:32:52 Job executing on host: <130.199.183.4:60279>
...
006 (1798171.000.000) 11/18 15:33:00 Image size of job updated: 8820
...
006 (1798171.000.000) 11/18 15:38:00 Image size of job updated: 173692
...
006 (1798171.000.000) 11/18 15:43:00 Image size of job updated: 174208
...
006 (1798171.000.000) 11/18 15:48:00 Image size of job updated: 192844
...
006 (1798171.000.000) 11/18 15:53:00 Image size of job updated: 192868
...
006 (1798171.000.000) 11/18 15:58:01 Image size of job updated: 199736
...
004 (1798171.000.000) 11/18 20:32:57 Job was evicted.
	(0) Job was not checkpointed.
		Usr 0 00:00:01, Sys 0 00:00:02  -  Run Remote Usage
		Usr 0 00:00:00, Sys 0 00:00:00  -  Run Local Usage
	0  -  Run Bytes Sent By Job
	0  -  Run Bytes Received By Job
...
009 (1798171.000.000) 11/18 20:33:18 Job was aborted by the user.
	The job attribute PeriodicRemove expression '(NumJobStarts >= 1 && JobStatus == 1) || (JobStatus == 2 && (CurrentTime - JobCurrentStartDate > (54000)) && ((RemoteUserCpu + RemoteSysCpu) / (CurrentTime - JobCurrentStartDate) < 0.100000)) || (((CurrentTime - EnteredCurrentStatus) > (2 * 24 * 3600)) && JobStatus == 5) || (JobRunCount >= 1 && JobStatus == 1)' evaluated to TRUE
...
000 (1804694.000.000) 11/21 22:32:12 Job submitted from host: <130.199.206.69:49450>
...
001 (1804694.000.000) 11/22 00:32:10 Job executing on host: <130.199.183.27:54138>
...
006 (1804694.000.000) 11/22 00:32:18 Image size of job updated: 17400
...
006 (1804694.000.000) 11/22 00:37:18 Image size of job updated: 173804
...
006 (1804694.000.000) 11/22 00:42:18 Image size of job updated: 173936
...
006 (1804694.000.000) 11/22 00:52:18 Image size of job updated: 174192
...
006 (1804694.000.000) 11/22 00:57:18 Image size of job updated: 192840
...
006 (1804694.000.000) 11/22 01:02:18 Image size of job updated: 283448
...
006 (1804694.000.000) 11/22 01:07:18 Image size of job updated: 286140
...
006 (1804694.000.000) 11/22 01:12:18 Image size of job updated: 287096
...
006 (1804694.000.000) 11/22 01:22:18 Image size of job updated: 287748
...
006 (1804694.000.000) 11/22 01:27:18 Image size of job updated: 287884
...
006 (1804694.000.000) 11/22 01:32:18 Image size of job updated: 322112
...
006 (1804694.000.000) 11/22 01:37:18 Image size of job updated: 329280
...
006 (1804694.000.000) 11/22 01:42:18 Image size of job updated: 331116
...
006 (1804694.000.000) 11/22 01:47:18 Image size of job updated: 333164
...
006 (1804694.000.000) 11/22 01:52:18 Image size of job updated: 336240
...
006 (1804694.000.000) 11/22 01:57:18 Image size of job updated: 338288
...
006 (1804694.000.000) 11/22 02:02:18 Image size of job updated: 339312
...
006 (1804694.000.000) 11/22 02:07:18 Image size of job updated: 340336
...
006 (1804694.000.000) 11/22 02:22:18 Image size of job updated: 341360
...
006 (1804694.000.000) 11/22 02:32:18 Image size of job updated: 342384
...
006 (1804694.000.000) 11/22 02:42:18 Image size of job updated: 344436
...
005 (1804694.000.000) 11/22 02:45:26 Job terminated.
	(1) Normal termination (return value 0)
		Usr 0 01:38:39, Sys 0 00:00:44  -  Run Remote Usage
		Usr 0 00:00:00, Sys 0 00:00:00  -  Run Local Usage
		Usr 0 01:38:39, Sys 0 00:00:44  -  Total Remote Usage
		Usr 0 00:00:00, Sys 0 00:00:00  -  Total Local Usage
	0  -  Run Bytes Sent By Job
	0  -  Run Bytes Received By Job
	0  -  Total Bytes Sent By Job
	0  -  Total Bytes Received By Job
...
