000 (1754162.000.000) 11/14 02:17:37 Job submitted from host: <130.199.206.69:49450>
...
001 (1754162.000.000) 11/14 07:59:45 Job executing on host: <130.199.206.199:52231>
...
006 (1754162.000.000) 11/14 08:04:53 Image size of job updated: 285004
...
006 (1754162.000.000) 11/14 08:09:53 Image size of job updated: 286560
...
006 (1754162.000.000) 11/14 08:14:53 Image size of job updated: 287124
...
006 (1754162.000.000) 11/14 08:19:53 Image size of job updated: 287300
...
006 (1754162.000.000) 11/14 08:24:53 Image size of job updated: 290512
...
006 (1754162.000.000) 11/14 08:29:53 Image size of job updated: 290812
...
006 (1754162.000.000) 11/14 08:39:53 Image size of job updated: 291828
...
006 (1754162.000.000) 11/14 08:44:53 Image size of job updated: 291968
...
006 (1754162.000.000) 11/14 08:49:53 Image size of job updated: 295704
...
006 (1754162.000.000) 11/14 08:54:53 Image size of job updated: 297320
...
006 (1754162.000.000) 11/14 08:59:53 Image size of job updated: 297388
...
006 (1754162.000.000) 11/14 09:04:53 Image size of job updated: 297904
...
006 (1754162.000.000) 11/14 09:24:53 Image size of job updated: 298888
...
006 (1754162.000.000) 11/14 09:34:53 Image size of job updated: 299784
...
006 (1754162.000.000) 11/14 09:39:53 Image size of job updated: 300032
...
006 (1754162.000.000) 11/14 09:44:53 Image size of job updated: 300060
...
006 (1754162.000.000) 11/14 09:49:53 Image size of job updated: 300304
...
005 (1754162.000.000) 11/14 09:56:37 Job terminated.
	(1) Normal termination (return value 0)
		Usr 0 01:43:51, Sys 0 00:00:22  -  Run Remote Usage
		Usr 0 00:00:00, Sys 0 00:00:00  -  Run Local Usage
		Usr 0 01:43:51, Sys 0 00:00:22  -  Total Remote Usage
		Usr 0 00:00:00, Sys 0 00:00:00  -  Total Local Usage
	0  -  Run Bytes Sent By Job
	0  -  Run Bytes Received By Job
	0  -  Total Bytes Sent By Job
	0  -  Total Bytes Received By Job
...
