000 (1753417.000.000) 11/14 02:14:53 Job submitted from host: <130.199.206.69:49450>
...
001 (1753417.000.000) 11/14 04:06:51 Job executing on host: <130.199.180.149:32900>
...
006 (1753417.000.000) 11/14 04:11:59 Image size of job updated: 285800
...
006 (1753417.000.000) 11/14 04:16:59 Image size of job updated: 285892
...
006 (1753417.000.000) 11/14 04:21:59 Image size of job updated: 289440
...
006 (1753417.000.000) 11/14 04:26:59 Image size of job updated: 291852
...
006 (1753417.000.000) 11/14 04:31:59 Image size of job updated: 295552
...
006 (1753417.000.000) 11/14 04:41:59 Image size of job updated: 296472
...
006 (1753417.000.000) 11/14 04:51:59 Image size of job updated: 297320
...
006 (1753417.000.000) 11/14 04:56:59 Image size of job updated: 297504
...
006 (1753417.000.000) 11/14 05:01:59 Image size of job updated: 298376
...
006 (1753417.000.000) 11/14 05:06:59 Image size of job updated: 299212
...
006 (1753417.000.000) 11/14 05:16:59 Image size of job updated: 299688
...
006 (1753417.000.000) 11/14 05:31:59 Image size of job updated: 300016
...
006 (1753417.000.000) 11/14 05:46:59 Image size of job updated: 300300
...
006 (1753417.000.000) 11/14 05:51:59 Image size of job updated: 301104
...
005 (1753417.000.000) 11/14 06:03:10 Job terminated.
	(1) Normal termination (return value 0)
		Usr 0 01:41:28, Sys 0 00:00:58  -  Run Remote Usage
		Usr 0 00:00:00, Sys 0 00:00:00  -  Run Local Usage
		Usr 0 01:41:28, Sys 0 00:00:58  -  Total Remote Usage
		Usr 0 00:00:00, Sys 0 00:00:00  -  Total Local Usage
	0  -  Run Bytes Sent By Job
	0  -  Run Bytes Received By Job
	0  -  Total Bytes Sent By Job
	0  -  Total Bytes Received By Job
...
