000 (1754910.000.000) 11/14 02:19:27 Job submitted from host: <130.199.206.69:49450>
...
001 (1754910.000.000) 11/15 11:27:52 Job executing on host: <130.199.180.176:34913>
...
006 (1754910.000.000) 11/15 11:28:01 Image size of job updated: 8680
...
006 (1754910.000.000) 11/15 11:33:01 Image size of job updated: 303768
...
006 (1754910.000.000) 11/15 11:38:01 Image size of job updated: 319128
...
006 (1754910.000.000) 11/15 11:43:01 Image size of job updated: 325272
...
006 (1754910.000.000) 11/15 11:48:01 Image size of job updated: 326296
...
006 (1754910.000.000) 11/15 11:58:01 Image size of job updated: 329368
...
006 (1754910.000.000) 11/15 12:03:01 Image size of job updated: 332108
...
006 (1754910.000.000) 11/15 12:08:01 Image size of job updated: 335180
...
006 (1754910.000.000) 11/15 12:18:01 Image size of job updated: 336204
...
006 (1754910.000.000) 11/15 12:23:01 Image size of job updated: 337228
...
006 (1754910.000.000) 11/15 13:13:01 Image size of job updated: 338252
...
006 (1754910.000.000) 11/15 13:23:01 Image size of job updated: 339276
...
006 (1754910.000.000) 11/15 13:43:01 Image size of job updated: 340300
...
006 (1754910.000.000) 11/15 14:23:01 Image size of job updated: 341324
...
005 (1754910.000.000) 11/15 14:50:45 Job terminated.
	(1) Normal termination (return value 0)
		Usr 0 02:50:21, Sys 0 00:01:26  -  Run Remote Usage
		Usr 0 00:00:00, Sys 0 00:00:00  -  Run Local Usage
		Usr 0 02:50:21, Sys 0 00:01:26  -  Total Remote Usage
		Usr 0 00:00:00, Sys 0 00:00:00  -  Total Local Usage
	0  -  Run Bytes Sent By Job
	0  -  Run Bytes Received By Job
	0  -  Total Bytes Sent By Job
	0  -  Total Bytes Received By Job
...
