000 (1754263.000.000) 11/14 02:17:52 Job submitted from host: <130.199.206.69:49450>
...
001 (1754263.000.000) 11/14 05:46:10 Job executing on host: <130.199.180.153:34872>
...
006 (1754263.000.000) 11/14 05:51:18 Image size of job updated: 284796
...
006 (1754263.000.000) 11/14 05:56:18 Image size of job updated: 286080
...
006 (1754263.000.000) 11/14 06:01:18 Image size of job updated: 286848
...
006 (1754263.000.000) 11/14 06:11:18 Image size of job updated: 287404
...
006 (1754263.000.000) 11/14 06:16:18 Image size of job updated: 288544
...
006 (1754263.000.000) 11/14 06:26:18 Image size of job updated: 290232
...
006 (1754263.000.000) 11/14 06:31:18 Image size of job updated: 291120
...
006 (1754263.000.000) 11/14 07:11:18 Image size of job updated: 291556
...
006 (1754263.000.000) 11/14 07:16:18 Image size of job updated: 292020
...
006 (1754263.000.000) 11/14 08:21:20 Image size of job updated: 292284
...
006 (1754263.000.000) 11/14 08:31:22 Image size of job updated: 292512
...
006 (1754263.000.000) 11/14 08:36:23 Image size of job updated: 293332
...
006 (1754263.000.000) 11/14 08:41:24 Image size of job updated: 293668
...
006 (1754263.000.000) 11/14 08:46:25 Image size of job updated: 293780
...
006 (1754263.000.000) 11/14 08:51:26 Image size of job updated: 293892
...
006 (1754263.000.000) 11/14 09:01:28 Image size of job updated: 294476
...
006 (1754263.000.000) 11/14 09:11:30 Image size of job updated: 294772
...
006 (1754263.000.000) 11/14 09:16:31 Image size of job updated: 295584
...
006 (1754263.000.000) 11/14 09:21:32 Image size of job updated: 295832
...
006 (1754263.000.000) 11/14 09:26:33 Image size of job updated: 296228
...
006 (1754263.000.000) 11/14 09:36:35 Image size of job updated: 296360
...
006 (1754263.000.000) 11/14 09:41:36 Image size of job updated: 296852
...
006 (1754263.000.000) 11/14 09:56:39 Image size of job updated: 297260
...
005 (1754263.000.000) 11/14 10:12:40 Job terminated.
	(1) Normal termination (return value 0)
		Usr 0 03:54:59, Sys 0 00:02:13  -  Run Remote Usage
		Usr 0 00:00:00, Sys 0 00:00:00  -  Run Local Usage
		Usr 0 03:54:59, Sys 0 00:02:13  -  Total Remote Usage
		Usr 0 00:00:00, Sys 0 00:00:00  -  Total Local Usage
	0  -  Run Bytes Sent By Job
	0  -  Run Bytes Received By Job
	0  -  Total Bytes Sent By Job
	0  -  Total Bytes Received By Job
...
