000 (1754812.000.000) 11/14 02:19:12 Job submitted from host: <130.199.206.69:49450>
...
001 (1754812.000.000) 11/14 09:05:57 Job executing on host: <130.199.180.177:58002>
...
006 (1754812.000.000) 11/14 09:06:07 Image size of job updated: 193960
...
006 (1754812.000.000) 11/14 09:11:07 Image size of job updated: 283916
...
006 (1754812.000.000) 11/14 09:16:07 Image size of job updated: 286268
...
006 (1754812.000.000) 11/14 09:26:07 Image size of job updated: 286660
...
006 (1754812.000.000) 11/14 09:46:07 Image size of job updated: 287068
...
006 (1754812.000.000) 11/14 09:51:07 Image size of job updated: 287272
...
006 (1754812.000.000) 11/14 09:56:07 Image size of job updated: 287456
...
006 (1754812.000.000) 11/14 10:06:07 Image size of job updated: 288396
...
006 (1754812.000.000) 11/14 10:16:07 Image size of job updated: 290436
...
006 (1754812.000.000) 11/14 10:26:07 Image size of job updated: 290728
...
006 (1754812.000.000) 11/14 10:31:07 Image size of job updated: 290880
...
006 (1754812.000.000) 11/14 10:36:07 Image size of job updated: 291008
...
006 (1754812.000.000) 11/14 10:41:07 Image size of job updated: 291768
...
006 (1754812.000.000) 11/14 10:46:07 Image size of job updated: 292396
...
006 (1754812.000.000) 11/14 10:51:07 Image size of job updated: 292732
...
006 (1754812.000.000) 11/14 11:11:07 Image size of job updated: 293112
...
006 (1754812.000.000) 11/14 11:26:07 Image size of job updated: 293508
...
006 (1754812.000.000) 11/14 11:31:07 Image size of job updated: 293700
...
006 (1754812.000.000) 11/14 11:36:07 Image size of job updated: 294032
...
006 (1754812.000.000) 11/14 11:41:07 Image size of job updated: 294504
...
006 (1754812.000.000) 11/14 11:46:07 Image size of job updated: 325116
...
006 (1754812.000.000) 11/14 11:51:07 Image size of job updated: 335356
...
006 (1754812.000.000) 11/14 11:56:07 Image size of job updated: 339452
...
006 (1754812.000.000) 11/14 12:01:07 Image size of job updated: 343548
...
006 (1754812.000.000) 11/14 12:06:07 Image size of job updated: 345596
...
006 (1754812.000.000) 11/14 12:11:07 Image size of job updated: 346620
...
005 (1754812.000.000) 11/14 12:49:12 Job terminated.
	(1) Normal termination (return value 0)
		Usr 0 02:59:20, Sys 0 00:01:42  -  Run Remote Usage
		Usr 0 00:00:00, Sys 0 00:00:00  -  Run Local Usage
		Usr 0 02:59:20, Sys 0 00:01:42  -  Total Remote Usage
		Usr 0 00:00:00, Sys 0 00:00:00  -  Total Local Usage
	0  -  Run Bytes Sent By Job
	0  -  Run Bytes Received By Job
	0  -  Total Bytes Sent By Job
	0  -  Total Bytes Received By Job
...
