000 (1753953.000.000) 11/14 02:17:04 Job submitted from host: <130.199.206.69:49450>
...
001 (1753953.000.000) 11/14 05:15:11 Job executing on host: <130.199.180.165:47530>
...
006 (1753953.000.000) 11/14 05:15:20 Image size of job updated: 174416
...
006 (1753953.000.000) 11/14 05:20:21 Image size of job updated: 286672
...
006 (1753953.000.000) 11/14 05:25:22 Image size of job updated: 287104
...
006 (1753953.000.000) 11/14 05:30:23 Image size of job updated: 288288
...
006 (1753953.000.000) 11/14 05:35:24 Image size of job updated: 288788
...
006 (1753953.000.000) 11/14 05:40:25 Image size of job updated: 290116
...
006 (1753953.000.000) 11/14 05:45:26 Image size of job updated: 290688
...
006 (1753953.000.000) 11/14 05:50:27 Image size of job updated: 291744
...
006 (1753953.000.000) 11/14 05:55:28 Image size of job updated: 291828
...
006 (1753953.000.000) 11/14 06:00:29 Image size of job updated: 296304
...
006 (1753953.000.000) 11/14 06:05:30 Image size of job updated: 296740
...
006 (1753953.000.000) 11/14 06:15:32 Image size of job updated: 313808
...
006 (1753953.000.000) 11/14 06:20:33 Image size of job updated: 334288
...
006 (1753953.000.000) 11/14 06:25:34 Image size of job updated: 337360
...
006 (1753953.000.000) 11/14 06:30:35 Image size of job updated: 341456
...
006 (1753953.000.000) 11/14 06:35:36 Image size of job updated: 342480
...
006 (1753953.000.000) 11/14 06:40:37 Image size of job updated: 343504
...
006 (1753953.000.000) 11/14 06:50:39 Image size of job updated: 344528
...
006 (1753953.000.000) 11/14 06:55:40 Image size of job updated: 345552
...
005 (1753953.000.000) 11/14 07:44:04 Job terminated.
	(1) Normal termination (return value 0)
		Usr 0 02:14:48, Sys 0 00:01:18  -  Run Remote Usage
		Usr 0 00:00:00, Sys 0 00:00:00  -  Run Local Usage
		Usr 0 02:14:48, Sys 0 00:01:18  -  Total Remote Usage
		Usr 0 00:00:00, Sys 0 00:00:00  -  Total Local Usage
	0  -  Run Bytes Sent By Job
	0  -  Run Bytes Received By Job
	0  -  Total Bytes Sent By Job
	0  -  Total Bytes Received By Job
...
