000 (1753886.000.000) 11/14 02:17:04 Job submitted from host: <130.199.206.69:49450>
...
001 (1753886.000.000) 11/14 06:47:47 Job executing on host: <130.199.183.25:50471>
...
006 (1753886.000.000) 11/14 06:52:57 Image size of job updated: 283764
...
006 (1753886.000.000) 11/14 06:57:58 Image size of job updated: 284784
...
006 (1753886.000.000) 11/14 07:02:59 Image size of job updated: 285584
...
006 (1753886.000.000) 11/14 07:08:00 Image size of job updated: 286804
...
006 (1753886.000.000) 11/14 07:13:01 Image size of job updated: 287440
...
006 (1753886.000.000) 11/14 07:18:02 Image size of job updated: 287568
...
006 (1753886.000.000) 11/14 07:23:03 Image size of job updated: 288080
...
006 (1753886.000.000) 11/14 07:28:04 Image size of job updated: 288840
...
006 (1753886.000.000) 11/14 07:33:05 Image size of job updated: 291304
...
006 (1753886.000.000) 11/14 07:38:06 Image size of job updated: 291308
...
006 (1753886.000.000) 11/14 07:53:09 Image size of job updated: 291628
...
006 (1753886.000.000) 11/14 07:58:10 Image size of job updated: 291904
...
006 (1753886.000.000) 11/14 08:03:11 Image size of job updated: 293176
...
006 (1753886.000.000) 11/14 08:08:12 Image size of job updated: 293560
...
006 (1753886.000.000) 11/14 08:13:13 Image size of job updated: 294776
...
006 (1753886.000.000) 11/14 08:18:14 Image size of job updated: 295408
...
006 (1753886.000.000) 11/14 08:28:16 Image size of job updated: 295708
...
006 (1753886.000.000) 11/14 08:33:17 Image size of job updated: 295780
...
006 (1753886.000.000) 11/14 08:53:21 Image size of job updated: 295808
...
006 (1753886.000.000) 11/14 10:03:30 Image size of job updated: 296020
...
006 (1753886.000.000) 11/14 10:53:30 Image size of job updated: 296772
...
005 (1753886.000.000) 11/14 11:06:17 Job terminated.
	(1) Normal termination (return value 0)
		Usr 0 03:52:09, Sys 0 00:01:26  -  Run Remote Usage
		Usr 0 00:00:00, Sys 0 00:00:00  -  Run Local Usage
		Usr 0 03:52:09, Sys 0 00:01:26  -  Total Remote Usage
		Usr 0 00:00:00, Sys 0 00:00:00  -  Total Local Usage
	0  -  Run Bytes Sent By Job
	0  -  Run Bytes Received By Job
	0  -  Total Bytes Sent By Job
	0  -  Total Bytes Received By Job
...
