000 (1754304.000.000) 11/14 02:18:07 Job submitted from host: <130.199.206.69:49450>
...
001 (1754304.000.000) 11/14 05:16:34 Job executing on host: <130.199.183.12:47839>
...
006 (1754304.000.000) 11/14 05:21:42 Image size of job updated: 284804
...
006 (1754304.000.000) 11/14 05:26:42 Image size of job updated: 285452
...
006 (1754304.000.000) 11/14 05:31:42 Image size of job updated: 285832
...
006 (1754304.000.000) 11/14 05:36:42 Image size of job updated: 286864
...
006 (1754304.000.000) 11/14 05:41:42 Image size of job updated: 286916
...
006 (1754304.000.000) 11/14 05:51:42 Image size of job updated: 287788
...
006 (1754304.000.000) 11/14 05:56:42 Image size of job updated: 287808
...
006 (1754304.000.000) 11/14 06:01:42 Image size of job updated: 290684
...
006 (1754304.000.000) 11/14 06:26:42 Image size of job updated: 290780
...
006 (1754304.000.000) 11/14 06:31:42 Image size of job updated: 291040
...
006 (1754304.000.000) 11/14 06:36:42 Image size of job updated: 291272
...
006 (1754304.000.000) 11/14 06:41:42 Image size of job updated: 291624
...
006 (1754304.000.000) 11/14 06:51:42 Image size of job updated: 291924
...
006 (1754304.000.000) 11/14 06:56:42 Image size of job updated: 292256
...
006 (1754304.000.000) 11/14 07:41:42 Image size of job updated: 293004
...
006 (1754304.000.000) 11/14 08:01:42 Image size of job updated: 293952
...
006 (1754304.000.000) 11/14 08:06:42 Image size of job updated: 294780
...
006 (1754304.000.000) 11/14 08:11:42 Image size of job updated: 295364
...
006 (1754304.000.000) 11/14 08:16:42 Image size of job updated: 295760
...
006 (1754304.000.000) 11/14 08:31:42 Image size of job updated: 296272
...
006 (1754304.000.000) 11/14 08:36:42 Image size of job updated: 296828
...
005 (1754304.000.000) 11/14 09:00:19 Job terminated.
	(1) Normal termination (return value 0)
		Usr 0 03:21:41, Sys 0 00:01:18  -  Run Remote Usage
		Usr 0 00:00:00, Sys 0 00:00:00  -  Run Local Usage
		Usr 0 03:21:41, Sys 0 00:01:18  -  Total Remote Usage
		Usr 0 00:00:00, Sys 0 00:00:00  -  Total Local Usage
	0  -  Run Bytes Sent By Job
	0  -  Run Bytes Received By Job
	0  -  Total Bytes Sent By Job
	0  -  Total Bytes Received By Job
...
000 (1798159.000.000) 11/18 15:19:54 Job submitted from host: <130.199.206.69:49450>
...
001 (1798159.000.000) 11/18 15:25:19 Job executing on host: <130.199.183.6:57580>
...
006 (1798159.000.000) 11/18 15:25:28 Image size of job updated: 73420
...
006 (1798159.000.000) 11/18 15:30:29 Image size of job updated: 210168
...
004 (1798159.000.000) 11/18 20:25:22 Job was evicted.
	(0) Job was not checkpointed.
		Usr 0 00:00:01, Sys 0 00:00:08  -  Run Remote Usage
		Usr 0 00:00:00, Sys 0 00:00:00  -  Run Local Usage
	0  -  Run Bytes Sent By Job
	0  -  Run Bytes Received By Job
...
009 (1798159.000.000) 11/18 20:26:16 Job was aborted by the user.
	The job attribute PeriodicRemove expression '(NumJobStarts >= 1 && JobStatus == 1) || (JobStatus == 2 && (CurrentTime - JobCurrentStartDate > (54000)) && ((RemoteUserCpu + RemoteSysCpu) / (CurrentTime - JobCurrentStartDate) < 0.100000)) || (((CurrentTime - EnteredCurrentStatus) > (2 * 24 * 3600)) && JobStatus == 5) || (JobRunCount >= 1 && JobStatus == 1)' evaluated to TRUE
...
000 (1804685.000.000) 11/21 22:32:12 Job submitted from host: <130.199.206.69:49450>
...
001 (1804685.000.000) 11/21 23:18:39 Job executing on host: <130.199.180.165:47530>
...
006 (1804685.000.000) 11/21 23:18:48 Image size of job updated: 72744
...
006 (1804685.000.000) 11/21 23:23:49 Image size of job updated: 193652
...
006 (1804685.000.000) 11/21 23:28:49 Image size of job updated: 284108
...
006 (1804685.000.000) 11/21 23:33:49 Image size of job updated: 285508
...
006 (1804685.000.000) 11/21 23:43:49 Image size of job updated: 285792
...
006 (1804685.000.000) 11/21 23:48:49 Image size of job updated: 286892
...
006 (1804685.000.000) 11/21 23:53:49 Image size of job updated: 287264
...
006 (1804685.000.000) 11/21 23:58:49 Image size of job updated: 288596
...
006 (1804685.000.000) 11/22 00:08:49 Image size of job updated: 290864
...
006 (1804685.000.000) 11/22 00:23:49 Image size of job updated: 290992
...
006 (1804685.000.000) 11/22 00:28:49 Image size of job updated: 291972
...
006 (1804685.000.000) 11/22 00:38:49 Image size of job updated: 292092
...
006 (1804685.000.000) 11/22 01:08:49 Image size of job updated: 292756
...
006 (1804685.000.000) 11/22 01:13:49 Image size of job updated: 292920
...
006 (1804685.000.000) 11/22 01:18:49 Image size of job updated: 293112
...
006 (1804685.000.000) 11/22 01:23:49 Image size of job updated: 295164
...
006 (1804685.000.000) 11/22 01:28:49 Image size of job updated: 295840
...
006 (1804685.000.000) 11/22 01:38:49 Image size of job updated: 296224
...
006 (1804685.000.000) 11/22 01:48:49 Image size of job updated: 323248
...
006 (1804685.000.000) 11/22 01:53:49 Image size of job updated: 335536
...
006 (1804685.000.000) 11/22 01:58:49 Image size of job updated: 338608
...
006 (1804685.000.000) 11/22 02:03:49 Image size of job updated: 339632
...
006 (1804685.000.000) 11/22 02:08:49 Image size of job updated: 339916
...
006 (1804685.000.000) 11/22 02:13:49 Image size of job updated: 342988
...
006 (1804685.000.000) 11/22 02:23:49 Image size of job updated: 344012
...
006 (1804685.000.000) 11/22 02:38:51 Image size of job updated: 345036
...
006 (1804685.000.000) 11/22 02:58:55 Image size of job updated: 346060
...
005 (1804685.000.000) 11/22 03:00:09 Job terminated.
	(1) Normal termination (return value 0)
		Usr 0 03:22:17, Sys 0 00:01:11  -  Run Remote Usage
		Usr 0 00:00:00, Sys 0 00:00:00  -  Run Local Usage
		Usr 0 03:22:17, Sys 0 00:01:11  -  Total Remote Usage
		Usr 0 00:00:00, Sys 0 00:00:00  -  Total Local Usage
	0  -  Run Bytes Sent By Job
	0  -  Run Bytes Received By Job
	0  -  Total Bytes Sent By Job
	0  -  Total Bytes Received By Job
...
