000 (1753703.000.000) 11/14 02:16:28 Job submitted from host: <130.199.206.69:49450>
...
001 (1753703.000.000) 11/14 05:26:39 Job executing on host: <130.199.180.147:60364>
...
006 (1753703.000.000) 11/14 05:26:47 Image size of job updated: 187180
...
006 (1753703.000.000) 11/14 05:31:47 Image size of job updated: 283520
...
006 (1753703.000.000) 11/14 05:36:47 Image size of job updated: 285188
...
006 (1753703.000.000) 11/14 05:56:47 Image size of job updated: 286676
...
006 (1753703.000.000) 11/14 06:01:47 Image size of job updated: 287264
...
006 (1753703.000.000) 11/14 06:06:47 Image size of job updated: 289336
...
006 (1753703.000.000) 11/14 06:11:47 Image size of job updated: 289788
...
006 (1753703.000.000) 11/14 06:16:47 Image size of job updated: 292508
...
006 (1753703.000.000) 11/14 06:41:51 Image size of job updated: 293192
...
006 (1753703.000.000) 11/14 06:46:52 Image size of job updated: 293240
...
006 (1753703.000.000) 11/14 07:01:55 Image size of job updated: 293728
...
006 (1753703.000.000) 11/14 07:06:56 Image size of job updated: 293868
...
006 (1753703.000.000) 11/14 07:11:57 Image size of job updated: 294016
...
006 (1753703.000.000) 11/14 07:21:59 Image size of job updated: 295316
...
005 (1753703.000.000) 11/14 07:36:44 Job terminated.
	(1) Normal termination (return value 0)
		Usr 0 02:00:14, Sys 0 00:00:56  -  Run Remote Usage
		Usr 0 00:00:00, Sys 0 00:00:00  -  Run Local Usage
		Usr 0 02:00:14, Sys 0 00:00:56  -  Total Remote Usage
		Usr 0 00:00:00, Sys 0 00:00:00  -  Total Local Usage
	0  -  Run Bytes Sent By Job
	0  -  Run Bytes Received By Job
	0  -  Total Bytes Sent By Job
	0  -  Total Bytes Received By Job
...
