000 (1754885.000.000) 11/14 02:19:27 Job submitted from host: <130.199.206.69:49450>
...
001 (1754885.000.000) 11/15 10:50:49 Job executing on host: <130.199.206.214:46228>
...
006 (1754885.000.000) 11/15 10:55:59 Image size of job updated: 285056
...
006 (1754885.000.000) 11/15 11:01:00 Image size of job updated: 286980
...
006 (1754885.000.000) 11/15 11:06:01 Image size of job updated: 287600
...
006 (1754885.000.000) 11/15 11:11:02 Image size of job updated: 287912
...
006 (1754885.000.000) 11/15 11:16:03 Image size of job updated: 289300
...
005 (1754885.000.000) 11/15 11:20:01 Job terminated.
	(1) Normal termination (return value 0)
		Usr 0 00:24:30, Sys 0 00:00:10  -  Run Remote Usage
		Usr 0 00:00:00, Sys 0 00:00:00  -  Run Local Usage
		Usr 0 00:24:30, Sys 0 00:00:10  -  Total Remote Usage
		Usr 0 00:00:00, Sys 0 00:00:00  -  Total Local Usage
	0  -  Run Bytes Sent By Job
	0  -  Run Bytes Received By Job
	0  -  Total Bytes Sent By Job
	0  -  Total Bytes Received By Job
...
000 (1798263.000.000) 11/18 15:19:54 Job submitted from host: <130.199.206.69:49450>
...
001 (1798263.000.000) 11/18 15:29:38 Job executing on host: <130.199.183.11:60300>
...
006 (1798263.000.000) 11/18 15:29:46 Image size of job updated: 72652
...
006 (1798263.000.000) 11/18 15:34:46 Image size of job updated: 174340
...
006 (1798263.000.000) 11/18 15:39:46 Image size of job updated: 283864
...
006 (1798263.000.000) 11/18 15:44:46 Image size of job updated: 287384
...
006 (1798263.000.000) 11/18 15:49:46 Image size of job updated: 287584
...
006 (1798263.000.000) 11/18 15:54:46 Image size of job updated: 287744
...
006 (1798263.000.000) 11/18 15:59:46 Image size of job updated: 289416
...
006 (1798263.000.000) 11/18 16:04:46 Image size of job updated: 294784
...
005 (1798263.000.000) 11/18 16:09:17 Job terminated.
	(1) Normal termination (return value 0)
		Usr 0 00:28:32, Sys 0 00:00:11  -  Run Remote Usage
		Usr 0 00:00:00, Sys 0 00:00:00  -  Run Local Usage
		Usr 0 00:28:32, Sys 0 00:00:11  -  Total Remote Usage
		Usr 0 00:00:00, Sys 0 00:00:00  -  Total Local Usage
	0  -  Run Bytes Sent By Job
	0  -  Run Bytes Received By Job
	0  -  Total Bytes Sent By Job
	0  -  Total Bytes Received By Job
...
