000 (1754972.000.000) 11/14 02:19:38 Job submitted from host: <130.199.206.69:49450>
...
001 (1754972.000.000) 11/15 13:28:51 Job executing on host: <130.199.180.159:36980>
...
006 (1754972.000.000) 11/15 13:28:59 Image size of job updated: 72616
...
006 (1754972.000.000) 11/15 13:33:59 Image size of job updated: 284020
...
006 (1754972.000.000) 11/15 13:38:59 Image size of job updated: 285356
...
006 (1754972.000.000) 11/15 13:43:59 Image size of job updated: 285616
...
006 (1754972.000.000) 11/15 13:58:59 Image size of job updated: 287896
...
006 (1754972.000.000) 11/15 14:03:59 Image size of job updated: 291720
...
006 (1754972.000.000) 11/15 14:08:59 Image size of job updated: 292956
...
006 (1754972.000.000) 11/15 14:13:59 Image size of job updated: 293448
...
006 (1754972.000.000) 11/15 14:18:59 Image size of job updated: 329080
...
006 (1754972.000.000) 11/15 14:23:59 Image size of job updated: 334612
...
006 (1754972.000.000) 11/15 14:28:59 Image size of job updated: 335636
...
006 (1754972.000.000) 11/15 14:33:59 Image size of job updated: 336660
...
006 (1754972.000.000) 11/15 14:38:59 Image size of job updated: 338708
...
006 (1754972.000.000) 11/15 14:43:59 Image size of job updated: 340756
...
006 (1754972.000.000) 11/15 14:58:59 Image size of job updated: 341780
...
005 (1754972.000.000) 11/15 16:11:18 Job terminated.
	(1) Normal termination (return value 0)
		Usr 0 02:15:27, Sys 0 00:01:40  -  Run Remote Usage
		Usr 0 00:00:00, Sys 0 00:00:00  -  Run Local Usage
		Usr 0 02:15:27, Sys 0 00:01:40  -  Total Remote Usage
		Usr 0 00:00:00, Sys 0 00:00:00  -  Total Local Usage
	0  -  Run Bytes Sent By Job
	0  -  Run Bytes Received By Job
	0  -  Total Bytes Sent By Job
	0  -  Total Bytes Received By Job
...
