000 (1755044.000.000) 11/14 02:19:38 Job submitted from host: <130.199.206.69:49450>
...
001 (1755044.000.000) 11/15 11:45:10 Job executing on host: <130.199.180.158:55404>
...
006 (1755044.000.000) 11/15 11:50:18 Image size of job updated: 214252
...
006 (1755044.000.000) 11/15 11:55:18 Image size of job updated: 292180
...
006 (1755044.000.000) 11/15 12:00:18 Image size of job updated: 310752
...
006 (1755044.000.000) 11/15 12:05:18 Image size of job updated: 335328
...
006 (1755044.000.000) 11/15 12:10:18 Image size of job updated: 336352
...
006 (1755044.000.000) 11/15 12:15:18 Image size of job updated: 338400
...
006 (1755044.000.000) 11/15 12:20:18 Image size of job updated: 342496
...
006 (1755044.000.000) 11/15 12:30:18 Image size of job updated: 345568
...
006 (1755044.000.000) 11/15 12:50:18 Image size of job updated: 346592
...
005 (1755044.000.000) 11/15 12:52:57 Job terminated.
	(1) Normal termination (return value 0)
		Usr 0 00:56:36, Sys 0 00:00:29  -  Run Remote Usage
		Usr 0 00:00:00, Sys 0 00:00:00  -  Run Local Usage
		Usr 0 00:56:36, Sys 0 00:00:29  -  Total Remote Usage
		Usr 0 00:00:00, Sys 0 00:00:00  -  Total Local Usage
	0  -  Run Bytes Sent By Job
	0  -  Run Bytes Received By Job
	0  -  Total Bytes Sent By Job
	0  -  Total Bytes Received By Job
...
