000 (1755369.000.000) 11/14 02:20:03 Job submitted from host: <130.199.206.69:49450>
...
001 (1755369.000.000) 11/15 12:45:48 Job executing on host: <130.199.183.1:42118>
...
006 (1755369.000.000) 11/15 12:50:58 Image size of job updated: 282436
...
006 (1755369.000.000) 11/15 12:55:59 Image size of job updated: 283812
...
006 (1755369.000.000) 11/15 13:00:59 Image size of job updated: 289116
...
006 (1755369.000.000) 11/15 13:05:59 Image size of job updated: 292444
...
006 (1755369.000.000) 11/15 13:10:59 Image size of job updated: 292632
...
006 (1755369.000.000) 11/15 13:15:59 Image size of job updated: 293320
...
006 (1755369.000.000) 11/15 13:20:59 Image size of job updated: 296044
...
006 (1755369.000.000) 11/15 13:25:59 Image size of job updated: 296192
...
006 (1755369.000.000) 11/15 13:30:59 Image size of job updated: 297192
...
006 (1755369.000.000) 11/15 13:35:59 Image size of job updated: 298212
...
006 (1755369.000.000) 11/15 13:40:59 Image size of job updated: 298836
...
005 (1755369.000.000) 11/15 13:42:27 Job terminated.
	(1) Normal termination (return value 0)
		Usr 0 00:49:57, Sys 0 00:00:30  -  Run Remote Usage
		Usr 0 00:00:00, Sys 0 00:00:00  -  Run Local Usage
		Usr 0 00:49:57, Sys 0 00:00:30  -  Total Remote Usage
		Usr 0 00:00:00, Sys 0 00:00:00  -  Total Local Usage
	0  -  Run Bytes Sent By Job
	0  -  Run Bytes Received By Job
	0  -  Total Bytes Sent By Job
	0  -  Total Bytes Received By Job
...
