000 (1753639.000.000) 11/14 02:16:08 Job submitted from host: <130.199.206.69:49450>
...
001 (1753639.000.000) 11/14 05:15:52 Job executing on host: <130.199.206.162:38127>
...
006 (1753639.000.000) 11/14 05:21:00 Image size of job updated: 293024
...
006 (1753639.000.000) 11/14 05:26:00 Image size of job updated: 314932
...
006 (1753639.000.000) 11/14 05:31:00 Image size of job updated: 325172
...
006 (1753639.000.000) 11/14 05:51:00 Image size of job updated: 330292
...
006 (1753639.000.000) 11/14 06:01:00 Image size of job updated: 332004
...
006 (1753639.000.000) 11/14 06:46:08 Image size of job updated: 333584
...
006 (1753639.000.000) 11/14 06:51:09 Image size of job updated: 340760
...
006 (1753639.000.000) 11/14 06:56:10 Image size of job updated: 341784
...
006 (1753639.000.000) 11/14 07:06:12 Image size of job updated: 342808
...
006 (1753639.000.000) 11/14 07:16:14 Image size of job updated: 343832
...
006 (1753639.000.000) 11/14 07:36:15 Image size of job updated: 344856
...
006 (1753639.000.000) 11/14 07:41:15 Image size of job updated: 345880
...
006 (1753639.000.000) 11/14 08:01:15 Image size of job updated: 346904
...
005 (1753639.000.000) 11/14 08:11:44 Job terminated.
	(1) Normal termination (return value 0)
		Usr 0 02:38:43, Sys 0 00:00:52  -  Run Remote Usage
		Usr 0 00:00:00, Sys 0 00:00:00  -  Run Local Usage
		Usr 0 02:38:43, Sys 0 00:00:52  -  Total Remote Usage
		Usr 0 00:00:00, Sys 0 00:00:00  -  Total Local Usage
	0  -  Run Bytes Sent By Job
	0  -  Run Bytes Received By Job
	0  -  Total Bytes Sent By Job
	0  -  Total Bytes Received By Job
...
