000 (1754358.000.000) 11/14 02:18:07 Job submitted from host: <130.199.206.69:49450>
...
001 (1754358.000.000) 11/14 06:15:17 Job executing on host: <130.199.180.171:36907>
...
006 (1754358.000.000) 11/14 06:15:26 Image size of job updated: 182784
...
006 (1754358.000.000) 11/14 06:20:27 Image size of job updated: 281648
...
006 (1754358.000.000) 11/14 06:25:28 Image size of job updated: 283528
...
006 (1754358.000.000) 11/14 06:35:30 Image size of job updated: 283576
...
006 (1754358.000.000) 11/14 06:40:31 Image size of job updated: 286044
...
006 (1754358.000.000) 11/14 06:45:32 Image size of job updated: 286108
...
006 (1754358.000.000) 11/14 07:05:36 Image size of job updated: 288460
...
006 (1754358.000.000) 11/14 07:10:37 Image size of job updated: 288596
...
006 (1754358.000.000) 11/14 07:15:38 Image size of job updated: 290788
...
006 (1754358.000.000) 11/14 07:20:39 Image size of job updated: 291612
...
006 (1754358.000.000) 11/14 07:25:40 Image size of job updated: 292264
...
006 (1754358.000.000) 11/14 07:30:41 Image size of job updated: 293452
...
006 (1754358.000.000) 11/14 07:35:42 Image size of job updated: 293836
...
006 (1754358.000.000) 11/14 07:45:44 Image size of job updated: 294032
...
006 (1754358.000.000) 11/14 08:15:50 Image size of job updated: 294752
...
006 (1754358.000.000) 11/14 08:20:50 Image size of job updated: 295392
...
006 (1754358.000.000) 11/14 08:25:50 Image size of job updated: 295740
...
006 (1754358.000.000) 11/14 08:35:50 Image size of job updated: 296168
...
006 (1754358.000.000) 11/14 09:15:50 Image size of job updated: 296308
...
006 (1754358.000.000) 11/14 09:20:50 Image size of job updated: 296320
...
006 (1754358.000.000) 11/14 09:40:50 Image size of job updated: 296344
...
006 (1754358.000.000) 11/14 09:45:50 Image size of job updated: 296692
...
006 (1754358.000.000) 11/14 10:05:50 Image size of job updated: 296984
...
006 (1754358.000.000) 11/14 10:35:50 Image size of job updated: 297656
...
005 (1754358.000.000) 11/14 10:45:59 Job terminated.
	(1) Normal termination (return value 0)
		Usr 0 04:06:18, Sys 0 00:02:15  -  Run Remote Usage
		Usr 0 00:00:00, Sys 0 00:00:00  -  Run Local Usage
		Usr 0 04:06:18, Sys 0 00:02:15  -  Total Remote Usage
		Usr 0 00:00:00, Sys 0 00:00:00  -  Total Local Usage
	0  -  Run Bytes Sent By Job
	0  -  Run Bytes Received By Job
	0  -  Total Bytes Sent By Job
	0  -  Total Bytes Received By Job
...
