000 (1754546.000.000) 11/14 02:18:34 Job submitted from host: <130.199.206.69:49450>
...
001 (1754546.000.000) 11/14 05:30:21 Job executing on host: <130.199.180.168:57296>
...
006 (1754546.000.000) 11/14 05:30:30 Image size of job updated: 136440
...
006 (1754546.000.000) 11/14 05:35:31 Image size of job updated: 284448
...
006 (1754546.000.000) 11/14 05:40:32 Image size of job updated: 285728
...
006 (1754546.000.000) 11/14 05:45:33 Image size of job updated: 285992
...
006 (1754546.000.000) 11/14 05:50:34 Image size of job updated: 287220
...
006 (1754546.000.000) 11/14 06:05:37 Image size of job updated: 288884
...
006 (1754546.000.000) 11/14 06:10:38 Image size of job updated: 291928
...
006 (1754546.000.000) 11/14 06:15:39 Image size of job updated: 292664
...
006 (1754546.000.000) 11/14 06:20:40 Image size of job updated: 292828
...
006 (1754546.000.000) 11/14 06:25:41 Image size of job updated: 293156
...
006 (1754546.000.000) 11/14 06:35:43 Image size of job updated: 293608
...
006 (1754546.000.000) 11/14 06:40:44 Image size of job updated: 294676
...
005 (1754546.000.000) 11/14 06:43:17 Job terminated.
	(1) Normal termination (return value 0)
		Usr 0 01:05:59, Sys 0 00:00:45  -  Run Remote Usage
		Usr 0 00:00:00, Sys 0 00:00:00  -  Run Local Usage
		Usr 0 01:05:59, Sys 0 00:00:45  -  Total Remote Usage
		Usr 0 00:00:00, Sys 0 00:00:00  -  Total Local Usage
	0  -  Run Bytes Sent By Job
	0  -  Run Bytes Received By Job
	0  -  Total Bytes Sent By Job
	0  -  Total Bytes Received By Job
...
