000 (1754526.000.000) 11/14 02:18:34 Job submitted from host: <130.199.206.69:49450>
...
001 (1754526.000.000) 11/14 05:32:48 Job executing on host: <130.199.180.176:34913>
...
006 (1754526.000.000) 11/14 05:37:56 Image size of job updated: 283916
...
006 (1754526.000.000) 11/14 05:42:56 Image size of job updated: 284048
...
006 (1754526.000.000) 11/14 05:47:56 Image size of job updated: 285048
...
006 (1754526.000.000) 11/14 05:57:56 Image size of job updated: 285640
...
006 (1754526.000.000) 11/14 06:02:56 Image size of job updated: 286760
...
006 (1754526.000.000) 11/14 06:07:56 Image size of job updated: 289352
...
006 (1754526.000.000) 11/14 06:12:56 Image size of job updated: 292532
...
006 (1754526.000.000) 11/14 06:17:56 Image size of job updated: 293220
...
006 (1754526.000.000) 11/14 06:22:56 Image size of job updated: 294140
...
006 (1754526.000.000) 11/14 06:42:56 Image size of job updated: 295004
...
006 (1754526.000.000) 11/14 06:47:56 Image size of job updated: 295656
...
006 (1754526.000.000) 11/14 07:07:56 Image size of job updated: 296208
...
006 (1754526.000.000) 11/14 07:12:56 Image size of job updated: 296332
...
005 (1754526.000.000) 11/14 07:24:37 Job terminated.
	(1) Normal termination (return value 0)
		Usr 0 01:43:05, Sys 0 00:00:50  -  Run Remote Usage
		Usr 0 00:00:00, Sys 0 00:00:00  -  Run Local Usage
		Usr 0 01:43:05, Sys 0 00:00:50  -  Total Remote Usage
		Usr 0 00:00:00, Sys 0 00:00:00  -  Total Local Usage
	0  -  Run Bytes Sent By Job
	0  -  Run Bytes Received By Job
	0  -  Total Bytes Sent By Job
	0  -  Total Bytes Received By Job
...
