000 (1754476.000.000) 11/14 02:18:34 Job submitted from host: <130.199.206.69:49450>
...
001 (1754476.000.000) 11/14 05:32:12 Job executing on host: <130.199.180.158:55404>
...
006 (1754476.000.000) 11/14 05:32:20 Image size of job updated: 72728
...
006 (1754476.000.000) 11/14 05:37:20 Image size of job updated: 278976
...
006 (1754476.000.000) 11/14 05:42:20 Image size of job updated: 280616
...
006 (1754476.000.000) 11/14 05:47:20 Image size of job updated: 299796
...
006 (1754476.000.000) 11/14 05:52:20 Image size of job updated: 309012
...
006 (1754476.000.000) 11/14 05:57:20 Image size of job updated: 317204
...
006 (1754476.000.000) 11/14 06:02:20 Image size of job updated: 319252
...
006 (1754476.000.000) 11/14 06:07:20 Image size of job updated: 329340
...
006 (1754476.000.000) 11/14 06:12:20 Image size of job updated: 331388
...
006 (1754476.000.000) 11/14 06:17:20 Image size of job updated: 334460
...
006 (1754476.000.000) 11/14 06:27:20 Image size of job updated: 335484
...
006 (1754476.000.000) 11/14 06:37:20 Image size of job updated: 336508
...
006 (1754476.000.000) 11/14 06:57:20 Image size of job updated: 337532
...
006 (1754476.000.000) 11/14 08:02:22 Image size of job updated: 338556
...
006 (1754476.000.000) 11/14 08:12:24 Image size of job updated: 339580
...
006 (1754476.000.000) 11/14 08:17:25 Image size of job updated: 340604
...
006 (1754476.000.000) 11/14 08:32:28 Image size of job updated: 341628
...
005 (1754476.000.000) 11/14 08:56:30 Job terminated.
	(1) Normal termination (return value 0)
		Usr 0 02:59:42, Sys 0 00:01:29  -  Run Remote Usage
		Usr 0 00:00:00, Sys 0 00:00:00  -  Run Local Usage
		Usr 0 02:59:42, Sys 0 00:01:29  -  Total Remote Usage
		Usr 0 00:00:00, Sys 0 00:00:00  -  Total Local Usage
	0  -  Run Bytes Sent By Job
	0  -  Run Bytes Received By Job
	0  -  Total Bytes Sent By Job
	0  -  Total Bytes Received By Job
...
