000 (1753500.000.000) 11/14 02:15:48 Job submitted from host: <130.199.206.69:49450>
...
001 (1753500.000.000) 11/14 05:23:35 Job executing on host: <130.199.183.25:50471>
...
006 (1753500.000.000) 11/14 05:28:45 Image size of job updated: 284768
...
006 (1753500.000.000) 11/14 05:33:46 Image size of job updated: 285488
...
006 (1753500.000.000) 11/14 05:38:47 Image size of job updated: 286176
...
006 (1753500.000.000) 11/14 05:43:48 Image size of job updated: 286360
...
006 (1753500.000.000) 11/14 05:48:49 Image size of job updated: 287092
...
006 (1753500.000.000) 11/14 05:53:50 Image size of job updated: 287364
...
006 (1753500.000.000) 11/14 05:58:51 Image size of job updated: 287732
...
006 (1753500.000.000) 11/14 06:03:52 Image size of job updated: 288432
...
006 (1753500.000.000) 11/14 06:13:54 Image size of job updated: 290704
...
006 (1753500.000.000) 11/14 06:33:58 Image size of job updated: 290980
...
006 (1753500.000.000) 11/14 06:38:59 Image size of job updated: 291460
...
006 (1753500.000.000) 11/14 06:44:00 Image size of job updated: 291512
...
006 (1753500.000.000) 11/14 06:59:03 Image size of job updated: 292012
...
006 (1753500.000.000) 11/14 07:29:09 Image size of job updated: 292820
...
006 (1753500.000.000) 11/14 07:44:12 Image size of job updated: 293300
...
006 (1753500.000.000) 11/14 07:49:13 Image size of job updated: 293460
...
006 (1753500.000.000) 11/14 08:09:14 Image size of job updated: 293876
...
006 (1753500.000.000) 11/14 08:24:14 Image size of job updated: 294212
...
006 (1753500.000.000) 11/14 08:34:14 Image size of job updated: 294392
...
006 (1753500.000.000) 11/14 08:39:14 Image size of job updated: 294804
...
006 (1753500.000.000) 11/14 09:04:14 Image size of job updated: 295052
...
006 (1753500.000.000) 11/14 09:14:14 Image size of job updated: 295148
...
006 (1753500.000.000) 11/14 09:19:14 Image size of job updated: 295444
...
006 (1753500.000.000) 11/14 09:24:14 Image size of job updated: 295472
...
005 (1753500.000.000) 11/14 09:37:54 Job terminated.
	(1) Normal termination (return value 0)
		Usr 0 03:54:53, Sys 0 00:01:30  -  Run Remote Usage
		Usr 0 00:00:00, Sys 0 00:00:00  -  Run Local Usage
		Usr 0 03:54:53, Sys 0 00:01:30  -  Total Remote Usage
		Usr 0 00:00:00, Sys 0 00:00:00  -  Total Local Usage
	0  -  Run Bytes Sent By Job
	0  -  Run Bytes Received By Job
	0  -  Total Bytes Sent By Job
	0  -  Total Bytes Received By Job
...
