000 (1755365.000.000) 11/14 02:20:03 Job submitted from host: <130.199.206.69:49450>
...
001 (1755365.000.000) 11/15 12:45:44 Job executing on host: <130.199.207.35:33952>
...
006 (1755365.000.000) 11/15 12:45:53 Image size of job updated: 173616
...
006 (1755365.000.000) 11/15 12:50:54 Image size of job updated: 283116
...
006 (1755365.000.000) 11/15 12:55:55 Image size of job updated: 285448
...
006 (1755365.000.000) 11/15 13:10:58 Image size of job updated: 287216
...
006 (1755365.000.000) 11/15 13:15:59 Image size of job updated: 287432
...
006 (1755365.000.000) 11/15 13:21:00 Image size of job updated: 288596
...
006 (1755365.000.000) 11/15 13:26:00 Image size of job updated: 289272
...
006 (1755365.000.000) 11/15 13:31:00 Image size of job updated: 290264
...
006 (1755365.000.000) 11/15 13:36:00 Image size of job updated: 290776
...
006 (1755365.000.000) 11/15 13:41:00 Image size of job updated: 291764
...
006 (1755365.000.000) 11/15 13:46:00 Image size of job updated: 292732
...
006 (1755365.000.000) 11/15 13:51:00 Image size of job updated: 312672
...
006 (1755365.000.000) 11/15 13:56:00 Image size of job updated: 336052
...
006 (1755365.000.000) 11/15 14:01:00 Image size of job updated: 340148
...
006 (1755365.000.000) 11/15 14:06:00 Image size of job updated: 341172
...
006 (1755365.000.000) 11/15 14:11:00 Image size of job updated: 343220
...
006 (1755365.000.000) 11/15 14:21:00 Image size of job updated: 344244
...
005 (1755365.000.000) 11/15 14:31:53 Job terminated.
	(1) Normal termination (return value 0)
		Usr 0 01:35:38, Sys 0 00:00:38  -  Run Remote Usage
		Usr 0 00:00:00, Sys 0 00:00:00  -  Run Local Usage
		Usr 0 01:35:38, Sys 0 00:00:38  -  Total Remote Usage
		Usr 0 00:00:00, Sys 0 00:00:00  -  Total Local Usage
	0  -  Run Bytes Sent By Job
	0  -  Run Bytes Received By Job
	0  -  Total Bytes Sent By Job
	0  -  Total Bytes Received By Job
...
