000 (1754022.000.000) 11/14 02:17:22 Job submitted from host: <130.199.206.69:49450>
...
001 (1754022.000.000) 11/14 06:01:22 Job executing on host: <130.199.183.14:48158>
...
006 (1754022.000.000) 11/14 06:01:31 Image size of job updated: 72620
...
006 (1754022.000.000) 11/14 06:06:32 Image size of job updated: 284264
...
006 (1754022.000.000) 11/14 06:11:33 Image size of job updated: 284768
...
006 (1754022.000.000) 11/14 06:16:34 Image size of job updated: 286148
...
006 (1754022.000.000) 11/14 06:21:35 Image size of job updated: 286976
...
006 (1754022.000.000) 11/14 06:26:36 Image size of job updated: 287252
...
006 (1754022.000.000) 11/14 06:31:37 Image size of job updated: 287656
...
006 (1754022.000.000) 11/14 06:46:37 Image size of job updated: 288240
...
006 (1754022.000.000) 11/14 06:56:37 Image size of job updated: 290728
...
006 (1754022.000.000) 11/14 07:01:37 Image size of job updated: 292516
...
006 (1754022.000.000) 11/14 07:11:37 Image size of job updated: 292884
...
006 (1754022.000.000) 11/14 07:16:37 Image size of job updated: 293908
...
006 (1754022.000.000) 11/14 07:26:37 Image size of job updated: 294344
...
006 (1754022.000.000) 11/14 07:51:41 Image size of job updated: 294368
...
006 (1754022.000.000) 11/14 08:06:44 Image size of job updated: 294884
...
006 (1754022.000.000) 11/14 08:11:45 Image size of job updated: 295468
...
006 (1754022.000.000) 11/14 08:26:48 Image size of job updated: 295620
...
006 (1754022.000.000) 11/14 08:36:50 Image size of job updated: 295788
...
006 (1754022.000.000) 11/14 08:51:53 Image size of job updated: 295900
...
006 (1754022.000.000) 11/14 08:56:54 Image size of job updated: 296008
...
006 (1754022.000.000) 11/14 09:01:55 Image size of job updated: 296352
...
005 (1754022.000.000) 11/14 09:37:41 Job terminated.
	(1) Normal termination (return value 0)
		Usr 0 03:13:07, Sys 0 00:01:27  -  Run Remote Usage
		Usr 0 00:00:00, Sys 0 00:00:00  -  Run Local Usage
		Usr 0 03:13:07, Sys 0 00:01:27  -  Total Remote Usage
		Usr 0 00:00:00, Sys 0 00:00:00  -  Total Local Usage
	0  -  Run Bytes Sent By Job
	0  -  Run Bytes Received By Job
	0  -  Total Bytes Sent By Job
	0  -  Total Bytes Received By Job
...
