000 (1755214.000.000) 11/14 02:19:54 Job submitted from host: <130.199.206.69:49450>
...
001 (1755214.000.000) 11/15 12:37:15 Job executing on host: <130.199.183.18:59916>
...
006 (1755214.000.000) 11/15 12:37:23 Image size of job updated: 121084
...
006 (1755214.000.000) 11/15 12:42:23 Image size of job updated: 284364
...
006 (1755214.000.000) 11/15 12:47:23 Image size of job updated: 290812
...
006 (1755214.000.000) 11/15 12:52:23 Image size of job updated: 292636
...
005 (1755214.000.000) 11/15 12:57:16 Job terminated.
	(1) Normal termination (return value 0)
		Usr 0 00:16:55, Sys 0 00:00:10  -  Run Remote Usage
		Usr 0 00:00:00, Sys 0 00:00:00  -  Run Local Usage
		Usr 0 00:16:55, Sys 0 00:00:10  -  Total Remote Usage
		Usr 0 00:00:00, Sys 0 00:00:00  -  Total Local Usage
	0  -  Run Bytes Sent By Job
	0  -  Run Bytes Received By Job
	0  -  Total Bytes Sent By Job
	0  -  Total Bytes Received By Job
...
