000 (1754308.000.000) 11/14 02:18:07 Job submitted from host: <130.199.206.69:49450>
...
001 (1754308.000.000) 11/14 05:14:14 Job executing on host: <130.199.180.152:59096>
...
006 (1754308.000.000) 11/14 05:19:22 Image size of job updated: 284168
...
006 (1754308.000.000) 11/14 05:24:22 Image size of job updated: 284884
...
006 (1754308.000.000) 11/14 05:29:23 Image size of job updated: 286524
...
006 (1754308.000.000) 11/14 05:34:24 Image size of job updated: 287496
...
006 (1754308.000.000) 11/14 05:39:25 Image size of job updated: 287752
...
006 (1754308.000.000) 11/14 05:44:26 Image size of job updated: 288312
...
006 (1754308.000.000) 11/14 05:59:29 Image size of job updated: 289580
...
006 (1754308.000.000) 11/14 06:04:30 Image size of job updated: 290384
...
006 (1754308.000.000) 11/14 06:14:32 Image size of job updated: 317400
...
006 (1754308.000.000) 11/14 06:19:33 Image size of job updated: 322968
...
005 (1754308.000.000) 11/14 06:23:15 Job terminated.
	(1) Normal termination (return value 0)
		Usr 0 00:58:30, Sys 0 00:00:43  -  Run Remote Usage
		Usr 0 00:00:00, Sys 0 00:00:00  -  Run Local Usage
		Usr 0 00:58:30, Sys 0 00:00:43  -  Total Remote Usage
		Usr 0 00:00:00, Sys 0 00:00:00  -  Total Local Usage
	0  -  Run Bytes Sent By Job
	0  -  Run Bytes Received By Job
	0  -  Total Bytes Sent By Job
	0  -  Total Bytes Received By Job
...
