000 (1754505.000.000) 11/14 02:18:34 Job submitted from host: <130.199.206.69:49450>
...
001 (1754505.000.000) 11/14 05:31:04 Job executing on host: <130.199.180.165:47530>
...
006 (1754505.000.000) 11/14 05:36:12 Image size of job updated: 282488
...
006 (1754505.000.000) 11/14 05:41:12 Image size of job updated: 283916
...
006 (1754505.000.000) 11/14 05:46:12 Image size of job updated: 285856
...
006 (1754505.000.000) 11/14 05:56:12 Image size of job updated: 286212
...
006 (1754505.000.000) 11/14 06:06:12 Image size of job updated: 287940
...
006 (1754505.000.000) 11/14 06:11:12 Image size of job updated: 288844
...
006 (1754505.000.000) 11/14 06:16:12 Image size of job updated: 289080
...
006 (1754505.000.000) 11/14 06:21:12 Image size of job updated: 289740
...
006 (1754505.000.000) 11/14 06:31:12 Image size of job updated: 292556
...
006 (1754505.000.000) 11/14 06:41:12 Image size of job updated: 293584
...
005 (1754505.000.000) 11/14 06:47:07 Job terminated.
	(1) Normal termination (return value 0)
		Usr 0 00:56:47, Sys 0 00:00:34  -  Run Remote Usage
		Usr 0 00:00:00, Sys 0 00:00:00  -  Run Local Usage
		Usr 0 00:56:47, Sys 0 00:00:34  -  Total Remote Usage
		Usr 0 00:00:00, Sys 0 00:00:00  -  Total Local Usage
	0  -  Run Bytes Sent By Job
	0  -  Run Bytes Received By Job
	0  -  Total Bytes Sent By Job
	0  -  Total Bytes Received By Job
...
