000 (1755346.000.000) 11/14 02:20:03 Job submitted from host: <130.199.206.69:49450>
...
001 (1755346.000.000) 11/15 12:43:18 Job executing on host: <130.199.183.26:55119>
...
006 (1755346.000.000) 11/15 12:43:26 Image size of job updated: 144796
...
006 (1755346.000.000) 11/15 12:48:26 Image size of job updated: 284296
...
006 (1755346.000.000) 11/15 12:53:26 Image size of job updated: 285768
...
006 (1755346.000.000) 11/15 13:03:26 Image size of job updated: 291976
...
006 (1755346.000.000) 11/15 13:08:26 Image size of job updated: 293172
...
006 (1755346.000.000) 11/15 13:13:26 Image size of job updated: 296248
...
006 (1755346.000.000) 11/15 13:18:26 Image size of job updated: 296968
...
006 (1755346.000.000) 11/15 13:23:26 Image size of job updated: 297616
...
006 (1755346.000.000) 11/15 13:28:26 Image size of job updated: 297780
...
006 (1755346.000.000) 11/15 13:33:26 Image size of job updated: 319120
...
006 (1755346.000.000) 11/15 13:38:26 Image size of job updated: 331408
...
006 (1755346.000.000) 11/15 13:43:26 Image size of job updated: 339600
...
006 (1755346.000.000) 11/15 13:48:26 Image size of job updated: 341648
...
005 (1755346.000.000) 11/15 13:57:49 Job terminated.
	(1) Normal termination (return value 0)
		Usr 0 01:03:30, Sys 0 00:00:28  -  Run Remote Usage
		Usr 0 00:00:00, Sys 0 00:00:00  -  Run Local Usage
		Usr 0 01:03:30, Sys 0 00:00:28  -  Total Remote Usage
		Usr 0 00:00:00, Sys 0 00:00:00  -  Total Local Usage
	0  -  Run Bytes Sent By Job
	0  -  Run Bytes Received By Job
	0  -  Total Bytes Sent By Job
	0  -  Total Bytes Received By Job
...
