000 (1754673.000.000) 11/14 02:18:59 Job submitted from host: <130.199.206.69:49450>
...
001 (1754673.000.000) 11/14 05:52:24 Job executing on host: <130.199.206.167:36826>
...
006 (1754673.000.000) 11/14 05:52:32 Image size of job updated: 173672
...
006 (1754673.000.000) 11/14 05:57:32 Image size of job updated: 305684
...
006 (1754673.000.000) 11/14 06:02:32 Image size of job updated: 314900
...
006 (1754673.000.000) 11/14 06:07:32 Image size of job updated: 321204
...
006 (1754673.000.000) 11/14 06:12:32 Image size of job updated: 322228
...
006 (1754673.000.000) 11/14 06:17:32 Image size of job updated: 323252
...
006 (1754673.000.000) 11/14 06:32:32 Image size of job updated: 327348
...
006 (1754673.000.000) 11/14 06:37:32 Image size of job updated: 328372
...
006 (1754673.000.000) 11/14 06:42:32 Image size of job updated: 329396
...
006 (1754673.000.000) 11/14 06:47:32 Image size of job updated: 330420
...
006 (1754673.000.000) 11/14 07:02:35 Image size of job updated: 331444
...
006 (1754673.000.000) 11/14 07:07:36 Image size of job updated: 332472
...
006 (1754673.000.000) 11/14 07:17:38 Image size of job updated: 333496
...
006 (1754673.000.000) 11/14 07:32:41 Image size of job updated: 334520
...
006 (1754673.000.000) 11/14 07:42:43 Image size of job updated: 335544
...
005 (1754673.000.000) 11/14 07:56:05 Job terminated.
	(1) Normal termination (return value 0)
		Usr 0 01:54:18, Sys 0 00:00:23  -  Run Remote Usage
		Usr 0 00:00:00, Sys 0 00:00:00  -  Run Local Usage
		Usr 0 01:54:18, Sys 0 00:00:23  -  Total Remote Usage
		Usr 0 00:00:00, Sys 0 00:00:00  -  Total Local Usage
	0  -  Run Bytes Sent By Job
	0  -  Run Bytes Received By Job
	0  -  Total Bytes Sent By Job
	0  -  Total Bytes Received By Job
...
