000 (1755221.000.000) 11/14 02:19:54 Job submitted from host: <130.199.206.69:49450>
...
001 (1755221.000.000) 11/15 19:00:32 Job executing on host: <130.199.183.20:45557>
...
006 (1755221.000.000) 11/15 19:00:41 Image size of job updated: 145512
...
006 (1755221.000.000) 11/15 19:05:42 Image size of job updated: 285460
...
006 (1755221.000.000) 11/15 19:10:43 Image size of job updated: 286612
...
006 (1755221.000.000) 11/15 19:15:44 Image size of job updated: 288404
...
006 (1755221.000.000) 11/15 19:20:45 Image size of job updated: 288884
...
006 (1755221.000.000) 11/15 19:25:46 Image size of job updated: 291852
...
006 (1755221.000.000) 11/15 19:30:47 Image size of job updated: 291976
...
006 (1755221.000.000) 11/15 19:35:48 Image size of job updated: 292340
...
006 (1755221.000.000) 11/15 19:40:49 Image size of job updated: 293048
...
006 (1755221.000.000) 11/15 19:45:50 Image size of job updated: 294420
...
006 (1755221.000.000) 11/15 19:50:51 Image size of job updated: 318356
...
005 (1755221.000.000) 11/15 19:51:20 Job terminated.
	(1) Normal termination (return value 0)
		Usr 0 00:43:30, Sys 0 00:00:31  -  Run Remote Usage
		Usr 0 00:00:00, Sys 0 00:00:00  -  Run Local Usage
		Usr 0 00:43:30, Sys 0 00:00:31  -  Total Remote Usage
		Usr 0 00:00:00, Sys 0 00:00:00  -  Total Local Usage
	0  -  Run Bytes Sent By Job
	0  -  Run Bytes Received By Job
	0  -  Total Bytes Sent By Job
	0  -  Total Bytes Received By Job
...
