000 (1754159.000.000) 11/14 02:17:37 Job submitted from host: <130.199.206.69:49450>
...
001 (1754159.000.000) 11/14 05:12:11 Job executing on host: <130.199.180.169:46641>
...
006 (1754159.000.000) 11/14 05:12:19 Image size of job updated: 144532
...
006 (1754159.000.000) 11/14 05:17:19 Image size of job updated: 285960
...
006 (1754159.000.000) 11/14 05:22:19 Image size of job updated: 288368
...
006 (1754159.000.000) 11/14 05:32:19 Image size of job updated: 288500
...
006 (1754159.000.000) 11/14 05:42:19 Image size of job updated: 290472
...
006 (1754159.000.000) 11/14 05:47:19 Image size of job updated: 290860
...
006 (1754159.000.000) 11/14 05:57:19 Image size of job updated: 291000
...
006 (1754159.000.000) 11/14 06:07:19 Image size of job updated: 292272
...
006 (1754159.000.000) 11/14 06:12:19 Image size of job updated: 292340
...
006 (1754159.000.000) 11/14 06:27:19 Image size of job updated: 292876
...
006 (1754159.000.000) 11/14 06:32:19 Image size of job updated: 292888
...
006 (1754159.000.000) 11/14 06:47:19 Image size of job updated: 293904
...
006 (1754159.000.000) 11/14 06:52:19 Image size of job updated: 294480
...
006 (1754159.000.000) 11/14 06:57:19 Image size of job updated: 294612
...
006 (1754159.000.000) 11/14 07:02:20 Image size of job updated: 295204
...
006 (1754159.000.000) 11/14 07:17:23 Image size of job updated: 296304
...
006 (1754159.000.000) 11/14 08:47:41 Image size of job updated: 296528
...
006 (1754159.000.000) 11/14 09:12:46 Image size of job updated: 297088
...
005 (1754159.000.000) 11/14 09:30:11 Job terminated.
	(1) Normal termination (return value 0)
		Usr 0 03:51:31, Sys 0 00:01:53  -  Run Remote Usage
		Usr 0 00:00:00, Sys 0 00:00:00  -  Run Local Usage
		Usr 0 03:51:31, Sys 0 00:01:53  -  Total Remote Usage
		Usr 0 00:00:00, Sys 0 00:00:00  -  Total Local Usage
	0  -  Run Bytes Sent By Job
	0  -  Run Bytes Received By Job
	0  -  Total Bytes Sent By Job
	0  -  Total Bytes Received By Job
...
