000 (1754670.000.000) 11/14 02:18:46 Job submitted from host: <130.199.206.69:49450>
...
001 (1754670.000.000) 11/14 05:52:10 Job executing on host: <130.199.180.139:35175>
...
006 (1754670.000.000) 11/14 05:52:19 Image size of job updated: 8820
...
006 (1754670.000.000) 11/14 05:57:20 Image size of job updated: 283920
...
006 (1754670.000.000) 11/14 06:02:21 Image size of job updated: 285908
...
006 (1754670.000.000) 11/14 06:07:22 Image size of job updated: 286560
...
006 (1754670.000.000) 11/14 06:12:23 Image size of job updated: 288496
...
006 (1754670.000.000) 11/14 06:37:28 Image size of job updated: 290012
...
006 (1754670.000.000) 11/14 06:42:29 Image size of job updated: 290600
...
006 (1754670.000.000) 11/14 07:07:34 Image size of job updated: 290708
...
006 (1754670.000.000) 11/14 07:12:35 Image size of job updated: 291116
...
006 (1754670.000.000) 11/14 07:17:36 Image size of job updated: 291668
...
006 (1754670.000.000) 11/14 07:32:39 Image size of job updated: 292292
...
006 (1754670.000.000) 11/14 07:37:40 Image size of job updated: 292380
...
006 (1754670.000.000) 11/14 07:52:43 Image size of job updated: 292560
...
006 (1754670.000.000) 11/14 07:57:44 Image size of job updated: 292596
...
006 (1754670.000.000) 11/14 08:07:46 Image size of job updated: 292704
...
006 (1754670.000.000) 11/14 08:22:49 Image size of job updated: 295900
...
006 (1754670.000.000) 11/14 08:27:50 Image size of job updated: 296520
...
006 (1754670.000.000) 11/14 08:32:51 Image size of job updated: 296684
...
006 (1754670.000.000) 11/14 08:47:54 Image size of job updated: 297024
...
006 (1754670.000.000) 11/14 09:07:57 Image size of job updated: 297252
...
005 (1754670.000.000) 11/14 09:13:44 Job terminated.
	(1) Normal termination (return value 0)
		Usr 0 03:02:50, Sys 0 00:01:37  -  Run Remote Usage
		Usr 0 00:00:00, Sys 0 00:00:00  -  Run Local Usage
		Usr 0 03:02:50, Sys 0 00:01:37  -  Total Remote Usage
		Usr 0 00:00:00, Sys 0 00:00:00  -  Total Local Usage
	0  -  Run Bytes Sent By Job
	0  -  Run Bytes Received By Job
	0  -  Total Bytes Sent By Job
	0  -  Total Bytes Received By Job
...
