000 (1754227.000.000) 11/14 02:17:52 Job submitted from host: <130.199.206.69:49450>
...
001 (1754227.000.000) 11/14 08:18:09 Job executing on host: <130.199.180.162:36052>
...
006 (1754227.000.000) 11/14 08:18:17 Image size of job updated: 142008
...
006 (1754227.000.000) 11/14 08:23:17 Image size of job updated: 279108
...
006 (1754227.000.000) 11/14 08:28:17 Image size of job updated: 289676
...
006 (1754227.000.000) 11/14 08:33:17 Image size of job updated: 291508
...
006 (1754227.000.000) 11/14 08:38:17 Image size of job updated: 291892
...
006 (1754227.000.000) 11/14 08:43:17 Image size of job updated: 293120
...
006 (1754227.000.000) 11/14 08:48:17 Image size of job updated: 294112
...
006 (1754227.000.000) 11/14 08:53:17 Image size of job updated: 294680
...
006 (1754227.000.000) 11/14 09:08:17 Image size of job updated: 297104
...
006 (1754227.000.000) 11/14 09:18:19 Image size of job updated: 297640
...
006 (1754227.000.000) 11/14 09:38:23 Image size of job updated: 298616
...
006 (1754227.000.000) 11/14 09:43:24 Image size of job updated: 314928
...
006 (1754227.000.000) 11/14 09:48:25 Image size of job updated: 330288
...
006 (1754227.000.000) 11/14 09:53:26 Image size of job updated: 333360
...
006 (1754227.000.000) 11/14 09:58:28 Image size of job updated: 339504
...
006 (1754227.000.000) 11/14 10:03:28 Image size of job updated: 340528
...
006 (1754227.000.000) 11/14 10:08:28 Image size of job updated: 342576
...
006 (1754227.000.000) 11/14 10:38:28 Image size of job updated: 343600
...
005 (1754227.000.000) 11/14 10:42:11 Job terminated.
	(1) Normal termination (return value 0)
		Usr 0 02:03:09, Sys 0 00:01:21  -  Run Remote Usage
		Usr 0 00:00:00, Sys 0 00:00:00  -  Run Local Usage
		Usr 0 02:03:09, Sys 0 00:01:21  -  Total Remote Usage
		Usr 0 00:00:00, Sys 0 00:00:00  -  Total Local Usage
	0  -  Run Bytes Sent By Job
	0  -  Run Bytes Received By Job
	0  -  Total Bytes Sent By Job
	0  -  Total Bytes Received By Job
...
