000 (1753712.000.000) 11/14 02:16:28 Job submitted from host: <130.199.206.69:49450>
...
001 (1753712.000.000) 11/14 08:02:00 Job executing on host: <130.199.180.160:58882>
...
006 (1753712.000.000) 11/14 08:02:09 Image size of job updated: 146316
...
006 (1753712.000.000) 11/14 08:07:10 Image size of job updated: 283876
...
006 (1753712.000.000) 11/14 08:12:11 Image size of job updated: 286624
...
006 (1753712.000.000) 11/14 08:32:15 Image size of job updated: 288508
...
006 (1753712.000.000) 11/14 08:37:16 Image size of job updated: 288728
...
006 (1753712.000.000) 11/14 08:42:17 Image size of job updated: 289352
...
006 (1753712.000.000) 11/14 09:02:21 Image size of job updated: 291524
...
006 (1753712.000.000) 11/14 09:07:22 Image size of job updated: 293772
...
006 (1753712.000.000) 11/14 09:12:23 Image size of job updated: 294184
...
006 (1753712.000.000) 11/14 09:17:24 Image size of job updated: 311144
...
006 (1753712.000.000) 11/14 09:22:25 Image size of job updated: 325192
...
006 (1753712.000.000) 11/14 09:27:26 Image size of job updated: 332360
...
006 (1753712.000.000) 11/14 09:32:27 Image size of job updated: 334408
...
006 (1753712.000.000) 11/14 09:37:28 Image size of job updated: 335432
...
006 (1753712.000.000) 11/14 09:47:30 Image size of job updated: 336456
...
006 (1753712.000.000) 11/14 09:52:31 Image size of job updated: 337480
...
006 (1753712.000.000) 11/14 10:02:33 Image size of job updated: 340552
...
006 (1753712.000.000) 11/14 10:17:36 Image size of job updated: 341576
...
006 (1753712.000.000) 11/14 10:42:41 Image size of job updated: 345892
...
005 (1753712.000.000) 11/14 12:02:17 Job terminated.
	(1) Normal termination (return value 0)
		Usr 0 03:40:51, Sys 0 00:02:31  -  Run Remote Usage
		Usr 0 00:00:00, Sys 0 00:00:00  -  Run Local Usage
		Usr 0 03:40:51, Sys 0 00:02:31  -  Total Remote Usage
		Usr 0 00:00:00, Sys 0 00:00:00  -  Total Local Usage
	0  -  Run Bytes Sent By Job
	0  -  Run Bytes Received By Job
	0  -  Total Bytes Sent By Job
	0  -  Total Bytes Received By Job
...
