000 (1754962.000.000) 11/14 02:19:27 Job submitted from host: <130.199.206.69:49450>
...
001 (1754962.000.000) 11/15 13:00:27 Job executing on host: <130.199.180.148:39203>
...
006 (1754962.000.000) 11/15 13:05:37 Image size of job updated: 283204
...
006 (1754962.000.000) 11/15 13:10:38 Image size of job updated: 285484
...
006 (1754962.000.000) 11/15 13:15:39 Image size of job updated: 285644
...
006 (1754962.000.000) 11/15 13:20:40 Image size of job updated: 285828
...
006 (1754962.000.000) 11/15 13:30:42 Image size of job updated: 286656
...
006 (1754962.000.000) 11/15 13:35:43 Image size of job updated: 287428
...
006 (1754962.000.000) 11/15 13:40:44 Image size of job updated: 287904
...
006 (1754962.000.000) 11/15 13:45:45 Image size of job updated: 288372
...
006 (1754962.000.000) 11/15 13:50:46 Image size of job updated: 290288
...
006 (1754962.000.000) 11/15 13:55:47 Image size of job updated: 290900
...
005 (1754962.000.000) 11/15 14:00:19 Job terminated.
	(1) Normal termination (return value 0)
		Usr 0 00:53:16, Sys 0 00:00:38  -  Run Remote Usage
		Usr 0 00:00:00, Sys 0 00:00:00  -  Run Local Usage
		Usr 0 00:53:16, Sys 0 00:00:38  -  Total Remote Usage
		Usr 0 00:00:00, Sys 0 00:00:00  -  Total Local Usage
	0  -  Run Bytes Sent By Job
	0  -  Run Bytes Received By Job
	0  -  Total Bytes Sent By Job
	0  -  Total Bytes Received By Job
...
000 (1798262.000.000) 11/18 15:19:54 Job submitted from host: <130.199.206.69:49450>
...
001 (1798262.000.000) 11/18 17:28:37 Job executing on host: <130.199.183.20:45557>
...
006 (1798262.000.000) 11/18 17:33:45 Image size of job updated: 173588
...
006 (1798262.000.000) 11/18 17:43:45 Image size of job updated: 173716
...
006 (1798262.000.000) 11/18 17:48:45 Image size of job updated: 173844
...
006 (1798262.000.000) 11/18 17:53:46 Image size of job updated: 174236
...
006 (1798262.000.000) 11/18 18:08:49 Image size of job updated: 175372
...
006 (1798262.000.000) 11/18 18:13:50 Image size of job updated: 182844
...
006 (1798262.000.000) 11/18 18:18:51 Image size of job updated: 186324
...
006 (1798262.000.000) 11/18 18:23:52 Image size of job updated: 187116
...
006 (1798262.000.000) 11/18 18:28:53 Image size of job updated: 191976
...
006 (1798262.000.000) 11/18 18:33:54 Image size of job updated: 192876
...
006 (1798262.000.000) 11/18 18:38:55 Image size of job updated: 192892
...
006 (1798262.000.000) 11/18 18:43:56 Image size of job updated: 192908
...
006 (1798262.000.000) 11/18 18:48:57 Image size of job updated: 299476
...
006 (1798262.000.000) 11/18 18:53:58 Image size of job updated: 314836
...
006 (1798262.000.000) 11/18 18:58:59 Image size of job updated: 325076
...
006 (1798262.000.000) 11/18 19:04:00 Image size of job updated: 326100
...
006 (1798262.000.000) 11/18 19:09:01 Image size of job updated: 329172
...
009 (1798262.000.000) 11/19 08:28:40 Job was aborted by the user.
	The job attribute PeriodicRemove expression '(NumJobStarts >= 1 && JobStatus == 1) || (JobStatus == 2 && (CurrentTime - JobCurrentStartDate > (54000)) && ((RemoteUserCpu + RemoteSysCpu) / (CurrentTime - JobCurrentStartDate) < 0.100000)) || (((CurrentTime - EnteredCurrentStatus) > (2 * 24 * 3600)) && JobStatus == 5) || (JobRunCount >= 1 && JobStatus == 1)' evaluated to TRUE
...
000 (1804760.000.000) 11/21 22:32:12 Job submitted from host: <130.199.206.69:49450>
...
001 (1804760.000.000) 11/22 03:54:03 Job executing on host: <130.199.183.11:60300>
...
006 (1804760.000.000) 11/22 03:54:12 Image size of job updated: 173936
...
006 (1804760.000.000) 11/22 03:59:13 Image size of job updated: 284376
...
006 (1804760.000.000) 11/22 04:04:13 Image size of job updated: 285420
...
006 (1804760.000.000) 11/22 04:09:13 Image size of job updated: 285440
...
006 (1804760.000.000) 11/22 04:19:13 Image size of job updated: 286064
...
006 (1804760.000.000) 11/22 04:24:13 Image size of job updated: 286312
...
006 (1804760.000.000) 11/22 04:29:13 Image size of job updated: 288024
...
006 (1804760.000.000) 11/22 04:34:13 Image size of job updated: 288468
...
006 (1804760.000.000) 11/22 04:39:13 Image size of job updated: 290000
...
006 (1804760.000.000) 11/22 04:44:13 Image size of job updated: 291176
...
006 (1804760.000.000) 11/22 04:49:13 Image size of job updated: 291628
...
006 (1804760.000.000) 11/22 04:54:13 Image size of job updated: 291964
...
006 (1804760.000.000) 11/22 04:59:13 Image size of job updated: 292788
...
006 (1804760.000.000) 11/22 05:04:13 Image size of job updated: 293044
...
006 (1804760.000.000) 11/22 05:09:13 Image size of job updated: 294024
...
006 (1804760.000.000) 11/22 05:44:13 Image size of job updated: 294336
...
006 (1804760.000.000) 11/22 05:49:13 Image size of job updated: 294348
...
006 (1804760.000.000) 11/22 05:54:13 Image size of job updated: 337108
...
006 (1804760.000.000) 11/22 05:59:13 Image size of job updated: 340348
...
006 (1804760.000.000) 11/22 06:04:13 Image size of job updated: 342396
...
006 (1804760.000.000) 11/22 06:09:13 Image size of job updated: 343420
...
006 (1804760.000.000) 11/22 06:14:13 Image size of job updated: 344444
...
006 (1804760.000.000) 11/22 06:19:13 Image size of job updated: 345468
...
006 (1804760.000.000) 11/22 06:39:13 Image size of job updated: 346492
...
006 (1804760.000.000) 11/22 06:59:13 Image size of job updated: 347516
...
005 (1804760.000.000) 11/22 07:08:47 Job terminated.
	(1) Normal termination (return value 0)
		Usr 0 02:50:55, Sys 0 00:01:38  -  Run Remote Usage
		Usr 0 00:00:00, Sys 0 00:00:00  -  Run Local Usage
		Usr 0 02:50:55, Sys 0 00:01:38  -  Total Remote Usage
		Usr 0 00:00:00, Sys 0 00:00:00  -  Total Local Usage
	0  -  Run Bytes Sent By Job
	0  -  Run Bytes Received By Job
	0  -  Total Bytes Sent By Job
	0  -  Total Bytes Received By Job
...
