000 (1754353.000.000) 11/14 02:18:07 Job submitted from host: <130.199.206.69:49450>
...
001 (1754353.000.000) 11/14 05:20:08 Job executing on host: <130.199.206.141:59984>
...
006 (1754353.000.000) 11/14 05:20:16 Image size of job updated: 174204
...
006 (1754353.000.000) 11/14 05:25:16 Image size of job updated: 288780
...
006 (1754353.000.000) 11/14 05:30:16 Image size of job updated: 288864
...
006 (1754353.000.000) 11/14 05:35:16 Image size of job updated: 290112
...
006 (1754353.000.000) 11/14 05:40:16 Image size of job updated: 290848
...
006 (1754353.000.000) 11/14 05:45:16 Image size of job updated: 292212
...
006 (1754353.000.000) 11/14 05:50:16 Image size of job updated: 309024
...
006 (1754353.000.000) 11/14 05:55:16 Image size of job updated: 326432
...
006 (1754353.000.000) 11/14 06:00:16 Image size of job updated: 331592
...
006 (1754353.000.000) 11/14 06:05:16 Image size of job updated: 335688
...
006 (1754353.000.000) 11/14 06:10:16 Image size of job updated: 336712
...
006 (1754353.000.000) 11/14 06:20:16 Image size of job updated: 339792
...
005 (1754353.000.000) 11/14 06:21:47 Job terminated.
	(1) Normal termination (return value 0)
		Usr 0 00:54:58, Sys 0 00:00:17  -  Run Remote Usage
		Usr 0 00:00:00, Sys 0 00:00:00  -  Run Local Usage
		Usr 0 00:54:58, Sys 0 00:00:17  -  Total Remote Usage
		Usr 0 00:00:00, Sys 0 00:00:00  -  Total Local Usage
	0  -  Run Bytes Sent By Job
	0  -  Run Bytes Received By Job
	0  -  Total Bytes Sent By Job
	0  -  Total Bytes Received By Job
...
