000 (1753550.000.000) 11/14 02:15:48 Job submitted from host: <130.199.206.69:49450>
...
001 (1753550.000.000) 11/14 03:41:46 Job executing on host: <130.199.183.13:48319>
...
006 (1753550.000.000) 11/14 03:41:54 Image size of job updated: 237036
...
006 (1753550.000.000) 11/14 03:46:54 Image size of job updated: 282584
...
006 (1753550.000.000) 11/14 03:51:54 Image size of job updated: 285120
...
006 (1753550.000.000) 11/14 03:56:54 Image size of job updated: 285192
...
006 (1753550.000.000) 11/14 04:01:54 Image size of job updated: 286060
...
006 (1753550.000.000) 11/14 04:06:54 Image size of job updated: 286964
...
006 (1753550.000.000) 11/14 04:11:54 Image size of job updated: 290524
...
006 (1753550.000.000) 11/14 04:21:54 Image size of job updated: 291648
...
006 (1753550.000.000) 11/14 04:26:54 Image size of job updated: 292416
...
006 (1753550.000.000) 11/14 04:41:54 Image size of job updated: 293044
...
006 (1753550.000.000) 11/14 04:46:54 Image size of job updated: 293280
...
006 (1753550.000.000) 11/14 04:51:55 Image size of job updated: 294664
...
006 (1753550.000.000) 11/14 04:56:56 Image size of job updated: 295412
...
006 (1753550.000.000) 11/14 05:17:00 Image size of job updated: 295828
...
006 (1753550.000.000) 11/14 05:27:02 Image size of job updated: 295856
...
006 (1753550.000.000) 11/14 05:32:03 Image size of job updated: 296360
...
006 (1753550.000.000) 11/14 05:57:08 Image size of job updated: 296468
...
006 (1753550.000.000) 11/14 06:02:09 Image size of job updated: 296672
...
006 (1753550.000.000) 11/14 06:07:10 Image size of job updated: 297488
...
006 (1753550.000.000) 11/14 06:12:11 Image size of job updated: 298076
...
006 (1753550.000.000) 11/14 07:12:23 Image size of job updated: 298272
...
006 (1753550.000.000) 11/14 07:17:24 Image size of job updated: 311668
...
005 (1753550.000.000) 11/14 07:18:33 Job terminated.
	(1) Normal termination (return value 0)
		Usr 0 03:13:46, Sys 0 00:01:29  -  Run Remote Usage
		Usr 0 00:00:00, Sys 0 00:00:00  -  Run Local Usage
		Usr 0 03:13:46, Sys 0 00:01:29  -  Total Remote Usage
		Usr 0 00:00:00, Sys 0 00:00:00  -  Total Local Usage
	0  -  Run Bytes Sent By Job
	0  -  Run Bytes Received By Job
	0  -  Total Bytes Sent By Job
	0  -  Total Bytes Received By Job
...
