000 (1754320.000.000) 11/14 02:18:07 Job submitted from host: <130.199.206.69:49450>
...
001 (1754320.000.000) 11/14 05:11:18 Job executing on host: <130.199.180.157:54764>
...
006 (1754320.000.000) 11/14 05:16:28 Image size of job updated: 287796
...
006 (1754320.000.000) 11/14 05:21:29 Image size of job updated: 289512
...
006 (1754320.000.000) 11/14 05:26:30 Image size of job updated: 290016
...
006 (1754320.000.000) 11/14 05:31:31 Image size of job updated: 290152
...
006 (1754320.000.000) 11/14 05:36:32 Image size of job updated: 290932
...
006 (1754320.000.000) 11/14 05:41:33 Image size of job updated: 293276
...
006 (1754320.000.000) 11/14 05:46:34 Image size of job updated: 293944
...
006 (1754320.000.000) 11/14 05:56:36 Image size of job updated: 298836
...
006 (1754320.000.000) 11/14 06:06:38 Image size of job updated: 299236
...
006 (1754320.000.000) 11/14 06:11:39 Image size of job updated: 299408
...
006 (1754320.000.000) 11/14 06:16:40 Image size of job updated: 299928
...
006 (1754320.000.000) 11/14 06:21:41 Image size of job updated: 300876
...
006 (1754320.000.000) 11/14 06:31:43 Image size of job updated: 301196
...
006 (1754320.000.000) 11/14 06:41:45 Image size of job updated: 301444
...
005 (1754320.000.000) 11/14 06:47:23 Job terminated.
	(1) Normal termination (return value 0)
		Usr 0 01:27:31, Sys 0 00:00:51  -  Run Remote Usage
		Usr 0 00:00:00, Sys 0 00:00:00  -  Run Local Usage
		Usr 0 01:27:31, Sys 0 00:00:51  -  Total Remote Usage
		Usr 0 00:00:00, Sys 0 00:00:00  -  Total Local Usage
	0  -  Run Bytes Sent By Job
	0  -  Run Bytes Received By Job
	0  -  Total Bytes Sent By Job
	0  -  Total Bytes Received By Job
...
