000 (1755230.000.000) 11/14 02:19:54 Job submitted from host: <130.199.206.69:49450>
...
001 (1755230.000.000) 11/15 12:18:01 Job executing on host: <130.199.206.226:33884>
...
006 (1755230.000.000) 11/15 12:18:09 Image size of job updated: 214404
...
006 (1755230.000.000) 11/15 12:23:09 Image size of job updated: 285492
...
006 (1755230.000.000) 11/15 12:28:09 Image size of job updated: 287108
...
006 (1755230.000.000) 11/15 12:33:09 Image size of job updated: 287824
...
006 (1755230.000.000) 11/15 12:38:10 Image size of job updated: 288316
...
006 (1755230.000.000) 11/15 12:43:11 Image size of job updated: 290240
...
006 (1755230.000.000) 11/15 12:48:12 Image size of job updated: 291736
...
006 (1755230.000.000) 11/15 12:53:13 Image size of job updated: 295904
...
006 (1755230.000.000) 11/15 12:58:14 Image size of job updated: 296788
...
006 (1755230.000.000) 11/15 13:03:15 Image size of job updated: 296904
...
006 (1755230.000.000) 11/15 13:08:16 Image size of job updated: 297800
...
006 (1755230.000.000) 11/15 13:18:18 Image size of job updated: 298556
...
006 (1755230.000.000) 11/15 13:23:19 Image size of job updated: 298956
...
006 (1755230.000.000) 11/15 13:28:20 Image size of job updated: 299092
...
006 (1755230.000.000) 11/15 13:43:23 Image size of job updated: 299840
...
005 (1755230.000.000) 11/15 13:45:58 Job terminated.
	(1) Normal termination (return value 0)
		Usr 0 01:11:59, Sys 0 00:00:18  -  Run Remote Usage
		Usr 0 00:00:00, Sys 0 00:00:00  -  Run Local Usage
		Usr 0 01:11:59, Sys 0 00:00:18  -  Total Remote Usage
		Usr 0 00:00:00, Sys 0 00:00:00  -  Total Local Usage
	0  -  Run Bytes Sent By Job
	0  -  Run Bytes Received By Job
	0  -  Total Bytes Sent By Job
	0  -  Total Bytes Received By Job
...
