000 (1755042.000.000) 11/14 02:19:38 Job submitted from host: <130.199.206.69:49450>
...
001 (1755042.000.000) 11/15 11:45:22 Job executing on host: <130.199.180.169:46641>
...
006 (1755042.000.000) 11/15 11:45:31 Image size of job updated: 72604
...
006 (1755042.000.000) 11/15 11:50:32 Image size of job updated: 174284
...
006 (1755042.000.000) 11/15 11:55:33 Image size of job updated: 186792
...
006 (1755042.000.000) 11/15 12:00:34 Image size of job updated: 192800
...
006 (1755042.000.000) 11/15 12:05:35 Image size of job updated: 281160
...
006 (1755042.000.000) 11/15 12:10:36 Image size of job updated: 283560
...
006 (1755042.000.000) 11/15 12:15:37 Image size of job updated: 283604
...
006 (1755042.000.000) 11/15 12:20:38 Image size of job updated: 285340
...
006 (1755042.000.000) 11/15 12:25:39 Image size of job updated: 287356
...
006 (1755042.000.000) 11/15 12:30:40 Image size of job updated: 287668
...
006 (1755042.000.000) 11/15 12:35:41 Image size of job updated: 289532
...
006 (1755042.000.000) 11/15 12:40:42 Image size of job updated: 293264
...
006 (1755042.000.000) 11/15 12:45:43 Image size of job updated: 293884
...
006 (1755042.000.000) 11/15 12:55:45 Image size of job updated: 294172
...
006 (1755042.000.000) 11/15 13:00:46 Image size of job updated: 294196
...
006 (1755042.000.000) 11/15 13:05:47 Image size of job updated: 294768
...
006 (1755042.000.000) 11/15 13:10:48 Image size of job updated: 295576
...
006 (1755042.000.000) 11/15 13:40:54 Image size of job updated: 295760
...
006 (1755042.000.000) 11/15 13:50:56 Image size of job updated: 295880
...
005 (1755042.000.000) 11/15 14:00:19 Job terminated.
	(1) Normal termination (return value 0)
		Usr 0 01:47:13, Sys 0 00:00:56  -  Run Remote Usage
		Usr 0 00:00:00, Sys 0 00:00:00  -  Run Local Usage
		Usr 0 01:47:13, Sys 0 00:00:56  -  Total Remote Usage
		Usr 0 00:00:00, Sys 0 00:00:00  -  Total Local Usage
	0  -  Run Bytes Sent By Job
	0  -  Run Bytes Received By Job
	0  -  Total Bytes Sent By Job
	0  -  Total Bytes Received By Job
...
000 (1798258.000.000) 11/18 15:19:54 Job submitted from host: <130.199.206.69:49450>
...
001 (1798258.000.000) 11/18 15:29:43 Job executing on host: <130.199.183.22:48346>
...
006 (1798258.000.000) 11/18 15:29:51 Image size of job updated: 8820
...
006 (1798258.000.000) 11/18 15:34:51 Image size of job updated: 283220
...
006 (1798258.000.000) 11/18 15:39:51 Image size of job updated: 285508
...
006 (1798258.000.000) 11/18 15:44:51 Image size of job updated: 286608
...
006 (1798258.000.000) 11/18 15:49:51 Image size of job updated: 288356
...
006 (1798258.000.000) 11/18 15:54:51 Image size of job updated: 290848
...
006 (1798258.000.000) 11/18 15:59:51 Image size of job updated: 292896
...
006 (1798258.000.000) 11/18 16:04:51 Image size of job updated: 294176
...
006 (1798258.000.000) 11/18 16:09:51 Image size of job updated: 294540
...
006 (1798258.000.000) 11/18 16:19:51 Image size of job updated: 295636
...
006 (1798258.000.000) 11/18 16:24:51 Image size of job updated: 316620
...
006 (1798258.000.000) 11/18 16:29:51 Image size of job updated: 335052
...
006 (1798258.000.000) 11/18 16:34:51 Image size of job updated: 338124
...
006 (1798258.000.000) 11/18 16:39:51 Image size of job updated: 339148
...
006 (1798258.000.000) 11/18 16:49:51 Image size of job updated: 342220
...
006 (1798258.000.000) 11/18 16:54:51 Image size of job updated: 345292
...
006 (1798258.000.000) 11/18 17:04:51 Image size of job updated: 347340
...
006 (1798258.000.000) 11/18 17:34:51 Image size of job updated: 348364
...
005 (1798258.000.000) 11/18 17:47:26 Job terminated.
	(1) Normal termination (return value 0)
		Usr 0 02:04:13, Sys 0 00:00:46  -  Run Remote Usage
		Usr 0 00:00:00, Sys 0 00:00:00  -  Run Local Usage
		Usr 0 02:04:13, Sys 0 00:00:46  -  Total Remote Usage
		Usr 0 00:00:00, Sys 0 00:00:00  -  Total Local Usage
	0  -  Run Bytes Sent By Job
	0  -  Run Bytes Received By Job
	0  -  Total Bytes Sent By Job
	0  -  Total Bytes Received By Job
...
