000 (1753829.000.000) 11/14 02:16:47 Job submitted from host: <130.199.206.69:49450>
...
001 (1753829.000.000) 11/14 03:45:14 Job executing on host: <130.199.180.157:54764>
...
006 (1753829.000.000) 11/14 03:50:22 Image size of job updated: 288568
...
006 (1753829.000.000) 11/14 03:55:22 Image size of job updated: 290696
...
006 (1753829.000.000) 11/14 04:00:22 Image size of job updated: 293436
...
006 (1753829.000.000) 11/14 04:05:22 Image size of job updated: 295840
...
006 (1753829.000.000) 11/14 04:10:22 Image size of job updated: 295956
...
006 (1753829.000.000) 11/14 04:15:22 Image size of job updated: 298596
...
006 (1753829.000.000) 11/14 04:20:22 Image size of job updated: 298752
...
006 (1753829.000.000) 11/14 04:25:22 Image size of job updated: 300584
...
006 (1753829.000.000) 11/14 04:30:22 Image size of job updated: 300592
...
006 (1753829.000.000) 11/14 04:35:23 Image size of job updated: 324776
...
006 (1753829.000.000) 11/14 04:40:24 Image size of job updated: 339112
...
006 (1753829.000.000) 11/14 04:45:25 Image size of job updated: 342184
...
006 (1753829.000.000) 11/14 04:50:26 Image size of job updated: 343208
...
006 (1753829.000.000) 11/14 04:55:27 Image size of job updated: 346280
...
006 (1753829.000.000) 11/14 05:00:28 Image size of job updated: 348328
...
006 (1753829.000.000) 11/14 05:10:30 Image size of job updated: 349352
...
005 (1753829.000.000) 11/14 05:14:54 Job terminated.
	(1) Normal termination (return value 0)
		Usr 0 01:17:52, Sys 0 00:00:36  -  Run Remote Usage
		Usr 0 00:00:00, Sys 0 00:00:00  -  Run Local Usage
		Usr 0 01:17:52, Sys 0 00:00:36  -  Total Remote Usage
		Usr 0 00:00:00, Sys 0 00:00:00  -  Total Local Usage
	0  -  Run Bytes Sent By Job
	0  -  Run Bytes Received By Job
	0  -  Total Bytes Sent By Job
	0  -  Total Bytes Received By Job
...
