000 (1755257.000.000) 11/14 02:19:54 Job submitted from host: <130.199.206.69:49450>
...
001 (1755257.000.000) 11/15 21:14:51 Job executing on host: <130.199.206.200:46189>
...
006 (1755257.000.000) 11/15 21:15:00 Image size of job updated: 174084
...
006 (1755257.000.000) 11/15 21:20:01 Image size of job updated: 285496
...
006 (1755257.000.000) 11/15 21:25:02 Image size of job updated: 286272
...
006 (1755257.000.000) 11/15 21:30:03 Image size of job updated: 287276
...
006 (1755257.000.000) 11/15 21:40:05 Image size of job updated: 289716
...
006 (1755257.000.000) 11/15 21:45:06 Image size of job updated: 331016
...
006 (1755257.000.000) 11/15 21:50:07 Image size of job updated: 335564
...
006 (1755257.000.000) 11/15 21:55:08 Image size of job updated: 336588
...
006 (1755257.000.000) 11/15 22:00:09 Image size of job updated: 338636
...
006 (1755257.000.000) 11/15 22:05:11 Image size of job updated: 339660
...
006 (1755257.000.000) 11/15 22:15:11 Image size of job updated: 340684
...
006 (1755257.000.000) 11/15 22:25:11 Image size of job updated: 341708
...
005 (1755257.000.000) 11/15 22:30:07 Job terminated.
	(1) Normal termination (return value 0)
		Usr 0 01:05:15, Sys 0 00:00:15  -  Run Remote Usage
		Usr 0 00:00:00, Sys 0 00:00:00  -  Run Local Usage
		Usr 0 01:05:15, Sys 0 00:00:15  -  Total Remote Usage
		Usr 0 00:00:00, Sys 0 00:00:00  -  Total Local Usage
	0  -  Run Bytes Sent By Job
	0  -  Run Bytes Received By Job
	0  -  Total Bytes Sent By Job
	0  -  Total Bytes Received By Job
...
