000 (1754323.000.000) 11/14 02:18:07 Job submitted from host: <130.199.206.69:49450>
...
001 (1754323.000.000) 11/14 06:17:41 Job executing on host: <130.199.206.149:57125>
...
006 (1754323.000.000) 11/14 06:22:51 Image size of job updated: 283256
...
006 (1754323.000.000) 11/14 06:27:52 Image size of job updated: 285112
...
006 (1754323.000.000) 11/14 06:32:52 Image size of job updated: 312820
...
006 (1754323.000.000) 11/14 06:37:52 Image size of job updated: 323372
...
006 (1754323.000.000) 11/14 06:42:52 Image size of job updated: 325420
...
006 (1754323.000.000) 11/14 06:52:52 Image size of job updated: 326444
...
006 (1754323.000.000) 11/14 06:57:52 Image size of job updated: 328492
...
006 (1754323.000.000) 11/14 07:02:52 Image size of job updated: 329516
...
006 (1754323.000.000) 11/14 07:07:52 Image size of job updated: 331568
...
006 (1754323.000.000) 11/14 07:12:52 Image size of job updated: 333616
...
006 (1754323.000.000) 11/14 07:17:52 Image size of job updated: 334640
...
006 (1754323.000.000) 11/14 07:22:52 Image size of job updated: 335664
...
006 (1754323.000.000) 11/14 07:27:52 Image size of job updated: 336688
...
006 (1754323.000.000) 11/14 08:02:56 Image size of job updated: 337008
...
006 (1754323.000.000) 11/14 08:12:58 Image size of job updated: 337180
...
006 (1754323.000.000) 11/14 08:17:59 Image size of job updated: 338056
...
006 (1754323.000.000) 11/14 08:23:00 Image size of job updated: 338500
...
006 (1754323.000.000) 11/14 08:33:02 Image size of job updated: 339472
...
006 (1754323.000.000) 11/14 08:48:05 Image size of job updated: 340736
...
006 (1754323.000.000) 11/14 09:03:07 Image size of job updated: 341760
...
006 (1754323.000.000) 11/14 09:48:07 Image size of job updated: 342844
...
005 (1754323.000.000) 11/14 09:59:00 Job terminated.
	(1) Normal termination (return value 0)
		Usr 0 03:20:43, Sys 0 00:00:48  -  Run Remote Usage
		Usr 0 00:00:00, Sys 0 00:00:00  -  Run Local Usage
		Usr 0 03:20:43, Sys 0 00:00:48  -  Total Remote Usage
		Usr 0 00:00:00, Sys 0 00:00:00  -  Total Local Usage
	0  -  Run Bytes Sent By Job
	0  -  Run Bytes Received By Job
	0  -  Total Bytes Sent By Job
	0  -  Total Bytes Received By Job
...
