000 (1754006.000.000) 11/14 02:17:22 Job submitted from host: <130.199.206.69:49450>
...
001 (1754006.000.000) 11/14 04:36:01 Job executing on host: <130.199.183.14:48158>
...
006 (1754006.000.000) 11/14 04:36:09 Image size of job updated: 278704
...
006 (1754006.000.000) 11/14 04:41:09 Image size of job updated: 284384
...
006 (1754006.000.000) 11/14 04:46:09 Image size of job updated: 284612
...
006 (1754006.000.000) 11/14 04:51:09 Image size of job updated: 290768
...
006 (1754006.000.000) 11/14 04:56:09 Image size of job updated: 291360
...
006 (1754006.000.000) 11/14 05:01:09 Image size of job updated: 292184
...
006 (1754006.000.000) 11/14 05:11:09 Image size of job updated: 295636
...
006 (1754006.000.000) 11/14 05:16:10 Image size of job updated: 296068
...
006 (1754006.000.000) 11/14 05:21:11 Image size of job updated: 296308
...
006 (1754006.000.000) 11/14 05:31:13 Image size of job updated: 296468
...
006 (1754006.000.000) 11/14 05:36:14 Image size of job updated: 296692
...
006 (1754006.000.000) 11/14 05:46:16 Image size of job updated: 296760
...
006 (1754006.000.000) 11/14 06:01:19 Image size of job updated: 297036
...
006 (1754006.000.000) 11/14 06:06:20 Image size of job updated: 297528
...
006 (1754006.000.000) 11/14 06:11:21 Image size of job updated: 297612
...
006 (1754006.000.000) 11/14 06:16:22 Image size of job updated: 297896
...
006 (1754006.000.000) 11/14 06:36:26 Image size of job updated: 327252
...
006 (1754006.000.000) 11/14 06:41:26 Image size of job updated: 334420
...
006 (1754006.000.000) 11/14 06:46:26 Image size of job updated: 335444
...
005 (1754006.000.000) 11/14 06:48:11 Job terminated.
	(1) Normal termination (return value 0)
		Usr 0 01:58:45, Sys 0 00:01:01  -  Run Remote Usage
		Usr 0 00:00:00, Sys 0 00:00:00  -  Run Local Usage
		Usr 0 01:58:45, Sys 0 00:01:01  -  Total Remote Usage
		Usr 0 00:00:00, Sys 0 00:00:00  -  Total Local Usage
	0  -  Run Bytes Sent By Job
	0  -  Run Bytes Received By Job
	0  -  Total Bytes Sent By Job
	0  -  Total Bytes Received By Job
...
