000 (1754165.000.000) 11/14 02:17:37 Job submitted from host: <130.199.206.69:49450>
...
001 (1754165.000.000) 11/14 07:37:21 Job executing on host: <130.199.183.29:35269>
...
006 (1754165.000.000) 11/14 07:42:29 Image size of job updated: 278552
...
006 (1754165.000.000) 11/14 07:47:29 Image size of job updated: 280548
...
006 (1754165.000.000) 11/14 07:52:29 Image size of job updated: 283668
...
006 (1754165.000.000) 11/14 07:57:29 Image size of job updated: 287344
...
006 (1754165.000.000) 11/14 08:02:29 Image size of job updated: 289116
...
006 (1754165.000.000) 11/14 08:07:29 Image size of job updated: 291020
...
006 (1754165.000.000) 11/14 08:12:29 Image size of job updated: 291108
...
006 (1754165.000.000) 11/14 08:17:29 Image size of job updated: 295440
...
005 (1754165.000.000) 11/14 08:26:11 Job terminated.
	(1) Normal termination (return value 0)
		Usr 0 00:44:28, Sys 0 00:00:21  -  Run Remote Usage
		Usr 0 00:00:00, Sys 0 00:00:00  -  Run Local Usage
		Usr 0 00:44:28, Sys 0 00:00:21  -  Total Remote Usage
		Usr 0 00:00:00, Sys 0 00:00:00  -  Total Local Usage
	0  -  Run Bytes Sent By Job
	0  -  Run Bytes Received By Job
	0  -  Total Bytes Sent By Job
	0  -  Total Bytes Received By Job
...
