000 (1754609.000.000) 11/14 02:18:46 Job submitted from host: <130.199.206.69:49450>
...
001 (1754609.000.000) 11/14 05:22:23 Job executing on host: <130.199.206.137:38340>
...
006 (1754609.000.000) 11/14 05:27:31 Image size of job updated: 306568
...
006 (1754609.000.000) 11/14 05:32:31 Image size of job updated: 321628
...
006 (1754609.000.000) 11/14 05:37:31 Image size of job updated: 328796
...
006 (1754609.000.000) 11/14 05:42:31 Image size of job updated: 330844
...
006 (1754609.000.000) 11/14 05:47:31 Image size of job updated: 331868
...
005 (1754609.000.000) 11/14 05:50:38 Job terminated.
	(1) Normal termination (return value 0)
		Usr 0 00:26:30, Sys 0 00:00:06  -  Run Remote Usage
		Usr 0 00:00:00, Sys 0 00:00:00  -  Run Local Usage
		Usr 0 00:26:30, Sys 0 00:00:06  -  Total Remote Usage
		Usr 0 00:00:00, Sys 0 00:00:00  -  Total Local Usage
	0  -  Run Bytes Sent By Job
	0  -  Run Bytes Received By Job
	0  -  Total Bytes Sent By Job
	0  -  Total Bytes Received By Job
...
