000 (1755421.000.000) 11/14 02:20:10 Job submitted from host: <130.199.206.69:49450>
...
001 (1755421.000.000) 11/15 21:24:36 Job executing on host: <130.199.206.160:58206>
...
006 (1755421.000.000) 11/15 21:29:46 Image size of job updated: 289344
...
006 (1755421.000.000) 11/15 21:34:46 Image size of job updated: 311160
...
006 (1755421.000.000) 11/15 21:39:46 Image size of job updated: 325504
...
006 (1755421.000.000) 11/15 21:44:46 Image size of job updated: 339868
...
005 (1755421.000.000) 11/15 21:46:51 Job terminated.
	(1) Normal termination (return value 0)
		Usr 0 00:19:52, Sys 0 00:00:07  -  Run Remote Usage
		Usr 0 00:00:00, Sys 0 00:00:00  -  Run Local Usage
		Usr 0 00:19:52, Sys 0 00:00:07  -  Total Remote Usage
		Usr 0 00:00:00, Sys 0 00:00:00  -  Total Local Usage
	0  -  Run Bytes Sent By Job
	0  -  Run Bytes Received By Job
	0  -  Total Bytes Sent By Job
	0  -  Total Bytes Received By Job
...
