000 (1754996.000.000) 11/14 02:19:38 Job submitted from host: <130.199.206.69:49450>
...
001 (1754996.000.000) 11/15 11:39:42 Job executing on host: <130.199.183.29:35269>
...
006 (1754996.000.000) 11/15 11:44:52 Image size of job updated: 173796
...
006 (1754996.000.000) 11/15 11:49:53 Image size of job updated: 193952
...
006 (1754996.000.000) 11/15 11:54:54 Image size of job updated: 285604
...
006 (1754996.000.000) 11/15 11:59:55 Image size of job updated: 286840
...
006 (1754996.000.000) 11/15 12:04:56 Image size of job updated: 1496424
...
006 (1754996.000.000) 11/15 12:09:57 Image size of job updated: 1496644
...
006 (1754996.000.000) 11/15 12:19:59 Image size of job updated: 1502160
...
006 (1754996.000.000) 11/15 12:25:00 Image size of job updated: 1503436
...
006 (1754996.000.000) 11/15 12:30:01 Image size of job updated: 1504368
...
006 (1754996.000.000) 11/15 12:35:02 Image size of job updated: 1508336
...
006 (1754996.000.000) 11/15 12:40:03 Image size of job updated: 1508656
...
006 (1754996.000.000) 11/15 12:45:04 Image size of job updated: 1509512
...
006 (1754996.000.000) 11/15 12:50:05 Image size of job updated: 1510968
...
006 (1754996.000.000) 11/15 12:55:06 Image size of job updated: 1511208
...
006 (1754996.000.000) 11/15 13:00:07 Image size of job updated: 1511672
...
006 (1754996.000.000) 11/15 13:05:08 Image size of job updated: 1511848
...
006 (1754996.000.000) 11/15 13:10:09 Image size of job updated: 1512116
...
006 (1754996.000.000) 11/15 13:30:11 Image size of job updated: 1512176
...
006 (1754996.000.000) 11/15 13:35:11 Image size of job updated: 1512196
...
006 (1754996.000.000) 11/15 13:40:11 Image size of job updated: 1513336
...
005 (1754996.000.000) 11/15 13:41:11 Job terminated.
	(1) Normal termination (return value 0)
		Usr 0 01:40:29, Sys 0 00:00:54  -  Run Remote Usage
		Usr 0 00:00:00, Sys 0 00:00:00  -  Run Local Usage
		Usr 0 01:40:29, Sys 0 00:00:54  -  Total Remote Usage
		Usr 0 00:00:00, Sys 0 00:00:00  -  Total Local Usage
	0  -  Run Bytes Sent By Job
	0  -  Run Bytes Received By Job
	0  -  Total Bytes Sent By Job
	0  -  Total Bytes Received By Job
...
