000 (1755437.000.000) 11/14 02:20:10 Job submitted from host: <130.199.206.69:49450>
...
001 (1755437.000.000) 11/15 20:34:41 Job executing on host: <130.199.206.164:38653>
...
006 (1755437.000.000) 11/15 20:34:50 Image size of job updated: 267344
...
006 (1755437.000.000) 11/15 20:39:51 Image size of job updated: 281632
...
006 (1755437.000.000) 11/15 20:44:52 Image size of job updated: 289424
...
006 (1755437.000.000) 11/15 20:49:53 Image size of job updated: 294260
...
006 (1755437.000.000) 11/15 20:54:54 Image size of job updated: 296276
...
005 (1755437.000.000) 11/15 20:58:29 Job terminated.
	(1) Normal termination (return value 0)
		Usr 0 00:22:03, Sys 0 00:00:06  -  Run Remote Usage
		Usr 0 00:00:00, Sys 0 00:00:00  -  Run Local Usage
		Usr 0 00:22:03, Sys 0 00:00:06  -  Total Remote Usage
		Usr 0 00:00:00, Sys 0 00:00:00  -  Total Local Usage
	0  -  Run Bytes Sent By Job
	0  -  Run Bytes Received By Job
	0  -  Total Bytes Sent By Job
	0  -  Total Bytes Received By Job
...
