000 (1754194.000.000) 11/14 02:17:52 Job submitted from host: <130.199.206.69:49450>
...
001 (1754194.000.000) 11/14 08:34:24 Job executing on host: <130.199.180.174:58974>
...
006 (1754194.000.000) 11/14 08:34:33 Image size of job updated: 72752
...
006 (1754194.000.000) 11/14 08:39:34 Image size of job updated: 282832
...
006 (1754194.000.000) 11/14 08:44:35 Image size of job updated: 293016
...
006 (1754194.000.000) 11/14 08:49:36 Image size of job updated: 295312
...
006 (1754194.000.000) 11/14 08:54:37 Image size of job updated: 295908
...
006 (1754194.000.000) 11/14 08:59:38 Image size of job updated: 296632
...
006 (1754194.000.000) 11/14 09:04:39 Image size of job updated: 296940
...
006 (1754194.000.000) 11/14 09:09:40 Image size of job updated: 297360
...
006 (1754194.000.000) 11/14 09:24:43 Image size of job updated: 299836
...
006 (1754194.000.000) 11/14 09:29:44 Image size of job updated: 300724
...
006 (1754194.000.000) 11/14 09:34:45 Image size of job updated: 301240
...
006 (1754194.000.000) 11/14 09:39:46 Image size of job updated: 301288
...
005 (1754194.000.000) 11/14 09:42:53 Job terminated.
	(1) Normal termination (return value 0)
		Usr 0 01:01:33, Sys 0 00:00:27  -  Run Remote Usage
		Usr 0 00:00:00, Sys 0 00:00:00  -  Run Local Usage
		Usr 0 01:01:33, Sys 0 00:00:27  -  Total Remote Usage
		Usr 0 00:00:00, Sys 0 00:00:00  -  Total Local Usage
	0  -  Run Bytes Sent By Job
	0  -  Run Bytes Received By Job
	0  -  Total Bytes Sent By Job
	0  -  Total Bytes Received By Job
...
