000 (1754682.000.000) 11/14 02:18:59 Job submitted from host: <130.199.206.69:49450>
...
001 (1754682.000.000) 11/14 05:54:48 Job executing on host: <130.199.183.29:35269>
...
006 (1754682.000.000) 11/14 05:59:58 Image size of job updated: 284060
...
006 (1754682.000.000) 11/14 06:04:59 Image size of job updated: 285196
...
006 (1754682.000.000) 11/14 06:10:00 Image size of job updated: 286336
...
006 (1754682.000.000) 11/14 06:20:02 Image size of job updated: 287644
...
006 (1754682.000.000) 11/14 06:25:03 Image size of job updated: 287736
...
006 (1754682.000.000) 11/14 06:35:05 Image size of job updated: 288380
...
006 (1754682.000.000) 11/14 06:40:06 Image size of job updated: 288628
...
006 (1754682.000.000) 11/14 06:45:07 Image size of job updated: 291060
...
006 (1754682.000.000) 11/14 06:55:09 Image size of job updated: 291468
...
006 (1754682.000.000) 11/14 07:05:11 Image size of job updated: 291616
...
006 (1754682.000.000) 11/14 07:10:12 Image size of job updated: 292308
...
006 (1754682.000.000) 11/14 07:15:13 Image size of job updated: 293172
...
006 (1754682.000.000) 11/14 07:20:14 Image size of job updated: 293696
...
006 (1754682.000.000) 11/14 08:30:28 Image size of job updated: 294664
...
006 (1754682.000.000) 11/14 09:00:34 Image size of job updated: 295324
...
006 (1754682.000.000) 11/14 09:05:35 Image size of job updated: 295948
...
006 (1754682.000.000) 11/14 09:15:37 Image size of job updated: 296080
...
006 (1754682.000.000) 11/14 09:20:38 Image size of job updated: 296116
...
006 (1754682.000.000) 11/14 09:30:40 Image size of job updated: 296216
...
005 (1754682.000.000) 11/14 09:34:54 Job terminated.
	(1) Normal termination (return value 0)
		Usr 0 03:22:43, Sys 0 00:01:30  -  Run Remote Usage
		Usr 0 00:00:00, Sys 0 00:00:00  -  Run Local Usage
		Usr 0 03:22:43, Sys 0 00:01:30  -  Total Remote Usage
		Usr 0 00:00:00, Sys 0 00:00:00  -  Total Local Usage
	0  -  Run Bytes Sent By Job
	0  -  Run Bytes Received By Job
	0  -  Total Bytes Sent By Job
	0  -  Total Bytes Received By Job
...
