000 (1754793.000.000) 11/14 02:19:12 Job submitted from host: <130.199.206.69:49450>
...
001 (1754793.000.000) 11/14 08:59:01 Job executing on host: <130.199.180.144:40361>
...
006 (1754793.000.000) 11/14 08:59:10 Image size of job updated: 174308
...
006 (1754793.000.000) 11/14 09:04:11 Image size of job updated: 283040
...
006 (1754793.000.000) 11/14 09:09:12 Image size of job updated: 285528
...
006 (1754793.000.000) 11/14 09:24:15 Image size of job updated: 288216
...
006 (1754793.000.000) 11/14 09:29:16 Image size of job updated: 288376
...
006 (1754793.000.000) 11/14 09:34:17 Image size of job updated: 288888
...
006 (1754793.000.000) 11/14 09:39:18 Image size of job updated: 289512
...
006 (1754793.000.000) 11/14 09:49:20 Image size of job updated: 291728
...
006 (1754793.000.000) 11/14 10:19:26 Image size of job updated: 291796
...
006 (1754793.000.000) 11/14 10:39:30 Image size of job updated: 292612
...
006 (1754793.000.000) 11/14 10:49:32 Image size of job updated: 293520
...
006 (1754793.000.000) 11/14 10:54:33 Image size of job updated: 293908
...
006 (1754793.000.000) 11/14 10:59:34 Image size of job updated: 294212
...
006 (1754793.000.000) 11/14 11:14:37 Image size of job updated: 294400
...
006 (1754793.000.000) 11/14 11:19:38 Image size of job updated: 294572
...
006 (1754793.000.000) 11/14 11:29:40 Image size of job updated: 295232
...
006 (1754793.000.000) 11/14 11:44:43 Image size of job updated: 295236
...
006 (1754793.000.000) 11/14 11:49:44 Image size of job updated: 295472
...
006 (1754793.000.000) 11/14 11:54:45 Image size of job updated: 297112
...
006 (1754793.000.000) 11/14 12:04:47 Image size of job updated: 297948
...
006 (1754793.000.000) 11/14 12:09:48 Image size of job updated: 298612
...
006 (1754793.000.000) 11/14 12:14:49 Image size of job updated: 298844
...
005 (1754793.000.000) 11/14 12:55:11 Job terminated.
	(1) Normal termination (return value 0)
		Usr 0 03:38:50, Sys 0 00:02:06  -  Run Remote Usage
		Usr 0 00:00:00, Sys 0 00:00:00  -  Run Local Usage
		Usr 0 03:38:50, Sys 0 00:02:06  -  Total Remote Usage
		Usr 0 00:00:00, Sys 0 00:00:00  -  Total Local Usage
	0  -  Run Bytes Sent By Job
	0  -  Run Bytes Received By Job
	0  -  Total Bytes Sent By Job
	0  -  Total Bytes Received By Job
...
