000 (1754627.000.000) 11/14 02:18:46 Job submitted from host: <130.199.206.69:49450>
...
001 (1754627.000.000) 11/14 05:45:38 Job executing on host: <130.199.183.31:39335>
...
006 (1754627.000.000) 11/14 05:50:47 Image size of job updated: 283364
...
006 (1754627.000.000) 11/14 05:55:47 Image size of job updated: 284672
...
006 (1754627.000.000) 11/14 06:00:47 Image size of job updated: 285480
...
006 (1754627.000.000) 11/14 06:10:47 Image size of job updated: 286520
...
006 (1754627.000.000) 11/14 06:15:47 Image size of job updated: 286884
...
006 (1754627.000.000) 11/14 06:30:47 Image size of job updated: 287144
...
006 (1754627.000.000) 11/14 06:35:47 Image size of job updated: 290232
...
006 (1754627.000.000) 11/14 06:40:47 Image size of job updated: 291824
...
006 (1754627.000.000) 11/14 06:45:47 Image size of job updated: 291940
...
006 (1754627.000.000) 11/14 06:50:47 Image size of job updated: 292756
...
006 (1754627.000.000) 11/14 07:15:47 Image size of job updated: 293808
...
006 (1754627.000.000) 11/14 07:20:47 Image size of job updated: 294016
...
006 (1754627.000.000) 11/14 07:40:47 Image size of job updated: 295048
...
006 (1754627.000.000) 11/14 08:05:47 Image size of job updated: 295068
...
006 (1754627.000.000) 11/14 08:20:47 Image size of job updated: 295296
...
006 (1754627.000.000) 11/14 08:55:47 Image size of job updated: 295404
...
006 (1754627.000.000) 11/14 09:00:47 Image size of job updated: 295444
...
006 (1754627.000.000) 11/14 09:15:47 Image size of job updated: 295500
...
006 (1754627.000.000) 11/14 09:25:47 Image size of job updated: 296152
...
006 (1754627.000.000) 11/14 09:30:47 Image size of job updated: 296472
...
006 (1754627.000.000) 11/14 09:50:47 Image size of job updated: 296508
...
005 (1754627.000.000) 11/14 09:55:16 Job terminated.
	(1) Normal termination (return value 0)
		Usr 0 03:37:48, Sys 0 00:01:33  -  Run Remote Usage
		Usr 0 00:00:00, Sys 0 00:00:00  -  Run Local Usage
		Usr 0 03:37:48, Sys 0 00:01:33  -  Total Remote Usage
		Usr 0 00:00:00, Sys 0 00:00:00  -  Total Local Usage
	0  -  Run Bytes Sent By Job
	0  -  Run Bytes Received By Job
	0  -  Total Bytes Sent By Job
	0  -  Total Bytes Received By Job
...
