000 (1753686.000.000) 11/14 02:16:28 Job submitted from host: <130.199.206.69:49450>
...
001 (1753686.000.000) 11/14 05:26:48 Job executing on host: <130.199.183.27:54138>
...
006 (1753686.000.000) 11/14 05:31:56 Image size of job updated: 283568
...
006 (1753686.000.000) 11/14 05:36:56 Image size of job updated: 284836
...
006 (1753686.000.000) 11/14 05:41:56 Image size of job updated: 285380
...
006 (1753686.000.000) 11/14 05:46:56 Image size of job updated: 286064
...
006 (1753686.000.000) 11/14 05:51:57 Image size of job updated: 286644
...
006 (1753686.000.000) 11/14 05:56:58 Image size of job updated: 287440
...
006 (1753686.000.000) 11/14 06:07:00 Image size of job updated: 287512
...
006 (1753686.000.000) 11/14 06:12:01 Image size of job updated: 290792
...
006 (1753686.000.000) 11/14 06:17:02 Image size of job updated: 292248
...
006 (1753686.000.000) 11/14 06:37:06 Image size of job updated: 292708
...
006 (1753686.000.000) 11/14 06:42:07 Image size of job updated: 293192
...
006 (1753686.000.000) 11/14 06:52:09 Image size of job updated: 293484
...
006 (1753686.000.000) 11/14 06:57:10 Image size of job updated: 293860
...
006 (1753686.000.000) 11/14 07:02:11 Image size of job updated: 294164
...
006 (1753686.000.000) 11/14 07:07:12 Image size of job updated: 322904
...
006 (1753686.000.000) 11/14 07:12:13 Image size of job updated: 332120
...
006 (1753686.000.000) 11/14 07:17:14 Image size of job updated: 338264
...
006 (1753686.000.000) 11/14 07:27:16 Image size of job updated: 339288
...
006 (1753686.000.000) 11/14 07:32:17 Image size of job updated: 339440
...
006 (1753686.000.000) 11/14 07:47:20 Image size of job updated: 341488
...
006 (1753686.000.000) 11/14 07:52:21 Image size of job updated: 342512
...
006 (1753686.000.000) 11/14 08:22:27 Image size of job updated: 343536
...
006 (1753686.000.000) 11/14 08:47:32 Image size of job updated: 344560
...
005 (1753686.000.000) 11/14 09:31:48 Job terminated.
	(1) Normal termination (return value 0)
		Usr 0 03:39:57, Sys 0 00:01:26  -  Run Remote Usage
		Usr 0 00:00:00, Sys 0 00:00:00  -  Run Local Usage
		Usr 0 03:39:57, Sys 0 00:01:26  -  Total Remote Usage
		Usr 0 00:00:00, Sys 0 00:00:00  -  Total Local Usage
	0  -  Run Bytes Sent By Job
	0  -  Run Bytes Received By Job
	0  -  Total Bytes Sent By Job
	0  -  Total Bytes Received By Job
...
