000 (1754939.000.000) 11/14 02:19:27 Job submitted from host: <130.199.206.69:49450>
...
001 (1754939.000.000) 11/15 13:39:50 Job executing on host: <130.199.180.166:41628>
...
006 (1754939.000.000) 11/15 13:44:58 Image size of job updated: 285468
...
006 (1754939.000.000) 11/15 13:49:58 Image size of job updated: 317732
...
006 (1754939.000.000) 11/15 13:54:58 Image size of job updated: 325656
...
006 (1754939.000.000) 11/15 13:59:58 Image size of job updated: 328728
...
006 (1754939.000.000) 11/15 14:04:58 Image size of job updated: 329752
...
006 (1754939.000.000) 11/15 14:09:58 Image size of job updated: 333852
...
006 (1754939.000.000) 11/15 14:14:58 Image size of job updated: 337948
...
006 (1754939.000.000) 11/15 14:24:58 Image size of job updated: 338972
...
006 (1754939.000.000) 11/15 14:29:58 Image size of job updated: 339996
...
006 (1754939.000.000) 11/15 14:39:58 Image size of job updated: 341020
...
006 (1754939.000.000) 11/15 15:19:58 Image size of job updated: 342044
...
006 (1754939.000.000) 11/15 15:24:58 Image size of job updated: 344092
...
006 (1754939.000.000) 11/15 15:39:58 Image size of job updated: 345116
...
005 (1754939.000.000) 11/15 16:08:58 Job terminated.
	(1) Normal termination (return value 0)
		Usr 0 02:06:06, Sys 0 00:01:23  -  Run Remote Usage
		Usr 0 00:00:00, Sys 0 00:00:00  -  Run Local Usage
		Usr 0 02:06:06, Sys 0 00:01:23  -  Total Remote Usage
		Usr 0 00:00:00, Sys 0 00:00:00  -  Total Local Usage
	0  -  Run Bytes Sent By Job
	0  -  Run Bytes Received By Job
	0  -  Total Bytes Sent By Job
	0  -  Total Bytes Received By Job
...
