000 (1755076.000.000) 11/14 02:19:46 Job submitted from host: <130.199.206.69:49450>
...
001 (1755076.000.000) 11/15 11:52:06 Job executing on host: <130.199.180.157:54764>
...
006 (1755076.000.000) 11/15 11:52:14 Image size of job updated: 72968
...
006 (1755076.000.000) 11/15 11:57:14 Image size of job updated: 284072
...
006 (1755076.000.000) 11/15 12:02:14 Image size of job updated: 286216
...
006 (1755076.000.000) 11/15 12:07:14 Image size of job updated: 286720
...
006 (1755076.000.000) 11/15 12:12:14 Image size of job updated: 286860
...
006 (1755076.000.000) 11/15 12:17:14 Image size of job updated: 287564
...
006 (1755076.000.000) 11/15 12:22:14 Image size of job updated: 288724
...
006 (1755076.000.000) 11/15 12:27:14 Image size of job updated: 289416
...
006 (1755076.000.000) 11/15 12:32:14 Image size of job updated: 291724
...
006 (1755076.000.000) 11/15 12:37:14 Image size of job updated: 291904
...
006 (1755076.000.000) 11/15 12:42:14 Image size of job updated: 291916
...
006 (1755076.000.000) 11/15 12:47:14 Image size of job updated: 292000
...
006 (1755076.000.000) 11/15 12:52:14 Image size of job updated: 292572
...
006 (1755076.000.000) 11/15 12:57:14 Image size of job updated: 294212
...
006 (1755076.000.000) 11/15 13:12:14 Image size of job updated: 294456
...
006 (1755076.000.000) 11/15 13:17:14 Image size of job updated: 294736
...
006 (1755076.000.000) 11/15 13:22:14 Image size of job updated: 294980
...
005 (1755076.000.000) 11/15 13:28:54 Job terminated.
	(1) Normal termination (return value 0)
		Usr 0 01:28:45, Sys 0 00:00:50  -  Run Remote Usage
		Usr 0 00:00:00, Sys 0 00:00:00  -  Run Local Usage
		Usr 0 01:28:45, Sys 0 00:00:50  -  Total Remote Usage
		Usr 0 00:00:00, Sys 0 00:00:00  -  Total Local Usage
	0  -  Run Bytes Sent By Job
	0  -  Run Bytes Received By Job
	0  -  Total Bytes Sent By Job
	0  -  Total Bytes Received By Job
...
