000 (1754177.000.000) 11/14 02:17:52 Job submitted from host: <130.199.206.69:49450>
...
001 (1754177.000.000) 11/14 05:09:21 Job executing on host: <130.199.206.214:46228>
...
006 (1754177.000.000) 11/14 05:14:29 Image size of job updated: 290040
...
006 (1754177.000.000) 11/14 05:19:29 Image size of job updated: 323092
...
006 (1754177.000.000) 11/14 05:24:29 Image size of job updated: 327188
...
006 (1754177.000.000) 11/14 05:29:29 Image size of job updated: 328212
...
006 (1754177.000.000) 11/14 05:34:29 Image size of job updated: 330260
...
006 (1754177.000.000) 11/14 05:39:29 Image size of job updated: 331284
...
006 (1754177.000.000) 11/14 05:44:29 Image size of job updated: 337436
...
006 (1754177.000.000) 11/14 05:49:29 Image size of job updated: 338460
...
006 (1754177.000.000) 11/14 05:59:29 Image size of job updated: 339484
...
006 (1754177.000.000) 11/14 06:04:29 Image size of job updated: 340508
...
006 (1754177.000.000) 11/14 06:09:29 Image size of job updated: 341532
...
006 (1754177.000.000) 11/14 06:34:33 Image size of job updated: 342556
...
006 (1754177.000.000) 11/14 06:49:36 Image size of job updated: 343580
...
006 (1754177.000.000) 11/14 07:29:44 Image size of job updated: 344604
...
005 (1754177.000.000) 11/14 07:36:42 Job terminated.
	(1) Normal termination (return value 0)
		Usr 0 02:15:32, Sys 0 00:00:34  -  Run Remote Usage
		Usr 0 00:00:00, Sys 0 00:00:00  -  Run Local Usage
		Usr 0 02:15:32, Sys 0 00:00:34  -  Total Remote Usage
		Usr 0 00:00:00, Sys 0 00:00:00  -  Total Local Usage
	0  -  Run Bytes Sent By Job
	0  -  Run Bytes Received By Job
	0  -  Total Bytes Sent By Job
	0  -  Total Bytes Received By Job
...
