000 (1753439.000.000) 11/14 02:14:53 Job submitted from host: <130.199.206.69:49450>
...
001 (1753439.000.000) 11/14 08:11:16 Job executing on host: <130.199.180.145:42379>
...
006 (1753439.000.000) 11/14 08:16:26 Image size of job updated: 284724
...
006 (1753439.000.000) 11/14 08:21:27 Image size of job updated: 285832
...
006 (1753439.000.000) 11/14 08:26:28 Image size of job updated: 287080
...
006 (1753439.000.000) 11/14 08:31:29 Image size of job updated: 288556
...
006 (1753439.000.000) 11/14 08:36:30 Image size of job updated: 288960
...
006 (1753439.000.000) 11/14 08:51:33 Image size of job updated: 291028
...
006 (1753439.000.000) 11/14 08:56:34 Image size of job updated: 291852
...
006 (1753439.000.000) 11/14 09:01:35 Image size of job updated: 292620
...
006 (1753439.000.000) 11/14 09:06:36 Image size of job updated: 293672
...
006 (1753439.000.000) 11/14 09:11:37 Image size of job updated: 293896
...
006 (1753439.000.000) 11/14 09:16:38 Image size of job updated: 294368
...
006 (1753439.000.000) 11/14 10:11:49 Image size of job updated: 295288
...
006 (1753439.000.000) 11/14 10:21:51 Image size of job updated: 295428
...
006 (1753439.000.000) 11/14 10:36:54 Image size of job updated: 296432
...
006 (1753439.000.000) 11/14 11:01:59 Image size of job updated: 296592
...
006 (1753439.000.000) 11/14 11:12:01 Image size of job updated: 297140
...
006 (1753439.000.000) 11/14 12:02:11 Image size of job updated: 297648
...
005 (1753439.000.000) 11/14 12:03:41 Job terminated.
	(1) Normal termination (return value 0)
		Usr 0 03:31:03, Sys 0 00:02:09  -  Run Remote Usage
		Usr 0 00:00:00, Sys 0 00:00:00  -  Run Local Usage
		Usr 0 03:31:03, Sys 0 00:02:09  -  Total Remote Usage
		Usr 0 00:00:00, Sys 0 00:00:00  -  Total Local Usage
	0  -  Run Bytes Sent By Job
	0  -  Run Bytes Received By Job
	0  -  Total Bytes Sent By Job
	0  -  Total Bytes Received By Job
...
