000 (1753985.000.000) 11/14 02:17:22 Job submitted from host: <130.199.206.69:49450>
...
001 (1753985.000.000) 11/14 05:10:42 Job executing on host: <130.199.180.154:33428>
...
006 (1753985.000.000) 11/14 05:10:51 Image size of job updated: 174188
...
006 (1753985.000.000) 11/14 05:15:52 Image size of job updated: 285424
...
006 (1753985.000.000) 11/14 05:20:53 Image size of job updated: 285808
...
006 (1753985.000.000) 11/14 05:25:54 Image size of job updated: 286668
...
006 (1753985.000.000) 11/14 05:30:55 Image size of job updated: 286728
...
006 (1753985.000.000) 11/14 05:35:56 Image size of job updated: 287052
...
006 (1753985.000.000) 11/14 05:40:57 Image size of job updated: 287672
...
006 (1753985.000.000) 11/14 05:50:57 Image size of job updated: 289396
...
006 (1753985.000.000) 11/14 05:55:57 Image size of job updated: 291112
...
006 (1753985.000.000) 11/14 06:10:57 Image size of job updated: 291244
...
006 (1753985.000.000) 11/14 06:15:57 Image size of job updated: 291384
...
006 (1753985.000.000) 11/14 06:20:57 Image size of job updated: 291508
...
006 (1753985.000.000) 11/14 06:30:57 Image size of job updated: 292148
...
006 (1753985.000.000) 11/14 06:35:57 Image size of job updated: 292716
...
006 (1753985.000.000) 11/14 06:40:57 Image size of job updated: 294436
...
006 (1753985.000.000) 11/14 06:45:57 Image size of job updated: 294708
...
006 (1753985.000.000) 11/14 06:50:57 Image size of job updated: 295036
...
006 (1753985.000.000) 11/14 06:55:57 Image size of job updated: 295492
...
006 (1753985.000.000) 11/14 07:20:57 Image size of job updated: 295700
...
006 (1753985.000.000) 11/14 07:25:57 Image size of job updated: 295896
...
006 (1753985.000.000) 11/14 07:30:57 Image size of job updated: 296160
...
006 (1753985.000.000) 11/14 07:55:57 Image size of job updated: 296500
...
005 (1753985.000.000) 11/14 08:08:59 Job terminated.
	(1) Normal termination (return value 0)
		Usr 0 02:45:17, Sys 0 00:01:13  -  Run Remote Usage
		Usr 0 00:00:00, Sys 0 00:00:00  -  Run Local Usage
		Usr 0 02:45:17, Sys 0 00:01:13  -  Total Remote Usage
		Usr 0 00:00:00, Sys 0 00:00:00  -  Total Local Usage
	0  -  Run Bytes Sent By Job
	0  -  Run Bytes Received By Job
	0  -  Total Bytes Sent By Job
	0  -  Total Bytes Received By Job
...
