000 (1754540.000.000) 11/14 02:18:34 Job submitted from host: <130.199.206.69:49450>
...
001 (1754540.000.000) 11/14 05:26:18 Job executing on host: <130.199.180.176:34913>
...
006 (1754540.000.000) 11/14 05:31:28 Image size of job updated: 286316
...
006 (1754540.000.000) 11/14 05:36:29 Image size of job updated: 287028
...
006 (1754540.000.000) 11/14 05:41:30 Image size of job updated: 288160
...
006 (1754540.000.000) 11/14 05:46:31 Image size of job updated: 321456
...
006 (1754540.000.000) 11/14 05:51:32 Image size of job updated: 326980
...
006 (1754540.000.000) 11/14 06:01:34 Image size of job updated: 330052
...
006 (1754540.000.000) 11/14 06:06:35 Image size of job updated: 331768
...
006 (1754540.000.000) 11/14 06:11:36 Image size of job updated: 333816
...
006 (1754540.000.000) 11/14 06:16:37 Image size of job updated: 335864
...
006 (1754540.000.000) 11/14 06:26:39 Image size of job updated: 336888
...
006 (1754540.000.000) 11/14 06:31:40 Image size of job updated: 337912
...
006 (1754540.000.000) 11/14 06:51:44 Image size of job updated: 338936
...
006 (1754540.000.000) 11/14 07:11:48 Image size of job updated: 339960
...
006 (1754540.000.000) 11/14 07:36:53 Image size of job updated: 340984
...
006 (1754540.000.000) 11/14 07:46:55 Image size of job updated: 343224
...
006 (1754540.000.000) 11/14 08:17:01 Image size of job updated: 344056
...
006 (1754540.000.000) 11/14 08:52:08 Image size of job updated: 345080
...
005 (1754540.000.000) 11/14 09:30:47 Job terminated.
	(1) Normal termination (return value 0)
		Usr 0 03:27:59, Sys 0 00:01:26  -  Run Remote Usage
		Usr 0 00:00:00, Sys 0 00:00:00  -  Run Local Usage
		Usr 0 03:27:59, Sys 0 00:01:26  -  Total Remote Usage
		Usr 0 00:00:00, Sys 0 00:00:00  -  Total Local Usage
	0  -  Run Bytes Sent By Job
	0  -  Run Bytes Received By Job
	0  -  Total Bytes Sent By Job
	0  -  Total Bytes Received By Job
...
