000 (1755274.000.000) 11/14 02:20:03 Job submitted from host: <130.199.206.69:49450>
...
001 (1755274.000.000) 11/15 19:22:40 Job executing on host: <130.199.206.185:36067>
...
006 (1755274.000.000) 11/15 19:27:48 Image size of job updated: 287376
...
006 (1755274.000.000) 11/15 19:37:48 Image size of job updated: 288532
...
006 (1755274.000.000) 11/15 19:47:48 Image size of job updated: 288940
...
006 (1755274.000.000) 11/15 19:52:48 Image size of job updated: 290588
...
006 (1755274.000.000) 11/15 19:57:48 Image size of job updated: 292076
...
006 (1755274.000.000) 11/15 20:07:48 Image size of job updated: 292992
...
006 (1755274.000.000) 11/15 20:12:49 Image size of job updated: 296648
...
006 (1755274.000.000) 11/15 20:17:50 Image size of job updated: 298864
...
006 (1755274.000.000) 11/15 20:27:52 Image size of job updated: 298912
...
006 (1755274.000.000) 11/15 20:32:53 Image size of job updated: 299592
...
006 (1755274.000.000) 11/15 20:42:55 Image size of job updated: 299880
...
006 (1755274.000.000) 11/15 20:57:58 Image size of job updated: 300332
...
005 (1755274.000.000) 11/15 21:14:58 Job terminated.
	(1) Normal termination (return value 0)
		Usr 0 01:36:31, Sys 0 00:00:22  -  Run Remote Usage
		Usr 0 00:00:00, Sys 0 00:00:00  -  Run Local Usage
		Usr 0 01:36:31, Sys 0 00:00:22  -  Total Remote Usage
		Usr 0 00:00:00, Sys 0 00:00:00  -  Total Local Usage
	0  -  Run Bytes Sent By Job
	0  -  Run Bytes Received By Job
	0  -  Total Bytes Sent By Job
	0  -  Total Bytes Received By Job
...
