000 (1753971.000.000) 11/14 02:17:22 Job submitted from host: <130.199.206.69:49450>
...
001 (1753971.000.000) 11/14 08:20:39 Job executing on host: <130.199.180.147:60364>
...
006 (1753971.000.000) 11/14 08:20:47 Image size of job updated: 173764
...
006 (1753971.000.000) 11/14 08:25:47 Image size of job updated: 284124
...
006 (1753971.000.000) 11/14 08:30:47 Image size of job updated: 286468
...
006 (1753971.000.000) 11/14 08:35:47 Image size of job updated: 287160
...
006 (1753971.000.000) 11/14 08:40:47 Image size of job updated: 287764
...
006 (1753971.000.000) 11/14 08:45:47 Image size of job updated: 288624
...
006 (1753971.000.000) 11/14 08:50:47 Image size of job updated: 289684
...
006 (1753971.000.000) 11/14 09:05:47 Image size of job updated: 291008
...
006 (1753971.000.000) 11/14 09:15:47 Image size of job updated: 292340
...
006 (1753971.000.000) 11/14 09:20:47 Image size of job updated: 293296
...
006 (1753971.000.000) 11/14 09:30:49 Image size of job updated: 294160
...
006 (1753971.000.000) 11/14 09:35:50 Image size of job updated: 294452
...
006 (1753971.000.000) 11/14 09:40:51 Image size of job updated: 294468
...
006 (1753971.000.000) 11/14 09:55:54 Image size of job updated: 295180
...
006 (1753971.000.000) 11/14 10:15:58 Image size of job updated: 295312
...
006 (1753971.000.000) 11/14 10:20:59 Image size of job updated: 295692
...
006 (1753971.000.000) 11/14 10:36:02 Image size of job updated: 322756
...
006 (1753971.000.000) 11/14 10:41:03 Image size of job updated: 331972
...
006 (1753971.000.000) 11/14 10:46:04 Image size of job updated: 337092
...
006 (1753971.000.000) 11/14 10:51:05 Image size of job updated: 338116
...
006 (1753971.000.000) 11/14 11:06:08 Image size of job updated: 339140
...
006 (1753971.000.000) 11/14 11:11:09 Image size of job updated: 341188
...
006 (1753971.000.000) 11/14 11:16:10 Image size of job updated: 342212
...
006 (1753971.000.000) 11/14 11:21:11 Image size of job updated: 344260
...
006 (1753971.000.000) 11/14 11:31:13 Image size of job updated: 345284
...
006 (1753971.000.000) 11/14 11:41:15 Image size of job updated: 346308
...
006 (1753971.000.000) 11/14 12:11:21 Image size of job updated: 347332
...
005 (1753971.000.000) 11/14 12:26:57 Job terminated.
	(1) Normal termination (return value 0)
		Usr 0 03:39:14, Sys 0 00:02:21  -  Run Remote Usage
		Usr 0 00:00:00, Sys 0 00:00:00  -  Run Local Usage
		Usr 0 03:39:14, Sys 0 00:02:21  -  Total Remote Usage
		Usr 0 00:00:00, Sys 0 00:00:00  -  Total Local Usage
	0  -  Run Bytes Sent By Job
	0  -  Run Bytes Received By Job
	0  -  Total Bytes Sent By Job
	0  -  Total Bytes Received By Job
...
