000 (1755316.000.000) 11/14 02:20:03 Job submitted from host: <130.199.206.69:49450>
...
001 (1755316.000.000) 11/15 12:32:52 Job executing on host: <130.199.180.161:59459>
...
006 (1755316.000.000) 11/15 12:38:00 Image size of job updated: 276628
...
006 (1755316.000.000) 11/15 12:43:01 Image size of job updated: 286836
...
006 (1755316.000.000) 11/15 12:48:02 Image size of job updated: 289192
...
006 (1755316.000.000) 11/15 13:03:05 Image size of job updated: 289924
...
006 (1755316.000.000) 11/15 13:08:06 Image size of job updated: 290480
...
006 (1755316.000.000) 11/15 13:13:07 Image size of job updated: 291676
...
006 (1755316.000.000) 11/15 13:18:08 Image size of job updated: 293868
...
006 (1755316.000.000) 11/15 13:23:09 Image size of job updated: 294404
...
006 (1755316.000.000) 11/15 13:28:10 Image size of job updated: 295260
...
006 (1755316.000.000) 11/15 13:33:11 Image size of job updated: 295952
...
006 (1755316.000.000) 11/15 13:38:12 Image size of job updated: 308332
...
006 (1755316.000.000) 11/15 13:43:13 Image size of job updated: 330860
...
006 (1755316.000.000) 11/15 13:48:14 Image size of job updated: 337004
...
005 (1755316.000.000) 11/15 13:52:16 Job terminated.
	(1) Normal termination (return value 0)
		Usr 0 01:09:19, Sys 0 00:00:55  -  Run Remote Usage
		Usr 0 00:00:00, Sys 0 00:00:00  -  Run Local Usage
		Usr 0 01:09:19, Sys 0 00:00:55  -  Total Remote Usage
		Usr 0 00:00:00, Sys 0 00:00:00  -  Total Local Usage
	0  -  Run Bytes Sent By Job
	0  -  Run Bytes Received By Job
	0  -  Total Bytes Sent By Job
	0  -  Total Bytes Received By Job
...
