000 (1753420.000.000) 11/14 02:14:53 Job submitted from host: <130.199.206.69:49450>
...
001 (1753420.000.000) 11/14 04:32:08 Job executing on host: <130.199.180.171:36907>
...
006 (1753420.000.000) 11/14 04:32:16 Image size of job updated: 72620
...
006 (1753420.000.000) 11/14 04:37:16 Image size of job updated: 283552
...
006 (1753420.000.000) 11/14 04:42:16 Image size of job updated: 286092
...
006 (1753420.000.000) 11/14 04:57:16 Image size of job updated: 287664
...
006 (1753420.000.000) 11/14 05:12:16 Image size of job updated: 288244
...
006 (1753420.000.000) 11/14 05:17:17 Image size of job updated: 288460
...
006 (1753420.000.000) 11/14 05:22:18 Image size of job updated: 291672
...
006 (1753420.000.000) 11/14 05:27:19 Image size of job updated: 292252
...
006 (1753420.000.000) 11/14 05:32:20 Image size of job updated: 292820
...
006 (1753420.000.000) 11/14 05:47:23 Image size of job updated: 293016
...
006 (1753420.000.000) 11/14 05:57:25 Image size of job updated: 293316
...
006 (1753420.000.000) 11/14 06:12:28 Image size of job updated: 293328
...
006 (1753420.000.000) 11/14 06:17:29 Image size of job updated: 293768
...
006 (1753420.000.000) 11/14 06:22:30 Image size of job updated: 293824
...
006 (1753420.000.000) 11/14 06:27:31 Image size of job updated: 294228
...
005 (1753420.000.000) 11/14 06:33:26 Job terminated.
	(1) Normal termination (return value 0)
		Usr 0 01:50:27, Sys 0 00:01:08  -  Run Remote Usage
		Usr 0 00:00:00, Sys 0 00:00:00  -  Run Local Usage
		Usr 0 01:50:27, Sys 0 00:01:08  -  Total Remote Usage
		Usr 0 00:00:00, Sys 0 00:00:00  -  Total Local Usage
	0  -  Run Bytes Sent By Job
	0  -  Run Bytes Received By Job
	0  -  Total Bytes Sent By Job
	0  -  Total Bytes Received By Job
...
