000 (1754615.000.000) 11/14 02:18:46 Job submitted from host: <130.199.206.69:49450>
...
001 (1754615.000.000) 11/14 05:24:22 Job executing on host: <130.199.207.48:40244>
...
006 (1754615.000.000) 11/14 05:29:32 Image size of job updated: 307636
...
006 (1754615.000.000) 11/14 05:34:33 Image size of job updated: 319924
...
006 (1754615.000.000) 11/14 05:39:34 Image size of job updated: 325044
...
006 (1754615.000.000) 11/14 05:44:34 Image size of job updated: 327092
...
006 (1754615.000.000) 11/14 05:59:34 Image size of job updated: 329140
...
006 (1754615.000.000) 11/14 06:09:34 Image size of job updated: 330164
...
006 (1754615.000.000) 11/14 06:14:34 Image size of job updated: 331188
...
006 (1754615.000.000) 11/14 06:19:34 Image size of job updated: 332216
...
006 (1754615.000.000) 11/14 06:24:34 Image size of job updated: 334264
...
006 (1754615.000.000) 11/14 06:29:34 Image size of job updated: 335288
...
006 (1754615.000.000) 11/14 06:34:34 Image size of job updated: 336312
...
006 (1754615.000.000) 11/14 06:39:34 Image size of job updated: 338364
...
006 (1754615.000.000) 11/14 06:44:34 Image size of job updated: 339388
...
006 (1754615.000.000) 11/14 06:49:34 Image size of job updated: 340412
...
006 (1754615.000.000) 11/14 06:59:34 Image size of job updated: 341436
...
006 (1754615.000.000) 11/14 07:04:34 Image size of job updated: 342460
...
006 (1754615.000.000) 11/14 07:24:34 Image size of job updated: 345716
...
006 (1754615.000.000) 11/14 07:29:34 Image size of job updated: 345868
...
006 (1754615.000.000) 11/14 07:34:34 Image size of job updated: 346856
...
005 (1754615.000.000) 11/14 07:54:39 Job terminated.
	(1) Normal termination (return value 0)
		Usr 0 01:46:21, Sys 0 00:00:30  -  Run Remote Usage
		Usr 0 00:00:00, Sys 0 00:00:00  -  Run Local Usage
		Usr 0 01:46:21, Sys 0 00:00:30  -  Total Remote Usage
		Usr 0 00:00:00, Sys 0 00:00:00  -  Total Local Usage
	0  -  Run Bytes Sent By Job
	0  -  Run Bytes Received By Job
	0  -  Total Bytes Sent By Job
	0  -  Total Bytes Received By Job
...
