000 (1755077.000.000) 11/14 02:19:46 Job submitted from host: <130.199.206.69:49450>
...
001 (1755077.000.000) 11/15 11:52:07 Job executing on host: <130.199.206.135:53326>
...
006 (1755077.000.000) 11/15 11:52:15 Image size of job updated: 146324
...
006 (1755077.000.000) 11/15 11:57:15 Image size of job updated: 284776
...
006 (1755077.000.000) 11/15 12:02:15 Image size of job updated: 286500
...
006 (1755077.000.000) 11/15 12:17:15 Image size of job updated: 287216
...
006 (1755077.000.000) 11/15 12:27:15 Image size of job updated: 289224
...
006 (1755077.000.000) 11/15 12:32:16 Image size of job updated: 290328
...
006 (1755077.000.000) 11/15 12:37:17 Image size of job updated: 291732
...
006 (1755077.000.000) 11/15 12:47:19 Image size of job updated: 293096
...
006 (1755077.000.000) 11/15 12:52:20 Image size of job updated: 293820
...
006 (1755077.000.000) 11/15 12:57:21 Image size of job updated: 294144
...
006 (1755077.000.000) 11/15 13:07:23 Image size of job updated: 315064
...
006 (1755077.000.000) 11/15 13:12:24 Image size of job updated: 327352
...
006 (1755077.000.000) 11/15 13:17:25 Image size of job updated: 337712
...
006 (1755077.000.000) 11/15 13:22:26 Image size of job updated: 339760
...
006 (1755077.000.000) 11/15 13:27:27 Image size of job updated: 340784
...
006 (1755077.000.000) 11/15 13:37:29 Image size of job updated: 341808
...
006 (1755077.000.000) 11/15 13:52:30 Image size of job updated: 342832
...
006 (1755077.000.000) 11/15 13:57:30 Image size of job updated: 343856
...
006 (1755077.000.000) 11/15 14:12:30 Image size of job updated: 344880
...
006 (1755077.000.000) 11/15 14:17:30 Image size of job updated: 345904
...
006 (1755077.000.000) 11/15 14:47:30 Image size of job updated: 346928
...
005 (1755077.000.000) 11/15 15:08:50 Job terminated.
	(1) Normal termination (return value 0)
		Usr 0 03:00:11, Sys 0 00:00:32  -  Run Remote Usage
		Usr 0 00:00:00, Sys 0 00:00:00  -  Run Local Usage
		Usr 0 03:00:11, Sys 0 00:00:32  -  Total Remote Usage
		Usr 0 00:00:00, Sys 0 00:00:00  -  Total Local Usage
	0  -  Run Bytes Sent By Job
	0  -  Run Bytes Received By Job
	0  -  Total Bytes Sent By Job
	0  -  Total Bytes Received By Job
...
