000 (1754507.000.000) 11/14 02:18:34 Job submitted from host: <130.199.206.69:49450>
...
001 (1754507.000.000) 11/14 05:29:54 Job executing on host: <130.199.180.167:33733>
...
006 (1754507.000.000) 11/14 05:30:02 Image size of job updated: 8824
...
006 (1754507.000.000) 11/14 05:35:02 Image size of job updated: 283760
...
006 (1754507.000.000) 11/14 05:40:02 Image size of job updated: 285248
...
006 (1754507.000.000) 11/14 05:50:02 Image size of job updated: 285592
...
006 (1754507.000.000) 11/14 05:55:02 Image size of job updated: 286392
...
006 (1754507.000.000) 11/14 06:05:02 Image size of job updated: 289092
...
006 (1754507.000.000) 11/14 06:10:02 Image size of job updated: 289592
...
006 (1754507.000.000) 11/14 06:15:02 Image size of job updated: 290196
...
006 (1754507.000.000) 11/14 06:20:02 Image size of job updated: 290428
...
006 (1754507.000.000) 11/14 06:25:02 Image size of job updated: 290632
...
006 (1754507.000.000) 11/14 06:30:02 Image size of job updated: 292684
...
006 (1754507.000.000) 11/14 06:40:02 Image size of job updated: 292892
...
006 (1754507.000.000) 11/14 06:45:02 Image size of job updated: 294176
...
006 (1754507.000.000) 11/14 06:50:02 Image size of job updated: 294192
...
006 (1754507.000.000) 11/14 07:05:02 Image size of job updated: 294500
...
006 (1754507.000.000) 11/14 07:10:02 Image size of job updated: 294696
...
006 (1754507.000.000) 11/14 07:35:02 Image size of job updated: 295188
...
006 (1754507.000.000) 11/14 07:55:02 Image size of job updated: 295284
...
006 (1754507.000.000) 11/14 08:00:02 Image size of job updated: 295744
...
006 (1754507.000.000) 11/14 08:05:02 Image size of job updated: 296604
...
006 (1754507.000.000) 11/14 08:15:02 Image size of job updated: 296788
...
006 (1754507.000.000) 11/14 08:50:02 Image size of job updated: 296860
...
006 (1754507.000.000) 11/14 08:55:02 Image size of job updated: 297440
...
006 (1754507.000.000) 11/14 09:05:02 Image size of job updated: 298268
...
005 (1754507.000.000) 11/14 09:11:35 Job terminated.
	(1) Normal termination (return value 0)
		Usr 0 03:23:23, Sys 0 00:01:32  -  Run Remote Usage
		Usr 0 00:00:00, Sys 0 00:00:00  -  Run Local Usage
		Usr 0 03:23:23, Sys 0 00:01:32  -  Total Remote Usage
		Usr 0 00:00:00, Sys 0 00:00:00  -  Total Local Usage
	0  -  Run Bytes Sent By Job
	0  -  Run Bytes Received By Job
	0  -  Total Bytes Sent By Job
	0  -  Total Bytes Received By Job
...
