000 (1754968.000.000) 11/14 02:19:27 Job submitted from host: <130.199.206.69:49450>
...
001 (1754968.000.000) 11/15 15:43:00 Job executing on host: <130.199.183.29:35269>
...
006 (1754968.000.000) 11/15 15:43:09 Image size of job updated: 158536
...
006 (1754968.000.000) 11/15 15:48:10 Image size of job updated: 284852
...
006 (1754968.000.000) 11/15 15:53:11 Image size of job updated: 285680
...
006 (1754968.000.000) 11/15 15:58:12 Image size of job updated: 286984
...
006 (1754968.000.000) 11/15 16:03:13 Image size of job updated: 287824
...
006 (1754968.000.000) 11/15 16:13:15 Image size of job updated: 290920
...
006 (1754968.000.000) 11/15 16:18:16 Image size of job updated: 291616
...
006 (1754968.000.000) 11/15 16:23:17 Image size of job updated: 329068
...
006 (1754968.000.000) 11/15 16:28:18 Image size of job updated: 336460
...
006 (1754968.000.000) 11/15 16:33:19 Image size of job updated: 337484
...
006 (1754968.000.000) 11/15 16:43:21 Image size of job updated: 338024
...
006 (1754968.000.000) 11/15 16:48:22 Image size of job updated: 340072
...
006 (1754968.000.000) 11/15 16:53:23 Image size of job updated: 341096
...
006 (1754968.000.000) 11/15 16:58:24 Image size of job updated: 342120
...
005 (1754968.000.000) 11/15 17:00:28 Job terminated.
	(1) Normal termination (return value 0)
		Usr 0 00:59:28, Sys 0 00:00:38  -  Run Remote Usage
		Usr 0 00:00:00, Sys 0 00:00:00  -  Run Local Usage
		Usr 0 00:59:28, Sys 0 00:00:38  -  Total Remote Usage
		Usr 0 00:00:00, Sys 0 00:00:00  -  Total Local Usage
	0  -  Run Bytes Sent By Job
	0  -  Run Bytes Received By Job
	0  -  Total Bytes Sent By Job
	0  -  Total Bytes Received By Job
...
000 (1798261.000.000) 11/18 15:19:54 Job submitted from host: <130.199.206.69:49450>
...
001 (1798261.000.000) 11/18 15:28:19 Job executing on host: <130.199.183.12:47839>
...
006 (1798261.000.000) 11/18 15:33:27 Image size of job updated: 332808
...
005 (1798261.000.000) 11/19 05:57:04 Job terminated.
	(1) Normal termination (return value 0)
		Usr 0 01:56:01, Sys 0 00:00:48  -  Run Remote Usage
		Usr 0 00:00:00, Sys 0 00:00:00  -  Run Local Usage
		Usr 0 01:56:01, Sys 0 00:00:48  -  Total Remote Usage
		Usr 0 00:00:00, Sys 0 00:00:00  -  Total Local Usage
	0  -  Run Bytes Sent By Job
	0  -  Run Bytes Received By Job
	0  -  Total Bytes Sent By Job
	0  -  Total Bytes Received By Job
...
