000 (1753779.000.000) 11/14 02:16:47 Job submitted from host: <130.199.206.69:49450>
...
001 (1753779.000.000) 11/14 04:23:59 Job executing on host: <130.199.180.149:32900>
...
006 (1753779.000.000) 11/14 04:24:08 Image size of job updated: 174192
...
006 (1753779.000.000) 11/14 04:29:09 Image size of job updated: 289488
...
006 (1753779.000.000) 11/14 04:34:10 Image size of job updated: 326868
...
006 (1753779.000.000) 11/14 04:39:11 Image size of job updated: 335060
...
005 (1753779.000.000) 11/14 04:42:47 Job terminated.
	(1) Normal termination (return value 0)
		Usr 0 00:15:59, Sys 0 00:00:08  -  Run Remote Usage
		Usr 0 00:00:00, Sys 0 00:00:00  -  Run Local Usage
		Usr 0 00:15:59, Sys 0 00:00:08  -  Total Remote Usage
		Usr 0 00:00:00, Sys 0 00:00:00  -  Total Local Usage
	0  -  Run Bytes Sent By Job
	0  -  Run Bytes Received By Job
	0  -  Total Bytes Sent By Job
	0  -  Total Bytes Received By Job
...
