000 (1753904.000.000) 11/14 02:17:04 Job submitted from host: <130.199.206.69:49450>
...
001 (1753904.000.000) 11/14 03:25:12 Job executing on host: <130.199.206.228:50377>
...
006 (1753904.000.000) 11/14 03:25:20 Image size of job updated: 136488
...
006 (1753904.000.000) 11/14 03:30:20 Image size of job updated: 290284
...
006 (1753904.000.000) 11/14 03:35:20 Image size of job updated: 292196
...
006 (1753904.000.000) 11/14 03:40:20 Image size of job updated: 292904
...
006 (1753904.000.000) 11/14 03:45:20 Image size of job updated: 294460
...
006 (1753904.000.000) 11/14 03:50:20 Image size of job updated: 296464
...
006 (1753904.000.000) 11/14 03:55:20 Image size of job updated: 297368
...
005 (1753904.000.000) 11/14 03:58:49 Job terminated.
	(1) Normal termination (return value 0)
		Usr 0 00:29:27, Sys 0 00:00:06  -  Run Remote Usage
		Usr 0 00:00:00, Sys 0 00:00:00  -  Run Local Usage
		Usr 0 00:29:27, Sys 0 00:00:06  -  Total Remote Usage
		Usr 0 00:00:00, Sys 0 00:00:00  -  Total Local Usage
	0  -  Run Bytes Sent By Job
	0  -  Run Bytes Received By Job
	0  -  Total Bytes Sent By Job
	0  -  Total Bytes Received By Job
...
