000 (1753750.000.000) 11/14 02:16:28 Job submitted from host: <130.199.206.69:49450>
...
001 (1753750.000.000) 11/14 04:31:35 Job executing on host: <130.199.180.169:46641>
...
006 (1753750.000.000) 11/14 04:31:43 Image size of job updated: 158488
...
006 (1753750.000.000) 11/14 04:36:43 Image size of job updated: 284128
...
006 (1753750.000.000) 11/14 04:41:43 Image size of job updated: 285256
...
006 (1753750.000.000) 11/14 04:46:43 Image size of job updated: 285680
...
006 (1753750.000.000) 11/14 04:51:43 Image size of job updated: 286688
...
006 (1753750.000.000) 11/14 04:56:43 Image size of job updated: 290168
...
006 (1753750.000.000) 11/14 05:01:43 Image size of job updated: 292268
...
006 (1753750.000.000) 11/14 05:06:43 Image size of job updated: 293328
...
006 (1753750.000.000) 11/14 05:11:43 Image size of job updated: 294724
...
006 (1753750.000.000) 11/14 05:21:43 Image size of job updated: 295944
...
006 (1753750.000.000) 11/14 06:46:43 Image size of job updated: 331980
...
006 (1753750.000.000) 11/14 06:51:43 Image size of job updated: 337100
...
006 (1753750.000.000) 11/14 06:56:43 Image size of job updated: 338124
...
005 (1753750.000.000) 11/14 06:58:13 Job terminated.
	(1) Normal termination (return value 0)
		Usr 0 02:10:04, Sys 0 00:01:16  -  Run Remote Usage
		Usr 0 00:00:00, Sys 0 00:00:00  -  Run Local Usage
		Usr 0 02:10:04, Sys 0 00:01:16  -  Total Remote Usage
		Usr 0 00:00:00, Sys 0 00:00:00  -  Total Local Usage
	0  -  Run Bytes Sent By Job
	0  -  Run Bytes Received By Job
	0  -  Total Bytes Sent By Job
	0  -  Total Bytes Received By Job
...
