000 (1755417.000.000) 11/14 02:20:10 Job submitted from host: <130.199.206.69:49450>
...
001 (1755417.000.000) 11/15 15:23:57 Job executing on host: <130.199.206.221:42854>
...
006 (1755417.000.000) 11/15 15:29:07 Image size of job updated: 281736
...
006 (1755417.000.000) 11/15 15:34:08 Image size of job updated: 289060
...
006 (1755417.000.000) 11/15 15:39:09 Image size of job updated: 290476
...
006 (1755417.000.000) 11/15 15:44:10 Image size of job updated: 291356
...
006 (1755417.000.000) 11/15 15:49:11 Image size of job updated: 291500
...
006 (1755417.000.000) 11/15 15:54:12 Image size of job updated: 293696
...
006 (1755417.000.000) 11/15 15:59:13 Image size of job updated: 294876
...
005 (1755417.000.000) 11/15 16:01:16 Job terminated.
	(1) Normal termination (return value 0)
		Usr 0 00:20:25, Sys 0 00:00:06  -  Run Remote Usage
		Usr 0 00:00:00, Sys 0 00:00:00  -  Run Local Usage
		Usr 0 00:20:25, Sys 0 00:00:06  -  Total Remote Usage
		Usr 0 00:00:00, Sys 0 00:00:00  -  Total Local Usage
	0  -  Run Bytes Sent By Job
	0  -  Run Bytes Received By Job
	0  -  Total Bytes Sent By Job
	0  -  Total Bytes Received By Job
...
