000 (1754761.000.000) 11/14 02:18:59 Job submitted from host: <130.199.206.69:49450>
...
001 (1754761.000.000) 11/14 06:12:42 Job executing on host: <130.199.206.207:52080>
...
006 (1754761.000.000) 11/14 06:17:52 Image size of job updated: 290704
...
006 (1754761.000.000) 11/14 06:22:53 Image size of job updated: 291300
...
006 (1754761.000.000) 11/14 06:27:54 Image size of job updated: 293232
...
006 (1754761.000.000) 11/14 06:32:55 Image size of job updated: 294412
...
006 (1754761.000.000) 11/14 06:42:57 Image size of job updated: 295148
...
006 (1754761.000.000) 11/14 06:47:58 Image size of job updated: 296524
...
006 (1754761.000.000) 11/14 06:52:59 Image size of job updated: 297664
...
006 (1754761.000.000) 11/14 06:58:00 Image size of job updated: 333264
...
006 (1754761.000.000) 11/14 07:03:01 Image size of job updated: 341456
...
006 (1754761.000.000) 11/14 07:13:03 Image size of job updated: 342480
...
006 (1754761.000.000) 11/14 07:18:04 Image size of job updated: 344528
...
005 (1754761.000.000) 11/14 07:22:22 Job terminated.
	(1) Normal termination (return value 0)
		Usr 0 00:54:19, Sys 0 00:00:17  -  Run Remote Usage
		Usr 0 00:00:00, Sys 0 00:00:00  -  Run Local Usage
		Usr 0 00:54:19, Sys 0 00:00:17  -  Total Remote Usage
		Usr 0 00:00:00, Sys 0 00:00:00  -  Total Local Usage
	0  -  Run Bytes Sent By Job
	0  -  Run Bytes Received By Job
	0  -  Total Bytes Sent By Job
	0  -  Total Bytes Received By Job
...
