000 (1753842.000.000) 11/14 02:16:47 Job submitted from host: <130.199.206.69:49450>
...
001 (1753842.000.000) 11/14 05:44:42 Job executing on host: <130.199.183.29:35269>
...
006 (1753842.000.000) 11/14 05:44:50 Image size of job updated: 173796
...
006 (1753842.000.000) 11/14 05:49:50 Image size of job updated: 279708
...
006 (1753842.000.000) 11/14 05:54:50 Image size of job updated: 284224
...
006 (1753842.000.000) 11/14 05:59:50 Image size of job updated: 286276
...
006 (1753842.000.000) 11/14 06:04:51 Image size of job updated: 289380
...
006 (1753842.000.000) 11/14 06:09:52 Image size of job updated: 291664
...
006 (1753842.000.000) 11/14 06:14:53 Image size of job updated: 291788
...
006 (1753842.000.000) 11/14 06:24:55 Image size of job updated: 292048
...
006 (1753842.000.000) 11/14 06:29:56 Image size of job updated: 295300
...
006 (1753842.000.000) 11/14 06:34:57 Image size of job updated: 296128
...
006 (1753842.000.000) 11/14 06:39:58 Image size of job updated: 296548
...
006 (1753842.000.000) 11/14 06:44:59 Image size of job updated: 296576
...
005 (1753842.000.000) 11/14 06:51:09 Job terminated.
	(1) Normal termination (return value 0)
		Usr 0 01:02:10, Sys 0 00:00:32  -  Run Remote Usage
		Usr 0 00:00:00, Sys 0 00:00:00  -  Run Local Usage
		Usr 0 01:02:10, Sys 0 00:00:32  -  Total Remote Usage
		Usr 0 00:00:00, Sys 0 00:00:00  -  Total Local Usage
	0  -  Run Bytes Sent By Job
	0  -  Run Bytes Received By Job
	0  -  Total Bytes Sent By Job
	0  -  Total Bytes Received By Job
...
