000 (1754294.000.000) 11/14 02:18:07 Job submitted from host: <130.199.206.69:49450>
...
001 (1754294.000.000) 11/14 05:13:28 Job executing on host: <130.199.183.19:35289>
...
006 (1754294.000.000) 11/14 05:13:36 Image size of job updated: 238328
...
006 (1754294.000.000) 11/14 05:18:36 Image size of job updated: 305064
...
006 (1754294.000.000) 11/14 05:23:36 Image size of job updated: 313256
...
006 (1754294.000.000) 11/14 05:28:36 Image size of job updated: 318376
...
006 (1754294.000.000) 11/14 05:33:36 Image size of job updated: 328624
...
006 (1754294.000.000) 11/14 05:38:36 Image size of job updated: 329648
...
006 (1754294.000.000) 11/14 05:43:36 Image size of job updated: 330672
...
006 (1754294.000.000) 11/14 05:48:36 Image size of job updated: 331696
...
006 (1754294.000.000) 11/14 05:58:36 Image size of job updated: 335792
...
006 (1754294.000.000) 11/14 06:23:36 Image size of job updated: 336816
...
006 (1754294.000.000) 11/14 06:38:36 Image size of job updated: 337840
...
006 (1754294.000.000) 11/14 06:58:36 Image size of job updated: 338864
...
006 (1754294.000.000) 11/14 07:03:36 Image size of job updated: 339888
...
006 (1754294.000.000) 11/14 07:18:36 Image size of job updated: 340912
...
005 (1754294.000.000) 11/14 07:51:24 Job terminated.
	(1) Normal termination (return value 0)
		Usr 0 02:26:08, Sys 0 00:00:53  -  Run Remote Usage
		Usr 0 00:00:00, Sys 0 00:00:00  -  Run Local Usage
		Usr 0 02:26:08, Sys 0 00:00:53  -  Total Remote Usage
		Usr 0 00:00:00, Sys 0 00:00:00  -  Total Local Usage
	0  -  Run Bytes Sent By Job
	0  -  Run Bytes Received By Job
	0  -  Total Bytes Sent By Job
	0  -  Total Bytes Received By Job
...
