000 (1755164.000.000) 11/14 02:19:46 Job submitted from host: <130.199.206.69:49450>
...
001 (1755164.000.000) 11/15 18:52:59 Job executing on host: <130.199.183.22:48346>
...
006 (1755164.000.000) 11/15 18:53:07 Image size of job updated: 140732
...
006 (1755164.000.000) 11/15 18:58:07 Image size of job updated: 284264
...
006 (1755164.000.000) 11/15 19:03:07 Image size of job updated: 285940
...
006 (1755164.000.000) 11/15 19:18:07 Image size of job updated: 286700
...
006 (1755164.000.000) 11/15 19:28:07 Image size of job updated: 289056
...
006 (1755164.000.000) 11/15 19:38:07 Image size of job updated: 289472
...
006 (1755164.000.000) 11/15 19:43:07 Image size of job updated: 290520
...
006 (1755164.000.000) 11/15 19:48:07 Image size of job updated: 292204
...
006 (1755164.000.000) 11/15 19:53:07 Image size of job updated: 292236
...
006 (1755164.000.000) 11/15 19:58:07 Image size of job updated: 293384
...
006 (1755164.000.000) 11/15 20:18:07 Image size of job updated: 293920
...
006 (1755164.000.000) 11/15 20:23:07 Image size of job updated: 294448
...
006 (1755164.000.000) 11/15 20:28:08 Image size of job updated: 294972
...
006 (1755164.000.000) 11/15 20:38:10 Image size of job updated: 295064
...
006 (1755164.000.000) 11/15 20:43:11 Image size of job updated: 295108
...
006 (1755164.000.000) 11/15 20:48:12 Image size of job updated: 295296
...
006 (1755164.000.000) 11/15 20:58:14 Image size of job updated: 295488
...
006 (1755164.000.000) 11/15 21:03:15 Image size of job updated: 295680
...
006 (1755164.000.000) 11/15 21:13:17 Image size of job updated: 296456
...
005 (1755164.000.000) 11/15 21:33:43 Job terminated.
	(1) Normal termination (return value 0)
		Usr 0 02:26:13, Sys 0 00:01:10  -  Run Remote Usage
		Usr 0 00:00:00, Sys 0 00:00:00  -  Run Local Usage
		Usr 0 02:26:13, Sys 0 00:01:10  -  Total Remote Usage
		Usr 0 00:00:00, Sys 0 00:00:00  -  Total Local Usage
	0  -  Run Bytes Sent By Job
	0  -  Run Bytes Received By Job
	0  -  Total Bytes Sent By Job
	0  -  Total Bytes Received By Job
...
