000 (1755413.000.000) 11/14 02:20:10 Job submitted from host: <130.199.206.69:49450>
...
001 (1755413.000.000) 11/15 21:22:09 Job executing on host: <130.199.183.12:47839>
...
006 (1755413.000.000) 11/15 21:22:18 Image size of job updated: 173940
...
006 (1755413.000.000) 11/15 21:27:19 Image size of job updated: 284556
...
006 (1755413.000.000) 11/15 21:32:20 Image size of job updated: 286432
...
006 (1755413.000.000) 11/15 21:37:21 Image size of job updated: 286784
...
006 (1755413.000.000) 11/15 21:42:22 Image size of job updated: 287456
...
006 (1755413.000.000) 11/15 21:52:24 Image size of job updated: 289828
...
006 (1755413.000.000) 11/15 21:57:25 Image size of job updated: 290244
...
006 (1755413.000.000) 11/15 22:02:26 Image size of job updated: 291904
...
006 (1755413.000.000) 11/15 22:07:27 Image size of job updated: 293396
...
005 (1755413.000.000) 11/15 22:11:43 Job terminated.
	(1) Normal termination (return value 0)
		Usr 0 00:45:17, Sys 0 00:00:23  -  Run Remote Usage
		Usr 0 00:00:00, Sys 0 00:00:00  -  Run Local Usage
		Usr 0 00:45:17, Sys 0 00:00:23  -  Total Remote Usage
		Usr 0 00:00:00, Sys 0 00:00:00  -  Total Local Usage
	0  -  Run Bytes Sent By Job
	0  -  Run Bytes Received By Job
	0  -  Total Bytes Sent By Job
	0  -  Total Bytes Received By Job
...
