000 (1755306.000.000) 11/14 02:20:03 Job submitted from host: <130.199.206.69:49450>
...
001 (1755306.000.000) 11/15 12:40:20 Job executing on host: <130.199.183.17:52518>
...
006 (1755306.000.000) 11/15 12:40:28 Image size of job updated: 183488
...
006 (1755306.000.000) 11/15 12:45:28 Image size of job updated: 305556
...
006 (1755306.000.000) 11/15 12:50:28 Image size of job updated: 312724
...
006 (1755306.000.000) 11/15 12:55:28 Image size of job updated: 323988
...
006 (1755306.000.000) 11/15 13:00:28 Image size of job updated: 326036
...
006 (1755306.000.000) 11/15 13:05:28 Image size of job updated: 329112
...
006 (1755306.000.000) 11/15 13:10:28 Image size of job updated: 333208
...
006 (1755306.000.000) 11/15 13:15:28 Image size of job updated: 334232
...
006 (1755306.000.000) 11/15 13:25:28 Image size of job updated: 335256
...
006 (1755306.000.000) 11/15 13:40:28 Image size of job updated: 337308
...
006 (1755306.000.000) 11/15 13:50:28 Image size of job updated: 338332
...
006 (1755306.000.000) 11/15 13:55:28 Image size of job updated: 339360
...
005 (1755306.000.000) 11/15 13:55:54 Job terminated.
	(1) Normal termination (return value 0)
		Usr 0 01:05:06, Sys 0 00:00:37  -  Run Remote Usage
		Usr 0 00:00:00, Sys 0 00:00:00  -  Run Local Usage
		Usr 0 01:05:06, Sys 0 00:00:37  -  Total Remote Usage
		Usr 0 00:00:00, Sys 0 00:00:00  -  Total Local Usage
	0  -  Run Bytes Sent By Job
	0  -  Run Bytes Received By Job
	0  -  Total Bytes Sent By Job
	0  -  Total Bytes Received By Job
...
