000 (1755315.000.000) 11/14 02:20:03 Job submitted from host: <130.199.206.69:49450>
...
001 (1755315.000.000) 11/15 12:32:26 Job executing on host: <130.199.206.203:48345>
...
006 (1755315.000.000) 11/15 12:37:34 Image size of job updated: 284412
...
006 (1755315.000.000) 11/15 12:42:34 Image size of job updated: 285032
...
006 (1755315.000.000) 11/15 12:47:34 Image size of job updated: 287792
...
006 (1755315.000.000) 11/15 12:57:34 Image size of job updated: 295452
...
006 (1755315.000.000) 11/15 13:02:34 Image size of job updated: 297228
...
006 (1755315.000.000) 11/15 13:07:34 Image size of job updated: 297624
...
006 (1755315.000.000) 11/15 13:27:34 Image size of job updated: 297836
...
006 (1755315.000.000) 11/15 13:32:34 Image size of job updated: 298400
...
006 (1755315.000.000) 11/15 13:37:34 Image size of job updated: 299764
...
006 (1755315.000.000) 11/15 13:52:35 Image size of job updated: 300040
...
005 (1755315.000.000) 11/15 13:54:04 Job terminated.
	(1) Normal termination (return value 0)
		Usr 0 01:10:46, Sys 0 00:00:13  -  Run Remote Usage
		Usr 0 00:00:00, Sys 0 00:00:00  -  Run Local Usage
		Usr 0 01:10:46, Sys 0 00:00:13  -  Total Remote Usage
		Usr 0 00:00:00, Sys 0 00:00:00  -  Total Local Usage
	0  -  Run Bytes Sent By Job
	0  -  Run Bytes Received By Job
	0  -  Total Bytes Sent By Job
	0  -  Total Bytes Received By Job
...
