000 (1755036.000.000) 11/14 02:19:38 Job submitted from host: <130.199.206.69:49450>
...
001 (1755036.000.000) 11/15 11:44:54 Job executing on host: <130.199.180.173:34638>
...
006 (1755036.000.000) 11/15 11:50:04 Image size of job updated: 175592
...
006 (1755036.000.000) 11/15 11:55:05 Image size of job updated: 283764
...
006 (1755036.000.000) 11/15 12:00:06 Image size of job updated: 286424
...
006 (1755036.000.000) 11/15 12:05:07 Image size of job updated: 288052
...
006 (1755036.000.000) 11/15 12:10:08 Image size of job updated: 289692
...
006 (1755036.000.000) 11/15 12:20:10 Image size of job updated: 290860
...
006 (1755036.000.000) 11/15 12:25:11 Image size of job updated: 293428
...
006 (1755036.000.000) 11/15 12:30:12 Image size of job updated: 319136
...
006 (1755036.000.000) 11/15 12:35:12 Image size of job updated: 334496
...
006 (1755036.000.000) 11/15 12:40:12 Image size of job updated: 336544
...
006 (1755036.000.000) 11/15 12:50:12 Image size of job updated: 339616
...
005 (1755036.000.000) 11/15 13:18:56 Job terminated.
	(1) Normal termination (return value 0)
		Usr 0 01:09:38, Sys 0 00:00:47  -  Run Remote Usage
		Usr 0 00:00:00, Sys 0 00:00:00  -  Run Local Usage
		Usr 0 01:09:38, Sys 0 00:00:47  -  Total Remote Usage
		Usr 0 00:00:00, Sys 0 00:00:00  -  Total Local Usage
	0  -  Run Bytes Sent By Job
	0  -  Run Bytes Received By Job
	0  -  Total Bytes Sent By Job
	0  -  Total Bytes Received By Job
...
