000 (1755262.000.000) 11/14 02:19:54 Job submitted from host: <130.199.206.69:49450>
...
001 (1755262.000.000) 11/15 19:22:34 Job executing on host: <130.199.183.11:60300>
...
006 (1755262.000.000) 11/15 19:27:42 Image size of job updated: 286212
...
006 (1755262.000.000) 11/15 19:32:42 Image size of job updated: 288312
...
006 (1755262.000.000) 11/15 19:37:42 Image size of job updated: 294572
...
006 (1755262.000.000) 11/15 19:42:42 Image size of job updated: 321196
...
006 (1755262.000.000) 11/15 19:47:42 Image size of job updated: 327340
...
006 (1755262.000.000) 11/15 19:52:42 Image size of job updated: 328672
...
006 (1755262.000.000) 11/15 19:57:42 Image size of job updated: 329696
...
006 (1755262.000.000) 11/15 20:02:42 Image size of job updated: 331744
...
006 (1755262.000.000) 11/15 20:07:42 Image size of job updated: 332768
...
006 (1755262.000.000) 11/15 20:12:42 Image size of job updated: 335840
...
006 (1755262.000.000) 11/15 20:17:42 Image size of job updated: 336864
...
006 (1755262.000.000) 11/15 20:37:42 Image size of job updated: 338912
...
006 (1755262.000.000) 11/15 20:57:46 Image size of job updated: 339936
...
006 (1755262.000.000) 11/15 21:12:49 Image size of job updated: 340960
...
005 (1755262.000.000) 11/15 21:23:26 Job terminated.
	(1) Normal termination (return value 0)
		Usr 0 01:48:54, Sys 0 00:00:55  -  Run Remote Usage
		Usr 0 00:00:00, Sys 0 00:00:00  -  Run Local Usage
		Usr 0 01:48:54, Sys 0 00:00:55  -  Total Remote Usage
		Usr 0 00:00:00, Sys 0 00:00:00  -  Total Local Usage
	0  -  Run Bytes Sent By Job
	0  -  Run Bytes Received By Job
	0  -  Total Bytes Sent By Job
	0  -  Total Bytes Received By Job
...
