000 (1753457.000.000) 11/14 02:14:53 Job submitted from host: <130.199.206.69:49450>
...
001 (1753457.000.000) 11/14 02:46:14 Job executing on host: <130.199.180.162:36052>
...
006 (1753457.000.000) 11/14 02:51:24 Image size of job updated: 284492
...
006 (1753457.000.000) 11/14 02:56:25 Image size of job updated: 317292
...
006 (1753457.000.000) 11/14 03:01:26 Image size of job updated: 324460
...
006 (1753457.000.000) 11/14 03:06:26 Image size of job updated: 325484
...
006 (1753457.000.000) 11/14 03:11:26 Image size of job updated: 330824
...
006 (1753457.000.000) 11/14 03:16:26 Image size of job updated: 332616
...
006 (1753457.000.000) 11/14 03:21:26 Image size of job updated: 334084
...
006 (1753457.000.000) 11/14 03:26:26 Image size of job updated: 334800
...
006 (1753457.000.000) 11/14 03:31:26 Image size of job updated: 335796
...
006 (1753457.000.000) 11/14 03:36:26 Image size of job updated: 336832
...
006 (1753457.000.000) 11/14 03:41:26 Image size of job updated: 336924
...
006 (1753457.000.000) 11/14 04:36:27 Image size of job updated: 336936
...
006 (1753457.000.000) 11/14 05:21:36 Image size of job updated: 337080
...
006 (1753457.000.000) 11/14 05:41:37 Image size of job updated: 337204
...
006 (1753457.000.000) 11/14 05:46:37 Image size of job updated: 337428
...
006 (1753457.000.000) 11/14 06:06:37 Image size of job updated: 337684
...
006 (1753457.000.000) 11/14 06:11:37 Image size of job updated: 338708
...
006 (1753457.000.000) 11/14 06:16:37 Image size of job updated: 340072
...
006 (1753457.000.000) 11/14 06:21:37 Image size of job updated: 341096
...
006 (1753457.000.000) 11/14 06:26:37 Image size of job updated: 342120
...
006 (1753457.000.000) 11/14 06:31:37 Image size of job updated: 343144
...
006 (1753457.000.000) 11/14 06:41:37 Image size of job updated: 344168
...
006 (1753457.000.000) 11/14 07:06:37 Image size of job updated: 345192
...
005 (1753457.000.000) 11/14 07:07:19 Job terminated.
	(1) Normal termination (return value 0)
		Usr 0 03:00:44, Sys 0 00:01:53  -  Run Remote Usage
		Usr 0 00:00:00, Sys 0 00:00:00  -  Run Local Usage
		Usr 0 03:00:44, Sys 0 00:01:53  -  Total Remote Usage
		Usr 0 00:00:00, Sys 0 00:00:00  -  Total Local Usage
	0  -  Run Bytes Sent By Job
	0  -  Run Bytes Received By Job
	0  -  Total Bytes Sent By Job
	0  -  Total Bytes Received By Job
...
