000 (1753578.000.000) 11/14 02:16:08 Job submitted from host: <130.199.206.69:49450>
...
001 (1753578.000.000) 11/14 05:46:12 Job executing on host: <130.199.206.206:52475>
...
006 (1753578.000.000) 11/14 05:46:20 Image size of job updated: 191632
...
006 (1753578.000.000) 11/14 05:51:20 Image size of job updated: 284100
...
006 (1753578.000.000) 11/14 05:56:20 Image size of job updated: 286952
...
006 (1753578.000.000) 11/14 06:01:20 Image size of job updated: 289028
...
006 (1753578.000.000) 11/14 06:06:20 Image size of job updated: 292584
...
006 (1753578.000.000) 11/14 06:11:20 Image size of job updated: 294168
...
006 (1753578.000.000) 11/14 06:16:20 Image size of job updated: 294704
...
006 (1753578.000.000) 11/14 06:21:20 Image size of job updated: 294852
...
006 (1753578.000.000) 11/14 06:31:20 Image size of job updated: 296244
...
006 (1753578.000.000) 11/14 06:36:20 Image size of job updated: 296312
...
006 (1753578.000.000) 11/14 06:46:22 Image size of job updated: 296468
...
006 (1753578.000.000) 11/14 06:51:23 Image size of job updated: 296696
...
006 (1753578.000.000) 11/14 06:56:24 Image size of job updated: 297748
...
005 (1753578.000.000) 11/14 06:58:01 Job terminated.
	(1) Normal termination (return value 0)
		Usr 0 00:41:22, Sys 0 00:00:12  -  Run Remote Usage
		Usr 0 00:00:00, Sys 0 00:00:00  -  Run Local Usage
		Usr 0 00:41:22, Sys 0 00:00:12  -  Total Remote Usage
		Usr 0 00:00:00, Sys 0 00:00:00  -  Total Local Usage
	0  -  Run Bytes Sent By Job
	0  -  Run Bytes Received By Job
	0  -  Total Bytes Sent By Job
	0  -  Total Bytes Received By Job
...
