000 (1754188.000.000) 11/14 02:17:52 Job submitted from host: <130.199.206.69:49450>
...
001 (1754188.000.000) 11/14 04:53:51 Job executing on host: <130.199.180.151:44408>
...
006 (1754188.000.000) 11/14 04:53:59 Image size of job updated: 192852
...
006 (1754188.000.000) 11/14 04:58:59 Image size of job updated: 282632
...
006 (1754188.000.000) 11/14 05:03:59 Image size of job updated: 284456
...
006 (1754188.000.000) 11/14 05:08:59 Image size of job updated: 287168
...
006 (1754188.000.000) 11/14 05:13:59 Image size of job updated: 289648
...
006 (1754188.000.000) 11/14 05:18:59 Image size of job updated: 289916
...
006 (1754188.000.000) 11/14 05:33:59 Image size of job updated: 290780
...
006 (1754188.000.000) 11/14 05:38:59 Image size of job updated: 293228
...
006 (1754188.000.000) 11/14 05:48:59 Image size of job updated: 294244
...
006 (1754188.000.000) 11/14 05:53:59 Image size of job updated: 294480
...
006 (1754188.000.000) 11/14 05:58:59 Image size of job updated: 294720
...
006 (1754188.000.000) 11/14 06:03:59 Image size of job updated: 296228
...
006 (1754188.000.000) 11/14 06:08:59 Image size of job updated: 296432
...
006 (1754188.000.000) 11/14 06:18:59 Image size of job updated: 296496
...
006 (1754188.000.000) 11/14 06:28:59 Image size of job updated: 296848
...
006 (1754188.000.000) 11/14 06:48:59 Image size of job updated: 297668
...
005 (1754188.000.000) 11/14 06:59:37 Job terminated.
	(1) Normal termination (return value 0)
		Usr 0 01:45:04, Sys 0 00:00:50  -  Run Remote Usage
		Usr 0 00:00:00, Sys 0 00:00:00  -  Run Local Usage
		Usr 0 01:45:04, Sys 0 00:00:50  -  Total Remote Usage
		Usr 0 00:00:00, Sys 0 00:00:00  -  Total Local Usage
	0  -  Run Bytes Sent By Job
	0  -  Run Bytes Received By Job
	0  -  Total Bytes Sent By Job
	0  -  Total Bytes Received By Job
...
