000 (1754817.000.000) 11/14 02:19:12 Job submitted from host: <130.199.206.69:49450>
...
001 (1754817.000.000) 11/14 13:07:14 Job executing on host: <130.199.180.152:59096>
...
006 (1754817.000.000) 11/14 13:07:22 Image size of job updated: 113828
...
006 (1754817.000.000) 11/14 13:12:22 Image size of job updated: 276052
...
006 (1754817.000.000) 11/14 13:17:22 Image size of job updated: 287868
...
006 (1754817.000.000) 11/14 13:22:22 Image size of job updated: 288840
...
006 (1754817.000.000) 11/14 13:27:23 Image size of job updated: 289692
...
006 (1754817.000.000) 11/14 13:32:24 Image size of job updated: 290812
...
006 (1754817.000.000) 11/14 13:37:25 Image size of job updated: 291228
...
006 (1754817.000.000) 11/14 13:42:26 Image size of job updated: 292316
...
006 (1754817.000.000) 11/14 13:52:28 Image size of job updated: 295864
...
006 (1754817.000.000) 11/14 14:07:31 Image size of job updated: 297240
...
006 (1754817.000.000) 11/14 14:17:33 Image size of job updated: 299292
...
006 (1754817.000.000) 11/14 14:27:35 Image size of job updated: 299428
...
006 (1754817.000.000) 11/14 14:32:36 Image size of job updated: 300860
...
006 (1754817.000.000) 11/14 15:12:44 Image size of job updated: 300976
...
005 (1754817.000.000) 11/14 15:14:26 Job terminated.
	(1) Normal termination (return value 0)
		Usr 0 01:55:40, Sys 0 00:00:48  -  Run Remote Usage
		Usr 0 00:00:00, Sys 0 00:00:00  -  Run Local Usage
		Usr 0 01:55:40, Sys 0 00:00:48  -  Total Remote Usage
		Usr 0 00:00:00, Sys 0 00:00:00  -  Total Local Usage
	0  -  Run Bytes Sent By Job
	0  -  Run Bytes Received By Job
	0  -  Total Bytes Sent By Job
	0  -  Total Bytes Received By Job
...
