000 (1753462.000.000) 11/14 02:14:53 Job submitted from host: <130.199.206.69:49450>
...
001 (1753462.000.000) 11/14 04:15:30 Job executing on host: <130.199.180.163:49954>
...
006 (1753462.000.000) 11/14 04:15:39 Image size of job updated: 136404
...
006 (1753462.000.000) 11/14 04:20:40 Image size of job updated: 294620
...
006 (1753462.000.000) 11/14 04:25:41 Image size of job updated: 320476
...
006 (1753462.000.000) 11/14 04:30:42 Image size of job updated: 326620
...
006 (1753462.000.000) 11/14 04:35:43 Image size of job updated: 330724
...
006 (1753462.000.000) 11/14 04:40:44 Image size of job updated: 332772
...
006 (1753462.000.000) 11/14 04:45:45 Image size of job updated: 333796
...
006 (1753462.000.000) 11/14 04:50:46 Image size of job updated: 334820
...
006 (1753462.000.000) 11/14 05:00:48 Image size of job updated: 337892
...
006 (1753462.000.000) 11/14 05:30:54 Image size of job updated: 338916
...
006 (1753462.000.000) 11/14 05:45:57 Image size of job updated: 339940
...
006 (1753462.000.000) 11/14 06:16:03 Image size of job updated: 343020
...
006 (1753462.000.000) 11/14 06:36:07 Image size of job updated: 344044
...
006 (1753462.000.000) 11/14 06:41:08 Image size of job updated: 345068
...
006 (1753462.000.000) 11/14 07:41:20 Image size of job updated: 346092
...
006 (1753462.000.000) 11/14 07:46:21 Image size of job updated: 347116
...
005 (1753462.000.000) 11/14 07:48:43 Job terminated.
	(1) Normal termination (return value 0)
		Usr 0 02:21:57, Sys 0 00:01:10  -  Run Remote Usage
		Usr 0 00:00:00, Sys 0 00:00:00  -  Run Local Usage
		Usr 0 02:21:57, Sys 0 00:01:10  -  Total Remote Usage
		Usr 0 00:00:00, Sys 0 00:00:00  -  Total Local Usage
	0  -  Run Bytes Sent By Job
	0  -  Run Bytes Received By Job
	0  -  Total Bytes Sent By Job
	0  -  Total Bytes Received By Job
...
