000 (1754245.000.000) 11/14 02:17:52 Job submitted from host: <130.199.206.69:49450>
...
001 (1754245.000.000) 11/14 08:52:28 Job executing on host: <130.199.180.147:60364>
...
006 (1754245.000.000) 11/14 08:52:37 Image size of job updated: 72748
...
006 (1754245.000.000) 11/14 08:57:38 Image size of job updated: 284052
...
006 (1754245.000.000) 11/14 09:02:39 Image size of job updated: 285052
...
006 (1754245.000.000) 11/14 09:07:40 Image size of job updated: 285912
...
006 (1754245.000.000) 11/14 09:17:42 Image size of job updated: 286408
...
006 (1754245.000.000) 11/14 09:22:43 Image size of job updated: 287208
...
006 (1754245.000.000) 11/14 09:27:44 Image size of job updated: 287512
...
006 (1754245.000.000) 11/14 09:32:45 Image size of job updated: 288908
...
006 (1754245.000.000) 11/14 09:37:46 Image size of job updated: 289852
...
006 (1754245.000.000) 11/14 09:42:47 Image size of job updated: 291352
...
006 (1754245.000.000) 11/14 09:47:48 Image size of job updated: 291448
...
006 (1754245.000.000) 11/14 10:17:54 Image size of job updated: 291684
...
006 (1754245.000.000) 11/14 10:22:55 Image size of job updated: 292132
...
006 (1754245.000.000) 11/14 10:37:58 Image size of job updated: 292680
...
006 (1754245.000.000) 11/14 10:48:00 Image size of job updated: 292936
...
006 (1754245.000.000) 11/14 10:53:01 Image size of job updated: 294204
...
006 (1754245.000.000) 11/14 10:58:02 Image size of job updated: 294264
...
006 (1754245.000.000) 11/14 11:18:06 Image size of job updated: 294952
...
006 (1754245.000.000) 11/14 11:28:08 Image size of job updated: 294956
...
006 (1754245.000.000) 11/14 11:38:10 Image size of job updated: 320432
...
006 (1754245.000.000) 11/14 11:43:11 Image size of job updated: 336816
...
006 (1754245.000.000) 11/14 11:48:12 Image size of job updated: 337840
...
006 (1754245.000.000) 11/14 11:53:13 Image size of job updated: 339888
...
006 (1754245.000.000) 11/14 11:58:14 Image size of job updated: 340912
...
006 (1754245.000.000) 11/14 12:08:16 Image size of job updated: 342960
...
006 (1754245.000.000) 11/14 12:13:17 Image size of job updated: 345008
...
006 (1754245.000.000) 11/14 12:23:19 Image size of job updated: 346032
...
005 (1754245.000.000) 11/14 12:31:52 Job terminated.
	(1) Normal termination (return value 0)
		Usr 0 03:12:41, Sys 0 00:02:12  -  Run Remote Usage
		Usr 0 00:00:00, Sys 0 00:00:00  -  Run Local Usage
		Usr 0 03:12:41, Sys 0 00:02:12  -  Total Remote Usage
		Usr 0 00:00:00, Sys 0 00:00:00  -  Total Local Usage
	0  -  Run Bytes Sent By Job
	0  -  Run Bytes Received By Job
	0  -  Total Bytes Sent By Job
	0  -  Total Bytes Received By Job
...
