000 (1755337.000.000) 11/14 02:20:03 Job submitted from host: <130.199.206.69:49450>
...
001 (1755337.000.000) 11/15 12:42:43 Job executing on host: <130.199.206.215:39819>
...
006 (1755337.000.000) 11/15 12:47:51 Image size of job updated: 287568
...
006 (1755337.000.000) 11/15 12:52:51 Image size of job updated: 290160
...
006 (1755337.000.000) 11/15 12:57:51 Image size of job updated: 293116
...
006 (1755337.000.000) 11/15 13:02:51 Image size of job updated: 293640
...
006 (1755337.000.000) 11/15 13:07:51 Image size of job updated: 297468
...
005 (1755337.000.000) 11/15 13:11:37 Job terminated.
	(1) Normal termination (return value 0)
		Usr 0 00:26:08, Sys 0 00:00:04  -  Run Remote Usage
		Usr 0 00:00:00, Sys 0 00:00:00  -  Run Local Usage
		Usr 0 00:26:08, Sys 0 00:00:04  -  Total Remote Usage
		Usr 0 00:00:00, Sys 0 00:00:00  -  Total Local Usage
	0  -  Run Bytes Sent By Job
	0  -  Run Bytes Received By Job
	0  -  Total Bytes Sent By Job
	0  -  Total Bytes Received By Job
...
