000 (1753470.000.000) 11/14 02:14:53 Job submitted from host: <130.199.206.69:49450>
...
001 (1753470.000.000) 11/14 03:10:35 Job executing on host: <130.199.180.154:33428>
...
006 (1753470.000.000) 11/14 03:15:45 Image size of job updated: 286300
...
006 (1753470.000.000) 11/14 03:20:46 Image size of job updated: 287004
...
006 (1753470.000.000) 11/14 03:25:47 Image size of job updated: 302704
...
006 (1753470.000.000) 11/14 03:30:48 Image size of job updated: 316016
...
006 (1753470.000.000) 11/14 03:35:49 Image size of job updated: 327288
...
006 (1753470.000.000) 11/14 03:40:50 Image size of job updated: 336504
...
006 (1753470.000.000) 11/14 03:45:51 Image size of job updated: 338552
...
006 (1753470.000.000) 11/14 03:50:52 Image size of job updated: 339576
...
005 (1753470.000.000) 11/14 04:00:44 Job terminated.
	(1) Normal termination (return value 0)
		Usr 0 00:40:30, Sys 0 00:00:27  -  Run Remote Usage
		Usr 0 00:00:00, Sys 0 00:00:00  -  Run Local Usage
		Usr 0 00:40:30, Sys 0 00:00:27  -  Total Remote Usage
		Usr 0 00:00:00, Sys 0 00:00:00  -  Total Local Usage
	0  -  Run Bytes Sent By Job
	0  -  Run Bytes Received By Job
	0  -  Total Bytes Sent By Job
	0  -  Total Bytes Received By Job
...
