000 (1753662.000.000) 11/14 02:16:08 Job submitted from host: <130.199.206.69:49450>
...
001 (1753662.000.000) 11/14 03:37:33 Job executing on host: <130.199.180.135:32930>
...
006 (1753662.000.000) 11/14 03:42:43 Image size of job updated: 282928
...
006 (1753662.000.000) 11/14 03:47:44 Image size of job updated: 283472
...
006 (1753662.000.000) 11/14 03:52:45 Image size of job updated: 288488
...
006 (1753662.000.000) 11/14 03:57:46 Image size of job updated: 290488
...
006 (1753662.000.000) 11/14 04:02:47 Image size of job updated: 293812
...
006 (1753662.000.000) 11/14 04:12:49 Image size of job updated: 298520
...
006 (1753662.000.000) 11/14 04:17:51 Image size of job updated: 298680
...
006 (1753662.000.000) 11/14 04:27:51 Image size of job updated: 341916
...
006 (1753662.000.000) 11/14 04:32:51 Image size of job updated: 344988
...
006 (1753662.000.000) 11/14 04:37:51 Image size of job updated: 346012
...
006 (1753662.000.000) 11/14 04:42:51 Image size of job updated: 347036
...
005 (1753662.000.000) 11/14 04:44:03 Job terminated.
	(1) Normal termination (return value 0)
		Usr 0 00:56:27, Sys 0 00:00:20  -  Run Remote Usage
		Usr 0 00:00:00, Sys 0 00:00:00  -  Run Local Usage
		Usr 0 00:56:27, Sys 0 00:00:20  -  Total Remote Usage
		Usr 0 00:00:00, Sys 0 00:00:00  -  Total Local Usage
	0  -  Run Bytes Sent By Job
	0  -  Run Bytes Received By Job
	0  -  Total Bytes Sent By Job
	0  -  Total Bytes Received By Job
...
