000 (1753592.000.000) 11/14 02:16:08 Job submitted from host: <130.199.206.69:49450>
...
001 (1753592.000.000) 11/14 02:49:01 Job executing on host: <130.199.206.161:59889>
...
006 (1753592.000.000) 11/14 02:54:09 Image size of job updated: 285304
...
006 (1753592.000.000) 11/14 02:59:10 Image size of job updated: 286792
...
006 (1753592.000.000) 11/14 03:04:11 Image size of job updated: 287920
...
006 (1753592.000.000) 11/14 03:09:12 Image size of job updated: 310460
...
006 (1753592.000.000) 11/14 03:14:13 Image size of job updated: 322872
...
006 (1753592.000.000) 11/14 03:24:15 Image size of job updated: 323896
...
006 (1753592.000.000) 11/14 03:29:16 Image size of job updated: 327992
...
006 (1753592.000.000) 11/14 03:34:17 Image size of job updated: 336184
...
006 (1753592.000.000) 11/14 03:39:18 Image size of job updated: 337208
...
006 (1753592.000.000) 11/14 03:44:19 Image size of job updated: 338232
...
006 (1753592.000.000) 11/14 04:14:23 Image size of job updated: 338236
...
006 (1753592.000.000) 11/14 04:59:23 Image size of job updated: 339060
...
006 (1753592.000.000) 11/14 05:04:23 Image size of job updated: 340084
...
006 (1753592.000.000) 11/14 05:09:24 Image size of job updated: 342132
...
006 (1753592.000.000) 11/14 05:14:25 Image size of job updated: 343156
...
005 (1753592.000.000) 11/14 05:46:23 Job terminated.
	(1) Normal termination (return value 0)
		Usr 0 02:44:37, Sys 0 00:00:31  -  Run Remote Usage
		Usr 0 00:00:00, Sys 0 00:00:00  -  Run Local Usage
		Usr 0 02:44:37, Sys 0 00:00:31  -  Total Remote Usage
		Usr 0 00:00:00, Sys 0 00:00:00  -  Total Local Usage
	0  -  Run Bytes Sent By Job
	0  -  Run Bytes Received By Job
	0  -  Total Bytes Sent By Job
	0  -  Total Bytes Received By Job
...
