000 (1754193.000.000) 11/14 02:17:52 Job submitted from host: <130.199.206.69:49450>
...
001 (1754193.000.000) 11/14 05:18:37 Job executing on host: <130.199.180.160:58882>
...
006 (1754193.000.000) 11/14 05:18:46 Image size of job updated: 259568
...
006 (1754193.000.000) 11/14 05:23:47 Image size of job updated: 286376
...
006 (1754193.000.000) 11/14 05:28:48 Image size of job updated: 286800
...
006 (1754193.000.000) 11/14 05:33:49 Image size of job updated: 287388
...
006 (1754193.000.000) 11/14 05:38:50 Image size of job updated: 288704
...
006 (1754193.000.000) 11/14 05:48:52 Image size of job updated: 288736
...
006 (1754193.000.000) 11/14 05:53:53 Image size of job updated: 291120
...
006 (1754193.000.000) 11/14 05:58:54 Image size of job updated: 291228
...
006 (1754193.000.000) 11/14 06:03:55 Image size of job updated: 291616
...
006 (1754193.000.000) 11/14 06:08:56 Image size of job updated: 292596
...
006 (1754193.000.000) 11/14 06:13:57 Image size of job updated: 294016
...
006 (1754193.000.000) 11/14 06:18:58 Image size of job updated: 294328
...
006 (1754193.000.000) 11/14 06:23:59 Image size of job updated: 294536
...
006 (1754193.000.000) 11/14 06:34:01 Image size of job updated: 294544
...
006 (1754193.000.000) 11/14 06:39:02 Image size of job updated: 294604
...
006 (1754193.000.000) 11/14 06:49:04 Image size of job updated: 296260
...
006 (1754193.000.000) 11/14 06:59:06 Image size of job updated: 296740
...
006 (1754193.000.000) 11/14 07:04:07 Image size of job updated: 298108
...
006 (1754193.000.000) 11/14 07:29:12 Image size of job updated: 298176
...
005 (1754193.000.000) 11/14 07:57:33 Job terminated.
	(1) Normal termination (return value 0)
		Usr 0 02:23:57, Sys 0 00:01:25  -  Run Remote Usage
		Usr 0 00:00:00, Sys 0 00:00:00  -  Run Local Usage
		Usr 0 02:23:57, Sys 0 00:01:25  -  Total Remote Usage
		Usr 0 00:00:00, Sys 0 00:00:00  -  Total Local Usage
	0  -  Run Bytes Sent By Job
	0  -  Run Bytes Received By Job
	0  -  Total Bytes Sent By Job
	0  -  Total Bytes Received By Job
...
