000 (1753533.000.000) 11/14 02:15:48 Job submitted from host: <130.199.206.69:49450>
...
001 (1753533.000.000) 11/14 03:00:44 Job executing on host: <130.199.180.143:49383>
...
006 (1753533.000.000) 11/14 03:00:53 Image size of job updated: 144164
...
006 (1753533.000.000) 11/14 03:05:54 Image size of job updated: 284956
...
006 (1753533.000.000) 11/14 03:10:55 Image size of job updated: 306316
...
006 (1753533.000.000) 11/14 03:15:56 Image size of job updated: 322700
...
006 (1753533.000.000) 11/14 03:20:57 Image size of job updated: 333972
...
006 (1753533.000.000) 11/14 03:25:58 Image size of job updated: 336020
...
006 (1753533.000.000) 11/14 03:30:59 Image size of job updated: 340116
...
006 (1753533.000.000) 11/14 03:41:01 Image size of job updated: 341140
...
005 (1753533.000.000) 11/14 04:37:37 Job terminated.
	(1) Normal termination (return value 0)
		Usr 0 01:23:02, Sys 0 00:00:47  -  Run Remote Usage
		Usr 0 00:00:00, Sys 0 00:00:00  -  Run Local Usage
		Usr 0 01:23:02, Sys 0 00:00:47  -  Total Remote Usage
		Usr 0 00:00:00, Sys 0 00:00:00  -  Total Local Usage
	0  -  Run Bytes Sent By Job
	0  -  Run Bytes Received By Job
	0  -  Total Bytes Sent By Job
	0  -  Total Bytes Received By Job
...
