000 (1754755.000.000) 11/14 02:18:59 Job submitted from host: <130.199.206.69:49450>
...
001 (1754755.000.000) 11/14 08:41:10 Job executing on host: <130.199.180.177:58002>
...
006 (1754755.000.000) 11/14 08:41:19 Image size of job updated: 192156
...
006 (1754755.000.000) 11/14 08:46:20 Image size of job updated: 292608
...
006 (1754755.000.000) 11/14 08:51:21 Image size of job updated: 293636
...
006 (1754755.000.000) 11/14 09:01:23 Image size of job updated: 295716
...
006 (1754755.000.000) 11/14 09:06:24 Image size of job updated: 296668
...
006 (1754755.000.000) 11/14 09:11:25 Image size of job updated: 297392
...
006 (1754755.000.000) 11/14 09:16:26 Image size of job updated: 297548
...
006 (1754755.000.000) 11/14 09:26:28 Image size of job updated: 299812
...
006 (1754755.000.000) 11/14 09:31:29 Image size of job updated: 300948
...
006 (1754755.000.000) 11/14 09:36:30 Image size of job updated: 301268
...
006 (1754755.000.000) 11/14 09:41:31 Image size of job updated: 301696
...
006 (1754755.000.000) 11/14 09:46:32 Image size of job updated: 302700
...
006 (1754755.000.000) 11/14 09:51:33 Image size of job updated: 329464
...
006 (1754755.000.000) 11/14 09:56:34 Image size of job updated: 342360
...
006 (1754755.000.000) 11/14 10:01:35 Image size of job updated: 343384
...
006 (1754755.000.000) 11/14 10:06:36 Image size of job updated: 344408
...
006 (1754755.000.000) 11/14 10:11:37 Image size of job updated: 345432
...
005 (1754755.000.000) 11/14 10:15:46 Job terminated.
	(1) Normal termination (return value 0)
		Usr 0 01:28:27, Sys 0 00:00:45  -  Run Remote Usage
		Usr 0 00:00:00, Sys 0 00:00:00  -  Run Local Usage
		Usr 0 01:28:27, Sys 0 00:00:45  -  Total Remote Usage
		Usr 0 00:00:00, Sys 0 00:00:00  -  Total Local Usage
	0  -  Run Bytes Sent By Job
	0  -  Run Bytes Received By Job
	0  -  Total Bytes Sent By Job
	0  -  Total Bytes Received By Job
...
