000 (1753516.000.000) 11/14 02:15:48 Job submitted from host: <130.199.206.69:49450>
...
001 (1753516.000.000) 11/14 06:03:31 Job executing on host: <130.199.206.155:60984>
...
006 (1753516.000.000) 11/14 06:08:39 Image size of job updated: 282384
...
006 (1753516.000.000) 11/14 06:13:39 Image size of job updated: 284228
...
006 (1753516.000.000) 11/14 06:18:39 Image size of job updated: 286756
...
006 (1753516.000.000) 11/14 06:23:39 Image size of job updated: 287804
...
006 (1753516.000.000) 11/14 06:33:39 Image size of job updated: 288844
...
006 (1753516.000.000) 11/14 06:38:40 Image size of job updated: 291820
...
006 (1753516.000.000) 11/14 06:43:41 Image size of job updated: 292072
...
006 (1753516.000.000) 11/14 06:53:43 Image size of job updated: 330032
...
006 (1753516.000.000) 11/14 06:58:44 Image size of job updated: 332080
...
006 (1753516.000.000) 11/14 07:03:45 Image size of job updated: 338224
...
006 (1753516.000.000) 11/14 07:08:46 Image size of job updated: 339248
...
006 (1753516.000.000) 11/14 07:28:50 Image size of job updated: 340272
...
005 (1753516.000.000) 11/14 07:29:05 Job terminated.
	(1) Normal termination (return value 0)
		Usr 0 01:20:51, Sys 0 00:00:19  -  Run Remote Usage
		Usr 0 00:00:00, Sys 0 00:00:00  -  Run Local Usage
		Usr 0 01:20:51, Sys 0 00:00:19  -  Total Remote Usage
		Usr 0 00:00:00, Sys 0 00:00:00  -  Total Local Usage
	0  -  Run Bytes Sent By Job
	0  -  Run Bytes Received By Job
	0  -  Total Bytes Sent By Job
	0  -  Total Bytes Received By Job
...
