000 (1755187.000.000) 11/14 02:19:54 Job submitted from host: <130.199.206.69:49450>
...
001 (1755187.000.000) 11/15 18:53:16 Job executing on host: <130.199.207.39:52625>
...
006 (1755187.000.000) 11/15 18:53:24 Image size of job updated: 153936
...
006 (1755187.000.000) 11/15 18:58:24 Image size of job updated: 284840
...
006 (1755187.000.000) 11/15 19:03:24 Image size of job updated: 287616
...
006 (1755187.000.000) 11/15 19:08:24 Image size of job updated: 288092
...
006 (1755187.000.000) 11/15 19:13:24 Image size of job updated: 292872
...
006 (1755187.000.000) 11/15 19:18:24 Image size of job updated: 297152
...
006 (1755187.000.000) 11/15 19:23:24 Image size of job updated: 298976
...
006 (1755187.000.000) 11/15 19:33:24 Image size of job updated: 299100
...
006 (1755187.000.000) 11/15 19:58:25 Image size of job updated: 299832
...
006 (1755187.000.000) 11/15 20:13:28 Image size of job updated: 299888
...
006 (1755187.000.000) 11/15 20:18:29 Image size of job updated: 299992
...
006 (1755187.000.000) 11/15 20:23:30 Image size of job updated: 300476
...
006 (1755187.000.000) 11/15 20:28:31 Image size of job updated: 328608
...
006 (1755187.000.000) 11/15 20:33:32 Image size of job updated: 338848
...
005 (1755187.000.000) 11/15 20:37:00 Job terminated.
	(1) Normal termination (return value 0)
		Usr 0 01:32:01, Sys 0 00:00:42  -  Run Remote Usage
		Usr 0 00:00:00, Sys 0 00:00:00  -  Run Local Usage
		Usr 0 01:32:01, Sys 0 00:00:42  -  Total Remote Usage
		Usr 0 00:00:00, Sys 0 00:00:00  -  Total Local Usage
	0  -  Run Bytes Sent By Job
	0  -  Run Bytes Received By Job
	0  -  Total Bytes Sent By Job
	0  -  Total Bytes Received By Job
...
