000 (1754093.000.000) 11/14 02:17:37 Job submitted from host: <130.199.206.69:49450>
...
001 (1754093.000.000) 11/14 07:29:05 Job executing on host: <130.199.183.28:53536>
...
006 (1754093.000.000) 11/14 07:34:15 Image size of job updated: 301876
...
006 (1754093.000.000) 11/14 07:39:16 Image size of job updated: 311092
...
006 (1754093.000.000) 11/14 07:44:17 Image size of job updated: 320308
...
006 (1754093.000.000) 11/14 07:49:18 Image size of job updated: 326452
...
006 (1754093.000.000) 11/14 07:54:19 Image size of job updated: 327476
...
006 (1754093.000.000) 11/14 08:09:22 Image size of job updated: 329524
...
006 (1754093.000.000) 11/14 08:14:23 Image size of job updated: 331572
...
006 (1754093.000.000) 11/14 08:19:24 Image size of job updated: 333620
...
006 (1754093.000.000) 11/14 08:24:25 Image size of job updated: 334644
...
006 (1754093.000.000) 11/14 08:34:27 Image size of job updated: 335668
...
006 (1754093.000.000) 11/14 08:49:30 Image size of job updated: 336692
...
006 (1754093.000.000) 11/14 09:09:34 Image size of job updated: 338744
...
006 (1754093.000.000) 11/14 09:19:36 Image size of job updated: 339768
...
006 (1754093.000.000) 11/14 09:44:41 Image size of job updated: 340792
...
006 (1754093.000.000) 11/14 09:49:42 Image size of job updated: 341816
...
006 (1754093.000.000) 11/14 10:29:50 Image size of job updated: 342840
...
005 (1754093.000.000) 11/14 11:45:46 Job terminated.
	(1) Normal termination (return value 0)
		Usr 0 03:56:18, Sys 0 00:01:37  -  Run Remote Usage
		Usr 0 00:00:00, Sys 0 00:00:00  -  Run Local Usage
		Usr 0 03:56:18, Sys 0 00:01:37  -  Total Remote Usage
		Usr 0 00:00:00, Sys 0 00:00:00  -  Total Local Usage
	0  -  Run Bytes Sent By Job
	0  -  Run Bytes Received By Job
	0  -  Total Bytes Sent By Job
	0  -  Total Bytes Received By Job
...
