000 (1753646.000.000) 11/14 02:16:08 Job submitted from host: <130.199.206.69:49450>
...
001 (1753646.000.000) 11/14 04:38:02 Job executing on host: <130.199.180.135:32930>
...
006 (1753646.000.000) 11/14 04:38:11 Image size of job updated: 146344
...
006 (1753646.000.000) 11/14 04:43:12 Image size of job updated: 283288
...
006 (1753646.000.000) 11/14 04:48:13 Image size of job updated: 284344
...
006 (1753646.000.000) 11/14 04:53:14 Image size of job updated: 285536
...
006 (1753646.000.000) 11/14 04:58:15 Image size of job updated: 286176
...
006 (1753646.000.000) 11/14 05:03:16 Image size of job updated: 288096
...
006 (1753646.000.000) 11/14 05:13:18 Image size of job updated: 288760
...
006 (1753646.000.000) 11/14 05:23:20 Image size of job updated: 289116
...
006 (1753646.000.000) 11/14 05:33:22 Image size of job updated: 289724
...
006 (1753646.000.000) 11/14 05:38:23 Image size of job updated: 290100
...
006 (1753646.000.000) 11/14 05:43:23 Image size of job updated: 290116
...
006 (1753646.000.000) 11/14 05:53:23 Image size of job updated: 290252
...
006 (1753646.000.000) 11/14 05:58:23 Image size of job updated: 292892
...
006 (1753646.000.000) 11/14 06:03:23 Image size of job updated: 296200
...
006 (1753646.000.000) 11/14 06:38:23 Image size of job updated: 296276
...
006 (1753646.000.000) 11/14 06:48:23 Image size of job updated: 296852
...
005 (1753646.000.000) 11/14 06:49:00 Job terminated.
	(1) Normal termination (return value 0)
		Usr 0 01:55:47, Sys 0 00:00:41  -  Run Remote Usage
		Usr 0 00:00:00, Sys 0 00:00:00  -  Run Local Usage
		Usr 0 01:55:47, Sys 0 00:00:41  -  Total Remote Usage
		Usr 0 00:00:00, Sys 0 00:00:00  -  Total Local Usage
	0  -  Run Bytes Sent By Job
	0  -  Run Bytes Received By Job
	0  -  Total Bytes Sent By Job
	0  -  Total Bytes Received By Job
...
