000 (1755286.000.000) 11/14 02:20:03 Job submitted from host: <130.199.206.69:49450>
...
001 (1755286.000.000) 11/15 12:37:43 Job executing on host: <130.199.183.14:48158>
...
006 (1755286.000.000) 11/15 12:37:52 Image size of job updated: 175312
...
006 (1755286.000.000) 11/15 12:42:53 Image size of job updated: 277148
...
006 (1755286.000.000) 11/15 12:47:54 Image size of job updated: 289904
...
006 (1755286.000.000) 11/15 12:52:55 Image size of job updated: 291040
...
006 (1755286.000.000) 11/15 12:57:56 Image size of job updated: 292348
...
006 (1755286.000.000) 11/15 13:02:57 Image size of job updated: 293376
...
006 (1755286.000.000) 11/15 13:07:58 Image size of job updated: 293560
...
006 (1755286.000.000) 11/15 13:12:59 Image size of job updated: 293728
...
006 (1755286.000.000) 11/15 13:23:01 Image size of job updated: 295424
...
006 (1755286.000.000) 11/15 13:28:02 Image size of job updated: 296360
...
006 (1755286.000.000) 11/15 13:33:04 Image size of job updated: 296888
...
006 (1755286.000.000) 11/15 13:38:04 Image size of job updated: 297272
...
006 (1755286.000.000) 11/15 13:43:04 Image size of job updated: 298164
...
006 (1755286.000.000) 11/15 13:48:04 Image size of job updated: 298400
...
006 (1755286.000.000) 11/15 14:23:04 Image size of job updated: 298440
...
006 (1755286.000.000) 11/15 14:28:04 Image size of job updated: 298716
...
005 (1755286.000.000) 11/15 14:33:25 Job terminated.
	(1) Normal termination (return value 0)
		Usr 0 01:24:52, Sys 0 00:00:53  -  Run Remote Usage
		Usr 0 00:00:00, Sys 0 00:00:00  -  Run Local Usage
		Usr 0 01:24:52, Sys 0 00:00:53  -  Total Remote Usage
		Usr 0 00:00:00, Sys 0 00:00:00  -  Total Local Usage
	0  -  Run Bytes Sent By Job
	0  -  Run Bytes Received By Job
	0  -  Total Bytes Sent By Job
	0  -  Total Bytes Received By Job
...
