000 (1754890.000.000) 11/14 02:19:27 Job submitted from host: <130.199.206.69:49450>
...
001 (1754890.000.000) 11/15 10:51:08 Job executing on host: <130.199.183.19:35289>
...
006 (1754890.000.000) 11/15 10:51:16 Image size of job updated: 144060
...
006 (1754890.000.000) 11/15 10:56:16 Image size of job updated: 193976
...
006 (1754890.000.000) 11/15 11:01:16 Image size of job updated: 297004
...
006 (1754890.000.000) 11/15 11:06:16 Image size of job updated: 299016
...
006 (1754890.000.000) 11/15 11:11:16 Image size of job updated: 304908
...
006 (1754890.000.000) 11/15 11:16:16 Image size of job updated: 306412
...
006 (1754890.000.000) 11/15 11:21:16 Image size of job updated: 308492
...
006 (1754890.000.000) 11/15 11:26:16 Image size of job updated: 309092
...
006 (1754890.000.000) 11/15 11:31:16 Image size of job updated: 309676
...
006 (1754890.000.000) 11/15 11:36:16 Image size of job updated: 310128
...
006 (1754890.000.000) 11/15 11:46:16 Image size of job updated: 312968
...
006 (1754890.000.000) 11/15 11:51:16 Image size of job updated: 314356
...
006 (1754890.000.000) 11/15 11:56:16 Image size of job updated: 318932
...
006 (1754890.000.000) 11/15 12:01:16 Image size of job updated: 330196
...
006 (1754890.000.000) 11/15 12:06:16 Image size of job updated: 333040
...
006 (1754890.000.000) 11/15 12:21:16 Image size of job updated: 333912
...
006 (1754890.000.000) 11/15 12:26:16 Image size of job updated: 334936
...
006 (1754890.000.000) 11/15 12:31:16 Image size of job updated: 336984
...
006 (1754890.000.000) 11/15 12:41:16 Image size of job updated: 338008
...
006 (1754890.000.000) 11/15 12:46:16 Image size of job updated: 339032
...
006 (1754890.000.000) 11/15 13:11:16 Image size of job updated: 340056
...
006 (1754890.000.000) 11/15 13:26:18 Image size of job updated: 341080
...
006 (1754890.000.000) 11/15 13:51:22 Image size of job updated: 341224
...
006 (1754890.000.000) 11/15 13:56:23 Image size of job updated: 341428
...
006 (1754890.000.000) 11/15 14:01:24 Image size of job updated: 342692
...
005 (1754890.000.000) 11/15 14:03:15 Job terminated.
	(1) Normal termination (return value 0)
		Usr 0 02:38:47, Sys 0 00:01:47  -  Run Remote Usage
		Usr 0 00:00:00, Sys 0 00:00:00  -  Run Local Usage
		Usr 0 02:38:47, Sys 0 00:01:47  -  Total Remote Usage
		Usr 0 00:00:00, Sys 0 00:00:00  -  Total Local Usage
	0  -  Run Bytes Sent By Job
	0  -  Run Bytes Received By Job
	0  -  Total Bytes Sent By Job
	0  -  Total Bytes Received By Job
...
