000 (1754373.000.000) 11/14 02:18:20 Job submitted from host: <130.199.206.69:49450>
...
001 (1754373.000.000) 11/14 04:11:15 Job executing on host: <130.199.183.15:40034>
...
006 (1754373.000.000) 11/14 04:16:24 Image size of job updated: 210232
...
006 (1754373.000.000) 11/14 04:26:25 Image size of job updated: 240820
...
006 (1754373.000.000) 11/14 04:31:26 Image size of job updated: 272972
...
006 (1754373.000.000) 11/14 04:36:27 Image size of job updated: 273620
...
006 (1754373.000.000) 11/14 04:41:28 Image size of job updated: 273776
...
006 (1754373.000.000) 11/14 04:46:28 Image size of job updated: 276012
...
006 (1754373.000.000) 11/14 04:51:28 Image size of job updated: 276176
...
006 (1754373.000.000) 11/14 05:06:29 Image size of job updated: 276872
...
006 (1754373.000.000) 11/14 05:11:30 Image size of job updated: 277128
...
006 (1754373.000.000) 11/14 05:21:32 Image size of job updated: 285092
...
006 (1754373.000.000) 11/14 05:26:32 Image size of job updated: 286592
...
006 (1754373.000.000) 11/14 05:36:32 Image size of job updated: 286884
...
006 (1754373.000.000) 11/14 05:41:33 Image size of job updated: 286932
...
006 (1754373.000.000) 11/14 05:46:34 Image size of job updated: 287440
...
006 (1754373.000.000) 11/14 05:56:36 Image size of job updated: 287852
...
006 (1754373.000.000) 11/14 06:01:36 Image size of job updated: 288072
...
006 (1754373.000.000) 11/14 06:06:36 Image size of job updated: 288336
...
006 (1754373.000.000) 11/14 06:21:38 Image size of job updated: 288440
...
006 (1754373.000.000) 11/14 06:26:39 Image size of job updated: 288716
...
006 (1754373.000.000) 11/14 06:36:39 Image size of job updated: 288740
...
006 (1754373.000.000) 11/14 06:46:39 Image size of job updated: 289088
...
006 (1754373.000.000) 11/14 06:56:41 Image size of job updated: 289964
...
006 (1754373.000.000) 11/14 07:11:44 Image size of job updated: 290016
...
006 (1754373.000.000) 11/14 07:16:44 Image size of job updated: 290188
...
006 (1754373.000.000) 11/14 07:26:44 Image size of job updated: 290468
...
006 (1754373.000.000) 11/14 07:56:47 Image size of job updated: 291048
...
006 (1754373.000.000) 11/14 08:11:48 Image size of job updated: 292016
...
006 (1754373.000.000) 11/14 08:46:51 Image size of job updated: 294060
...
006 (1754373.000.000) 11/14 09:01:53 Image size of job updated: 294392
...
004 (1754373.000.000) 11/14 09:11:28 Job was evicted.
	(0) Job was not checkpointed.
		Usr 0 00:31:46, Sys 0 00:00:14  -  Run Remote Usage
		Usr 0 00:00:00, Sys 0 00:00:00  -  Run Local Usage
	0  -  Run Bytes Sent By Job
	0  -  Run Bytes Received By Job
...
009 (1754373.000.000) 11/14 09:11:42 Job was aborted by the user.
	The job attribute PeriodicRemove expression '(NumJobStarts >= 1 && JobStatus == 1) || (JobStatus == 2 && (CurrentTime - JobCurrentStartDate > (54000)) && ((RemoteUserCpu + RemoteSysCpu) / (CurrentTime - JobCurrentStartDate) < 0.100000)) || (((CurrentTime - EnteredCurrentStatus) > (2 * 24 * 3600)) && JobStatus == 5) || (JobRunCount >= 1 && JobStatus == 1)' evaluated to TRUE
...
000 (1798157.000.000) 11/18 15:19:54 Job submitted from host: <130.199.206.69:49450>
...
001 (1798157.000.000) 11/18 15:25:17 Job executing on host: <130.199.183.2:51731>
...
006 (1798157.000.000) 11/18 15:25:26 Image size of job updated: 17756
...
006 (1798157.000.000) 11/18 15:30:27 Image size of job updated: 174352
...
006 (1798157.000.000) 11/18 15:35:28 Image size of job updated: 192164
...
006 (1798157.000.000) 11/18 15:40:29 Image size of job updated: 192888
...
006 (1798157.000.000) 11/18 15:45:30 Image size of job updated: 275256
...
006 (1798157.000.000) 11/18 15:50:31 Image size of job updated: 279032
...
006 (1798157.000.000) 11/18 15:55:32 Image size of job updated: 289460
...
006 (1798157.000.000) 11/18 16:00:33 Image size of job updated: 2945564
...
005 (1798157.000.000) 11/18 16:00:45 Job terminated.
	(1) Normal termination (return value 0)
		Usr 0 00:14:46, Sys 0 00:00:16  -  Run Remote Usage
		Usr 0 00:00:00, Sys 0 00:00:00  -  Run Local Usage
		Usr 0 00:14:46, Sys 0 00:00:16  -  Total Remote Usage
		Usr 0 00:00:00, Sys 0 00:00:00  -  Total Local Usage
	0  -  Run Bytes Sent By Job
	0  -  Run Bytes Received By Job
	0  -  Total Bytes Sent By Job
	0  -  Total Bytes Received By Job
...
000 (1804683.000.000) 11/21 22:32:12 Job submitted from host: <130.199.206.69:49450>
...
001 (1804683.000.000) 11/21 22:33:25 Job executing on host: <130.199.183.27:54138>
...
006 (1804683.000.000) 11/21 22:33:34 Image size of job updated: 9472
...
006 (1804683.000.000) 11/21 22:38:35 Image size of job updated: 214396
...
006 (1804683.000.000) 11/21 22:58:39 Image size of job updated: 280416
...
006 (1804683.000.000) 11/21 23:03:40 Image size of job updated: 290836
...
006 (1804683.000.000) 11/21 23:08:41 Image size of job updated: 293000
...
006 (1804683.000.000) 11/21 23:13:42 Image size of job updated: 293484
...
006 (1804683.000.000) 11/21 23:18:43 Image size of job updated: 296608
...
006 (1804683.000.000) 11/21 23:28:45 Image size of job updated: 297112
...
006 (1804683.000.000) 11/21 23:33:46 Image size of job updated: 297764
...
006 (1804683.000.000) 11/21 23:38:47 Image size of job updated: 298964
...
006 (1804683.000.000) 11/21 23:48:49 Image size of job updated: 299200
...
006 (1804683.000.000) 11/21 23:58:51 Image size of job updated: 299304
...
006 (1804683.000.000) 11/22 00:18:55 Image size of job updated: 299348
...
006 (1804683.000.000) 11/22 00:23:56 Image size of job updated: 299600
...
006 (1804683.000.000) 11/22 00:28:57 Image size of job updated: 300428
...
006 (1804683.000.000) 11/22 00:44:00 Image size of job updated: 300852
...
005 (1804683.000.000) 11/22 00:53:04 Job terminated.
	(1) Normal termination (return value 0)
		Usr 0 01:48:33, Sys 0 00:00:44  -  Run Remote Usage
		Usr 0 00:00:00, Sys 0 00:00:00  -  Run Local Usage
		Usr 0 01:48:33, Sys 0 00:00:44  -  Total Remote Usage
		Usr 0 00:00:00, Sys 0 00:00:00  -  Total Local Usage
	0  -  Run Bytes Sent By Job
	0  -  Run Bytes Received By Job
	0  -  Total Bytes Sent By Job
	0  -  Total Bytes Received By Job
...
