000 (1755336.000.000) 11/14 02:20:03 Job submitted from host: <130.199.206.69:49450>
...
001 (1755336.000.000) 11/15 12:42:41 Job executing on host: <130.199.206.223:33553>
...
006 (1755336.000.000) 11/15 12:47:49 Image size of job updated: 284176
...
006 (1755336.000.000) 11/15 12:57:49 Image size of job updated: 290364
...
006 (1755336.000.000) 11/15 13:02:49 Image size of job updated: 291296
...
006 (1755336.000.000) 11/15 13:07:49 Image size of job updated: 294976
...
006 (1755336.000.000) 11/15 13:17:49 Image size of job updated: 295288
...
006 (1755336.000.000) 11/15 13:22:49 Image size of job updated: 295660
...
006 (1755336.000.000) 11/15 13:32:49 Image size of job updated: 296540
...
006 (1755336.000.000) 11/15 13:42:49 Image size of job updated: 296632
...
005 (1755336.000.000) 11/15 13:46:43 Job terminated.
	(1) Normal termination (return value 0)
		Usr 0 00:58:16, Sys 0 00:00:09  -  Run Remote Usage
		Usr 0 00:00:00, Sys 0 00:00:00  -  Run Local Usage
		Usr 0 00:58:16, Sys 0 00:00:09  -  Total Remote Usage
		Usr 0 00:00:00, Sys 0 00:00:00  -  Total Local Usage
	0  -  Run Bytes Sent By Job
	0  -  Run Bytes Received By Job
	0  -  Total Bytes Sent By Job
	0  -  Total Bytes Received By Job
...
