000 (1754190.000.000) 11/14 02:17:52 Job submitted from host: <130.199.206.69:49450>
...
001 (1754190.000.000) 11/14 07:05:34 Job executing on host: <130.199.180.142:35025>
...
006 (1754190.000.000) 11/14 07:05:43 Image size of job updated: 155944
...
006 (1754190.000.000) 11/14 07:10:44 Image size of job updated: 283768
...
006 (1754190.000.000) 11/14 07:15:45 Image size of job updated: 286144
...
006 (1754190.000.000) 11/14 07:20:46 Image size of job updated: 286360
...
006 (1754190.000.000) 11/14 07:30:48 Image size of job updated: 286748
...
006 (1754190.000.000) 11/14 07:35:49 Image size of job updated: 288192
...
006 (1754190.000.000) 11/14 07:50:52 Image size of job updated: 290940
...
006 (1754190.000.000) 11/14 07:55:53 Image size of job updated: 292120
...
006 (1754190.000.000) 11/14 08:00:54 Image size of job updated: 293144
...
006 (1754190.000.000) 11/14 08:15:57 Image size of job updated: 293428
...
006 (1754190.000.000) 11/14 08:20:58 Image size of job updated: 294308
...
006 (1754190.000.000) 11/14 08:25:59 Image size of job updated: 294888
...
006 (1754190.000.000) 11/14 08:46:03 Image size of job updated: 295264
...
006 (1754190.000.000) 11/14 08:56:05 Image size of job updated: 295548
...
005 (1754190.000.000) 11/14 09:00:19 Job terminated.
	(1) Normal termination (return value 0)
		Usr 0 01:45:01, Sys 0 00:00:47  -  Run Remote Usage
		Usr 0 00:00:00, Sys 0 00:00:00  -  Run Local Usage
		Usr 0 01:45:01, Sys 0 00:00:47  -  Total Remote Usage
		Usr 0 00:00:00, Sys 0 00:00:00  -  Total Local Usage
	0  -  Run Bytes Sent By Job
	0  -  Run Bytes Received By Job
	0  -  Total Bytes Sent By Job
	0  -  Total Bytes Received By Job
...
000 (1798161.000.000) 11/18 15:19:54 Job submitted from host: <130.199.206.69:49450>
...
001 (1798161.000.000) 11/18 15:25:31 Job executing on host: <130.199.207.32:40727>
...
006 (1798161.000.000) 11/18 15:30:39 Image size of job updated: 174188
...
006 (1798161.000.000) 11/18 15:35:39 Image size of job updated: 281556
...
006 (1798161.000.000) 11/18 15:40:39 Image size of job updated: 283784
...
006 (1798161.000.000) 11/18 15:45:39 Image size of job updated: 285164
...
006 (1798161.000.000) 11/18 15:50:40 Image size of job updated: 286164
...
006 (1798161.000.000) 11/18 16:00:42 Image size of job updated: 286484
...
006 (1798161.000.000) 11/18 16:05:43 Image size of job updated: 288640
...
006 (1798161.000.000) 11/18 16:20:46 Image size of job updated: 291508
...
006 (1798161.000.000) 11/18 16:30:48 Image size of job updated: 291940
...
006 (1798161.000.000) 11/18 16:40:50 Image size of job updated: 292348
...
006 (1798161.000.000) 11/18 16:45:50 Image size of job updated: 292924
...
006 (1798161.000.000) 11/18 16:55:50 Image size of job updated: 293272
...
006 (1798161.000.000) 11/18 17:15:50 Image size of job updated: 293804
...
006 (1798161.000.000) 11/18 17:20:50 Image size of job updated: 294724
...
006 (1798161.000.000) 11/18 17:25:50 Image size of job updated: 294796
...
004 (1798161.000.000) 11/18 20:25:33 Job was evicted.
	(0) Job was not checkpointed.
		Usr 0 02:06:59, Sys 0 00:00:31  -  Run Remote Usage
		Usr 0 00:00:00, Sys 0 00:00:00  -  Run Local Usage
	0  -  Run Bytes Sent By Job
	0  -  Run Bytes Received By Job
...
009 (1798161.000.000) 11/18 20:26:16 Job was aborted by the user.
	The job attribute PeriodicRemove expression '(NumJobStarts >= 1 && JobStatus == 1) || (JobStatus == 2 && (CurrentTime - JobCurrentStartDate > (54000)) && ((RemoteUserCpu + RemoteSysCpu) / (CurrentTime - JobCurrentStartDate) < 0.100000)) || (((CurrentTime - EnteredCurrentStatus) > (2 * 24 * 3600)) && JobStatus == 5) || (JobRunCount >= 1 && JobStatus == 1)' evaluated to TRUE
...
000 (1804687.000.000) 11/21 22:32:12 Job submitted from host: <130.199.206.69:49450>
...
001 (1804687.000.000) 11/22 01:10:28 Job executing on host: <130.199.180.150:57864>
...
006 (1804687.000.000) 11/22 01:15:36 Image size of job updated: 174176
...
006 (1804687.000.000) 11/22 01:20:36 Image size of job updated: 281868
...
006 (1804687.000.000) 11/22 01:25:36 Image size of job updated: 286628
...
006 (1804687.000.000) 11/22 01:35:36 Image size of job updated: 287268
...
006 (1804687.000.000) 11/22 01:40:36 Image size of job updated: 287788
...
006 (1804687.000.000) 11/22 01:45:36 Image size of job updated: 288700
...
006 (1804687.000.000) 11/22 01:55:36 Image size of job updated: 290660
...
006 (1804687.000.000) 11/22 02:00:36 Image size of job updated: 290988
...
006 (1804687.000.000) 11/22 02:05:36 Image size of job updated: 291284
...
006 (1804687.000.000) 11/22 02:10:36 Image size of job updated: 291484
...
006 (1804687.000.000) 11/22 02:15:36 Image size of job updated: 292204
...
006 (1804687.000.000) 11/22 02:20:36 Image size of job updated: 292828
...
006 (1804687.000.000) 11/22 02:25:36 Image size of job updated: 292868
...
006 (1804687.000.000) 11/22 02:30:36 Image size of job updated: 293072
...
006 (1804687.000.000) 11/22 02:35:36 Image size of job updated: 293556
...
006 (1804687.000.000) 11/22 02:40:36 Image size of job updated: 293864
...
006 (1804687.000.000) 11/22 02:45:36 Image size of job updated: 294088
...
006 (1804687.000.000) 11/22 02:50:36 Image size of job updated: 294248
...
006 (1804687.000.000) 11/22 02:55:36 Image size of job updated: 295748
...
006 (1804687.000.000) 11/22 03:05:38 Image size of job updated: 296212
...
006 (1804687.000.000) 11/22 03:10:39 Image size of job updated: 296248
...
006 (1804687.000.000) 11/22 04:00:49 Image size of job updated: 296512
...
006 (1804687.000.000) 11/22 04:05:50 Image size of job updated: 297184
...
006 (1804687.000.000) 11/22 04:15:52 Image size of job updated: 297192
...
006 (1804687.000.000) 11/22 04:20:53 Image size of job updated: 297896
...
005 (1804687.000.000) 11/22 05:22:39 Job terminated.
	(1) Normal termination (return value 0)
		Usr 0 03:30:06, Sys 0 00:01:36  -  Run Remote Usage
		Usr 0 00:00:00, Sys 0 00:00:00  -  Run Local Usage
		Usr 0 03:30:06, Sys 0 00:01:36  -  Total Remote Usage
		Usr 0 00:00:00, Sys 0 00:00:00  -  Total Local Usage
	0  -  Run Bytes Sent By Job
	0  -  Run Bytes Received By Job
	0  -  Total Bytes Sent By Job
	0  -  Total Bytes Received By Job
...
