000 (1754743.000.000) 11/14 02:18:59 Job submitted from host: <130.199.206.69:49450>
...
001 (1754743.000.000) 11/14 06:08:47 Job executing on host: <130.199.183.25:50471>
...
006 (1754743.000.000) 11/14 06:08:56 Image size of job updated: 192848
...
006 (1754743.000.000) 11/14 06:13:57 Image size of job updated: 278004
...
006 (1754743.000.000) 11/14 06:18:58 Image size of job updated: 320840
...
006 (1754743.000.000) 11/14 06:23:59 Image size of job updated: 326984
...
006 (1754743.000.000) 11/14 06:29:00 Image size of job updated: 329032
...
006 (1754743.000.000) 11/14 06:34:01 Image size of job updated: 330056
...
006 (1754743.000.000) 11/14 06:44:03 Image size of job updated: 332104
...
006 (1754743.000.000) 11/14 06:54:05 Image size of job updated: 333128
...
006 (1754743.000.000) 11/14 06:59:06 Image size of job updated: 336200
...
005 (1754743.000.000) 11/14 08:01:25 Job terminated.
	(1) Normal termination (return value 0)
		Usr 0 01:43:59, Sys 0 00:00:46  -  Run Remote Usage
		Usr 0 00:00:00, Sys 0 00:00:00  -  Run Local Usage
		Usr 0 01:43:59, Sys 0 00:00:46  -  Total Remote Usage
		Usr 0 00:00:00, Sys 0 00:00:00  -  Total Local Usage
	0  -  Run Bytes Sent By Job
	0  -  Run Bytes Received By Job
	0  -  Total Bytes Sent By Job
	0  -  Total Bytes Received By Job
...
