000 (1753727.000.000) 11/14 02:16:28 Job submitted from host: <130.199.206.69:49450>
...
001 (1753727.000.000) 11/14 04:03:00 Job executing on host: <130.199.183.16:34724>
...
006 (1753727.000.000) 11/14 04:03:08 Image size of job updated: 174056
...
006 (1753727.000.000) 11/14 04:08:08 Image size of job updated: 283828
...
006 (1753727.000.000) 11/14 04:13:08 Image size of job updated: 286584
...
006 (1753727.000.000) 11/14 04:18:08 Image size of job updated: 286872
...
006 (1753727.000.000) 11/14 04:23:08 Image size of job updated: 292132
...
006 (1753727.000.000) 11/14 04:28:08 Image size of job updated: 292368
...
006 (1753727.000.000) 11/14 04:33:08 Image size of job updated: 293112
...
006 (1753727.000.000) 11/14 04:38:08 Image size of job updated: 293572
...
006 (1753727.000.000) 11/14 04:43:08 Image size of job updated: 293668
...
006 (1753727.000.000) 11/14 04:48:08 Image size of job updated: 293912
...
006 (1753727.000.000) 11/14 04:53:08 Image size of job updated: 294596
...
006 (1753727.000.000) 11/14 04:58:08 Image size of job updated: 296316
...
006 (1753727.000.000) 11/14 05:03:08 Image size of job updated: 296512
...
006 (1753727.000.000) 11/14 05:18:08 Image size of job updated: 328120
...
006 (1753727.000.000) 11/14 05:23:08 Image size of job updated: 335288
...
006 (1753727.000.000) 11/14 05:28:08 Image size of job updated: 340408
...
006 (1753727.000.000) 11/14 05:38:08 Image size of job updated: 341432
...
006 (1753727.000.000) 11/14 05:43:08 Image size of job updated: 342456
...
006 (1753727.000.000) 11/14 05:58:08 Image size of job updated: 343480
...
006 (1753727.000.000) 11/14 06:03:08 Image size of job updated: 344504
...
006 (1753727.000.000) 11/14 06:13:08 Image size of job updated: 345528
...
006 (1753727.000.000) 11/14 07:08:08 Image size of job updated: 345952
...
005 (1753727.000.000) 11/14 07:35:56 Job terminated.
	(1) Normal termination (return value 0)
		Usr 0 02:45:29, Sys 0 00:01:21  -  Run Remote Usage
		Usr 0 00:00:00, Sys 0 00:00:00  -  Run Local Usage
		Usr 0 02:45:29, Sys 0 00:01:21  -  Total Remote Usage
		Usr 0 00:00:00, Sys 0 00:00:00  -  Total Local Usage
	0  -  Run Bytes Sent By Job
	0  -  Run Bytes Received By Job
	0  -  Total Bytes Sent By Job
	0  -  Total Bytes Received By Job
...
