000 (1754712.000.000) 11/14 02:18:59 Job submitted from host: <130.199.206.69:49450>
...
001 (1754712.000.000) 11/14 06:02:08 Job executing on host: <130.199.183.3:38943>
...
006 (1754712.000.000) 11/14 06:07:18 Image size of job updated: 284576
...
006 (1754712.000.000) 11/14 06:12:19 Image size of job updated: 285880
...
006 (1754712.000.000) 11/14 06:17:20 Image size of job updated: 286816
...
006 (1754712.000.000) 11/14 06:27:22 Image size of job updated: 287872
...
006 (1754712.000.000) 11/14 06:42:25 Image size of job updated: 288460
...
006 (1754712.000.000) 11/14 06:47:26 Image size of job updated: 288544
...
006 (1754712.000.000) 11/14 06:52:27 Image size of job updated: 292400
...
006 (1754712.000.000) 11/14 06:57:28 Image size of job updated: 310636
...
006 (1754712.000.000) 11/14 07:02:29 Image size of job updated: 324972
...
006 (1754712.000.000) 11/14 07:07:30 Image size of job updated: 332180
...
006 (1754712.000.000) 11/14 07:12:31 Image size of job updated: 333204
...
005 (1754712.000.000) 11/14 07:15:24 Job terminated.
	(1) Normal termination (return value 0)
		Usr 0 01:05:27, Sys 0 00:00:35  -  Run Remote Usage
		Usr 0 00:00:00, Sys 0 00:00:00  -  Run Local Usage
		Usr 0 01:05:27, Sys 0 00:00:35  -  Total Remote Usage
		Usr 0 00:00:00, Sys 0 00:00:00  -  Total Local Usage
	0  -  Run Bytes Sent By Job
	0  -  Run Bytes Received By Job
	0  -  Total Bytes Sent By Job
	0  -  Total Bytes Received By Job
...
