000 (1755247.000.000) 11/14 02:19:54 Job submitted from host: <130.199.206.69:49450>
...
001 (1755247.000.000) 11/15 12:25:54 Job executing on host: <130.199.180.159:36980>
...
006 (1755247.000.000) 11/15 12:26:03 Image size of job updated: 173760
...
006 (1755247.000.000) 11/15 12:31:04 Image size of job updated: 281168
...
006 (1755247.000.000) 11/15 12:36:05 Image size of job updated: 282800
...
006 (1755247.000.000) 11/15 12:41:06 Image size of job updated: 283168
...
006 (1755247.000.000) 11/15 12:51:08 Image size of job updated: 284512
...
006 (1755247.000.000) 11/15 12:56:09 Image size of job updated: 287036
...
006 (1755247.000.000) 11/15 13:01:10 Image size of job updated: 287980
...
006 (1755247.000.000) 11/15 13:06:11 Image size of job updated: 289832
...
006 (1755247.000.000) 11/15 13:16:13 Image size of job updated: 291424
...
006 (1755247.000.000) 11/15 13:26:15 Image size of job updated: 292528
...
006 (1755247.000.000) 11/15 13:36:17 Image size of job updated: 298688
...
006 (1755247.000.000) 11/15 13:41:18 Image size of job updated: 299092
...
006 (1755247.000.000) 11/15 13:46:19 Image size of job updated: 300636
...
006 (1755247.000.000) 11/15 13:51:20 Image size of job updated: 301248
...
006 (1755247.000.000) 11/15 13:56:21 Image size of job updated: 324240
...
006 (1755247.000.000) 11/15 14:01:22 Image size of job updated: 337308
...
006 (1755247.000.000) 11/15 14:06:23 Image size of job updated: 342428
...
006 (1755247.000.000) 11/15 14:11:24 Image size of job updated: 343452
...
005 (1755247.000.000) 11/15 14:14:59 Job terminated.
	(1) Normal termination (return value 0)
		Usr 0 01:31:55, Sys 0 00:01:10  -  Run Remote Usage
		Usr 0 00:00:00, Sys 0 00:00:00  -  Run Local Usage
		Usr 0 01:31:55, Sys 0 00:01:10  -  Total Remote Usage
		Usr 0 00:00:00, Sys 0 00:00:00  -  Total Local Usage
	0  -  Run Bytes Sent By Job
	0  -  Run Bytes Received By Job
	0  -  Total Bytes Sent By Job
	0  -  Total Bytes Received By Job
...
