000 (1754649.000.000) 11/14 02:18:46 Job submitted from host: <130.199.206.69:49450>
...
001 (1754649.000.000) 11/14 05:47:27 Job executing on host: <130.199.206.205:42506>
...
006 (1754649.000.000) 11/14 05:52:37 Image size of job updated: 285320
...
006 (1754649.000.000) 11/14 05:57:38 Image size of job updated: 286352
...
006 (1754649.000.000) 11/14 06:02:39 Image size of job updated: 287688
...
006 (1754649.000.000) 11/14 06:12:41 Image size of job updated: 290040
...
006 (1754649.000.000) 11/14 06:17:42 Image size of job updated: 290280
...
006 (1754649.000.000) 11/14 06:22:43 Image size of job updated: 291108
...
006 (1754649.000.000) 11/14 06:27:44 Image size of job updated: 292576
...
006 (1754649.000.000) 11/14 06:32:45 Image size of job updated: 293236
...
006 (1754649.000.000) 11/14 06:37:46 Image size of job updated: 294688
...
006 (1754649.000.000) 11/14 06:42:47 Image size of job updated: 294692
...
006 (1754649.000.000) 11/14 06:47:48 Image size of job updated: 294856
...
006 (1754649.000.000) 11/14 07:02:51 Image size of job updated: 295644
...
006 (1754649.000.000) 11/14 07:27:56 Image size of job updated: 296188
...
006 (1754649.000.000) 11/14 07:42:59 Image size of job updated: 296220
...
006 (1754649.000.000) 11/14 07:48:00 Image size of job updated: 296288
...
006 (1754649.000.000) 11/14 07:58:02 Image size of job updated: 296536
...
006 (1754649.000.000) 11/14 08:13:05 Image size of job updated: 296712
...
006 (1754649.000.000) 11/14 08:23:06 Image size of job updated: 296724
...
006 (1754649.000.000) 11/14 08:28:06 Image size of job updated: 297568
...
005 (1754649.000.000) 11/14 08:30:08 Job terminated.
	(1) Normal termination (return value 0)
		Usr 0 02:03:42, Sys 0 00:00:31  -  Run Remote Usage
		Usr 0 00:00:00, Sys 0 00:00:00  -  Run Local Usage
		Usr 0 02:03:42, Sys 0 00:00:31  -  Total Remote Usage
		Usr 0 00:00:00, Sys 0 00:00:00  -  Total Local Usage
	0  -  Run Bytes Sent By Job
	0  -  Run Bytes Received By Job
	0  -  Total Bytes Sent By Job
	0  -  Total Bytes Received By Job
...
