000 (1753570.000.000) 11/14 02:15:48 Job submitted from host: <130.199.206.69:49450>
...
001 (1753570.000.000) 11/14 04:17:50 Job executing on host: <130.199.206.117:46774>
...
006 (1753570.000.000) 11/14 04:23:00 Image size of job updated: 281616
...
006 (1753570.000.000) 11/14 04:28:01 Image size of job updated: 283496
...
006 (1753570.000.000) 11/14 04:33:02 Image size of job updated: 284188
...
006 (1753570.000.000) 11/14 04:38:03 Image size of job updated: 284356
...
006 (1753570.000.000) 11/14 04:43:04 Image size of job updated: 285600
...
006 (1753570.000.000) 11/14 04:48:05 Image size of job updated: 286168
...
006 (1753570.000.000) 11/14 04:53:05 Image size of job updated: 286924
...
006 (1753570.000.000) 11/14 04:58:05 Image size of job updated: 286952
...
006 (1753570.000.000) 11/14 05:08:05 Image size of job updated: 289320
...
006 (1753570.000.000) 11/14 05:13:05 Image size of job updated: 291756
...
006 (1753570.000.000) 11/14 05:18:05 Image size of job updated: 315572
...
006 (1753570.000.000) 11/14 05:23:05 Image size of job updated: 321716
...
006 (1753570.000.000) 11/14 05:28:05 Image size of job updated: 326836
...
006 (1753570.000.000) 11/14 05:33:05 Image size of job updated: 334004
...
006 (1753570.000.000) 11/14 05:38:05 Image size of job updated: 336052
...
006 (1753570.000.000) 11/14 05:48:05 Image size of job updated: 337076
...
006 (1753570.000.000) 11/14 06:48:14 Image size of job updated: 337688
...
006 (1753570.000.000) 11/14 07:13:17 Image size of job updated: 338068
...
006 (1753570.000.000) 11/14 07:38:17 Image size of job updated: 338340
...
006 (1753570.000.000) 11/14 07:43:17 Image size of job updated: 341412
...
005 (1753570.000.000) 11/14 08:02:45 Job terminated.
	(1) Normal termination (return value 0)
		Usr 0 03:21:09, Sys 0 00:02:23  -  Run Remote Usage
		Usr 0 00:00:00, Sys 0 00:00:00  -  Run Local Usage
		Usr 0 03:21:09, Sys 0 00:02:23  -  Total Remote Usage
		Usr 0 00:00:00, Sys 0 00:00:00  -  Total Local Usage
	0  -  Run Bytes Sent By Job
	0  -  Run Bytes Received By Job
	0  -  Total Bytes Sent By Job
	0  -  Total Bytes Received By Job
...
