000 (1754275.000.000) 11/14 02:18:07 Job submitted from host: <130.199.206.69:49450>
...
001 (1754275.000.000) 11/14 05:27:05 Job executing on host: <130.199.180.161:59459>
...
006 (1754275.000.000) 11/14 05:27:14 Image size of job updated: 142104
...
006 (1754275.000.000) 11/14 05:32:15 Image size of job updated: 284488
...
006 (1754275.000.000) 11/14 05:37:16 Image size of job updated: 285972
...
006 (1754275.000.000) 11/14 05:42:17 Image size of job updated: 287080
...
006 (1754275.000.000) 11/14 05:52:19 Image size of job updated: 289076
...
006 (1754275.000.000) 11/14 06:12:23 Image size of job updated: 291348
...
006 (1754275.000.000) 11/14 06:17:24 Image size of job updated: 293156
...
006 (1754275.000.000) 11/14 06:37:28 Image size of job updated: 321828
...
006 (1754275.000.000) 11/14 06:42:29 Image size of job updated: 328996
...
006 (1754275.000.000) 11/14 06:47:30 Image size of job updated: 334116
...
006 (1754275.000.000) 11/14 06:52:31 Image size of job updated: 338212
...
006 (1754275.000.000) 11/14 06:57:32 Image size of job updated: 340260
...
006 (1754275.000.000) 11/14 07:02:33 Image size of job updated: 341284
...
006 (1754275.000.000) 11/14 07:22:37 Image size of job updated: 342308
...
006 (1754275.000.000) 11/14 07:32:39 Image size of job updated: 343332
...
006 (1754275.000.000) 11/14 07:37:40 Image size of job updated: 345380
...
006 (1754275.000.000) 11/14 08:02:45 Image size of job updated: 346404
...
006 (1754275.000.000) 11/14 08:22:49 Image size of job updated: 347428
...
006 (1754275.000.000) 11/14 08:57:56 Image size of job updated: 348452
...
005 (1754275.000.000) 11/14 09:06:26 Job terminated.
	(1) Normal termination (return value 0)
		Usr 0 03:16:19, Sys 0 00:01:40  -  Run Remote Usage
		Usr 0 00:00:00, Sys 0 00:00:00  -  Run Local Usage
		Usr 0 03:16:19, Sys 0 00:01:40  -  Total Remote Usage
		Usr 0 00:00:00, Sys 0 00:00:00  -  Total Local Usage
	0  -  Run Bytes Sent By Job
	0  -  Run Bytes Received By Job
	0  -  Total Bytes Sent By Job
	0  -  Total Bytes Received By Job
...
