000 (1754695.000.000) 11/14 02:18:59 Job submitted from host: <130.199.206.69:49450>
...
001 (1754695.000.000) 11/14 05:57:01 Job executing on host: <130.199.206.205:42506>
...
006 (1754695.000.000) 11/14 05:57:10 Image size of job updated: 252884
...
006 (1754695.000.000) 11/14 06:02:11 Image size of job updated: 279676
...
006 (1754695.000.000) 11/14 06:07:12 Image size of job updated: 288264
...
006 (1754695.000.000) 11/14 06:17:14 Image size of job updated: 291092
...
006 (1754695.000.000) 11/14 06:22:15 Image size of job updated: 294824
...
006 (1754695.000.000) 11/14 06:27:16 Image size of job updated: 295324
...
006 (1754695.000.000) 11/14 06:37:18 Image size of job updated: 296336
...
006 (1754695.000.000) 11/14 06:42:19 Image size of job updated: 296560
...
006 (1754695.000.000) 11/14 06:47:20 Image size of job updated: 297036
...
006 (1754695.000.000) 11/14 06:52:21 Image size of job updated: 297352
...
006 (1754695.000.000) 11/14 06:57:22 Image size of job updated: 297360
...
006 (1754695.000.000) 11/14 07:02:23 Image size of job updated: 297772
...
005 (1754695.000.000) 11/14 07:07:47 Job terminated.
	(1) Normal termination (return value 0)
		Usr 0 00:46:37, Sys 0 00:00:10  -  Run Remote Usage
		Usr 0 00:00:00, Sys 0 00:00:00  -  Run Local Usage
		Usr 0 00:46:37, Sys 0 00:00:10  -  Total Remote Usage
		Usr 0 00:00:00, Sys 0 00:00:00  -  Total Local Usage
	0  -  Run Bytes Sent By Job
	0  -  Run Bytes Received By Job
	0  -  Total Bytes Sent By Job
	0  -  Total Bytes Received By Job
...
