000 (1754852.000.000) 11/14 02:19:12 Job submitted from host: <130.199.206.69:49450>
...
001 (1754852.000.000) 11/15 07:01:19 Job executing on host: <130.199.180.133:47323>
...
006 (1754852.000.000) 11/15 07:06:27 Image size of job updated: 173652
...
006 (1754852.000.000) 11/15 07:11:27 Image size of job updated: 173912
...
006 (1754852.000.000) 11/15 07:16:27 Image size of job updated: 175316
...
006 (1754852.000.000) 11/15 07:21:27 Image size of job updated: 186808
...
006 (1754852.000.000) 11/15 07:26:27 Image size of job updated: 283644
...
006 (1754852.000.000) 11/15 07:31:27 Image size of job updated: 285480
...
006 (1754852.000.000) 11/15 07:36:27 Image size of job updated: 286140
...
006 (1754852.000.000) 11/15 07:41:27 Image size of job updated: 287056
...
006 (1754852.000.000) 11/15 07:46:27 Image size of job updated: 290064
...
006 (1754852.000.000) 11/15 07:51:27 Image size of job updated: 293584
...
006 (1754852.000.000) 11/15 07:56:27 Image size of job updated: 295036
...
006 (1754852.000.000) 11/15 08:06:27 Image size of job updated: 295040
...
006 (1754852.000.000) 11/15 08:11:27 Image size of job updated: 295812
...
006 (1754852.000.000) 11/15 08:36:27 Image size of job updated: 296164
...
005 (1754852.000.000) 11/15 08:39:04 Job terminated.
	(1) Normal termination (return value 0)
		Usr 0 01:09:37, Sys 0 00:00:23  -  Run Remote Usage
		Usr 0 00:00:00, Sys 0 00:00:00  -  Run Local Usage
		Usr 0 01:09:37, Sys 0 00:00:23  -  Total Remote Usage
		Usr 0 00:00:00, Sys 0 00:00:00  -  Total Local Usage
	0  -  Run Bytes Sent By Job
	0  -  Run Bytes Received By Job
	0  -  Total Bytes Sent By Job
	0  -  Total Bytes Received By Job
...
