000 (1754095.000.000) 11/14 02:17:37 Job submitted from host: <130.199.206.69:49450>
...
001 (1754095.000.000) 11/14 07:44:42 Job executing on host: <130.199.180.177:58002>
...
006 (1754095.000.000) 11/14 07:49:52 Image size of job updated: 283896
...
006 (1754095.000.000) 11/14 07:54:53 Image size of job updated: 284676
...
006 (1754095.000.000) 11/14 07:59:54 Image size of job updated: 285160
...
006 (1754095.000.000) 11/14 08:04:55 Image size of job updated: 285740
...
006 (1754095.000.000) 11/14 08:19:58 Image size of job updated: 286464
...
006 (1754095.000.000) 11/14 08:30:00 Image size of job updated: 290736
...
006 (1754095.000.000) 11/14 08:35:01 Image size of job updated: 292092
...
006 (1754095.000.000) 11/14 08:40:02 Image size of job updated: 292824
...
006 (1754095.000.000) 11/14 08:55:02 Image size of job updated: 293316
...
006 (1754095.000.000) 11/14 09:05:02 Image size of job updated: 293916
...
006 (1754095.000.000) 11/14 09:20:02 Image size of job updated: 294040
...
006 (1754095.000.000) 11/14 09:30:02 Image size of job updated: 294328
...
006 (1754095.000.000) 11/14 09:35:02 Image size of job updated: 294720
...
006 (1754095.000.000) 11/14 09:40:02 Image size of job updated: 295192
...
006 (1754095.000.000) 11/14 09:55:02 Image size of job updated: 295404
...
006 (1754095.000.000) 11/14 10:00:02 Image size of job updated: 296464
...
006 (1754095.000.000) 11/14 10:45:02 Image size of job updated: 296700
...
006 (1754095.000.000) 11/14 10:55:02 Image size of job updated: 296724
...
006 (1754095.000.000) 11/14 11:00:02 Image size of job updated: 297168
...
006 (1754095.000.000) 11/14 11:05:02 Image size of job updated: 297228
...
005 (1754095.000.000) 11/14 11:41:58 Job terminated.
	(1) Normal termination (return value 0)
		Usr 0 03:37:23, Sys 0 00:01:57  -  Run Remote Usage
		Usr 0 00:00:00, Sys 0 00:00:00  -  Run Local Usage
		Usr 0 03:37:23, Sys 0 00:01:57  -  Total Remote Usage
		Usr 0 00:00:00, Sys 0 00:00:00  -  Total Local Usage
	0  -  Run Bytes Sent By Job
	0  -  Run Bytes Received By Job
	0  -  Total Bytes Sent By Job
	0  -  Total Bytes Received By Job
...
