000 (1754226.000.000) 11/14 02:17:52 Job submitted from host: <130.199.206.69:49450>
...
001 (1754226.000.000) 11/14 07:55:43 Job executing on host: <130.199.180.139:35175>
...
006 (1754226.000.000) 11/14 07:55:51 Image size of job updated: 72616
...
006 (1754226.000.000) 11/14 08:00:51 Image size of job updated: 285592
...
006 (1754226.000.000) 11/14 08:05:51 Image size of job updated: 288100
...
006 (1754226.000.000) 11/14 08:25:51 Image size of job updated: 288756
...
006 (1754226.000.000) 11/14 08:35:51 Image size of job updated: 291260
...
006 (1754226.000.000) 11/14 08:40:51 Image size of job updated: 291996
...
006 (1754226.000.000) 11/14 08:45:51 Image size of job updated: 292424
...
006 (1754226.000.000) 11/14 08:50:51 Image size of job updated: 293204
...
006 (1754226.000.000) 11/14 08:55:51 Image size of job updated: 294112
...
006 (1754226.000.000) 11/14 09:05:51 Image size of job updated: 294864
...
006 (1754226.000.000) 11/14 09:20:51 Image size of job updated: 295712
...
006 (1754226.000.000) 11/14 10:25:51 Image size of job updated: 295976
...
006 (1754226.000.000) 11/14 10:30:51 Image size of job updated: 296192
...
006 (1754226.000.000) 11/14 10:35:52 Image size of job updated: 297176
...
005 (1754226.000.000) 11/14 10:53:09 Job terminated.
	(1) Normal termination (return value 0)
		Usr 0 02:40:06, Sys 0 00:01:44  -  Run Remote Usage
		Usr 0 00:00:00, Sys 0 00:00:00  -  Run Local Usage
		Usr 0 02:40:06, Sys 0 00:01:44  -  Total Remote Usage
		Usr 0 00:00:00, Sys 0 00:00:00  -  Total Local Usage
	0  -  Run Bytes Sent By Job
	0  -  Run Bytes Received By Job
	0  -  Total Bytes Sent By Job
	0  -  Total Bytes Received By Job
...
