000 (1754577.000.000) 11/14 02:18:46 Job submitted from host: <130.199.206.69:49450>
...
001 (1754577.000.000) 11/14 05:31:30 Job executing on host: <130.199.183.1:42118>
...
006 (1754577.000.000) 11/14 05:31:39 Image size of job updated: 213100
...
006 (1754577.000.000) 11/14 05:36:40 Image size of job updated: 284184
...
006 (1754577.000.000) 11/14 05:41:41 Image size of job updated: 284612
...
006 (1754577.000.000) 11/14 05:46:42 Image size of job updated: 286504
...
006 (1754577.000.000) 11/14 05:51:43 Image size of job updated: 287084
...
006 (1754577.000.000) 11/14 06:11:47 Image size of job updated: 287844
...
006 (1754577.000.000) 11/14 06:16:48 Image size of job updated: 288052
...
006 (1754577.000.000) 11/14 06:26:50 Image size of job updated: 288300
...
006 (1754577.000.000) 11/14 06:46:54 Image size of job updated: 288732
...
006 (1754577.000.000) 11/14 06:51:55 Image size of job updated: 290464
...
006 (1754577.000.000) 11/14 06:56:56 Image size of job updated: 291020
...
006 (1754577.000.000) 11/14 07:06:58 Image size of job updated: 292736
...
006 (1754577.000.000) 11/14 07:17:00 Image size of job updated: 293512
...
006 (1754577.000.000) 11/14 07:27:02 Image size of job updated: 293860
...
006 (1754577.000.000) 11/14 07:37:04 Image size of job updated: 295092
...
006 (1754577.000.000) 11/14 09:12:23 Image size of job updated: 295780
...
006 (1754577.000.000) 11/14 09:22:23 Image size of job updated: 296112
...
006 (1754577.000.000) 11/14 09:32:23 Image size of job updated: 296364
...
005 (1754577.000.000) 11/14 09:44:34 Job terminated.
	(1) Normal termination (return value 0)
		Usr 0 03:20:29, Sys 0 00:01:27  -  Run Remote Usage
		Usr 0 00:00:00, Sys 0 00:00:00  -  Run Local Usage
		Usr 0 03:20:29, Sys 0 00:01:27  -  Total Remote Usage
		Usr 0 00:00:00, Sys 0 00:00:00  -  Total Local Usage
	0  -  Run Bytes Sent By Job
	0  -  Run Bytes Received By Job
	0  -  Total Bytes Sent By Job
	0  -  Total Bytes Received By Job
...
