000 (1754872.000.000) 11/14 02:19:27 Job submitted from host: <130.199.206.69:49450>
...
001 (1754872.000.000) 11/15 10:36:55 Job executing on host: <130.199.180.144:40361>
...
006 (1754872.000.000) 11/15 10:42:05 Image size of job updated: 214364
...
006 (1754872.000.000) 11/15 11:12:11 Image size of job updated: 282708
...
006 (1754872.000.000) 11/15 11:17:12 Image size of job updated: 285552
...
006 (1754872.000.000) 11/15 11:22:13 Image size of job updated: 285632
...
006 (1754872.000.000) 11/15 11:27:14 Image size of job updated: 287676
...
006 (1754872.000.000) 11/15 11:32:15 Image size of job updated: 289096
...
006 (1754872.000.000) 11/15 11:37:16 Image size of job updated: 289412
...
006 (1754872.000.000) 11/15 11:42:17 Image size of job updated: 290612
...
006 (1754872.000.000) 11/15 11:47:18 Image size of job updated: 292176
...
006 (1754872.000.000) 11/15 11:52:19 Image size of job updated: 293288
...
006 (1754872.000.000) 11/15 11:57:20 Image size of job updated: 293484
...
006 (1754872.000.000) 11/15 12:07:22 Image size of job updated: 293600
...
006 (1754872.000.000) 11/15 12:12:23 Image size of job updated: 293692
...
006 (1754872.000.000) 11/15 12:17:24 Image size of job updated: 294104
...
006 (1754872.000.000) 11/15 12:27:26 Image size of job updated: 294364
...
006 (1754872.000.000) 11/15 12:32:27 Image size of job updated: 294572
...
006 (1754872.000.000) 11/15 12:42:29 Image size of job updated: 294844
...
006 (1754872.000.000) 11/15 13:02:33 Image size of job updated: 294988
...
006 (1754872.000.000) 11/15 13:07:34 Image size of job updated: 295428
...
006 (1754872.000.000) 11/15 13:12:35 Image size of job updated: 329848
...
005 (1754872.000.000) 11/15 13:15:13 Job terminated.
	(1) Normal termination (return value 0)
		Usr 0 01:49:34, Sys 0 00:01:23  -  Run Remote Usage
		Usr 0 00:00:00, Sys 0 00:00:00  -  Run Local Usage
		Usr 0 01:49:34, Sys 0 00:01:23  -  Total Remote Usage
		Usr 0 00:00:00, Sys 0 00:00:00  -  Total Local Usage
	0  -  Run Bytes Sent By Job
	0  -  Run Bytes Received By Job
	0  -  Total Bytes Sent By Job
	0  -  Total Bytes Received By Job
...
