000 (1754072.000.000) 11/14 02:17:37 Job submitted from host: <130.199.206.69:49450>
...
001 (1754072.000.000) 11/14 05:19:52 Job executing on host: <130.199.183.19:35289>
...
006 (1754072.000.000) 11/14 05:25:02 Image size of job updated: 285192
...
006 (1754072.000.000) 11/14 05:30:03 Image size of job updated: 287716
...
006 (1754072.000.000) 11/14 05:40:05 Image size of job updated: 288100
...
006 (1754072.000.000) 11/14 05:45:06 Image size of job updated: 288480
...
006 (1754072.000.000) 11/14 06:00:09 Image size of job updated: 288484
...
006 (1754072.000.000) 11/14 06:05:10 Image size of job updated: 288928
...
006 (1754072.000.000) 11/14 06:10:11 Image size of job updated: 291560
...
006 (1754072.000.000) 11/14 06:25:14 Image size of job updated: 292196
...
006 (1754072.000.000) 11/14 06:30:15 Image size of job updated: 293016
...
006 (1754072.000.000) 11/14 06:35:16 Image size of job updated: 293340
...
006 (1754072.000.000) 11/14 06:40:17 Image size of job updated: 294604
...
006 (1754072.000.000) 11/14 08:05:34 Image size of job updated: 295244
...
006 (1754072.000.000) 11/14 08:25:38 Image size of job updated: 295716
...
006 (1754072.000.000) 11/14 09:05:46 Image size of job updated: 296096
...
006 (1754072.000.000) 11/14 09:10:47 Image size of job updated: 297156
...
005 (1754072.000.000) 11/14 09:34:24 Job terminated.
	(1) Normal termination (return value 0)
		Usr 0 03:52:25, Sys 0 00:01:19  -  Run Remote Usage
		Usr 0 00:00:00, Sys 0 00:00:00  -  Run Local Usage
		Usr 0 03:52:25, Sys 0 00:01:19  -  Total Remote Usage
		Usr 0 00:00:00, Sys 0 00:00:00  -  Total Local Usage
	0  -  Run Bytes Sent By Job
	0  -  Run Bytes Received By Job
	0  -  Total Bytes Sent By Job
	0  -  Total Bytes Received By Job
...
