000 (1753504.000.000) 11/14 02:15:48 Job submitted from host: <130.199.206.69:49450>
...
001 (1753504.000.000) 11/14 03:59:57 Job executing on host: <130.199.183.16:34724>
...
006 (1753504.000.000) 11/14 04:00:05 Image size of job updated: 174168
...
006 (1753504.000.000) 11/14 04:05:05 Image size of job updated: 287200
...
006 (1753504.000.000) 11/14 04:10:05 Image size of job updated: 287468
...
006 (1753504.000.000) 11/14 04:15:05 Image size of job updated: 288792
...
006 (1753504.000.000) 11/14 04:20:05 Image size of job updated: 289108
...
006 (1753504.000.000) 11/14 04:25:05 Image size of job updated: 289512
...
006 (1753504.000.000) 11/14 04:30:06 Image size of job updated: 291544
...
006 (1753504.000.000) 11/14 04:35:07 Image size of job updated: 297620
...
006 (1753504.000.000) 11/14 04:40:08 Image size of job updated: 298036
...
006 (1753504.000.000) 11/14 04:45:09 Image size of job updated: 299156
...
006 (1753504.000.000) 11/14 04:50:10 Image size of job updated: 300652
...
005 (1753504.000.000) 11/14 05:06:01 Job terminated.
	(1) Normal termination (return value 0)
		Usr 0 00:57:14, Sys 0 00:00:34  -  Run Remote Usage
		Usr 0 00:00:00, Sys 0 00:00:00  -  Run Local Usage
		Usr 0 00:57:14, Sys 0 00:00:34  -  Total Remote Usage
		Usr 0 00:00:00, Sys 0 00:00:00  -  Total Local Usage
	0  -  Run Bytes Sent By Job
	0  -  Run Bytes Received By Job
	0  -  Total Bytes Sent By Job
	0  -  Total Bytes Received By Job
...
