000 (1754675.000.000) 11/14 02:18:59 Job submitted from host: <130.199.206.69:49450>
...
001 (1754675.000.000) 11/14 05:53:12 Job executing on host: <130.199.180.151:44408>
...
006 (1754675.000.000) 11/14 05:53:21 Image size of job updated: 145376
...
006 (1754675.000.000) 11/14 05:58:22 Image size of job updated: 285368
...
006 (1754675.000.000) 11/14 06:03:23 Image size of job updated: 291732
...
006 (1754675.000.000) 11/14 06:08:24 Image size of job updated: 293980
...
006 (1754675.000.000) 11/14 06:13:25 Image size of job updated: 294796
...
006 (1754675.000.000) 11/14 06:18:26 Image size of job updated: 295152
...
006 (1754675.000.000) 11/14 06:23:27 Image size of job updated: 295676
...
006 (1754675.000.000) 11/14 06:28:28 Image size of job updated: 320576
...
006 (1754675.000.000) 11/14 06:33:29 Image size of job updated: 332864
...
006 (1754675.000.000) 11/14 06:38:30 Image size of job updated: 340032
...
006 (1754675.000.000) 11/14 06:43:31 Image size of job updated: 341056
...
006 (1754675.000.000) 11/14 06:48:32 Image size of job updated: 342080
...
006 (1754675.000.000) 11/14 06:58:34 Image size of job updated: 343104
...
005 (1754675.000.000) 11/14 07:05:59 Job terminated.
	(1) Normal termination (return value 0)
		Usr 0 01:06:49, Sys 0 00:00:31  -  Run Remote Usage
		Usr 0 00:00:00, Sys 0 00:00:00  -  Run Local Usage
		Usr 0 01:06:49, Sys 0 00:00:31  -  Total Remote Usage
		Usr 0 00:00:00, Sys 0 00:00:00  -  Total Local Usage
	0  -  Run Bytes Sent By Job
	0  -  Run Bytes Received By Job
	0  -  Total Bytes Sent By Job
	0  -  Total Bytes Received By Job
...
