000 (1754012.000.000) 11/14 02:17:22 Job submitted from host: <130.199.206.69:49450>
...
001 (1754012.000.000) 11/14 08:33:54 Job executing on host: <130.199.180.147:60364>
...
006 (1754012.000.000) 11/14 08:34:02 Image size of job updated: 173780
...
006 (1754012.000.000) 11/14 08:39:02 Image size of job updated: 283980
...
006 (1754012.000.000) 11/14 08:44:02 Image size of job updated: 285832
...
006 (1754012.000.000) 11/14 08:54:02 Image size of job updated: 286244
...
006 (1754012.000.000) 11/14 09:09:02 Image size of job updated: 287488
...
006 (1754012.000.000) 11/14 09:14:02 Image size of job updated: 287680
...
006 (1754012.000.000) 11/14 09:19:02 Image size of job updated: 290300
...
006 (1754012.000.000) 11/14 09:29:02 Image size of job updated: 290996
...
006 (1754012.000.000) 11/14 09:34:02 Image size of job updated: 291516
...
006 (1754012.000.000) 11/14 09:39:02 Image size of job updated: 292260
...
006 (1754012.000.000) 11/14 09:44:02 Image size of job updated: 293400
...
006 (1754012.000.000) 11/14 09:54:02 Image size of job updated: 293880
...
006 (1754012.000.000) 11/14 09:59:02 Image size of job updated: 294548
...
006 (1754012.000.000) 11/14 10:04:02 Image size of job updated: 294640
...
006 (1754012.000.000) 11/14 10:14:02 Image size of job updated: 295456
...
006 (1754012.000.000) 11/14 10:44:06 Image size of job updated: 295808
...
006 (1754012.000.000) 11/14 10:54:08 Image size of job updated: 295932
...
006 (1754012.000.000) 11/14 11:14:12 Image size of job updated: 296080
...
006 (1754012.000.000) 11/14 11:24:14 Image size of job updated: 296520
...
006 (1754012.000.000) 11/14 11:29:15 Image size of job updated: 296528
...
006 (1754012.000.000) 11/14 11:39:17 Image size of job updated: 297176
...
006 (1754012.000.000) 11/14 11:54:20 Image size of job updated: 297260
...
005 (1754012.000.000) 11/14 12:14:47 Job terminated.
	(1) Normal termination (return value 0)
		Usr 0 03:21:20, Sys 0 00:02:14  -  Run Remote Usage
		Usr 0 00:00:00, Sys 0 00:00:00  -  Run Local Usage
		Usr 0 03:21:20, Sys 0 00:02:14  -  Total Remote Usage
		Usr 0 00:00:00, Sys 0 00:00:00  -  Total Local Usage
	0  -  Run Bytes Sent By Job
	0  -  Run Bytes Received By Job
	0  -  Total Bytes Sent By Job
	0  -  Total Bytes Received By Job
...
