000 (1754086.000.000) 11/14 02:17:37 Job submitted from host: <130.199.206.69:49450>
...
001 (1754086.000.000) 11/14 04:37:49 Job executing on host: <130.199.206.229:58915>
...
006 (1754086.000.000) 11/14 04:42:57 Image size of job updated: 285456
...
006 (1754086.000.000) 11/14 04:47:57 Image size of job updated: 286488
...
006 (1754086.000.000) 11/14 04:52:57 Image size of job updated: 287388
...
006 (1754086.000.000) 11/14 04:57:57 Image size of job updated: 287720
...
006 (1754086.000.000) 11/14 05:02:57 Image size of job updated: 290304
...
006 (1754086.000.000) 11/14 05:07:57 Image size of job updated: 291656
...
006 (1754086.000.000) 11/14 05:12:57 Image size of job updated: 292820
...
006 (1754086.000.000) 11/14 05:47:57 Image size of job updated: 292896
...
006 (1754086.000.000) 11/14 05:52:57 Image size of job updated: 293104
...
006 (1754086.000.000) 11/14 06:02:57 Image size of job updated: 293368
...
005 (1754086.000.000) 11/14 06:05:04 Job terminated.
	(1) Normal termination (return value 0)
		Usr 0 01:13:50, Sys 0 00:00:16  -  Run Remote Usage
		Usr 0 00:00:00, Sys 0 00:00:00  -  Run Local Usage
		Usr 0 01:13:50, Sys 0 00:00:16  -  Total Remote Usage
		Usr 0 00:00:00, Sys 0 00:00:00  -  Total Local Usage
	0  -  Run Bytes Sent By Job
	0  -  Run Bytes Received By Job
	0  -  Total Bytes Sent By Job
	0  -  Total Bytes Received By Job
...
