000 (1754843.000.000) 11/14 02:19:12 Job submitted from host: <130.199.206.69:49450>
...
001 (1754843.000.000) 11/14 13:07:54 Job executing on host: <130.199.183.25:50471>
...
006 (1754843.000.000) 11/14 13:13:04 Image size of job updated: 282940
...
006 (1754843.000.000) 11/14 13:18:05 Image size of job updated: 286172
...
006 (1754843.000.000) 11/14 13:43:10 Image size of job updated: 287088
...
006 (1754843.000.000) 11/14 13:48:11 Image size of job updated: 287900
...
006 (1754843.000.000) 11/14 13:53:12 Image size of job updated: 290492
...
006 (1754843.000.000) 11/14 13:58:13 Image size of job updated: 291180
...
005 (1754843.000.000) 11/14 14:00:20 Job terminated.
	(1) Normal termination (return value 0)
		Usr 0 00:46:56, Sys 0 00:00:36  -  Run Remote Usage
		Usr 0 00:00:00, Sys 0 00:00:00  -  Run Local Usage
		Usr 0 00:46:56, Sys 0 00:00:36  -  Total Remote Usage
		Usr 0 00:00:00, Sys 0 00:00:00  -  Total Local Usage
	0  -  Run Bytes Sent By Job
	0  -  Run Bytes Received By Job
	0  -  Total Bytes Sent By Job
	0  -  Total Bytes Received By Job
...
000 (1798264.000.000) 11/18 15:19:54 Job submitted from host: <130.199.206.69:49450>
...
001 (1798264.000.000) 11/18 15:29:09 Job executing on host: <130.199.206.104:42092>
...
006 (1798264.000.000) 11/18 15:29:17 Image size of job updated: 8680
...
006 (1798264.000.000) 11/18 15:34:17 Image size of job updated: 199736
...
004 (1798264.000.000) 11/18 20:29:10 Job was evicted.
	(0) Job was not checkpointed.
		Usr 0 00:00:02, Sys 0 00:00:03  -  Run Remote Usage
		Usr 0 00:00:00, Sys 0 00:00:00  -  Run Local Usage
	0  -  Run Bytes Sent By Job
	0  -  Run Bytes Received By Job
...
009 (1798264.000.000) 11/18 20:29:16 Job was aborted by the user.
	The job attribute PeriodicRemove expression '(NumJobStarts >= 1 && JobStatus == 1) || (JobStatus == 2 && (CurrentTime - JobCurrentStartDate > (54000)) && ((RemoteUserCpu + RemoteSysCpu) / (CurrentTime - JobCurrentStartDate) < 0.100000)) || (((CurrentTime - EnteredCurrentStatus) > (2 * 24 * 3600)) && JobStatus == 5) || (JobRunCount >= 1 && JobStatus == 1)' evaluated to TRUE
...
000 (1804761.000.000) 11/21 22:32:12 Job submitted from host: <130.199.206.69:49450>
...
001 (1804761.000.000) 11/21 23:50:30 Job executing on host: <130.199.206.213:39757>
...
006 (1804761.000.000) 11/21 23:50:38 Image size of job updated: 8820
...
006 (1804761.000.000) 11/21 23:55:38 Image size of job updated: 193964
...
006 (1804761.000.000) 11/22 00:00:38 Image size of job updated: 284768
...
006 (1804761.000.000) 11/22 00:05:38 Image size of job updated: 285124
...
006 (1804761.000.000) 11/22 00:10:38 Image size of job updated: 285460
...
006 (1804761.000.000) 11/22 00:15:38 Image size of job updated: 291956
...
006 (1804761.000.000) 11/22 00:20:38 Image size of job updated: 294072
...
006 (1804761.000.000) 11/22 00:25:38 Image size of job updated: 297768
...
005 (1804761.000.000) 11/22 01:03:57 Job terminated.
	(1) Normal termination (return value 0)
		Usr 0 01:03:38, Sys 0 00:00:14  -  Run Remote Usage
		Usr 0 00:00:00, Sys 0 00:00:00  -  Run Local Usage
		Usr 0 01:03:38, Sys 0 00:00:14  -  Total Remote Usage
		Usr 0 00:00:00, Sys 0 00:00:00  -  Total Local Usage
	0  -  Run Bytes Sent By Job
	0  -  Run Bytes Received By Job
	0  -  Total Bytes Sent By Job
	0  -  Total Bytes Received By Job
...
