000 (1754345.000.000) 11/14 02:18:07 Job submitted from host: <130.199.206.69:49450>
...
001 (1754345.000.000) 11/14 05:30:50 Job executing on host: <130.199.180.174:58974>
...
006 (1754345.000.000) 11/14 05:35:58 Image size of job updated: 281800
...
006 (1754345.000.000) 11/14 05:40:58 Image size of job updated: 282728
...
006 (1754345.000.000) 11/14 05:45:58 Image size of job updated: 283472
...
006 (1754345.000.000) 11/14 05:50:58 Image size of job updated: 284208
...
006 (1754345.000.000) 11/14 05:55:58 Image size of job updated: 285160
...
006 (1754345.000.000) 11/14 06:00:58 Image size of job updated: 286240
...
006 (1754345.000.000) 11/14 06:05:58 Image size of job updated: 287084
...
006 (1754345.000.000) 11/14 06:15:58 Image size of job updated: 289108
...
006 (1754345.000.000) 11/14 06:20:58 Image size of job updated: 289856
...
006 (1754345.000.000) 11/14 06:25:58 Image size of job updated: 290060
...
006 (1754345.000.000) 11/14 06:30:58 Image size of job updated: 293784
...
006 (1754345.000.000) 11/14 06:40:58 Image size of job updated: 302120
...
006 (1754345.000.000) 11/14 08:16:09 Image size of job updated: 314832
...
006 (1754345.000.000) 11/14 08:21:10 Image size of job updated: 340432
...
006 (1754345.000.000) 11/14 08:26:11 Image size of job updated: 345552
...
006 (1754345.000.000) 11/14 08:41:14 Image size of job updated: 346576
...
006 (1754345.000.000) 11/14 08:46:15 Image size of job updated: 348624
...
006 (1754345.000.000) 11/14 08:51:16 Image size of job updated: 349648
...
005 (1754345.000.000) 11/14 09:14:17 Job terminated.
	(1) Normal termination (return value 0)
		Usr 0 03:24:32, Sys 0 00:01:20  -  Run Remote Usage
		Usr 0 00:00:00, Sys 0 00:00:00  -  Run Local Usage
		Usr 0 03:24:32, Sys 0 00:01:20  -  Total Remote Usage
		Usr 0 00:00:00, Sys 0 00:00:00  -  Total Local Usage
	0  -  Run Bytes Sent By Job
	0  -  Run Bytes Received By Job
	0  -  Total Bytes Sent By Job
	0  -  Total Bytes Received By Job
...
