000 (1753988.000.000) 11/14 02:17:22 Job submitted from host: <130.199.206.69:49450>
...
001 (1753988.000.000) 11/14 04:32:24 Job executing on host: <130.199.180.166:41628>
...
006 (1753988.000.000) 11/14 04:32:32 Image size of job updated: 171496
...
006 (1753988.000.000) 11/14 04:37:32 Image size of job updated: 306672
...
006 (1753988.000.000) 11/14 04:42:32 Image size of job updated: 315888
...
006 (1753988.000.000) 11/14 04:47:32 Image size of job updated: 325104
...
006 (1753988.000.000) 11/14 04:52:32 Image size of job updated: 326128
...
006 (1753988.000.000) 11/14 05:02:32 Image size of job updated: 329200
...
006 (1753988.000.000) 11/14 05:12:34 Image size of job updated: 331248
...
006 (1753988.000.000) 11/14 05:17:35 Image size of job updated: 332272
...
006 (1753988.000.000) 11/14 05:22:36 Image size of job updated: 333296
...
006 (1753988.000.000) 11/14 05:32:38 Image size of job updated: 335344
...
006 (1753988.000.000) 11/14 05:42:40 Image size of job updated: 336368
...
006 (1753988.000.000) 11/14 06:22:48 Image size of job updated: 337392
...
006 (1753988.000.000) 11/14 06:52:54 Image size of job updated: 338416
...
006 (1753988.000.000) 11/14 07:17:59 Image size of job updated: 340464
...
006 (1753988.000.000) 11/14 08:03:08 Image size of job updated: 341488
...
006 (1753988.000.000) 11/14 08:38:15 Image size of job updated: 342516
...
005 (1753988.000.000) 11/14 08:42:29 Job terminated.
	(1) Normal termination (return value 0)
		Usr 0 02:51:16, Sys 0 00:01:17  -  Run Remote Usage
		Usr 0 00:00:00, Sys 0 00:00:00  -  Run Local Usage
		Usr 0 02:51:16, Sys 0 00:01:17  -  Total Remote Usage
		Usr 0 00:00:00, Sys 0 00:00:00  -  Total Local Usage
	0  -  Run Bytes Sent By Job
	0  -  Run Bytes Received By Job
	0  -  Total Bytes Sent By Job
	0  -  Total Bytes Received By Job
...
