000 (1753813.000.000) 11/14 02:16:47 Job submitted from host: <130.199.206.69:49450>
...
001 (1753813.000.000) 11/14 08:04:02 Job executing on host: <130.199.180.166:41628>
...
006 (1753813.000.000) 11/14 08:04:11 Image size of job updated: 145372
...
006 (1753813.000.000) 11/14 08:09:12 Image size of job updated: 284448
...
006 (1753813.000.000) 11/14 08:14:13 Image size of job updated: 285532
...
006 (1753813.000.000) 11/14 08:29:16 Image size of job updated: 286296
...
006 (1753813.000.000) 11/14 08:34:17 Image size of job updated: 287752
...
006 (1753813.000.000) 11/14 08:44:19 Image size of job updated: 287832
...
006 (1753813.000.000) 11/14 08:49:20 Image size of job updated: 290556
...
006 (1753813.000.000) 11/14 09:04:23 Image size of job updated: 291108
...
006 (1753813.000.000) 11/14 09:09:24 Image size of job updated: 291400
...
006 (1753813.000.000) 11/14 09:24:27 Image size of job updated: 291764
...
006 (1753813.000.000) 11/14 09:44:31 Image size of job updated: 292768
...
006 (1753813.000.000) 11/14 09:49:32 Image size of job updated: 298976
...
006 (1753813.000.000) 11/14 09:54:33 Image size of job updated: 300672
...
006 (1753813.000.000) 11/14 10:14:37 Image size of job updated: 300684
...
006 (1753813.000.000) 11/14 10:24:39 Image size of job updated: 300696
...
006 (1753813.000.000) 11/14 10:34:41 Image size of job updated: 301044
...
006 (1753813.000.000) 11/14 10:44:41 Image size of job updated: 301436
...
005 (1753813.000.000) 11/14 10:46:57 Job terminated.
	(1) Normal termination (return value 0)
		Usr 0 02:28:23, Sys 0 00:01:11  -  Run Remote Usage
		Usr 0 00:00:00, Sys 0 00:00:00  -  Run Local Usage
		Usr 0 02:28:23, Sys 0 00:01:11  -  Total Remote Usage
		Usr 0 00:00:00, Sys 0 00:00:00  -  Total Local Usage
	0  -  Run Bytes Sent By Job
	0  -  Run Bytes Received By Job
	0  -  Total Bytes Sent By Job
	0  -  Total Bytes Received By Job
...
