000 (1754610.000.000) 11/14 02:18:46 Job submitted from host: <130.199.206.69:49450>
...
001 (1754610.000.000) 11/14 05:22:25 Job executing on host: <130.199.183.23:36199>
...
006 (1754610.000.000) 11/14 05:22:34 Image size of job updated: 175696
...
006 (1754610.000.000) 11/14 05:27:35 Image size of job updated: 284320
...
006 (1754610.000.000) 11/14 05:32:36 Image size of job updated: 285036
...
006 (1754610.000.000) 11/14 05:37:37 Image size of job updated: 286044
...
006 (1754610.000.000) 11/14 05:42:38 Image size of job updated: 286376
...
006 (1754610.000.000) 11/14 05:47:39 Image size of job updated: 287032
...
006 (1754610.000.000) 11/14 05:52:40 Image size of job updated: 288192
...
006 (1754610.000.000) 11/14 05:57:41 Image size of job updated: 288600
...
006 (1754610.000.000) 11/14 06:02:42 Image size of job updated: 290452
...
006 (1754610.000.000) 11/14 06:07:43 Image size of job updated: 291136
...
006 (1754610.000.000) 11/14 06:12:44 Image size of job updated: 291508
...
006 (1754610.000.000) 11/14 06:17:45 Image size of job updated: 292800
...
006 (1754610.000.000) 11/14 06:22:46 Image size of job updated: 293032
...
006 (1754610.000.000) 11/14 06:32:48 Image size of job updated: 293072
...
006 (1754610.000.000) 11/14 06:37:49 Image size of job updated: 293252
...
006 (1754610.000.000) 11/14 06:42:50 Image size of job updated: 293796
...
006 (1754610.000.000) 11/14 06:57:53 Image size of job updated: 294036
...
006 (1754610.000.000) 11/14 07:07:55 Image size of job updated: 294644
...
006 (1754610.000.000) 11/14 07:12:56 Image size of job updated: 295012
...
006 (1754610.000.000) 11/14 07:53:04 Image size of job updated: 295748
...
006 (1754610.000.000) 11/14 08:28:11 Image size of job updated: 296276
...
006 (1754610.000.000) 11/14 09:08:19 Image size of job updated: 298360
...
006 (1754610.000.000) 11/14 09:23:22 Image size of job updated: 298452
...
006 (1754610.000.000) 11/14 09:28:23 Image size of job updated: 298520
...
006 (1754610.000.000) 11/14 09:33:24 Image size of job updated: 298772
...
006 (1754610.000.000) 11/14 09:43:26 Image size of job updated: 299360
...
006 (1754610.000.000) 11/14 09:48:27 Image size of job updated: 299512
...
006 (1754610.000.000) 11/14 09:53:28 Image size of job updated: 311444
...
005 (1754610.000.000) 11/14 09:53:48 Job terminated.
	(1) Normal termination (return value 0)
		Usr 0 04:08:21, Sys 0 00:02:02  -  Run Remote Usage
		Usr 0 00:00:00, Sys 0 00:00:00  -  Run Local Usage
		Usr 0 04:08:21, Sys 0 00:02:02  -  Total Remote Usage
		Usr 0 00:00:00, Sys 0 00:00:00  -  Total Local Usage
	0  -  Run Bytes Sent By Job
	0  -  Run Bytes Received By Job
	0  -  Total Bytes Sent By Job
	0  -  Total Bytes Received By Job
...
