000 (1755173.000.000) 11/14 02:19:54 Job submitted from host: <130.199.206.69:49450>
...
001 (1755173.000.000) 11/15 18:53:12 Job executing on host: <130.199.183.27:54138>
...
006 (1755173.000.000) 11/15 18:58:22 Image size of job updated: 283600
...
006 (1755173.000.000) 11/15 19:03:23 Image size of job updated: 287468
...
006 (1755173.000.000) 11/15 19:08:24 Image size of job updated: 288108
...
006 (1755173.000.000) 11/15 19:23:27 Image size of job updated: 288676
...
006 (1755173.000.000) 11/15 19:33:29 Image size of job updated: 291208
...
006 (1755173.000.000) 11/15 19:43:31 Image size of job updated: 292732
...
006 (1755173.000.000) 11/15 19:53:33 Image size of job updated: 295928
...
006 (1755173.000.000) 11/15 19:58:34 Image size of job updated: 296160
...
006 (1755173.000.000) 11/15 20:03:35 Image size of job updated: 296472
...
006 (1755173.000.000) 11/15 20:08:36 Image size of job updated: 296828
...
006 (1755173.000.000) 11/15 20:13:37 Image size of job updated: 297328
...
006 (1755173.000.000) 11/15 20:33:41 Image size of job updated: 298068
...
006 (1755173.000.000) 11/15 20:38:42 Image size of job updated: 298384
...
006 (1755173.000.000) 11/15 20:43:43 Image size of job updated: 298844
...
006 (1755173.000.000) 11/15 20:53:45 Image size of job updated: 299260
...
006 (1755173.000.000) 11/15 20:58:46 Image size of job updated: 299408
...
005 (1755173.000.000) 11/15 21:30:05 Job terminated.
	(1) Normal termination (return value 0)
		Usr 0 02:21:29, Sys 0 00:01:22  -  Run Remote Usage
		Usr 0 00:00:00, Sys 0 00:00:00  -  Run Local Usage
		Usr 0 02:21:29, Sys 0 00:01:22  -  Total Remote Usage
		Usr 0 00:00:00, Sys 0 00:00:00  -  Total Local Usage
	0  -  Run Bytes Sent By Job
	0  -  Run Bytes Received By Job
	0  -  Total Bytes Sent By Job
	0  -  Total Bytes Received By Job
...
