000 (1755152.000.000) 11/14 02:19:46 Job submitted from host: <130.199.206.69:49450>
...
001 (1755152.000.000) 11/15 18:45:58 Job executing on host: <130.199.207.31:33785>
...
006 (1755152.000.000) 11/15 18:51:06 Image size of job updated: 284448
...
006 (1755152.000.000) 11/15 18:56:06 Image size of job updated: 302448
...
006 (1755152.000.000) 11/15 19:01:06 Image size of job updated: 318848
...
006 (1755152.000.000) 11/15 19:06:06 Image size of job updated: 326016
...
006 (1755152.000.000) 11/15 19:16:07 Image size of job updated: 327040
...
006 (1755152.000.000) 11/15 19:31:10 Image size of job updated: 330116
...
006 (1755152.000.000) 11/15 19:36:11 Image size of job updated: 332164
...
006 (1755152.000.000) 11/15 19:46:13 Image size of job updated: 337292
...
006 (1755152.000.000) 11/15 19:56:15 Image size of job updated: 338316
...
006 (1755152.000.000) 11/15 20:01:16 Image size of job updated: 339340
...
006 (1755152.000.000) 11/15 20:16:17 Image size of job updated: 340364
...
006 (1755152.000.000) 11/15 20:31:17 Image size of job updated: 341388
...
006 (1755152.000.000) 11/15 20:41:17 Image size of job updated: 342412
...
005 (1755152.000.000) 11/15 21:08:27 Job terminated.
	(1) Normal termination (return value 0)
		Usr 0 02:09:32, Sys 0 00:00:55  -  Run Remote Usage
		Usr 0 00:00:00, Sys 0 00:00:00  -  Run Local Usage
		Usr 0 02:09:32, Sys 0 00:00:55  -  Total Remote Usage
		Usr 0 00:00:00, Sys 0 00:00:00  -  Total Local Usage
	0  -  Run Bytes Sent By Job
	0  -  Run Bytes Received By Job
	0  -  Total Bytes Sent By Job
	0  -  Total Bytes Received By Job
...
