000 (1754450.000.000) 11/14 02:18:20 Job submitted from host: <130.199.206.69:49450>
...
001 (1754450.000.000) 11/14 05:29:57 Job executing on host: <130.199.180.150:41617>
...
006 (1754450.000.000) 11/14 05:35:05 Image size of job updated: 282996
...
006 (1754450.000.000) 11/14 05:40:05 Image size of job updated: 284416
...
006 (1754450.000.000) 11/14 05:45:05 Image size of job updated: 285876
...
006 (1754450.000.000) 11/14 06:00:05 Image size of job updated: 286184
...
006 (1754450.000.000) 11/14 06:10:05 Image size of job updated: 286740
...
006 (1754450.000.000) 11/14 06:20:05 Image size of job updated: 286876
...
006 (1754450.000.000) 11/14 06:25:05 Image size of job updated: 287300
...
006 (1754450.000.000) 11/14 06:30:05 Image size of job updated: 287624
...
006 (1754450.000.000) 11/14 06:40:07 Image size of job updated: 289532
...
006 (1754450.000.000) 11/14 06:45:08 Image size of job updated: 289868
...
006 (1754450.000.000) 11/14 06:50:09 Image size of job updated: 290636
...
006 (1754450.000.000) 11/14 07:05:12 Image size of job updated: 295760
...
006 (1754450.000.000) 11/14 07:10:13 Image size of job updated: 299864
...
006 (1754450.000.000) 11/14 07:15:14 Image size of job updated: 326492
...
005 (1754450.000.000) 11/14 07:17:25 Job terminated.
	(1) Normal termination (return value 0)
		Usr 0 01:08:37, Sys 0 00:00:32  -  Run Remote Usage
		Usr 0 00:00:00, Sys 0 00:00:00  -  Run Local Usage
		Usr 0 01:08:37, Sys 0 00:00:32  -  Total Remote Usage
		Usr 0 00:00:00, Sys 0 00:00:00  -  Total Local Usage
	0  -  Run Bytes Sent By Job
	0  -  Run Bytes Received By Job
	0  -  Total Bytes Sent By Job
	0  -  Total Bytes Received By Job
...
