000 (1754466.000.000) 11/14 02:18:20 Job submitted from host: <130.199.206.69:49450>
...
001 (1754466.000.000) 11/14 05:44:02 Job executing on host: <130.199.180.148:39203>
...
006 (1754466.000.000) 11/14 05:44:10 Image size of job updated: 174076
...
006 (1754466.000.000) 11/14 05:49:10 Image size of job updated: 278428
...
006 (1754466.000.000) 11/14 05:54:10 Image size of job updated: 290500
...
006 (1754466.000.000) 11/14 05:59:10 Image size of job updated: 292280
...
006 (1754466.000.000) 11/14 06:04:10 Image size of job updated: 292844
...
006 (1754466.000.000) 11/14 06:09:10 Image size of job updated: 292900
...
006 (1754466.000.000) 11/14 06:14:10 Image size of job updated: 295116
...
006 (1754466.000.000) 11/14 06:19:10 Image size of job updated: 295416
...
006 (1754466.000.000) 11/14 06:24:10 Image size of job updated: 297968
...
006 (1754466.000.000) 11/14 06:29:10 Image size of job updated: 298420
...
006 (1754466.000.000) 11/14 06:34:10 Image size of job updated: 298452
...
006 (1754466.000.000) 11/14 06:39:10 Image size of job updated: 298840
...
006 (1754466.000.000) 11/14 06:44:10 Image size of job updated: 299572
...
006 (1754466.000.000) 11/14 07:09:13 Image size of job updated: 300280
...
006 (1754466.000.000) 11/14 07:14:14 Image size of job updated: 300292
...
006 (1754466.000.000) 11/14 07:19:15 Image size of job updated: 301016
...
006 (1754466.000.000) 11/14 07:29:17 Image size of job updated: 301248
...
005 (1754466.000.000) 11/14 07:45:02 Job terminated.
	(1) Normal termination (return value 0)
		Usr 0 01:51:51, Sys 0 00:01:03  -  Run Remote Usage
		Usr 0 00:00:00, Sys 0 00:00:00  -  Run Local Usage
		Usr 0 01:51:51, Sys 0 00:01:03  -  Total Remote Usage
		Usr 0 00:00:00, Sys 0 00:00:00  -  Total Local Usage
	0  -  Run Bytes Sent By Job
	0  -  Run Bytes Received By Job
	0  -  Total Bytes Sent By Job
	0  -  Total Bytes Received By Job
...
