000 (1754097.000.000) 11/14 02:17:37 Job submitted from host: <130.199.206.69:49450>
...
001 (1754097.000.000) 11/14 05:03:50 Job executing on host: <130.199.180.148:39203>
...
006 (1754097.000.000) 11/14 05:03:58 Image size of job updated: 72664
...
006 (1754097.000.000) 11/14 05:08:58 Image size of job updated: 310980
...
006 (1754097.000.000) 11/14 05:13:58 Image size of job updated: 323272
...
006 (1754097.000.000) 11/14 05:18:58 Image size of job updated: 328392
...
006 (1754097.000.000) 11/14 05:23:58 Image size of job updated: 330440
...
006 (1754097.000.000) 11/14 05:28:58 Image size of job updated: 334536
...
005 (1754097.000.000) 11/14 05:34:28 Job terminated.
	(1) Normal termination (return value 0)
		Usr 0 00:27:00, Sys 0 00:00:18  -  Run Remote Usage
		Usr 0 00:00:00, Sys 0 00:00:00  -  Run Local Usage
		Usr 0 00:27:00, Sys 0 00:00:18  -  Total Remote Usage
		Usr 0 00:00:00, Sys 0 00:00:00  -  Total Local Usage
	0  -  Run Bytes Sent By Job
	0  -  Run Bytes Received By Job
	0  -  Total Bytes Sent By Job
	0  -  Total Bytes Received By Job
...
