000 (1754054.000.000) 11/14 02:17:22 Job submitted from host: <130.199.206.69:49450>
...
001 (1754054.000.000) 11/14 04:34:44 Job executing on host: <130.199.183.4:60279>
...
006 (1754054.000.000) 11/14 04:34:53 Image size of job updated: 182404
...
006 (1754054.000.000) 11/14 04:39:54 Image size of job updated: 285148
...
006 (1754054.000.000) 11/14 04:44:55 Image size of job updated: 286356
...
006 (1754054.000.000) 11/14 04:54:57 Image size of job updated: 287828
...
006 (1754054.000.000) 11/14 04:59:58 Image size of job updated: 288504
...
006 (1754054.000.000) 11/14 05:04:59 Image size of job updated: 289240
...
006 (1754054.000.000) 11/14 05:15:01 Image size of job updated: 289764
...
006 (1754054.000.000) 11/14 05:20:02 Image size of job updated: 290312
...
006 (1754054.000.000) 11/14 05:25:03 Image size of job updated: 291076
...
006 (1754054.000.000) 11/14 05:45:07 Image size of job updated: 291712
...
006 (1754054.000.000) 11/14 06:00:10 Image size of job updated: 291764
...
006 (1754054.000.000) 11/14 06:10:12 Image size of job updated: 292196
...
006 (1754054.000.000) 11/14 06:15:13 Image size of job updated: 292804
...
006 (1754054.000.000) 11/14 06:25:15 Image size of job updated: 328120
...
006 (1754054.000.000) 11/14 06:30:15 Image size of job updated: 336312
...
006 (1754054.000.000) 11/14 06:35:15 Image size of job updated: 337336
...
006 (1754054.000.000) 11/14 06:40:15 Image size of job updated: 340408
...
006 (1754054.000.000) 11/14 06:45:15 Image size of job updated: 341432
...
006 (1754054.000.000) 11/14 07:05:15 Image size of job updated: 343480
...
006 (1754054.000.000) 11/14 07:50:15 Image size of job updated: 344504
...
006 (1754054.000.000) 11/14 07:55:15 Image size of job updated: 346552
...
006 (1754054.000.000) 11/14 08:15:15 Image size of job updated: 353844
...
005 (1754054.000.000) 11/14 08:55:04 Job terminated.
	(1) Normal termination (return value 0)
		Usr 0 03:55:16, Sys 0 00:01:31  -  Run Remote Usage
		Usr 0 00:00:00, Sys 0 00:00:00  -  Run Local Usage
		Usr 0 03:55:16, Sys 0 00:01:31  -  Total Remote Usage
		Usr 0 00:00:00, Sys 0 00:00:00  -  Total Local Usage
	0  -  Run Bytes Sent By Job
	0  -  Run Bytes Received By Job
	0  -  Total Bytes Sent By Job
	0  -  Total Bytes Received By Job
...
