000 (1754271.000.000) 11/14 02:18:07 Job submitted from host: <130.199.206.69:49450>
...
001 (1754271.000.000) 11/14 07:13:25 Job executing on host: <130.199.180.171:36907>
...
006 (1754271.000.000) 11/14 07:13:33 Image size of job updated: 142640
...
006 (1754271.000.000) 11/14 07:18:33 Image size of job updated: 280032
...
006 (1754271.000.000) 11/14 07:23:33 Image size of job updated: 282180
...
006 (1754271.000.000) 11/14 07:28:33 Image size of job updated: 283040
...
006 (1754271.000.000) 11/14 07:43:33 Image size of job updated: 286132
...
006 (1754271.000.000) 11/14 07:53:33 Image size of job updated: 294844
...
006 (1754271.000.000) 11/14 07:58:33 Image size of job updated: 297208
...
006 (1754271.000.000) 11/14 08:03:33 Image size of job updated: 297936
...
006 (1754271.000.000) 11/14 08:08:33 Image size of job updated: 299880
...
006 (1754271.000.000) 11/14 08:13:33 Image size of job updated: 300984
...
006 (1754271.000.000) 11/14 08:18:33 Image size of job updated: 301136
...
006 (1754271.000.000) 11/14 08:23:33 Image size of job updated: 301196
...
005 (1754271.000.000) 11/14 08:30:41 Job terminated.
	(1) Normal termination (return value 0)
		Usr 0 01:10:09, Sys 0 00:00:27  -  Run Remote Usage
		Usr 0 00:00:00, Sys 0 00:00:00  -  Run Local Usage
		Usr 0 01:10:09, Sys 0 00:00:27  -  Total Remote Usage
		Usr 0 00:00:00, Sys 0 00:00:00  -  Total Local Usage
	0  -  Run Bytes Sent By Job
	0  -  Run Bytes Received By Job
	0  -  Total Bytes Sent By Job
	0  -  Total Bytes Received By Job
...
