000 (1754887.000.000) 11/14 02:19:27 Job submitted from host: <130.199.206.69:49450>
...
001 (1754887.000.000) 11/15 10:51:05 Job executing on host: <130.199.180.145:42379>
...
006 (1754887.000.000) 11/15 10:51:14 Image size of job updated: 8820
...
006 (1754887.000.000) 11/15 10:56:15 Image size of job updated: 173752
...
006 (1754887.000.000) 11/15 11:01:16 Image size of job updated: 175484
...
006 (1754887.000.000) 11/15 11:06:17 Image size of job updated: 283436
...
006 (1754887.000.000) 11/15 11:11:18 Image size of job updated: 284128
...
006 (1754887.000.000) 11/15 11:16:19 Image size of job updated: 284944
...
006 (1754887.000.000) 11/15 11:21:20 Image size of job updated: 293012
...
006 (1754887.000.000) 11/15 11:26:21 Image size of job updated: 295120
...
006 (1754887.000.000) 11/15 11:31:22 Image size of job updated: 297396
...
006 (1754887.000.000) 11/15 11:36:23 Image size of job updated: 321320
...
006 (1754887.000.000) 11/15 11:41:24 Image size of job updated: 333608
...
006 (1754887.000.000) 11/15 11:46:25 Image size of job updated: 339752
...
006 (1754887.000.000) 11/15 11:51:26 Image size of job updated: 343848
...
006 (1754887.000.000) 11/15 11:56:27 Image size of job updated: 344872
...
006 (1754887.000.000) 11/15 12:01:28 Image size of job updated: 346920
...
006 (1754887.000.000) 11/15 12:26:33 Image size of job updated: 347944
...
006 (1754887.000.000) 11/15 12:36:35 Image size of job updated: 348968
...
005 (1754887.000.000) 11/15 12:48:56 Job terminated.
	(1) Normal termination (return value 0)
		Usr 0 01:38:01, Sys 0 00:00:46  -  Run Remote Usage
		Usr 0 00:00:00, Sys 0 00:00:00  -  Run Local Usage
		Usr 0 01:38:01, Sys 0 00:00:46  -  Total Remote Usage
		Usr 0 00:00:00, Sys 0 00:00:00  -  Total Local Usage
	0  -  Run Bytes Sent By Job
	0  -  Run Bytes Received By Job
	0  -  Total Bytes Sent By Job
	0  -  Total Bytes Received By Job
...
