000 (1754247.000.000) 11/14 02:17:52 Job submitted from host: <130.199.206.69:49450>
...
001 (1754247.000.000) 11/14 05:11:31 Job executing on host: <130.199.180.139:35175>
...
006 (1754247.000.000) 11/14 05:16:39 Image size of job updated: 285128
...
006 (1754247.000.000) 11/14 05:21:39 Image size of job updated: 286592
...
006 (1754247.000.000) 11/14 05:26:39 Image size of job updated: 286972
...
006 (1754247.000.000) 11/14 05:56:39 Image size of job updated: 289124
...
006 (1754247.000.000) 11/14 06:01:39 Image size of job updated: 290832
...
006 (1754247.000.000) 11/14 06:06:39 Image size of job updated: 291204
...
006 (1754247.000.000) 11/14 06:11:39 Image size of job updated: 291652
...
006 (1754247.000.000) 11/14 06:16:39 Image size of job updated: 292764
...
006 (1754247.000.000) 11/14 06:21:39 Image size of job updated: 292852
...
006 (1754247.000.000) 11/14 06:36:39 Image size of job updated: 293232
...
006 (1754247.000.000) 11/14 06:51:39 Image size of job updated: 293436
...
006 (1754247.000.000) 11/14 07:01:39 Image size of job updated: 296952
...
005 (1754247.000.000) 11/14 07:04:17 Job terminated.
	(1) Normal termination (return value 0)
		Usr 0 01:41:58, Sys 0 00:00:54  -  Run Remote Usage
		Usr 0 00:00:00, Sys 0 00:00:00  -  Run Local Usage
		Usr 0 01:41:58, Sys 0 00:00:54  -  Total Remote Usage
		Usr 0 00:00:00, Sys 0 00:00:00  -  Total Local Usage
	0  -  Run Bytes Sent By Job
	0  -  Run Bytes Received By Job
	0  -  Total Bytes Sent By Job
	0  -  Total Bytes Received By Job
...
