000 (1753862.000.000) 11/14 02:16:47 Job submitted from host: <130.199.206.69:49450>
...
001 (1753862.000.000) 11/14 06:30:23 Job executing on host: <130.199.183.25:50471>
...
006 (1753862.000.000) 11/14 06:30:32 Image size of job updated: 174212
...
006 (1753862.000.000) 11/14 06:35:32 Image size of job updated: 282016
...
006 (1753862.000.000) 11/14 06:40:32 Image size of job updated: 284484
...
006 (1753862.000.000) 11/14 07:10:32 Image size of job updated: 286268
...
006 (1753862.000.000) 11/14 07:15:32 Image size of job updated: 286964
...
006 (1753862.000.000) 11/14 07:20:32 Image size of job updated: 289240
...
006 (1753862.000.000) 11/14 07:30:32 Image size of job updated: 291292
...
006 (1753862.000.000) 11/14 07:35:32 Image size of job updated: 291852
...
006 (1753862.000.000) 11/14 07:40:32 Image size of job updated: 292032
...
006 (1753862.000.000) 11/14 07:45:32 Image size of job updated: 292740
...
006 (1753862.000.000) 11/14 07:55:32 Image size of job updated: 293172
...
006 (1753862.000.000) 11/14 08:00:32 Image size of job updated: 293316
...
006 (1753862.000.000) 11/14 08:05:32 Image size of job updated: 293604
...
006 (1753862.000.000) 11/14 08:30:32 Image size of job updated: 293664
...
006 (1753862.000.000) 11/14 08:35:32 Image size of job updated: 293828
...
006 (1753862.000.000) 11/14 08:40:32 Image size of job updated: 293960
...
006 (1753862.000.000) 11/14 08:45:32 Image size of job updated: 294152
...
006 (1753862.000.000) 11/14 08:55:32 Image size of job updated: 294416
...
006 (1753862.000.000) 11/14 09:15:32 Image size of job updated: 295000
...
006 (1753862.000.000) 11/14 09:20:32 Image size of job updated: 295008
...
005 (1753862.000.000) 11/14 09:54:40 Job terminated.
	(1) Normal termination (return value 0)
		Usr 0 03:07:22, Sys 0 00:01:10  -  Run Remote Usage
		Usr 0 00:00:00, Sys 0 00:00:00  -  Run Local Usage
		Usr 0 03:07:22, Sys 0 00:01:10  -  Total Remote Usage
		Usr 0 00:00:00, Sys 0 00:00:00  -  Total Local Usage
	0  -  Run Bytes Sent By Job
	0  -  Run Bytes Received By Job
	0  -  Total Bytes Sent By Job
	0  -  Total Bytes Received By Job
...
