000 (1754926.000.000) 11/14 02:19:27 Job submitted from host: <130.199.206.69:49450>
...
001 (1754926.000.000) 11/15 12:36:57 Job executing on host: <130.199.206.203:48345>
...
006 (1754926.000.000) 11/15 12:37:06 Image size of job updated: 173896
...
006 (1754926.000.000) 11/15 12:42:07 Image size of job updated: 284988
...
006 (1754926.000.000) 11/15 12:47:08 Image size of job updated: 285892
...
006 (1754926.000.000) 11/15 12:52:08 Image size of job updated: 286884
...
006 (1754926.000.000) 11/15 12:57:08 Image size of job updated: 287724
...
006 (1754926.000.000) 11/15 13:02:08 Image size of job updated: 290420
...
006 (1754926.000.000) 11/15 13:07:08 Image size of job updated: 290776
...
006 (1754926.000.000) 11/15 13:12:08 Image size of job updated: 291456
...
006 (1754926.000.000) 11/15 13:22:08 Image size of job updated: 291552
...
006 (1754926.000.000) 11/15 13:27:08 Image size of job updated: 291816
...
006 (1754926.000.000) 11/15 13:32:08 Image size of job updated: 292788
...
006 (1754926.000.000) 11/15 13:42:08 Image size of job updated: 293568
...
006 (1754926.000.000) 11/15 13:47:08 Image size of job updated: 293812
...
006 (1754926.000.000) 11/15 13:57:08 Image size of job updated: 294636
...
006 (1754926.000.000) 11/15 14:02:08 Image size of job updated: 294876
...
006 (1754926.000.000) 11/15 14:12:08 Image size of job updated: 295184
...
006 (1754926.000.000) 11/15 14:17:08 Image size of job updated: 295404
...
006 (1754926.000.000) 11/15 14:22:08 Image size of job updated: 296052
...
006 (1754926.000.000) 11/15 14:32:08 Image size of job updated: 296916
...
006 (1754926.000.000) 11/15 14:57:08 Image size of job updated: 297176
...
005 (1754926.000.000) 11/15 15:02:59 Job terminated.
	(1) Normal termination (return value 0)
		Usr 0 02:07:06, Sys 0 00:00:29  -  Run Remote Usage
		Usr 0 00:00:00, Sys 0 00:00:00  -  Run Local Usage
		Usr 0 02:07:06, Sys 0 00:00:29  -  Total Remote Usage
		Usr 0 00:00:00, Sys 0 00:00:00  -  Total Local Usage
	0  -  Run Bytes Sent By Job
	0  -  Run Bytes Received By Job
	0  -  Total Bytes Sent By Job
	0  -  Total Bytes Received By Job
...
