000 (1755047.000.000) 11/14 02:19:38 Job submitted from host: <130.199.206.69:49450>
...
001 (1755047.000.000) 11/15 12:52:59 Job executing on host: <130.199.180.168:57296>
...
006 (1755047.000.000) 11/15 12:53:07 Image size of job updated: 141584
...
006 (1755047.000.000) 11/15 12:58:07 Image size of job updated: 284068
...
006 (1755047.000.000) 11/15 13:03:07 Image size of job updated: 285420
...
006 (1755047.000.000) 11/15 13:08:07 Image size of job updated: 287708
...
006 (1755047.000.000) 11/15 13:18:07 Image size of job updated: 289060
...
006 (1755047.000.000) 11/15 13:23:07 Image size of job updated: 289180
...
006 (1755047.000.000) 11/15 13:28:07 Image size of job updated: 289704
...
006 (1755047.000.000) 11/15 13:38:07 Image size of job updated: 290324
...
006 (1755047.000.000) 11/15 13:43:07 Image size of job updated: 291592
...
006 (1755047.000.000) 11/15 13:48:07 Image size of job updated: 309000
...
006 (1755047.000.000) 11/15 13:53:07 Image size of job updated: 320264
...
006 (1755047.000.000) 11/15 13:58:07 Image size of job updated: 329480
...
006 (1755047.000.000) 11/15 14:03:07 Image size of job updated: 334600
...
006 (1755047.000.000) 11/15 14:08:07 Image size of job updated: 335624
...
006 (1755047.000.000) 11/15 14:13:07 Image size of job updated: 337672
...
006 (1755047.000.000) 11/15 14:33:07 Image size of job updated: 341768
...
006 (1755047.000.000) 11/15 14:43:07 Image size of job updated: 342792
...
006 (1755047.000.000) 11/15 14:53:07 Image size of job updated: 343816
...
006 (1755047.000.000) 11/15 15:38:07 Image size of job updated: 344840
...
006 (1755047.000.000) 11/15 16:33:16 Image size of job updated: 345864
...
006 (1755047.000.000) 11/15 17:38:29 Image size of job updated: 346888
...
005 (1755047.000.000) 11/15 17:38:44 Job terminated.
	(1) Normal termination (return value 0)
		Usr 0 02:51:53, Sys 0 00:01:57  -  Run Remote Usage
		Usr 0 00:00:00, Sys 0 00:00:00  -  Run Local Usage
		Usr 0 02:51:53, Sys 0 00:01:57  -  Total Remote Usage
		Usr 0 00:00:00, Sys 0 00:00:00  -  Total Local Usage
	0  -  Run Bytes Sent By Job
	0  -  Run Bytes Received By Job
	0  -  Total Bytes Sent By Job
	0  -  Total Bytes Received By Job
...
