000 (1755450.000.000) 11/14 02:20:10 Job submitted from host: <130.199.206.69:49450>
...
001 (1755450.000.000) 11/15 17:28:15 Job executing on host: <130.199.180.152:59096>
...
006 (1755450.000.000) 11/15 17:28:24 Image size of job updated: 173640
...
006 (1755450.000.000) 11/15 17:33:25 Image size of job updated: 285760
...
006 (1755450.000.000) 11/15 17:38:26 Image size of job updated: 319584
...
006 (1755450.000.000) 11/15 17:43:26 Image size of job updated: 334956
...
006 (1755450.000.000) 11/15 17:48:26 Image size of job updated: 337004
...
005 (1755450.000.000) 11/15 17:51:23 Job terminated.
	(1) Normal termination (return value 0)
		Usr 0 00:19:42, Sys 0 00:00:15  -  Run Remote Usage
		Usr 0 00:00:00, Sys 0 00:00:00  -  Run Local Usage
		Usr 0 00:19:42, Sys 0 00:00:15  -  Total Remote Usage
		Usr 0 00:00:00, Sys 0 00:00:00  -  Total Local Usage
	0  -  Run Bytes Sent By Job
	0  -  Run Bytes Received By Job
	0  -  Total Bytes Sent By Job
	0  -  Total Bytes Received By Job
...
