000 (1755329.000.000) 11/14 02:20:03 Job submitted from host: <130.199.206.69:49450>
...
001 (1755329.000.000) 11/15 12:42:37 Job executing on host: <130.199.207.42:48949>
...
006 (1755329.000.000) 11/15 12:42:46 Image size of job updated: 255084
...
006 (1755329.000.000) 11/15 12:47:47 Image size of job updated: 285380
...
006 (1755329.000.000) 11/15 12:52:48 Image size of job updated: 297192
...
005 (1755329.000.000) 11/15 12:56:11 Job terminated.
	(1) Normal termination (return value 0)
		Usr 0 00:12:16, Sys 0 00:00:03  -  Run Remote Usage
		Usr 0 00:00:00, Sys 0 00:00:00  -  Run Local Usage
		Usr 0 00:12:16, Sys 0 00:00:03  -  Total Remote Usage
		Usr 0 00:00:00, Sys 0 00:00:00  -  Total Local Usage
	0  -  Run Bytes Sent By Job
	0  -  Run Bytes Received By Job
	0  -  Total Bytes Sent By Job
	0  -  Total Bytes Received By Job
...
