000 (1754520.000.000) 11/14 02:18:34 Job submitted from host: <130.199.206.69:49450>
...
001 (1754520.000.000) 11/14 05:24:26 Job executing on host: <130.199.180.158:55404>
...
006 (1754520.000.000) 11/14 05:24:34 Image size of job updated: 173624
...
006 (1754520.000.000) 11/14 05:29:34 Image size of job updated: 285136
...
006 (1754520.000.000) 11/14 05:34:34 Image size of job updated: 286052
...
006 (1754520.000.000) 11/14 05:44:34 Image size of job updated: 291000
...
006 (1754520.000.000) 11/14 05:49:34 Image size of job updated: 292076
...
006 (1754520.000.000) 11/14 05:54:34 Image size of job updated: 295492
...
006 (1754520.000.000) 11/14 05:59:34 Image size of job updated: 295748
...
006 (1754520.000.000) 11/14 06:04:34 Image size of job updated: 297212
...
006 (1754520.000.000) 11/14 06:24:34 Image size of job updated: 298004
...
006 (1754520.000.000) 11/14 06:44:34 Image size of job updated: 298248
...
006 (1754520.000.000) 11/14 07:04:34 Image size of job updated: 298380
...
006 (1754520.000.000) 11/14 07:14:34 Image size of job updated: 316648
...
006 (1754520.000.000) 11/14 07:19:34 Image size of job updated: 324840
...
006 (1754520.000.000) 11/14 07:24:34 Image size of job updated: 336104
...
006 (1754520.000.000) 11/14 07:29:34 Image size of job updated: 341224
...
006 (1754520.000.000) 11/14 07:34:34 Image size of job updated: 342248
...
006 (1754520.000.000) 11/14 07:49:36 Image size of job updated: 344296
...
006 (1754520.000.000) 11/14 07:54:37 Image size of job updated: 345320
...
005 (1754520.000.000) 11/14 08:00:03 Job terminated.
	(1) Normal termination (return value 0)
		Usr 0 02:23:09, Sys 0 00:01:10  -  Run Remote Usage
		Usr 0 00:00:00, Sys 0 00:00:00  -  Run Local Usage
		Usr 0 02:23:09, Sys 0 00:01:10  -  Total Remote Usage
		Usr 0 00:00:00, Sys 0 00:00:00  -  Total Local Usage
	0  -  Run Bytes Sent By Job
	0  -  Run Bytes Received By Job
	0  -  Total Bytes Sent By Job
	0  -  Total Bytes Received By Job
...
