000 (1754858.000.000) 11/14 02:19:12 Job submitted from host: <130.199.206.69:49450>
...
001 (1754858.000.000) 11/15 05:06:59 Job executing on host: <130.199.180.130:60628>
...
006 (1754858.000.000) 11/15 05:07:08 Image size of job updated: 40164
...
006 (1754858.000.000) 11/15 05:12:09 Image size of job updated: 175564
...
006 (1754858.000.000) 11/15 05:17:10 Image size of job updated: 185508
...
006 (1754858.000.000) 11/15 05:22:11 Image size of job updated: 189580
...
006 (1754858.000.000) 11/15 05:27:12 Image size of job updated: 192796
...
006 (1754858.000.000) 11/15 05:32:13 Image size of job updated: 192816
...
006 (1754858.000.000) 11/15 05:37:14 Image size of job updated: 192832
...
006 (1754858.000.000) 11/15 05:42:15 Image size of job updated: 273644
...
006 (1754858.000.000) 11/15 05:47:16 Image size of job updated: 290528
...
006 (1754858.000.000) 11/15 05:52:17 Image size of job updated: 292596
...
005 (1754858.000.000) 11/15 05:55:04 Job terminated.
	(1) Normal termination (return value 0)
		Usr 0 00:12:12, Sys 0 00:00:10  -  Run Remote Usage
		Usr 0 00:00:00, Sys 0 00:00:00  -  Run Local Usage
		Usr 0 00:12:12, Sys 0 00:00:10  -  Total Remote Usage
		Usr 0 00:00:00, Sys 0 00:00:00  -  Total Local Usage
	0  -  Run Bytes Sent By Job
	0  -  Run Bytes Received By Job
	0  -  Total Bytes Sent By Job
	0  -  Total Bytes Received By Job
...
