000 (1754109.000.000) 11/14 02:17:37 Job submitted from host: <130.199.206.69:49450>
...
001 (1754109.000.000) 11/14 08:33:46 Job executing on host: <130.199.180.155:36902>
...
006 (1754109.000.000) 11/14 08:33:55 Image size of job updated: 174044
...
006 (1754109.000.000) 11/14 08:38:56 Image size of job updated: 284484
...
006 (1754109.000.000) 11/14 08:43:57 Image size of job updated: 286896
...
006 (1754109.000.000) 11/14 08:59:00 Image size of job updated: 286980
...
006 (1754109.000.000) 11/14 09:09:02 Image size of job updated: 287224
...
006 (1754109.000.000) 11/14 09:29:06 Image size of job updated: 287844
...
006 (1754109.000.000) 11/14 09:34:07 Image size of job updated: 288096
...
006 (1754109.000.000) 11/14 09:39:08 Image size of job updated: 288688
...
006 (1754109.000.000) 11/14 09:44:09 Image size of job updated: 289604
...
006 (1754109.000.000) 11/14 09:49:10 Image size of job updated: 290756
...
006 (1754109.000.000) 11/14 09:54:11 Image size of job updated: 291048
...
006 (1754109.000.000) 11/14 10:34:19 Image size of job updated: 291076
...
006 (1754109.000.000) 11/14 10:39:20 Image size of job updated: 291268
...
006 (1754109.000.000) 11/14 10:49:22 Image size of job updated: 291952
...
006 (1754109.000.000) 11/14 11:29:29 Image size of job updated: 292004
...
006 (1754109.000.000) 11/14 11:39:29 Image size of job updated: 292032
...
006 (1754109.000.000) 11/14 11:44:29 Image size of job updated: 293964
...
006 (1754109.000.000) 11/14 11:49:29 Image size of job updated: 294372
...
006 (1754109.000.000) 11/14 11:59:29 Image size of job updated: 294488
...
006 (1754109.000.000) 11/14 12:04:29 Image size of job updated: 295296
...
006 (1754109.000.000) 11/14 12:19:29 Image size of job updated: 297156
...
006 (1754109.000.000) 11/14 12:44:29 Image size of job updated: 297220
...
006 (1754109.000.000) 11/14 12:49:29 Image size of job updated: 301712
...
006 (1754109.000.000) 11/14 12:54:29 Image size of job updated: 329800
...
006 (1754109.000.000) 11/14 12:59:29 Image size of job updated: 335972
...
006 (1754109.000.000) 11/14 13:04:29 Image size of job updated: 340068
...
006 (1754109.000.000) 11/14 13:09:29 Image size of job updated: 341092
...
005 (1754109.000.000) 11/14 13:14:11 Job terminated.
	(1) Normal termination (return value 0)
		Usr 0 03:02:31, Sys 0 00:01:17  -  Run Remote Usage
		Usr 0 00:00:00, Sys 0 00:00:00  -  Run Local Usage
		Usr 0 03:02:31, Sys 0 00:01:17  -  Total Remote Usage
		Usr 0 00:00:00, Sys 0 00:00:00  -  Total Local Usage
	0  -  Run Bytes Sent By Job
	0  -  Run Bytes Received By Job
	0  -  Total Bytes Sent By Job
	0  -  Total Bytes Received By Job
...
