000 (1754139.000.000) 11/14 02:17:37 Job submitted from host: <130.199.206.69:49450>
...
001 (1754139.000.000) 11/14 04:53:30 Job executing on host: <130.199.180.165:47530>
...
006 (1754139.000.000) 11/14 04:53:38 Image size of job updated: 140728
...
006 (1754139.000.000) 11/14 04:58:38 Image size of job updated: 288468
...
006 (1754139.000.000) 11/14 05:03:38 Image size of job updated: 308788
...
006 (1754139.000.000) 11/14 05:08:38 Image size of job updated: 325172
...
006 (1754139.000.000) 11/14 05:13:38 Image size of job updated: 331088
...
006 (1754139.000.000) 11/14 05:18:38 Image size of job updated: 336208
...
006 (1754139.000.000) 11/14 05:23:38 Image size of job updated: 338256
...
005 (1754139.000.000) 11/14 05:24:51 Job terminated.
	(1) Normal termination (return value 0)
		Usr 0 00:27:47, Sys 0 00:00:16  -  Run Remote Usage
		Usr 0 00:00:00, Sys 0 00:00:00  -  Run Local Usage
		Usr 0 00:27:47, Sys 0 00:00:16  -  Total Remote Usage
		Usr 0 00:00:00, Sys 0 00:00:00  -  Total Local Usage
	0  -  Run Bytes Sent By Job
	0  -  Run Bytes Received By Job
	0  -  Total Bytes Sent By Job
	0  -  Total Bytes Received By Job
...
