000 (1754787.000.000) 11/14 02:19:12 Job submitted from host: <130.199.206.69:49450>
...
001 (1754787.000.000) 11/14 08:53:32 Job executing on host: <130.199.180.177:58002>
...
006 (1754787.000.000) 11/14 08:53:41 Image size of job updated: 8824
...
006 (1754787.000.000) 11/14 08:58:42 Image size of job updated: 283008
...
006 (1754787.000.000) 11/14 09:03:43 Image size of job updated: 457376
...
006 (1754787.000.000) 11/14 09:08:44 Image size of job updated: 466636
...
006 (1754787.000.000) 11/14 09:13:45 Image size of job updated: 468824
...
006 (1754787.000.000) 11/14 09:18:46 Image size of job updated: 471276
...
006 (1754787.000.000) 11/14 09:23:47 Image size of job updated: 474232
...
006 (1754787.000.000) 11/14 09:28:48 Image size of job updated: 474460
...
006 (1754787.000.000) 11/14 09:33:49 Image size of job updated: 476180
...
006 (1754787.000.000) 11/14 09:43:51 Image size of job updated: 478568
...
006 (1754787.000.000) 11/14 09:48:52 Image size of job updated: 478996
...
006 (1754787.000.000) 11/14 09:53:53 Image size of job updated: 479204
...
006 (1754787.000.000) 11/14 10:34:01 Image size of job updated: 479896
...
006 (1754787.000.000) 11/14 10:39:01 Image size of job updated: 480248
...
006 (1754787.000.000) 11/14 10:49:01 Image size of job updated: 480904
...
006 (1754787.000.000) 11/14 10:54:01 Image size of job updated: 481552
...
006 (1754787.000.000) 11/14 11:09:01 Image size of job updated: 481688
...
006 (1754787.000.000) 11/14 11:19:01 Image size of job updated: 489480
...
005 (1754787.000.000) 11/14 11:20:36 Job terminated.
	(1) Normal termination (return value 0)
		Usr 0 02:09:00, Sys 0 00:01:14  -  Run Remote Usage
		Usr 0 00:00:00, Sys 0 00:00:00  -  Run Local Usage
		Usr 0 02:09:00, Sys 0 00:01:14  -  Total Remote Usage
		Usr 0 00:00:00, Sys 0 00:00:00  -  Total Local Usage
	0  -  Run Bytes Sent By Job
	0  -  Run Bytes Received By Job
	0  -  Total Bytes Sent By Job
	0  -  Total Bytes Received By Job
...
