000 (1755282.000.000) 11/14 02:20:03 Job submitted from host: <130.199.206.69:49450>
...
001 (1755282.000.000) 11/15 12:37:25 Job executing on host: <130.199.180.143:49383>
...
006 (1755282.000.000) 11/15 12:37:33 Image size of job updated: 145492
...
006 (1755282.000.000) 11/15 12:42:33 Image size of job updated: 283876
...
006 (1755282.000.000) 11/15 12:47:33 Image size of job updated: 285376
...
006 (1755282.000.000) 11/15 12:52:33 Image size of job updated: 285860
...
006 (1755282.000.000) 11/15 12:57:33 Image size of job updated: 286508
...
006 (1755282.000.000) 11/15 13:07:34 Image size of job updated: 286784
...
006 (1755282.000.000) 11/15 13:12:35 Image size of job updated: 287560
...
006 (1755282.000.000) 11/15 13:27:38 Image size of job updated: 289860
...
006 (1755282.000.000) 11/15 13:32:39 Image size of job updated: 290812
...
006 (1755282.000.000) 11/15 13:37:40 Image size of job updated: 291772
...
006 (1755282.000.000) 11/15 13:47:42 Image size of job updated: 292608
...
006 (1755282.000.000) 11/15 13:52:43 Image size of job updated: 292752
...
006 (1755282.000.000) 11/15 13:57:44 Image size of job updated: 293292
...
006 (1755282.000.000) 11/15 14:07:46 Image size of job updated: 293464
...
006 (1755282.000.000) 11/15 14:12:47 Image size of job updated: 293728
...
006 (1755282.000.000) 11/15 14:27:50 Image size of job updated: 294072
...
006 (1755282.000.000) 11/15 14:32:51 Image size of job updated: 295320
...
006 (1755282.000.000) 11/15 14:42:53 Image size of job updated: 296064
...
006 (1755282.000.000) 11/15 14:47:54 Image size of job updated: 296704
...
006 (1755282.000.000) 11/15 14:57:56 Image size of job updated: 324696
...
006 (1755282.000.000) 11/15 15:02:57 Image size of job updated: 336984
...
005 (1755282.000.000) 11/15 15:07:03 Job terminated.
	(1) Normal termination (return value 0)
		Usr 0 02:10:43, Sys 0 00:01:30  -  Run Remote Usage
		Usr 0 00:00:00, Sys 0 00:00:00  -  Run Local Usage
		Usr 0 02:10:43, Sys 0 00:01:30  -  Total Remote Usage
		Usr 0 00:00:00, Sys 0 00:00:00  -  Total Local Usage
	0  -  Run Bytes Sent By Job
	0  -  Run Bytes Received By Job
	0  -  Total Bytes Sent By Job
	0  -  Total Bytes Received By Job
...
