000 (1753507.000.000) 11/14 02:15:48 Job submitted from host: <130.199.206.69:49450>
...
001 (1753507.000.000) 11/14 07:43:51 Job executing on host: <130.199.180.158:55404>
...
006 (1753507.000.000) 11/14 07:44:00 Image size of job updated: 150024
...
006 (1753507.000.000) 11/14 07:49:01 Image size of job updated: 283988
...
006 (1753507.000.000) 11/14 07:54:02 Image size of job updated: 286300
...
006 (1753507.000.000) 11/14 07:59:03 Image size of job updated: 286596
...
006 (1753507.000.000) 11/14 08:04:04 Image size of job updated: 287676
...
006 (1753507.000.000) 11/14 08:24:08 Image size of job updated: 288304
...
006 (1753507.000.000) 11/14 08:29:09 Image size of job updated: 290868
...
006 (1753507.000.000) 11/14 08:34:10 Image size of job updated: 292576
...
006 (1753507.000.000) 11/14 09:04:16 Image size of job updated: 292632
...
006 (1753507.000.000) 11/14 09:19:19 Image size of job updated: 292836
...
006 (1753507.000.000) 11/14 09:29:21 Image size of job updated: 293132
...
006 (1753507.000.000) 11/14 09:34:22 Image size of job updated: 293520
...
006 (1753507.000.000) 11/14 09:39:22 Image size of job updated: 294012
...
006 (1753507.000.000) 11/14 10:29:22 Image size of job updated: 294068
...
006 (1753507.000.000) 11/14 10:34:22 Image size of job updated: 294084
...
006 (1753507.000.000) 11/14 10:39:22 Image size of job updated: 294676
...
005 (1753507.000.000) 11/14 10:59:41 Job terminated.
	(1) Normal termination (return value 0)
		Usr 0 02:50:22, Sys 0 00:01:44  -  Run Remote Usage
		Usr 0 00:00:00, Sys 0 00:00:00  -  Run Local Usage
		Usr 0 02:50:22, Sys 0 00:01:44  -  Total Remote Usage
		Usr 0 00:00:00, Sys 0 00:00:00  -  Total Local Usage
	0  -  Run Bytes Sent By Job
	0  -  Run Bytes Received By Job
	0  -  Total Bytes Sent By Job
	0  -  Total Bytes Received By Job
...
