000 (1753436.000.000) 11/14 02:14:53 Job submitted from host: <130.199.206.69:49450>
...
001 (1753436.000.000) 11/14 04:48:59 Job executing on host: <130.199.206.155:60984>
...
006 (1753436.000.000) 11/14 04:54:09 Image size of job updated: 285436
...
006 (1753436.000.000) 11/14 04:59:10 Image size of job updated: 287432
...
006 (1753436.000.000) 11/14 05:04:11 Image size of job updated: 287448
...
006 (1753436.000.000) 11/14 05:09:12 Image size of job updated: 288184
...
006 (1753436.000.000) 11/14 05:14:13 Image size of job updated: 288556
...
006 (1753436.000.000) 11/14 05:19:14 Image size of job updated: 288748
...
006 (1753436.000.000) 11/14 05:24:15 Image size of job updated: 304436
...
006 (1753436.000.000) 11/14 05:29:16 Image size of job updated: 316724
...
006 (1753436.000.000) 11/14 05:34:17 Image size of job updated: 332772
...
006 (1753436.000.000) 11/14 05:39:18 Image size of job updated: 333796
...
006 (1753436.000.000) 11/14 06:34:20 Image size of job updated: 335492
...
006 (1753436.000.000) 11/14 06:39:20 Image size of job updated: 336516
...
006 (1753436.000.000) 11/14 06:44:20 Image size of job updated: 337540
...
006 (1753436.000.000) 11/14 06:54:20 Image size of job updated: 338564
...
006 (1753436.000.000) 11/14 07:14:24 Image size of job updated: 339588
...
006 (1753436.000.000) 11/14 07:34:28 Image size of job updated: 340612
...
006 (1753436.000.000) 11/14 07:44:30 Image size of job updated: 340616
...
006 (1753436.000.000) 11/14 07:49:31 Image size of job updated: 342516
...
006 (1753436.000.000) 11/14 07:54:32 Image size of job updated: 343604
...
006 (1753436.000.000) 11/14 07:59:33 Image size of job updated: 343992
...
006 (1753436.000.000) 11/14 08:19:34 Image size of job updated: 344564
...
005 (1753436.000.000) 11/14 09:06:55 Job terminated.
	(1) Normal termination (return value 0)
		Usr 0 03:17:46, Sys 0 00:00:52  -  Run Remote Usage
		Usr 0 00:00:00, Sys 0 00:00:00  -  Run Local Usage
		Usr 0 03:17:46, Sys 0 00:00:52  -  Total Remote Usage
		Usr 0 00:00:00, Sys 0 00:00:00  -  Total Local Usage
	0  -  Run Bytes Sent By Job
	0  -  Run Bytes Received By Job
	0  -  Total Bytes Sent By Job
	0  -  Total Bytes Received By Job
...
