000 (1753772.000.000) 11/14 02:16:47 Job submitted from host: <130.199.206.69:49450>
...
001 (1753772.000.000) 11/14 07:00:36 Job executing on host: <130.199.206.159:54197>
...
006 (1753772.000.000) 11/14 07:00:44 Image size of job updated: 173684
...
006 (1753772.000.000) 11/14 07:05:44 Image size of job updated: 284192
...
006 (1753772.000.000) 11/14 07:10:44 Image size of job updated: 284332
...
006 (1753772.000.000) 11/14 07:15:44 Image size of job updated: 289880
...
006 (1753772.000.000) 11/14 07:20:44 Image size of job updated: 291964
...
006 (1753772.000.000) 11/14 07:25:44 Image size of job updated: 321248
...
006 (1753772.000.000) 11/14 07:30:44 Image size of job updated: 330840
...
006 (1753772.000.000) 11/14 07:35:44 Image size of job updated: 333912
...
006 (1753772.000.000) 11/14 07:50:44 Image size of job updated: 334492
...
006 (1753772.000.000) 11/14 07:55:44 Image size of job updated: 335516
...
006 (1753772.000.000) 11/14 08:00:44 Image size of job updated: 336540
...
006 (1753772.000.000) 11/14 08:05:44 Image size of job updated: 338588
...
006 (1753772.000.000) 11/14 08:20:46 Image size of job updated: 339612
...
006 (1753772.000.000) 11/14 08:25:47 Image size of job updated: 340636
...
006 (1753772.000.000) 11/14 08:35:49 Image size of job updated: 341660
...
006 (1753772.000.000) 11/14 09:10:56 Image size of job updated: 342416
...
006 (1753772.000.000) 11/14 09:15:57 Image size of job updated: 342660
...
005 (1753772.000.000) 11/14 09:23:04 Job terminated.
	(1) Normal termination (return value 0)
		Usr 0 02:10:15, Sys 0 00:00:35  -  Run Remote Usage
		Usr 0 00:00:00, Sys 0 00:00:00  -  Run Local Usage
		Usr 0 02:10:15, Sys 0 00:00:35  -  Total Remote Usage
		Usr 0 00:00:00, Sys 0 00:00:00  -  Total Local Usage
	0  -  Run Bytes Sent By Job
	0  -  Run Bytes Received By Job
	0  -  Total Bytes Sent By Job
	0  -  Total Bytes Received By Job
...
