000 (1754283.000.000) 11/14 02:18:07 Job submitted from host: <130.199.206.69:49450>
...
001 (1754283.000.000) 11/14 05:12:37 Job executing on host: <130.199.206.56:39403>
...
006 (1754283.000.000) 11/14 05:12:46 Image size of job updated: 174324
...
006 (1754283.000.000) 11/14 05:17:47 Image size of job updated: 284760
...
006 (1754283.000.000) 11/14 05:27:49 Image size of job updated: 285068
...
006 (1754283.000.000) 11/14 05:32:50 Image size of job updated: 285904
...
006 (1754283.000.000) 11/14 05:37:51 Image size of job updated: 287752
...
006 (1754283.000.000) 11/14 05:42:52 Image size of job updated: 291476
...
006 (1754283.000.000) 11/14 05:47:53 Image size of job updated: 293368
...
006 (1754283.000.000) 11/14 05:57:55 Image size of job updated: 293632
...
006 (1754283.000.000) 11/14 06:02:56 Image size of job updated: 294120
...
006 (1754283.000.000) 11/14 06:07:57 Image size of job updated: 294148
...
006 (1754283.000.000) 11/14 06:17:59 Image size of job updated: 294624
...
006 (1754283.000.000) 11/14 06:23:00 Image size of job updated: 295564
...
006 (1754283.000.000) 11/14 06:43:04 Image size of job updated: 295772
...
006 (1754283.000.000) 11/14 06:48:05 Image size of job updated: 296104
...
006 (1754283.000.000) 11/14 06:53:06 Image size of job updated: 297152
...
006 (1754283.000.000) 11/14 06:58:07 Image size of job updated: 300440
...
006 (1754283.000.000) 11/14 07:03:08 Image size of job updated: 301584
...
006 (1754283.000.000) 11/14 07:13:10 Image size of job updated: 301596
...
006 (1754283.000.000) 11/14 07:18:11 Image size of job updated: 335812
...
006 (1754283.000.000) 11/14 07:23:12 Image size of job updated: 344004
...
005 (1754283.000.000) 11/14 07:25:19 Job terminated.
	(1) Normal termination (return value 0)
		Usr 0 02:00:09, Sys 0 00:00:30  -  Run Remote Usage
		Usr 0 00:00:00, Sys 0 00:00:00  -  Run Local Usage
		Usr 0 02:00:09, Sys 0 00:00:30  -  Total Remote Usage
		Usr 0 00:00:00, Sys 0 00:00:00  -  Total Local Usage
	0  -  Run Bytes Sent By Job
	0  -  Run Bytes Received By Job
	0  -  Total Bytes Sent By Job
	0  -  Total Bytes Received By Job
...
