000 (1755343.000.000) 11/14 02:20:03 Job submitted from host: <130.199.206.69:49450>
...
001 (1755343.000.000) 11/15 12:43:12 Job executing on host: <130.199.206.207:52080>
...
006 (1755343.000.000) 11/15 12:43:20 Image size of job updated: 258112
...
006 (1755343.000.000) 11/15 12:48:20 Image size of job updated: 283900
...
006 (1755343.000.000) 11/15 12:53:20 Image size of job updated: 290600
...
006 (1755343.000.000) 11/15 12:58:20 Image size of job updated: 293668
...
006 (1755343.000.000) 11/15 13:03:20 Image size of job updated: 294192
...
006 (1755343.000.000) 11/15 13:08:20 Image size of job updated: 297460
...
006 (1755343.000.000) 11/15 13:13:20 Image size of job updated: 298036
...
005 (1755343.000.000) 11/15 13:22:10 Job terminated.
	(1) Normal termination (return value 0)
		Usr 0 00:35:29, Sys 0 00:00:08  -  Run Remote Usage
		Usr 0 00:00:00, Sys 0 00:00:00  -  Run Local Usage
		Usr 0 00:35:29, Sys 0 00:00:08  -  Total Remote Usage
		Usr 0 00:00:00, Sys 0 00:00:00  -  Total Local Usage
	0  -  Run Bytes Sent By Job
	0  -  Run Bytes Received By Job
	0  -  Total Bytes Sent By Job
	0  -  Total Bytes Received By Job
...
