000 (1754634.000.000) 11/14 02:18:46 Job submitted from host: <130.199.206.69:49450>
...
001 (1754634.000.000) 11/14 05:46:34 Job executing on host: <130.199.180.162:36052>
...
006 (1754634.000.000) 11/14 05:51:44 Image size of job updated: 283076
...
006 (1754634.000.000) 11/14 05:56:45 Image size of job updated: 285740
...
006 (1754634.000.000) 11/14 06:01:46 Image size of job updated: 286144
...
006 (1754634.000.000) 11/14 06:06:47 Image size of job updated: 287360
...
006 (1754634.000.000) 11/14 06:11:48 Image size of job updated: 287968
...
006 (1754634.000.000) 11/14 06:16:49 Image size of job updated: 288180
...
006 (1754634.000.000) 11/14 06:31:49 Image size of job updated: 291100
...
006 (1754634.000.000) 11/14 06:46:49 Image size of job updated: 291884
...
006 (1754634.000.000) 11/14 06:51:49 Image size of job updated: 298224
...
006 (1754634.000.000) 11/14 06:56:49 Image size of job updated: 298508
...
006 (1754634.000.000) 11/14 07:01:49 Image size of job updated: 298936
...
006 (1754634.000.000) 11/14 07:11:49 Image size of job updated: 298952
...
006 (1754634.000.000) 11/14 07:16:49 Image size of job updated: 299596
...
006 (1754634.000.000) 11/14 07:21:49 Image size of job updated: 325448
...
006 (1754634.000.000) 11/14 07:26:49 Image size of job updated: 330568
...
005 (1754634.000.000) 11/14 07:29:44 Job terminated.
	(1) Normal termination (return value 0)
		Usr 0 01:34:37, Sys 0 00:00:48  -  Run Remote Usage
		Usr 0 00:00:00, Sys 0 00:00:00  -  Run Local Usage
		Usr 0 01:34:37, Sys 0 00:00:48  -  Total Remote Usage
		Usr 0 00:00:00, Sys 0 00:00:00  -  Total Local Usage
	0  -  Run Bytes Sent By Job
	0  -  Run Bytes Received By Job
	0  -  Total Bytes Sent By Job
	0  -  Total Bytes Received By Job
...
