000 (1755371.000.000) 11/14 02:20:10 Job submitted from host: <130.199.206.69:49450>
...
001 (1755371.000.000) 11/15 12:45:35 Job executing on host: <130.199.180.130:60628>
...
006 (1755371.000.000) 11/15 12:45:43 Image size of job updated: 173640
...
006 (1755371.000.000) 11/15 12:50:43 Image size of job updated: 284620
...
006 (1755371.000.000) 11/15 12:55:43 Image size of job updated: 287516
...
006 (1755371.000.000) 11/15 13:00:43 Image size of job updated: 293196
...
006 (1755371.000.000) 11/15 13:05:43 Image size of job updated: 294136
...
006 (1755371.000.000) 11/15 13:10:43 Image size of job updated: 297864
...
005 (1755371.000.000) 11/15 13:15:08 Job terminated.
	(1) Normal termination (return value 0)
		Usr 0 00:25:03, Sys 0 00:00:12  -  Run Remote Usage
		Usr 0 00:00:00, Sys 0 00:00:00  -  Run Local Usage
		Usr 0 00:25:03, Sys 0 00:00:12  -  Total Remote Usage
		Usr 0 00:00:00, Sys 0 00:00:00  -  Total Local Usage
	0  -  Run Bytes Sent By Job
	0  -  Run Bytes Received By Job
	0  -  Total Bytes Sent By Job
	0  -  Total Bytes Received By Job
...
