000 (1755034.000.000) 11/14 02:19:38 Job submitted from host: <130.199.206.69:49450>
...
001 (1755034.000.000) 11/15 11:44:52 Job executing on host: <130.199.180.171:36907>
...
006 (1755034.000.000) 11/15 11:45:01 Image size of job updated: 141184
...
006 (1755034.000.000) 11/15 11:50:02 Image size of job updated: 173908
...
006 (1755034.000.000) 11/15 11:55:03 Image size of job updated: 280388
...
006 (1755034.000.000) 11/15 12:00:04 Image size of job updated: 283856
...
006 (1755034.000.000) 11/15 12:10:06 Image size of job updated: 286752
...
006 (1755034.000.000) 11/15 12:15:07 Image size of job updated: 287592
...
006 (1755034.000.000) 11/15 12:20:08 Image size of job updated: 291340
...
006 (1755034.000.000) 11/15 12:25:09 Image size of job updated: 293660
...
006 (1755034.000.000) 11/15 12:30:10 Image size of job updated: 294668
...
006 (1755034.000.000) 11/15 12:35:11 Image size of job updated: 294828
...
006 (1755034.000.000) 11/15 12:40:12 Image size of job updated: 295072
...
006 (1755034.000.000) 11/15 12:45:13 Image size of job updated: 295100
...
006 (1755034.000.000) 11/15 13:00:16 Image size of job updated: 295236
...
006 (1755034.000.000) 11/15 13:05:17 Image size of job updated: 295376
...
006 (1755034.000.000) 11/15 13:15:19 Image size of job updated: 295716
...
006 (1755034.000.000) 11/15 13:35:23 Image size of job updated: 296152
...
006 (1755034.000.000) 11/15 13:45:25 Image size of job updated: 296496
...
006 (1755034.000.000) 11/15 13:50:26 Image size of job updated: 296920
...
005 (1755034.000.000) 11/15 13:58:59 Job terminated.
	(1) Normal termination (return value 0)
		Usr 0 01:50:49, Sys 0 00:01:19  -  Run Remote Usage
		Usr 0 00:00:00, Sys 0 00:00:00  -  Run Local Usage
		Usr 0 01:50:49, Sys 0 00:01:19  -  Total Remote Usage
		Usr 0 00:00:00, Sys 0 00:00:00  -  Total Local Usage
	0  -  Run Bytes Sent By Job
	0  -  Run Bytes Received By Job
	0  -  Total Bytes Sent By Job
	0  -  Total Bytes Received By Job
...
