000 (1754390.000.000) 11/14 02:18:20 Job submitted from host: <130.199.206.69:49450>
...
001 (1754390.000.000) 11/14 05:15:07 Job executing on host: <130.199.206.160:58206>
...
006 (1754390.000.000) 11/14 05:15:15 Image size of job updated: 173936
...
006 (1754390.000.000) 11/14 05:20:15 Image size of job updated: 283116
...
006 (1754390.000.000) 11/14 05:25:15 Image size of job updated: 284976
...
006 (1754390.000.000) 11/14 05:40:15 Image size of job updated: 285460
...
006 (1754390.000.000) 11/14 05:45:15 Image size of job updated: 287844
...
006 (1754390.000.000) 11/14 05:55:15 Image size of job updated: 291212
...
006 (1754390.000.000) 11/14 06:00:15 Image size of job updated: 295432
...
006 (1754390.000.000) 11/14 06:05:15 Image size of job updated: 297292
...
006 (1754390.000.000) 11/14 06:10:15 Image size of job updated: 297976
...
006 (1754390.000.000) 11/14 06:15:15 Image size of job updated: 298296
...
006 (1754390.000.000) 11/14 06:50:19 Image size of job updated: 298556
...
005 (1754390.000.000) 11/14 07:02:34 Job terminated.
	(1) Normal termination (return value 0)
		Usr 0 01:37:04, Sys 0 00:00:20  -  Run Remote Usage
		Usr 0 00:00:00, Sys 0 00:00:00  -  Run Local Usage
		Usr 0 01:37:04, Sys 0 00:00:20  -  Total Remote Usage
		Usr 0 00:00:00, Sys 0 00:00:00  -  Total Local Usage
	0  -  Run Bytes Sent By Job
	0  -  Run Bytes Received By Job
	0  -  Total Bytes Sent By Job
	0  -  Total Bytes Received By Job
...
