000 (1753992.000.000) 11/14 02:17:22 Job submitted from host: <130.199.206.69:49450>
...
001 (1753992.000.000) 11/14 06:04:16 Job executing on host: <130.199.183.29:35269>
...
006 (1753992.000.000) 11/14 06:04:25 Image size of job updated: 72776
...
006 (1753992.000.000) 11/14 06:09:26 Image size of job updated: 276656
...
006 (1753992.000.000) 11/14 06:14:27 Image size of job updated: 282128
...
006 (1753992.000.000) 11/14 06:19:28 Image size of job updated: 286344
...
006 (1753992.000.000) 11/14 06:24:29 Image size of job updated: 293356
...
006 (1753992.000.000) 11/14 06:29:30 Image size of job updated: 295368
...
006 (1753992.000.000) 11/14 06:34:31 Image size of job updated: 295696
...
005 (1753992.000.000) 11/14 06:48:39 Job terminated.
	(1) Normal termination (return value 0)
		Usr 0 00:40:28, Sys 0 00:00:20  -  Run Remote Usage
		Usr 0 00:00:00, Sys 0 00:00:00  -  Run Local Usage
		Usr 0 00:40:28, Sys 0 00:00:20  -  Total Remote Usage
		Usr 0 00:00:00, Sys 0 00:00:00  -  Total Local Usage
	0  -  Run Bytes Sent By Job
	0  -  Run Bytes Received By Job
	0  -  Total Bytes Sent By Job
	0  -  Total Bytes Received By Job
...
