000 (1754018.000.000) 11/14 02:17:22 Job submitted from host: <130.199.206.69:49450>
...
001 (1754018.000.000) 11/14 04:24:51 Job executing on host: <130.199.183.5:54490>
...
006 (1754018.000.000) 11/14 04:24:59 Image size of job updated: 72752
...
006 (1754018.000.000) 11/14 04:29:59 Image size of job updated: 283816
...
006 (1754018.000.000) 11/14 04:34:59 Image size of job updated: 285916
...
006 (1754018.000.000) 11/14 04:39:59 Image size of job updated: 287704
...
006 (1754018.000.000) 11/14 04:44:59 Image size of job updated: 317400
...
006 (1754018.000.000) 11/14 04:49:59 Image size of job updated: 322520
...
006 (1754018.000.000) 11/14 04:54:59 Image size of job updated: 325036
...
006 (1754018.000.000) 11/14 04:59:59 Image size of job updated: 329760
...
006 (1754018.000.000) 11/14 05:04:59 Image size of job updated: 330784
...
006 (1754018.000.000) 11/14 05:09:59 Image size of job updated: 332832
...
006 (1754018.000.000) 11/14 05:14:59 Image size of job updated: 334880
...
006 (1754018.000.000) 11/14 05:19:59 Image size of job updated: 335908
...
006 (1754018.000.000) 11/14 05:24:59 Image size of job updated: 336932
...
006 (1754018.000.000) 11/14 05:29:59 Image size of job updated: 337956
...
006 (1754018.000.000) 11/14 05:44:59 Image size of job updated: 338980
...
006 (1754018.000.000) 11/14 05:49:59 Image size of job updated: 340004
...
006 (1754018.000.000) 11/14 06:09:59 Image size of job updated: 341028
...
006 (1754018.000.000) 11/14 06:40:01 Image size of job updated: 342052
...
006 (1754018.000.000) 11/14 06:55:04 Image size of job updated: 343076
...
006 (1754018.000.000) 11/14 07:25:10 Image size of job updated: 344100
...
006 (1754018.000.000) 11/14 07:35:12 Image size of job updated: 345124
...
006 (1754018.000.000) 11/14 08:00:17 Image size of job updated: 346148
...
005 (1754018.000.000) 11/14 08:11:05 Job terminated.
	(1) Normal termination (return value 0)
		Usr 0 03:23:38, Sys 0 00:01:39  -  Run Remote Usage
		Usr 0 00:00:00, Sys 0 00:00:00  -  Run Local Usage
		Usr 0 03:23:38, Sys 0 00:01:39  -  Total Remote Usage
		Usr 0 00:00:00, Sys 0 00:00:00  -  Total Local Usage
	0  -  Run Bytes Sent By Job
	0  -  Run Bytes Received By Job
	0  -  Total Bytes Sent By Job
	0  -  Total Bytes Received By Job
...
