000 (1754751.000.000) 11/14 02:18:59 Job submitted from host: <130.199.206.69:49450>
...
001 (1754751.000.000) 11/14 08:40:13 Job executing on host: <130.199.180.155:36902>
...
006 (1754751.000.000) 11/14 08:45:21 Image size of job updated: 283500
...
006 (1754751.000.000) 11/14 08:50:21 Image size of job updated: 285340
...
006 (1754751.000.000) 11/14 08:55:21 Image size of job updated: 286332
...
006 (1754751.000.000) 11/14 09:00:21 Image size of job updated: 286688
...
006 (1754751.000.000) 11/14 09:05:21 Image size of job updated: 287276
...
006 (1754751.000.000) 11/14 09:10:21 Image size of job updated: 287988
...
006 (1754751.000.000) 11/14 09:20:21 Image size of job updated: 288736
...
006 (1754751.000.000) 11/14 09:35:21 Image size of job updated: 291268
...
006 (1754751.000.000) 11/14 09:45:21 Image size of job updated: 296540
...
006 (1754751.000.000) 11/14 09:50:21 Image size of job updated: 297564
...
005 (1754751.000.000) 11/14 09:52:38 Job terminated.
	(1) Normal termination (return value 0)
		Usr 0 01:00:28, Sys 0 00:00:32  -  Run Remote Usage
		Usr 0 00:00:00, Sys 0 00:00:00  -  Run Local Usage
		Usr 0 01:00:28, Sys 0 00:00:32  -  Total Remote Usage
		Usr 0 00:00:00, Sys 0 00:00:00  -  Total Local Usage
	0  -  Run Bytes Sent By Job
	0  -  Run Bytes Received By Job
	0  -  Total Bytes Sent By Job
	0  -  Total Bytes Received By Job
...
