000 (1755127.000.000) 11/14 02:19:46 Job submitted from host: <130.199.206.69:49450>
...
001 (1755127.000.000) 11/15 11:57:10 Job executing on host: <130.199.180.173:34638>
...
006 (1755127.000.000) 11/15 12:02:18 Image size of job updated: 174208
...
006 (1755127.000.000) 11/15 12:07:18 Image size of job updated: 175352
...
006 (1755127.000.000) 11/15 12:12:18 Image size of job updated: 192868
...
006 (1755127.000.000) 11/15 12:17:18 Image size of job updated: 285788
...
006 (1755127.000.000) 11/15 12:22:18 Image size of job updated: 285916
...
006 (1755127.000.000) 11/15 12:27:18 Image size of job updated: 287360
...
006 (1755127.000.000) 11/15 12:32:18 Image size of job updated: 287448
...
006 (1755127.000.000) 11/15 12:37:18 Image size of job updated: 287476
...
006 (1755127.000.000) 11/15 12:42:18 Image size of job updated: 288196
...
006 (1755127.000.000) 11/15 12:47:18 Image size of job updated: 288612
...
006 (1755127.000.000) 11/15 12:52:18 Image size of job updated: 289984
...
006 (1755127.000.000) 11/15 12:57:18 Image size of job updated: 290812
...
006 (1755127.000.000) 11/15 13:02:18 Image size of job updated: 291448
...
006 (1755127.000.000) 11/15 13:07:18 Image size of job updated: 292096
...
006 (1755127.000.000) 11/15 13:12:18 Image size of job updated: 292784
...
006 (1755127.000.000) 11/15 13:17:18 Image size of job updated: 293264
...
006 (1755127.000.000) 11/15 13:22:18 Image size of job updated: 294224
...
006 (1755127.000.000) 11/15 13:27:18 Image size of job updated: 294940
...
006 (1755127.000.000) 11/15 13:57:18 Image size of job updated: 295136
...
005 (1755127.000.000) 11/15 13:59:17 Job terminated.
	(1) Normal termination (return value 0)
		Usr 0 01:36:11, Sys 0 00:01:14  -  Run Remote Usage
		Usr 0 00:00:00, Sys 0 00:00:00  -  Run Local Usage
		Usr 0 01:36:11, Sys 0 00:01:14  -  Total Remote Usage
		Usr 0 00:00:00, Sys 0 00:00:00  -  Total Local Usage
	0  -  Run Bytes Sent By Job
	0  -  Run Bytes Received By Job
	0  -  Total Bytes Sent By Job
	0  -  Total Bytes Received By Job
...
