000 (1755014.000.000) 11/14 02:19:38 Job submitted from host: <130.199.206.69:49450>
...
001 (1755014.000.000) 11/15 11:40:28 Job executing on host: <130.199.183.26:55119>
...
006 (1755014.000.000) 11/15 11:45:38 Image size of job updated: 173780
...
006 (1755014.000.000) 11/15 11:50:39 Image size of job updated: 173908
...
006 (1755014.000.000) 11/15 11:55:40 Image size of job updated: 174036
...
006 (1755014.000.000) 11/15 12:10:43 Image size of job updated: 174168
...
006 (1755014.000.000) 11/15 12:15:44 Image size of job updated: 174300
...
006 (1755014.000.000) 11/15 12:25:46 Image size of job updated: 193776
...
006 (1755014.000.000) 11/15 12:30:47 Image size of job updated: 306944
...
006 (1755014.000.000) 11/15 12:35:48 Image size of job updated: 317184
...
006 (1755014.000.000) 11/15 13:51:03 Image size of job updated: 323476
...
006 (1755014.000.000) 11/15 13:56:04 Image size of job updated: 332692
...
006 (1755014.000.000) 11/15 14:01:05 Image size of job updated: 341908
...
006 (1755014.000.000) 11/15 14:06:06 Image size of job updated: 343956
...
006 (1755014.000.000) 11/15 14:11:07 Image size of job updated: 344980
...
006 (1755014.000.000) 11/15 14:16:08 Image size of job updated: 346004
...
006 (1755014.000.000) 11/15 14:21:09 Image size of job updated: 347028
...
006 (1755014.000.000) 11/15 14:46:14 Image size of job updated: 348052
...
005 (1755014.000.000) 11/15 14:53:05 Job terminated.
	(1) Normal termination (return value 0)
		Usr 0 02:04:08, Sys 0 00:01:00  -  Run Remote Usage
		Usr 0 00:00:00, Sys 0 00:00:00  -  Run Local Usage
		Usr 0 02:04:08, Sys 0 00:01:00  -  Total Remote Usage
		Usr 0 00:00:00, Sys 0 00:00:00  -  Total Local Usage
	0  -  Run Bytes Sent By Job
	0  -  Run Bytes Received By Job
	0  -  Total Bytes Sent By Job
	0  -  Total Bytes Received By Job
...
