000 (1753547.000.000) 11/14 02:15:48 Job submitted from host: <130.199.206.69:49450>
...
001 (1753547.000.000) 11/14 02:30:37 Job executing on host: <130.199.183.25:50471>
...
006 (1753547.000.000) 11/14 02:30:46 Image size of job updated: 147392
...
006 (1753547.000.000) 11/14 02:35:47 Image size of job updated: 286720
...
006 (1753547.000.000) 11/14 02:40:48 Image size of job updated: 288864
...
005 (1753547.000.000) 11/14 02:43:22 Job terminated.
	(1) Normal termination (return value 0)
		Usr 0 00:08:54, Sys 0 00:00:03  -  Run Remote Usage
		Usr 0 00:00:00, Sys 0 00:00:00  -  Run Local Usage
		Usr 0 00:08:54, Sys 0 00:00:03  -  Total Remote Usage
		Usr 0 00:00:00, Sys 0 00:00:00  -  Total Local Usage
	0  -  Run Bytes Sent By Job
	0  -  Run Bytes Received By Job
	0  -  Total Bytes Sent By Job
	0  -  Total Bytes Received By Job
...
