000 (1753955.000.000) 11/14 02:17:04 Job submitted from host: <130.199.206.69:49450>
...
001 (1753955.000.000) 11/14 04:28:24 Job executing on host: <130.199.183.28:53536>
...
006 (1753955.000.000) 11/14 04:28:32 Image size of job updated: 186792
...
006 (1753955.000.000) 11/14 04:33:32 Image size of job updated: 284648
...
006 (1753955.000.000) 11/14 04:38:32 Image size of job updated: 286000
...
006 (1753955.000.000) 11/14 04:43:32 Image size of job updated: 286540
...
006 (1753955.000.000) 11/14 04:48:32 Image size of job updated: 287188
...
006 (1753955.000.000) 11/14 05:03:32 Image size of job updated: 287736
...
006 (1753955.000.000) 11/14 05:08:32 Image size of job updated: 289540
...
006 (1753955.000.000) 11/14 05:13:32 Image size of job updated: 290484
...
006 (1753955.000.000) 11/14 05:18:32 Image size of job updated: 291336
...
006 (1753955.000.000) 11/14 05:23:32 Image size of job updated: 293156
...
006 (1753955.000.000) 11/14 05:48:32 Image size of job updated: 293292
...
006 (1753955.000.000) 11/14 05:53:32 Image size of job updated: 293488
...
006 (1753955.000.000) 11/14 06:03:32 Image size of job updated: 293608
...
006 (1753955.000.000) 11/14 06:08:32 Image size of job updated: 294248
...
006 (1753955.000.000) 11/14 06:23:32 Image size of job updated: 294520
...
006 (1753955.000.000) 11/14 07:08:32 Image size of job updated: 294932
...
006 (1753955.000.000) 11/14 07:13:32 Image size of job updated: 295036
...
005 (1753955.000.000) 11/14 07:18:07 Job terminated.
	(1) Normal termination (return value 0)
		Usr 0 02:28:58, Sys 0 00:01:05  -  Run Remote Usage
		Usr 0 00:00:00, Sys 0 00:00:00  -  Run Local Usage
		Usr 0 02:28:58, Sys 0 00:01:05  -  Total Remote Usage
		Usr 0 00:00:00, Sys 0 00:00:00  -  Total Local Usage
	0  -  Run Bytes Sent By Job
	0  -  Run Bytes Received By Job
	0  -  Total Bytes Sent By Job
	0  -  Total Bytes Received By Job
...
