000 (1754428.000.000) 11/14 02:18:20 Job submitted from host: <130.199.206.69:49450>
...
001 (1754428.000.000) 11/14 06:19:05 Job executing on host: <130.199.180.154:33428>
...
006 (1754428.000.000) 11/14 06:19:14 Image size of job updated: 173912
...
006 (1754428.000.000) 11/14 06:24:15 Image size of job updated: 282864
...
006 (1754428.000.000) 11/14 06:29:16 Image size of job updated: 286052
...
005 (1754428.000.000) 11/14 06:29:50 Job terminated.
	(1) Normal termination (return value 0)
		Usr 0 00:09:46, Sys 0 00:00:05  -  Run Remote Usage
		Usr 0 00:00:00, Sys 0 00:00:00  -  Run Local Usage
		Usr 0 00:09:46, Sys 0 00:00:05  -  Total Remote Usage
		Usr 0 00:00:00, Sys 0 00:00:00  -  Total Local Usage
	0  -  Run Bytes Sent By Job
	0  -  Run Bytes Received By Job
	0  -  Total Bytes Sent By Job
	0  -  Total Bytes Received By Job
...
