000 (1753714.000.000) 11/14 02:16:28 Job submitted from host: <130.199.206.69:49450>
...
001 (1753714.000.000) 11/14 08:02:08 Job executing on host: <130.199.206.217:57621>
...
006 (1753714.000.000) 11/14 08:07:16 Image size of job updated: 285936
...
006 (1753714.000.000) 11/14 08:12:17 Image size of job updated: 286908
...
006 (1753714.000.000) 11/14 08:17:18 Image size of job updated: 286972
...
006 (1753714.000.000) 11/14 08:22:19 Image size of job updated: 292836
...
006 (1753714.000.000) 11/14 08:27:20 Image size of job updated: 297160
...
006 (1753714.000.000) 11/14 08:32:21 Image size of job updated: 297460
...
006 (1753714.000.000) 11/14 08:42:23 Image size of job updated: 297784
...
006 (1753714.000.000) 11/14 08:52:25 Image size of job updated: 298216
...
006 (1753714.000.000) 11/14 09:02:27 Image size of job updated: 298460
...
006 (1753714.000.000) 11/14 09:07:28 Image size of job updated: 298600
...
006 (1753714.000.000) 11/14 09:12:29 Image size of job updated: 298640
...
006 (1753714.000.000) 11/14 09:17:30 Image size of job updated: 299236
...
005 (1753714.000.000) 11/14 09:22:15 Job terminated.
	(1) Normal termination (return value 0)
		Usr 0 01:08:20, Sys 0 00:00:22  -  Run Remote Usage
		Usr 0 00:00:00, Sys 0 00:00:00  -  Run Local Usage
		Usr 0 01:08:20, Sys 0 00:00:22  -  Total Remote Usage
		Usr 0 00:00:00, Sys 0 00:00:00  -  Total Local Usage
	0  -  Run Bytes Sent By Job
	0  -  Run Bytes Received By Job
	0  -  Total Bytes Sent By Job
	0  -  Total Bytes Received By Job
...
