000 (1755110.000.000) 11/14 02:19:46 Job submitted from host: <130.199.206.69:49450>
...
001 (1755110.000.000) 11/15 18:38:32 Job executing on host: <130.199.183.14:48158>
...
006 (1755110.000.000) 11/15 18:38:41 Image size of job updated: 188032
...
006 (1755110.000.000) 11/15 18:43:42 Image size of job updated: 285220
...
006 (1755110.000.000) 11/15 18:48:43 Image size of job updated: 287740
...
006 (1755110.000.000) 11/15 18:58:45 Image size of job updated: 289072
...
006 (1755110.000.000) 11/15 19:03:46 Image size of job updated: 289880
...
006 (1755110.000.000) 11/15 19:13:48 Image size of job updated: 290120
...
006 (1755110.000.000) 11/15 19:18:49 Image size of job updated: 291252
...
006 (1755110.000.000) 11/15 19:23:50 Image size of job updated: 291704
...
006 (1755110.000.000) 11/15 19:28:51 Image size of job updated: 293248
...
006 (1755110.000.000) 11/15 19:33:52 Image size of job updated: 293396
...
006 (1755110.000.000) 11/15 19:43:52 Image size of job updated: 294724
...
006 (1755110.000.000) 11/15 19:58:52 Image size of job updated: 295364
...
006 (1755110.000.000) 11/15 21:28:52 Image size of job updated: 296428
...
006 (1755110.000.000) 11/15 21:33:52 Image size of job updated: 296684
...
006 (1755110.000.000) 11/15 21:38:52 Image size of job updated: 296968
...
006 (1755110.000.000) 11/15 21:48:52 Image size of job updated: 297704
...
005 (1755110.000.000) 11/15 22:52:54 Job terminated.
	(1) Normal termination (return value 0)
		Usr 0 03:38:24, Sys 0 00:02:07  -  Run Remote Usage
		Usr 0 00:00:00, Sys 0 00:00:00  -  Run Local Usage
		Usr 0 03:38:24, Sys 0 00:02:07  -  Total Remote Usage
		Usr 0 00:00:00, Sys 0 00:00:00  -  Total Local Usage
	0  -  Run Bytes Sent By Job
	0  -  Run Bytes Received By Job
	0  -  Total Bytes Sent By Job
	0  -  Total Bytes Received By Job
...
