000 (1754544.000.000) 11/14 02:18:34 Job submitted from host: <130.199.206.69:49450>
...
001 (1754544.000.000) 11/14 13:07:08 Job executing on host: <130.199.180.162:36052>
...
006 (1754544.000.000) 11/14 13:12:16 Image size of job updated: 285984
...
006 (1754544.000.000) 11/14 13:17:16 Image size of job updated: 293624
...
006 (1754544.000.000) 11/14 13:22:16 Image size of job updated: 295076
...
006 (1754544.000.000) 11/14 13:27:16 Image size of job updated: 295500
...
006 (1754544.000.000) 11/14 13:32:16 Image size of job updated: 297508
...
005 (1754544.000.000) 11/14 13:36:55 Job terminated.
	(1) Normal termination (return value 0)
		Usr 0 00:27:20, Sys 0 00:00:13  -  Run Remote Usage
		Usr 0 00:00:00, Sys 0 00:00:00  -  Run Local Usage
		Usr 0 00:27:20, Sys 0 00:00:13  -  Total Remote Usage
		Usr 0 00:00:00, Sys 0 00:00:00  -  Total Local Usage
	0  -  Run Bytes Sent By Job
	0  -  Run Bytes Received By Job
	0  -  Total Bytes Sent By Job
	0  -  Total Bytes Received By Job
...
