000 (1754198.000.000) 11/14 02:17:52 Job submitted from host: <130.199.206.69:49450>
...
001 (1754198.000.000) 11/14 05:23:31 Job executing on host: <130.199.180.141:43183>
...
006 (1754198.000.000) 11/14 05:28:39 Image size of job updated: 284788
...
006 (1754198.000.000) 11/14 05:33:39 Image size of job updated: 286080
...
006 (1754198.000.000) 11/14 05:43:39 Image size of job updated: 287148
...
006 (1754198.000.000) 11/14 05:48:39 Image size of job updated: 287600
...
006 (1754198.000.000) 11/14 05:53:39 Image size of job updated: 288136
...
006 (1754198.000.000) 11/14 05:58:39 Image size of job updated: 288236
...
006 (1754198.000.000) 11/14 06:03:39 Image size of job updated: 288620
...
006 (1754198.000.000) 11/14 06:13:39 Image size of job updated: 290136
...
006 (1754198.000.000) 11/14 06:23:41 Image size of job updated: 291532
...
006 (1754198.000.000) 11/14 06:28:42 Image size of job updated: 291928
...
006 (1754198.000.000) 11/14 06:33:43 Image size of job updated: 292176
...
006 (1754198.000.000) 11/14 06:38:44 Image size of job updated: 292388
...
006 (1754198.000.000) 11/14 06:43:45 Image size of job updated: 292832
...
006 (1754198.000.000) 11/14 06:58:48 Image size of job updated: 293128
...
006 (1754198.000.000) 11/14 07:03:49 Image size of job updated: 293660
...
006 (1754198.000.000) 11/14 07:53:59 Image size of job updated: 294484
...
006 (1754198.000.000) 11/14 07:59:00 Image size of job updated: 294696
...
006 (1754198.000.000) 11/14 08:09:02 Image size of job updated: 294812
...
006 (1754198.000.000) 11/14 08:14:03 Image size of job updated: 295988
...
006 (1754198.000.000) 11/14 08:54:11 Image size of job updated: 295992
...
006 (1754198.000.000) 11/14 09:14:15 Image size of job updated: 296076
...
006 (1754198.000.000) 11/14 09:39:20 Image size of job updated: 296452
...
006 (1754198.000.000) 11/14 10:14:27 Image size of job updated: 296660
...
005 (1754198.000.000) 11/14 10:16:48 Job terminated.
	(1) Normal termination (return value 0)
		Usr 0 03:48:55, Sys 0 00:02:08  -  Run Remote Usage
		Usr 0 00:00:00, Sys 0 00:00:00  -  Run Local Usage
		Usr 0 03:48:55, Sys 0 00:02:08  -  Total Remote Usage
		Usr 0 00:00:00, Sys 0 00:00:00  -  Total Local Usage
	0  -  Run Bytes Sent By Job
	0  -  Run Bytes Received By Job
	0  -  Total Bytes Sent By Job
	0  -  Total Bytes Received By Job
...
