000 (1753805.000.000) 11/14 02:16:47 Job submitted from host: <130.199.206.69:49450>
...
001 (1753805.000.000) 11/14 05:53:32 Job executing on host: <130.199.180.155:36902>
...
006 (1753805.000.000) 11/14 05:53:41 Image size of job updated: 182788
...
006 (1753805.000.000) 11/14 05:58:42 Image size of job updated: 281724
...
006 (1753805.000.000) 11/14 06:03:43 Image size of job updated: 284532
...
006 (1753805.000.000) 11/14 06:23:47 Image size of job updated: 285356
...
006 (1753805.000.000) 11/14 06:28:48 Image size of job updated: 286120
...
006 (1753805.000.000) 11/14 06:33:49 Image size of job updated: 287276
...
006 (1753805.000.000) 11/14 06:38:50 Image size of job updated: 289228
...
006 (1753805.000.000) 11/14 06:43:51 Image size of job updated: 289868
...
006 (1753805.000.000) 11/14 06:48:52 Image size of job updated: 292180
...
006 (1753805.000.000) 11/14 06:53:53 Image size of job updated: 292252
...
006 (1753805.000.000) 11/14 06:58:54 Image size of job updated: 292592
...
006 (1753805.000.000) 11/14 07:03:55 Image size of job updated: 293284
...
006 (1753805.000.000) 11/14 07:08:56 Image size of job updated: 293304
...
006 (1753805.000.000) 11/14 07:13:57 Image size of job updated: 293784
...
006 (1753805.000.000) 11/14 07:18:58 Image size of job updated: 293828
...
005 (1753805.000.000) 11/14 07:33:25 Job terminated.
	(1) Normal termination (return value 0)
		Usr 0 01:30:59, Sys 0 00:00:41  -  Run Remote Usage
		Usr 0 00:00:00, Sys 0 00:00:00  -  Run Local Usage
		Usr 0 01:30:59, Sys 0 00:00:41  -  Total Remote Usage
		Usr 0 00:00:00, Sys 0 00:00:00  -  Total Local Usage
	0  -  Run Bytes Sent By Job
	0  -  Run Bytes Received By Job
	0  -  Total Bytes Sent By Job
	0  -  Total Bytes Received By Job
...
