000 (1754853.000.000) 11/14 02:19:12 Job submitted from host: <130.199.206.69:49450>
...
001 (1754853.000.000) 11/15 08:46:48 Job executing on host: <130.199.206.203:48345>
...
006 (1754853.000.000) 11/15 08:51:56 Image size of job updated: 157848
...
006 (1754853.000.000) 11/15 08:56:57 Image size of job updated: 173652
...
006 (1754853.000.000) 11/15 09:12:00 Image size of job updated: 173912
...
006 (1754853.000.000) 11/15 09:52:08 Image size of job updated: 185516
...
006 (1754853.000.000) 11/15 09:57:09 Image size of job updated: 187184
...
006 (1754853.000.000) 11/15 10:02:10 Image size of job updated: 191660
...
006 (1754853.000.000) 11/15 10:07:11 Image size of job updated: 192276
...
006 (1754853.000.000) 11/15 10:12:12 Image size of job updated: 192816
...
006 (1754853.000.000) 11/15 10:17:13 Image size of job updated: 192828
...
006 (1754853.000.000) 11/15 10:22:14 Image size of job updated: 192840
...
006 (1754853.000.000) 11/15 10:27:15 Image size of job updated: 193956
...
006 (1754853.000.000) 11/15 10:32:16 Image size of job updated: 285940
...
006 (1754853.000.000) 11/15 10:37:17 Image size of job updated: 286528
...
006 (1754853.000.000) 11/15 10:42:18 Image size of job updated: 288676
...
006 (1754853.000.000) 11/15 10:52:20 Image size of job updated: 291268
...
006 (1754853.000.000) 11/15 10:57:21 Image size of job updated: 293776
...
006 (1754853.000.000) 11/15 11:07:23 Image size of job updated: 294592
...
006 (1754853.000.000) 11/15 11:12:24 Image size of job updated: 294984
...
006 (1754853.000.000) 11/15 11:17:25 Image size of job updated: 295888
...
006 (1754853.000.000) 11/15 11:22:26 Image size of job updated: 297940
...
006 (1754853.000.000) 11/15 11:27:27 Image size of job updated: 298356
...
006 (1754853.000.000) 11/15 11:47:30 Image size of job updated: 298608
...
006 (1754853.000.000) 11/15 11:57:30 Image size of job updated: 299312
...
006 (1754853.000.000) 11/15 12:07:30 Image size of job updated: 299856
...
006 (1754853.000.000) 11/15 12:12:30 Image size of job updated: 300192
...
006 (1754853.000.000) 11/15 12:17:30 Image size of job updated: 300516
...
005 (1754853.000.000) 11/15 12:25:35 Job terminated.
	(1) Normal termination (return value 0)
		Usr 0 01:47:37, Sys 0 00:00:19  -  Run Remote Usage
		Usr 0 00:00:00, Sys 0 00:00:00  -  Run Local Usage
		Usr 0 01:47:37, Sys 0 00:00:19  -  Total Remote Usage
		Usr 0 00:00:00, Sys 0 00:00:00  -  Total Local Usage
	0  -  Run Bytes Sent By Job
	0  -  Run Bytes Received By Job
	0  -  Total Bytes Sent By Job
	0  -  Total Bytes Received By Job
...
