000 (1754516.000.000) 11/14 02:18:34 Job submitted from host: <130.199.206.69:49450>
...
001 (1754516.000.000) 11/14 05:28:02 Job executing on host: <130.199.180.148:39203>
...
006 (1754516.000.000) 11/14 05:28:10 Image size of job updated: 185564
...
006 (1754516.000.000) 11/14 05:33:10 Image size of job updated: 287476
...
006 (1754516.000.000) 11/14 05:38:10 Image size of job updated: 289300
...
006 (1754516.000.000) 11/14 05:43:10 Image size of job updated: 291752
...
006 (1754516.000.000) 11/14 05:48:10 Image size of job updated: 293180
...
006 (1754516.000.000) 11/14 05:58:10 Image size of job updated: 295432
...
006 (1754516.000.000) 11/14 06:03:10 Image size of job updated: 306876
...
006 (1754516.000.000) 11/14 06:08:10 Image size of job updated: 328380
...
006 (1754516.000.000) 11/14 06:13:10 Image size of job updated: 333500
...
006 (1754516.000.000) 11/14 06:18:11 Image size of job updated: 340668
...
006 (1754516.000.000) 11/14 06:23:12 Image size of job updated: 342716
...
006 (1754516.000.000) 11/14 06:28:13 Image size of job updated: 343740
...
006 (1754516.000.000) 11/14 06:38:15 Image size of job updated: 344764
...
005 (1754516.000.000) 11/14 06:46:33 Job terminated.
	(1) Normal termination (return value 0)
		Usr 0 01:10:12, Sys 0 00:00:49  -  Run Remote Usage
		Usr 0 00:00:00, Sys 0 00:00:00  -  Run Local Usage
		Usr 0 01:10:12, Sys 0 00:00:49  -  Total Remote Usage
		Usr 0 00:00:00, Sys 0 00:00:00  -  Total Local Usage
	0  -  Run Bytes Sent By Job
	0  -  Run Bytes Received By Job
	0  -  Total Bytes Sent By Job
	0  -  Total Bytes Received By Job
...
