000 (1754262.000.000) 11/14 02:17:52 Job submitted from host: <130.199.206.69:49450>
...
001 (1754262.000.000) 11/14 04:38:36 Job executing on host: <130.199.180.153:34872>
...
006 (1754262.000.000) 11/14 04:43:46 Image size of job updated: 284196
...
006 (1754262.000.000) 11/14 04:48:47 Image size of job updated: 287976
...
006 (1754262.000.000) 11/14 05:03:50 Image size of job updated: 289752
...
006 (1754262.000.000) 11/14 05:08:51 Image size of job updated: 291832
...
006 (1754262.000.000) 11/14 05:13:52 Image size of job updated: 292304
...
006 (1754262.000.000) 11/14 05:48:59 Image size of job updated: 293092
...
006 (1754262.000.000) 11/14 06:24:06 Image size of job updated: 293528
...
006 (1754262.000.000) 11/14 06:29:07 Image size of job updated: 293620
...
006 (1754262.000.000) 11/14 06:39:09 Image size of job updated: 293948
...
005 (1754262.000.000) 11/14 06:43:08 Job terminated.
	(1) Normal termination (return value 0)
		Usr 0 01:51:58, Sys 0 00:01:08  -  Run Remote Usage
		Usr 0 00:00:00, Sys 0 00:00:00  -  Run Local Usage
		Usr 0 01:51:58, Sys 0 00:01:08  -  Total Remote Usage
		Usr 0 00:00:00, Sys 0 00:00:00  -  Total Local Usage
	0  -  Run Bytes Sent By Job
	0  -  Run Bytes Received By Job
	0  -  Total Bytes Sent By Job
	0  -  Total Bytes Received By Job
...
