000 (1754770.000.000) 11/14 02:18:59 Job submitted from host: <130.199.206.69:49450>
...
001 (1754770.000.000) 11/14 08:43:48 Job executing on host: <130.199.180.140:49307>
...
006 (1754770.000.000) 11/14 08:48:58 Image size of job updated: 282724
...
006 (1754770.000.000) 11/14 08:53:59 Image size of job updated: 285444
...
006 (1754770.000.000) 11/14 09:04:01 Image size of job updated: 285756
...
006 (1754770.000.000) 11/14 09:14:03 Image size of job updated: 286608
...
006 (1754770.000.000) 11/14 09:19:04 Image size of job updated: 286800
...
006 (1754770.000.000) 11/14 09:24:05 Image size of job updated: 287220
...
006 (1754770.000.000) 11/14 09:29:06 Image size of job updated: 287672
...
006 (1754770.000.000) 11/14 09:34:07 Image size of job updated: 289556
...
006 (1754770.000.000) 11/14 09:39:08 Image size of job updated: 296692
...
006 (1754770.000.000) 11/14 10:44:21 Image size of job updated: 297280
...
006 (1754770.000.000) 11/14 10:49:22 Image size of job updated: 301384
...
006 (1754770.000.000) 11/14 10:54:23 Image size of job updated: 302032
...
006 (1754770.000.000) 11/14 10:59:24 Image size of job updated: 330024
...
005 (1754770.000.000) 11/14 10:59:44 Job terminated.
	(1) Normal termination (return value 0)
		Usr 0 01:58:54, Sys 0 00:01:12  -  Run Remote Usage
		Usr 0 00:00:00, Sys 0 00:00:00  -  Run Local Usage
		Usr 0 01:58:54, Sys 0 00:01:12  -  Total Remote Usage
		Usr 0 00:00:00, Sys 0 00:00:00  -  Total Local Usage
	0  -  Run Bytes Sent By Job
	0  -  Run Bytes Received By Job
	0  -  Total Bytes Sent By Job
	0  -  Total Bytes Received By Job
...
