000 (1754549.000.000) 11/14 02:18:34 Job submitted from host: <130.199.206.69:49450>
...
001 (1754549.000.000) 11/14 05:30:05 Job executing on host: <130.199.180.178:51879>
...
006 (1754549.000.000) 11/14 05:35:13 Image size of job updated: 285060
...
006 (1754549.000.000) 11/14 05:40:13 Image size of job updated: 286828
...
006 (1754549.000.000) 11/14 05:45:13 Image size of job updated: 287788
...
006 (1754549.000.000) 11/14 05:55:13 Image size of job updated: 287856
...
006 (1754549.000.000) 11/14 06:00:13 Image size of job updated: 289404
...
006 (1754549.000.000) 11/14 06:05:13 Image size of job updated: 291456
...
006 (1754549.000.000) 11/14 06:20:13 Image size of job updated: 292464
...
006 (1754549.000.000) 11/14 06:25:13 Image size of job updated: 292532
...
006 (1754549.000.000) 11/14 06:40:13 Image size of job updated: 292956
...
006 (1754549.000.000) 11/14 06:45:13 Image size of job updated: 293384
...
006 (1754549.000.000) 11/14 07:05:13 Image size of job updated: 293772
...
006 (1754549.000.000) 11/14 07:40:15 Image size of job updated: 295588
...
006 (1754549.000.000) 11/14 07:45:16 Image size of job updated: 296088
...
006 (1754549.000.000) 11/14 07:50:17 Image size of job updated: 296396
...
006 (1754549.000.000) 11/14 07:55:18 Image size of job updated: 296696
...
006 (1754549.000.000) 11/14 08:15:22 Image size of job updated: 322128
...
006 (1754549.000.000) 11/14 08:20:23 Image size of job updated: 336464
...
006 (1754549.000.000) 11/14 08:25:24 Image size of job updated: 339536
...
006 (1754549.000.000) 11/14 08:30:25 Image size of job updated: 343632
...
006 (1754549.000.000) 11/14 08:45:28 Image size of job updated: 344656
...
006 (1754549.000.000) 11/14 08:50:29 Image size of job updated: 345680
...
006 (1754549.000.000) 11/14 08:55:30 Image size of job updated: 346704
...
005 (1754549.000.000) 11/14 09:04:33 Job terminated.
	(1) Normal termination (return value 0)
		Usr 0 03:19:24, Sys 0 00:01:31  -  Run Remote Usage
		Usr 0 00:00:00, Sys 0 00:00:00  -  Run Local Usage
		Usr 0 03:19:24, Sys 0 00:01:31  -  Total Remote Usage
		Usr 0 00:00:00, Sys 0 00:00:00  -  Total Local Usage
	0  -  Run Bytes Sent By Job
	0  -  Run Bytes Received By Job
	0  -  Total Bytes Sent By Job
	0  -  Total Bytes Received By Job
...
