000 (1755117.000.000) 11/14 02:19:46 Job submitted from host: <130.199.206.69:49450>
...
001 (1755117.000.000) 11/15 13:41:24 Job executing on host: <130.199.180.158:55404>
...
006 (1755117.000.000) 11/15 13:41:32 Image size of job updated: 174004
...
006 (1755117.000.000) 11/15 13:46:32 Image size of job updated: 293300
...
006 (1755117.000.000) 11/15 13:51:32 Image size of job updated: 321880
...
005 (1755117.000.000) 11/15 13:54:31 Job terminated.
	(1) Normal termination (return value 0)
		Usr 0 00:11:04, Sys 0 00:00:12  -  Run Remote Usage
		Usr 0 00:00:00, Sys 0 00:00:00  -  Run Local Usage
		Usr 0 00:11:04, Sys 0 00:00:12  -  Total Remote Usage
		Usr 0 00:00:00, Sys 0 00:00:00  -  Total Local Usage
	0  -  Run Bytes Sent By Job
	0  -  Run Bytes Received By Job
	0  -  Total Bytes Sent By Job
	0  -  Total Bytes Received By Job
...
