000 (1754342.000.000) 11/14 02:18:07 Job submitted from host: <130.199.206.69:49450>
...
001 (1754342.000.000) 11/14 05:16:23 Job executing on host: <130.199.180.172:54357>
...
006 (1754342.000.000) 11/14 05:16:31 Image size of job updated: 174220
...
006 (1754342.000.000) 11/14 05:21:31 Image size of job updated: 283504
...
006 (1754342.000.000) 11/14 05:26:31 Image size of job updated: 284684
...
006 (1754342.000.000) 11/14 05:31:31 Image size of job updated: 286328
...
006 (1754342.000.000) 11/14 05:36:32 Image size of job updated: 286424
...
006 (1754342.000.000) 11/14 05:41:33 Image size of job updated: 287080
...
006 (1754342.000.000) 11/14 05:51:35 Image size of job updated: 287152
...
006 (1754342.000.000) 11/14 05:56:36 Image size of job updated: 289584
...
006 (1754342.000.000) 11/14 06:01:37 Image size of job updated: 290892
...
006 (1754342.000.000) 11/14 06:06:38 Image size of job updated: 292612
...
006 (1754342.000.000) 11/14 06:11:39 Image size of job updated: 293180
...
006 (1754342.000.000) 11/14 06:16:40 Image size of job updated: 293740
...
006 (1754342.000.000) 11/14 06:31:43 Image size of job updated: 294268
...
006 (1754342.000.000) 11/14 07:31:55 Image size of job updated: 294772
...
006 (1754342.000.000) 11/14 07:36:56 Image size of job updated: 295712
...
006 (1754342.000.000) 11/14 07:46:58 Image size of job updated: 295812
...
006 (1754342.000.000) 11/14 07:57:00 Image size of job updated: 295940
...
006 (1754342.000.000) 11/14 08:02:01 Image size of job updated: 295960
...
006 (1754342.000.000) 11/14 08:17:04 Image size of job updated: 296272
...
006 (1754342.000.000) 11/14 08:22:05 Image size of job updated: 323388
...
006 (1754342.000.000) 11/14 08:27:06 Image size of job updated: 330556
...
006 (1754342.000.000) 11/14 08:32:07 Image size of job updated: 335676
...
006 (1754342.000.000) 11/14 08:37:08 Image size of job updated: 336700
...
006 (1754342.000.000) 11/14 08:42:09 Image size of job updated: 337724
...
005 (1754342.000.000) 11/14 08:43:13 Job terminated.
	(1) Normal termination (return value 0)
		Usr 0 03:12:16, Sys 0 00:01:42  -  Run Remote Usage
		Usr 0 00:00:00, Sys 0 00:00:00  -  Run Local Usage
		Usr 0 03:12:16, Sys 0 00:01:42  -  Total Remote Usage
		Usr 0 00:00:00, Sys 0 00:00:00  -  Total Local Usage
	0  -  Run Bytes Sent By Job
	0  -  Run Bytes Received By Job
	0  -  Total Bytes Sent By Job
	0  -  Total Bytes Received By Job
...
