000 (1753722.000.000) 11/14 02:16:28 Job submitted from host: <130.199.206.69:49450>
...
001 (1753722.000.000) 11/14 03:49:57 Job executing on host: <130.199.183.21:49750>
...
006 (1753722.000.000) 11/14 03:50:05 Image size of job updated: 142948
...
006 (1753722.000.000) 11/14 03:55:05 Image size of job updated: 284484
...
006 (1753722.000.000) 11/14 04:05:06 Image size of job updated: 284740
...
006 (1753722.000.000) 11/14 04:10:07 Image size of job updated: 286448
...
006 (1753722.000.000) 11/14 04:15:08 Image size of job updated: 288980
...
006 (1753722.000.000) 11/14 04:20:09 Image size of job updated: 289276
...
006 (1753722.000.000) 11/14 04:25:10 Image size of job updated: 289872
...
006 (1753722.000.000) 11/14 04:30:11 Image size of job updated: 292596
...
006 (1753722.000.000) 11/14 04:35:12 Image size of job updated: 292968
...
006 (1753722.000.000) 11/14 04:45:14 Image size of job updated: 317352
...
006 (1753722.000.000) 11/14 04:50:15 Image size of job updated: 331688
...
006 (1753722.000.000) 11/14 04:55:16 Image size of job updated: 339880
...
006 (1753722.000.000) 11/14 05:05:18 Image size of job updated: 341928
...
006 (1753722.000.000) 11/14 05:15:20 Image size of job updated: 342952
...
006 (1753722.000.000) 11/14 05:25:22 Image size of job updated: 343976
...
006 (1753722.000.000) 11/14 06:50:39 Image size of job updated: 344284
...
005 (1753722.000.000) 11/14 07:10:07 Job terminated.
	(1) Normal termination (return value 0)
		Usr 0 03:00:24, Sys 0 00:01:15  -  Run Remote Usage
		Usr 0 00:00:00, Sys 0 00:00:00  -  Run Local Usage
		Usr 0 03:00:24, Sys 0 00:01:15  -  Total Remote Usage
		Usr 0 00:00:00, Sys 0 00:00:00  -  Total Local Usage
	0  -  Run Bytes Sent By Job
	0  -  Run Bytes Received By Job
	0  -  Total Bytes Sent By Job
	0  -  Total Bytes Received By Job
...
