000 (1753521.000.000) 11/14 02:15:48 Job submitted from host: <130.199.206.69:49450>
...
001 (1753521.000.000) 11/14 03:32:18 Job executing on host: <130.199.183.23:36199>
...
006 (1753521.000.000) 11/14 03:37:28 Image size of job updated: 285640
...
006 (1753521.000.000) 11/14 03:42:29 Image size of job updated: 286192
...
006 (1753521.000.000) 11/14 03:47:30 Image size of job updated: 288348
...
006 (1753521.000.000) 11/14 03:52:31 Image size of job updated: 289008
...
006 (1753521.000.000) 11/14 04:02:33 Image size of job updated: 290768
...
006 (1753521.000.000) 11/14 04:07:34 Image size of job updated: 291620
...
006 (1753521.000.000) 11/14 04:12:35 Image size of job updated: 294964
...
006 (1753521.000.000) 11/14 04:17:36 Image size of job updated: 295348
...
006 (1753521.000.000) 11/14 04:22:37 Image size of job updated: 317376
...
006 (1753521.000.000) 11/14 04:27:38 Image size of job updated: 330260
...
006 (1753521.000.000) 11/14 04:32:39 Image size of job updated: 336404
...
006 (1753521.000.000) 11/14 04:42:41 Image size of job updated: 338452
...
006 (1753521.000.000) 11/14 04:52:43 Image size of job updated: 339476
...
006 (1753521.000.000) 11/14 05:02:45 Image size of job updated: 340500
...
006 (1753521.000.000) 11/14 05:12:47 Image size of job updated: 342548
...
006 (1753521.000.000) 11/14 05:17:48 Image size of job updated: 343572
...
006 (1753521.000.000) 11/14 05:22:49 Image size of job updated: 344596
...
006 (1753521.000.000) 11/14 05:27:50 Image size of job updated: 345620
...
006 (1753521.000.000) 11/14 05:47:54 Image size of job updated: 346644
...
006 (1753521.000.000) 11/14 05:52:55 Image size of job updated: 348696
...
005 (1753521.000.000) 11/14 05:53:10 Job terminated.
	(1) Normal termination (return value 0)
		Usr 0 01:56:50, Sys 0 00:00:57  -  Run Remote Usage
		Usr 0 00:00:00, Sys 0 00:00:00  -  Run Local Usage
		Usr 0 01:56:50, Sys 0 00:00:57  -  Total Remote Usage
		Usr 0 00:00:00, Sys 0 00:00:00  -  Total Local Usage
	0  -  Run Bytes Sent By Job
	0  -  Run Bytes Received By Job
	0  -  Total Bytes Sent By Job
	0  -  Total Bytes Received By Job
...
