000 (1754991.000.000) 11/14 02:19:38 Job submitted from host: <130.199.206.69:49450>
...
001 (1754991.000.000) 11/15 11:39:19 Job executing on host: <130.199.183.20:45557>
...
006 (1754991.000.000) 11/15 11:39:28 Image size of job updated: 214380
...
006 (1754991.000.000) 11/15 11:49:30 Image size of job updated: 301056
...
006 (1754991.000.000) 11/15 11:54:31 Image size of job updated: 322000
...
006 (1754991.000.000) 11/15 11:59:32 Image size of job updated: 327120
...
006 (1754991.000.000) 11/15 12:04:33 Image size of job updated: 328144
...
006 (1754991.000.000) 11/15 12:09:34 Image size of job updated: 331216
...
006 (1754991.000.000) 11/15 12:14:35 Image size of job updated: 332928
...
006 (1754991.000.000) 11/15 12:19:36 Image size of job updated: 334976
...
006 (1754991.000.000) 11/15 12:29:38 Image size of job updated: 336000
...
006 (1754991.000.000) 11/15 12:39:40 Image size of job updated: 337028
...
006 (1754991.000.000) 11/15 12:49:42 Image size of job updated: 339076
...
006 (1754991.000.000) 11/15 12:59:44 Image size of job updated: 340100
...
006 (1754991.000.000) 11/15 13:24:49 Image size of job updated: 341124
...
006 (1754991.000.000) 11/15 13:34:51 Image size of job updated: 342148
...
006 (1754991.000.000) 11/15 14:04:57 Image size of job updated: 343172
...
006 (1754991.000.000) 11/15 14:20:00 Image size of job updated: 344196
...
005 (1754991.000.000) 11/15 14:48:53 Job terminated.
	(1) Normal termination (return value 0)
		Usr 0 02:06:28, Sys 0 00:01:08  -  Run Remote Usage
		Usr 0 00:00:00, Sys 0 00:00:00  -  Run Local Usage
		Usr 0 02:06:28, Sys 0 00:01:08  -  Total Remote Usage
		Usr 0 00:00:00, Sys 0 00:00:00  -  Total Local Usage
	0  -  Run Bytes Sent By Job
	0  -  Run Bytes Received By Job
	0  -  Total Bytes Sent By Job
	0  -  Total Bytes Received By Job
...
