000 (1754701.000.000) 11/14 02:18:59 Job submitted from host: <130.199.206.69:49450>
...
001 (1754701.000.000) 11/14 05:58:48 Job executing on host: <130.199.180.165:47530>
...
006 (1754701.000.000) 11/14 05:58:57 Image size of job updated: 72608
...
006 (1754701.000.000) 11/14 06:03:58 Image size of job updated: 284192
...
006 (1754701.000.000) 11/14 06:08:59 Image size of job updated: 285368
...
006 (1754701.000.000) 11/14 06:19:01 Image size of job updated: 312800
...
006 (1754701.000.000) 11/14 06:24:02 Image size of job updated: 323040
...
006 (1754701.000.000) 11/14 06:29:03 Image size of job updated: 328160
...
006 (1754701.000.000) 11/14 06:49:06 Image size of job updated: 330204
...
006 (1754701.000.000) 11/14 06:54:06 Image size of job updated: 331912
...
006 (1754701.000.000) 11/14 06:59:06 Image size of job updated: 333960
...
006 (1754701.000.000) 11/14 07:04:06 Image size of job updated: 334984
...
006 (1754701.000.000) 11/14 07:09:06 Image size of job updated: 336008
...
006 (1754701.000.000) 11/14 07:14:06 Image size of job updated: 337032
...
006 (1754701.000.000) 11/14 07:24:06 Image size of job updated: 338056
...
006 (1754701.000.000) 11/14 07:39:06 Image size of job updated: 339080
...
006 (1754701.000.000) 11/14 08:09:06 Image size of job updated: 339084
...
006 (1754701.000.000) 11/14 08:14:06 Image size of job updated: 340108
...
006 (1754701.000.000) 11/14 08:24:06 Image size of job updated: 342156
...
006 (1754701.000.000) 11/14 08:49:06 Image size of job updated: 343180
...
006 (1754701.000.000) 11/14 09:14:06 Image size of job updated: 344204
...
006 (1754701.000.000) 11/14 09:39:06 Image size of job updated: 345228
...
005 (1754701.000.000) 11/14 09:46:24 Job terminated.
	(1) Normal termination (return value 0)
		Usr 0 03:26:18, Sys 0 00:01:46  -  Run Remote Usage
		Usr 0 00:00:00, Sys 0 00:00:00  -  Run Local Usage
		Usr 0 03:26:18, Sys 0 00:01:46  -  Total Remote Usage
		Usr 0 00:00:00, Sys 0 00:00:00  -  Total Local Usage
	0  -  Run Bytes Sent By Job
	0  -  Run Bytes Received By Job
	0  -  Total Bytes Sent By Job
	0  -  Total Bytes Received By Job
...
