000 (1755070.000.000) 11/14 02:19:38 Job submitted from host: <130.199.206.69:49450>
...
001 (1755070.000.000) 11/15 11:51:52 Job executing on host: <130.199.183.7:49948>
...
006 (1755070.000.000) 11/15 11:52:01 Image size of job updated: 140780
...
006 (1755070.000.000) 11/15 11:57:02 Image size of job updated: 173956
...
006 (1755070.000.000) 11/15 12:02:04 Image size of job updated: 174212
...
006 (1755070.000.000) 11/15 12:07:04 Image size of job updated: 192852
...
006 (1755070.000.000) 11/15 12:12:04 Image size of job updated: 286624
...
006 (1755070.000.000) 11/15 12:17:04 Image size of job updated: 287840
...
006 (1755070.000.000) 11/15 12:22:04 Image size of job updated: 288840
...
006 (1755070.000.000) 11/15 12:32:04 Image size of job updated: 291952
...
006 (1755070.000.000) 11/15 12:37:04 Image size of job updated: 296336
...
006 (1755070.000.000) 11/15 12:42:04 Image size of job updated: 298644
...
006 (1755070.000.000) 11/15 12:47:04 Image size of job updated: 299996
...
006 (1755070.000.000) 11/15 12:52:04 Image size of job updated: 300328
...
006 (1755070.000.000) 11/15 12:57:04 Image size of job updated: 301368
...
006 (1755070.000.000) 11/15 13:02:04 Image size of job updated: 301656
...
005 (1755070.000.000) 11/15 13:07:41 Job terminated.
	(1) Normal termination (return value 0)
		Usr 0 00:52:36, Sys 0 00:00:32  -  Run Remote Usage
		Usr 0 00:00:00, Sys 0 00:00:00  -  Run Local Usage
		Usr 0 00:52:36, Sys 0 00:00:32  -  Total Remote Usage
		Usr 0 00:00:00, Sys 0 00:00:00  -  Total Local Usage
	0  -  Run Bytes Sent By Job
	0  -  Run Bytes Received By Job
	0  -  Total Bytes Sent By Job
	0  -  Total Bytes Received By Job
...
