000 (1754236.000.000) 11/14 02:17:52 Job submitted from host: <130.199.206.69:49450>
...
001 (1754236.000.000) 11/14 08:51:06 Job executing on host: <130.199.180.172:54357>
...
006 (1754236.000.000) 11/14 08:51:15 Image size of job updated: 174480
...
006 (1754236.000.000) 11/14 08:56:16 Image size of job updated: 306404
...
006 (1754236.000.000) 11/14 09:01:17 Image size of job updated: 312548
...
005 (1754236.000.000) 11/14 09:01:52 Job terminated.
	(1) Normal termination (return value 0)
		Usr 0 00:09:46, Sys 0 00:00:09  -  Run Remote Usage
		Usr 0 00:00:00, Sys 0 00:00:00  -  Run Local Usage
		Usr 0 00:09:46, Sys 0 00:00:09  -  Total Remote Usage
		Usr 0 00:00:00, Sys 0 00:00:00  -  Total Local Usage
	0  -  Run Bytes Sent By Job
	0  -  Run Bytes Received By Job
	0  -  Total Bytes Sent By Job
	0  -  Total Bytes Received By Job
...
