000 (1753490.000.000) 11/14 02:15:48 Job submitted from host: <130.199.206.69:49450>
...
001 (1753490.000.000) 11/14 04:53:53 Job executing on host: <130.199.183.12:47839>
...
006 (1753490.000.000) 11/14 04:54:02 Image size of job updated: 236220
...
006 (1753490.000.000) 11/14 04:59:03 Image size of job updated: 285052
...
006 (1753490.000.000) 11/14 05:04:04 Image size of job updated: 285776
...
006 (1753490.000.000) 11/14 05:09:05 Image size of job updated: 287212
...
006 (1753490.000.000) 11/14 05:14:06 Image size of job updated: 288004
...
006 (1753490.000.000) 11/14 05:19:07 Image size of job updated: 288236
...
006 (1753490.000.000) 11/14 05:24:08 Image size of job updated: 288776
...
006 (1753490.000.000) 11/14 05:29:09 Image size of job updated: 289672
...
006 (1753490.000.000) 11/14 05:34:10 Image size of job updated: 291724
...
006 (1753490.000.000) 11/14 05:44:12 Image size of job updated: 291908
...
006 (1753490.000.000) 11/14 05:49:13 Image size of job updated: 292792
...
006 (1753490.000.000) 11/14 05:54:14 Image size of job updated: 314916
...
006 (1753490.000.000) 11/14 05:59:15 Image size of job updated: 320036
...
006 (1753490.000.000) 11/14 06:04:16 Image size of job updated: 330276
...
006 (1753490.000.000) 11/14 06:09:17 Image size of job updated: 335396
...
006 (1753490.000.000) 11/14 06:14:18 Image size of job updated: 337444
...
006 (1753490.000.000) 11/14 06:29:21 Image size of job updated: 338468
...
006 (1753490.000.000) 11/14 06:34:22 Image size of job updated: 339492
...
006 (1753490.000.000) 11/14 06:39:23 Image size of job updated: 340516
...
006 (1753490.000.000) 11/14 06:44:24 Image size of job updated: 341540
...
006 (1753490.000.000) 11/14 06:49:25 Image size of job updated: 342564
...
006 (1753490.000.000) 11/14 06:54:26 Image size of job updated: 343052
...
006 (1753490.000.000) 11/14 07:04:28 Image size of job updated: 344076
...
005 (1753490.000.000) 11/14 07:33:44 Job terminated.
	(1) Normal termination (return value 0)
		Usr 0 02:24:01, Sys 0 00:01:05  -  Run Remote Usage
		Usr 0 00:00:00, Sys 0 00:00:00  -  Run Local Usage
		Usr 0 02:24:01, Sys 0 00:01:05  -  Total Remote Usage
		Usr 0 00:00:00, Sys 0 00:00:00  -  Total Local Usage
	0  -  Run Bytes Sent By Job
	0  -  Run Bytes Received By Job
	0  -  Total Bytes Sent By Job
	0  -  Total Bytes Received By Job
...
