000 (1753903.000.000) 11/14 02:17:04 Job submitted from host: <130.199.206.69:49450>
...
001 (1753903.000.000) 11/14 04:19:44 Job executing on host: <130.199.207.37:59157>
...
006 (1753903.000.000) 11/14 04:24:52 Image size of job updated: 285772
...
006 (1753903.000.000) 11/14 04:29:52 Image size of job updated: 286184
...
006 (1753903.000.000) 11/14 04:34:52 Image size of job updated: 286732
...
006 (1753903.000.000) 11/14 04:39:52 Image size of job updated: 286944
...
006 (1753903.000.000) 11/14 04:44:52 Image size of job updated: 289496
...
006 (1753903.000.000) 11/14 04:49:52 Image size of job updated: 290012
...
006 (1753903.000.000) 11/14 04:54:52 Image size of job updated: 290784
...
006 (1753903.000.000) 11/14 05:04:52 Image size of job updated: 291412
...
006 (1753903.000.000) 11/14 05:09:52 Image size of job updated: 291864
...
006 (1753903.000.000) 11/14 05:24:52 Image size of job updated: 292000
...
006 (1753903.000.000) 11/14 05:29:53 Image size of job updated: 292260
...
006 (1753903.000.000) 11/14 05:44:56 Image size of job updated: 292568
...
006 (1753903.000.000) 11/14 05:49:57 Image size of job updated: 328248
...
006 (1753903.000.000) 11/14 05:54:58 Image size of job updated: 346692
...
006 (1753903.000.000) 11/14 05:59:59 Image size of job updated: 349764
...
006 (1753903.000.000) 11/14 06:05:00 Image size of job updated: 351812
...
006 (1753903.000.000) 11/14 06:15:02 Image size of job updated: 352836
...
005 (1753903.000.000) 11/14 06:21:09 Job terminated.
	(1) Normal termination (return value 0)
		Usr 0 01:43:29, Sys 0 00:00:31  -  Run Remote Usage
		Usr 0 00:00:00, Sys 0 00:00:00  -  Run Local Usage
		Usr 0 01:43:29, Sys 0 00:00:31  -  Total Remote Usage
		Usr 0 00:00:00, Sys 0 00:00:00  -  Total Local Usage
	0  -  Run Bytes Sent By Job
	0  -  Run Bytes Received By Job
	0  -  Total Bytes Sent By Job
	0  -  Total Bytes Received By Job
...
