000 (1754744.000.000) 11/14 02:18:59 Job submitted from host: <130.199.206.69:49450>
...
001 (1754744.000.000) 11/14 06:08:57 Job executing on host: <130.199.206.153:47432>
...
006 (1754744.000.000) 11/14 06:09:05 Image size of job updated: 173956
...
006 (1754744.000.000) 11/14 06:14:05 Image size of job updated: 304364
...
006 (1754744.000.000) 11/14 06:19:05 Image size of job updated: 316652
...
006 (1754744.000.000) 11/14 06:24:05 Image size of job updated: 322796
...
006 (1754744.000.000) 11/14 06:29:05 Image size of job updated: 324408
...
006 (1754744.000.000) 11/14 06:34:05 Image size of job updated: 327480
...
006 (1754744.000.000) 11/14 06:44:05 Image size of job updated: 331576
...
006 (1754744.000.000) 11/14 06:49:05 Image size of job updated: 332600
...
006 (1754744.000.000) 11/14 06:59:05 Image size of job updated: 333624
...
006 (1754744.000.000) 11/14 07:24:07 Image size of job updated: 334648
...
006 (1754744.000.000) 11/14 07:34:09 Image size of job updated: 340852
...
006 (1754744.000.000) 11/14 07:39:10 Image size of job updated: 342200
...
006 (1754744.000.000) 11/14 07:44:11 Image size of job updated: 343320
...
006 (1754744.000.000) 11/14 07:49:12 Image size of job updated: 344812
...
005 (1754744.000.000) 11/14 07:53:13 Job terminated.
	(1) Normal termination (return value 0)
		Usr 0 01:36:24, Sys 0 00:00:46  -  Run Remote Usage
		Usr 0 00:00:00, Sys 0 00:00:00  -  Run Local Usage
		Usr 0 01:36:24, Sys 0 00:00:46  -  Total Remote Usage
		Usr 0 00:00:00, Sys 0 00:00:00  -  Total Local Usage
	0  -  Run Bytes Sent By Job
	0  -  Run Bytes Received By Job
	0  -  Total Bytes Sent By Job
	0  -  Total Bytes Received By Job
...
