000 (1755269.000.000) 11/14 02:19:54 Job submitted from host: <130.199.206.69:49450>
...
001 (1755269.000.000) 11/15 19:22:37 Job executing on host: <130.199.206.190:51185>
...
006 (1755269.000.000) 11/15 19:27:45 Image size of job updated: 286392
...
006 (1755269.000.000) 11/15 19:32:45 Image size of job updated: 314092
...
006 (1755269.000.000) 11/15 19:37:45 Image size of job updated: 325356
...
006 (1755269.000.000) 11/15 19:42:45 Image size of job updated: 326312
...
006 (1755269.000.000) 11/15 19:47:45 Image size of job updated: 329384
...
006 (1755269.000.000) 11/15 19:52:45 Image size of job updated: 334508
...
006 (1755269.000.000) 11/15 19:57:45 Image size of job updated: 335532
...
006 (1755269.000.000) 11/15 20:07:45 Image size of job updated: 341676
...
006 (1755269.000.000) 11/15 20:17:45 Image size of job updated: 344748
...
006 (1755269.000.000) 11/15 20:37:45 Image size of job updated: 347824
...
006 (1755269.000.000) 11/15 20:52:45 Image size of job updated: 348848
...
006 (1755269.000.000) 11/15 21:07:45 Image size of job updated: 350896
...
005 (1755269.000.000) 11/15 21:15:04 Job terminated.
	(1) Normal termination (return value 0)
		Usr 0 01:29:52, Sys 0 00:00:31  -  Run Remote Usage
		Usr 0 00:00:00, Sys 0 00:00:00  -  Run Local Usage
		Usr 0 01:29:52, Sys 0 00:00:31  -  Total Remote Usage
		Usr 0 00:00:00, Sys 0 00:00:00  -  Total Local Usage
	0  -  Run Bytes Sent By Job
	0  -  Run Bytes Received By Job
	0  -  Total Bytes Sent By Job
	0  -  Total Bytes Received By Job
...
