000 (1754882.000.000) 11/14 02:19:27 Job submitted from host: <130.199.206.69:49450>
...
001 (1754882.000.000) 11/15 10:50:59 Job executing on host: <130.199.207.39:52625>
...
006 (1754882.000.000) 11/15 10:51:07 Image size of job updated: 8820
...
006 (1754882.000.000) 11/15 10:56:07 Image size of job updated: 173920
...
006 (1754882.000.000) 11/15 11:01:07 Image size of job updated: 191932
...
006 (1754882.000.000) 11/15 11:06:07 Image size of job updated: 192832
...
006 (1754882.000.000) 11/15 11:11:07 Image size of job updated: 275872
...
006 (1754882.000.000) 11/15 11:16:07 Image size of job updated: 293288
...
006 (1754882.000.000) 11/15 11:21:07 Image size of job updated: 295272
...
006 (1754882.000.000) 11/15 11:26:07 Image size of job updated: 296112
...
006 (1754882.000.000) 11/15 11:31:07 Image size of job updated: 296252
...
006 (1754882.000.000) 11/15 11:36:07 Image size of job updated: 299440
...
006 (1754882.000.000) 11/15 11:41:07 Image size of job updated: 300448
...
006 (1754882.000.000) 11/15 11:46:07 Image size of job updated: 301928
...
006 (1754882.000.000) 11/15 11:51:07 Image size of job updated: 302380
...
006 (1754882.000.000) 11/15 11:56:07 Image size of job updated: 302508
...
006 (1754882.000.000) 11/15 12:01:07 Image size of job updated: 302600
...
006 (1754882.000.000) 11/15 12:06:07 Image size of job updated: 303396
...
006 (1754882.000.000) 11/15 12:11:08 Image size of job updated: 303508
...
005 (1754882.000.000) 11/15 12:15:07 Job terminated.
	(1) Normal termination (return value 0)
		Usr 0 00:57:33, Sys 0 00:00:26  -  Run Remote Usage
		Usr 0 00:00:00, Sys 0 00:00:00  -  Run Local Usage
		Usr 0 00:57:33, Sys 0 00:00:26  -  Total Remote Usage
		Usr 0 00:00:00, Sys 0 00:00:00  -  Total Local Usage
	0  -  Run Bytes Sent By Job
	0  -  Run Bytes Received By Job
	0  -  Total Bytes Sent By Job
	0  -  Total Bytes Received By Job
...
