000 (1754412.000.000) 11/14 02:18:20 Job submitted from host: <130.199.206.69:49450>
...
001 (1754412.000.000) 11/14 04:21:33 Job executing on host: <130.199.206.105:42152>
...
006 (1754412.000.000) 11/14 04:26:41 Image size of job updated: 283888
...
006 (1754412.000.000) 11/14 04:31:41 Image size of job updated: 285112
...
006 (1754412.000.000) 11/14 04:36:41 Image size of job updated: 285216
...
006 (1754412.000.000) 11/14 04:41:41 Image size of job updated: 285944
...
006 (1754412.000.000) 11/14 04:46:41 Image size of job updated: 286852
...
006 (1754412.000.000) 11/14 04:51:42 Image size of job updated: 287164
...
006 (1754412.000.000) 11/14 04:56:43 Image size of job updated: 287400
...
006 (1754412.000.000) 11/14 05:01:44 Image size of job updated: 287792
...
006 (1754412.000.000) 11/14 05:06:45 Image size of job updated: 288704
...
006 (1754412.000.000) 11/14 05:11:46 Image size of job updated: 291664
...
006 (1754412.000.000) 11/14 05:16:47 Image size of job updated: 291988
...
006 (1754412.000.000) 11/14 05:21:48 Image size of job updated: 292476
...
006 (1754412.000.000) 11/14 05:46:52 Image size of job updated: 292804
...
006 (1754412.000.000) 11/14 06:11:52 Image size of job updated: 293580
...
006 (1754412.000.000) 11/14 06:21:52 Image size of job updated: 293628
...
006 (1754412.000.000) 11/14 06:31:52 Image size of job updated: 293960
...
006 (1754412.000.000) 11/14 06:36:52 Image size of job updated: 295124
...
006 (1754412.000.000) 11/14 06:41:53 Image size of job updated: 295800
...
006 (1754412.000.000) 11/14 06:46:54 Image size of job updated: 295852
...
006 (1754412.000.000) 11/14 06:51:55 Image size of job updated: 296040
...
006 (1754412.000.000) 11/14 07:01:57 Image size of job updated: 296588
...
006 (1754412.000.000) 11/14 07:17:00 Image size of job updated: 317000
...
006 (1754412.000.000) 11/14 07:22:01 Image size of job updated: 322120
...
005 (1754412.000.000) 11/14 07:25:11 Job terminated.
	(1) Normal termination (return value 0)
		Usr 0 02:50:25, Sys 0 00:00:47  -  Run Remote Usage
		Usr 0 00:00:00, Sys 0 00:00:00  -  Run Local Usage
		Usr 0 02:50:25, Sys 0 00:00:47  -  Total Remote Usage
		Usr 0 00:00:00, Sys 0 00:00:00  -  Total Local Usage
	0  -  Run Bytes Sent By Job
	0  -  Run Bytes Received By Job
	0  -  Total Bytes Sent By Job
	0  -  Total Bytes Received By Job
...
