000 (1753906.000.000) 11/14 02:17:04 Job submitted from host: <130.199.206.69:49450>
...
001 (1753906.000.000) 11/14 05:02:55 Job executing on host: <130.199.206.171:55916>
...
006 (1753906.000.000) 11/14 05:03:03 Image size of job updated: 174156
...
006 (1753906.000.000) 11/14 05:08:03 Image size of job updated: 306472
...
006 (1753906.000.000) 11/14 05:13:03 Image size of job updated: 318984
...
006 (1753906.000.000) 11/14 05:18:03 Image size of job updated: 326152
...
005 (1753906.000.000) 11/14 05:19:25 Job terminated.
	(1) Normal termination (return value 0)
		Usr 0 00:15:22, Sys 0 00:00:06  -  Run Remote Usage
		Usr 0 00:00:00, Sys 0 00:00:00  -  Run Local Usage
		Usr 0 00:15:22, Sys 0 00:00:06  -  Total Remote Usage
		Usr 0 00:00:00, Sys 0 00:00:00  -  Total Local Usage
	0  -  Run Bytes Sent By Job
	0  -  Run Bytes Received By Job
	0  -  Total Bytes Sent By Job
	0  -  Total Bytes Received By Job
...
