000 (1755191.000.000) 11/14 02:19:54 Job submitted from host: <130.199.206.69:49450>
...
001 (1755191.000.000) 11/15 12:07:21 Job executing on host: <130.199.180.139:35175>
...
006 (1755191.000.000) 11/15 12:07:30 Image size of job updated: 8824
...
006 (1755191.000.000) 11/15 12:12:31 Image size of job updated: 280732
...
006 (1755191.000.000) 11/15 12:17:32 Image size of job updated: 291508
...
005 (1755191.000.000) 11/15 12:22:44 Job terminated.
	(1) Normal termination (return value 0)
		Usr 0 00:12:13, Sys 0 00:00:13  -  Run Remote Usage
		Usr 0 00:00:00, Sys 0 00:00:00  -  Run Local Usage
		Usr 0 00:12:13, Sys 0 00:00:13  -  Total Remote Usage
		Usr 0 00:00:00, Sys 0 00:00:00  -  Total Local Usage
	0  -  Run Bytes Sent By Job
	0  -  Run Bytes Received By Job
	0  -  Total Bytes Sent By Job
	0  -  Total Bytes Received By Job
...
