000 (1754721.000.000) 11/14 02:18:59 Job submitted from host: <130.199.206.69:49450>
...
001 (1754721.000.000) 11/14 06:03:46 Job executing on host: <130.199.183.17:52518>
...
006 (1754721.000.000) 11/14 06:03:55 Image size of job updated: 204336
...
006 (1754721.000.000) 11/14 06:08:56 Image size of job updated: 283124
...
006 (1754721.000.000) 11/14 06:13:57 Image size of job updated: 284896
...
006 (1754721.000.000) 11/14 06:29:00 Image size of job updated: 286708
...
006 (1754721.000.000) 11/14 06:34:01 Image size of job updated: 288484
...
006 (1754721.000.000) 11/14 06:39:02 Image size of job updated: 288524
...
006 (1754721.000.000) 11/14 06:44:03 Image size of job updated: 289064
...
006 (1754721.000.000) 11/14 06:54:05 Image size of job updated: 291624
...
006 (1754721.000.000) 11/14 06:59:06 Image size of job updated: 292592
...
006 (1754721.000.000) 11/14 07:14:09 Image size of job updated: 292604
...
006 (1754721.000.000) 11/14 07:19:10 Image size of job updated: 292932
...
006 (1754721.000.000) 11/14 07:24:11 Image size of job updated: 293052
...
006 (1754721.000.000) 11/14 07:29:12 Image size of job updated: 293272
...
006 (1754721.000.000) 11/14 07:34:13 Image size of job updated: 293632
...
006 (1754721.000.000) 11/14 07:39:14 Image size of job updated: 293656
...
006 (1754721.000.000) 11/14 07:49:16 Image size of job updated: 294052
...
006 (1754721.000.000) 11/14 07:54:17 Image size of job updated: 295628
...
006 (1754721.000.000) 11/14 08:19:22 Image size of job updated: 295756
...
006 (1754721.000.000) 11/14 08:24:23 Image size of job updated: 296444
...
006 (1754721.000.000) 11/14 08:29:24 Image size of job updated: 301272
...
006 (1754721.000.000) 11/14 08:34:25 Image size of job updated: 325848
...
006 (1754721.000.000) 11/14 08:39:26 Image size of job updated: 334040
...
006 (1754721.000.000) 11/14 08:44:27 Image size of job updated: 341208
...
006 (1754721.000.000) 11/14 08:49:28 Image size of job updated: 342232
...
006 (1754721.000.000) 11/14 08:54:29 Image size of job updated: 343256
...
005 (1754721.000.000) 11/14 08:57:43 Job terminated.
	(1) Normal termination (return value 0)
		Usr 0 02:40:05, Sys 0 00:00:48  -  Run Remote Usage
		Usr 0 00:00:00, Sys 0 00:00:00  -  Run Local Usage
		Usr 0 02:40:05, Sys 0 00:00:48  -  Total Remote Usage
		Usr 0 00:00:00, Sys 0 00:00:00  -  Total Local Usage
	0  -  Run Bytes Sent By Job
	0  -  Run Bytes Received By Job
	0  -  Total Bytes Sent By Job
	0  -  Total Bytes Received By Job
...
