000 (1754640.000.000) 11/14 02:18:46 Job submitted from host: <130.199.206.69:49450>
...
001 (1754640.000.000) 11/14 05:42:37 Job executing on host: <130.199.180.165:47530>
...
006 (1754640.000.000) 11/14 05:47:45 Image size of job updated: 284968
...
006 (1754640.000.000) 11/14 05:52:45 Image size of job updated: 286324
...
006 (1754640.000.000) 11/14 06:02:47 Image size of job updated: 287040
...
006 (1754640.000.000) 11/14 06:12:49 Image size of job updated: 287396
...
006 (1754640.000.000) 11/14 06:17:50 Image size of job updated: 288684
...
006 (1754640.000.000) 11/14 06:27:52 Image size of job updated: 289752
...
006 (1754640.000.000) 11/14 06:32:53 Image size of job updated: 290528
...
006 (1754640.000.000) 11/14 06:52:57 Image size of job updated: 291192
...
006 (1754640.000.000) 11/14 07:13:01 Image size of job updated: 291656
...
006 (1754640.000.000) 11/14 07:23:03 Image size of job updated: 292584
...
006 (1754640.000.000) 11/14 07:28:04 Image size of job updated: 293916
...
006 (1754640.000.000) 11/14 07:33:05 Image size of job updated: 294264
...
006 (1754640.000.000) 11/14 07:48:08 Image size of job updated: 294584
...
006 (1754640.000.000) 11/14 07:53:09 Image size of job updated: 294992
...
006 (1754640.000.000) 11/14 08:28:16 Image size of job updated: 295012
...
006 (1754640.000.000) 11/14 08:33:17 Image size of job updated: 295316
...
006 (1754640.000.000) 11/14 08:43:19 Image size of job updated: 295768
...
006 (1754640.000.000) 11/14 09:08:24 Image size of job updated: 298416
...
006 (1754640.000.000) 11/14 09:18:26 Image size of job updated: 316800
...
006 (1754640.000.000) 11/14 09:23:27 Image size of job updated: 332876
...
006 (1754640.000.000) 11/14 09:28:28 Image size of job updated: 336972
...
006 (1754640.000.000) 11/14 09:43:31 Image size of job updated: 339020
...
006 (1754640.000.000) 11/14 09:53:33 Image size of job updated: 340044
...
005 (1754640.000.000) 11/14 09:59:36 Job terminated.
	(1) Normal termination (return value 0)
		Usr 0 03:55:22, Sys 0 00:02:08  -  Run Remote Usage
		Usr 0 00:00:00, Sys 0 00:00:00  -  Run Local Usage
		Usr 0 03:55:22, Sys 0 00:02:08  -  Total Remote Usage
		Usr 0 00:00:00, Sys 0 00:00:00  -  Total Local Usage
	0  -  Run Bytes Sent By Job
	0  -  Run Bytes Received By Job
	0  -  Total Bytes Sent By Job
	0  -  Total Bytes Received By Job
...
