000 (1754285.000.000) 11/14 02:18:07 Job submitted from host: <130.199.206.69:49450>
...
001 (1754285.000.000) 11/14 05:13:25 Job executing on host: <130.199.180.133:47323>
...
006 (1754285.000.000) 11/14 05:18:33 Image size of job updated: 285544
...
006 (1754285.000.000) 11/14 05:23:33 Image size of job updated: 287900
...
006 (1754285.000.000) 11/14 05:28:33 Image size of job updated: 288692
...
006 (1754285.000.000) 11/14 05:33:33 Image size of job updated: 288920
...
006 (1754285.000.000) 11/14 05:38:34 Image size of job updated: 291996
...
006 (1754285.000.000) 11/14 05:48:36 Image size of job updated: 292900
...
006 (1754285.000.000) 11/14 05:53:37 Image size of job updated: 299056
...
006 (1754285.000.000) 11/14 06:03:39 Image size of job updated: 299416
...
006 (1754285.000.000) 11/14 06:08:40 Image size of job updated: 301208
...
006 (1754285.000.000) 11/14 06:13:41 Image size of job updated: 301840
...
006 (1754285.000.000) 11/14 06:18:42 Image size of job updated: 302008
...
005 (1754285.000.000) 11/14 06:27:26 Job terminated.
	(1) Normal termination (return value 0)
		Usr 0 01:04:33, Sys 0 00:00:24  -  Run Remote Usage
		Usr 0 00:00:00, Sys 0 00:00:00  -  Run Local Usage
		Usr 0 01:04:33, Sys 0 00:00:24  -  Total Remote Usage
		Usr 0 00:00:00, Sys 0 00:00:00  -  Total Local Usage
	0  -  Run Bytes Sent By Job
	0  -  Run Bytes Received By Job
	0  -  Total Bytes Sent By Job
	0  -  Total Bytes Received By Job
...
