000 (1755143.000.000) 11/14 02:19:46 Job submitted from host: <130.199.206.69:49450>
...
001 (1755143.000.000) 11/15 12:03:32 Job executing on host: <130.199.180.176:34913>
...
006 (1755143.000.000) 11/15 12:08:42 Image size of job updated: 287156
...
006 (1755143.000.000) 11/15 12:28:46 Image size of job updated: 288236
...
006 (1755143.000.000) 11/15 12:33:47 Image size of job updated: 293108
...
006 (1755143.000.000) 11/15 12:38:48 Image size of job updated: 293812
...
006 (1755143.000.000) 11/15 12:48:50 Image size of job updated: 293848
...
006 (1755143.000.000) 11/15 13:03:53 Image size of job updated: 298812
...
005 (1755143.000.000) 11/15 13:09:33 Job terminated.
	(1) Normal termination (return value 0)
		Usr 0 01:00:30, Sys 0 00:00:20  -  Run Remote Usage
		Usr 0 00:00:00, Sys 0 00:00:00  -  Run Local Usage
		Usr 0 01:00:30, Sys 0 00:00:20  -  Total Remote Usage
		Usr 0 00:00:00, Sys 0 00:00:00  -  Total Local Usage
	0  -  Run Bytes Sent By Job
	0  -  Run Bytes Received By Job
	0  -  Total Bytes Sent By Job
	0  -  Total Bytes Received By Job
...
