000 (1754949.000.000) 11/14 02:19:27 Job submitted from host: <130.199.206.69:49450>
...
001 (1754949.000.000) 11/15 15:42:53 Job executing on host: <130.199.183.3:38943>
...
006 (1754949.000.000) 11/15 15:43:01 Image size of job updated: 147348
...
006 (1754949.000.000) 11/15 15:48:01 Image size of job updated: 284348
...
006 (1754949.000.000) 11/15 15:53:01 Image size of job updated: 285972
...
006 (1754949.000.000) 11/15 16:03:01 Image size of job updated: 286036
...
006 (1754949.000.000) 11/15 16:08:01 Image size of job updated: 288452
...
006 (1754949.000.000) 11/15 16:18:01 Image size of job updated: 288816
...
006 (1754949.000.000) 11/15 16:23:01 Image size of job updated: 289860
...
006 (1754949.000.000) 11/15 16:28:01 Image size of job updated: 290056
...
006 (1754949.000.000) 11/15 16:33:01 Image size of job updated: 290064
...
006 (1754949.000.000) 11/15 16:38:01 Image size of job updated: 292848
...
006 (1754949.000.000) 11/15 16:43:02 Image size of job updated: 312524
...
006 (1754949.000.000) 11/15 16:48:03 Image size of job updated: 331980
...
006 (1754949.000.000) 11/15 16:53:04 Image size of job updated: 334376
...
006 (1754949.000.000) 11/15 16:58:05 Image size of job updated: 337448
...
006 (1754949.000.000) 11/15 17:03:06 Image size of job updated: 338472
...
006 (1754949.000.000) 11/15 17:13:08 Image size of job updated: 339496
...
006 (1754949.000.000) 11/15 17:18:09 Image size of job updated: 342568
...
006 (1754949.000.000) 11/15 17:28:11 Image size of job updated: 343592
...
006 (1754949.000.000) 11/15 17:33:12 Image size of job updated: 344616
...
006 (1754949.000.000) 11/15 17:38:13 Image size of job updated: 345640
...
006 (1754949.000.000) 11/15 17:43:14 Image size of job updated: 348796
...
005 (1754949.000.000) 11/15 18:15:50 Job terminated.
	(1) Normal termination (return value 0)
		Usr 0 02:08:25, Sys 0 00:01:11  -  Run Remote Usage
		Usr 0 00:00:00, Sys 0 00:00:00  -  Run Local Usage
		Usr 0 02:08:25, Sys 0 00:01:11  -  Total Remote Usage
		Usr 0 00:00:00, Sys 0 00:00:00  -  Total Local Usage
	0  -  Run Bytes Sent By Job
	0  -  Run Bytes Received By Job
	0  -  Total Bytes Sent By Job
	0  -  Total Bytes Received By Job
...
