000 (1753643.000.000) 11/14 02:16:08 Job submitted from host: <130.199.206.69:49450>
...
001 (1753643.000.000) 11/14 03:16:04 Job executing on host: <130.199.180.144:40361>
...
006 (1753643.000.000) 11/14 03:16:12 Image size of job updated: 72776
...
006 (1753643.000.000) 11/14 03:21:12 Image size of job updated: 304060
...
006 (1753643.000.000) 11/14 03:26:12 Image size of job updated: 315324
...
006 (1753643.000.000) 11/14 03:31:12 Image size of job updated: 321348
...
006 (1753643.000.000) 11/14 03:41:12 Image size of job updated: 322372
...
006 (1753643.000.000) 11/14 03:46:12 Image size of job updated: 323396
...
006 (1753643.000.000) 11/14 03:56:12 Image size of job updated: 325444
...
006 (1753643.000.000) 11/14 04:01:12 Image size of job updated: 327144
...
006 (1753643.000.000) 11/14 04:06:12 Image size of job updated: 329192
...
006 (1753643.000.000) 11/14 04:11:12 Image size of job updated: 330216
...
006 (1753643.000.000) 11/14 04:16:12 Image size of job updated: 331240
...
006 (1753643.000.000) 11/14 04:31:12 Image size of job updated: 332264
...
006 (1753643.000.000) 11/14 04:51:12 Image size of job updated: 333288
...
006 (1753643.000.000) 11/14 05:01:12 Image size of job updated: 334312
...
006 (1753643.000.000) 11/14 05:36:12 Image size of job updated: 335336
...
006 (1753643.000.000) 11/14 05:46:12 Image size of job updated: 336360
...
006 (1753643.000.000) 11/14 06:16:12 Image size of job updated: 337384
...
006 (1753643.000.000) 11/14 07:01:17 Image size of job updated: 338408
...
005 (1753643.000.000) 11/14 07:10:26 Job terminated.
	(1) Normal termination (return value 0)
		Usr 0 03:16:27, Sys 0 00:01:47  -  Run Remote Usage
		Usr 0 00:00:00, Sys 0 00:00:00  -  Run Local Usage
		Usr 0 03:16:27, Sys 0 00:01:47  -  Total Remote Usage
		Usr 0 00:00:00, Sys 0 00:00:00  -  Total Local Usage
	0  -  Run Bytes Sent By Job
	0  -  Run Bytes Received By Job
	0  -  Total Bytes Sent By Job
	0  -  Total Bytes Received By Job
...
