000 (1754253.000.000) 11/14 02:17:52 Job submitted from host: <130.199.206.69:49450>
...
001 (1754253.000.000) 11/14 05:50:31 Job executing on host: <130.199.180.143:49383>
...
006 (1754253.000.000) 11/14 05:55:39 Image size of job updated: 284016
...
006 (1754253.000.000) 11/14 06:00:39 Image size of job updated: 285160
...
006 (1754253.000.000) 11/14 06:05:39 Image size of job updated: 286012
...
006 (1754253.000.000) 11/14 06:10:39 Image size of job updated: 286128
...
006 (1754253.000.000) 11/14 06:15:39 Image size of job updated: 287916
...
006 (1754253.000.000) 11/14 06:25:41 Image size of job updated: 288124
...
006 (1754253.000.000) 11/14 06:35:43 Image size of job updated: 289500
...
006 (1754253.000.000) 11/14 06:40:44 Image size of job updated: 290600
...
006 (1754253.000.000) 11/14 06:45:45 Image size of job updated: 291320
...
006 (1754253.000.000) 11/14 06:50:46 Image size of job updated: 291732
...
006 (1754253.000.000) 11/14 06:55:47 Image size of job updated: 292980
...
006 (1754253.000.000) 11/14 07:10:50 Image size of job updated: 294248
...
006 (1754253.000.000) 11/14 07:45:57 Image size of job updated: 294668
...
006 (1754253.000.000) 11/14 07:55:59 Image size of job updated: 295008
...
006 (1754253.000.000) 11/14 08:16:03 Image size of job updated: 295432
...
006 (1754253.000.000) 11/14 08:26:05 Image size of job updated: 296240
...
006 (1754253.000.000) 11/14 08:41:08 Image size of job updated: 296672
...
006 (1754253.000.000) 11/14 08:46:09 Image size of job updated: 297328
...
006 (1754253.000.000) 11/14 08:56:11 Image size of job updated: 297336
...
006 (1754253.000.000) 11/14 09:21:16 Image size of job updated: 297500
...
006 (1754253.000.000) 11/14 09:31:18 Image size of job updated: 297560
...
006 (1754253.000.000) 11/14 09:36:19 Image size of job updated: 297828
...
006 (1754253.000.000) 11/14 09:46:21 Image size of job updated: 297920
...
005 (1754253.000.000) 11/14 09:54:46 Job terminated.
	(1) Normal termination (return value 0)
		Usr 0 03:46:13, Sys 0 00:01:55  -  Run Remote Usage
		Usr 0 00:00:00, Sys 0 00:00:00  -  Run Local Usage
		Usr 0 03:46:13, Sys 0 00:01:55  -  Total Remote Usage
		Usr 0 00:00:00, Sys 0 00:00:00  -  Total Local Usage
	0  -  Run Bytes Sent By Job
	0  -  Run Bytes Received By Job
	0  -  Total Bytes Sent By Job
	0  -  Total Bytes Received By Job
...
