000 (1753857.000.000) 11/14 02:16:47 Job submitted from host: <130.199.206.69:49450>
...
001 (1753857.000.000) 11/14 08:07:59 Job executing on host: <130.199.180.144:40361>
...
006 (1753857.000.000) 11/14 08:08:08 Image size of job updated: 158528
...
006 (1753857.000.000) 11/14 08:13:09 Image size of job updated: 280564
...
006 (1753857.000.000) 11/14 08:18:10 Image size of job updated: 293496
...
006 (1753857.000.000) 11/14 08:23:11 Image size of job updated: 294520
...
006 (1753857.000.000) 11/14 08:28:12 Image size of job updated: 294788
...
006 (1753857.000.000) 11/14 08:43:15 Image size of job updated: 295196
...
006 (1753857.000.000) 11/14 08:48:16 Image size of job updated: 296528
...
006 (1753857.000.000) 11/14 08:53:17 Image size of job updated: 297712
...
006 (1753857.000.000) 11/14 08:58:18 Image size of job updated: 297832
...
006 (1753857.000.000) 11/14 09:03:19 Image size of job updated: 299384
...
006 (1753857.000.000) 11/14 09:08:20 Image size of job updated: 299628
...
006 (1753857.000.000) 11/14 09:18:22 Image size of job updated: 299928
...
006 (1753857.000.000) 11/14 09:23:23 Image size of job updated: 299932
...
005 (1753857.000.000) 11/14 09:30:01 Job terminated.
	(1) Normal termination (return value 0)
		Usr 0 01:12:52, Sys 0 00:00:37  -  Run Remote Usage
		Usr 0 00:00:00, Sys 0 00:00:00  -  Run Local Usage
		Usr 0 01:12:52, Sys 0 00:00:37  -  Total Remote Usage
		Usr 0 00:00:00, Sys 0 00:00:00  -  Total Local Usage
	0  -  Run Bytes Sent By Job
	0  -  Run Bytes Received By Job
	0  -  Total Bytes Sent By Job
	0  -  Total Bytes Received By Job
...
