000 (1754404.000.000) 11/14 02:18:20 Job submitted from host: <130.199.206.69:49450>
...
001 (1754404.000.000) 11/14 02:55:15 Job executing on host: <130.199.206.191:54564>
...
006 (1754404.000.000) 11/14 03:00:23 Image size of job updated: 285324
...
006 (1754404.000.000) 11/14 03:05:23 Image size of job updated: 285836
...
006 (1754404.000.000) 11/14 03:15:23 Image size of job updated: 288316
...
006 (1754404.000.000) 11/14 03:20:23 Image size of job updated: 288340
...
006 (1754404.000.000) 11/14 03:25:23 Image size of job updated: 290616
...
006 (1754404.000.000) 11/14 03:30:23 Image size of job updated: 291108
...
006 (1754404.000.000) 11/14 03:35:23 Image size of job updated: 292460
...
006 (1754404.000.000) 11/14 03:40:24 Image size of job updated: 293132
...
006 (1754404.000.000) 11/14 03:45:25 Image size of job updated: 313140
...
006 (1754404.000.000) 11/14 03:50:26 Image size of job updated: 333620
...
006 (1754404.000.000) 11/14 03:55:27 Image size of job updated: 336692
...
006 (1754404.000.000) 11/14 04:00:28 Image size of job updated: 340788
...
006 (1754404.000.000) 11/14 04:05:29 Image size of job updated: 341264
...
006 (1754404.000.000) 11/14 04:10:30 Image size of job updated: 342288
...
006 (1754404.000.000) 11/14 04:15:31 Image size of job updated: 343312
...
006 (1754404.000.000) 11/14 04:25:33 Image size of job updated: 344336
...
006 (1754404.000.000) 11/14 04:35:35 Image size of job updated: 345360
...
006 (1754404.000.000) 11/14 04:45:37 Image size of job updated: 346384
...
006 (1754404.000.000) 11/14 05:00:40 Image size of job updated: 347408
...
005 (1754404.000.000) 11/14 05:18:16 Job terminated.
	(1) Normal termination (return value 0)
		Usr 0 02:05:10, Sys 0 00:00:30  -  Run Remote Usage
		Usr 0 00:00:00, Sys 0 00:00:00  -  Run Local Usage
		Usr 0 02:05:10, Sys 0 00:00:30  -  Total Remote Usage
		Usr 0 00:00:00, Sys 0 00:00:00  -  Total Local Usage
	0  -  Run Bytes Sent By Job
	0  -  Run Bytes Received By Job
	0  -  Total Bytes Sent By Job
	0  -  Total Bytes Received By Job
...
