000 (1754754.000.000) 11/14 02:18:59 Job submitted from host: <130.199.206.69:49450>
...
001 (1754754.000.000) 11/14 08:40:55 Job executing on host: <130.199.180.148:39203>
...
006 (1754754.000.000) 11/14 08:41:04 Image size of job updated: 173820
...
006 (1754754.000.000) 11/14 08:46:05 Image size of job updated: 284268
...
006 (1754754.000.000) 11/14 08:51:06 Image size of job updated: 285960
...
006 (1754754.000.000) 11/14 08:56:07 Image size of job updated: 287112
...
006 (1754754.000.000) 11/14 09:01:08 Image size of job updated: 287744
...
006 (1754754.000.000) 11/14 09:06:09 Image size of job updated: 288672
...
006 (1754754.000.000) 11/14 09:11:10 Image size of job updated: 289504
...
006 (1754754.000.000) 11/14 09:26:13 Image size of job updated: 289760
...
006 (1754754.000.000) 11/14 09:46:17 Image size of job updated: 292036
...
006 (1754754.000.000) 11/14 09:51:18 Image size of job updated: 292588
...
006 (1754754.000.000) 11/14 10:01:20 Image size of job updated: 293992
...
006 (1754754.000.000) 11/14 10:11:22 Image size of job updated: 294076
...
006 (1754754.000.000) 11/14 10:36:27 Image size of job updated: 294184
...
006 (1754754.000.000) 11/14 10:41:28 Image size of job updated: 294888
...
006 (1754754.000.000) 11/14 10:46:29 Image size of job updated: 295028
...
006 (1754754.000.000) 11/14 11:01:32 Image size of job updated: 295268
...
006 (1754754.000.000) 11/14 11:06:33 Image size of job updated: 295608
...
006 (1754754.000.000) 11/14 11:26:37 Image size of job updated: 295688
...
006 (1754754.000.000) 11/14 11:41:40 Image size of job updated: 295900
...
006 (1754754.000.000) 11/14 11:46:41 Image size of job updated: 296848
...
005 (1754754.000.000) 11/14 11:53:01 Job terminated.
	(1) Normal termination (return value 0)
		Usr 0 02:52:06, Sys 0 00:01:46  -  Run Remote Usage
		Usr 0 00:00:00, Sys 0 00:00:00  -  Run Local Usage
		Usr 0 02:52:06, Sys 0 00:01:46  -  Total Remote Usage
		Usr 0 00:00:00, Sys 0 00:00:00  -  Total Local Usage
	0  -  Run Bytes Sent By Job
	0  -  Run Bytes Received By Job
	0  -  Total Bytes Sent By Job
	0  -  Total Bytes Received By Job
...
