000 (1753642.000.000) 11/14 02:16:08 Job submitted from host: <130.199.206.69:49450>
...
001 (1753642.000.000) 11/14 05:11:55 Job executing on host: <130.199.183.17:52518>
...
006 (1753642.000.000) 11/14 05:17:03 Image size of job updated: 283848
...
006 (1753642.000.000) 11/14 05:22:03 Image size of job updated: 286040
...
006 (1753642.000.000) 11/14 05:27:03 Image size of job updated: 286044
...
006 (1753642.000.000) 11/14 05:32:03 Image size of job updated: 286368
...
006 (1753642.000.000) 11/14 05:37:03 Image size of job updated: 286772
...
006 (1753642.000.000) 11/14 05:42:03 Image size of job updated: 288400
...
006 (1753642.000.000) 11/14 05:52:03 Image size of job updated: 289004
...
006 (1753642.000.000) 11/14 06:02:03 Image size of job updated: 290612
...
006 (1753642.000.000) 11/14 06:17:04 Image size of job updated: 290956
...
006 (1753642.000.000) 11/14 06:22:05 Image size of job updated: 291628
...
006 (1753642.000.000) 11/14 06:27:06 Image size of job updated: 292400
...
006 (1753642.000.000) 11/14 06:32:07 Image size of job updated: 292692
...
006 (1753642.000.000) 11/14 06:37:08 Image size of job updated: 293052
...
006 (1753642.000.000) 11/14 06:47:10 Image size of job updated: 293340
...
006 (1753642.000.000) 11/14 06:52:11 Image size of job updated: 293368
...
006 (1753642.000.000) 11/14 07:17:16 Image size of job updated: 294716
...
006 (1753642.000.000) 11/14 07:22:17 Image size of job updated: 294728
...
006 (1753642.000.000) 11/14 08:07:26 Image size of job updated: 294848
...
006 (1753642.000.000) 11/14 08:12:27 Image size of job updated: 295016
...
006 (1753642.000.000) 11/14 08:17:28 Image size of job updated: 296364
...
006 (1753642.000.000) 11/14 08:52:35 Image size of job updated: 296376
...
006 (1753642.000.000) 11/14 08:57:36 Image size of job updated: 296496
...
006 (1753642.000.000) 11/14 09:02:37 Image size of job updated: 296880
...
005 (1753642.000.000) 11/14 09:17:28 Job terminated.
	(1) Normal termination (return value 0)
		Usr 0 03:41:31, Sys 0 00:01:10  -  Run Remote Usage
		Usr 0 00:00:00, Sys 0 00:00:00  -  Run Local Usage
		Usr 0 03:41:31, Sys 0 00:01:10  -  Total Remote Usage
		Usr 0 00:00:00, Sys 0 00:00:00  -  Total Local Usage
	0  -  Run Bytes Sent By Job
	0  -  Run Bytes Received By Job
	0  -  Total Bytes Sent By Job
	0  -  Total Bytes Received By Job
...
