000 (1754768.000.000) 11/14 02:18:59 Job submitted from host: <130.199.206.69:49450>
...
001 (1754768.000.000) 11/14 06:14:24 Job executing on host: <130.199.180.155:36902>
...
006 (1754768.000.000) 11/14 06:14:33 Image size of job updated: 136464
...
006 (1754768.000.000) 11/14 06:19:34 Image size of job updated: 283516
...
006 (1754768.000.000) 11/14 06:24:35 Image size of job updated: 285060
...
006 (1754768.000.000) 11/14 06:34:37 Image size of job updated: 285100
...
006 (1754768.000.000) 11/14 06:39:38 Image size of job updated: 285460
...
006 (1754768.000.000) 11/14 06:44:39 Image size of job updated: 286012
...
006 (1754768.000.000) 11/14 06:49:40 Image size of job updated: 286300
...
006 (1754768.000.000) 11/14 06:54:41 Image size of job updated: 286748
...
006 (1754768.000.000) 11/14 06:59:42 Image size of job updated: 287872
...
006 (1754768.000.000) 11/14 07:04:43 Image size of job updated: 291984
...
006 (1754768.000.000) 11/14 07:09:44 Image size of job updated: 292852
...
006 (1754768.000.000) 11/14 07:19:46 Image size of job updated: 293080
...
006 (1754768.000.000) 11/14 07:24:47 Image size of job updated: 293128
...
006 (1754768.000.000) 11/14 07:39:50 Image size of job updated: 293304
...
006 (1754768.000.000) 11/14 07:44:51 Image size of job updated: 293420
...
006 (1754768.000.000) 11/14 07:59:54 Image size of job updated: 293476
...
006 (1754768.000.000) 11/14 08:04:55 Image size of job updated: 293940
...
006 (1754768.000.000) 11/14 08:19:58 Image size of job updated: 294312
...
006 (1754768.000.000) 11/14 08:35:01 Image size of job updated: 294508
...
006 (1754768.000.000) 11/14 08:45:03 Image size of job updated: 294640
...
006 (1754768.000.000) 11/14 08:50:04 Image size of job updated: 295028
...
006 (1754768.000.000) 11/14 09:00:06 Image size of job updated: 295092
...
006 (1754768.000.000) 11/14 09:25:11 Image size of job updated: 295652
...
006 (1754768.000.000) 11/14 09:30:12 Image size of job updated: 295820
...
006 (1754768.000.000) 11/14 09:55:17 Image size of job updated: 295828
...
006 (1754768.000.000) 11/14 10:10:19 Image size of job updated: 295876
...
006 (1754768.000.000) 11/14 10:15:19 Image size of job updated: 295976
...
005 (1754768.000.000) 11/14 10:31:30 Job terminated.
	(1) Normal termination (return value 0)
		Usr 0 03:46:10, Sys 0 00:01:45  -  Run Remote Usage
		Usr 0 00:00:00, Sys 0 00:00:00  -  Run Local Usage
		Usr 0 03:46:10, Sys 0 00:01:45  -  Total Remote Usage
		Usr 0 00:00:00, Sys 0 00:00:00  -  Total Local Usage
	0  -  Run Bytes Sent By Job
	0  -  Run Bytes Received By Job
	0  -  Total Bytes Sent By Job
	0  -  Total Bytes Received By Job
...
