000 (1753392.000.000) 11/14 02:14:53 Job submitted from host: <130.199.206.69:49450>
...
001 (1753392.000.000) 11/14 02:57:52 Job executing on host: <130.199.206.191:54564>
...
006 (1753392.000.000) 11/14 02:58:00 Image size of job updated: 182812
...
006 (1753392.000.000) 11/14 03:03:00 Image size of job updated: 280004
...
006 (1753392.000.000) 11/14 03:08:00 Image size of job updated: 283012
...
006 (1753392.000.000) 11/14 03:13:00 Image size of job updated: 286724
...
006 (1753392.000.000) 11/14 03:18:00 Image size of job updated: 289312
...
006 (1753392.000.000) 11/14 03:23:00 Image size of job updated: 292868
...
005 (1753392.000.000) 11/14 03:23:22 Job terminated.
	(1) Normal termination (return value 0)
		Usr 0 00:22:50, Sys 0 00:00:04  -  Run Remote Usage
		Usr 0 00:00:00, Sys 0 00:00:00  -  Run Local Usage
		Usr 0 00:22:50, Sys 0 00:00:04  -  Total Remote Usage
		Usr 0 00:00:00, Sys 0 00:00:00  -  Total Local Usage
	0  -  Run Bytes Sent By Job
	0  -  Run Bytes Received By Job
	0  -  Total Bytes Sent By Job
	0  -  Total Bytes Received By Job
...
