000 (1754807.000.000) 11/14 02:19:12 Job submitted from host: <130.199.206.69:49450>
...
001 (1754807.000.000) 11/14 09:05:17 Job executing on host: <130.199.180.167:33733>
...
006 (1754807.000.000) 11/14 09:05:26 Image size of job updated: 189440
...
006 (1754807.000.000) 11/14 09:10:27 Image size of job updated: 284920
...
006 (1754807.000.000) 11/14 09:15:28 Image size of job updated: 287400
...
006 (1754807.000.000) 11/14 09:25:30 Image size of job updated: 291176
...
006 (1754807.000.000) 11/14 09:30:31 Image size of job updated: 291880
...
006 (1754807.000.000) 11/14 09:35:32 Image size of job updated: 292656
...
006 (1754807.000.000) 11/14 09:40:33 Image size of job updated: 293556
...
006 (1754807.000.000) 11/14 09:45:33 Image size of job updated: 294028
...
006 (1754807.000.000) 11/14 09:50:33 Image size of job updated: 294212
...
006 (1754807.000.000) 11/14 09:55:33 Image size of job updated: 296812
...
006 (1754807.000.000) 11/14 10:00:33 Image size of job updated: 297660
...
006 (1754807.000.000) 11/14 10:05:33 Image size of job updated: 298312
...
006 (1754807.000.000) 11/14 10:25:33 Image size of job updated: 298444
...
006 (1754807.000.000) 11/14 10:40:33 Image size of job updated: 299180
...
006 (1754807.000.000) 11/14 11:00:33 Image size of job updated: 300000
...
006 (1754807.000.000) 11/14 11:05:33 Image size of job updated: 300124
...
006 (1754807.000.000) 11/14 11:15:33 Image size of job updated: 300252
...
006 (1754807.000.000) 11/14 11:20:33 Image size of job updated: 300412
...
006 (1754807.000.000) 11/14 11:40:33 Image size of job updated: 314324
...
006 (1754807.000.000) 11/14 11:45:33 Image size of job updated: 326352
...
006 (1754807.000.000) 11/14 11:50:33 Image size of job updated: 337616
...
006 (1754807.000.000) 11/14 11:55:33 Image size of job updated: 342736
...
006 (1754807.000.000) 11/14 12:00:33 Image size of job updated: 343760
...
005 (1754807.000.000) 11/14 12:07:52 Job terminated.
	(1) Normal termination (return value 0)
		Usr 0 02:47:22, Sys 0 00:02:00  -  Run Remote Usage
		Usr 0 00:00:00, Sys 0 00:00:00  -  Run Local Usage
		Usr 0 02:47:22, Sys 0 00:02:00  -  Total Remote Usage
		Usr 0 00:00:00, Sys 0 00:00:00  -  Total Local Usage
	0  -  Run Bytes Sent By Job
	0  -  Run Bytes Received By Job
	0  -  Total Bytes Sent By Job
	0  -  Total Bytes Received By Job
...
