000 (1754594.000.000) 11/14 02:18:46 Job submitted from host: <130.199.206.69:49450>
...
001 (1754594.000.000) 11/14 05:36:23 Job executing on host: <130.199.183.3:38943>
...
006 (1754594.000.000) 11/14 05:36:31 Image size of job updated: 189568
...
006 (1754594.000.000) 11/14 05:41:31 Image size of job updated: 282972
...
006 (1754594.000.000) 11/14 05:46:31 Image size of job updated: 283708
...
006 (1754594.000.000) 11/14 05:51:31 Image size of job updated: 284660
...
006 (1754594.000.000) 11/14 05:56:31 Image size of job updated: 284972
...
006 (1754594.000.000) 11/14 06:11:31 Image size of job updated: 289680
...
006 (1754594.000.000) 11/14 06:26:31 Image size of job updated: 291804
...
006 (1754594.000.000) 11/14 06:31:31 Image size of job updated: 291984
...
006 (1754594.000.000) 11/14 06:36:31 Image size of job updated: 292952
...
006 (1754594.000.000) 11/14 06:41:31 Image size of job updated: 293332
...
006 (1754594.000.000) 11/14 06:56:33 Image size of job updated: 293460
...
006 (1754594.000.000) 11/14 07:06:35 Image size of job updated: 319076
...
006 (1754594.000.000) 11/14 07:11:36 Image size of job updated: 325740
...
006 (1754594.000.000) 11/14 07:16:37 Image size of job updated: 337004
...
006 (1754594.000.000) 11/14 07:21:38 Image size of job updated: 339052
...
006 (1754594.000.000) 11/14 07:26:39 Image size of job updated: 340076
...
006 (1754594.000.000) 11/14 07:31:40 Image size of job updated: 341100
...
006 (1754594.000.000) 11/14 07:56:45 Image size of job updated: 342124
...
006 (1754594.000.000) 11/14 08:06:47 Image size of job updated: 344172
...
006 (1754594.000.000) 11/14 08:36:53 Image size of job updated: 345196
...
006 (1754594.000.000) 11/14 08:56:57 Image size of job updated: 346220
...
006 (1754594.000.000) 11/14 09:26:58 Image size of job updated: 347244
...
005 (1754594.000.000) 11/14 09:36:21 Job terminated.
	(1) Normal termination (return value 0)
		Usr 0 03:39:15, Sys 0 00:01:49  -  Run Remote Usage
		Usr 0 00:00:00, Sys 0 00:00:00  -  Run Local Usage
		Usr 0 03:39:15, Sys 0 00:01:49  -  Total Remote Usage
		Usr 0 00:00:00, Sys 0 00:00:00  -  Total Local Usage
	0  -  Run Bytes Sent By Job
	0  -  Run Bytes Received By Job
	0  -  Total Bytes Sent By Job
	0  -  Total Bytes Received By Job
...
