000 (1753425.000.000) 11/14 02:14:53 Job submitted from host: <130.199.206.69:49450>
...
001 (1753425.000.000) 11/14 02:26:53 Job executing on host: <130.199.183.22:48346>
...
006 (1753425.000.000) 11/14 02:27:01 Image size of job updated: 237788
...
006 (1753425.000.000) 11/14 02:32:01 Image size of job updated: 281716
...
006 (1753425.000.000) 11/14 02:37:01 Image size of job updated: 283680
...
006 (1753425.000.000) 11/14 02:42:01 Image size of job updated: 284792
...
006 (1753425.000.000) 11/14 02:47:01 Image size of job updated: 291080
...
006 (1753425.000.000) 11/14 02:52:01 Image size of job updated: 292636
...
006 (1753425.000.000) 11/14 02:57:01 Image size of job updated: 295004
...
005 (1753425.000.000) 11/14 02:59:46 Job terminated.
	(1) Normal termination (return value 0)
		Usr 0 00:28:18, Sys 0 00:00:14  -  Run Remote Usage
		Usr 0 00:00:00, Sys 0 00:00:00  -  Run Local Usage
		Usr 0 00:28:18, Sys 0 00:00:14  -  Total Remote Usage
		Usr 0 00:00:00, Sys 0 00:00:00  -  Total Local Usage
	0  -  Run Bytes Sent By Job
	0  -  Run Bytes Received By Job
	0  -  Total Bytes Sent By Job
	0  -  Total Bytes Received By Job
...
