000 (1754459.000.000) 11/14 02:18:20 Job submitted from host: <130.199.206.69:49450>
...
001 (1754459.000.000) 11/14 11:08:47 Job executing on host: <130.199.180.170:47912>
...
006 (1754459.000.000) 11/14 11:08:55 Image size of job updated: 142668
...
006 (1754459.000.000) 11/14 11:13:55 Image size of job updated: 277936
...
006 (1754459.000.000) 11/14 11:18:55 Image size of job updated: 288600
...
006 (1754459.000.000) 11/14 11:23:55 Image size of job updated: 291552
...
006 (1754459.000.000) 11/14 11:28:55 Image size of job updated: 295356
...
006 (1754459.000.000) 11/14 11:33:55 Image size of job updated: 296356
...
006 (1754459.000.000) 11/14 11:38:55 Image size of job updated: 296700
...
005 (1754459.000.000) 11/14 11:39:07 Job terminated.
	(1) Normal termination (return value 0)
		Usr 0 00:27:37, Sys 0 00:00:16  -  Run Remote Usage
		Usr 0 00:00:00, Sys 0 00:00:00  -  Run Local Usage
		Usr 0 00:27:37, Sys 0 00:00:16  -  Total Remote Usage
		Usr 0 00:00:00, Sys 0 00:00:00  -  Total Local Usage
	0  -  Run Bytes Sent By Job
	0  -  Run Bytes Received By Job
	0  -  Total Bytes Sent By Job
	0  -  Total Bytes Received By Job
...
