000 (1753597.000.000) 11/14 02:16:08 Job submitted from host: <130.199.206.69:49450>
...
001 (1753597.000.000) 11/14 03:02:21 Job executing on host: <130.199.183.20:45557>
...
006 (1753597.000.000) 11/14 03:02:29 Image size of job updated: 192816
...
006 (1753597.000.000) 11/14 03:07:29 Image size of job updated: 283580
...
006 (1753597.000.000) 11/14 03:12:29 Image size of job updated: 285212
...
006 (1753597.000.000) 11/14 03:17:29 Image size of job updated: 285888
...
006 (1753597.000.000) 11/14 03:22:29 Image size of job updated: 290348
...
006 (1753597.000.000) 11/14 03:27:29 Image size of job updated: 309804
...
006 (1753597.000.000) 11/14 03:32:29 Image size of job updated: 339172
...
006 (1753597.000.000) 11/14 03:37:29 Image size of job updated: 342244
...
006 (1753597.000.000) 11/14 03:42:29 Image size of job updated: 343268
...
006 (1753597.000.000) 11/14 03:47:29 Image size of job updated: 344292
...
006 (1753597.000.000) 11/14 03:52:29 Image size of job updated: 345316
...
006 (1753597.000.000) 11/14 03:57:29 Image size of job updated: 346340
...
006 (1753597.000.000) 11/14 04:02:29 Image size of job updated: 347364
...
005 (1753597.000.000) 11/14 04:08:16 Job terminated.
	(1) Normal termination (return value 0)
		Usr 0 00:50:42, Sys 0 00:00:24  -  Run Remote Usage
		Usr 0 00:00:00, Sys 0 00:00:00  -  Run Local Usage
		Usr 0 00:50:42, Sys 0 00:00:24  -  Total Remote Usage
		Usr 0 00:00:00, Sys 0 00:00:00  -  Total Local Usage
	0  -  Run Bytes Sent By Job
	0  -  Run Bytes Received By Job
	0  -  Total Bytes Sent By Job
	0  -  Total Bytes Received By Job
...
