000 (1754969.000.000) 11/14 02:19:27 Job submitted from host: <130.199.206.69:49450>
...
001 (1754969.000.000) 11/15 15:44:26 Job executing on host: <130.199.180.165:47530>
...
006 (1754969.000.000) 11/15 15:49:36 Image size of job updated: 285360
...
006 (1754969.000.000) 11/15 15:54:37 Image size of job updated: 286916
...
006 (1754969.000.000) 11/15 16:04:39 Image size of job updated: 287932
...
006 (1754969.000.000) 11/15 16:09:40 Image size of job updated: 291636
...
006 (1754969.000.000) 11/15 16:24:43 Image size of job updated: 291716
...
006 (1754969.000.000) 11/15 16:29:44 Image size of job updated: 292824
...
006 (1754969.000.000) 11/15 16:34:45 Image size of job updated: 293544
...
006 (1754969.000.000) 11/15 17:04:51 Image size of job updated: 294008
...
006 (1754969.000.000) 11/15 17:14:53 Image size of job updated: 295572
...
006 (1754969.000.000) 11/15 17:19:54 Image size of job updated: 296512
...
006 (1754969.000.000) 11/15 17:24:56 Image size of job updated: 296628
...
006 (1754969.000.000) 11/15 17:34:56 Image size of job updated: 296668
...
006 (1754969.000.000) 11/15 17:39:56 Image size of job updated: 312332
...
006 (1754969.000.000) 11/15 17:44:56 Image size of job updated: 334860
...
006 (1754969.000.000) 11/15 17:49:56 Image size of job updated: 338956
...
006 (1754969.000.000) 11/15 17:54:56 Image size of job updated: 339980
...
006 (1754969.000.000) 11/15 17:59:56 Image size of job updated: 341004
...
005 (1754969.000.000) 11/15 18:04:28 Job terminated.
	(1) Normal termination (return value 0)
		Usr 0 02:00:05, Sys 0 00:01:01  -  Run Remote Usage
		Usr 0 00:00:00, Sys 0 00:00:00  -  Run Local Usage
		Usr 0 02:00:05, Sys 0 00:01:01  -  Total Remote Usage
		Usr 0 00:00:00, Sys 0 00:00:00  -  Total Local Usage
	0  -  Run Bytes Sent By Job
	0  -  Run Bytes Received By Job
	0  -  Total Bytes Sent By Job
	0  -  Total Bytes Received By Job
...
