000 (1753649.000.000) 11/14 02:16:08 Job submitted from host: <130.199.206.69:49450>
...
001 (1753649.000.000) 11/14 07:56:22 Job executing on host: <130.199.180.148:39203>
...
006 (1753649.000.000) 11/14 07:56:31 Image size of job updated: 145544
...
006 (1753649.000.000) 11/14 08:01:32 Image size of job updated: 283992
...
006 (1753649.000.000) 11/14 08:06:33 Image size of job updated: 285256
...
006 (1753649.000.000) 11/14 08:11:34 Image size of job updated: 285680
...
006 (1753649.000.000) 11/14 08:16:35 Image size of job updated: 285980
...
006 (1753649.000.000) 11/14 08:26:37 Image size of job updated: 287092
...
006 (1753649.000.000) 11/14 08:31:38 Image size of job updated: 287540
...
006 (1753649.000.000) 11/14 08:36:39 Image size of job updated: 290164
...
006 (1753649.000.000) 11/14 08:46:41 Image size of job updated: 292256
...
006 (1753649.000.000) 11/14 09:01:44 Image size of job updated: 293664
...
006 (1753649.000.000) 11/14 09:36:51 Image size of job updated: 294112
...
006 (1753649.000.000) 11/14 09:41:52 Image size of job updated: 294488
...
006 (1753649.000.000) 11/14 09:46:53 Image size of job updated: 294780
...
006 (1753649.000.000) 11/14 09:51:54 Image size of job updated: 295900
...
006 (1753649.000.000) 11/14 09:56:55 Image size of job updated: 296188
...
005 (1753649.000.000) 11/14 10:42:51 Job terminated.
	(1) Normal termination (return value 0)
		Usr 0 02:33:29, Sys 0 00:01:24  -  Run Remote Usage
		Usr 0 00:00:00, Sys 0 00:00:00  -  Run Local Usage
		Usr 0 02:33:29, Sys 0 00:01:24  -  Total Remote Usage
		Usr 0 00:00:00, Sys 0 00:00:00  -  Total Local Usage
	0  -  Run Bytes Sent By Job
	0  -  Run Bytes Received By Job
	0  -  Total Bytes Sent By Job
	0  -  Total Bytes Received By Job
...
