000 (1755039.000.000) 11/14 02:19:38 Job submitted from host: <130.199.206.69:49450>
...
001 (1755039.000.000) 11/15 11:45:01 Job executing on host: <130.199.206.186:51945>
...
006 (1755039.000.000) 11/15 11:45:09 Image size of job updated: 132024
...
006 (1755039.000.000) 11/15 11:50:09 Image size of job updated: 308252
...
006 (1755039.000.000) 11/15 12:30:09 Image size of job updated: 332472
...
006 (1755039.000.000) 11/15 12:35:09 Image size of job updated: 338872
...
006 (1755039.000.000) 11/15 12:40:09 Image size of job updated: 339896
...
006 (1755039.000.000) 11/15 12:45:09 Image size of job updated: 341944
...
006 (1755039.000.000) 11/15 12:50:10 Image size of job updated: 342968
...
006 (1755039.000.000) 11/15 13:20:16 Image size of job updated: 343992
...
006 (1755039.000.000) 11/15 13:35:19 Image size of job updated: 345016
...
006 (1755039.000.000) 11/15 13:40:20 Image size of job updated: 346040
...
005 (1755039.000.000) 11/15 14:10:45 Job terminated.
	(1) Normal termination (return value 0)
		Usr 0 01:50:45, Sys 0 00:00:26  -  Run Remote Usage
		Usr 0 00:00:00, Sys 0 00:00:00  -  Run Local Usage
		Usr 0 01:50:45, Sys 0 00:00:26  -  Total Remote Usage
		Usr 0 00:00:00, Sys 0 00:00:00  -  Total Local Usage
	0  -  Run Bytes Sent By Job
	0  -  Run Bytes Received By Job
	0  -  Total Bytes Sent By Job
	0  -  Total Bytes Received By Job
...
