000 (1754557.000.000) 11/14 02:18:34 Job submitted from host: <130.199.206.69:49450>
...
001 (1754557.000.000) 11/14 05:21:03 Job executing on host: <130.199.180.157:54764>
...
006 (1754557.000.000) 11/14 05:26:11 Image size of job updated: 276732
...
006 (1754557.000.000) 11/14 05:31:11 Image size of job updated: 292632
...
006 (1754557.000.000) 11/14 05:36:11 Image size of job updated: 293324
...
006 (1754557.000.000) 11/14 05:41:11 Image size of job updated: 293476
...
006 (1754557.000.000) 11/14 05:46:11 Image size of job updated: 294980
...
006 (1754557.000.000) 11/14 05:51:11 Image size of job updated: 295916
...
006 (1754557.000.000) 11/14 05:56:11 Image size of job updated: 299080
...
006 (1754557.000.000) 11/14 06:01:11 Image size of job updated: 299688
...
006 (1754557.000.000) 11/14 06:06:11 Image size of job updated: 299928
...
005 (1754557.000.000) 11/14 06:12:45 Job terminated.
	(1) Normal termination (return value 0)
		Usr 0 00:47:31, Sys 0 00:00:26  -  Run Remote Usage
		Usr 0 00:00:00, Sys 0 00:00:00  -  Run Local Usage
		Usr 0 00:47:31, Sys 0 00:00:26  -  Total Remote Usage
		Usr 0 00:00:00, Sys 0 00:00:00  -  Total Local Usage
	0  -  Run Bytes Sent By Job
	0  -  Run Bytes Received By Job
	0  -  Total Bytes Sent By Job
	0  -  Total Bytes Received By Job
...
