000 (1753641.000.000) 11/14 02:16:08 Job submitted from host: <130.199.206.69:49450>
...
001 (1753641.000.000) 11/14 05:20:38 Job executing on host: <130.199.180.164:59873>
...
006 (1753641.000.000) 11/14 05:20:47 Image size of job updated: 237176
...
006 (1753641.000.000) 11/14 05:25:48 Image size of job updated: 288036
...
006 (1753641.000.000) 11/14 05:30:49 Image size of job updated: 291652
...
006 (1753641.000.000) 11/14 05:35:50 Image size of job updated: 292600
...
006 (1753641.000.000) 11/14 05:40:51 Image size of job updated: 293072
...
006 (1753641.000.000) 11/14 05:45:52 Image size of job updated: 294048
...
006 (1753641.000.000) 11/14 05:50:53 Image size of job updated: 294240
...
006 (1753641.000.000) 11/14 05:55:54 Image size of job updated: 295856
...
006 (1753641.000.000) 11/14 06:05:56 Image size of job updated: 297492
...
006 (1753641.000.000) 11/14 06:10:57 Image size of job updated: 297880
...
006 (1753641.000.000) 11/14 06:15:58 Image size of job updated: 298420
...
006 (1753641.000.000) 11/14 06:51:05 Image size of job updated: 298680
...
006 (1753641.000.000) 11/14 07:11:09 Image size of job updated: 298984
...
005 (1753641.000.000) 11/14 07:11:48 Job terminated.
	(1) Normal termination (return value 0)
		Usr 0 01:41:31, Sys 0 00:00:52  -  Run Remote Usage
		Usr 0 00:00:00, Sys 0 00:00:00  -  Run Local Usage
		Usr 0 01:41:31, Sys 0 00:00:52  -  Total Remote Usage
		Usr 0 00:00:00, Sys 0 00:00:00  -  Total Local Usage
	0  -  Run Bytes Sent By Job
	0  -  Run Bytes Received By Job
	0  -  Total Bytes Sent By Job
	0  -  Total Bytes Received By Job
...
