000 (1754013.000.000) 11/14 02:17:22 Job submitted from host: <130.199.206.69:49450>
...
001 (1754013.000.000) 11/14 08:34:32 Job executing on host: <130.199.180.178:51879>
...
006 (1754013.000.000) 11/14 08:34:40 Image size of job updated: 173672
...
006 (1754013.000.000) 11/14 08:39:40 Image size of job updated: 284492
...
006 (1754013.000.000) 11/14 08:49:40 Image size of job updated: 286412
...
006 (1754013.000.000) 11/14 08:59:40 Image size of job updated: 287384
...
006 (1754013.000.000) 11/14 09:09:40 Image size of job updated: 287592
...
006 (1754013.000.000) 11/14 09:14:40 Image size of job updated: 288672
...
006 (1754013.000.000) 11/14 09:19:40 Image size of job updated: 289472
...
006 (1754013.000.000) 11/14 09:24:40 Image size of job updated: 291608
...
006 (1754013.000.000) 11/14 09:34:40 Image size of job updated: 292216
...
006 (1754013.000.000) 11/14 09:39:40 Image size of job updated: 293072
...
006 (1754013.000.000) 11/14 09:44:40 Image size of job updated: 293680
...
006 (1754013.000.000) 11/14 09:54:40 Image size of job updated: 294424
...
006 (1754013.000.000) 11/14 10:24:40 Image size of job updated: 295260
...
006 (1754013.000.000) 11/14 10:34:41 Image size of job updated: 295332
...
006 (1754013.000.000) 11/14 10:39:42 Image size of job updated: 321028
...
006 (1754013.000.000) 11/14 10:44:43 Image size of job updated: 328196
...
006 (1754013.000.000) 11/14 10:49:44 Image size of job updated: 334812
...
006 (1754013.000.000) 11/14 10:54:45 Image size of job updated: 337360
...
006 (1754013.000.000) 11/14 11:09:48 Image size of job updated: 339408
...
006 (1754013.000.000) 11/14 11:19:50 Image size of job updated: 342480
...
006 (1754013.000.000) 11/14 11:24:51 Image size of job updated: 343504
...
006 (1754013.000.000) 11/14 11:29:52 Image size of job updated: 344528
...
005 (1754013.000.000) 11/14 11:49:40 Job terminated.
	(1) Normal termination (return value 0)
		Usr 0 02:56:12, Sys 0 00:01:48  -  Run Remote Usage
		Usr 0 00:00:00, Sys 0 00:00:00  -  Run Local Usage
		Usr 0 02:56:12, Sys 0 00:01:48  -  Total Remote Usage
		Usr 0 00:00:00, Sys 0 00:00:00  -  Total Local Usage
	0  -  Run Bytes Sent By Job
	0  -  Run Bytes Received By Job
	0  -  Total Bytes Sent By Job
	0  -  Total Bytes Received By Job
...
