000 (1753524.000.000) 11/14 02:15:48 Job submitted from host: <130.199.206.69:49450>
...
001 (1753524.000.000) 11/14 04:04:16 Job executing on host: <130.199.206.192:49412>
...
006 (1753524.000.000) 11/14 04:09:26 Image size of job updated: 284672
...
006 (1753524.000.000) 11/14 04:14:27 Image size of job updated: 285556
...
006 (1753524.000.000) 11/14 04:19:28 Image size of job updated: 288052
...
006 (1753524.000.000) 11/14 04:24:29 Image size of job updated: 288552
...
006 (1753524.000.000) 11/14 04:29:30 Image size of job updated: 289544
...
006 (1753524.000.000) 11/14 04:34:31 Image size of job updated: 292176
...
006 (1753524.000.000) 11/14 04:44:32 Image size of job updated: 322624
...
006 (1753524.000.000) 11/14 04:49:32 Image size of job updated: 334912
...
006 (1753524.000.000) 11/14 04:54:32 Image size of job updated: 336960
...
006 (1753524.000.000) 11/14 04:59:32 Image size of job updated: 339008
...
006 (1753524.000.000) 11/14 05:09:32 Image size of job updated: 341056
...
006 (1753524.000.000) 11/14 05:14:32 Image size of job updated: 342080
...
006 (1753524.000.000) 11/14 05:19:32 Image size of job updated: 343104
...
006 (1753524.000.000) 11/14 05:29:32 Image size of job updated: 344128
...
006 (1753524.000.000) 11/14 05:44:32 Image size of job updated: 345152
...
006 (1753524.000.000) 11/14 05:49:32 Image size of job updated: 346176
...
006 (1753524.000.000) 11/14 06:19:32 Image size of job updated: 347200
...
005 (1753524.000.000) 11/14 06:25:42 Job terminated.
	(1) Normal termination (return value 0)
		Usr 0 02:01:47, Sys 0 00:00:24  -  Run Remote Usage
		Usr 0 00:00:00, Sys 0 00:00:00  -  Run Local Usage
		Usr 0 02:01:47, Sys 0 00:00:24  -  Total Remote Usage
		Usr 0 00:00:00, Sys 0 00:00:00  -  Total Local Usage
	0  -  Run Bytes Sent By Job
	0  -  Run Bytes Received By Job
	0  -  Total Bytes Sent By Job
	0  -  Total Bytes Received By Job
...
