000 (1754295.000.000) 11/14 02:18:07 Job submitted from host: <130.199.206.69:49450>
...
001 (1754295.000.000) 11/14 05:14:16 Job executing on host: <130.199.207.19:59963>
...
006 (1754295.000.000) 11/14 05:14:25 Image size of job updated: 173676
...
006 (1754295.000.000) 11/14 05:19:26 Image size of job updated: 289324
...
006 (1754295.000.000) 11/14 05:24:27 Image size of job updated: 291232
...
006 (1754295.000.000) 11/14 05:29:28 Image size of job updated: 292596
...
006 (1754295.000.000) 11/14 05:34:29 Image size of job updated: 293264
...
006 (1754295.000.000) 11/14 05:39:30 Image size of job updated: 293628
...
006 (1754295.000.000) 11/14 05:44:31 Image size of job updated: 294284
...
006 (1754295.000.000) 11/14 05:49:32 Image size of job updated: 294452
...
005 (1754295.000.000) 11/14 05:50:16 Job terminated.
	(1) Normal termination (return value 0)
		Usr 0 00:31:58, Sys 0 00:00:13  -  Run Remote Usage
		Usr 0 00:00:00, Sys 0 00:00:00  -  Run Local Usage
		Usr 0 00:31:58, Sys 0 00:00:13  -  Total Remote Usage
		Usr 0 00:00:00, Sys 0 00:00:00  -  Total Local Usage
	0  -  Run Bytes Sent By Job
	0  -  Run Bytes Received By Job
	0  -  Total Bytes Sent By Job
	0  -  Total Bytes Received By Job
...
