000 (1753707.000.000) 11/14 02:16:28 Job submitted from host: <130.199.206.69:49450>
...
001 (1753707.000.000) 11/14 08:00:07 Job executing on host: <130.199.183.18:59916>
...
006 (1753707.000.000) 11/14 08:00:16 Image size of job updated: 158664
...
006 (1753707.000.000) 11/14 08:05:17 Image size of job updated: 284720
...
006 (1753707.000.000) 11/14 08:10:18 Image size of job updated: 286132
...
006 (1753707.000.000) 11/14 08:15:18 Image size of job updated: 286696
...
006 (1753707.000.000) 11/14 08:20:18 Image size of job updated: 286724
...
006 (1753707.000.000) 11/14 08:25:18 Image size of job updated: 287940
...
006 (1753707.000.000) 11/14 08:40:18 Image size of job updated: 288680
...
006 (1753707.000.000) 11/14 08:45:18 Image size of job updated: 289168
...
006 (1753707.000.000) 11/14 08:55:18 Image size of job updated: 290080
...
006 (1753707.000.000) 11/14 09:00:18 Image size of job updated: 298988
...
006 (1753707.000.000) 11/14 09:05:18 Image size of job updated: 299732
...
006 (1753707.000.000) 11/14 09:10:18 Image size of job updated: 300804
...
006 (1753707.000.000) 11/14 09:15:18 Image size of job updated: 301040
...
006 (1753707.000.000) 11/14 09:25:18 Image size of job updated: 314972
...
006 (1753707.000.000) 11/14 09:30:18 Image size of job updated: 335452
...
006 (1753707.000.000) 11/14 09:35:18 Image size of job updated: 342620
...
006 (1753707.000.000) 11/14 09:50:19 Image size of job updated: 343644
...
005 (1753707.000.000) 11/14 09:55:59 Job terminated.
	(1) Normal termination (return value 0)
		Usr 0 01:44:34, Sys 0 00:00:49  -  Run Remote Usage
		Usr 0 00:00:00, Sys 0 00:00:00  -  Run Local Usage
		Usr 0 01:44:34, Sys 0 00:00:49  -  Total Remote Usage
		Usr 0 00:00:00, Sys 0 00:00:00  -  Total Local Usage
	0  -  Run Bytes Sent By Job
	0  -  Run Bytes Received By Job
	0  -  Total Bytes Sent By Job
	0  -  Total Bytes Received By Job
...
