000 (1755107.000.000) 11/14 02:19:46 Job submitted from host: <130.199.206.69:49450>
...
001 (1755107.000.000) 11/15 18:38:26 Job executing on host: <130.199.206.153:47432>
...
006 (1755107.000.000) 11/15 18:43:34 Image size of job updated: 284004
...
006 (1755107.000.000) 11/15 18:48:34 Image size of job updated: 286472
...
006 (1755107.000.000) 11/15 18:58:34 Image size of job updated: 286640
...
006 (1755107.000.000) 11/15 19:03:34 Image size of job updated: 287000
...
006 (1755107.000.000) 11/15 19:08:34 Image size of job updated: 288272
...
006 (1755107.000.000) 11/15 19:13:34 Image size of job updated: 288940
...
006 (1755107.000.000) 11/15 19:18:34 Image size of job updated: 291312
...
006 (1755107.000.000) 11/15 19:23:34 Image size of job updated: 291524
...
006 (1755107.000.000) 11/15 19:28:34 Image size of job updated: 309104
...
006 (1755107.000.000) 11/15 19:33:34 Image size of job updated: 327536
...
006 (1755107.000.000) 11/15 19:38:34 Image size of job updated: 334704
...
006 (1755107.000.000) 11/15 19:43:34 Image size of job updated: 336752
...
006 (1755107.000.000) 11/15 19:48:34 Image size of job updated: 337776
...
006 (1755107.000.000) 11/15 19:53:35 Image size of job updated: 338804
...
006 (1755107.000.000) 11/15 20:18:40 Image size of job updated: 339828
...
006 (1755107.000.000) 11/15 20:33:43 Image size of job updated: 342900
...
006 (1755107.000.000) 11/15 20:48:46 Image size of job updated: 343924
...
005 (1755107.000.000) 11/15 20:58:08 Job terminated.
	(1) Normal termination (return value 0)
		Usr 0 02:07:27, Sys 0 00:00:56  -  Run Remote Usage
		Usr 0 00:00:00, Sys 0 00:00:00  -  Run Local Usage
		Usr 0 02:07:27, Sys 0 00:00:56  -  Total Remote Usage
		Usr 0 00:00:00, Sys 0 00:00:00  -  Total Local Usage
	0  -  Run Bytes Sent By Job
	0  -  Run Bytes Received By Job
	0  -  Total Bytes Sent By Job
	0  -  Total Bytes Received By Job
...
