000 (1755387.000.000) 11/14 02:20:10 Job submitted from host: <130.199.206.69:49450>
...
001 (1755387.000.000) 11/15 12:48:43 Job executing on host: <130.199.206.186:51945>
...
006 (1755387.000.000) 11/15 12:53:51 Image size of job updated: 276744
...
006 (1755387.000.000) 11/15 12:58:51 Image size of job updated: 287384
...
006 (1755387.000.000) 11/15 13:03:51 Image size of job updated: 290436
...
006 (1755387.000.000) 11/15 13:08:51 Image size of job updated: 296144
...
006 (1755387.000.000) 11/15 13:13:51 Image size of job updated: 296800
...
006 (1755387.000.000) 11/15 13:18:51 Image size of job updated: 298800
...
005 (1755387.000.000) 11/15 13:20:38 Job terminated.
	(1) Normal termination (return value 0)
		Usr 0 00:22:15, Sys 0 00:00:06  -  Run Remote Usage
		Usr 0 00:00:00, Sys 0 00:00:00  -  Run Local Usage
		Usr 0 00:22:15, Sys 0 00:00:06  -  Total Remote Usage
		Usr 0 00:00:00, Sys 0 00:00:00  -  Total Local Usage
	0  -  Run Bytes Sent By Job
	0  -  Run Bytes Received By Job
	0  -  Total Bytes Sent By Job
	0  -  Total Bytes Received By Job
...
