000 (1753502.000.000) 11/14 02:15:48 Job submitted from host: <130.199.206.69:49450>
...
001 (1753502.000.000) 11/14 04:13:03 Job executing on host: <130.199.180.153:34872>
...
006 (1753502.000.000) 11/14 04:18:11 Image size of job updated: 182424
...
006 (1753502.000.000) 11/14 04:23:11 Image size of job updated: 284816
...
006 (1753502.000.000) 11/14 04:28:11 Image size of job updated: 286076
...
006 (1753502.000.000) 11/14 04:33:11 Image size of job updated: 316868
...
006 (1753502.000.000) 11/14 04:38:11 Image size of job updated: 324036
...
006 (1753502.000.000) 11/14 04:43:11 Image size of job updated: 329156
...
006 (1753502.000.000) 11/14 04:48:11 Image size of job updated: 333252
...
006 (1753502.000.000) 11/14 04:53:11 Image size of job updated: 334276
...
006 (1753502.000.000) 11/14 04:58:11 Image size of job updated: 337352
...
006 (1753502.000.000) 11/14 05:03:11 Image size of job updated: 339400
...
006 (1753502.000.000) 11/14 05:38:11 Image size of job updated: 340140
...
006 (1753502.000.000) 11/14 05:53:13 Image size of job updated: 341164
...
006 (1753502.000.000) 11/14 06:03:15 Image size of job updated: 342188
...
006 (1753502.000.000) 11/14 06:08:16 Image size of job updated: 344236
...
006 (1753502.000.000) 11/14 06:18:18 Image size of job updated: 345260
...
006 (1753502.000.000) 11/14 06:23:19 Image size of job updated: 346284
...
006 (1753502.000.000) 11/14 06:28:20 Image size of job updated: 347308
...
006 (1753502.000.000) 11/14 07:28:32 Image size of job updated: 348332
...
005 (1753502.000.000) 11/14 07:37:51 Job terminated.
	(1) Normal termination (return value 0)
		Usr 0 02:57:51, Sys 0 00:01:40  -  Run Remote Usage
		Usr 0 00:00:00, Sys 0 00:00:00  -  Run Local Usage
		Usr 0 02:57:51, Sys 0 00:01:40  -  Total Remote Usage
		Usr 0 00:00:00, Sys 0 00:00:00  -  Total Local Usage
	0  -  Run Bytes Sent By Job
	0  -  Run Bytes Received By Job
	0  -  Total Bytes Sent By Job
	0  -  Total Bytes Received By Job
...
