000 (1754796.000.000) 11/14 02:19:12 Job submitted from host: <130.199.206.69:49450>
...
001 (1754796.000.000) 11/14 09:00:21 Job executing on host: <130.199.183.18:59916>
...
006 (1754796.000.000) 11/14 09:00:30 Image size of job updated: 72768
...
006 (1754796.000.000) 11/14 09:05:31 Image size of job updated: 284400
...
006 (1754796.000.000) 11/14 09:10:32 Image size of job updated: 285600
...
006 (1754796.000.000) 11/14 09:15:33 Image size of job updated: 286164
...
006 (1754796.000.000) 11/14 09:20:34 Image size of job updated: 287008
...
006 (1754796.000.000) 11/14 09:25:35 Image size of job updated: 287980
...
006 (1754796.000.000) 11/14 09:30:36 Image size of job updated: 289308
...
006 (1754796.000.000) 11/14 09:40:38 Image size of job updated: 289464
...
006 (1754796.000.000) 11/14 09:45:39 Image size of job updated: 290840
...
006 (1754796.000.000) 11/14 09:50:40 Image size of job updated: 290920
...
006 (1754796.000.000) 11/14 10:05:43 Image size of job updated: 291168
...
006 (1754796.000.000) 11/14 10:10:44 Image size of job updated: 292176
...
006 (1754796.000.000) 11/14 10:20:46 Image size of job updated: 292720
...
006 (1754796.000.000) 11/14 10:45:51 Image size of job updated: 293668
...
006 (1754796.000.000) 11/14 10:55:53 Image size of job updated: 293704
...
006 (1754796.000.000) 11/14 11:00:54 Image size of job updated: 293936
...
006 (1754796.000.000) 11/14 11:05:55 Image size of job updated: 295276
...
006 (1754796.000.000) 11/14 11:46:03 Image size of job updated: 295920
...
006 (1754796.000.000) 11/14 11:56:05 Image size of job updated: 296484
...
006 (1754796.000.000) 11/14 12:01:06 Image size of job updated: 296984
...
006 (1754796.000.000) 11/14 12:11:08 Image size of job updated: 330556
...
006 (1754796.000.000) 11/14 12:16:09 Image size of job updated: 337724
...
006 (1754796.000.000) 11/14 12:21:10 Image size of job updated: 338748
...
006 (1754796.000.000) 11/14 12:26:11 Image size of job updated: 339772
...
006 (1754796.000.000) 11/14 12:31:12 Image size of job updated: 340796
...
005 (1754796.000.000) 11/14 12:37:10 Job terminated.
	(1) Normal termination (return value 0)
		Usr 0 03:14:28, Sys 0 00:01:41  -  Run Remote Usage
		Usr 0 00:00:00, Sys 0 00:00:00  -  Run Local Usage
		Usr 0 03:14:28, Sys 0 00:01:41  -  Total Remote Usage
		Usr 0 00:00:00, Sys 0 00:00:00  -  Total Local Usage
	0  -  Run Bytes Sent By Job
	0  -  Run Bytes Received By Job
	0  -  Total Bytes Sent By Job
	0  -  Total Bytes Received By Job
...
