000 (1754874.000.000) 11/14 02:19:27 Job submitted from host: <130.199.206.69:49450>
...
001 (1754874.000.000) 11/15 10:36:57 Job executing on host: <130.199.180.143:49383>
...
006 (1754874.000.000) 11/15 10:37:05 Image size of job updated: 8680
...
006 (1754874.000.000) 11/15 10:42:05 Image size of job updated: 214296
...
006 (1754874.000.000) 11/15 11:07:05 Image size of job updated: 284092
...
006 (1754874.000.000) 11/15 11:12:05 Image size of job updated: 285144
...
006 (1754874.000.000) 11/15 11:17:05 Image size of job updated: 285780
...
006 (1754874.000.000) 11/15 11:22:05 Image size of job updated: 302748
...
006 (1754874.000.000) 11/15 11:27:05 Image size of job updated: 323764
...
006 (1754874.000.000) 11/15 11:32:05 Image size of job updated: 330904
...
006 (1754874.000.000) 11/15 11:37:05 Image size of job updated: 336028
...
006 (1754874.000.000) 11/15 11:42:05 Image size of job updated: 337052
...
006 (1754874.000.000) 11/15 11:47:05 Image size of job updated: 339100
...
006 (1754874.000.000) 11/15 11:52:05 Image size of job updated: 340124
...
005 (1754874.000.000) 11/15 12:04:42 Job terminated.
	(1) Normal termination (return value 0)
		Usr 0 00:52:45, Sys 0 00:00:33  -  Run Remote Usage
		Usr 0 00:00:00, Sys 0 00:00:00  -  Run Local Usage
		Usr 0 00:52:45, Sys 0 00:00:33  -  Total Remote Usage
		Usr 0 00:00:00, Sys 0 00:00:00  -  Total Local Usage
	0  -  Run Bytes Sent By Job
	0  -  Run Bytes Received By Job
	0  -  Total Bytes Sent By Job
	0  -  Total Bytes Received By Job
...
