000 (1753974.000.000) 11/14 02:17:22 Job submitted from host: <130.199.206.69:49450>
...
001 (1753974.000.000) 11/14 08:29:03 Job executing on host: <130.199.180.156:41502>
...
006 (1753974.000.000) 11/14 08:29:12 Image size of job updated: 173904
...
006 (1753974.000.000) 11/14 08:34:13 Image size of job updated: 285028
...
006 (1753974.000.000) 11/14 08:39:14 Image size of job updated: 285884
...
006 (1753974.000.000) 11/14 08:54:14 Image size of job updated: 286984
...
006 (1753974.000.000) 11/14 08:59:14 Image size of job updated: 286988
...
006 (1753974.000.000) 11/14 09:04:14 Image size of job updated: 287228
...
006 (1753974.000.000) 11/14 09:09:14 Image size of job updated: 287572
...
006 (1753974.000.000) 11/14 09:19:14 Image size of job updated: 288748
...
006 (1753974.000.000) 11/14 09:24:14 Image size of job updated: 290344
...
006 (1753974.000.000) 11/14 09:29:14 Image size of job updated: 292060
...
006 (1753974.000.000) 11/14 09:44:14 Image size of job updated: 292588
...
006 (1753974.000.000) 11/14 09:49:14 Image size of job updated: 292636
...
006 (1753974.000.000) 11/14 09:54:14 Image size of job updated: 293088
...
006 (1753974.000.000) 11/14 10:09:14 Image size of job updated: 293932
...
006 (1753974.000.000) 11/14 10:19:14 Image size of job updated: 294480
...
006 (1753974.000.000) 11/14 10:49:14 Image size of job updated: 294496
...
006 (1753974.000.000) 11/14 10:54:14 Image size of job updated: 294688
...
006 (1753974.000.000) 11/14 10:59:14 Image size of job updated: 295384
...
006 (1753974.000.000) 11/14 11:04:14 Image size of job updated: 295712
...
005 (1753974.000.000) 11/14 11:10:50 Job terminated.
	(1) Normal termination (return value 0)
		Usr 0 02:23:14, Sys 0 00:01:25  -  Run Remote Usage
		Usr 0 00:00:00, Sys 0 00:00:00  -  Run Local Usage
		Usr 0 02:23:14, Sys 0 00:01:25  -  Total Remote Usage
		Usr 0 00:00:00, Sys 0 00:00:00  -  Total Local Usage
	0  -  Run Bytes Sent By Job
	0  -  Run Bytes Received By Job
	0  -  Total Bytes Sent By Job
	0  -  Total Bytes Received By Job
...
