000 (1755273.000.000) 11/14 02:20:03 Job submitted from host: <130.199.206.69:49450>
...
001 (1755273.000.000) 11/15 20:57:40 Job executing on host: <130.199.183.16:34724>
...
006 (1755273.000.000) 11/15 20:57:49 Image size of job updated: 173900
...
006 (1755273.000.000) 11/15 21:02:50 Image size of job updated: 284332
...
006 (1755273.000.000) 11/15 21:07:51 Image size of job updated: 286004
...
006 (1755273.000.000) 11/15 21:17:53 Image size of job updated: 287372
...
006 (1755273.000.000) 11/15 21:22:54 Image size of job updated: 287576
...
006 (1755273.000.000) 11/15 21:27:55 Image size of job updated: 288344
...
006 (1755273.000.000) 11/15 21:32:56 Image size of job updated: 289348
...
006 (1755273.000.000) 11/15 21:37:57 Image size of job updated: 297220
...
005 (1755273.000.000) 11/15 21:41:05 Job terminated.
	(1) Normal termination (return value 0)
		Usr 0 00:39:08, Sys 0 00:00:23  -  Run Remote Usage
		Usr 0 00:00:00, Sys 0 00:00:00  -  Run Local Usage
		Usr 0 00:39:08, Sys 0 00:00:23  -  Total Remote Usage
		Usr 0 00:00:00, Sys 0 00:00:00  -  Total Local Usage
	0  -  Run Bytes Sent By Job
	0  -  Run Bytes Received By Job
	0  -  Total Bytes Sent By Job
	0  -  Total Bytes Received By Job
...
