000 (1754203.000.000) 11/14 02:17:52 Job submitted from host: <130.199.206.69:49450>
...
001 (1754203.000.000) 11/14 07:29:01 Job executing on host: <130.199.180.150:41617>
...
006 (1754203.000.000) 11/14 07:34:11 Image size of job updated: 280300
...
006 (1754203.000.000) 11/14 07:39:12 Image size of job updated: 285176
...
006 (1754203.000.000) 11/14 07:44:13 Image size of job updated: 293684
...
006 (1754203.000.000) 11/14 07:49:14 Image size of job updated: 294528
...
006 (1754203.000.000) 11/14 07:54:15 Image size of job updated: 295360
...
006 (1754203.000.000) 11/14 07:59:16 Image size of job updated: 296772
...
006 (1754203.000.000) 11/14 08:04:17 Image size of job updated: 297476
...
006 (1754203.000.000) 11/14 08:09:18 Image size of job updated: 301652
...
006 (1754203.000.000) 11/14 08:14:19 Image size of job updated: 302080
...
006 (1754203.000.000) 11/14 08:19:20 Image size of job updated: 303192
...
006 (1754203.000.000) 11/14 08:24:21 Image size of job updated: 303380
...
005 (1754203.000.000) 11/14 08:41:22 Job terminated.
	(1) Normal termination (return value 0)
		Usr 0 01:07:11, Sys 0 00:00:25  -  Run Remote Usage
		Usr 0 00:00:00, Sys 0 00:00:00  -  Run Local Usage
		Usr 0 01:07:11, Sys 0 00:00:25  -  Total Remote Usage
		Usr 0 00:00:00, Sys 0 00:00:00  -  Total Local Usage
	0  -  Run Bytes Sent By Job
	0  -  Run Bytes Received By Job
	0  -  Total Bytes Sent By Job
	0  -  Total Bytes Received By Job
...
