000 (1753503.000.000) 11/14 02:15:48 Job submitted from host: <130.199.206.69:49450>
...
001 (1753503.000.000) 11/14 04:17:21 Job executing on host: <130.199.183.31:39335>
...
006 (1753503.000.000) 11/14 04:17:29 Image size of job updated: 208328
...
006 (1753503.000.000) 11/14 04:22:29 Image size of job updated: 289852
...
006 (1753503.000.000) 11/14 04:27:30 Image size of job updated: 291212
...
006 (1753503.000.000) 11/14 04:32:31 Image size of job updated: 293456
...
006 (1753503.000.000) 11/14 04:37:32 Image size of job updated: 293760
...
006 (1753503.000.000) 11/14 04:42:33 Image size of job updated: 295804
...
006 (1753503.000.000) 11/14 04:47:34 Image size of job updated: 314824
...
006 (1753503.000.000) 11/14 04:52:35 Image size of job updated: 337352
...
006 (1753503.000.000) 11/14 04:57:36 Image size of job updated: 341740
...
006 (1753503.000.000) 11/14 05:02:37 Image size of job updated: 344108
...
006 (1753503.000.000) 11/14 05:07:38 Image size of job updated: 345132
...
006 (1753503.000.000) 11/14 05:17:40 Image size of job updated: 346156
...
005 (1753503.000.000) 11/14 06:15:45 Job terminated.
	(1) Normal termination (return value 0)
		Usr 0 01:44:47, Sys 0 00:00:49  -  Run Remote Usage
		Usr 0 00:00:00, Sys 0 00:00:00  -  Run Local Usage
		Usr 0 01:44:47, Sys 0 00:00:49  -  Total Remote Usage
		Usr 0 00:00:00, Sys 0 00:00:00  -  Total Local Usage
	0  -  Run Bytes Sent By Job
	0  -  Run Bytes Received By Job
	0  -  Total Bytes Sent By Job
	0  -  Total Bytes Received By Job
...
