000 (1754347.000.000) 11/14 02:18:07 Job submitted from host: <130.199.206.69:49450>
...
001 (1754347.000.000) 11/14 05:25:16 Job executing on host: <130.199.180.155:36902>
...
006 (1754347.000.000) 11/14 05:25:24 Image size of job updated: 175696
...
006 (1754347.000.000) 11/14 05:30:24 Image size of job updated: 283908
...
006 (1754347.000.000) 11/14 05:35:24 Image size of job updated: 285036
...
006 (1754347.000.000) 11/14 05:40:24 Image size of job updated: 286636
...
006 (1754347.000.000) 11/14 05:45:24 Image size of job updated: 287544
...
006 (1754347.000.000) 11/14 05:50:24 Image size of job updated: 287832
...
006 (1754347.000.000) 11/14 05:55:24 Image size of job updated: 288532
...
006 (1754347.000.000) 11/14 06:15:24 Image size of job updated: 290380
...
006 (1754347.000.000) 11/14 06:20:24 Image size of job updated: 290824
...
006 (1754347.000.000) 11/14 06:25:24 Image size of job updated: 291872
...
006 (1754347.000.000) 11/14 06:30:24 Image size of job updated: 292056
...
006 (1754347.000.000) 11/14 06:35:24 Image size of job updated: 292756
...
006 (1754347.000.000) 11/14 06:40:24 Image size of job updated: 292856
...
006 (1754347.000.000) 11/14 06:45:24 Image size of job updated: 292912
...
006 (1754347.000.000) 11/14 06:50:24 Image size of job updated: 292924
...
006 (1754347.000.000) 11/14 06:55:24 Image size of job updated: 294648
...
006 (1754347.000.000) 11/14 07:05:24 Image size of job updated: 294684
...
006 (1754347.000.000) 11/14 07:10:24 Image size of job updated: 295096
...
006 (1754347.000.000) 11/14 07:15:24 Image size of job updated: 300680
...
006 (1754347.000.000) 11/14 07:50:24 Image size of job updated: 300872
...
006 (1754347.000.000) 11/14 08:10:24 Image size of job updated: 301128
...
006 (1754347.000.000) 11/14 08:15:24 Image size of job updated: 301252
...
006 (1754347.000.000) 11/14 08:20:24 Image size of job updated: 301276
...
006 (1754347.000.000) 11/14 08:25:25 Image size of job updated: 301908
...
005 (1754347.000.000) 11/14 08:37:38 Job terminated.
	(1) Normal termination (return value 0)
		Usr 0 02:55:35, Sys 0 00:01:14  -  Run Remote Usage
		Usr 0 00:00:00, Sys 0 00:00:00  -  Run Local Usage
		Usr 0 02:55:35, Sys 0 00:01:14  -  Total Remote Usage
		Usr 0 00:00:00, Sys 0 00:00:00  -  Total Local Usage
	0  -  Run Bytes Sent By Job
	0  -  Run Bytes Received By Job
	0  -  Total Bytes Sent By Job
	0  -  Total Bytes Received By Job
...
