000 (1753620.000.000) 11/14 02:16:08 Job submitted from host: <130.199.206.69:49450>
...
001 (1753620.000.000) 11/14 06:03:49 Job executing on host: <130.199.183.14:48158>
...
006 (1753620.000.000) 11/14 06:03:57 Image size of job updated: 174176
...
006 (1753620.000.000) 11/14 06:08:57 Image size of job updated: 284004
...
006 (1753620.000.000) 11/14 06:13:57 Image size of job updated: 284712
...
006 (1753620.000.000) 11/14 06:18:57 Image size of job updated: 288252
...
006 (1753620.000.000) 11/14 06:23:57 Image size of job updated: 289240
...
006 (1753620.000.000) 11/14 06:33:57 Image size of job updated: 289416
...
006 (1753620.000.000) 11/14 06:53:57 Image size of job updated: 290816
...
006 (1753620.000.000) 11/14 06:58:57 Image size of job updated: 292400
...
006 (1753620.000.000) 11/14 07:13:57 Image size of job updated: 292496
...
006 (1753620.000.000) 11/14 07:18:57 Image size of job updated: 293104
...
006 (1753620.000.000) 11/14 07:23:58 Image size of job updated: 293548
...
006 (1753620.000.000) 11/14 07:28:59 Image size of job updated: 294648
...
006 (1753620.000.000) 11/14 07:34:00 Image size of job updated: 294856
...
006 (1753620.000.000) 11/14 07:39:01 Image size of job updated: 295096
...
006 (1753620.000.000) 11/14 07:54:04 Image size of job updated: 295200
...
006 (1753620.000.000) 11/14 07:59:05 Image size of job updated: 325424
...
006 (1753620.000.000) 11/14 08:04:06 Image size of job updated: 339760
...
006 (1753620.000.000) 11/14 08:09:07 Image size of job updated: 341808
...
006 (1753620.000.000) 11/14 08:19:09 Image size of job updated: 342832
...
006 (1753620.000.000) 11/14 08:39:13 Image size of job updated: 344880
...
006 (1753620.000.000) 11/14 10:14:28 Image size of job updated: 344976
...
005 (1753620.000.000) 11/14 10:23:29 Job terminated.
	(1) Normal termination (return value 0)
		Usr 0 03:55:42, Sys 0 00:01:44  -  Run Remote Usage
		Usr 0 00:00:00, Sys 0 00:00:00  -  Run Local Usage
		Usr 0 03:55:42, Sys 0 00:01:44  -  Total Remote Usage
		Usr 0 00:00:00, Sys 0 00:00:00  -  Total Local Usage
	0  -  Run Bytes Sent By Job
	0  -  Run Bytes Received By Job
	0  -  Total Bytes Sent By Job
	0  -  Total Bytes Received By Job
...
