000 (1755211.000.000) 11/14 02:19:54 Job submitted from host: <130.199.206.69:49450>
...
001 (1755211.000.000) 11/15 12:13:29 Job executing on host: <130.199.180.143:49383>
...
006 (1755211.000.000) 11/15 12:13:38 Image size of job updated: 40164
...
006 (1755211.000.000) 11/15 12:18:39 Image size of job updated: 173916
...
006 (1755211.000.000) 11/15 12:23:40 Image size of job updated: 174176
...
006 (1755211.000.000) 11/15 12:28:41 Image size of job updated: 281204
...
006 (1755211.000.000) 11/15 12:33:42 Image size of job updated: 284680
...
006 (1755211.000.000) 11/15 12:38:43 Image size of job updated: 285388
...
006 (1755211.000.000) 11/15 12:43:44 Image size of job updated: 287448
...
006 (1755211.000.000) 11/15 12:58:47 Image size of job updated: 288112
...
006 (1755211.000.000) 11/15 13:03:48 Image size of job updated: 290272
...
006 (1755211.000.000) 11/15 13:08:49 Image size of job updated: 290544
...
006 (1755211.000.000) 11/15 13:13:50 Image size of job updated: 291228
...
006 (1755211.000.000) 11/15 13:18:51 Image size of job updated: 292480
...
006 (1755211.000.000) 11/15 13:28:51 Image size of job updated: 300128
...
006 (1755211.000.000) 11/15 13:33:51 Image size of job updated: 319584
...
006 (1755211.000.000) 11/15 13:38:51 Image size of job updated: 327776
...
006 (1755211.000.000) 11/15 13:43:51 Image size of job updated: 330148
...
006 (1755211.000.000) 11/15 13:48:51 Image size of job updated: 336296
...
006 (1755211.000.000) 11/15 13:53:51 Image size of job updated: 339368
...
006 (1755211.000.000) 11/15 14:03:51 Image size of job updated: 340392
...
006 (1755211.000.000) 11/15 14:08:51 Image size of job updated: 341416
...
006 (1755211.000.000) 11/15 14:38:51 Image size of job updated: 341532
...
006 (1755211.000.000) 11/15 14:53:51 Image size of job updated: 342512
...
006 (1755211.000.000) 11/15 14:58:51 Image size of job updated: 342520
...
006 (1755211.000.000) 11/15 15:03:51 Image size of job updated: 343916
...
006 (1755211.000.000) 11/15 15:08:51 Image size of job updated: 345308
...
006 (1755211.000.000) 11/15 15:13:51 Image size of job updated: 345612
...
005 (1755211.000.000) 11/15 15:19:03 Job terminated.
	(1) Normal termination (return value 0)
		Usr 0 02:25:37, Sys 0 00:01:39  -  Run Remote Usage
		Usr 0 00:00:00, Sys 0 00:00:00  -  Run Local Usage
		Usr 0 02:25:37, Sys 0 00:01:39  -  Total Remote Usage
		Usr 0 00:00:00, Sys 0 00:00:00  -  Total Local Usage
	0  -  Run Bytes Sent By Job
	0  -  Run Bytes Received By Job
	0  -  Total Bytes Sent By Job
	0  -  Total Bytes Received By Job
...
