000 (1754667.000.000) 11/14 02:18:46 Job submitted from host: <130.199.206.69:49450>
...
001 (1754667.000.000) 11/14 05:51:53 Job executing on host: <130.199.183.23:36199>
...
006 (1754667.000.000) 11/14 05:57:03 Image size of job updated: 281852
...
006 (1754667.000.000) 11/14 06:02:04 Image size of job updated: 292356
...
006 (1754667.000.000) 11/14 06:07:05 Image size of job updated: 292564
...
006 (1754667.000.000) 11/14 06:12:06 Image size of job updated: 293412
...
006 (1754667.000.000) 11/14 06:17:07 Image size of job updated: 293656
...
006 (1754667.000.000) 11/14 06:22:08 Image size of job updated: 309944
...
006 (1754667.000.000) 11/14 06:27:09 Image size of job updated: 330500
...
005 (1754667.000.000) 11/14 06:36:12 Job terminated.
	(1) Normal termination (return value 0)
		Usr 0 00:39:54, Sys 0 00:00:22  -  Run Remote Usage
		Usr 0 00:00:00, Sys 0 00:00:00  -  Run Local Usage
		Usr 0 00:39:54, Sys 0 00:00:22  -  Total Remote Usage
		Usr 0 00:00:00, Sys 0 00:00:00  -  Total Local Usage
	0  -  Run Bytes Sent By Job
	0  -  Run Bytes Received By Job
	0  -  Total Bytes Sent By Job
	0  -  Total Bytes Received By Job
...
