000 (1753651.000.000) 11/14 02:16:08 Job submitted from host: <130.199.206.69:49450>
...
001 (1753651.000.000) 11/14 05:10:27 Job executing on host: <130.199.207.34:49250>
...
006 (1753651.000.000) 11/14 05:15:35 Image size of job updated: 283724
...
006 (1753651.000.000) 11/14 05:20:35 Image size of job updated: 287368
...
006 (1753651.000.000) 11/14 05:30:35 Image size of job updated: 287864
...
006 (1753651.000.000) 11/14 05:35:35 Image size of job updated: 288056
...
006 (1753651.000.000) 11/14 05:40:35 Image size of job updated: 288100
...
006 (1753651.000.000) 11/14 05:45:35 Image size of job updated: 288124
...
006 (1753651.000.000) 11/14 05:50:36 Image size of job updated: 288368
...
006 (1753651.000.000) 11/14 05:55:37 Image size of job updated: 291480
...
006 (1753651.000.000) 11/14 06:00:38 Image size of job updated: 291608
...
006 (1753651.000.000) 11/14 06:05:39 Image size of job updated: 292704
...
006 (1753651.000.000) 11/14 06:20:42 Image size of job updated: 292888
...
006 (1753651.000.000) 11/14 06:30:44 Image size of job updated: 293516
...
006 (1753651.000.000) 11/14 06:35:45 Image size of job updated: 293584
...
006 (1753651.000.000) 11/14 06:55:46 Image size of job updated: 293588
...
006 (1753651.000.000) 11/14 07:00:46 Image size of job updated: 294104
...
006 (1753651.000.000) 11/14 07:05:46 Image size of job updated: 294208
...
006 (1753651.000.000) 11/14 07:10:46 Image size of job updated: 295112
...
006 (1753651.000.000) 11/14 07:45:47 Image size of job updated: 297780
...
005 (1753651.000.000) 11/14 07:49:38 Job terminated.
	(1) Normal termination (return value 0)
		Usr 0 01:42:58, Sys 0 00:00:38  -  Run Remote Usage
		Usr 0 00:00:00, Sys 0 00:00:00  -  Run Local Usage
		Usr 0 01:42:58, Sys 0 00:00:38  -  Total Remote Usage
		Usr 0 00:00:00, Sys 0 00:00:00  -  Total Local Usage
	0  -  Run Bytes Sent By Job
	0  -  Run Bytes Received By Job
	0  -  Total Bytes Sent By Job
	0  -  Total Bytes Received By Job
...
