000 (1753696.000.000) 11/14 02:16:28 Job submitted from host: <130.199.206.69:49450>
...
001 (1753696.000.000) 11/14 04:37:37 Job executing on host: <130.199.206.207:52080>
...
006 (1753696.000.000) 11/14 04:42:47 Image size of job updated: 284628
...
006 (1753696.000.000) 11/14 04:47:48 Image size of job updated: 284988
...
006 (1753696.000.000) 11/14 04:52:49 Image size of job updated: 285320
...
006 (1753696.000.000) 11/14 04:57:50 Image size of job updated: 291584
...
006 (1753696.000.000) 11/14 05:02:51 Image size of job updated: 293692
...
006 (1753696.000.000) 11/14 05:07:52 Image size of job updated: 296452
...
006 (1753696.000.000) 11/14 05:12:53 Image size of job updated: 296708
...
006 (1753696.000.000) 11/14 05:22:55 Image size of job updated: 297828
...
006 (1753696.000.000) 11/14 05:27:56 Image size of job updated: 298332
...
006 (1753696.000.000) 11/14 05:32:56 Image size of job updated: 298372
...
006 (1753696.000.000) 11/14 05:37:56 Image size of job updated: 298692
...
006 (1753696.000.000) 11/14 05:42:56 Image size of job updated: 298724
...
006 (1753696.000.000) 11/14 05:47:56 Image size of job updated: 299324
...
006 (1753696.000.000) 11/14 05:52:56 Image size of job updated: 335172
...
006 (1753696.000.000) 11/14 05:57:56 Image size of job updated: 343364
...
006 (1753696.000.000) 11/14 06:02:56 Image size of job updated: 345412
...
005 (1753696.000.000) 11/14 06:07:22 Job terminated.
	(1) Normal termination (return value 0)
		Usr 0 01:08:09, Sys 0 00:00:17  -  Run Remote Usage
		Usr 0 00:00:00, Sys 0 00:00:00  -  Run Local Usage
		Usr 0 01:08:09, Sys 0 00:00:17  -  Total Remote Usage
		Usr 0 00:00:00, Sys 0 00:00:00  -  Total Local Usage
	0  -  Run Bytes Sent By Job
	0  -  Run Bytes Received By Job
	0  -  Total Bytes Sent By Job
	0  -  Total Bytes Received By Job
...
