000 (1754541.000.000) 11/14 02:18:34 Job submitted from host: <130.199.206.69:49450>
...
001 (1754541.000.000) 11/14 05:40:56 Job executing on host: <130.199.180.158:55404>
...
006 (1754541.000.000) 11/14 05:41:05 Image size of job updated: 173876
...
006 (1754541.000.000) 11/14 05:46:06 Image size of job updated: 285392
...
006 (1754541.000.000) 11/14 05:56:08 Image size of job updated: 285780
...
006 (1754541.000.000) 11/14 06:01:09 Image size of job updated: 286864
...
006 (1754541.000.000) 11/14 06:11:11 Image size of job updated: 287596
...
006 (1754541.000.000) 11/14 06:16:12 Image size of job updated: 290496
...
006 (1754541.000.000) 11/14 06:21:12 Image size of job updated: 291188
...
006 (1754541.000.000) 11/14 06:26:12 Image size of job updated: 292232
...
006 (1754541.000.000) 11/14 06:31:12 Image size of job updated: 293372
...
006 (1754541.000.000) 11/14 06:36:12 Image size of job updated: 293704
...
006 (1754541.000.000) 11/14 06:41:12 Image size of job updated: 294368
...
006 (1754541.000.000) 11/14 06:46:12 Image size of job updated: 294836
...
006 (1754541.000.000) 11/14 06:56:12 Image size of job updated: 294896
...
006 (1754541.000.000) 11/14 07:16:12 Image size of job updated: 295488
...
006 (1754541.000.000) 11/14 07:31:12 Image size of job updated: 296216
...
006 (1754541.000.000) 11/14 08:21:12 Image size of job updated: 296396
...
006 (1754541.000.000) 11/14 08:26:12 Image size of job updated: 297032
...
006 (1754541.000.000) 11/14 08:56:12 Image size of job updated: 297188
...
006 (1754541.000.000) 11/14 09:11:12 Image size of job updated: 297268
...
006 (1754541.000.000) 11/14 09:16:12 Image size of job updated: 311232
...
006 (1754541.000.000) 11/14 09:21:12 Image size of job updated: 329664
...
006 (1754541.000.000) 11/14 09:26:12 Image size of job updated: 336832
...
006 (1754541.000.000) 11/14 09:31:12 Image size of job updated: 337856
...
006 (1754541.000.000) 11/14 09:36:12 Image size of job updated: 338880
...
006 (1754541.000.000) 11/14 09:41:12 Image size of job updated: 339904
...
005 (1754541.000.000) 11/14 09:48:27 Job terminated.
	(1) Normal termination (return value 0)
		Usr 0 03:44:34, Sys 0 00:02:01  -  Run Remote Usage
		Usr 0 00:00:00, Sys 0 00:00:00  -  Run Local Usage
		Usr 0 03:44:34, Sys 0 00:02:01  -  Total Remote Usage
		Usr 0 00:00:00, Sys 0 00:00:00  -  Total Local Usage
	0  -  Run Bytes Sent By Job
	0  -  Run Bytes Received By Job
	0  -  Total Bytes Sent By Job
	0  -  Total Bytes Received By Job
...
