000 (1754935.000.000) 11/14 02:19:27 Job submitted from host: <130.199.206.69:49450>
...
001 (1754935.000.000) 11/15 13:16:42 Job executing on host: <130.199.206.216:42831>
...
006 (1754935.000.000) 11/15 13:21:50 Image size of job updated: 285940
...
006 (1754935.000.000) 11/15 13:26:50 Image size of job updated: 287004
...
006 (1754935.000.000) 11/15 13:31:50 Image size of job updated: 287452
...
006 (1754935.000.000) 11/15 13:41:50 Image size of job updated: 287896
...
006 (1754935.000.000) 11/15 13:46:50 Image size of job updated: 290428
...
006 (1754935.000.000) 11/15 13:51:50 Image size of job updated: 291920
...
006 (1754935.000.000) 11/15 13:56:50 Image size of job updated: 292148
...
006 (1754935.000.000) 11/15 14:01:50 Image size of job updated: 293680
...
006 (1754935.000.000) 11/15 14:06:50 Image size of job updated: 293912
...
006 (1754935.000.000) 11/15 14:11:50 Image size of job updated: 294044
...
006 (1754935.000.000) 11/15 14:41:50 Image size of job updated: 294572
...
006 (1754935.000.000) 11/15 14:51:50 Image size of job updated: 294844
...
006 (1754935.000.000) 11/15 14:56:51 Image size of job updated: 295128
...
006 (1754935.000.000) 11/15 15:01:52 Image size of job updated: 296640
...
005 (1754935.000.000) 11/15 15:11:52 Job terminated.
	(1) Normal termination (return value 0)
		Usr 0 01:37:43, Sys 0 00:00:26  -  Run Remote Usage
		Usr 0 00:00:00, Sys 0 00:00:00  -  Run Local Usage
		Usr 0 01:37:43, Sys 0 00:00:26  -  Total Remote Usage
		Usr 0 00:00:00, Sys 0 00:00:00  -  Total Local Usage
	0  -  Run Bytes Sent By Job
	0  -  Run Bytes Received By Job
	0  -  Total Bytes Sent By Job
	0  -  Total Bytes Received By Job
...
