000 (1754260.000.000) 11/14 02:17:52 Job submitted from host: <130.199.206.69:49450>
...
001 (1754260.000.000) 11/14 05:13:54 Job executing on host: <130.199.180.139:35175>
...
006 (1754260.000.000) 11/14 05:14:03 Image size of job updated: 145496
...
006 (1754260.000.000) 11/14 05:19:04 Image size of job updated: 282212
...
006 (1754260.000.000) 11/14 05:24:05 Image size of job updated: 292168
...
006 (1754260.000.000) 11/14 05:29:06 Image size of job updated: 294788
...
006 (1754260.000.000) 11/14 05:34:07 Image size of job updated: 294836
...
005 (1754260.000.000) 11/14 05:54:35 Job terminated.
	(1) Normal termination (return value 0)
		Usr 0 00:36:47, Sys 0 00:00:22  -  Run Remote Usage
		Usr 0 00:00:00, Sys 0 00:00:00  -  Run Local Usage
		Usr 0 00:36:47, Sys 0 00:00:22  -  Total Remote Usage
		Usr 0 00:00:00, Sys 0 00:00:00  -  Total Local Usage
	0  -  Run Bytes Sent By Job
	0  -  Run Bytes Received By Job
	0  -  Total Bytes Sent By Job
	0  -  Total Bytes Received By Job
...
