000 (1754062.000.000) 11/14 02:17:22 Job submitted from host: <130.199.206.69:49450>
...
001 (1754062.000.000) 11/14 04:55:37 Job executing on host: <130.199.206.196:34990>
...
006 (1754062.000.000) 11/14 04:55:45 Image size of job updated: 240384
...
006 (1754062.000.000) 11/14 05:00:45 Image size of job updated: 286176
...
006 (1754062.000.000) 11/14 05:05:45 Image size of job updated: 287200
...
006 (1754062.000.000) 11/14 05:10:45 Image size of job updated: 288132
...
006 (1754062.000.000) 11/14 05:15:45 Image size of job updated: 327224
...
006 (1754062.000.000) 11/14 05:20:45 Image size of job updated: 332572
...
006 (1754062.000.000) 11/14 05:25:45 Image size of job updated: 335308
...
006 (1754062.000.000) 11/14 05:35:45 Image size of job updated: 340436
...
006 (1754062.000.000) 11/14 05:40:45 Image size of job updated: 342484
...
006 (1754062.000.000) 11/14 05:50:45 Image size of job updated: 343508
...
006 (1754062.000.000) 11/14 05:55:45 Image size of job updated: 344532
...
006 (1754062.000.000) 11/14 06:15:45 Image size of job updated: 345556
...
006 (1754062.000.000) 11/14 06:20:45 Image size of job updated: 346580
...
006 (1754062.000.000) 11/14 06:35:45 Image size of job updated: 347604
...
006 (1754062.000.000) 11/14 06:50:46 Image size of job updated: 348628
...
005 (1754062.000.000) 11/14 06:52:48 Job terminated.
	(1) Normal termination (return value 0)
		Usr 0 01:45:37, Sys 0 00:00:25  -  Run Remote Usage
		Usr 0 00:00:00, Sys 0 00:00:00  -  Run Local Usage
		Usr 0 01:45:37, Sys 0 00:00:25  -  Total Remote Usage
		Usr 0 00:00:00, Sys 0 00:00:00  -  Total Local Usage
	0  -  Run Bytes Sent By Job
	0  -  Run Bytes Received By Job
	0  -  Total Bytes Sent By Job
	0  -  Total Bytes Received By Job
...
