000 (1754871.000.000) 11/14 02:19:27 Job submitted from host: <130.199.206.69:49450>
...
001 (1754871.000.000) 11/15 10:36:53 Job executing on host: <130.199.180.144:40361>
...
006 (1754871.000.000) 11/15 10:37:01 Image size of job updated: 8680
...
006 (1754871.000.000) 11/15 10:42:01 Image size of job updated: 214368
...
006 (1754871.000.000) 11/15 11:12:01 Image size of job updated: 275056
...
006 (1754871.000.000) 11/15 11:17:01 Image size of job updated: 289724
...
006 (1754871.000.000) 11/15 11:27:01 Image size of job updated: 294576
...
006 (1754871.000.000) 11/15 11:32:01 Image size of job updated: 297112
...
006 (1754871.000.000) 11/15 11:37:01 Image size of job updated: 298032
...
006 (1754871.000.000) 11/15 11:42:01 Image size of job updated: 329940
...
006 (1754871.000.000) 11/15 11:47:01 Image size of job updated: 343252
...
005 (1754871.000.000) 11/15 11:51:11 Job terminated.
	(1) Normal termination (return value 0)
		Usr 0 00:35:51, Sys 0 00:00:28  -  Run Remote Usage
		Usr 0 00:00:00, Sys 0 00:00:00  -  Run Local Usage
		Usr 0 00:35:51, Sys 0 00:00:28  -  Total Remote Usage
		Usr 0 00:00:00, Sys 0 00:00:00  -  Total Local Usage
	0  -  Run Bytes Sent By Job
	0  -  Run Bytes Received By Job
	0  -  Total Bytes Sent By Job
	0  -  Total Bytes Received By Job
...
