000 (1754440.000.000) 11/14 02:18:20 Job submitted from host: <130.199.206.69:49450>
...
001 (1754440.000.000) 11/14 06:47:51 Job executing on host: <130.199.180.157:54764>
...
006 (1754440.000.000) 11/14 06:48:00 Image size of job updated: 153824
...
006 (1754440.000.000) 11/14 06:53:01 Image size of job updated: 282708
...
006 (1754440.000.000) 11/14 06:58:02 Image size of job updated: 283568
...
006 (1754440.000.000) 11/14 07:03:03 Image size of job updated: 285748
...
006 (1754440.000.000) 11/14 07:08:04 Image size of job updated: 286268
...
006 (1754440.000.000) 11/14 07:13:05 Image size of job updated: 286628
...
006 (1754440.000.000) 11/14 07:18:06 Image size of job updated: 286632
...
006 (1754440.000.000) 11/14 07:23:07 Image size of job updated: 287672
...
006 (1754440.000.000) 11/14 07:38:10 Image size of job updated: 288328
...
006 (1754440.000.000) 11/14 07:43:11 Image size of job updated: 288368
...
006 (1754440.000.000) 11/14 07:48:12 Image size of job updated: 290724
...
006 (1754440.000.000) 11/14 07:53:13 Image size of job updated: 291772
...
006 (1754440.000.000) 11/14 08:03:15 Image size of job updated: 298108
...
006 (1754440.000.000) 11/14 08:08:16 Image size of job updated: 298296
...
006 (1754440.000.000) 11/14 08:13:17 Image size of job updated: 299532
...
006 (1754440.000.000) 11/14 08:23:19 Image size of job updated: 299548
...
006 (1754440.000.000) 11/14 08:28:20 Image size of job updated: 300512
...
006 (1754440.000.000) 11/14 08:33:21 Image size of job updated: 300692
...
005 (1754440.000.000) 11/14 08:53:23 Job terminated.
	(1) Normal termination (return value 0)
		Usr 0 01:42:07, Sys 0 00:00:43  -  Run Remote Usage
		Usr 0 00:00:00, Sys 0 00:00:00  -  Run Local Usage
		Usr 0 01:42:07, Sys 0 00:00:43  -  Total Remote Usage
		Usr 0 00:00:00, Sys 0 00:00:00  -  Total Local Usage
	0  -  Run Bytes Sent By Job
	0  -  Run Bytes Received By Job
	0  -  Total Bytes Sent By Job
	0  -  Total Bytes Received By Job
...
