000 (1753855.000.000) 11/14 02:16:47 Job submitted from host: <130.199.206.69:49450>
...
001 (1753855.000.000) 11/14 03:19:18 Job executing on host: <130.199.180.155:36902>
...
006 (1753855.000.000) 11/14 03:19:26 Image size of job updated: 72764
...
006 (1753855.000.000) 11/14 03:24:26 Image size of job updated: 285700
...
006 (1753855.000.000) 11/14 03:34:26 Image size of job updated: 286228
...
006 (1753855.000.000) 11/14 03:44:26 Image size of job updated: 289620
...
006 (1753855.000.000) 11/14 03:49:35 Image size of job updated: 290164
...
006 (1753855.000.000) 11/14 03:54:26 Image size of job updated: 291572
...
006 (1753855.000.000) 11/14 03:59:27 Image size of job updated: 294892
...
006 (1753855.000.000) 11/14 04:04:28 Image size of job updated: 303108
...
006 (1753855.000.000) 11/14 04:09:29 Image size of job updated: 324612
...
006 (1753855.000.000) 11/14 04:14:30 Image size of job updated: 335876
...
006 (1753855.000.000) 11/14 04:19:31 Image size of job updated: 337924
...
006 (1753855.000.000) 11/14 04:24:32 Image size of job updated: 338948
...
006 (1753855.000.000) 11/14 04:29:33 Image size of job updated: 340996
...
006 (1753855.000.000) 11/14 04:39:35 Image size of job updated: 342020
...
006 (1753855.000.000) 11/14 04:59:39 Image size of job updated: 342488
...
006 (1753855.000.000) 11/14 05:09:41 Image size of job updated: 343512
...
006 (1753855.000.000) 11/14 05:14:42 Image size of job updated: 344536
...
005 (1753855.000.000) 11/14 05:23:37 Job terminated.
	(1) Normal termination (return value 0)
		Usr 0 01:45:20, Sys 0 00:01:07  -  Run Remote Usage
		Usr 0 00:00:00, Sys 0 00:00:00  -  Run Local Usage
		Usr 0 01:45:20, Sys 0 00:01:07  -  Total Remote Usage
		Usr 0 00:00:00, Sys 0 00:00:00  -  Total Local Usage
	0  -  Run Bytes Sent By Job
	0  -  Run Bytes Received By Job
	0  -  Total Bytes Sent By Job
	0  -  Total Bytes Received By Job
...
