000 (1754121.000.000) 11/14 02:17:37 Job submitted from host: <130.199.206.69:49450>
...
001 (1754121.000.000) 11/14 04:37:41 Job executing on host: <130.199.206.195:44629>
...
006 (1754121.000.000) 11/14 04:42:51 Image size of job updated: 286380
...
006 (1754121.000.000) 11/14 04:52:53 Image size of job updated: 287512
...
006 (1754121.000.000) 11/14 04:57:54 Image size of job updated: 318380
...
006 (1754121.000.000) 11/14 05:02:55 Image size of job updated: 330680
...
006 (1754121.000.000) 11/14 05:07:56 Image size of job updated: 332420
...
006 (1754121.000.000) 11/14 05:12:57 Image size of job updated: 335492
...
006 (1754121.000.000) 11/14 05:17:58 Image size of job updated: 336516
...
006 (1754121.000.000) 11/14 05:28:00 Image size of job updated: 337540
...
006 (1754121.000.000) 11/14 05:43:03 Image size of job updated: 338568
...
006 (1754121.000.000) 11/14 05:48:03 Image size of job updated: 339592
...
006 (1754121.000.000) 11/14 05:58:03 Image size of job updated: 341640
...
006 (1754121.000.000) 11/14 06:08:03 Image size of job updated: 342664
...
006 (1754121.000.000) 11/14 06:18:03 Image size of job updated: 344712
...
005 (1754121.000.000) 11/14 06:30:30 Job terminated.
	(1) Normal termination (return value 0)
		Usr 0 01:37:51, Sys 0 00:00:23  -  Run Remote Usage
		Usr 0 00:00:00, Sys 0 00:00:00  -  Run Local Usage
		Usr 0 01:37:51, Sys 0 00:00:23  -  Total Remote Usage
		Usr 0 00:00:00, Sys 0 00:00:00  -  Total Local Usage
	0  -  Run Bytes Sent By Job
	0  -  Run Bytes Received By Job
	0  -  Total Bytes Sent By Job
	0  -  Total Bytes Received By Job
...
