000 (1755438.000.000) 11/14 02:20:10 Job submitted from host: <130.199.206.69:49450>
...
001 (1755438.000.000) 11/15 21:23:47 Job executing on host: <130.199.180.143:49383>
...
006 (1755438.000.000) 11/15 21:23:56 Image size of job updated: 158108
...
006 (1755438.000.000) 11/15 21:28:57 Image size of job updated: 277488
...
006 (1755438.000.000) 11/15 21:33:58 Image size of job updated: 280392
...
006 (1755438.000.000) 11/15 21:38:59 Image size of job updated: 288276
...
006 (1755438.000.000) 11/15 21:44:00 Image size of job updated: 292060
...
005 (1755438.000.000) 11/15 21:46:10 Job terminated.
	(1) Normal termination (return value 0)
		Usr 0 00:18:47, Sys 0 00:00:14  -  Run Remote Usage
		Usr 0 00:00:00, Sys 0 00:00:00  -  Run Local Usage
		Usr 0 00:18:47, Sys 0 00:00:14  -  Total Remote Usage
		Usr 0 00:00:00, Sys 0 00:00:00  -  Total Local Usage
	0  -  Run Bytes Sent By Job
	0  -  Run Bytes Received By Job
	0  -  Total Bytes Sent By Job
	0  -  Total Bytes Received By Job
...
