000 (1754555.000.000) 11/14 02:18:34 Job submitted from host: <130.199.206.69:49450>
...
001 (1754555.000.000) 11/14 05:26:24 Job executing on host: <130.199.180.178:51879>
...
006 (1754555.000.000) 11/14 05:26:33 Image size of job updated: 273692
...
006 (1754555.000.000) 11/14 05:31:34 Image size of job updated: 286324
...
006 (1754555.000.000) 11/14 05:36:35 Image size of job updated: 288480
...
006 (1754555.000.000) 11/14 05:41:36 Image size of job updated: 291200
...
006 (1754555.000.000) 11/14 05:51:38 Image size of job updated: 293404
...
006 (1754555.000.000) 11/14 05:56:39 Image size of job updated: 295340
...
006 (1754555.000.000) 11/14 06:01:40 Image size of job updated: 295532
...
006 (1754555.000.000) 11/14 06:06:41 Image size of job updated: 295768
...
006 (1754555.000.000) 11/14 06:11:42 Image size of job updated: 296740
...
006 (1754555.000.000) 11/14 06:16:43 Image size of job updated: 297276
...
005 (1754555.000.000) 11/14 06:26:36 Job terminated.
	(1) Normal termination (return value 0)
		Usr 0 00:54:23, Sys 0 00:00:37  -  Run Remote Usage
		Usr 0 00:00:00, Sys 0 00:00:00  -  Run Local Usage
		Usr 0 00:54:23, Sys 0 00:00:37  -  Total Remote Usage
		Usr 0 00:00:00, Sys 0 00:00:00  -  Total Local Usage
	0  -  Run Bytes Sent By Job
	0  -  Run Bytes Received By Job
	0  -  Total Bytes Sent By Job
	0  -  Total Bytes Received By Job
...
