000 (1754863.000.000) 11/14 02:19:12 Job submitted from host: <130.199.206.69:49450>
...
001 (1754863.000.000) 11/14 13:08:16 Job executing on host: <130.199.206.208:45914>
...
006 (1754863.000.000) 11/14 13:08:24 Image size of job updated: 159164
...
006 (1754863.000.000) 11/14 13:13:24 Image size of job updated: 285544
...
006 (1754863.000.000) 11/14 13:18:24 Image size of job updated: 288288
...
006 (1754863.000.000) 11/14 13:23:24 Image size of job updated: 318352
...
006 (1754863.000.000) 11/14 13:28:24 Image size of job updated: 326856
...
006 (1754863.000.000) 11/14 13:33:24 Image size of job updated: 330952
...
006 (1754863.000.000) 11/14 13:38:24 Image size of job updated: 337100
...
006 (1754863.000.000) 11/14 13:43:24 Image size of job updated: 338124
...
006 (1754863.000.000) 11/14 13:48:24 Image size of job updated: 339148
...
006 (1754863.000.000) 11/14 13:53:24 Image size of job updated: 340172
...
006 (1754863.000.000) 11/14 14:03:24 Image size of job updated: 342224
...
006 (1754863.000.000) 11/14 14:08:24 Image size of job updated: 343248
...
006 (1754863.000.000) 11/14 14:33:24 Image size of job updated: 345296
...
006 (1754863.000.000) 11/14 14:48:24 Image size of job updated: 347344
...
005 (1754863.000.000) 11/14 14:49:33 Job terminated.
	(1) Normal termination (return value 0)
		Usr 0 01:32:54, Sys 0 00:00:19  -  Run Remote Usage
		Usr 0 00:00:00, Sys 0 00:00:00  -  Run Local Usage
		Usr 0 01:32:54, Sys 0 00:00:19  -  Total Remote Usage
		Usr 0 00:00:00, Sys 0 00:00:00  -  Total Local Usage
	0  -  Run Bytes Sent By Job
	0  -  Run Bytes Received By Job
	0  -  Total Bytes Sent By Job
	0  -  Total Bytes Received By Job
...
