000 (1754503.000.000) 11/14 02:18:34 Job submitted from host: <130.199.206.69:49450>
...
001 (1754503.000.000) 11/14 05:28:40 Job executing on host: <130.199.180.174:58974>
...
006 (1754503.000.000) 11/14 05:28:48 Image size of job updated: 188048
...
006 (1754503.000.000) 11/14 05:33:48 Image size of job updated: 284568
...
006 (1754503.000.000) 11/14 05:38:48 Image size of job updated: 285768
...
006 (1754503.000.000) 11/14 05:43:48 Image size of job updated: 286044
...
006 (1754503.000.000) 11/14 05:48:48 Image size of job updated: 286176
...
006 (1754503.000.000) 11/14 05:58:50 Image size of job updated: 286448
...
006 (1754503.000.000) 11/14 06:03:51 Image size of job updated: 286856
...
006 (1754503.000.000) 11/14 06:13:53 Image size of job updated: 315948
...
006 (1754503.000.000) 11/14 06:18:54 Image size of job updated: 330976
...
006 (1754503.000.000) 11/14 06:23:55 Image size of job updated: 335316
...
006 (1754503.000.000) 11/14 06:28:56 Image size of job updated: 337364
...
006 (1754503.000.000) 11/14 06:33:57 Image size of job updated: 338388
...
006 (1754503.000.000) 11/14 06:49:00 Image size of job updated: 339412
...
006 (1754503.000.000) 11/14 07:19:06 Image size of job updated: 343516
...
006 (1754503.000.000) 11/14 07:29:08 Image size of job updated: 345568
...
005 (1754503.000.000) 11/14 07:30:33 Job terminated.
	(1) Normal termination (return value 0)
		Usr 0 01:52:04, Sys 0 00:00:53  -  Run Remote Usage
		Usr 0 00:00:00, Sys 0 00:00:00  -  Run Local Usage
		Usr 0 01:52:04, Sys 0 00:00:53  -  Total Remote Usage
		Usr 0 00:00:00, Sys 0 00:00:00  -  Total Local Usage
	0  -  Run Bytes Sent By Job
	0  -  Run Bytes Received By Job
	0  -  Total Bytes Sent By Job
	0  -  Total Bytes Received By Job
...
