000 (1754713.000.000) 11/14 02:18:59 Job submitted from host: <130.199.206.69:49450>
...
001 (1754713.000.000) 11/14 06:02:14 Job executing on host: <130.199.206.211:33818>
...
006 (1754713.000.000) 11/14 06:07:22 Image size of job updated: 285020
...
006 (1754713.000.000) 11/14 06:12:22 Image size of job updated: 286664
...
006 (1754713.000.000) 11/14 06:22:22 Image size of job updated: 287808
...
006 (1754713.000.000) 11/14 06:27:22 Image size of job updated: 289744
...
006 (1754713.000.000) 11/14 06:32:22 Image size of job updated: 311136
...
006 (1754713.000.000) 11/14 06:37:22 Image size of job updated: 329568
...
006 (1754713.000.000) 11/14 06:42:23 Image size of job updated: 333664
...
006 (1754713.000.000) 11/14 06:47:24 Image size of job updated: 334688
...
006 (1754713.000.000) 11/14 06:52:25 Image size of job updated: 338784
...
006 (1754713.000.000) 11/14 06:57:26 Image size of job updated: 340832
...
006 (1754713.000.000) 11/14 07:02:27 Image size of job updated: 341856
...
006 (1754713.000.000) 11/14 07:22:31 Image size of job updated: 344012
...
006 (1754713.000.000) 11/14 07:27:32 Image size of job updated: 344480
...
006 (1754713.000.000) 11/14 07:32:33 Image size of job updated: 345092
...
005 (1754713.000.000) 11/14 08:07:42 Job terminated.
	(1) Normal termination (return value 0)
		Usr 0 01:51:15, Sys 0 00:00:36  -  Run Remote Usage
		Usr 0 00:00:00, Sys 0 00:00:00  -  Run Local Usage
		Usr 0 01:51:15, Sys 0 00:00:36  -  Total Remote Usage
		Usr 0 00:00:00, Sys 0 00:00:00  -  Total Local Usage
	0  -  Run Bytes Sent By Job
	0  -  Run Bytes Received By Job
	0  -  Total Bytes Sent By Job
	0  -  Total Bytes Received By Job
...
