000 (1754726.000.000) 11/14 02:18:59 Job submitted from host: <130.199.206.69:49450>
...
001 (1754726.000.000) 11/14 06:04:43 Job executing on host: <130.199.180.164:59873>
...
006 (1754726.000.000) 11/14 06:04:51 Image size of job updated: 174040
...
006 (1754726.000.000) 11/14 06:09:51 Image size of job updated: 284696
...
006 (1754726.000.000) 11/14 06:14:51 Image size of job updated: 285592
...
006 (1754726.000.000) 11/14 06:19:51 Image size of job updated: 286704
...
006 (1754726.000.000) 11/14 06:24:51 Image size of job updated: 286956
...
006 (1754726.000.000) 11/14 06:29:51 Image size of job updated: 286964
...
006 (1754726.000.000) 11/14 06:34:51 Image size of job updated: 287156
...
006 (1754726.000.000) 11/14 06:39:51 Image size of job updated: 287908
...
006 (1754726.000.000) 11/14 06:44:51 Image size of job updated: 288000
...
006 (1754726.000.000) 11/14 06:49:51 Image size of job updated: 291712
...
006 (1754726.000.000) 11/14 06:59:51 Image size of job updated: 292500
...
006 (1754726.000.000) 11/14 07:04:51 Image size of job updated: 299680
...
006 (1754726.000.000) 11/14 07:24:51 Image size of job updated: 300120
...
006 (1754726.000.000) 11/14 07:29:51 Image size of job updated: 300152
...
006 (1754726.000.000) 11/14 07:49:51 Image size of job updated: 300380
...
006 (1754726.000.000) 11/14 07:54:51 Image size of job updated: 300500
...
006 (1754726.000.000) 11/14 07:59:51 Image size of job updated: 300896
...
006 (1754726.000.000) 11/14 08:19:51 Image size of job updated: 301232
...
006 (1754726.000.000) 11/14 08:29:51 Image size of job updated: 301300
...
006 (1754726.000.000) 11/14 08:34:51 Image size of job updated: 301496
...
005 (1754726.000.000) 11/14 08:39:01 Job terminated.
	(1) Normal termination (return value 0)
		Usr 0 02:21:39, Sys 0 00:01:05  -  Run Remote Usage
		Usr 0 00:00:00, Sys 0 00:00:00  -  Run Local Usage
		Usr 0 02:21:39, Sys 0 00:01:05  -  Total Remote Usage
		Usr 0 00:00:00, Sys 0 00:00:00  -  Total Local Usage
	0  -  Run Bytes Sent By Job
	0  -  Run Bytes Received By Job
	0  -  Total Bytes Sent By Job
	0  -  Total Bytes Received By Job
...
