000 (1754170.000.000) 11/14 02:17:37 Job submitted from host: <130.199.206.69:49450>
...
001 (1754170.000.000) 11/14 05:09:06 Job executing on host: <130.199.183.11:60300>
...
006 (1754170.000.000) 11/14 05:09:14 Image size of job updated: 173688
...
006 (1754170.000.000) 11/14 05:14:14 Image size of job updated: 283728
...
006 (1754170.000.000) 11/14 05:19:14 Image size of job updated: 284996
...
006 (1754170.000.000) 11/14 05:24:14 Image size of job updated: 285068
...
006 (1754170.000.000) 11/14 05:29:14 Image size of job updated: 287472
...
006 (1754170.000.000) 11/14 05:34:14 Image size of job updated: 289000
...
006 (1754170.000.000) 11/14 05:39:14 Image size of job updated: 292556
...
006 (1754170.000.000) 11/14 05:44:14 Image size of job updated: 293408
...
006 (1754170.000.000) 11/14 05:49:14 Image size of job updated: 293492
...
006 (1754170.000.000) 11/14 05:54:14 Image size of job updated: 294404
...
006 (1754170.000.000) 11/14 05:59:14 Image size of job updated: 294536
...
006 (1754170.000.000) 11/14 06:04:14 Image size of job updated: 295212
...
006 (1754170.000.000) 11/14 06:24:17 Image size of job updated: 295752
...
006 (1754170.000.000) 11/14 06:29:18 Image size of job updated: 296128
...
006 (1754170.000.000) 11/14 06:34:19 Image size of job updated: 296520
...
006 (1754170.000.000) 11/14 06:39:20 Image size of job updated: 297120
...
006 (1754170.000.000) 11/14 06:44:21 Image size of job updated: 297212
...
006 (1754170.000.000) 11/14 06:49:22 Image size of job updated: 297568
...
006 (1754170.000.000) 11/14 06:54:23 Image size of job updated: 297640
...
006 (1754170.000.000) 11/14 07:24:29 Image size of job updated: 297912
...
006 (1754170.000.000) 11/14 07:29:30 Image size of job updated: 318604
...
006 (1754170.000.000) 11/14 07:34:31 Image size of job updated: 328844
...
006 (1754170.000.000) 11/14 07:39:32 Image size of job updated: 333964
...
006 (1754170.000.000) 11/14 07:44:33 Image size of job updated: 340108
...
006 (1754170.000.000) 11/14 07:54:35 Image size of job updated: 341132
...
006 (1754170.000.000) 11/14 07:59:36 Image size of job updated: 342156
...
006 (1754170.000.000) 11/14 08:04:37 Image size of job updated: 346252
...
006 (1754170.000.000) 11/14 08:09:38 Image size of job updated: 347276
...
006 (1754170.000.000) 11/14 08:19:40 Image size of job updated: 348300
...
006 (1754170.000.000) 11/14 08:39:44 Image size of job updated: 349324
...
005 (1754170.000.000) 11/14 08:53:12 Job terminated.
	(1) Normal termination (return value 0)
		Usr 0 03:19:56, Sys 0 00:01:18  -  Run Remote Usage
		Usr 0 00:00:00, Sys 0 00:00:00  -  Run Local Usage
		Usr 0 03:19:56, Sys 0 00:01:18  -  Total Remote Usage
		Usr 0 00:00:00, Sys 0 00:00:00  -  Total Local Usage
	0  -  Run Bytes Sent By Job
	0  -  Run Bytes Received By Job
	0  -  Total Bytes Sent By Job
	0  -  Total Bytes Received By Job
...
