000 (1755374.000.000) 11/14 02:20:10 Job submitted from host: <130.199.206.69:49450>
...
001 (1755374.000.000) 11/15 12:45:51 Job executing on host: <130.199.206.154:53736>
...
006 (1755374.000.000) 11/15 12:45:59 Image size of job updated: 199736
...
006 (1755374.000.000) 11/15 12:50:59 Image size of job updated: 290996
...
006 (1755374.000.000) 11/15 12:55:59 Image size of job updated: 320016
...
006 (1755374.000.000) 11/15 13:00:59 Image size of job updated: 326160
...
006 (1755374.000.000) 11/15 13:05:59 Image size of job updated: 327184
...
006 (1755374.000.000) 11/15 13:10:59 Image size of job updated: 328208
...
006 (1755374.000.000) 11/15 13:15:59 Image size of job updated: 331300
...
005 (1755374.000.000) 11/15 13:20:01 Job terminated.
	(1) Normal termination (return value 0)
		Usr 0 00:30:53, Sys 0 00:00:12  -  Run Remote Usage
		Usr 0 00:00:00, Sys 0 00:00:00  -  Run Local Usage
		Usr 0 00:30:53, Sys 0 00:00:12  -  Total Remote Usage
		Usr 0 00:00:00, Sys 0 00:00:00  -  Total Local Usage
	0  -  Run Bytes Sent By Job
	0  -  Run Bytes Received By Job
	0  -  Total Bytes Sent By Job
	0  -  Total Bytes Received By Job
...
