000 (1754781.000.000) 11/14 02:19:12 Job submitted from host: <130.199.206.69:49450>
...
001 (1754781.000.000) 11/14 08:49:59 Job executing on host: <130.199.183.28:53536>
...
006 (1754781.000.000) 11/14 08:50:08 Image size of job updated: 72608
...
006 (1754781.000.000) 11/14 08:55:09 Image size of job updated: 289200
...
006 (1754781.000.000) 11/14 09:00:10 Image size of job updated: 315832
...
006 (1754781.000.000) 11/14 09:05:11 Image size of job updated: 323000
...
006 (1754781.000.000) 11/14 09:10:12 Image size of job updated: 325048
...
006 (1754781.000.000) 11/14 09:15:13 Image size of job updated: 328120
...
006 (1754781.000.000) 11/14 09:25:15 Image size of job updated: 329144
...
006 (1754781.000.000) 11/14 09:30:16 Image size of job updated: 330168
...
006 (1754781.000.000) 11/14 09:40:18 Image size of job updated: 332216
...
006 (1754781.000.000) 11/14 10:50:25 Image size of job updated: 334264
...
006 (1754781.000.000) 11/14 11:15:25 Image size of job updated: 335288
...
006 (1754781.000.000) 11/14 11:40:25 Image size of job updated: 337336
...
006 (1754781.000.000) 11/14 11:50:25 Image size of job updated: 338360
...
005 (1754781.000.000) 11/14 12:02:47 Job terminated.
	(1) Normal termination (return value 0)
		Usr 0 02:46:19, Sys 0 00:01:16  -  Run Remote Usage
		Usr 0 00:00:00, Sys 0 00:00:00  -  Run Local Usage
		Usr 0 02:46:19, Sys 0 00:01:16  -  Total Remote Usage
		Usr 0 00:00:00, Sys 0 00:00:00  -  Total Local Usage
	0  -  Run Bytes Sent By Job
	0  -  Run Bytes Received By Job
	0  -  Total Bytes Sent By Job
	0  -  Total Bytes Received By Job
...
