000 (1754550.000.000) 11/14 02:18:34 Job submitted from host: <130.199.206.69:49450>
...
001 (1754550.000.000) 11/14 05:24:02 Job executing on host: <130.199.180.177:58002>
...
006 (1754550.000.000) 11/14 05:24:11 Image size of job updated: 273252
...
006 (1754550.000.000) 11/14 05:29:12 Image size of job updated: 288172
...
006 (1754550.000.000) 11/14 05:34:13 Image size of job updated: 289280
...
006 (1754550.000.000) 11/14 05:39:14 Image size of job updated: 289536
...
006 (1754550.000.000) 11/14 05:44:15 Image size of job updated: 291260
...
006 (1754550.000.000) 11/14 05:49:16 Image size of job updated: 291892
...
006 (1754550.000.000) 11/14 05:54:17 Image size of job updated: 292936
...
006 (1754550.000.000) 11/14 05:59:18 Image size of job updated: 293180
...
006 (1754550.000.000) 11/14 06:04:19 Image size of job updated: 295144
...
006 (1754550.000.000) 11/14 06:09:20 Image size of job updated: 297556
...
006 (1754550.000.000) 11/14 06:14:21 Image size of job updated: 298980
...
006 (1754550.000.000) 11/14 06:24:23 Image size of job updated: 299100
...
006 (1754550.000.000) 11/14 06:29:24 Image size of job updated: 299412
...
005 (1754550.000.000) 11/14 06:31:12 Job terminated.
	(1) Normal termination (return value 0)
		Usr 0 01:00:09, Sys 0 00:00:37  -  Run Remote Usage
		Usr 0 00:00:00, Sys 0 00:00:00  -  Run Local Usage
		Usr 0 01:00:09, Sys 0 00:00:37  -  Total Remote Usage
		Usr 0 00:00:00, Sys 0 00:00:00  -  Total Local Usage
	0  -  Run Bytes Sent By Job
	0  -  Run Bytes Received By Job
	0  -  Total Bytes Sent By Job
	0  -  Total Bytes Received By Job
...
