000 (1755129.000.000) 11/14 02:19:46 Job submitted from host: <130.199.206.69:49450>
...
001 (1755129.000.000) 11/15 11:58:34 Job executing on host: <130.199.180.145:42379>
...
006 (1755129.000.000) 11/15 12:03:44 Image size of job updated: 174268
...
006 (1755129.000.000) 11/15 12:08:45 Image size of job updated: 193908
...
006 (1755129.000.000) 11/15 12:13:46 Image size of job updated: 306924
...
006 (1755129.000.000) 11/15 12:18:47 Image size of job updated: 322284
...
006 (1755129.000.000) 11/15 12:23:48 Image size of job updated: 330484
...
006 (1755129.000.000) 11/15 12:28:49 Image size of job updated: 332532
...
006 (1755129.000.000) 11/15 12:33:50 Image size of job updated: 335604
...
006 (1755129.000.000) 11/15 12:38:51 Image size of job updated: 336628
...
006 (1755129.000.000) 11/15 12:43:52 Image size of job updated: 337652
...
006 (1755129.000.000) 11/15 12:53:54 Image size of job updated: 338680
...
006 (1755129.000.000) 11/15 12:58:55 Image size of job updated: 339704
...
005 (1755129.000.000) 11/15 13:11:33 Job terminated.
	(1) Normal termination (return value 0)
		Usr 0 00:57:18, Sys 0 00:00:31  -  Run Remote Usage
		Usr 0 00:00:00, Sys 0 00:00:00  -  Run Local Usage
		Usr 0 00:57:18, Sys 0 00:00:31  -  Total Remote Usage
		Usr 0 00:00:00, Sys 0 00:00:00  -  Total Local Usage
	0  -  Run Bytes Sent By Job
	0  -  Run Bytes Received By Job
	0  -  Total Bytes Sent By Job
	0  -  Total Bytes Received By Job
...
