000 (1754592.000.000) 11/14 02:18:46 Job submitted from host: <130.199.206.69:49450>
...
001 (1754592.000.000) 11/14 05:59:18 Job executing on host: <130.199.180.177:58002>
...
006 (1754592.000.000) 11/14 05:59:26 Image size of job updated: 175588
...
006 (1754592.000.000) 11/14 06:04:26 Image size of job updated: 282712
...
006 (1754592.000.000) 11/14 06:09:26 Image size of job updated: 284360
...
006 (1754592.000.000) 11/14 06:24:26 Image size of job updated: 285144
...
006 (1754592.000.000) 11/14 06:29:27 Image size of job updated: 285484
...
006 (1754592.000.000) 11/14 06:34:28 Image size of job updated: 285932
...
006 (1754592.000.000) 11/14 06:39:29 Image size of job updated: 286408
...
006 (1754592.000.000) 11/14 06:44:30 Image size of job updated: 288404
...
006 (1754592.000.000) 11/14 06:54:32 Image size of job updated: 291384
...
006 (1754592.000.000) 11/14 06:59:33 Image size of job updated: 291760
...
006 (1754592.000.000) 11/14 07:04:34 Image size of job updated: 293140
...
006 (1754592.000.000) 11/14 07:09:35 Image size of job updated: 293508
...
006 (1754592.000.000) 11/14 07:24:38 Image size of job updated: 293720
...
006 (1754592.000.000) 11/14 07:29:39 Image size of job updated: 294048
...
006 (1754592.000.000) 11/14 08:04:46 Image size of job updated: 294632
...
006 (1754592.000.000) 11/14 08:14:48 Image size of job updated: 294780
...
006 (1754592.000.000) 11/14 08:24:50 Image size of job updated: 295352
...
006 (1754592.000.000) 11/14 08:39:53 Image size of job updated: 297812
...
005 (1754592.000.000) 11/14 08:41:08 Job terminated.
	(1) Normal termination (return value 0)
		Usr 0 02:29:10, Sys 0 00:01:05  -  Run Remote Usage
		Usr 0 00:00:00, Sys 0 00:00:00  -  Run Local Usage
		Usr 0 02:29:10, Sys 0 00:01:05  -  Total Remote Usage
		Usr 0 00:00:00, Sys 0 00:00:00  -  Total Local Usage
	0  -  Run Bytes Sent By Job
	0  -  Run Bytes Received By Job
	0  -  Total Bytes Sent By Job
	0  -  Total Bytes Received By Job
...
