000 (1755175.000.000) 11/14 02:19:54 Job submitted from host: <130.199.206.69:49450>
...
001 (1755175.000.000) 11/15 12:03:49 Job executing on host: <130.199.180.173:34638>
...
006 (1755175.000.000) 11/15 12:03:57 Image size of job updated: 72792
...
006 (1755175.000.000) 11/15 12:08:57 Image size of job updated: 174464
...
006 (1755175.000.000) 11/15 12:13:57 Image size of job updated: 188080
...
006 (1755175.000.000) 11/15 12:18:58 Image size of job updated: 281048
...
006 (1755175.000.000) 11/15 12:23:59 Image size of job updated: 284308
...
006 (1755175.000.000) 11/15 12:29:00 Image size of job updated: 285184
...
006 (1755175.000.000) 11/15 12:34:01 Image size of job updated: 285516
...
006 (1755175.000.000) 11/15 12:39:02 Image size of job updated: 287464
...
006 (1755175.000.000) 11/15 12:44:03 Image size of job updated: 288960
...
006 (1755175.000.000) 11/15 12:49:04 Image size of job updated: 290108
...
006 (1755175.000.000) 11/15 12:54:05 Image size of job updated: 293032
...
006 (1755175.000.000) 11/15 13:04:07 Image size of job updated: 308652
...
006 (1755175.000.000) 11/15 13:09:08 Image size of job updated: 321964
...
006 (1755175.000.000) 11/15 13:14:09 Image size of job updated: 326060
...
006 (1755175.000.000) 11/15 13:19:10 Image size of job updated: 336312
...
006 (1755175.000.000) 11/15 13:24:11 Image size of job updated: 345532
...
006 (1755175.000.000) 11/15 13:29:12 Image size of job updated: 348604
...
005 (1755175.000.000) 11/15 13:32:58 Job terminated.
	(1) Normal termination (return value 0)
		Usr 0 01:06:35, Sys 0 00:00:53  -  Run Remote Usage
		Usr 0 00:00:00, Sys 0 00:00:00  -  Run Local Usage
		Usr 0 01:06:35, Sys 0 00:00:53  -  Total Remote Usage
		Usr 0 00:00:00, Sys 0 00:00:00  -  Total Local Usage
	0  -  Run Bytes Sent By Job
	0  -  Run Bytes Received By Job
	0  -  Total Bytes Sent By Job
	0  -  Total Bytes Received By Job
...
