000 (1754413.000.000) 11/14 02:18:20 Job submitted from host: <130.199.206.69:49450>
...
001 (1754413.000.000) 11/14 04:21:46 Job executing on host: <130.199.206.56:39403>
...
006 (1754413.000.000) 11/14 04:21:55 Image size of job updated: 211596
...
006 (1754413.000.000) 11/14 04:26:56 Image size of job updated: 283836
...
006 (1754413.000.000) 11/14 04:31:57 Image size of job updated: 284656
...
006 (1754413.000.000) 11/14 04:36:57 Image size of job updated: 285520
...
006 (1754413.000.000) 11/14 04:41:57 Image size of job updated: 286080
...
006 (1754413.000.000) 11/14 04:46:57 Image size of job updated: 286244
...
006 (1754413.000.000) 11/14 04:51:57 Image size of job updated: 286608
...
006 (1754413.000.000) 11/14 04:56:57 Image size of job updated: 290596
...
006 (1754413.000.000) 11/14 05:01:57 Image size of job updated: 292016
...
006 (1754413.000.000) 11/14 05:11:57 Image size of job updated: 294876
...
006 (1754413.000.000) 11/14 05:16:57 Image size of job updated: 296184
...
006 (1754413.000.000) 11/14 05:21:57 Image size of job updated: 297064
...
006 (1754413.000.000) 11/14 05:26:57 Image size of job updated: 297424
...
006 (1754413.000.000) 11/14 05:31:57 Image size of job updated: 297588
...
006 (1754413.000.000) 11/14 05:36:57 Image size of job updated: 321592
...
006 (1754413.000.000) 11/14 05:41:57 Image size of job updated: 339280
...
006 (1754413.000.000) 11/14 05:46:57 Image size of job updated: 345424
...
006 (1754413.000.000) 11/14 05:56:57 Image size of job updated: 347472
...
006 (1754413.000.000) 11/14 06:01:57 Image size of job updated: 348496
...
006 (1754413.000.000) 11/14 06:26:57 Image size of job updated: 348784
...
005 (1754413.000.000) 11/14 06:29:40 Job terminated.
	(1) Normal termination (return value 0)
		Usr 0 01:44:23, Sys 0 00:00:21  -  Run Remote Usage
		Usr 0 00:00:00, Sys 0 00:00:00  -  Run Local Usage
		Usr 0 01:44:23, Sys 0 00:00:21  -  Total Remote Usage
		Usr 0 00:00:00, Sys 0 00:00:00  -  Total Local Usage
	0  -  Run Bytes Sent By Job
	0  -  Run Bytes Received By Job
	0  -  Total Bytes Sent By Job
	0  -  Total Bytes Received By Job
...
