000 (1754845.000.000) 11/14 02:19:12 Job submitted from host: <130.199.206.69:49450>
...
001 (1754845.000.000) 11/14 13:07:58 Job executing on host: <130.199.183.14:48158>
...
006 (1754845.000.000) 11/14 13:08:07 Image size of job updated: 157844
...
006 (1754845.000.000) 11/14 13:13:08 Image size of job updated: 284344
...
006 (1754845.000.000) 11/14 13:18:09 Image size of job updated: 285364
...
006 (1754845.000.000) 11/14 13:23:10 Image size of job updated: 318040
...
006 (1754845.000.000) 11/14 13:28:11 Image size of job updated: 324996
...
006 (1754845.000.000) 11/14 13:33:12 Image size of job updated: 327044
...
006 (1754845.000.000) 11/14 13:38:13 Image size of job updated: 329092
...
006 (1754845.000.000) 11/14 13:58:17 Image size of job updated: 332164
...
006 (1754845.000.000) 11/14 14:03:18 Image size of job updated: 333188
...
006 (1754845.000.000) 11/14 14:18:21 Image size of job updated: 335240
...
006 (1754845.000.000) 11/14 14:23:22 Image size of job updated: 337288
...
006 (1754845.000.000) 11/14 14:28:23 Image size of job updated: 338312
...
006 (1754845.000.000) 11/14 14:38:25 Image size of job updated: 339336
...
006 (1754845.000.000) 11/14 14:53:28 Image size of job updated: 340360
...
006 (1754845.000.000) 11/14 15:18:33 Image size of job updated: 341384
...
006 (1754845.000.000) 11/14 15:28:35 Image size of job updated: 344464
...
005 (1754845.000.000) 11/14 15:36:59 Job terminated.
	(1) Normal termination (return value 0)
		Usr 0 02:06:48, Sys 0 00:00:59  -  Run Remote Usage
		Usr 0 00:00:00, Sys 0 00:00:00  -  Run Local Usage
		Usr 0 02:06:48, Sys 0 00:00:59  -  Total Remote Usage
		Usr 0 00:00:00, Sys 0 00:00:00  -  Total Local Usage
	0  -  Run Bytes Sent By Job
	0  -  Run Bytes Received By Job
	0  -  Total Bytes Sent By Job
	0  -  Total Bytes Received By Job
...
