000 (1753803.000.000) 11/14 02:16:47 Job submitted from host: <130.199.206.69:49450>
...
001 (1753803.000.000) 11/14 08:03:56 Job executing on host: <130.199.206.158:57664>
...
006 (1753803.000.000) 11/14 08:04:04 Image size of job updated: 8820
...
006 (1753803.000.000) 11/14 08:09:04 Image size of job updated: 304436
...
006 (1753803.000.000) 11/14 08:14:04 Image size of job updated: 307320
...
006 (1753803.000.000) 11/14 08:19:04 Image size of job updated: 308388
...
006 (1753803.000.000) 11/14 08:24:04 Image size of job updated: 309216
...
006 (1753803.000.000) 11/14 08:29:04 Image size of job updated: 318412
...
006 (1753803.000.000) 11/14 08:34:04 Image size of job updated: 331724
...
006 (1753803.000.000) 11/14 08:39:04 Image size of job updated: 335820
...
006 (1753803.000.000) 11/14 08:44:04 Image size of job updated: 337868
...
006 (1753803.000.000) 11/14 08:54:04 Image size of job updated: 339916
...
006 (1753803.000.000) 11/14 08:59:04 Image size of job updated: 341968
...
005 (1753803.000.000) 11/14 09:28:01 Job terminated.
	(1) Normal termination (return value 0)
		Usr 0 01:18:36, Sys 0 00:00:15  -  Run Remote Usage
		Usr 0 00:00:00, Sys 0 00:00:00  -  Run Local Usage
		Usr 0 01:18:36, Sys 0 00:00:15  -  Total Remote Usage
		Usr 0 00:00:00, Sys 0 00:00:00  -  Total Local Usage
	0  -  Run Bytes Sent By Job
	0  -  Run Bytes Received By Job
	0  -  Total Bytes Sent By Job
	0  -  Total Bytes Received By Job
...
