000 (1754797.000.000) 11/14 02:19:12 Job submitted from host: <130.199.206.69:49450>
...
001 (1754797.000.000) 11/14 09:00:23 Job executing on host: <130.199.180.142:35025>
...
006 (1754797.000.000) 11/14 09:05:31 Image size of job updated: 282548
...
006 (1754797.000.000) 11/14 09:10:31 Image size of job updated: 284332
...
006 (1754797.000.000) 11/14 09:20:31 Image size of job updated: 284668
...
006 (1754797.000.000) 11/14 09:30:31 Image size of job updated: 285448
...
006 (1754797.000.000) 11/14 09:35:31 Image size of job updated: 286004
...
006 (1754797.000.000) 11/14 09:40:31 Image size of job updated: 287164
...
006 (1754797.000.000) 11/14 09:45:31 Image size of job updated: 287944
...
006 (1754797.000.000) 11/14 09:50:31 Image size of job updated: 289780
...
006 (1754797.000.000) 11/14 09:55:31 Image size of job updated: 291956
...
006 (1754797.000.000) 11/14 10:00:31 Image size of job updated: 292008
...
006 (1754797.000.000) 11/14 10:05:31 Image size of job updated: 292196
...
006 (1754797.000.000) 11/14 10:10:31 Image size of job updated: 292524
...
006 (1754797.000.000) 11/14 10:15:31 Image size of job updated: 292856
...
006 (1754797.000.000) 11/14 10:20:31 Image size of job updated: 293264
...
006 (1754797.000.000) 11/14 10:40:35 Image size of job updated: 293784
...
006 (1754797.000.000) 11/14 11:00:39 Image size of job updated: 293952
...
006 (1754797.000.000) 11/14 11:05:40 Image size of job updated: 294356
...
006 (1754797.000.000) 11/14 11:10:41 Image size of job updated: 294960
...
006 (1754797.000.000) 11/14 11:25:44 Image size of job updated: 295008
...
006 (1754797.000.000) 11/14 11:30:45 Image size of job updated: 295216
...
006 (1754797.000.000) 11/14 11:55:50 Image size of job updated: 297220
...
005 (1754797.000.000) 11/14 12:15:01 Job terminated.
	(1) Normal termination (return value 0)
		Usr 0 02:56:06, Sys 0 00:01:37  -  Run Remote Usage
		Usr 0 00:00:00, Sys 0 00:00:00  -  Run Local Usage
		Usr 0 02:56:06, Sys 0 00:01:37  -  Total Remote Usage
		Usr 0 00:00:00, Sys 0 00:00:00  -  Total Local Usage
	0  -  Run Bytes Sent By Job
	0  -  Run Bytes Received By Job
	0  -  Total Bytes Sent By Job
	0  -  Total Bytes Received By Job
...
