000 (1754039.000.000) 11/14 02:17:22 Job submitted from host: <130.199.206.69:49450>
...
001 (1754039.000.000) 11/14 05:18:39 Job executing on host: <130.199.180.159:36980>
...
006 (1754039.000.000) 11/14 05:18:48 Image size of job updated: 260360
...
006 (1754039.000.000) 11/14 05:23:49 Image size of job updated: 285560
...
006 (1754039.000.000) 11/14 05:28:50 Image size of job updated: 293956
...
006 (1754039.000.000) 11/14 05:33:51 Image size of job updated: 313412
...
006 (1754039.000.000) 11/14 05:38:52 Image size of job updated: 324676
...
006 (1754039.000.000) 11/14 05:43:53 Image size of job updated: 326048
...
006 (1754039.000.000) 11/14 05:48:54 Image size of job updated: 327072
...
006 (1754039.000.000) 11/14 05:53:55 Image size of job updated: 328096
...
006 (1754039.000.000) 11/14 06:03:57 Image size of job updated: 331168
...
006 (1754039.000.000) 11/14 06:08:58 Image size of job updated: 332192
...
006 (1754039.000.000) 11/14 06:13:59 Image size of job updated: 334244
...
006 (1754039.000.000) 11/14 06:19:00 Image size of job updated: 336292
...
006 (1754039.000.000) 11/14 06:34:03 Image size of job updated: 337316
...
006 (1754039.000.000) 11/14 06:49:06 Image size of job updated: 339364
...
006 (1754039.000.000) 11/14 07:39:16 Image size of job updated: 341412
...
005 (1754039.000.000) 11/14 07:53:32 Job terminated.
	(1) Normal termination (return value 0)
		Usr 0 02:17:06, Sys 0 00:01:07  -  Run Remote Usage
		Usr 0 00:00:00, Sys 0 00:00:00  -  Run Local Usage
		Usr 0 02:17:06, Sys 0 00:01:07  -  Total Remote Usage
		Usr 0 00:00:00, Sys 0 00:00:00  -  Total Local Usage
	0  -  Run Bytes Sent By Job
	0  -  Run Bytes Received By Job
	0  -  Total Bytes Sent By Job
	0  -  Total Bytes Received By Job
...
