000 (1753577.000.000) 11/14 02:16:08 Job submitted from host: <130.199.206.69:49450>
...
001 (1753577.000.000) 11/14 05:45:02 Job executing on host: <130.199.206.156:57223>
...
006 (1753577.000.000) 11/14 05:50:12 Image size of job updated: 296672
...
006 (1753577.000.000) 11/14 05:55:13 Image size of job updated: 302832
...
006 (1753577.000.000) 11/14 06:00:14 Image size of job updated: 304120
...
006 (1753577.000.000) 11/14 06:05:15 Image size of job updated: 310000
...
006 (1753577.000.000) 11/14 06:10:16 Image size of job updated: 314076
...
006 (1753577.000.000) 11/14 06:15:17 Image size of job updated: 314764
...
006 (1753577.000.000) 11/14 06:20:18 Image size of job updated: 318436
...
006 (1753577.000.000) 11/14 06:25:19 Image size of job updated: 318764
...
006 (1753577.000.000) 11/14 06:40:20 Image size of job updated: 323408
...
006 (1753577.000.000) 11/14 06:45:20 Image size of job updated: 335696
...
006 (1753577.000.000) 11/14 06:55:20 Image size of job updated: 336064
...
006 (1753577.000.000) 11/14 07:15:20 Image size of job updated: 336288
...
006 (1753577.000.000) 11/14 07:20:20 Image size of job updated: 336396
...
006 (1753577.000.000) 11/14 07:30:20 Image size of job updated: 337260
...
006 (1753577.000.000) 11/14 07:35:20 Image size of job updated: 338432
...
006 (1753577.000.000) 11/14 07:50:20 Image size of job updated: 338716
...
006 (1753577.000.000) 11/14 07:55:20 Image size of job updated: 339008
...
006 (1753577.000.000) 11/14 08:00:20 Image size of job updated: 339220
...
006 (1753577.000.000) 11/14 08:15:23 Image size of job updated: 339792
...
006 (1753577.000.000) 11/14 08:20:24 Image size of job updated: 340816
...
006 (1753577.000.000) 11/14 08:30:26 Image size of job updated: 341840
...
005 (1753577.000.000) 11/14 08:37:49 Job terminated.
	(1) Normal termination (return value 0)
		Usr 0 02:43:00, Sys 0 00:00:53  -  Run Remote Usage
		Usr 0 00:00:00, Sys 0 00:00:00  -  Run Local Usage
		Usr 0 02:43:00, Sys 0 00:00:53  -  Total Remote Usage
		Usr 0 00:00:00, Sys 0 00:00:00  -  Total Local Usage
	0  -  Run Bytes Sent By Job
	0  -  Run Bytes Received By Job
	0  -  Total Bytes Sent By Job
	0  -  Total Bytes Received By Job
...
