000 (1754579.000.000) 11/14 02:18:46 Job submitted from host: <130.199.206.69:49450>
...
001 (1754579.000.000) 11/14 05:32:24 Job executing on host: <130.199.180.156:41502>
...
006 (1754579.000.000) 11/14 05:37:32 Image size of job updated: 283352
...
006 (1754579.000.000) 11/14 05:42:32 Image size of job updated: 284372
...
006 (1754579.000.000) 11/14 05:47:32 Image size of job updated: 284848
...
006 (1754579.000.000) 11/14 05:57:32 Image size of job updated: 286228
...
006 (1754579.000.000) 11/14 06:07:32 Image size of job updated: 287088
...
006 (1754579.000.000) 11/14 06:12:32 Image size of job updated: 288132
...
006 (1754579.000.000) 11/14 06:17:32 Image size of job updated: 289868
...
006 (1754579.000.000) 11/14 06:22:32 Image size of job updated: 290436
...
006 (1754579.000.000) 11/14 06:27:32 Image size of job updated: 290808
...
006 (1754579.000.000) 11/14 06:32:32 Image size of job updated: 291772
...
006 (1754579.000.000) 11/14 06:37:33 Image size of job updated: 292608
...
006 (1754579.000.000) 11/14 06:52:36 Image size of job updated: 292804
...
006 (1754579.000.000) 11/14 06:57:37 Image size of job updated: 292880
...
006 (1754579.000.000) 11/14 07:07:39 Image size of job updated: 293232
...
006 (1754579.000.000) 11/14 07:12:40 Image size of job updated: 293388
...
006 (1754579.000.000) 11/14 07:17:41 Image size of job updated: 293468
...
006 (1754579.000.000) 11/14 07:22:42 Image size of job updated: 293564
...
006 (1754579.000.000) 11/14 07:27:43 Image size of job updated: 293808
...
006 (1754579.000.000) 11/14 07:32:44 Image size of job updated: 294920
...
006 (1754579.000.000) 11/14 07:52:48 Image size of job updated: 294940
...
005 (1754579.000.000) 11/14 08:07:39 Job terminated.
	(1) Normal termination (return value 0)
		Usr 0 02:24:27, Sys 0 00:01:00  -  Run Remote Usage
		Usr 0 00:00:00, Sys 0 00:00:00  -  Run Local Usage
		Usr 0 02:24:27, Sys 0 00:01:00  -  Total Remote Usage
		Usr 0 00:00:00, Sys 0 00:00:00  -  Total Local Usage
	0  -  Run Bytes Sent By Job
	0  -  Run Bytes Received By Job
	0  -  Total Bytes Sent By Job
	0  -  Total Bytes Received By Job
...
