000 (1754424.000.000) 11/14 02:18:20 Job submitted from host: <130.199.206.69:49450>
...
001 (1754424.000.000) 11/14 06:08:22 Job executing on host: <130.199.180.162:36052>
...
006 (1754424.000.000) 11/14 06:13:32 Image size of job updated: 284104
...
006 (1754424.000.000) 11/14 06:18:33 Image size of job updated: 285840
...
006 (1754424.000.000) 11/14 06:23:34 Image size of job updated: 286316
...
006 (1754424.000.000) 11/14 06:33:36 Image size of job updated: 287268
...
006 (1754424.000.000) 11/14 06:38:37 Image size of job updated: 287660
...
006 (1754424.000.000) 11/14 06:43:38 Image size of job updated: 288392
...
006 (1754424.000.000) 11/14 06:48:39 Image size of job updated: 288748
...
006 (1754424.000.000) 11/14 06:53:40 Image size of job updated: 288900
...
006 (1754424.000.000) 11/14 06:58:41 Image size of job updated: 291276
...
006 (1754424.000.000) 11/14 07:03:42 Image size of job updated: 291984
...
006 (1754424.000.000) 11/14 07:08:43 Image size of job updated: 292112
...
006 (1754424.000.000) 11/14 07:23:46 Image size of job updated: 292708
...
006 (1754424.000.000) 11/14 07:28:47 Image size of job updated: 293784
...
006 (1754424.000.000) 11/14 07:43:50 Image size of job updated: 295504
...
006 (1754424.000.000) 11/14 08:49:03 Image size of job updated: 295640
...
006 (1754424.000.000) 11/14 08:54:04 Image size of job updated: 296036
...
006 (1754424.000.000) 11/14 08:59:05 Image size of job updated: 296472
...
006 (1754424.000.000) 11/14 09:04:06 Image size of job updated: 296556
...
006 (1754424.000.000) 11/14 09:09:07 Image size of job updated: 297900
...
005 (1754424.000.000) 11/14 10:16:20 Job terminated.
	(1) Normal termination (return value 0)
		Usr 0 03:36:55, Sys 0 00:01:56  -  Run Remote Usage
		Usr 0 00:00:00, Sys 0 00:00:00  -  Run Local Usage
		Usr 0 03:36:55, Sys 0 00:01:56  -  Total Remote Usage
		Usr 0 00:00:00, Sys 0 00:00:00  -  Total Local Usage
	0  -  Run Bytes Sent By Job
	0  -  Run Bytes Received By Job
	0  -  Total Bytes Sent By Job
	0  -  Total Bytes Received By Job
...
