000 (1754386.000.000) 11/14 02:18:20 Job submitted from host: <130.199.206.69:49450>
...
001 (1754386.000.000) 11/14 05:51:41 Job executing on host: <130.199.183.16:34724>
...
006 (1754386.000.000) 11/14 05:56:49 Image size of job updated: 284024
...
006 (1754386.000.000) 11/14 06:01:49 Image size of job updated: 285364
...
006 (1754386.000.000) 11/14 06:11:49 Image size of job updated: 286652
...
006 (1754386.000.000) 11/14 06:16:49 Image size of job updated: 286696
...
006 (1754386.000.000) 11/14 06:21:50 Image size of job updated: 300136
...
006 (1754386.000.000) 11/14 06:26:51 Image size of job updated: 316520
...
006 (1754386.000.000) 11/14 06:31:52 Image size of job updated: 326760
...
006 (1754386.000.000) 11/14 06:36:53 Image size of job updated: 328808
...
006 (1754386.000.000) 11/14 06:41:54 Image size of job updated: 332904
...
006 (1754386.000.000) 11/14 06:51:56 Image size of job updated: 337004
...
006 (1754386.000.000) 11/14 06:56:57 Image size of job updated: 339052
...
006 (1754386.000.000) 11/14 07:01:58 Image size of job updated: 340076
...
006 (1754386.000.000) 11/14 07:06:59 Image size of job updated: 341100
...
006 (1754386.000.000) 11/14 07:27:03 Image size of job updated: 342124
...
006 (1754386.000.000) 11/14 07:57:09 Image size of job updated: 343148
...
006 (1754386.000.000) 11/14 08:17:13 Image size of job updated: 344172
...
006 (1754386.000.000) 11/14 08:37:17 Image size of job updated: 345196
...
006 (1754386.000.000) 11/14 08:47:19 Image size of job updated: 346220
...
006 (1754386.000.000) 11/14 09:22:26 Image size of job updated: 347244
...
005 (1754386.000.000) 11/14 10:08:27 Job terminated.
	(1) Normal termination (return value 0)
		Usr 0 03:50:05, Sys 0 00:01:50  -  Run Remote Usage
		Usr 0 00:00:00, Sys 0 00:00:00  -  Run Local Usage
		Usr 0 03:50:05, Sys 0 00:01:50  -  Total Remote Usage
		Usr 0 00:00:00, Sys 0 00:00:00  -  Total Local Usage
	0  -  Run Bytes Sent By Job
	0  -  Run Bytes Received By Job
	0  -  Total Bytes Sent By Job
	0  -  Total Bytes Received By Job
...
