000 (1755087.000.000) 11/14 02:19:46 Job submitted from host: <130.199.206.69:49450>
...
001 (1755087.000.000) 11/15 17:06:48 Job executing on host: <130.199.183.10:36128>
...
006 (1755087.000.000) 11/15 17:11:56 Image size of job updated: 286184
...
006 (1755087.000.000) 11/15 17:21:56 Image size of job updated: 287000
...
006 (1755087.000.000) 11/15 17:26:56 Image size of job updated: 287384
...
006 (1755087.000.000) 11/15 17:31:56 Image size of job updated: 287548
...
006 (1755087.000.000) 11/15 17:36:56 Image size of job updated: 290468
...
006 (1755087.000.000) 11/15 17:41:56 Image size of job updated: 290832
...
006 (1755087.000.000) 11/15 17:46:56 Image size of job updated: 292040
...
006 (1755087.000.000) 11/15 17:51:56 Image size of job updated: 293312
...
006 (1755087.000.000) 11/15 17:56:56 Image size of job updated: 294856
...
006 (1755087.000.000) 11/15 18:01:56 Image size of job updated: 295224
...
006 (1755087.000.000) 11/15 18:06:56 Image size of job updated: 326536
...
006 (1755087.000.000) 11/15 18:11:56 Image size of job updated: 334728
...
006 (1755087.000.000) 11/15 18:16:56 Image size of job updated: 337784
...
006 (1755087.000.000) 11/15 18:26:56 Image size of job updated: 338808
...
006 (1755087.000.000) 11/15 18:36:57 Image size of job updated: 341884
...
006 (1755087.000.000) 11/15 18:41:58 Image size of job updated: 344956
...
006 (1755087.000.000) 11/15 18:46:59 Image size of job updated: 345980
...
006 (1755087.000.000) 11/15 18:57:01 Image size of job updated: 347004
...
005 (1755087.000.000) 11/15 19:00:19 Job terminated.
	(1) Normal termination (return value 0)
		Usr 0 01:34:38, Sys 0 00:00:55  -  Run Remote Usage
		Usr 0 00:00:00, Sys 0 00:00:00  -  Run Local Usage
		Usr 0 01:34:38, Sys 0 00:00:55  -  Total Remote Usage
		Usr 0 00:00:00, Sys 0 00:00:00  -  Total Local Usage
	0  -  Run Bytes Sent By Job
	0  -  Run Bytes Received By Job
	0  -  Total Bytes Sent By Job
	0  -  Total Bytes Received By Job
...
000 (1798251.000.000) 11/18 15:19:54 Job submitted from host: <130.199.206.69:49450>
...
001 (1798251.000.000) 11/18 15:29:52 Job executing on host: <130.199.183.31:39335>
...
006 (1798251.000.000) 11/18 15:30:01 Image size of job updated: 278304
...
006 (1798251.000.000) 11/18 15:35:02 Image size of job updated: 283688
...
006 (1798251.000.000) 11/18 15:40:03 Image size of job updated: 284164
...
006 (1798251.000.000) 11/18 15:45:04 Image size of job updated: 285136
...
006 (1798251.000.000) 11/18 15:50:05 Image size of job updated: 285264
...
006 (1798251.000.000) 11/18 15:55:06 Image size of job updated: 290552
...
006 (1798251.000.000) 11/18 16:00:07 Image size of job updated: 292096
...
006 (1798251.000.000) 11/18 16:05:08 Image size of job updated: 292564
...
006 (1798251.000.000) 11/18 16:20:11 Image size of job updated: 292968
...
006 (1798251.000.000) 11/18 16:25:12 Image size of job updated: 293976
...
006 (1798251.000.000) 11/18 16:40:15 Image size of job updated: 298464
...
006 (1798251.000.000) 11/18 16:50:17 Image size of job updated: 299444
...
006 (1798251.000.000) 11/18 17:00:19 Image size of job updated: 299600
...
005 (1798251.000.000) 11/18 17:02:44 Job terminated.
	(1) Normal termination (return value 0)
		Usr 0 01:25:20, Sys 0 00:00:32  -  Run Remote Usage
		Usr 0 00:00:00, Sys 0 00:00:00  -  Run Local Usage
		Usr 0 01:25:20, Sys 0 00:00:32  -  Total Remote Usage
		Usr 0 00:00:00, Sys 0 00:00:00  -  Total Local Usage
	0  -  Run Bytes Sent By Job
	0  -  Run Bytes Received By Job
	0  -  Total Bytes Sent By Job
	0  -  Total Bytes Received By Job
...
