000 (1755403.000.000) 11/14 02:20:10 Job submitted from host: <130.199.206.69:49450>
...
001 (1755403.000.000) 11/15 19:29:22 Job executing on host: <130.199.183.21:49750>
...
006 (1755403.000.000) 11/15 19:29:30 Image size of job updated: 158280
...
006 (1755403.000.000) 11/15 19:34:30 Image size of job updated: 277304
...
006 (1755403.000.000) 11/15 19:39:30 Image size of job updated: 281388
...
006 (1755403.000.000) 11/15 19:44:30 Image size of job updated: 282376
...
006 (1755403.000.000) 11/15 19:49:30 Image size of job updated: 284972
...
006 (1755403.000.000) 11/15 19:54:30 Image size of job updated: 289076
...
006 (1755403.000.000) 11/15 19:59:30 Image size of job updated: 290100
...
005 (1755403.000.000) 11/15 20:03:25 Job terminated.
	(1) Normal termination (return value 0)
		Usr 0 00:30:33, Sys 0 00:00:21  -  Run Remote Usage
		Usr 0 00:00:00, Sys 0 00:00:00  -  Run Local Usage
		Usr 0 00:30:33, Sys 0 00:00:21  -  Total Remote Usage
		Usr 0 00:00:00, Sys 0 00:00:00  -  Total Local Usage
	0  -  Run Bytes Sent By Job
	0  -  Run Bytes Received By Job
	0  -  Total Bytes Sent By Job
	0  -  Total Bytes Received By Job
...
