000 (1755376.000.000) 11/14 02:20:10 Job submitted from host: <130.199.206.69:49450>
...
001 (1755376.000.000) 11/15 12:46:08 Job executing on host: <130.199.180.143:49383>
...
006 (1755376.000.000) 11/15 12:46:16 Image size of job updated: 182636
...
006 (1755376.000.000) 11/15 12:51:16 Image size of job updated: 282876
...
006 (1755376.000.000) 11/15 12:56:16 Image size of job updated: 284108
...
006 (1755376.000.000) 11/15 13:01:16 Image size of job updated: 284840
...
006 (1755376.000.000) 11/15 13:16:16 Image size of job updated: 285988
...
006 (1755376.000.000) 11/15 13:21:16 Image size of job updated: 287168
...
006 (1755376.000.000) 11/15 13:26:16 Image size of job updated: 288068
...
006 (1755376.000.000) 11/15 13:31:16 Image size of job updated: 288640
...
006 (1755376.000.000) 11/15 13:36:16 Image size of job updated: 290880
...
006 (1755376.000.000) 11/15 13:41:16 Image size of job updated: 292244
...
006 (1755376.000.000) 11/15 13:46:16 Image size of job updated: 293964
...
005 (1755376.000.000) 11/15 14:05:11 Job terminated.
	(1) Normal termination (return value 0)
		Usr 0 01:10:50, Sys 0 00:00:49  -  Run Remote Usage
		Usr 0 00:00:00, Sys 0 00:00:00  -  Run Local Usage
		Usr 0 01:10:50, Sys 0 00:00:49  -  Total Remote Usage
		Usr 0 00:00:00, Sys 0 00:00:00  -  Total Local Usage
	0  -  Run Bytes Sent By Job
	0  -  Run Bytes Received By Job
	0  -  Total Bytes Sent By Job
	0  -  Total Bytes Received By Job
...
