000 (1754090.000.000) 11/14 02:17:37 Job submitted from host: <130.199.206.69:49450>
...
001 (1754090.000.000) 11/14 05:01:49 Job executing on host: <130.199.180.157:54764>
...
006 (1754090.000.000) 11/14 05:06:57 Image size of job updated: 282996
...
006 (1754090.000.000) 11/14 05:11:57 Image size of job updated: 284504
...
006 (1754090.000.000) 11/14 05:16:57 Image size of job updated: 288572
...
006 (1754090.000.000) 11/14 05:21:57 Image size of job updated: 289740
...
006 (1754090.000.000) 11/14 05:26:57 Image size of job updated: 292492
...
006 (1754090.000.000) 11/14 05:31:57 Image size of job updated: 295084
...
006 (1754090.000.000) 11/14 05:36:57 Image size of job updated: 295412
...
006 (1754090.000.000) 11/14 06:01:57 Image size of job updated: 296316
...
006 (1754090.000.000) 11/14 06:21:57 Image size of job updated: 296692
...
006 (1754090.000.000) 11/14 06:31:58 Image size of job updated: 296744
...
005 (1754090.000.000) 11/14 06:33:50 Job terminated.
	(1) Normal termination (return value 0)
		Usr 0 01:21:39, Sys 0 00:00:46  -  Run Remote Usage
		Usr 0 00:00:00, Sys 0 00:00:00  -  Run Local Usage
		Usr 0 01:21:39, Sys 0 00:00:46  -  Total Remote Usage
		Usr 0 00:00:00, Sys 0 00:00:00  -  Total Local Usage
	0  -  Run Bytes Sent By Job
	0  -  Run Bytes Received By Job
	0  -  Total Bytes Sent By Job
	0  -  Total Bytes Received By Job
...
