000 (1753539.000.000) 11/14 02:15:48 Job submitted from host: <130.199.206.69:49450>
...
001 (1753539.000.000) 11/14 05:23:39 Job executing on host: <130.199.180.171:36907>
...
006 (1753539.000.000) 11/14 05:28:49 Image size of job updated: 283568
...
006 (1753539.000.000) 11/14 05:33:50 Image size of job updated: 285760
...
006 (1753539.000.000) 11/14 05:48:53 Image size of job updated: 286568
...
006 (1753539.000.000) 11/14 05:53:54 Image size of job updated: 287540
...
006 (1753539.000.000) 11/14 05:58:55 Image size of job updated: 287644
...
006 (1753539.000.000) 11/14 06:03:56 Image size of job updated: 288012
...
006 (1753539.000.000) 11/14 06:13:58 Image size of job updated: 289816
...
006 (1753539.000.000) 11/14 06:24:00 Image size of job updated: 294652
...
006 (1753539.000.000) 11/14 06:29:01 Image size of job updated: 295676
...
005 (1753539.000.000) 11/14 06:32:37 Job terminated.
	(1) Normal termination (return value 0)
		Usr 0 01:01:40, Sys 0 00:00:34  -  Run Remote Usage
		Usr 0 00:00:00, Sys 0 00:00:00  -  Run Local Usage
		Usr 0 01:01:40, Sys 0 00:00:34  -  Total Remote Usage
		Usr 0 00:00:00, Sys 0 00:00:00  -  Total Local Usage
	0  -  Run Bytes Sent By Job
	0  -  Run Bytes Received By Job
	0  -  Total Bytes Sent By Job
	0  -  Total Bytes Received By Job
...
