000 (1754509.000.000) 11/14 02:18:34 Job submitted from host: <130.199.206.69:49450>
...
001 (1754509.000.000) 11/14 05:31:12 Job executing on host: <130.199.180.176:34913>
...
006 (1754509.000.000) 11/14 05:31:20 Image size of job updated: 72764
...
006 (1754509.000.000) 11/14 05:36:20 Image size of job updated: 285724
...
006 (1754509.000.000) 11/14 05:41:20 Image size of job updated: 312248
...
006 (1754509.000.000) 11/14 05:46:21 Image size of job updated: 325844
...
006 (1754509.000.000) 11/14 05:51:22 Image size of job updated: 326868
...
006 (1754509.000.000) 11/14 06:01:24 Image size of job updated: 327884
...
006 (1754509.000.000) 11/14 06:11:26 Image size of job updated: 329932
...
006 (1754509.000.000) 11/14 06:21:28 Image size of job updated: 331644
...
006 (1754509.000.000) 11/14 06:26:29 Image size of job updated: 332668
...
006 (1754509.000.000) 11/14 06:41:32 Image size of job updated: 334716
...
006 (1754509.000.000) 11/14 07:11:38 Image size of job updated: 335744
...
006 (1754509.000.000) 11/14 07:21:40 Image size of job updated: 336768
...
006 (1754509.000.000) 11/14 07:26:41 Image size of job updated: 337792
...
006 (1754509.000.000) 11/14 07:31:42 Image size of job updated: 338816
...
006 (1754509.000.000) 11/14 07:56:47 Image size of job updated: 341896
...
005 (1754509.000.000) 11/14 07:59:19 Job terminated.
	(1) Normal termination (return value 0)
		Usr 0 02:13:12, Sys 0 00:01:02  -  Run Remote Usage
		Usr 0 00:00:00, Sys 0 00:00:00  -  Run Local Usage
		Usr 0 02:13:12, Sys 0 00:01:02  -  Total Remote Usage
		Usr 0 00:00:00, Sys 0 00:00:00  -  Total Local Usage
	0  -  Run Bytes Sent By Job
	0  -  Run Bytes Received By Job
	0  -  Total Bytes Sent By Job
	0  -  Total Bytes Received By Job
...
