000 (1753744.000.000) 11/14 02:16:28 Job submitted from host: <130.199.206.69:49450>
...
001 (1753744.000.000) 11/14 04:16:03 Job executing on host: <130.199.207.38:42513>
...
006 (1753744.000.000) 11/14 04:21:13 Image size of job updated: 279852
...
006 (1753744.000.000) 11/14 04:26:14 Image size of job updated: 292380
...
006 (1753744.000.000) 11/14 04:31:15 Image size of job updated: 293992
...
006 (1753744.000.000) 11/14 04:36:16 Image size of job updated: 294996
...
006 (1753744.000.000) 11/14 04:41:17 Image size of job updated: 297336
...
006 (1753744.000.000) 11/14 04:46:18 Image size of job updated: 297900
...
006 (1753744.000.000) 11/14 04:56:20 Image size of job updated: 298000
...
006 (1753744.000.000) 11/14 05:06:22 Image size of job updated: 298748
...
006 (1753744.000.000) 11/14 05:16:24 Image size of job updated: 299112
...
005 (1753744.000.000) 11/14 05:25:11 Job terminated.
	(1) Normal termination (return value 0)
		Usr 0 01:00:52, Sys 0 00:00:12  -  Run Remote Usage
		Usr 0 00:00:00, Sys 0 00:00:00  -  Run Local Usage
		Usr 0 01:00:52, Sys 0 00:00:12  -  Total Remote Usage
		Usr 0 00:00:00, Sys 0 00:00:00  -  Total Local Usage
	0  -  Run Bytes Sent By Job
	0  -  Run Bytes Received By Job
	0  -  Total Bytes Sent By Job
	0  -  Total Bytes Received By Job
...
