000 (1754834.000.000) 11/14 02:19:12 Job submitted from host: <130.199.206.69:49450>
...
001 (1754834.000.000) 11/14 13:07:38 Job executing on host: <130.199.183.25:50471>
...
006 (1754834.000.000) 11/14 13:07:46 Image size of job updated: 8820
...
006 (1754834.000.000) 11/14 13:12:46 Image size of job updated: 285524
...
006 (1754834.000.000) 11/14 13:17:46 Image size of job updated: 288424
...
006 (1754834.000.000) 11/14 13:22:46 Image size of job updated: 319704
...
006 (1754834.000.000) 11/14 13:27:46 Image size of job updated: 325848
...
006 (1754834.000.000) 11/14 13:32:46 Image size of job updated: 330300
...
006 (1754834.000.000) 11/14 13:37:46 Image size of job updated: 332348
...
006 (1754834.000.000) 11/14 13:57:46 Image size of job updated: 334396
...
006 (1754834.000.000) 11/14 14:07:46 Image size of job updated: 340552
...
005 (1754834.000.000) 11/14 14:12:07 Job terminated.
	(1) Normal termination (return value 0)
		Usr 0 00:56:12, Sys 0 00:00:41  -  Run Remote Usage
		Usr 0 00:00:00, Sys 0 00:00:00  -  Run Local Usage
		Usr 0 00:56:12, Sys 0 00:00:41  -  Total Remote Usage
		Usr 0 00:00:00, Sys 0 00:00:00  -  Total Local Usage
	0  -  Run Bytes Sent By Job
	0  -  Run Bytes Received By Job
	0  -  Total Bytes Sent By Job
	0  -  Total Bytes Received By Job
...
