000 (1755272.000.000) 11/14 02:20:03 Job submitted from host: <130.199.206.69:49450>
...
001 (1755272.000.000) 11/15 17:29:41 Job executing on host: <130.199.206.221:42854>
...
006 (1755272.000.000) 11/15 17:29:50 Image size of job updated: 149792
...
006 (1755272.000.000) 11/15 17:34:51 Image size of job updated: 283444
...
006 (1755272.000.000) 11/15 17:39:52 Image size of job updated: 285404
...
006 (1755272.000.000) 11/15 17:44:53 Image size of job updated: 291256
...
005 (1755272.000.000) 11/15 17:48:48 Job terminated.
	(1) Normal termination (return value 0)
		Usr 0 00:13:52, Sys 0 00:00:05  -  Run Remote Usage
		Usr 0 00:00:00, Sys 0 00:00:00  -  Run Local Usage
		Usr 0 00:13:52, Sys 0 00:00:05  -  Total Remote Usage
		Usr 0 00:00:00, Sys 0 00:00:00  -  Total Local Usage
	0  -  Run Bytes Sent By Job
	0  -  Run Bytes Received By Job
	0  -  Total Bytes Sent By Job
	0  -  Total Bytes Received By Job
...
