000 (1753422.000.000) 11/14 02:14:53 Job submitted from host: <130.199.206.69:49450>
...
001 (1753422.000.000) 11/14 04:36:46 Job executing on host: <130.199.206.214:46228>
...
006 (1753422.000.000) 11/14 04:36:55 Image size of job updated: 144312
...
006 (1753422.000.000) 11/14 04:41:56 Image size of job updated: 292140
...
006 (1753422.000.000) 11/14 04:46:57 Image size of job updated: 295444
...
006 (1753422.000.000) 11/14 04:51:57 Image size of job updated: 310212
...
006 (1753422.000.000) 11/14 04:56:57 Image size of job updated: 333764
...
005 (1753422.000.000) 11/14 04:57:50 Job terminated.
	(1) Normal termination (return value 0)
		Usr 0 00:18:54, Sys 0 00:00:05  -  Run Remote Usage
		Usr 0 00:00:00, Sys 0 00:00:00  -  Run Local Usage
		Usr 0 00:18:54, Sys 0 00:00:05  -  Total Remote Usage
		Usr 0 00:00:00, Sys 0 00:00:00  -  Total Local Usage
	0  -  Run Bytes Sent By Job
	0  -  Run Bytes Received By Job
	0  -  Total Bytes Sent By Job
	0  -  Total Bytes Received By Job
...
