000 (1753894.000.000) 11/14 02:17:04 Job submitted from host: <130.199.206.69:49450>
...
001 (1753894.000.000) 11/14 04:19:13 Job executing on host: <130.199.183.6:57580>
...
006 (1753894.000.000) 11/14 04:24:21 Image size of job updated: 283332
...
006 (1753894.000.000) 11/14 04:29:21 Image size of job updated: 287164
...
006 (1753894.000.000) 11/14 04:44:21 Image size of job updated: 288388
...
006 (1753894.000.000) 11/14 04:49:21 Image size of job updated: 289024
...
006 (1753894.000.000) 11/14 04:54:21 Image size of job updated: 289308
...
006 (1753894.000.000) 11/14 04:59:21 Image size of job updated: 290052
...
006 (1753894.000.000) 11/14 05:04:21 Image size of job updated: 290112
...
006 (1753894.000.000) 11/14 05:09:21 Image size of job updated: 290964
...
006 (1753894.000.000) 11/14 05:14:21 Image size of job updated: 292028
...
006 (1753894.000.000) 11/14 05:24:21 Image size of job updated: 293820
...
006 (1753894.000.000) 11/14 05:39:24 Image size of job updated: 294280
...
006 (1753894.000.000) 11/14 05:44:25 Image size of job updated: 294392
...
006 (1753894.000.000) 11/14 05:54:27 Image size of job updated: 295344
...
006 (1753894.000.000) 11/14 07:09:42 Image size of job updated: 295664
...
006 (1753894.000.000) 11/14 07:14:43 Image size of job updated: 295852
...
006 (1753894.000.000) 11/14 07:19:44 Image size of job updated: 296100
...
006 (1753894.000.000) 11/14 07:29:45 Image size of job updated: 315852
...
006 (1753894.000.000) 11/14 07:34:45 Image size of job updated: 326092
...
006 (1753894.000.000) 11/14 07:39:45 Image size of job updated: 330188
...
006 (1753894.000.000) 11/14 07:44:45 Image size of job updated: 333260
...
006 (1753894.000.000) 11/14 07:49:45 Image size of job updated: 338380
...
006 (1753894.000.000) 11/14 07:54:45 Image size of job updated: 340428
...
006 (1753894.000.000) 11/14 08:09:45 Image size of job updated: 344524
...
006 (1753894.000.000) 11/14 08:29:45 Image size of job updated: 345548
...
006 (1753894.000.000) 11/14 08:39:45 Image size of job updated: 346572
...
005 (1753894.000.000) 11/14 09:01:18 Job terminated.
	(1) Normal termination (return value 0)
		Usr 0 04:13:32, Sys 0 00:01:44  -  Run Remote Usage
		Usr 0 00:00:00, Sys 0 00:00:00  -  Run Local Usage
		Usr 0 04:13:32, Sys 0 00:01:44  -  Total Remote Usage
		Usr 0 00:00:00, Sys 0 00:00:00  -  Total Local Usage
	0  -  Run Bytes Sent By Job
	0  -  Run Bytes Received By Job
	0  -  Total Bytes Sent By Job
	0  -  Total Bytes Received By Job
...
