000 (1755195.000.000) 11/14 02:19:54 Job submitted from host: <130.199.206.69:49450>
...
001 (1755195.000.000) 11/15 12:09:07 Job executing on host: <130.199.180.160:58882>
...
006 (1755195.000.000) 11/15 12:14:15 Image size of job updated: 284920
...
006 (1755195.000.000) 11/15 12:19:15 Image size of job updated: 285504
...
006 (1755195.000.000) 11/15 12:24:15 Image size of job updated: 286212
...
006 (1755195.000.000) 11/15 12:29:15 Image size of job updated: 286292
...
006 (1755195.000.000) 11/15 12:34:15 Image size of job updated: 288796
...
006 (1755195.000.000) 11/15 12:54:18 Image size of job updated: 291216
...
006 (1755195.000.000) 11/15 13:24:24 Image size of job updated: 291452
...
006 (1755195.000.000) 11/15 13:34:26 Image size of job updated: 291584
...
006 (1755195.000.000) 11/15 13:39:27 Image size of job updated: 292144
...
006 (1755195.000.000) 11/15 13:44:28 Image size of job updated: 292164
...
006 (1755195.000.000) 11/15 13:49:29 Image size of job updated: 292628
...
006 (1755195.000.000) 11/15 14:04:32 Image size of job updated: 303992
...
005 (1755195.000.000) 11/15 14:08:31 Job terminated.
	(1) Normal termination (return value 0)
		Usr 0 01:46:53, Sys 0 00:00:50  -  Run Remote Usage
		Usr 0 00:00:00, Sys 0 00:00:00  -  Run Local Usage
		Usr 0 01:46:53, Sys 0 00:00:50  -  Total Remote Usage
		Usr 0 00:00:00, Sys 0 00:00:00  -  Total Local Usage
	0  -  Run Bytes Sent By Job
	0  -  Run Bytes Received By Job
	0  -  Total Bytes Sent By Job
	0  -  Total Bytes Received By Job
...
