000 (1754938.000.000) 11/14 02:19:27 Job submitted from host: <130.199.206.69:49450>
...
001 (1754938.000.000) 11/15 13:33:00 Job executing on host: <130.199.180.173:34638>
...
006 (1754938.000.000) 11/15 13:33:09 Image size of job updated: 72792
...
006 (1754938.000.000) 11/15 13:38:10 Image size of job updated: 305964
...
006 (1754938.000.000) 11/15 13:43:11 Image size of job updated: 321324
...
006 (1754938.000.000) 11/15 13:48:12 Image size of job updated: 327468
...
006 (1754938.000.000) 11/15 13:58:14 Image size of job updated: 328492
...
006 (1754938.000.000) 11/15 14:03:15 Image size of job updated: 330540
...
006 (1754938.000.000) 11/15 14:08:16 Image size of job updated: 333616
...
006 (1754938.000.000) 11/15 14:13:17 Image size of job updated: 335664
...
006 (1754938.000.000) 11/15 14:18:18 Image size of job updated: 336688
...
006 (1754938.000.000) 11/15 14:23:19 Image size of job updated: 337712
...
006 (1754938.000.000) 11/15 14:33:21 Image size of job updated: 338736
...
006 (1754938.000.000) 11/15 14:38:22 Image size of job updated: 339760
...
006 (1754938.000.000) 11/15 14:58:26 Image size of job updated: 340784
...
006 (1754938.000.000) 11/15 15:03:27 Image size of job updated: 341808
...
006 (1754938.000.000) 11/15 15:13:29 Image size of job updated: 342832
...
006 (1754938.000.000) 11/15 15:58:38 Image size of job updated: 345136
...
006 (1754938.000.000) 11/15 16:03:39 Image size of job updated: 346032
...
006 (1754938.000.000) 11/15 16:08:40 Image size of job updated: 347404
...
006 (1754938.000.000) 11/15 16:13:41 Image size of job updated: 347980
...
006 (1754938.000.000) 11/15 16:23:43 Image size of job updated: 348120
...
005 (1754938.000.000) 11/15 16:24:58 Job terminated.
	(1) Normal termination (return value 0)
		Usr 0 02:25:51, Sys 0 00:01:25  -  Run Remote Usage
		Usr 0 00:00:00, Sys 0 00:00:00  -  Run Local Usage
		Usr 0 02:25:51, Sys 0 00:01:25  -  Total Remote Usage
		Usr 0 00:00:00, Sys 0 00:00:00  -  Total Local Usage
	0  -  Run Bytes Sent By Job
	0  -  Run Bytes Received By Job
	0  -  Total Bytes Sent By Job
	0  -  Total Bytes Received By Job
...
