000 (1753387.000.000) 11/14 02:14:53 Job submitted from host: <130.199.206.69:49450>
...
001 (1753387.000.000) 11/14 05:57:11 Job executing on host: <130.199.183.31:39335>
...
006 (1753387.000.000) 11/14 06:02:21 Image size of job updated: 276668
...
006 (1753387.000.000) 11/14 06:07:22 Image size of job updated: 287248
...
006 (1753387.000.000) 11/14 06:12:23 Image size of job updated: 289592
...
006 (1753387.000.000) 11/14 06:17:24 Image size of job updated: 289844
...
006 (1753387.000.000) 11/14 06:22:25 Image size of job updated: 290020
...
006 (1753387.000.000) 11/14 06:27:26 Image size of job updated: 290168
...
006 (1753387.000.000) 11/14 06:32:27 Image size of job updated: 290380
...
006 (1753387.000.000) 11/14 06:42:29 Image size of job updated: 291416
...
006 (1753387.000.000) 11/14 06:47:30 Image size of job updated: 294108
...
006 (1753387.000.000) 11/14 06:57:32 Image size of job updated: 294408
...
006 (1753387.000.000) 11/14 07:07:34 Image size of job updated: 323100
...
006 (1753387.000.000) 11/14 07:12:35 Image size of job updated: 327196
...
005 (1753387.000.000) 11/14 07:13:41 Job terminated.
	(1) Normal termination (return value 0)
		Usr 0 01:07:07, Sys 0 00:00:29  -  Run Remote Usage
		Usr 0 00:00:00, Sys 0 00:00:00  -  Run Local Usage
		Usr 0 01:07:07, Sys 0 00:00:29  -  Total Remote Usage
		Usr 0 00:00:00, Sys 0 00:00:00  -  Total Local Usage
	0  -  Run Bytes Sent By Job
	0  -  Run Bytes Received By Job
	0  -  Total Bytes Sent By Job
	0  -  Total Bytes Received By Job
...
