000 (1754019.000.000) 11/14 02:17:22 Job submitted from host: <130.199.206.69:49450>
...
001 (1754019.000.000) 11/14 04:24:52 Job executing on host: <130.199.183.20:45557>
...
006 (1754019.000.000) 11/14 04:30:00 Image size of job updated: 284996
...
006 (1754019.000.000) 11/14 04:35:00 Image size of job updated: 286472
...
006 (1754019.000.000) 11/14 04:45:00 Image size of job updated: 288208
...
006 (1754019.000.000) 11/14 04:50:00 Image size of job updated: 288564
...
006 (1754019.000.000) 11/14 05:00:00 Image size of job updated: 291696
...
006 (1754019.000.000) 11/14 05:15:00 Image size of job updated: 292808
...
006 (1754019.000.000) 11/14 05:20:00 Image size of job updated: 294144
...
006 (1754019.000.000) 11/14 05:25:00 Image size of job updated: 294184
...
006 (1754019.000.000) 11/14 05:35:00 Image size of job updated: 294620
...
006 (1754019.000.000) 11/14 05:45:00 Image size of job updated: 294824
...
006 (1754019.000.000) 11/14 05:50:00 Image size of job updated: 295084
...
005 (1754019.000.000) 11/14 05:53:22 Job terminated.
	(1) Normal termination (return value 0)
		Usr 0 01:10:21, Sys 0 00:00:30  -  Run Remote Usage
		Usr 0 00:00:00, Sys 0 00:00:00  -  Run Local Usage
		Usr 0 01:10:21, Sys 0 00:00:30  -  Total Remote Usage
		Usr 0 00:00:00, Sys 0 00:00:00  -  Total Local Usage
	0  -  Run Bytes Sent By Job
	0  -  Run Bytes Received By Job
	0  -  Total Bytes Sent By Job
	0  -  Total Bytes Received By Job
...
