000 (1754186.000.000) 11/14 02:17:52 Job submitted from host: <130.199.206.69:49450>
...
001 (1754186.000.000) 11/14 05:09:26 Job executing on host: <130.199.180.141:43183>
...
006 (1754186.000.000) 11/14 05:14:34 Image size of job updated: 291196
...
006 (1754186.000.000) 11/14 05:19:34 Image size of job updated: 293112
...
006 (1754186.000.000) 11/14 05:24:34 Image size of job updated: 293832
...
006 (1754186.000.000) 11/14 05:29:34 Image size of job updated: 294324
...
006 (1754186.000.000) 11/14 05:34:34 Image size of job updated: 295196
...
006 (1754186.000.000) 11/14 05:39:34 Image size of job updated: 295880
...
006 (1754186.000.000) 11/14 05:44:34 Image size of job updated: 296188
...
006 (1754186.000.000) 11/14 05:49:34 Image size of job updated: 297736
...
006 (1754186.000.000) 11/14 05:54:34 Image size of job updated: 298720
...
006 (1754186.000.000) 11/14 06:09:34 Image size of job updated: 299532
...
006 (1754186.000.000) 11/14 06:24:34 Image size of job updated: 300008
...
006 (1754186.000.000) 11/14 06:39:34 Image size of job updated: 300324
...
006 (1754186.000.000) 11/14 06:44:34 Image size of job updated: 300908
...
006 (1754186.000.000) 11/14 06:59:34 Image size of job updated: 301328
...
006 (1754186.000.000) 11/14 07:34:34 Image size of job updated: 301556
...
006 (1754186.000.000) 11/14 07:39:34 Image size of job updated: 302040
...
005 (1754186.000.000) 11/14 07:44:46 Job terminated.
	(1) Normal termination (return value 0)
		Usr 0 01:43:42, Sys 0 00:01:01  -  Run Remote Usage
		Usr 0 00:00:00, Sys 0 00:00:00  -  Run Local Usage
		Usr 0 01:43:42, Sys 0 00:01:01  -  Total Remote Usage
		Usr 0 00:00:00, Sys 0 00:00:00  -  Total Local Usage
	0  -  Run Bytes Sent By Job
	0  -  Run Bytes Received By Job
	0  -  Total Bytes Sent By Job
	0  -  Total Bytes Received By Job
...
