000 (1755088.000.000) 11/14 02:19:46 Job submitted from host: <130.199.206.69:49450>
...
001 (1755088.000.000) 11/15 18:31:02 Job executing on host: <130.199.183.14:48158>
...
006 (1755088.000.000) 11/15 18:31:10 Image size of job updated: 173644
...
006 (1755088.000.000) 11/15 18:36:10 Image size of job updated: 284724
...
006 (1755088.000.000) 11/15 18:41:10 Image size of job updated: 285248
...
006 (1755088.000.000) 11/15 18:51:10 Image size of job updated: 291752
...
006 (1755088.000.000) 11/15 18:56:10 Image size of job updated: 293540
...
006 (1755088.000.000) 11/15 19:01:10 Image size of job updated: 296404
...
006 (1755088.000.000) 11/15 19:06:10 Image size of job updated: 296620
...
006 (1755088.000.000) 11/15 19:11:10 Image size of job updated: 296916
...
006 (1755088.000.000) 11/15 19:21:10 Image size of job updated: 296972
...
006 (1755088.000.000) 11/15 19:36:13 Image size of job updated: 316540
...
006 (1755088.000.000) 11/15 19:41:14 Image size of job updated: 325756
...
006 (1755088.000.000) 11/15 19:46:15 Image size of job updated: 335996
...
006 (1755088.000.000) 11/15 19:51:16 Image size of job updated: 338044
...
006 (1755088.000.000) 11/15 19:56:17 Image size of job updated: 340092
...
006 (1755088.000.000) 11/15 20:01:18 Image size of job updated: 341116
...
006 (1755088.000.000) 11/15 20:06:19 Image size of job updated: 342140
...
006 (1755088.000.000) 11/15 20:36:25 Image size of job updated: 343144
...
006 (1755088.000.000) 11/15 20:46:26 Image size of job updated: 344168
...
006 (1755088.000.000) 11/15 20:56:26 Image size of job updated: 345192
...
006 (1755088.000.000) 11/15 21:01:26 Image size of job updated: 346216
...
006 (1755088.000.000) 11/15 21:41:26 Image size of job updated: 347240
...
005 (1755088.000.000) 11/15 22:06:39 Job terminated.
	(1) Normal termination (return value 0)
		Usr 0 03:13:39, Sys 0 00:01:57  -  Run Remote Usage
		Usr 0 00:00:00, Sys 0 00:00:00  -  Run Local Usage
		Usr 0 03:13:39, Sys 0 00:01:57  -  Total Remote Usage
		Usr 0 00:00:00, Sys 0 00:00:00  -  Total Local Usage
	0  -  Run Bytes Sent By Job
	0  -  Run Bytes Received By Job
	0  -  Total Bytes Sent By Job
	0  -  Total Bytes Received By Job
...
