000 (1753685.000.000) 11/14 02:16:28 Job submitted from host: <130.199.206.69:49450>
...
001 (1753685.000.000) 11/14 03:05:48 Job executing on host: <130.199.180.163:49954>
...
006 (1753685.000.000) 11/14 03:10:56 Image size of job updated: 285388
...
006 (1753685.000.000) 11/14 03:20:56 Image size of job updated: 285456
...
006 (1753685.000.000) 11/14 03:25:56 Image size of job updated: 286904
...
006 (1753685.000.000) 11/14 03:30:56 Image size of job updated: 287320
...
006 (1753685.000.000) 11/14 03:35:56 Image size of job updated: 289580
...
006 (1753685.000.000) 11/14 03:40:56 Image size of job updated: 291144
...
006 (1753685.000.000) 11/14 03:45:56 Image size of job updated: 292676
...
006 (1753685.000.000) 11/14 03:55:56 Image size of job updated: 292684
...
006 (1753685.000.000) 11/14 04:00:56 Image size of job updated: 293504
...
006 (1753685.000.000) 11/14 04:15:56 Image size of job updated: 295220
...
006 (1753685.000.000) 11/14 04:40:56 Image size of job updated: 295788
...
006 (1753685.000.000) 11/14 04:45:56 Image size of job updated: 311356
...
006 (1753685.000.000) 11/14 04:50:56 Image size of job updated: 328764
...
006 (1753685.000.000) 11/14 04:55:57 Image size of job updated: 336956
...
006 (1753685.000.000) 11/14 05:00:58 Image size of job updated: 337980
...
006 (1753685.000.000) 11/14 05:05:59 Image size of job updated: 339004
...
005 (1753685.000.000) 11/14 05:10:48 Job terminated.
	(1) Normal termination (return value 0)
		Usr 0 01:47:15, Sys 0 00:00:59  -  Run Remote Usage
		Usr 0 00:00:00, Sys 0 00:00:00  -  Run Local Usage
		Usr 0 01:47:15, Sys 0 00:00:59  -  Total Remote Usage
		Usr 0 00:00:00, Sys 0 00:00:00  -  Total Local Usage
	0  -  Run Bytes Sent By Job
	0  -  Run Bytes Received By Job
	0  -  Total Bytes Sent By Job
	0  -  Total Bytes Received By Job
...
