000 (1754482.000.000) 11/14 02:18:34 Job submitted from host: <130.199.206.69:49450>
...
001 (1754482.000.000) 11/14 05:49:19 Job executing on host: <130.199.180.175:57747>
...
006 (1754482.000.000) 11/14 05:49:28 Image size of job updated: 271468
...
006 (1754482.000.000) 11/14 05:54:29 Image size of job updated: 283336
...
006 (1754482.000.000) 11/14 05:59:30 Image size of job updated: 284248
...
006 (1754482.000.000) 11/14 06:04:31 Image size of job updated: 286796
...
006 (1754482.000.000) 11/14 06:14:33 Image size of job updated: 288004
...
006 (1754482.000.000) 11/14 06:19:34 Image size of job updated: 288448
...
006 (1754482.000.000) 11/14 06:24:35 Image size of job updated: 290880
...
006 (1754482.000.000) 11/14 06:34:37 Image size of job updated: 291704
...
006 (1754482.000.000) 11/14 06:44:38 Image size of job updated: 291980
...
006 (1754482.000.000) 11/14 06:54:38 Image size of job updated: 292928
...
006 (1754482.000.000) 11/14 07:04:38 Image size of job updated: 308252
...
006 (1754482.000.000) 11/14 07:09:38 Image size of job updated: 326684
...
006 (1754482.000.000) 11/14 07:14:38 Image size of job updated: 331804
...
006 (1754482.000.000) 11/14 07:19:38 Image size of job updated: 334876
...
006 (1754482.000.000) 11/14 07:24:38 Image size of job updated: 335900
...
006 (1754482.000.000) 11/14 07:29:38 Image size of job updated: 336924
...
006 (1754482.000.000) 11/14 07:34:38 Image size of job updated: 337948
...
006 (1754482.000.000) 11/14 07:49:38 Image size of job updated: 338972
...
006 (1754482.000.000) 11/14 07:54:38 Image size of job updated: 341020
...
006 (1754482.000.000) 11/14 07:59:38 Image size of job updated: 343068
...
006 (1754482.000.000) 11/14 08:04:38 Image size of job updated: 344092
...
006 (1754482.000.000) 11/14 08:19:38 Image size of job updated: 345116
...
006 (1754482.000.000) 11/14 09:14:38 Image size of job updated: 345176
...
006 (1754482.000.000) 11/14 09:19:38 Image size of job updated: 346200
...
005 (1754482.000.000) 11/14 09:30:38 Job terminated.
	(1) Normal termination (return value 0)
		Usr 0 03:20:45, Sys 0 00:01:43  -  Run Remote Usage
		Usr 0 00:00:00, Sys 0 00:00:00  -  Run Local Usage
		Usr 0 03:20:45, Sys 0 00:01:43  -  Total Remote Usage
		Usr 0 00:00:00, Sys 0 00:00:00  -  Total Local Usage
	0  -  Run Bytes Sent By Job
	0  -  Run Bytes Received By Job
	0  -  Total Bytes Sent By Job
	0  -  Total Bytes Received By Job
...
