000 (1753606.000.000) 11/14 02:16:08 Job submitted from host: <130.199.206.69:49450>
...
001 (1753606.000.000) 11/14 02:42:25 Job executing on host: <130.199.183.15:40034>
...
006 (1753606.000.000) 11/14 02:47:34 Image size of job updated: 281716
...
006 (1753606.000.000) 11/14 02:52:34 Image size of job updated: 284140
...
006 (1753606.000.000) 11/14 02:57:34 Image size of job updated: 284892
...
006 (1753606.000.000) 11/14 03:02:34 Image size of job updated: 286184
...
006 (1753606.000.000) 11/14 03:12:35 Image size of job updated: 287068
...
006 (1753606.000.000) 11/14 03:52:39 Image size of job updated: 287288
...
006 (1753606.000.000) 11/14 03:57:40 Image size of job updated: 287464
...
006 (1753606.000.000) 11/14 04:12:42 Image size of job updated: 287632
...
006 (1753606.000.000) 11/14 04:17:42 Image size of job updated: 288260
...
006 (1753606.000.000) 11/14 04:22:42 Image size of job updated: 288292
...
006 (1753606.000.000) 11/14 04:27:42 Image size of job updated: 288388
...
006 (1753606.000.000) 11/14 04:42:46 Image size of job updated: 288836
...
006 (1753606.000.000) 11/14 05:12:47 Image size of job updated: 288904
...
006 (1753606.000.000) 11/14 05:52:51 Image size of job updated: 289336
...
006 (1753606.000.000) 11/14 06:02:52 Image size of job updated: 290912
...
006 (1753606.000.000) 11/14 06:07:52 Image size of job updated: 290928
...
006 (1753606.000.000) 11/14 06:12:52 Image size of job updated: 290984
...
006 (1753606.000.000) 11/14 06:17:52 Image size of job updated: 291084
...
006 (1753606.000.000) 11/14 06:22:53 Image size of job updated: 291588
...
006 (1753606.000.000) 11/14 06:57:56 Image size of job updated: 292524
...
004 (1753606.000.000) 11/14 07:42:27 Job was evicted.
	(0) Job was not checkpointed.
		Usr 0 00:40:27, Sys 0 00:00:17  -  Run Remote Usage
		Usr 0 00:00:00, Sys 0 00:00:00  -  Run Local Usage
	0  -  Run Bytes Sent By Job
	0  -  Run Bytes Received By Job
...
009 (1753606.000.000) 11/14 07:42:46 Job was aborted by the user.
	The job attribute PeriodicRemove expression '(NumJobStarts >= 1 && JobStatus == 1) || (JobStatus == 2 && (CurrentTime - JobCurrentStartDate > (54000)) && ((RemoteUserCpu + RemoteSysCpu) / (CurrentTime - JobCurrentStartDate) < 0.100000)) || (((CurrentTime - EnteredCurrentStatus) > (2 * 24 * 3600)) && JobStatus == 5) || (JobRunCount >= 1 && JobStatus == 1)' evaluated to TRUE
...
000 (1798174.000.000) 11/18 15:19:54 Job submitted from host: <130.199.206.69:49450>
...
001 (1798174.000.000) 11/18 15:28:21 Job executing on host: <130.199.207.35:33952>
...
006 (1798174.000.000) 11/18 15:28:29 Image size of job updated: 8820
...
006 (1798174.000.000) 11/18 15:33:29 Image size of job updated: 283516
...
006 (1798174.000.000) 11/18 15:38:29 Image size of job updated: 285604
...
006 (1798174.000.000) 11/18 15:43:29 Image size of job updated: 285968
...
006 (1798174.000.000) 11/18 15:48:29 Image size of job updated: 286396
...
006 (1798174.000.000) 11/18 15:53:29 Image size of job updated: 287048
...
006 (1798174.000.000) 11/18 15:58:29 Image size of job updated: 288104
...
006 (1798174.000.000) 11/18 16:13:29 Image size of job updated: 290292
...
006 (1798174.000.000) 11/18 16:18:29 Image size of job updated: 290736
...
006 (1798174.000.000) 11/18 16:43:34 Image size of job updated: 291476
...
006 (1798174.000.000) 11/18 16:53:36 Image size of job updated: 291548
...
006 (1798174.000.000) 11/18 16:58:37 Image size of job updated: 291584
...
006 (1798174.000.000) 11/18 17:03:38 Image size of job updated: 291840
...
006 (1798174.000.000) 11/18 17:18:40 Image size of job updated: 292388
...
006 (1798174.000.000) 11/18 17:23:40 Image size of job updated: 293104
...
006 (1798174.000.000) 11/18 17:28:40 Image size of job updated: 293464
...
006 (1798174.000.000) 11/18 17:33:40 Image size of job updated: 294376
...
006 (1798174.000.000) 11/18 17:53:40 Image size of job updated: 294440
...
006 (1798174.000.000) 11/18 18:08:40 Image size of job updated: 294472
...
004 (1798174.000.000) 11/18 20:28:25 Job was evicted.
	(0) Job was not checkpointed.
		Usr 0 02:34:29, Sys 0 00:00:31  -  Run Remote Usage
		Usr 0 00:00:00, Sys 0 00:00:00  -  Run Local Usage
	0  -  Run Bytes Sent By Job
	0  -  Run Bytes Received By Job
...
009 (1798174.000.000) 11/18 20:29:16 Job was aborted by the user.
	The job attribute PeriodicRemove expression '(NumJobStarts >= 1 && JobStatus == 1) || (JobStatus == 2 && (CurrentTime - JobCurrentStartDate > (54000)) && ((RemoteUserCpu + RemoteSysCpu) / (CurrentTime - JobCurrentStartDate) < 0.100000)) || (((CurrentTime - EnteredCurrentStatus) > (2 * 24 * 3600)) && JobStatus == 5) || (JobRunCount >= 1 && JobStatus == 1)' evaluated to TRUE
...
000 (1804697.000.000) 11/21 22:32:12 Job submitted from host: <130.199.206.69:49450>
...
001 (1804697.000.000) 11/21 23:42:03 Job executing on host: <130.199.183.22:48346>
...
006 (1804697.000.000) 11/21 23:42:12 Image size of job updated: 9472
...
006 (1804697.000.000) 11/21 23:47:13 Image size of job updated: 191636
...
006 (1804697.000.000) 11/21 23:52:14 Image size of job updated: 283076
...
006 (1804697.000.000) 11/21 23:57:15 Image size of job updated: 285904
...
006 (1804697.000.000) 11/22 00:02:16 Image size of job updated: 286076
...
006 (1804697.000.000) 11/22 00:12:16 Image size of job updated: 286656
...
006 (1804697.000.000) 11/22 00:17:16 Image size of job updated: 288192
...
006 (1804697.000.000) 11/22 00:32:16 Image size of job updated: 290392
...
006 (1804697.000.000) 11/22 00:37:16 Image size of job updated: 290400
...
006 (1804697.000.000) 11/22 00:42:16 Image size of job updated: 290432
...
006 (1804697.000.000) 11/22 01:02:16 Image size of job updated: 290904
...
006 (1804697.000.000) 11/22 01:07:16 Image size of job updated: 290968
...
006 (1804697.000.000) 11/22 01:12:16 Image size of job updated: 291584
...
006 (1804697.000.000) 11/22 01:17:16 Image size of job updated: 292820
...
006 (1804697.000.000) 11/22 01:22:16 Image size of job updated: 293200
...
006 (1804697.000.000) 11/22 01:37:16 Image size of job updated: 294472
...
006 (1804697.000.000) 11/22 01:42:16 Image size of job updated: 294800
...
006 (1804697.000.000) 11/22 01:47:16 Image size of job updated: 295128
...
006 (1804697.000.000) 11/22 01:52:16 Image size of job updated: 295604
...
006 (1804697.000.000) 11/22 01:57:16 Image size of job updated: 296020
...
006 (1804697.000.000) 11/22 02:12:16 Image size of job updated: 323124
...
006 (1804697.000.000) 11/22 02:17:16 Image size of job updated: 336436
...
006 (1804697.000.000) 11/22 02:22:16 Image size of job updated: 341556
...
006 (1804697.000.000) 11/22 02:32:16 Image size of job updated: 342580
...
006 (1804697.000.000) 11/22 03:07:18 Image size of job updated: 342700
...
005 (1804697.000.000) 11/22 03:19:58 Job terminated.
	(1) Normal termination (return value 0)
		Usr 0 03:17:03, Sys 0 00:01:05  -  Run Remote Usage
		Usr 0 00:00:00, Sys 0 00:00:00  -  Run Local Usage
		Usr 0 03:17:03, Sys 0 00:01:05  -  Total Remote Usage
		Usr 0 00:00:00, Sys 0 00:00:00  -  Total Local Usage
	0  -  Run Bytes Sent By Job
	0  -  Run Bytes Received By Job
	0  -  Total Bytes Sent By Job
	0  -  Total Bytes Received By Job
...
