000 (1754290.000.000) 11/14 02:18:07 Job submitted from host: <130.199.206.69:49450>
...
001 (1754290.000.000) 11/14 05:23:00 Job executing on host: <130.199.183.30:49801>
...
006 (1754290.000.000) 11/14 05:23:09 Image size of job updated: 72792
...
006 (1754290.000.000) 11/14 05:28:10 Image size of job updated: 288880
...
006 (1754290.000.000) 11/14 05:33:11 Image size of job updated: 288932
...
006 (1754290.000.000) 11/14 05:38:12 Image size of job updated: 290396
...
006 (1754290.000.000) 11/14 05:43:13 Image size of job updated: 290424
...
006 (1754290.000.000) 11/14 05:53:15 Image size of job updated: 290428
...
006 (1754290.000.000) 11/14 05:58:16 Image size of job updated: 290652
...
006 (1754290.000.000) 11/14 06:03:17 Image size of job updated: 291476
...
006 (1754290.000.000) 11/14 06:08:18 Image size of job updated: 292456
...
006 (1754290.000.000) 11/14 06:13:19 Image size of job updated: 292720
...
006 (1754290.000.000) 11/14 06:18:20 Image size of job updated: 295468
...
006 (1754290.000.000) 11/14 06:23:21 Image size of job updated: 295824
...
006 (1754290.000.000) 11/14 07:13:28 Image size of job updated: 295836
...
006 (1754290.000.000) 11/14 07:18:28 Image size of job updated: 296052
...
005 (1754290.000.000) 11/14 07:22:51 Job terminated.
	(1) Normal termination (return value 0)
		Usr 0 01:45:26, Sys 0 00:00:56  -  Run Remote Usage
		Usr 0 00:00:00, Sys 0 00:00:00  -  Run Local Usage
		Usr 0 01:45:26, Sys 0 00:00:56  -  Total Remote Usage
		Usr 0 00:00:00, Sys 0 00:00:00  -  Total Local Usage
	0  -  Run Bytes Sent By Job
	0  -  Run Bytes Received By Job
	0  -  Total Bytes Sent By Job
	0  -  Total Bytes Received By Job
...
