000 (1754085.000.000) 11/14 02:17:37 Job submitted from host: <130.199.206.69:49450>
...
001 (1754085.000.000) 11/14 06:32:09 Job executing on host: <130.199.180.148:39203>
...
006 (1754085.000.000) 11/14 06:32:18 Image size of job updated: 8808
...
006 (1754085.000.000) 11/14 06:37:19 Image size of job updated: 284276
...
006 (1754085.000.000) 11/14 06:42:20 Image size of job updated: 285308
...
006 (1754085.000.000) 11/14 06:47:21 Image size of job updated: 285848
...
006 (1754085.000.000) 11/14 06:52:22 Image size of job updated: 286324
...
006 (1754085.000.000) 11/14 06:57:23 Image size of job updated: 287608
...
006 (1754085.000.000) 11/14 07:02:24 Image size of job updated: 288732
...
006 (1754085.000.000) 11/14 07:22:28 Image size of job updated: 289472
...
006 (1754085.000.000) 11/14 07:27:29 Image size of job updated: 291556
...
006 (1754085.000.000) 11/14 07:42:32 Image size of job updated: 295660
...
005 (1754085.000.000) 11/14 07:49:50 Job terminated.
	(1) Normal termination (return value 0)
		Usr 0 01:01:02, Sys 0 00:00:26  -  Run Remote Usage
		Usr 0 00:00:00, Sys 0 00:00:00  -  Run Local Usage
		Usr 0 01:01:02, Sys 0 00:00:26  -  Total Remote Usage
		Usr 0 00:00:00, Sys 0 00:00:00  -  Total Local Usage
	0  -  Run Bytes Sent By Job
	0  -  Run Bytes Received By Job
	0  -  Total Bytes Sent By Job
	0  -  Total Bytes Received By Job
...
