000 (1754953.000.000) 11/14 02:19:27 Job submitted from host: <130.199.206.69:49450>
...
001 (1754953.000.000) 11/15 13:25:07 Job executing on host: <130.199.180.149:32900>
...
006 (1754953.000.000) 11/15 13:30:15 Image size of job updated: 285688
...
006 (1754953.000.000) 11/15 13:35:15 Image size of job updated: 287020
...
006 (1754953.000.000) 11/15 13:45:15 Image size of job updated: 287548
...
006 (1754953.000.000) 11/15 13:50:15 Image size of job updated: 288852
...
006 (1754953.000.000) 11/15 13:55:15 Image size of job updated: 289980
...
006 (1754953.000.000) 11/15 14:10:15 Image size of job updated: 290336
...
006 (1754953.000.000) 11/15 14:15:15 Image size of job updated: 293076
...
006 (1754953.000.000) 11/15 14:30:15 Image size of job updated: 307584
...
006 (1754953.000.000) 11/15 14:35:15 Image size of job updated: 324992
...
006 (1754953.000.000) 11/15 14:40:15 Image size of job updated: 336256
...
006 (1754953.000.000) 11/15 14:45:15 Image size of job updated: 340352
...
006 (1754953.000.000) 11/15 15:00:15 Image size of job updated: 342408
...
006 (1754953.000.000) 11/15 15:05:15 Image size of job updated: 348560
...
006 (1754953.000.000) 11/15 15:10:15 Image size of job updated: 350608
...
005 (1754953.000.000) 11/15 15:11:13 Job terminated.
	(1) Normal termination (return value 0)
		Usr 0 01:04:51, Sys 0 00:00:43  -  Run Remote Usage
		Usr 0 00:00:00, Sys 0 00:00:00  -  Run Local Usage
		Usr 0 01:04:51, Sys 0 00:00:43  -  Total Remote Usage
		Usr 0 00:00:00, Sys 0 00:00:00  -  Total Local Usage
	0  -  Run Bytes Sent By Job
	0  -  Run Bytes Received By Job
	0  -  Total Bytes Sent By Job
	0  -  Total Bytes Received By Job
...
