000 (1754278.000.000) 11/14 02:18:07 Job submitted from host: <130.199.206.69:49450>
...
001 (1754278.000.000) 11/14 05:14:18 Job executing on host: <130.199.180.171:36907>
...
006 (1754278.000.000) 11/14 05:19:26 Image size of job updated: 287316
...
006 (1754278.000.000) 11/14 05:24:26 Image size of job updated: 290268
...
006 (1754278.000.000) 11/14 05:34:26 Image size of job updated: 290528
...
006 (1754278.000.000) 11/14 05:39:26 Image size of job updated: 292612
...
006 (1754278.000.000) 11/14 05:44:26 Image size of job updated: 293300
...
006 (1754278.000.000) 11/14 06:04:27 Image size of job updated: 295616
...
006 (1754278.000.000) 11/14 06:09:28 Image size of job updated: 296412
...
006 (1754278.000.000) 11/14 06:14:29 Image size of job updated: 296740
...
006 (1754278.000.000) 11/14 06:19:30 Image size of job updated: 296864
...
006 (1754278.000.000) 11/14 06:24:31 Image size of job updated: 297244
...
006 (1754278.000.000) 11/14 06:29:32 Image size of job updated: 297548
...
006 (1754278.000.000) 11/14 06:39:34 Image size of job updated: 297712
...
006 (1754278.000.000) 11/14 06:44:35 Image size of job updated: 299516
...
006 (1754278.000.000) 11/14 07:09:40 Image size of job updated: 299672
...
006 (1754278.000.000) 11/14 07:19:42 Image size of job updated: 299908
...
005 (1754278.000.000) 11/14 07:21:29 Job terminated.
	(1) Normal termination (return value 0)
		Usr 0 01:57:04, Sys 0 00:01:14  -  Run Remote Usage
		Usr 0 00:00:00, Sys 0 00:00:00  -  Run Local Usage
		Usr 0 01:57:04, Sys 0 00:01:14  -  Total Remote Usage
		Usr 0 00:00:00, Sys 0 00:00:00  -  Total Local Usage
	0  -  Run Bytes Sent By Job
	0  -  Run Bytes Received By Job
	0  -  Total Bytes Sent By Job
	0  -  Total Bytes Received By Job
...
