000 (1755453.000.000) 11/14 02:20:10 Job submitted from host: <130.199.206.69:49450>
...
001 (1755453.000.000) 11/15 21:24:03 Job executing on host: <130.199.183.27:54138>
...
006 (1755453.000.000) 11/15 21:24:12 Image size of job updated: 174332
...
006 (1755453.000.000) 11/15 21:29:13 Image size of job updated: 280492
...
006 (1755453.000.000) 11/15 21:34:14 Image size of job updated: 284804
...
006 (1755453.000.000) 11/15 21:39:15 Image size of job updated: 301196
...
006 (1755453.000.000) 11/15 21:44:16 Image size of job updated: 327828
...
005 (1755453.000.000) 11/15 21:45:22 Job terminated.
	(1) Normal termination (return value 0)
		Usr 0 00:19:03, Sys 0 00:00:09  -  Run Remote Usage
		Usr 0 00:00:00, Sys 0 00:00:00  -  Run Local Usage
		Usr 0 00:19:03, Sys 0 00:00:09  -  Total Remote Usage
		Usr 0 00:00:00, Sys 0 00:00:00  -  Total Local Usage
	0  -  Run Bytes Sent By Job
	0  -  Run Bytes Received By Job
	0  -  Total Bytes Sent By Job
	0  -  Total Bytes Received By Job
...
