000 (1755423.000.000) 11/14 02:20:10 Job submitted from host: <130.199.206.69:49450>
...
001 (1755423.000.000) 11/15 21:22:13 Job executing on host: <130.199.183.12:47839>
...
006 (1755423.000.000) 11/15 21:22:22 Image size of job updated: 174056
...
006 (1755423.000.000) 11/15 21:27:23 Image size of job updated: 283568
...
006 (1755423.000.000) 11/15 21:32:24 Image size of job updated: 287832
...
006 (1755423.000.000) 11/15 21:37:25 Image size of job updated: 292588
...
006 (1755423.000.000) 11/15 21:42:26 Image size of job updated: 294780
...
005 (1755423.000.000) 11/15 21:49:44 Job terminated.
	(1) Normal termination (return value 0)
		Usr 0 00:24:35, Sys 0 00:00:10  -  Run Remote Usage
		Usr 0 00:00:00, Sys 0 00:00:00  -  Run Local Usage
		Usr 0 00:24:35, Sys 0 00:00:10  -  Total Remote Usage
		Usr 0 00:00:00, Sys 0 00:00:00  -  Total Local Usage
	0  -  Run Bytes Sent By Job
	0  -  Run Bytes Received By Job
	0  -  Total Bytes Sent By Job
	0  -  Total Bytes Received By Job
...
