000 (1755394.000.000) 11/14 02:20:10 Job submitted from host: <130.199.206.69:49450>
...
001 (1755394.000.000) 11/15 12:51:18 Job executing on host: <130.199.183.20:45557>
...
006 (1755394.000.000) 11/15 12:51:26 Image size of job updated: 72772
...
006 (1755394.000.000) 11/15 12:56:26 Image size of job updated: 283948
...
006 (1755394.000.000) 11/15 13:01:26 Image size of job updated: 285132
...
006 (1755394.000.000) 11/15 13:06:26 Image size of job updated: 293564
...
006 (1755394.000.000) 11/15 13:11:26 Image size of job updated: 294248
...
006 (1755394.000.000) 11/15 13:16:26 Image size of job updated: 294584
...
006 (1755394.000.000) 11/15 13:21:26 Image size of job updated: 297720
...
006 (1755394.000.000) 11/15 13:26:26 Image size of job updated: 298428
...
005 (1755394.000.000) 11/15 13:31:36 Job terminated.
	(1) Normal termination (return value 0)
		Usr 0 00:35:06, Sys 0 00:00:22  -  Run Remote Usage
		Usr 0 00:00:00, Sys 0 00:00:00  -  Run Local Usage
		Usr 0 00:35:06, Sys 0 00:00:22  -  Total Remote Usage
		Usr 0 00:00:00, Sys 0 00:00:00  -  Total Local Usage
	0  -  Run Bytes Sent By Job
	0  -  Run Bytes Received By Job
	0  -  Total Bytes Sent By Job
	0  -  Total Bytes Received By Job
...
