000 (1755210.000.000) 11/14 02:19:54 Job submitted from host: <130.199.206.69:49450>
...
001 (1755210.000.000) 11/15 12:12:38 Job executing on host: <130.199.180.163:49954>
...
006 (1755210.000.000) 11/15 12:12:47 Image size of job updated: 140608
...
006 (1755210.000.000) 11/15 12:17:47 Image size of job updated: 283788
...
006 (1755210.000.000) 11/15 12:22:47 Image size of job updated: 285712
...
006 (1755210.000.000) 11/15 12:27:47 Image size of job updated: 287108
...
006 (1755210.000.000) 11/15 12:32:47 Image size of job updated: 288068
...
006 (1755210.000.000) 11/15 12:37:47 Image size of job updated: 290136
...
006 (1755210.000.000) 11/15 12:42:47 Image size of job updated: 291340
...
006 (1755210.000.000) 11/15 12:47:47 Image size of job updated: 292124
...
006 (1755210.000.000) 11/15 12:52:47 Image size of job updated: 294996
...
006 (1755210.000.000) 11/15 13:12:47 Image size of job updated: 295512
...
006 (1755210.000.000) 11/15 13:57:47 Image size of job updated: 295824
...
006 (1755210.000.000) 11/15 14:02:47 Image size of job updated: 295896
...
006 (1755210.000.000) 11/15 14:07:47 Image size of job updated: 298256
...
006 (1755210.000.000) 11/15 14:12:47 Image size of job updated: 327136
...
005 (1755210.000.000) 11/15 14:36:14 Job terminated.
	(1) Normal termination (return value 0)
		Usr 0 02:03:51, Sys 0 00:01:04  -  Run Remote Usage
		Usr 0 00:00:00, Sys 0 00:00:00  -  Run Local Usage
		Usr 0 02:03:51, Sys 0 00:01:04  -  Total Remote Usage
		Usr 0 00:00:00, Sys 0 00:00:00  -  Total Local Usage
	0  -  Run Bytes Sent By Job
	0  -  Run Bytes Received By Job
	0  -  Total Bytes Sent By Job
	0  -  Total Bytes Received By Job
...
