000 (1755085.000.000) 11/14 02:19:46 Job submitted from host: <130.199.206.69:49450>
...
001 (1755085.000.000) 11/15 18:30:59 Job executing on host: <130.199.180.150:41617>
...
006 (1755085.000.000) 11/15 18:36:07 Image size of job updated: 305120
...
006 (1755085.000.000) 11/15 18:41:07 Image size of job updated: 318432
...
006 (1755085.000.000) 11/15 18:46:07 Image size of job updated: 328672
...
006 (1755085.000.000) 11/15 19:11:07 Image size of job updated: 329676
...
006 (1755085.000.000) 11/15 19:16:07 Image size of job updated: 330472
...
006 (1755085.000.000) 11/15 19:21:07 Image size of job updated: 331496
...
006 (1755085.000.000) 11/15 19:26:07 Image size of job updated: 333544
...
006 (1755085.000.000) 11/15 19:36:07 Image size of job updated: 334568
...
006 (1755085.000.000) 11/15 19:56:07 Image size of job updated: 335592
...
006 (1755085.000.000) 11/15 20:01:07 Image size of job updated: 338428
...
006 (1755085.000.000) 11/15 20:06:07 Image size of job updated: 340848
...
006 (1755085.000.000) 11/15 20:11:07 Image size of job updated: 342408
...
005 (1755085.000.000) 11/15 20:48:42 Job terminated.
	(1) Normal termination (return value 0)
		Usr 0 02:04:45, Sys 0 00:01:23  -  Run Remote Usage
		Usr 0 00:00:00, Sys 0 00:00:00  -  Run Local Usage
		Usr 0 02:04:45, Sys 0 00:01:23  -  Total Remote Usage
		Usr 0 00:00:00, Sys 0 00:00:00  -  Total Local Usage
	0  -  Run Bytes Sent By Job
	0  -  Run Bytes Received By Job
	0  -  Total Bytes Sent By Job
	0  -  Total Bytes Received By Job
...
