000 (1754653.000.000) 11/14 02:18:46 Job submitted from host: <130.199.206.69:49450>
...
001 (1754653.000.000) 11/14 05:47:52 Job executing on host: <130.199.206.141:59984>
...
006 (1754653.000.000) 11/14 05:53:00 Image size of job updated: 295572
...
006 (1754653.000.000) 11/14 05:58:00 Image size of job updated: 298228
...
006 (1754653.000.000) 11/14 06:03:00 Image size of job updated: 302672
...
006 (1754653.000.000) 11/14 06:08:00 Image size of job updated: 305868
...
006 (1754653.000.000) 11/14 06:13:00 Image size of job updated: 306296
...
006 (1754653.000.000) 11/14 06:18:00 Image size of job updated: 310464
...
006 (1754653.000.000) 11/14 06:28:01 Image size of job updated: 325660
...
006 (1754653.000.000) 11/14 06:33:02 Image size of job updated: 328228
...
006 (1754653.000.000) 11/14 06:43:04 Image size of job updated: 329252
...
006 (1754653.000.000) 11/14 07:08:09 Image size of job updated: 331736
...
006 (1754653.000.000) 11/14 07:13:10 Image size of job updated: 332896
...
006 (1754653.000.000) 11/14 07:23:12 Image size of job updated: 333328
...
006 (1754653.000.000) 11/14 07:28:12 Image size of job updated: 333692
...
006 (1754653.000.000) 11/14 07:48:12 Image size of job updated: 335004
...
006 (1754653.000.000) 11/14 07:53:12 Image size of job updated: 336296
...
006 (1754653.000.000) 11/14 07:58:12 Image size of job updated: 336672
...
006 (1754653.000.000) 11/14 08:03:12 Image size of job updated: 336892
...
006 (1754653.000.000) 11/14 08:08:12 Image size of job updated: 336920
...
006 (1754653.000.000) 11/14 08:13:12 Image size of job updated: 337016
...
006 (1754653.000.000) 11/14 08:18:12 Image size of job updated: 337256
...
006 (1754653.000.000) 11/14 08:23:13 Image size of job updated: 338196
...
006 (1754653.000.000) 11/14 09:03:20 Image size of job updated: 338364
...
006 (1754653.000.000) 11/14 09:08:21 Image size of job updated: 338864
...
006 (1754653.000.000) 11/14 09:13:22 Image size of job updated: 339832
...
005 (1754653.000.000) 11/14 09:22:32 Job terminated.
	(1) Normal termination (return value 0)
		Usr 0 03:16:27, Sys 0 00:01:07  -  Run Remote Usage
		Usr 0 00:00:00, Sys 0 00:00:00  -  Run Local Usage
		Usr 0 03:16:27, Sys 0 00:01:07  -  Total Remote Usage
		Usr 0 00:00:00, Sys 0 00:00:00  -  Total Local Usage
	0  -  Run Bytes Sent By Job
	0  -  Run Bytes Received By Job
	0  -  Total Bytes Sent By Job
	0  -  Total Bytes Received By Job
...
