000 (1754829.000.000) 11/14 02:19:12 Job submitted from host: <130.199.206.69:49450>
...
001 (1754829.000.000) 11/14 13:07:32 Job executing on host: <130.199.183.16:34724>
...
006 (1754829.000.000) 11/14 13:07:40 Image size of job updated: 72920
...
006 (1754829.000.000) 11/14 13:12:40 Image size of job updated: 279060
...
006 (1754829.000.000) 11/14 13:17:40 Image size of job updated: 282916
...
006 (1754829.000.000) 11/14 13:22:40 Image size of job updated: 283576
...
006 (1754829.000.000) 11/14 13:27:40 Image size of job updated: 290148
...
006 (1754829.000.000) 11/14 13:32:40 Image size of job updated: 290388
...
006 (1754829.000.000) 11/14 13:37:41 Image size of job updated: 291096
...
006 (1754829.000.000) 11/14 13:42:42 Image size of job updated: 292300
...
006 (1754829.000.000) 11/14 13:47:43 Image size of job updated: 292748
...
006 (1754829.000.000) 11/14 13:52:43 Image size of job updated: 293212
...
006 (1754829.000.000) 11/14 14:07:43 Image size of job updated: 296284
...
006 (1754829.000.000) 11/14 14:12:43 Image size of job updated: 296592
...
006 (1754829.000.000) 11/14 14:17:43 Image size of job updated: 298060
...
006 (1754829.000.000) 11/14 14:22:43 Image size of job updated: 298104
...
006 (1754829.000.000) 11/14 14:27:43 Image size of job updated: 299040
...
006 (1754829.000.000) 11/14 14:37:43 Image size of job updated: 299420
...
006 (1754829.000.000) 11/14 14:42:43 Image size of job updated: 299932
...
006 (1754829.000.000) 11/14 14:57:43 Image size of job updated: 322216
...
006 (1754829.000.000) 11/14 15:02:43 Image size of job updated: 335528
...
006 (1754829.000.000) 11/14 15:07:43 Image size of job updated: 342696
...
006 (1754829.000.000) 11/14 15:22:43 Image size of job updated: 343720
...
006 (1754829.000.000) 11/14 15:27:43 Image size of job updated: 344744
...
005 (1754829.000.000) 11/14 15:32:14 Job terminated.
	(1) Normal termination (return value 0)
		Usr 0 02:04:14, Sys 0 00:01:12  -  Run Remote Usage
		Usr 0 00:00:00, Sys 0 00:00:00  -  Run Local Usage
		Usr 0 02:04:14, Sys 0 00:01:12  -  Total Remote Usage
		Usr 0 00:00:00, Sys 0 00:00:00  -  Total Local Usage
	0  -  Run Bytes Sent By Job
	0  -  Run Bytes Received By Job
	0  -  Total Bytes Sent By Job
	0  -  Total Bytes Received By Job
...
