000 (1754585.000.000) 11/14 02:18:46 Job submitted from host: <130.199.206.69:49450>
...
001 (1754585.000.000) 11/14 05:34:14 Job executing on host: <130.199.180.139:35175>
...
006 (1754585.000.000) 11/14 05:39:24 Image size of job updated: 283580
...
006 (1754585.000.000) 11/14 05:44:25 Image size of job updated: 285164
...
006 (1754585.000.000) 11/14 05:49:26 Image size of job updated: 286276
...
006 (1754585.000.000) 11/14 05:54:27 Image size of job updated: 286416
...
006 (1754585.000.000) 11/14 05:59:28 Image size of job updated: 286708
...
006 (1754585.000.000) 11/14 06:04:29 Image size of job updated: 286744
...
006 (1754585.000.000) 11/14 06:09:30 Image size of job updated: 286976
...
006 (1754585.000.000) 11/14 06:14:31 Image size of job updated: 287412
...
006 (1754585.000.000) 11/14 06:19:32 Image size of job updated: 290408
...
006 (1754585.000.000) 11/14 06:29:34 Image size of job updated: 291132
...
006 (1754585.000.000) 11/14 06:39:36 Image size of job updated: 292480
...
006 (1754585.000.000) 11/14 06:44:37 Image size of job updated: 292820
...
006 (1754585.000.000) 11/14 06:49:38 Image size of job updated: 293056
...
006 (1754585.000.000) 11/14 06:54:39 Image size of job updated: 293160
...
006 (1754585.000.000) 11/14 06:59:40 Image size of job updated: 293264
...
006 (1754585.000.000) 11/14 07:04:41 Image size of job updated: 294148
...
006 (1754585.000.000) 11/14 07:09:42 Image size of job updated: 294340
...
006 (1754585.000.000) 11/14 07:24:45 Image size of job updated: 294420
...
006 (1754585.000.000) 11/14 07:29:46 Image size of job updated: 294972
...
006 (1754585.000.000) 11/14 07:39:48 Image size of job updated: 294996
...
006 (1754585.000.000) 11/14 07:44:49 Image size of job updated: 295132
...
006 (1754585.000.000) 11/14 07:49:50 Image size of job updated: 295608
...
006 (1754585.000.000) 11/14 08:09:54 Image size of job updated: 318068
...
006 (1754585.000.000) 11/14 08:14:55 Image size of job updated: 326260
...
006 (1754585.000.000) 11/14 08:19:56 Image size of job updated: 337524
...
006 (1754585.000.000) 11/14 08:24:57 Image size of job updated: 338548
...
006 (1754585.000.000) 11/14 08:29:58 Image size of job updated: 339572
...
006 (1754585.000.000) 11/14 08:34:59 Image size of job updated: 340596
...
005 (1754585.000.000) 11/14 08:41:54 Job terminated.
	(1) Normal termination (return value 0)
		Usr 0 02:52:25, Sys 0 00:01:29  -  Run Remote Usage
		Usr 0 00:00:00, Sys 0 00:00:00  -  Run Local Usage
		Usr 0 02:52:25, Sys 0 00:01:29  -  Total Remote Usage
		Usr 0 00:00:00, Sys 0 00:00:00  -  Total Local Usage
	0  -  Run Bytes Sent By Job
	0  -  Run Bytes Received By Job
	0  -  Total Bytes Sent By Job
	0  -  Total Bytes Received By Job
...
