000 (1753877.000.000) 11/14 02:17:04 Job submitted from host: <130.199.206.69:49450>
...
001 (1753877.000.000) 11/14 03:48:01 Job executing on host: <130.199.183.25:50471>
...
006 (1753877.000.000) 11/14 03:48:10 Image size of job updated: 264900
...
006 (1753877.000.000) 11/14 03:53:11 Image size of job updated: 285868
...
006 (1753877.000.000) 11/14 03:58:12 Image size of job updated: 286548
...
006 (1753877.000.000) 11/14 04:03:13 Image size of job updated: 287128
...
006 (1753877.000.000) 11/14 04:08:14 Image size of job updated: 287872
...
006 (1753877.000.000) 11/14 04:13:15 Image size of job updated: 290396
...
006 (1753877.000.000) 11/14 04:18:16 Image size of job updated: 291616
...
006 (1753877.000.000) 11/14 04:23:17 Image size of job updated: 292664
...
006 (1753877.000.000) 11/14 04:28:17 Image size of job updated: 294436
...
006 (1753877.000.000) 11/14 05:03:17 Image size of job updated: 294536
...
006 (1753877.000.000) 11/14 05:13:17 Image size of job updated: 294860
...
006 (1753877.000.000) 11/14 05:23:18 Image size of job updated: 295372
...
006 (1753877.000.000) 11/14 05:53:24 Image size of job updated: 295908
...
005 (1753877.000.000) 11/14 06:35:22 Job terminated.
	(1) Normal termination (return value 0)
		Usr 0 02:31:44, Sys 0 00:01:09  -  Run Remote Usage
		Usr 0 00:00:00, Sys 0 00:00:00  -  Run Local Usage
		Usr 0 02:31:44, Sys 0 00:01:09  -  Total Remote Usage
		Usr 0 00:00:00, Sys 0 00:00:00  -  Total Local Usage
	0  -  Run Bytes Sent By Job
	0  -  Run Bytes Received By Job
	0  -  Total Bytes Sent By Job
	0  -  Total Bytes Received By Job
...
