000 (1753778.000.000) 11/14 02:16:47 Job submitted from host: <130.199.206.69:49450>
...
001 (1753778.000.000) 11/14 05:23:51 Job executing on host: <130.199.180.155:36902>
...
006 (1753778.000.000) 11/14 05:23:59 Image size of job updated: 146332
...
006 (1753778.000.000) 11/14 05:28:59 Image size of job updated: 283584
...
006 (1753778.000.000) 11/14 05:33:59 Image size of job updated: 283752
...
006 (1753778.000.000) 11/14 05:38:59 Image size of job updated: 283936
...
006 (1753778.000.000) 11/14 05:43:59 Image size of job updated: 290044
...
006 (1753778.000.000) 11/14 05:48:59 Image size of job updated: 292200
...
006 (1753778.000.000) 11/14 05:53:59 Image size of job updated: 292332
...
006 (1753778.000.000) 11/14 05:58:59 Image size of job updated: 292976
...
006 (1753778.000.000) 11/14 06:03:59 Image size of job updated: 293612
...
006 (1753778.000.000) 11/14 06:08:59 Image size of job updated: 295020
...
006 (1753778.000.000) 11/14 06:23:59 Image size of job updated: 295572
...
006 (1753778.000.000) 11/14 06:28:59 Image size of job updated: 296572
...
006 (1753778.000.000) 11/14 07:14:01 Image size of job updated: 297088
...
005 (1753778.000.000) 11/14 07:41:50 Job terminated.
	(1) Normal termination (return value 0)
		Usr 0 02:09:28, Sys 0 00:00:55  -  Run Remote Usage
		Usr 0 00:00:00, Sys 0 00:00:00  -  Run Local Usage
		Usr 0 02:09:28, Sys 0 00:00:55  -  Total Remote Usage
		Usr 0 00:00:00, Sys 0 00:00:00  -  Total Local Usage
	0  -  Run Bytes Sent By Job
	0  -  Run Bytes Received By Job
	0  -  Total Bytes Sent By Job
	0  -  Total Bytes Received By Job
...
