000 (1755079.000.000) 11/14 02:19:46 Job submitted from host: <130.199.206.69:49450>
...
001 (1755079.000.000) 11/15 17:43:11 Job executing on host: <130.199.206.188:36340>
...
006 (1755079.000.000) 11/15 17:48:19 Image size of job updated: 285428
...
006 (1755079.000.000) 11/15 17:53:19 Image size of job updated: 286196
...
006 (1755079.000.000) 11/15 17:58:19 Image size of job updated: 287936
...
006 (1755079.000.000) 11/15 18:08:19 Image size of job updated: 289844
...
006 (1755079.000.000) 11/15 18:13:19 Image size of job updated: 295592
...
006 (1755079.000.000) 11/15 18:18:19 Image size of job updated: 296592
...
006 (1755079.000.000) 11/15 18:23:19 Image size of job updated: 297408
...
006 (1755079.000.000) 11/15 18:28:19 Image size of job updated: 298636
...
006 (1755079.000.000) 11/15 18:33:19 Image size of job updated: 299812
...
006 (1755079.000.000) 11/15 18:38:19 Image size of job updated: 300296
...
006 (1755079.000.000) 11/15 18:43:19 Image size of job updated: 300980
...
006 (1755079.000.000) 11/15 18:48:19 Image size of job updated: 301380
...
006 (1755079.000.000) 11/15 18:58:19 Image size of job updated: 301688
...
006 (1755079.000.000) 11/15 19:03:20 Image size of job updated: 302860
...
006 (1755079.000.000) 11/15 19:08:21 Image size of job updated: 303248
...
005 (1755079.000.000) 11/15 19:11:15 Job terminated.
	(1) Normal termination (return value 0)
		Usr 0 01:16:05, Sys 0 00:00:23  -  Run Remote Usage
		Usr 0 00:00:00, Sys 0 00:00:00  -  Run Local Usage
		Usr 0 01:16:05, Sys 0 00:00:23  -  Total Remote Usage
		Usr 0 00:00:00, Sys 0 00:00:00  -  Total Local Usage
	0  -  Run Bytes Sent By Job
	0  -  Run Bytes Received By Job
	0  -  Total Bytes Sent By Job
	0  -  Total Bytes Received By Job
...
