000 (1755035.000.000) 11/14 02:19:38 Job submitted from host: <130.199.206.69:49450>
...
001 (1755035.000.000) 11/15 11:45:08 Job executing on host: <130.199.183.23:36199>
...
006 (1755035.000.000) 11/15 11:45:16 Image size of job updated: 40164
...
006 (1755035.000.000) 11/15 11:50:16 Image size of job updated: 210148
...
006 (1755035.000.000) 11/15 12:00:16 Image size of job updated: 273328
...
006 (1755035.000.000) 11/15 12:05:16 Image size of job updated: 288584
...
006 (1755035.000.000) 11/15 12:10:16 Image size of job updated: 292512
...
006 (1755035.000.000) 11/15 12:15:16 Image size of job updated: 293032
...
005 (1755035.000.000) 11/15 12:19:10 Job terminated.
	(1) Normal termination (return value 0)
		Usr 0 00:17:28, Sys 0 00:00:10  -  Run Remote Usage
		Usr 0 00:00:00, Sys 0 00:00:00  -  Run Local Usage
		Usr 0 00:17:28, Sys 0 00:00:10  -  Total Remote Usage
		Usr 0 00:00:00, Sys 0 00:00:00  -  Total Local Usage
	0  -  Run Bytes Sent By Job
	0  -  Run Bytes Received By Job
	0  -  Total Bytes Sent By Job
	0  -  Total Bytes Received By Job
...
