000 (1754909.000.000) 11/14 02:19:27 Job submitted from host: <130.199.206.69:49450>
...
001 (1754909.000.000) 11/15 11:27:48 Job executing on host: <130.199.206.53:40152>
...
006 (1754909.000.000) 11/15 11:32:56 Image size of job updated: 173788
...
006 (1754909.000.000) 11/15 11:37:56 Image size of job updated: 174048
...
006 (1754909.000.000) 11/15 11:42:56 Image size of job updated: 186268
...
006 (1754909.000.000) 11/15 11:47:56 Image size of job updated: 192796
...
006 (1754909.000.000) 11/15 11:52:56 Image size of job updated: 282424
...
006 (1754909.000.000) 11/15 11:57:56 Image size of job updated: 286584
...
006 (1754909.000.000) 11/15 12:02:56 Image size of job updated: 286948
...
006 (1754909.000.000) 11/15 12:12:58 Image size of job updated: 287544
...
006 (1754909.000.000) 11/15 12:17:59 Image size of job updated: 287828
...
006 (1754909.000.000) 11/15 12:23:00 Image size of job updated: 306312
...
006 (1754909.000.000) 11/15 12:28:01 Image size of job updated: 320648
...
006 (1754909.000.000) 11/15 12:33:02 Image size of job updated: 325148
...
006 (1754909.000.000) 11/15 12:38:03 Image size of job updated: 329244
...
006 (1754909.000.000) 11/15 12:53:06 Image size of job updated: 331292
...
006 (1754909.000.000) 11/15 12:58:07 Image size of job updated: 335388
...
006 (1754909.000.000) 11/15 13:08:09 Image size of job updated: 336804
...
006 (1754909.000.000) 11/15 13:23:12 Image size of job updated: 337828
...
006 (1754909.000.000) 11/15 13:28:13 Image size of job updated: 339876
...
006 (1754909.000.000) 11/15 13:33:14 Image size of job updated: 340900
...
006 (1754909.000.000) 11/15 13:58:17 Image size of job updated: 342948
...
006 (1754909.000.000) 11/15 14:08:17 Image size of job updated: 343972
...
006 (1754909.000.000) 11/15 14:23:17 Image size of job updated: 344996
...
005 (1754909.000.000) 11/15 15:10:16 Job terminated.
	(1) Normal termination (return value 0)
		Usr 0 02:56:45, Sys 0 00:00:54  -  Run Remote Usage
		Usr 0 00:00:00, Sys 0 00:00:00  -  Run Local Usage
		Usr 0 02:56:45, Sys 0 00:00:54  -  Total Remote Usage
		Usr 0 00:00:00, Sys 0 00:00:00  -  Total Local Usage
	0  -  Run Bytes Sent By Job
	0  -  Run Bytes Received By Job
	0  -  Total Bytes Sent By Job
	0  -  Total Bytes Received By Job
...
