000 (1753908.000.000) 11/14 02:17:04 Job submitted from host: <130.199.206.69:49450>
...
001 (1753908.000.000) 11/14 04:20:00 Job executing on host: <130.199.207.47:46456>
...
006 (1753908.000.000) 11/14 04:20:09 Image size of job updated: 288860
...
006 (1753908.000.000) 11/14 04:25:10 Image size of job updated: 302016
...
006 (1753908.000.000) 11/14 04:30:11 Image size of job updated: 307992
...
006 (1753908.000.000) 11/14 04:35:12 Image size of job updated: 309168
...
006 (1753908.000.000) 11/14 04:40:13 Image size of job updated: 309536
...
006 (1753908.000.000) 11/14 04:45:14 Image size of job updated: 312480
...
006 (1753908.000.000) 11/14 04:50:15 Image size of job updated: 313952
...
006 (1753908.000.000) 11/14 04:55:16 Image size of job updated: 315904
...
006 (1753908.000.000) 11/14 05:00:17 Image size of job updated: 317224
...
006 (1753908.000.000) 11/14 05:20:21 Image size of job updated: 334952
...
006 (1753908.000.000) 11/14 05:25:22 Image size of job updated: 342120
...
006 (1753908.000.000) 11/14 05:30:23 Image size of job updated: 344168
...
006 (1753908.000.000) 11/14 05:40:25 Image size of job updated: 346220
...
006 (1753908.000.000) 11/14 05:45:26 Image size of job updated: 347244
...
006 (1753908.000.000) 11/14 05:50:27 Image size of job updated: 348268
...
006 (1753908.000.000) 11/14 05:55:28 Image size of job updated: 349292
...
006 (1753908.000.000) 11/14 06:00:29 Image size of job updated: 350316
...
006 (1753908.000.000) 11/14 06:10:31 Image size of job updated: 351340
...
005 (1753908.000.000) 11/14 06:30:04 Job terminated.
	(1) Normal termination (return value 0)
		Usr 0 01:53:37, Sys 0 00:00:29  -  Run Remote Usage
		Usr 0 00:00:00, Sys 0 00:00:00  -  Run Local Usage
		Usr 0 01:53:37, Sys 0 00:00:29  -  Total Remote Usage
		Usr 0 00:00:00, Sys 0 00:00:00  -  Total Local Usage
	0  -  Run Bytes Sent By Job
	0  -  Run Bytes Received By Job
	0  -  Total Bytes Sent By Job
	0  -  Total Bytes Received By Job
...
