000 (1754145.000.000) 11/14 02:17:37 Job submitted from host: <130.199.206.69:49450>
...
001 (1754145.000.000) 11/14 05:11:22 Job executing on host: <130.199.183.21:49750>
...
006 (1754145.000.000) 11/14 05:11:30 Image size of job updated: 141220
...
006 (1754145.000.000) 11/14 05:16:30 Image size of job updated: 282552
...
006 (1754145.000.000) 11/14 05:26:30 Image size of job updated: 285280
...
006 (1754145.000.000) 11/14 05:31:30 Image size of job updated: 285776
...
006 (1754145.000.000) 11/14 05:36:30 Image size of job updated: 286780
...
006 (1754145.000.000) 11/14 05:41:30 Image size of job updated: 287160
...
006 (1754145.000.000) 11/14 05:46:30 Image size of job updated: 319376
...
006 (1754145.000.000) 11/14 05:51:30 Image size of job updated: 329616
...
006 (1754145.000.000) 11/14 05:56:30 Image size of job updated: 336784
...
006 (1754145.000.000) 11/14 06:01:30 Image size of job updated: 337808
...
006 (1754145.000.000) 11/14 06:21:30 Image size of job updated: 338724
...
006 (1754145.000.000) 11/14 06:26:30 Image size of job updated: 340772
...
006 (1754145.000.000) 11/14 06:51:30 Image size of job updated: 341796
...
006 (1754145.000.000) 11/14 07:06:30 Image size of job updated: 342820
...
005 (1754145.000.000) 11/14 07:12:06 Job terminated.
	(1) Normal termination (return value 0)
		Usr 0 01:50:24, Sys 0 00:00:44  -  Run Remote Usage
		Usr 0 00:00:00, Sys 0 00:00:00  -  Run Local Usage
		Usr 0 01:50:24, Sys 0 00:00:44  -  Total Remote Usage
		Usr 0 00:00:00, Sys 0 00:00:00  -  Total Local Usage
	0  -  Run Bytes Sent By Job
	0  -  Run Bytes Received By Job
	0  -  Total Bytes Sent By Job
	0  -  Total Bytes Received By Job
...
