000 (1755120.000.000) 11/14 02:19:46 Job submitted from host: <130.199.206.69:49450>
...
001 (1755120.000.000) 11/15 18:45:50 Job executing on host: <130.199.180.141:43183>
...
006 (1755120.000.000) 11/15 18:45:58 Image size of job updated: 136492
...
006 (1755120.000.000) 11/15 18:50:58 Image size of job updated: 280620
...
006 (1755120.000.000) 11/15 18:55:58 Image size of job updated: 282520
...
006 (1755120.000.000) 11/15 19:00:58 Image size of job updated: 283800
...
006 (1755120.000.000) 11/15 19:05:58 Image size of job updated: 284652
...
006 (1755120.000.000) 11/15 19:10:58 Image size of job updated: 284752
...
006 (1755120.000.000) 11/15 19:15:58 Image size of job updated: 285628
...
006 (1755120.000.000) 11/15 19:20:58 Image size of job updated: 299212
...
006 (1755120.000.000) 11/15 19:25:59 Image size of job updated: 316620
...
006 (1755120.000.000) 11/15 19:31:00 Image size of job updated: 324848
...
006 (1755120.000.000) 11/15 19:36:01 Image size of job updated: 328944
...
006 (1755120.000.000) 11/15 19:41:02 Image size of job updated: 335096
...
006 (1755120.000.000) 11/15 19:46:03 Image size of job updated: 337144
...
006 (1755120.000.000) 11/15 19:51:04 Image size of job updated: 338168
...
006 (1755120.000.000) 11/15 19:56:05 Image size of job updated: 340216
...
006 (1755120.000.000) 11/15 20:06:07 Image size of job updated: 341240
...
006 (1755120.000.000) 11/15 20:16:09 Image size of job updated: 342264
...
006 (1755120.000.000) 11/15 20:36:13 Image size of job updated: 343288
...
006 (1755120.000.000) 11/15 21:16:21 Image size of job updated: 344312
...
006 (1755120.000.000) 11/15 21:56:29 Image size of job updated: 346360
...
006 (1755120.000.000) 11/15 22:41:38 Image size of job updated: 347384
...
005 (1755120.000.000) 11/15 22:53:37 Job terminated.
	(1) Normal termination (return value 0)
		Usr 0 03:43:39, Sys 0 00:02:15  -  Run Remote Usage
		Usr 0 00:00:00, Sys 0 00:00:00  -  Run Local Usage
		Usr 0 03:43:39, Sys 0 00:02:15  -  Total Remote Usage
		Usr 0 00:00:00, Sys 0 00:00:00  -  Total Local Usage
	0  -  Run Bytes Sent By Job
	0  -  Run Bytes Received By Job
	0  -  Total Bytes Sent By Job
	0  -  Total Bytes Received By Job
...
