000 (1754044.000.000) 11/14 02:17:22 Job submitted from host: <130.199.206.69:49450>
...
001 (1754044.000.000) 11/14 05:38:37 Job executing on host: <130.199.180.144:40361>
...
006 (1754044.000.000) 11/14 05:43:47 Image size of job updated: 277152
...
006 (1754044.000.000) 11/14 05:48:48 Image size of job updated: 283588
...
006 (1754044.000.000) 11/14 05:53:49 Image size of job updated: 290876
...
006 (1754044.000.000) 11/14 05:58:50 Image size of job updated: 292528
...
006 (1754044.000.000) 11/14 06:08:52 Image size of job updated: 293592
...
006 (1754044.000.000) 11/14 06:13:53 Image size of job updated: 294052
...
006 (1754044.000.000) 11/14 06:18:54 Image size of job updated: 295124
...
006 (1754044.000.000) 11/14 06:23:55 Image size of job updated: 298176
...
006 (1754044.000.000) 11/14 06:28:56 Image size of job updated: 299020
...
006 (1754044.000.000) 11/14 06:33:57 Image size of job updated: 299056
...
006 (1754044.000.000) 11/14 06:38:58 Image size of job updated: 299136
...
006 (1754044.000.000) 11/14 06:49:00 Image size of job updated: 299380
...
005 (1754044.000.000) 11/14 06:59:14 Job terminated.
	(1) Normal termination (return value 0)
		Usr 0 01:14:21, Sys 0 00:00:27  -  Run Remote Usage
		Usr 0 00:00:00, Sys 0 00:00:00  -  Run Local Usage
		Usr 0 01:14:21, Sys 0 00:00:27  -  Total Remote Usage
		Usr 0 00:00:00, Sys 0 00:00:00  -  Total Local Usage
	0  -  Run Bytes Sent By Job
	0  -  Run Bytes Received By Job
	0  -  Total Bytes Sent By Job
	0  -  Total Bytes Received By Job
...
