000 (1753514.000.000) 11/14 02:15:48 Job submitted from host: <130.199.206.69:49450>
...
001 (1753514.000.000) 11/14 06:16:29 Job executing on host: <130.199.206.126:56760>
...
006 (1753514.000.000) 11/14 06:16:38 Image size of job updated: 138888
...
006 (1753514.000.000) 11/14 06:21:39 Image size of job updated: 283168
...
006 (1753514.000.000) 11/14 06:26:40 Image size of job updated: 284020
...
006 (1753514.000.000) 11/14 06:31:41 Image size of job updated: 284444
...
006 (1753514.000.000) 11/14 06:36:42 Image size of job updated: 291792
...
006 (1753514.000.000) 11/14 06:56:46 Image size of job updated: 293700
...
006 (1753514.000.000) 11/14 07:01:46 Image size of job updated: 296404
...
006 (1753514.000.000) 11/14 07:06:46 Image size of job updated: 296632
...
006 (1753514.000.000) 11/14 07:11:46 Image size of job updated: 296988
...
006 (1753514.000.000) 11/14 07:16:46 Image size of job updated: 297332
...
006 (1753514.000.000) 11/14 07:26:46 Image size of job updated: 297428
...
006 (1753514.000.000) 11/14 07:51:46 Image size of job updated: 297452
...
006 (1753514.000.000) 11/14 08:36:55 Image size of job updated: 297480
...
006 (1753514.000.000) 11/14 08:56:57 Image size of job updated: 297656
...
006 (1753514.000.000) 11/14 09:11:57 Image size of job updated: 323324
...
006 (1753514.000.000) 11/14 09:16:57 Image size of job updated: 338684
...
006 (1753514.000.000) 11/14 09:21:57 Image size of job updated: 344828
...
005 (1753514.000.000) 11/14 09:35:00 Job terminated.
	(1) Normal termination (return value 0)
		Usr 0 03:06:38, Sys 0 00:00:46  -  Run Remote Usage
		Usr 0 00:00:00, Sys 0 00:00:00  -  Run Local Usage
		Usr 0 03:06:38, Sys 0 00:00:46  -  Total Remote Usage
		Usr 0 00:00:00, Sys 0 00:00:00  -  Total Local Usage
	0  -  Run Bytes Sent By Job
	0  -  Run Bytes Received By Job
	0  -  Total Bytes Sent By Job
	0  -  Total Bytes Received By Job
...
