000 (1754023.000.000) 11/14 02:17:22 Job submitted from host: <130.199.206.69:49450>
...
001 (1754023.000.000) 11/14 06:07:14 Job executing on host: <130.199.206.214:46228>
...
006 (1754023.000.000) 11/14 06:07:23 Image size of job updated: 234888
...
006 (1754023.000.000) 11/14 06:12:24 Image size of job updated: 285208
...
006 (1754023.000.000) 11/14 06:17:25 Image size of job updated: 286116
...
006 (1754023.000.000) 11/14 06:22:26 Image size of job updated: 288156
...
006 (1754023.000.000) 11/14 06:32:28 Image size of job updated: 294856
...
006 (1754023.000.000) 11/14 06:37:29 Image size of job updated: 295524
...
006 (1754023.000.000) 11/14 06:42:30 Image size of job updated: 295788
...
006 (1754023.000.000) 11/14 06:47:31 Image size of job updated: 297068
...
006 (1754023.000.000) 11/14 06:52:32 Image size of job updated: 298408
...
006 (1754023.000.000) 11/14 07:17:37 Image size of job updated: 299332
...
006 (1754023.000.000) 11/14 07:22:38 Image size of job updated: 330952
...
006 (1754023.000.000) 11/14 07:27:39 Image size of job updated: 338120
...
006 (1754023.000.000) 11/14 07:32:40 Image size of job updated: 345704
...
006 (1754023.000.000) 11/14 07:37:41 Image size of job updated: 347752
...
006 (1754023.000.000) 11/14 07:47:43 Image size of job updated: 350824
...
005 (1754023.000.000) 11/14 08:24:19 Job terminated.
	(1) Normal termination (return value 0)
		Usr 0 02:02:41, Sys 0 00:00:36  -  Run Remote Usage
		Usr 0 00:00:00, Sys 0 00:00:00  -  Run Local Usage
		Usr 0 02:02:41, Sys 0 00:00:36  -  Total Remote Usage
		Usr 0 00:00:00, Sys 0 00:00:00  -  Total Local Usage
	0  -  Run Bytes Sent By Job
	0  -  Run Bytes Received By Job
	0  -  Total Bytes Sent By Job
	0  -  Total Bytes Received By Job
...
