000 (1755095.000.000) 11/14 02:19:46 Job submitted from host: <130.199.206.69:49450>
...
001 (1755095.000.000) 11/15 17:12:54 Job executing on host: <130.199.206.133:46332>
...
006 (1755095.000.000) 11/15 17:13:04 Image size of job updated: 171448
...
006 (1755095.000.000) 11/15 17:18:04 Image size of job updated: 284704
...
006 (1755095.000.000) 11/15 17:23:05 Image size of job updated: 284932
...
006 (1755095.000.000) 11/15 17:28:06 Image size of job updated: 285320
...
006 (1755095.000.000) 11/15 17:33:07 Image size of job updated: 288020
...
006 (1755095.000.000) 11/15 17:38:08 Image size of job updated: 300040
...
006 (1755095.000.000) 11/15 17:43:09 Image size of job updated: 317448
...
006 (1755095.000.000) 11/15 17:48:10 Image size of job updated: 333852
...
006 (1755095.000.000) 11/15 17:53:11 Image size of job updated: 334876
...
006 (1755095.000.000) 11/15 17:58:12 Image size of job updated: 336924
...
006 (1755095.000.000) 11/15 18:08:14 Image size of job updated: 338972
...
006 (1755095.000.000) 11/15 18:53:18 Image size of job updated: 339996
...
006 (1755095.000.000) 11/15 18:58:18 Image size of job updated: 341020
...
006 (1755095.000.000) 11/15 19:23:18 Image size of job updated: 342044
...
006 (1755095.000.000) 11/15 19:53:21 Image size of job updated: 342236
...
006 (1755095.000.000) 11/15 19:58:22 Image size of job updated: 343348
...
005 (1755095.000.000) 11/15 20:31:09 Job terminated.
	(1) Normal termination (return value 0)
		Usr 0 02:54:24, Sys 0 00:00:31  -  Run Remote Usage
		Usr 0 00:00:00, Sys 0 00:00:00  -  Run Local Usage
		Usr 0 02:54:24, Sys 0 00:00:31  -  Total Remote Usage
		Usr 0 00:00:00, Sys 0 00:00:00  -  Total Local Usage
	0  -  Run Bytes Sent By Job
	0  -  Run Bytes Received By Job
	0  -  Total Bytes Sent By Job
	0  -  Total Bytes Received By Job
...
