000 (1755122.000.000) 11/14 02:19:46 Job submitted from host: <130.199.206.69:49450>
...
001 (1755122.000.000) 11/15 15:16:26 Job executing on host: <130.199.183.20:45557>
...
006 (1755122.000.000) 11/15 15:16:34 Image size of job updated: 173940
...
006 (1755122.000.000) 11/15 15:21:34 Image size of job updated: 314192
...
006 (1755122.000.000) 11/15 15:26:34 Image size of job updated: 324432
...
006 (1755122.000.000) 11/15 15:31:34 Image size of job updated: 327504
...
006 (1755122.000.000) 11/15 15:41:34 Image size of job updated: 330580
...
006 (1755122.000.000) 11/15 15:46:34 Image size of job updated: 331604
...
006 (1755122.000.000) 11/15 15:51:34 Image size of job updated: 333652
...
006 (1755122.000.000) 11/15 16:01:34 Image size of job updated: 334676
...
006 (1755122.000.000) 11/15 16:06:34 Image size of job updated: 335700
...
005 (1755122.000.000) 11/15 16:29:11 Job terminated.
	(1) Normal termination (return value 0)
		Usr 0 01:01:10, Sys 0 00:00:31  -  Run Remote Usage
		Usr 0 00:00:00, Sys 0 00:00:00  -  Run Local Usage
		Usr 0 01:01:10, Sys 0 00:00:31  -  Total Remote Usage
		Usr 0 00:00:00, Sys 0 00:00:00  -  Total Local Usage
	0  -  Run Bytes Sent By Job
	0  -  Run Bytes Received By Job
	0  -  Total Bytes Sent By Job
	0  -  Total Bytes Received By Job
...
