000 (1754422.000.000) 11/14 02:18:20 Job submitted from host: <130.199.206.69:49450>
...
001 (1754422.000.000) 11/14 06:19:03 Job executing on host: <130.199.180.160:58882>
...
006 (1754422.000.000) 11/14 06:24:13 Image size of job updated: 281284
...
006 (1754422.000.000) 11/14 06:29:14 Image size of job updated: 288644
...
006 (1754422.000.000) 11/14 06:34:15 Image size of job updated: 289940
...
006 (1754422.000.000) 11/14 06:39:16 Image size of job updated: 291252
...
006 (1754422.000.000) 11/14 06:44:17 Image size of job updated: 292264
...
006 (1754422.000.000) 11/14 06:49:18 Image size of job updated: 292364
...
006 (1754422.000.000) 11/14 07:04:21 Image size of job updated: 294532
...
006 (1754422.000.000) 11/14 07:09:22 Image size of job updated: 295276
...
006 (1754422.000.000) 11/14 07:24:25 Image size of job updated: 300036
...
006 (1754422.000.000) 11/14 07:39:28 Image size of job updated: 301228
...
006 (1754422.000.000) 11/14 07:59:32 Image size of job updated: 302152
...
006 (1754422.000.000) 11/14 08:04:33 Image size of job updated: 302492
...
005 (1754422.000.000) 11/14 08:05:50 Job terminated.
	(1) Normal termination (return value 0)
		Usr 0 01:38:29, Sys 0 00:00:55  -  Run Remote Usage
		Usr 0 00:00:00, Sys 0 00:00:00  -  Run Local Usage
		Usr 0 01:38:29, Sys 0 00:00:55  -  Total Remote Usage
		Usr 0 00:00:00, Sys 0 00:00:00  -  Total Local Usage
	0  -  Run Bytes Sent By Job
	0  -  Run Bytes Received By Job
	0  -  Total Bytes Sent By Job
	0  -  Total Bytes Received By Job
...
