000 (1755027.000.000) 11/14 02:19:38 Job submitted from host: <130.199.206.69:49450>
...
001 (1755027.000.000) 11/15 11:44:40 Job executing on host: <130.199.206.69:55155>
...
006 (1755027.000.000) 11/15 11:49:48 Image size of job updated: 283920
...
006 (1755027.000.000) 11/15 11:54:48 Image size of job updated: 286084
...
006 (1755027.000.000) 11/15 11:59:48 Image size of job updated: 286220
...
006 (1755027.000.000) 11/15 12:04:48 Image size of job updated: 287456
...
006 (1755027.000.000) 11/15 12:09:48 Image size of job updated: 287756
...
006 (1755027.000.000) 11/15 12:14:48 Image size of job updated: 288148
...
006 (1755027.000.000) 11/15 12:19:48 Image size of job updated: 290856
...
006 (1755027.000.000) 11/15 12:24:48 Image size of job updated: 291540
...
006 (1755027.000.000) 11/15 12:29:48 Image size of job updated: 292868
...
006 (1755027.000.000) 11/15 12:34:48 Image size of job updated: 293760
...
006 (1755027.000.000) 11/15 12:44:48 Image size of job updated: 294300
...
006 (1755027.000.000) 11/15 12:54:50 Image size of job updated: 294420
...
006 (1755027.000.000) 11/15 12:59:51 Image size of job updated: 294424
...
006 (1755027.000.000) 11/15 13:14:54 Image size of job updated: 294516
...
006 (1755027.000.000) 11/15 13:19:55 Image size of job updated: 324904
...
006 (1755027.000.000) 11/15 13:24:56 Image size of job updated: 334120
...
006 (1755027.000.000) 11/15 13:29:57 Image size of job updated: 337192
...
006 (1755027.000.000) 11/15 13:34:58 Image size of job updated: 339240
...
006 (1755027.000.000) 11/15 13:45:00 Image size of job updated: 340264
...
006 (1755027.000.000) 11/15 13:50:01 Image size of job updated: 341288
...
006 (1755027.000.000) 11/15 13:55:02 Image size of job updated: 342268
...
006 (1755027.000.000) 11/15 14:05:02 Image size of job updated: 343292
...
006 (1755027.000.000) 11/15 14:35:02 Image size of job updated: 344200
...
005 (1755027.000.000) 11/15 14:57:40 Job terminated.
	(1) Normal termination (return value 0)
		Usr 0 02:56:09, Sys 0 00:00:35  -  Run Remote Usage
		Usr 0 00:00:00, Sys 0 00:00:00  -  Run Local Usage
		Usr 0 02:56:09, Sys 0 00:00:35  -  Total Remote Usage
		Usr 0 00:00:00, Sys 0 00:00:00  -  Total Local Usage
	0  -  Run Bytes Sent By Job
	0  -  Run Bytes Received By Job
	0  -  Total Bytes Sent By Job
	0  -  Total Bytes Received By Job
...
