000 (1753719.000.000) 11/14 02:16:28 Job submitted from host: <130.199.206.69:49450>
...
001 (1753719.000.000) 11/14 03:53:52 Job executing on host: <130.199.183.21:49750>
...
006 (1753719.000.000) 11/14 03:54:00 Image size of job updated: 186412
...
006 (1753719.000.000) 11/14 03:59:00 Image size of job updated: 285192
...
006 (1753719.000.000) 11/14 04:04:00 Image size of job updated: 285560
...
006 (1753719.000.000) 11/14 04:09:00 Image size of job updated: 287556
...
006 (1753719.000.000) 11/14 04:14:00 Image size of job updated: 289124
...
006 (1753719.000.000) 11/14 04:19:00 Image size of job updated: 289276
...
006 (1753719.000.000) 11/14 04:24:01 Image size of job updated: 290932
...
006 (1753719.000.000) 11/14 04:29:02 Image size of job updated: 291304
...
006 (1753719.000.000) 11/14 04:39:04 Image size of job updated: 292040
...
006 (1753719.000.000) 11/14 04:54:07 Image size of job updated: 292296
...
006 (1753719.000.000) 11/14 05:09:10 Image size of job updated: 293904
...
006 (1753719.000.000) 11/14 05:14:11 Image size of job updated: 294524
...
006 (1753719.000.000) 11/14 05:19:12 Image size of job updated: 295484
...
006 (1753719.000.000) 11/14 05:29:14 Image size of job updated: 295668
...
006 (1753719.000.000) 11/14 05:44:17 Image size of job updated: 296220
...
006 (1753719.000.000) 11/14 05:49:18 Image size of job updated: 296428
...
005 (1753719.000.000) 11/14 05:52:44 Job terminated.
	(1) Normal termination (return value 0)
		Usr 0 01:42:55, Sys 0 00:00:51  -  Run Remote Usage
		Usr 0 00:00:00, Sys 0 00:00:00  -  Run Local Usage
		Usr 0 01:42:55, Sys 0 00:00:51  -  Total Remote Usage
		Usr 0 00:00:00, Sys 0 00:00:00  -  Total Local Usage
	0  -  Run Bytes Sent By Job
	0  -  Run Bytes Received By Job
	0  -  Total Bytes Sent By Job
	0  -  Total Bytes Received By Job
...
