000 (1753440.000.000) 11/14 02:14:53 Job submitted from host: <130.199.206.69:49450>
...
001 (1753440.000.000) 11/14 08:28:55 Job executing on host: <130.199.183.31:39335>
...
006 (1753440.000.000) 11/14 08:29:04 Image size of job updated: 173648
...
006 (1753440.000.000) 11/14 08:34:05 Image size of job updated: 283844
...
006 (1753440.000.000) 11/14 08:39:06 Image size of job updated: 285340
...
006 (1753440.000.000) 11/14 08:49:08 Image size of job updated: 285632
...
006 (1753440.000.000) 11/14 08:54:09 Image size of job updated: 285976
...
006 (1753440.000.000) 11/14 08:59:10 Image size of job updated: 286732
...
006 (1753440.000.000) 11/14 09:04:11 Image size of job updated: 287364
...
006 (1753440.000.000) 11/14 09:09:12 Image size of job updated: 287704
...
006 (1753440.000.000) 11/14 09:19:14 Image size of job updated: 288980
...
006 (1753440.000.000) 11/14 09:24:15 Image size of job updated: 289772
...
006 (1753440.000.000) 11/14 09:29:16 Image size of job updated: 291160
...
006 (1753440.000.000) 11/14 09:34:17 Image size of job updated: 291776
...
006 (1753440.000.000) 11/14 09:44:19 Image size of job updated: 292244
...
006 (1753440.000.000) 11/14 09:54:21 Image size of job updated: 292368
...
006 (1753440.000.000) 11/14 10:04:23 Image size of job updated: 319416
...
006 (1753440.000.000) 11/14 10:09:23 Image size of job updated: 330680
...
006 (1753440.000.000) 11/14 10:14:23 Image size of job updated: 332728
...
006 (1753440.000.000) 11/14 10:19:23 Image size of job updated: 336824
...
006 (1753440.000.000) 11/14 10:24:23 Image size of job updated: 339896
...
006 (1753440.000.000) 11/14 10:29:23 Image size of job updated: 340476
...
006 (1753440.000.000) 11/14 10:44:23 Image size of job updated: 341500
...
006 (1753440.000.000) 11/14 10:54:23 Image size of job updated: 342524
...
006 (1753440.000.000) 11/14 11:49:27 Image size of job updated: 344180
...
005 (1753440.000.000) 11/14 12:36:10 Job terminated.
	(1) Normal termination (return value 0)
		Usr 0 03:44:20, Sys 0 00:01:41  -  Run Remote Usage
		Usr 0 00:00:00, Sys 0 00:00:00  -  Run Local Usage
		Usr 0 03:44:20, Sys 0 00:01:41  -  Total Remote Usage
		Usr 0 00:00:00, Sys 0 00:00:00  -  Total Local Usage
	0  -  Run Bytes Sent By Job
	0  -  Run Bytes Received By Job
	0  -  Total Bytes Sent By Job
	0  -  Total Bytes Received By Job
...
