000 (1753827.000.000) 11/14 02:16:47 Job submitted from host: <130.199.206.69:49450>
...
001 (1753827.000.000) 11/14 05:01:03 Job executing on host: <130.199.183.10:36128>
...
006 (1753827.000.000) 11/14 05:06:11 Image size of job updated: 284604
...
006 (1753827.000.000) 11/14 05:11:11 Image size of job updated: 284952
...
006 (1753827.000.000) 11/14 05:16:11 Image size of job updated: 285484
...
006 (1753827.000.000) 11/14 05:21:11 Image size of job updated: 286572
...
006 (1753827.000.000) 11/14 05:26:11 Image size of job updated: 287524
...
006 (1753827.000.000) 11/14 05:31:11 Image size of job updated: 290336
...
006 (1753827.000.000) 11/14 05:36:11 Image size of job updated: 290368
...
006 (1753827.000.000) 11/14 05:41:11 Image size of job updated: 292664
...
006 (1753827.000.000) 11/14 05:46:11 Image size of job updated: 292820
...
006 (1753827.000.000) 11/14 05:51:11 Image size of job updated: 293452
...
006 (1753827.000.000) 11/14 05:56:11 Image size of job updated: 294136
...
006 (1753827.000.000) 11/14 06:16:11 Image size of job updated: 294744
...
006 (1753827.000.000) 11/14 06:31:11 Image size of job updated: 294936
...
006 (1753827.000.000) 11/14 06:41:11 Image size of job updated: 297556
...
006 (1753827.000.000) 11/14 06:46:11 Image size of job updated: 325412
...
006 (1753827.000.000) 11/14 06:51:11 Image size of job updated: 333604
...
006 (1753827.000.000) 11/14 06:56:11 Image size of job updated: 339748
...
006 (1753827.000.000) 11/14 07:01:11 Image size of job updated: 341796
...
006 (1753827.000.000) 11/14 07:06:11 Image size of job updated: 343844
...
005 (1753827.000.000) 11/14 07:17:16 Job terminated.
	(1) Normal termination (return value 0)
		Usr 0 02:04:42, Sys 0 00:00:56  -  Run Remote Usage
		Usr 0 00:00:00, Sys 0 00:00:00  -  Run Local Usage
		Usr 0 02:04:42, Sys 0 00:00:56  -  Total Remote Usage
		Usr 0 00:00:00, Sys 0 00:00:00  -  Total Local Usage
	0  -  Run Bytes Sent By Job
	0  -  Run Bytes Received By Job
	0  -  Total Bytes Sent By Job
	0  -  Total Bytes Received By Job
...
