000 (1753525.000.000) 11/14 02:15:48 Job submitted from host: <130.199.206.69:49450>
...
001 (1753525.000.000) 11/14 05:48:00 Job executing on host: <130.199.183.14:48158>
...
006 (1753525.000.000) 11/14 05:48:09 Image size of job updated: 174564
...
006 (1753525.000.000) 11/14 05:53:10 Image size of job updated: 283832
...
006 (1753525.000.000) 11/14 05:58:11 Image size of job updated: 285020
...
006 (1753525.000.000) 11/14 06:03:12 Image size of job updated: 286512
...
006 (1753525.000.000) 11/14 06:08:13 Image size of job updated: 287436
...
006 (1753525.000.000) 11/14 06:13:14 Image size of job updated: 287480
...
006 (1753525.000.000) 11/14 06:18:15 Image size of job updated: 288360
...
006 (1753525.000.000) 11/14 06:33:18 Image size of job updated: 288512
...
006 (1753525.000.000) 11/14 06:38:19 Image size of job updated: 291104
...
006 (1753525.000.000) 11/14 06:43:20 Image size of job updated: 292276
...
006 (1753525.000.000) 11/14 06:53:20 Image size of job updated: 292512
...
006 (1753525.000.000) 11/14 06:58:20 Image size of job updated: 292708
...
006 (1753525.000.000) 11/14 07:03:20 Image size of job updated: 293444
...
006 (1753525.000.000) 11/14 07:08:20 Image size of job updated: 294052
...
006 (1753525.000.000) 11/14 07:13:20 Image size of job updated: 316416
...
006 (1753525.000.000) 11/14 07:18:20 Image size of job updated: 330752
...
006 (1753525.000.000) 11/14 07:23:20 Image size of job updated: 332800
...
006 (1753525.000.000) 11/14 07:28:20 Image size of job updated: 336304
...
006 (1753525.000.000) 11/14 07:33:20 Image size of job updated: 337328
...
006 (1753525.000.000) 11/14 07:43:22 Image size of job updated: 339376
...
006 (1753525.000.000) 11/14 07:48:23 Image size of job updated: 340400
...
006 (1753525.000.000) 11/14 07:53:24 Image size of job updated: 341424
...
006 (1753525.000.000) 11/14 08:43:34 Image size of job updated: 342384
...
006 (1753525.000.000) 11/14 09:38:45 Image size of job updated: 343408
...
006 (1753525.000.000) 11/14 10:03:47 Image size of job updated: 344432
...
006 (1753525.000.000) 11/14 10:08:47 Image size of job updated: 345456
...
005 (1753525.000.000) 11/14 10:15:27 Job terminated.
	(1) Normal termination (return value 0)
		Usr 0 03:56:32, Sys 0 00:01:47  -  Run Remote Usage
		Usr 0 00:00:00, Sys 0 00:00:00  -  Run Local Usage
		Usr 0 03:56:32, Sys 0 00:01:47  -  Total Remote Usage
		Usr 0 00:00:00, Sys 0 00:00:00  -  Total Local Usage
	0  -  Run Bytes Sent By Job
	0  -  Run Bytes Received By Job
	0  -  Total Bytes Sent By Job
	0  -  Total Bytes Received By Job
...
