000 (1754429.000.000) 11/14 02:18:20 Job submitted from host: <130.199.206.69:49450>
...
001 (1754429.000.000) 11/14 09:08:01 Job executing on host: <130.199.180.139:35175>
...
006 (1754429.000.000) 11/14 09:13:09 Image size of job updated: 284936
...
006 (1754429.000.000) 11/14 09:18:09 Image size of job updated: 285484
...
006 (1754429.000.000) 11/14 09:23:09 Image size of job updated: 285824
...
006 (1754429.000.000) 11/14 09:28:09 Image size of job updated: 315300
...
006 (1754429.000.000) 11/14 09:33:09 Image size of job updated: 321444
...
006 (1754429.000.000) 11/14 09:38:09 Image size of job updated: 324516
...
006 (1754429.000.000) 11/14 09:43:09 Image size of job updated: 327456
...
006 (1754429.000.000) 11/14 09:48:09 Image size of job updated: 331552
...
006 (1754429.000.000) 11/14 09:53:09 Image size of job updated: 332576
...
006 (1754429.000.000) 11/14 09:58:09 Image size of job updated: 335652
...
006 (1754429.000.000) 11/14 10:03:09 Image size of job updated: 337700
...
006 (1754429.000.000) 11/14 10:08:09 Image size of job updated: 339748
...
006 (1754429.000.000) 11/14 10:13:09 Image size of job updated: 340772
...
006 (1754429.000.000) 11/14 10:33:09 Image size of job updated: 341796
...
005 (1754429.000.000) 11/14 10:50:00 Job terminated.
	(1) Normal termination (return value 0)
		Usr 0 01:33:48, Sys 0 00:01:08  -  Run Remote Usage
		Usr 0 00:00:00, Sys 0 00:00:00  -  Run Local Usage
		Usr 0 01:33:48, Sys 0 00:01:08  -  Total Remote Usage
		Usr 0 00:00:00, Sys 0 00:00:00  -  Total Local Usage
	0  -  Run Bytes Sent By Job
	0  -  Run Bytes Received By Job
	0  -  Total Bytes Sent By Job
	0  -  Total Bytes Received By Job
...
