000 (1754928.000.000) 11/14 02:19:27 Job submitted from host: <130.199.206.69:49450>
...
001 (1754928.000.000) 11/15 12:51:39 Job executing on host: <130.199.207.47:46456>
...
006 (1754928.000.000) 11/15 12:51:47 Image size of job updated: 136452
...
006 (1754928.000.000) 11/15 12:56:47 Image size of job updated: 283076
...
006 (1754928.000.000) 11/15 13:01:47 Image size of job updated: 295808
...
005 (1754928.000.000) 11/15 13:06:06 Job terminated.
	(1) Normal termination (return value 0)
		Usr 0 00:11:41, Sys 0 00:00:04  -  Run Remote Usage
		Usr 0 00:00:00, Sys 0 00:00:00  -  Run Local Usage
		Usr 0 00:11:41, Sys 0 00:00:04  -  Total Remote Usage
		Usr 0 00:00:00, Sys 0 00:00:00  -  Total Local Usage
	0  -  Run Bytes Sent By Job
	0  -  Run Bytes Received By Job
	0  -  Total Bytes Sent By Job
	0  -  Total Bytes Received By Job
...
