000 (1754715.000.000) 11/14 02:18:59 Job submitted from host: <130.199.206.69:49450>
...
001 (1754715.000.000) 11/14 06:03:00 Job executing on host: <130.199.206.168:46869>
...
006 (1754715.000.000) 11/14 06:08:08 Image size of job updated: 283760
...
006 (1754715.000.000) 11/14 06:13:08 Image size of job updated: 285616
...
006 (1754715.000.000) 11/14 06:18:08 Image size of job updated: 286268
...
006 (1754715.000.000) 11/14 06:23:08 Image size of job updated: 286640
...
006 (1754715.000.000) 11/14 06:28:08 Image size of job updated: 287740
...
006 (1754715.000.000) 11/14 06:38:08 Image size of job updated: 288488
...
006 (1754715.000.000) 11/14 06:48:08 Image size of job updated: 291036
...
006 (1754715.000.000) 11/14 06:53:08 Image size of job updated: 292028
...
006 (1754715.000.000) 11/14 06:58:09 Image size of job updated: 292436
...
006 (1754715.000.000) 11/14 07:08:11 Image size of job updated: 293244
...
006 (1754715.000.000) 11/14 07:13:12 Image size of job updated: 293508
...
006 (1754715.000.000) 11/14 07:23:14 Image size of job updated: 314556
...
006 (1754715.000.000) 11/14 07:28:15 Image size of job updated: 328892
...
006 (1754715.000.000) 11/14 07:33:16 Image size of job updated: 335036
...
006 (1754715.000.000) 11/14 07:43:18 Image size of job updated: 338588
...
006 (1754715.000.000) 11/14 07:48:19 Image size of job updated: 339612
...
006 (1754715.000.000) 11/14 07:58:21 Image size of job updated: 340636
...
006 (1754715.000.000) 11/14 08:03:22 Image size of job updated: 341660
...
006 (1754715.000.000) 11/14 08:08:23 Image size of job updated: 342684
...
006 (1754715.000.000) 11/14 08:18:23 Image size of job updated: 343708
...
006 (1754715.000.000) 11/14 08:43:23 Image size of job updated: 344732
...
006 (1754715.000.000) 11/14 09:08:23 Image size of job updated: 345756
...
005 (1754715.000.000) 11/14 09:09:47 Job terminated.
	(1) Normal termination (return value 0)
		Usr 0 02:52:51, Sys 0 00:00:46  -  Run Remote Usage
		Usr 0 00:00:00, Sys 0 00:00:00  -  Run Local Usage
		Usr 0 02:52:51, Sys 0 00:00:46  -  Total Remote Usage
		Usr 0 00:00:00, Sys 0 00:00:00  -  Total Local Usage
	0  -  Run Bytes Sent By Job
	0  -  Run Bytes Received By Job
	0  -  Total Bytes Sent By Job
	0  -  Total Bytes Received By Job
...
