000 (1754906.000.000) 11/14 02:19:27 Job submitted from host: <130.199.206.69:49450>
...
001 (1754906.000.000) 11/15 11:27:51 Job executing on host: <130.199.183.4:60279>
...
006 (1754906.000.000) 11/15 11:32:59 Image size of job updated: 289936
...
006 (1754906.000.000) 11/15 11:37:59 Image size of job updated: 292732
...
006 (1754906.000.000) 11/15 11:42:59 Image size of job updated: 294656
...
006 (1754906.000.000) 11/15 11:47:59 Image size of job updated: 295464
...
006 (1754906.000.000) 11/15 11:52:59 Image size of job updated: 296116
...
006 (1754906.000.000) 11/15 11:57:59 Image size of job updated: 296680
...
006 (1754906.000.000) 11/15 12:02:59 Image size of job updated: 299804
...
005 (1754906.000.000) 11/15 12:09:02 Job terminated.
	(1) Normal termination (return value 0)
		Usr 0 00:35:53, Sys 0 00:00:22  -  Run Remote Usage
		Usr 0 00:00:00, Sys 0 00:00:00  -  Run Local Usage
		Usr 0 00:35:53, Sys 0 00:00:22  -  Total Remote Usage
		Usr 0 00:00:00, Sys 0 00:00:00  -  Total Local Usage
	0  -  Run Bytes Sent By Job
	0  -  Run Bytes Received By Job
	0  -  Total Bytes Sent By Job
	0  -  Total Bytes Received By Job
...
