000 (1753822.000.000) 11/14 02:16:47 Job submitted from host: <130.199.206.69:49450>
...
001 (1753822.000.000) 11/14 08:07:04 Job executing on host: <130.199.180.166:41628>
...
006 (1753822.000.000) 11/14 08:07:13 Image size of job updated: 145372
...
006 (1753822.000.000) 11/14 08:12:14 Image size of job updated: 282780
...
006 (1753822.000.000) 11/14 08:17:15 Image size of job updated: 283364
...
006 (1753822.000.000) 11/14 08:22:15 Image size of job updated: 288708
...
006 (1753822.000.000) 11/14 08:27:15 Image size of job updated: 292812
...
006 (1753822.000.000) 11/14 08:32:15 Image size of job updated: 297504
...
006 (1753822.000.000) 11/14 08:37:15 Image size of job updated: 297944
...
005 (1753822.000.000) 11/14 08:40:50 Job terminated.
	(1) Normal termination (return value 0)
		Usr 0 00:30:51, Sys 0 00:00:19  -  Run Remote Usage
		Usr 0 00:00:00, Sys 0 00:00:00  -  Run Local Usage
		Usr 0 00:30:51, Sys 0 00:00:19  -  Total Remote Usage
		Usr 0 00:00:00, Sys 0 00:00:00  -  Total Local Usage
	0  -  Run Bytes Sent By Job
	0  -  Run Bytes Received By Job
	0  -  Total Bytes Sent By Job
	0  -  Total Bytes Received By Job
...
