000 (1754941.000.000) 11/14 02:19:27 Job submitted from host: <130.199.206.69:49450>
...
001 (1754941.000.000) 11/15 13:54:34 Job executing on host: <130.199.180.158:55404>
...
006 (1754941.000.000) 11/15 13:59:42 Image size of job updated: 284404
...
006 (1754941.000.000) 11/15 14:04:42 Image size of job updated: 286968
...
006 (1754941.000.000) 11/15 14:09:42 Image size of job updated: 287648
...
006 (1754941.000.000) 11/15 14:19:42 Image size of job updated: 288280
...
006 (1754941.000.000) 11/15 14:29:42 Image size of job updated: 288536
...
006 (1754941.000.000) 11/15 14:34:42 Image size of job updated: 288756
...
006 (1754941.000.000) 11/15 14:39:42 Image size of job updated: 290644
...
006 (1754941.000.000) 11/15 14:44:42 Image size of job updated: 292832
...
006 (1754941.000.000) 11/15 14:49:42 Image size of job updated: 293024
...
006 (1754941.000.000) 11/15 14:54:42 Image size of job updated: 293832
...
006 (1754941.000.000) 11/15 15:04:42 Image size of job updated: 293980
...
006 (1754941.000.000) 11/15 15:09:42 Image size of job updated: 294496
...
006 (1754941.000.000) 11/15 15:29:42 Image size of job updated: 294584
...
006 (1754941.000.000) 11/15 15:44:42 Image size of job updated: 295292
...
006 (1754941.000.000) 11/15 15:54:42 Image size of job updated: 295476
...
006 (1754941.000.000) 11/15 15:59:42 Image size of job updated: 296104
...
006 (1754941.000.000) 11/15 16:09:42 Image size of job updated: 296760
...
005 (1754941.000.000) 11/15 16:15:53 Job terminated.
	(1) Normal termination (return value 0)
		Usr 0 01:46:17, Sys 0 00:01:14  -  Run Remote Usage
		Usr 0 00:00:00, Sys 0 00:00:00  -  Run Local Usage
		Usr 0 01:46:17, Sys 0 00:01:14  -  Total Remote Usage
		Usr 0 00:00:00, Sys 0 00:00:00  -  Total Local Usage
	0  -  Run Bytes Sent By Job
	0  -  Run Bytes Received By Job
	0  -  Total Bytes Sent By Job
	0  -  Total Bytes Received By Job
...
