000 (1754330.000.000) 11/14 02:18:07 Job submitted from host: <130.199.206.69:49450>
...
001 (1754330.000.000) 11/14 05:23:56 Job executing on host: <130.199.180.165:47530>
...
006 (1754330.000.000) 11/14 05:24:04 Image size of job updated: 175564
...
006 (1754330.000.000) 11/14 05:29:04 Image size of job updated: 285284
...
006 (1754330.000.000) 11/14 05:34:04 Image size of job updated: 286652
...
006 (1754330.000.000) 11/14 05:49:04 Image size of job updated: 287796
...
006 (1754330.000.000) 11/14 05:54:04 Image size of job updated: 288672
...
006 (1754330.000.000) 11/14 05:59:04 Image size of job updated: 291640
...
006 (1754330.000.000) 11/14 06:04:05 Image size of job updated: 292844
...
006 (1754330.000.000) 11/14 06:09:06 Image size of job updated: 294012
...
006 (1754330.000.000) 11/14 06:14:07 Image size of job updated: 294572
...
006 (1754330.000.000) 11/14 06:19:08 Image size of job updated: 294892
...
006 (1754330.000.000) 11/14 06:34:11 Image size of job updated: 294912
...
006 (1754330.000.000) 11/14 06:39:12 Image size of job updated: 296100
...
006 (1754330.000.000) 11/14 06:44:13 Image size of job updated: 296740
...
005 (1754330.000.000) 11/14 06:58:35 Job terminated.
	(1) Normal termination (return value 0)
		Usr 0 01:27:08, Sys 0 00:00:50  -  Run Remote Usage
		Usr 0 00:00:00, Sys 0 00:00:00  -  Run Local Usage
		Usr 0 01:27:08, Sys 0 00:00:50  -  Total Remote Usage
		Usr 0 00:00:00, Sys 0 00:00:00  -  Total Local Usage
	0  -  Run Bytes Sent By Job
	0  -  Run Bytes Received By Job
	0  -  Total Bytes Sent By Job
	0  -  Total Bytes Received By Job
...
