000 (1754211.000.000) 11/14 02:17:52 Job submitted from host: <130.199.206.69:49450>
...
001 (1754211.000.000) 11/14 06:42:16 Job executing on host: <130.199.180.170:47912>
...
006 (1754211.000.000) 11/14 06:42:25 Image size of job updated: 174324
...
006 (1754211.000.000) 11/14 06:47:26 Image size of job updated: 282088
...
006 (1754211.000.000) 11/14 06:52:27 Image size of job updated: 283968
...
006 (1754211.000.000) 11/14 06:57:28 Image size of job updated: 284416
...
006 (1754211.000.000) 11/14 07:07:29 Image size of job updated: 286248
...
006 (1754211.000.000) 11/14 07:12:29 Image size of job updated: 287336
...
006 (1754211.000.000) 11/14 07:17:29 Image size of job updated: 290928
...
006 (1754211.000.000) 11/14 07:22:29 Image size of job updated: 293644
...
006 (1754211.000.000) 11/14 07:27:29 Image size of job updated: 293816
...
006 (1754211.000.000) 11/14 07:32:29 Image size of job updated: 294300
...
006 (1754211.000.000) 11/14 07:37:29 Image size of job updated: 294768
...
006 (1754211.000.000) 11/14 07:52:29 Image size of job updated: 295028
...
006 (1754211.000.000) 11/14 08:07:29 Image size of job updated: 298192
...
006 (1754211.000.000) 11/14 08:22:29 Image size of job updated: 298620
...
006 (1754211.000.000) 11/14 08:27:29 Image size of job updated: 299032
...
006 (1754211.000.000) 11/14 08:32:29 Image size of job updated: 299244
...
006 (1754211.000.000) 11/14 08:47:29 Image size of job updated: 299728
...
006 (1754211.000.000) 11/14 09:12:29 Image size of job updated: 299808
...
006 (1754211.000.000) 11/14 09:42:29 Image size of job updated: 300696
...
006 (1754211.000.000) 11/14 09:57:29 Image size of job updated: 301140
...
005 (1754211.000.000) 11/14 10:02:25 Job terminated.
	(1) Normal termination (return value 0)
		Usr 0 03:04:55, Sys 0 00:01:34  -  Run Remote Usage
		Usr 0 00:00:00, Sys 0 00:00:00  -  Run Local Usage
		Usr 0 03:04:55, Sys 0 00:01:34  -  Total Remote Usage
		Usr 0 00:00:00, Sys 0 00:00:00  -  Total Local Usage
	0  -  Run Bytes Sent By Job
	0  -  Run Bytes Received By Job
	0  -  Total Bytes Sent By Job
	0  -  Total Bytes Received By Job
...
