000 (1755018.000.000) 11/14 02:19:38 Job submitted from host: <130.199.206.69:49450>
...
001 (1755018.000.000) 11/15 11:40:32 Job executing on host: <130.199.183.28:53536>
...
006 (1755018.000.000) 11/15 11:40:40 Image size of job updated: 214280
...
006 (1755018.000.000) 11/15 11:45:40 Image size of job updated: 280976
...
006 (1755018.000.000) 11/15 11:50:40 Image size of job updated: 285308
...
006 (1755018.000.000) 11/15 11:55:40 Image size of job updated: 286104
...
006 (1755018.000.000) 11/15 12:00:40 Image size of job updated: 287304
...
006 (1755018.000.000) 11/15 12:15:40 Image size of job updated: 290236
...
006 (1755018.000.000) 11/15 12:20:40 Image size of job updated: 292964
...
006 (1755018.000.000) 11/15 12:25:40 Image size of job updated: 293116
...
006 (1755018.000.000) 11/15 12:30:40 Image size of job updated: 293404
...
006 (1755018.000.000) 11/15 12:40:40 Image size of job updated: 293772
...
006 (1755018.000.000) 11/15 12:50:41 Image size of job updated: 294264
...
006 (1755018.000.000) 11/15 13:00:43 Image size of job updated: 294276
...
006 (1755018.000.000) 11/15 13:40:51 Image size of job updated: 312552
...
006 (1755018.000.000) 11/15 13:45:52 Image size of job updated: 324840
...
006 (1755018.000.000) 11/15 13:50:53 Image size of job updated: 335080
...
006 (1755018.000.000) 11/15 13:55:54 Image size of job updated: 338152
...
006 (1755018.000.000) 11/15 14:00:55 Image size of job updated: 339176
...
006 (1755018.000.000) 11/15 14:05:56 Image size of job updated: 341392
...
006 (1755018.000.000) 11/15 14:10:57 Image size of job updated: 343440
...
006 (1755018.000.000) 11/15 14:15:58 Image size of job updated: 343548
...
006 (1755018.000.000) 11/15 14:20:59 Image size of job updated: 344572
...
006 (1755018.000.000) 11/15 14:31:01 Image size of job updated: 345596
...
006 (1755018.000.000) 11/15 15:01:07 Image size of job updated: 346620
...
005 (1755018.000.000) 11/15 15:04:18 Job terminated.
	(1) Normal termination (return value 0)
		Usr 0 02:49:03, Sys 0 00:01:19  -  Run Remote Usage
		Usr 0 00:00:00, Sys 0 00:00:00  -  Run Local Usage
		Usr 0 02:49:03, Sys 0 00:01:19  -  Total Remote Usage
		Usr 0 00:00:00, Sys 0 00:00:00  -  Total Local Usage
	0  -  Run Bytes Sent By Job
	0  -  Run Bytes Received By Job
	0  -  Total Bytes Sent By Job
	0  -  Total Bytes Received By Job
...
