000 (1753561.000.000) 11/14 02:15:48 Job submitted from host: <130.199.206.69:49450>
...
001 (1753561.000.000) 11/14 05:23:33 Job executing on host: <130.199.180.170:47912>
...
006 (1753561.000.000) 11/14 05:23:41 Image size of job updated: 8824
...
006 (1753561.000.000) 11/14 05:28:41 Image size of job updated: 280796
...
006 (1753561.000.000) 11/14 05:33:41 Image size of job updated: 282192
...
006 (1753561.000.000) 11/14 05:38:41 Image size of job updated: 289192
...
006 (1753561.000.000) 11/14 05:43:41 Image size of job updated: 290696
...
006 (1753561.000.000) 11/14 05:48:41 Image size of job updated: 292188
...
006 (1753561.000.000) 11/14 05:53:41 Image size of job updated: 292368
...
006 (1753561.000.000) 11/14 05:58:41 Image size of job updated: 293364
...
006 (1753561.000.000) 11/14 06:03:41 Image size of job updated: 294208
...
006 (1753561.000.000) 11/14 06:08:41 Image size of job updated: 295732
...
006 (1753561.000.000) 11/14 06:13:41 Image size of job updated: 297568
...
006 (1753561.000.000) 11/14 06:23:41 Image size of job updated: 297764
...
006 (1753561.000.000) 11/14 06:38:41 Image size of job updated: 297900
...
006 (1753561.000.000) 11/14 07:13:43 Image size of job updated: 299056
...
005 (1753561.000.000) 11/14 07:23:22 Job terminated.
	(1) Normal termination (return value 0)
		Usr 0 01:50:41, Sys 0 00:00:44  -  Run Remote Usage
		Usr 0 00:00:00, Sys 0 00:00:00  -  Run Local Usage
		Usr 0 01:50:41, Sys 0 00:00:44  -  Total Remote Usage
		Usr 0 00:00:00, Sys 0 00:00:00  -  Total Local Usage
	0  -  Run Bytes Sent By Job
	0  -  Run Bytes Received By Job
	0  -  Total Bytes Sent By Job
	0  -  Total Bytes Received By Job
...
