000 (1754270.000.000) 11/14 02:17:52 Job submitted from host: <130.199.206.69:49450>
...
001 (1754270.000.000) 11/14 06:14:07 Job executing on host: <130.199.180.144:40361>
...
006 (1754270.000.000) 11/14 06:19:15 Image size of job updated: 282320
...
006 (1754270.000.000) 11/14 06:24:15 Image size of job updated: 283512
...
006 (1754270.000.000) 11/14 06:29:15 Image size of job updated: 290080
...
006 (1754270.000.000) 11/14 06:34:15 Image size of job updated: 291276
...
006 (1754270.000.000) 11/14 06:39:15 Image size of job updated: 291488
...
006 (1754270.000.000) 11/14 06:44:15 Image size of job updated: 292168
...
006 (1754270.000.000) 11/14 06:49:15 Image size of job updated: 293100
...
006 (1754270.000.000) 11/14 06:54:15 Image size of job updated: 296716
...
006 (1754270.000.000) 11/14 06:59:15 Image size of job updated: 296984
...
006 (1754270.000.000) 11/14 07:14:15 Image size of job updated: 297052
...
006 (1754270.000.000) 11/14 07:19:15 Image size of job updated: 298540
...
006 (1754270.000.000) 11/14 07:24:15 Image size of job updated: 298604
...
006 (1754270.000.000) 11/14 07:49:15 Image size of job updated: 299252
...
006 (1754270.000.000) 11/14 08:24:15 Image size of job updated: 300020
...
005 (1754270.000.000) 11/14 08:25:16 Job terminated.
	(1) Normal termination (return value 0)
		Usr 0 01:59:53, Sys 0 00:00:41  -  Run Remote Usage
		Usr 0 00:00:00, Sys 0 00:00:00  -  Run Local Usage
		Usr 0 01:59:53, Sys 0 00:00:41  -  Total Remote Usage
		Usr 0 00:00:00, Sys 0 00:00:00  -  Total Local Usage
	0  -  Run Bytes Sent By Job
	0  -  Run Bytes Received By Job
	0  -  Total Bytes Sent By Job
	0  -  Total Bytes Received By Job
...
