000 (1753472.000.000) 11/14 02:15:48 Job submitted from host: <130.199.206.69:49450>
...
001 (1753472.000.000) 11/14 07:36:48 Job executing on host: <130.199.180.159:36980>
...
006 (1753472.000.000) 11/14 07:41:56 Image size of job updated: 282556
...
006 (1753472.000.000) 11/14 07:46:56 Image size of job updated: 283780
...
006 (1753472.000.000) 11/14 07:56:56 Image size of job updated: 286936
...
006 (1753472.000.000) 11/14 08:01:56 Image size of job updated: 287256
...
006 (1753472.000.000) 11/14 08:06:56 Image size of job updated: 289120
...
006 (1753472.000.000) 11/14 08:16:56 Image size of job updated: 292064
...
006 (1753472.000.000) 11/14 08:21:56 Image size of job updated: 293740
...
006 (1753472.000.000) 11/14 08:46:56 Image size of job updated: 293840
...
006 (1753472.000.000) 11/14 08:51:56 Image size of job updated: 294220
...
006 (1753472.000.000) 11/14 08:56:56 Image size of job updated: 294872
...
006 (1753472.000.000) 11/14 09:31:56 Image size of job updated: 295504
...
006 (1753472.000.000) 11/14 09:36:56 Image size of job updated: 296372
...
005 (1753472.000.000) 11/14 10:49:45 Job terminated.
	(1) Normal termination (return value 0)
		Usr 0 02:52:09, Sys 0 00:01:25  -  Run Remote Usage
		Usr 0 00:00:00, Sys 0 00:00:00  -  Run Local Usage
		Usr 0 02:52:09, Sys 0 00:01:25  -  Total Remote Usage
		Usr 0 00:00:00, Sys 0 00:00:00  -  Total Local Usage
	0  -  Run Bytes Sent By Job
	0  -  Run Bytes Received By Job
	0  -  Total Bytes Sent By Job
	0  -  Total Bytes Received By Job
...
