000 (1754825.000.000) 11/14 02:19:12 Job submitted from host: <130.199.206.69:49450>
...
001 (1754825.000.000) 11/14 13:07:25 Job executing on host: <130.199.183.17:52518>
...
006 (1754825.000.000) 11/14 13:07:33 Image size of job updated: 173668
...
006 (1754825.000.000) 11/14 13:12:33 Image size of job updated: 290544
...
006 (1754825.000.000) 11/14 13:17:33 Image size of job updated: 292100
...
006 (1754825.000.000) 11/14 13:22:33 Image size of job updated: 292532
...
006 (1754825.000.000) 11/14 13:32:33 Image size of job updated: 293428
...
006 (1754825.000.000) 11/14 13:37:33 Image size of job updated: 293936
...
006 (1754825.000.000) 11/14 13:47:33 Image size of job updated: 296052
...
006 (1754825.000.000) 11/14 13:57:33 Image size of job updated: 296476
...
006 (1754825.000.000) 11/14 14:02:33 Image size of job updated: 296816
...
006 (1754825.000.000) 11/14 14:32:33 Image size of job updated: 297232
...
006 (1754825.000.000) 11/14 14:42:33 Image size of job updated: 297332
...
006 (1754825.000.000) 11/14 14:47:33 Image size of job updated: 298272
...
006 (1754825.000.000) 11/14 14:52:33 Image size of job updated: 298400
...
006 (1754825.000.000) 11/14 14:57:33 Image size of job updated: 299988
...
006 (1754825.000.000) 11/14 15:17:35 Image size of job updated: 300076
...
006 (1754825.000.000) 11/14 15:22:36 Image size of job updated: 300680
...
006 (1754825.000.000) 11/14 15:27:37 Image size of job updated: 321844
...
006 (1754825.000.000) 11/14 15:32:38 Image size of job updated: 340276
...
005 (1754825.000.000) 11/14 15:33:14 Job terminated.
	(1) Normal termination (return value 0)
		Usr 0 02:14:50, Sys 0 00:00:54  -  Run Remote Usage
		Usr 0 00:00:00, Sys 0 00:00:00  -  Run Local Usage
		Usr 0 02:14:50, Sys 0 00:00:54  -  Total Remote Usage
		Usr 0 00:00:00, Sys 0 00:00:00  -  Total Local Usage
	0  -  Run Bytes Sent By Job
	0  -  Run Bytes Received By Job
	0  -  Total Bytes Sent By Job
	0  -  Total Bytes Received By Job
...
