000 (1753382.000.000) 11/14 02:14:53 Job submitted from host: <130.199.206.69:49450>
...
001 (1753382.000.000) 11/14 05:10:19 Job executing on host: <130.199.183.14:48158>
...
006 (1753382.000.000) 11/14 05:15:29 Image size of job updated: 283544
...
006 (1753382.000.000) 11/14 05:20:30 Image size of job updated: 285912
...
006 (1753382.000.000) 11/14 05:25:31 Image size of job updated: 286888
...
006 (1753382.000.000) 11/14 05:50:36 Image size of job updated: 287692
...
006 (1753382.000.000) 11/14 06:15:41 Image size of job updated: 287836
...
006 (1753382.000.000) 11/14 06:25:43 Image size of job updated: 289832
...
006 (1753382.000.000) 11/14 06:30:44 Image size of job updated: 289960
...
006 (1753382.000.000) 11/14 06:35:45 Image size of job updated: 291508
...
006 (1753382.000.000) 11/14 06:40:46 Image size of job updated: 291572
...
006 (1753382.000.000) 11/14 06:45:47 Image size of job updated: 291992
...
006 (1753382.000.000) 11/14 06:55:49 Image size of job updated: 292380
...
006 (1753382.000.000) 11/14 07:00:50 Image size of job updated: 292804
...
006 (1753382.000.000) 11/14 07:05:51 Image size of job updated: 292876
...
006 (1753382.000.000) 11/14 07:10:52 Image size of job updated: 293060
...
006 (1753382.000.000) 11/14 07:15:52 Image size of job updated: 293872
...
006 (1753382.000.000) 11/14 07:20:52 Image size of job updated: 294060
...
006 (1753382.000.000) 11/14 07:30:52 Image size of job updated: 294848
...
006 (1753382.000.000) 11/14 07:35:52 Image size of job updated: 326024
...
006 (1753382.000.000) 11/14 07:40:52 Image size of job updated: 335240
...
006 (1753382.000.000) 11/14 07:45:52 Image size of job updated: 338312
...
006 (1753382.000.000) 11/14 07:50:52 Image size of job updated: 339336
...
006 (1753382.000.000) 11/14 07:55:52 Image size of job updated: 340360
...
006 (1753382.000.000) 11/14 08:10:52 Image size of job updated: 341384
...
006 (1753382.000.000) 11/14 08:15:52 Image size of job updated: 342408
...
006 (1753382.000.000) 11/14 08:20:52 Image size of job updated: 343432
...
006 (1753382.000.000) 11/14 08:45:52 Image size of job updated: 344456
...
006 (1753382.000.000) 11/14 08:55:52 Image size of job updated: 345480
...
005 (1753382.000.000) 11/14 09:15:23 Job terminated.
	(1) Normal termination (return value 0)
		Usr 0 03:13:10, Sys 0 00:01:28  -  Run Remote Usage
		Usr 0 00:00:00, Sys 0 00:00:00  -  Run Local Usage
		Usr 0 03:13:10, Sys 0 00:01:28  -  Total Remote Usage
		Usr 0 00:00:00, Sys 0 00:00:00  -  Total Local Usage
	0  -  Run Bytes Sent By Job
	0  -  Run Bytes Received By Job
	0  -  Total Bytes Sent By Job
	0  -  Total Bytes Received By Job
...
