000 (1753852.000.000) 11/14 02:16:47 Job submitted from host: <130.199.206.69:49450>
...
001 (1753852.000.000) 11/14 08:07:32 Job executing on host: <130.199.206.147:43911>
...
006 (1753852.000.000) 11/14 08:07:41 Image size of job updated: 8820
...
006 (1753852.000.000) 11/14 08:12:42 Image size of job updated: 283664
...
006 (1753852.000.000) 11/14 08:17:43 Image size of job updated: 285572
...
006 (1753852.000.000) 11/14 08:27:43 Image size of job updated: 285960
...
006 (1753852.000.000) 11/14 08:32:43 Image size of job updated: 286892
...
006 (1753852.000.000) 11/14 08:37:43 Image size of job updated: 287020
...
006 (1753852.000.000) 11/14 08:47:43 Image size of job updated: 287680
...
006 (1753852.000.000) 11/14 08:52:43 Image size of job updated: 290232
...
006 (1753852.000.000) 11/14 08:57:43 Image size of job updated: 291200
...
006 (1753852.000.000) 11/14 09:07:43 Image size of job updated: 291676
...
006 (1753852.000.000) 11/14 09:17:44 Image size of job updated: 293324
...
006 (1753852.000.000) 11/14 09:22:45 Image size of job updated: 293384
...
006 (1753852.000.000) 11/14 09:27:46 Image size of job updated: 308120
...
006 (1753852.000.000) 11/14 09:32:47 Image size of job updated: 325528
...
006 (1753852.000.000) 11/14 09:37:48 Image size of job updated: 328600
...
006 (1753852.000.000) 11/14 09:42:49 Image size of job updated: 336792
...
006 (1753852.000.000) 11/14 09:47:50 Image size of job updated: 338840
...
006 (1753852.000.000) 11/14 09:52:51 Image size of job updated: 339864
...
006 (1753852.000.000) 11/14 09:57:52 Image size of job updated: 341912
...
006 (1753852.000.000) 11/14 10:47:54 Image size of job updated: 342608
...
006 (1753852.000.000) 11/14 10:52:54 Image size of job updated: 343632
...
006 (1753852.000.000) 11/14 11:38:01 Image size of job updated: 344656
...
005 (1753852.000.000) 11/14 11:56:43 Job terminated.
	(1) Normal termination (return value 0)
		Usr 0 03:34:01, Sys 0 00:00:59  -  Run Remote Usage
		Usr 0 00:00:00, Sys 0 00:00:00  -  Run Local Usage
		Usr 0 03:34:01, Sys 0 00:00:59  -  Total Remote Usage
		Usr 0 00:00:00, Sys 0 00:00:00  -  Total Local Usage
	0  -  Run Bytes Sent By Job
	0  -  Run Bytes Received By Job
	0  -  Total Bytes Sent By Job
	0  -  Total Bytes Received By Job
...
