000 (1755020.000.000) 11/14 02:19:38 Job submitted from host: <130.199.206.69:49450>
...
001 (1755020.000.000) 11/15 11:40:13 Job executing on host: <130.199.183.19:35289>
...
006 (1755020.000.000) 11/15 11:40:22 Image size of job updated: 40164
...
006 (1755020.000.000) 11/15 11:45:23 Image size of job updated: 283312
...
006 (1755020.000.000) 11/15 11:50:24 Image size of job updated: 285180
...
006 (1755020.000.000) 11/15 11:55:25 Image size of job updated: 288004
...
006 (1755020.000.000) 11/15 12:00:26 Image size of job updated: 321424
...
006 (1755020.000.000) 11/15 12:05:27 Image size of job updated: 328592
...
006 (1755020.000.000) 11/15 12:20:30 Image size of job updated: 330636
...
006 (1755020.000.000) 11/15 12:25:31 Image size of job updated: 332684
...
006 (1755020.000.000) 11/15 12:30:32 Image size of job updated: 333708
...
006 (1755020.000.000) 11/15 12:40:34 Image size of job updated: 334732
...
006 (1755020.000.000) 11/15 12:45:35 Image size of job updated: 335756
...
006 (1755020.000.000) 11/15 12:50:36 Image size of job updated: 336780
...
006 (1755020.000.000) 11/15 13:10:40 Image size of job updated: 337804
...
006 (1755020.000.000) 11/15 13:20:42 Image size of job updated: 338828
...
006 (1755020.000.000) 11/15 13:30:44 Image size of job updated: 340880
...
006 (1755020.000.000) 11/15 13:40:46 Image size of job updated: 341904
...
006 (1755020.000.000) 11/15 13:45:47 Image size of job updated: 342928
...
006 (1755020.000.000) 11/15 14:15:53 Image size of job updated: 343952
...
005 (1755020.000.000) 11/15 14:24:03 Job terminated.
	(1) Normal termination (return value 0)
		Usr 0 02:21:20, Sys 0 00:01:22  -  Run Remote Usage
		Usr 0 00:00:00, Sys 0 00:00:00  -  Run Local Usage
		Usr 0 02:21:20, Sys 0 00:01:22  -  Total Remote Usage
		Usr 0 00:00:00, Sys 0 00:00:00  -  Total Local Usage
	0  -  Run Bytes Sent By Job
	0  -  Run Bytes Received By Job
	0  -  Total Bytes Sent By Job
	0  -  Total Bytes Received By Job
...
