000 (1754441.000.000) 11/14 02:18:20 Job submitted from host: <130.199.206.69:49450>
...
001 (1754441.000.000) 11/14 05:49:49 Job executing on host: <130.199.180.154:33428>
...
006 (1754441.000.000) 11/14 05:49:58 Image size of job updated: 173648
...
006 (1754441.000.000) 11/14 05:54:59 Image size of job updated: 284388
...
006 (1754441.000.000) 11/14 06:00:00 Image size of job updated: 286508
...
006 (1754441.000.000) 11/14 06:15:03 Image size of job updated: 287592
...
006 (1754441.000.000) 11/14 06:20:04 Image size of job updated: 288864
...
006 (1754441.000.000) 11/14 06:25:05 Image size of job updated: 289224
...
006 (1754441.000.000) 11/14 06:35:07 Image size of job updated: 290628
...
006 (1754441.000.000) 11/14 06:40:08 Image size of job updated: 290632
...
006 (1754441.000.000) 11/14 06:45:09 Image size of job updated: 291432
...
006 (1754441.000.000) 11/14 06:50:10 Image size of job updated: 291496
...
006 (1754441.000.000) 11/14 06:55:11 Image size of job updated: 291560
...
006 (1754441.000.000) 11/14 07:00:12 Image size of job updated: 292424
...
006 (1754441.000.000) 11/14 07:05:13 Image size of job updated: 293564
...
006 (1754441.000.000) 11/14 07:15:15 Image size of job updated: 295220
...
006 (1754441.000.000) 11/14 08:05:25 Image size of job updated: 295904
...
006 (1754441.000.000) 11/14 08:35:31 Image size of job updated: 308500
...
006 (1754441.000.000) 11/14 08:40:32 Image size of job updated: 318740
...
006 (1754441.000.000) 11/14 08:45:33 Image size of job updated: 325908
...
006 (1754441.000.000) 11/14 08:50:34 Image size of job updated: 335124
...
006 (1754441.000.000) 11/14 08:55:35 Image size of job updated: 338196
...
006 (1754441.000.000) 11/14 09:00:36 Image size of job updated: 339220
...
006 (1754441.000.000) 11/14 09:05:37 Image size of job updated: 340244
...
006 (1754441.000.000) 11/14 09:40:44 Image size of job updated: 341268
...
006 (1754441.000.000) 11/14 09:45:45 Image size of job updated: 342292
...
006 (1754441.000.000) 11/14 09:50:46 Image size of job updated: 343316
...
006 (1754441.000.000) 11/14 09:55:47 Image size of job updated: 343748
...
006 (1754441.000.000) 11/14 10:10:50 Image size of job updated: 344772
...
005 (1754441.000.000) 11/14 10:31:50 Job terminated.
	(1) Normal termination (return value 0)
		Usr 0 04:20:48, Sys 0 00:01:55  -  Run Remote Usage
		Usr 0 00:00:00, Sys 0 00:00:00  -  Run Local Usage
		Usr 0 04:20:48, Sys 0 00:01:55  -  Total Remote Usage
		Usr 0 00:00:00, Sys 0 00:00:00  -  Total Local Usage
	0  -  Run Bytes Sent By Job
	0  -  Run Bytes Received By Job
	0  -  Total Bytes Sent By Job
	0  -  Total Bytes Received By Job
...
