000 (1754029.000.000) 11/14 02:17:22 Job submitted from host: <130.199.206.69:49450>
...
001 (1754029.000.000) 11/14 05:48:02 Job executing on host: <130.199.183.30:49801>
...
006 (1754029.000.000) 11/14 05:48:11 Image size of job updated: 173944
...
006 (1754029.000.000) 11/14 05:53:12 Image size of job updated: 281776
...
006 (1754029.000.000) 11/14 05:58:13 Image size of job updated: 283884
...
006 (1754029.000.000) 11/14 06:03:14 Image size of job updated: 290816
...
006 (1754029.000.000) 11/14 06:08:15 Image size of job updated: 292452
...
006 (1754029.000.000) 11/14 06:13:16 Image size of job updated: 293344
...
005 (1754029.000.000) 11/14 06:18:50 Job terminated.
	(1) Normal termination (return value 0)
		Usr 0 00:28:11, Sys 0 00:00:16  -  Run Remote Usage
		Usr 0 00:00:00, Sys 0 00:00:00  -  Run Local Usage
		Usr 0 00:28:11, Sys 0 00:00:16  -  Total Remote Usage
		Usr 0 00:00:00, Sys 0 00:00:00  -  Total Local Usage
	0  -  Run Bytes Sent By Job
	0  -  Run Bytes Received By Job
	0  -  Total Bytes Sent By Job
	0  -  Total Bytes Received By Job
...
