000 (1755244.000.000) 11/14 02:19:54 Job submitted from host: <130.199.206.69:49450>
...
001 (1755244.000.000) 11/15 12:25:48 Job executing on host: <130.199.206.186:51945>
...
006 (1755244.000.000) 11/15 12:25:57 Image size of job updated: 173804
...
006 (1755244.000.000) 11/15 12:30:58 Image size of job updated: 287728
...
006 (1755244.000.000) 11/15 12:41:00 Image size of job updated: 288208
...
006 (1755244.000.000) 11/15 12:46:01 Image size of job updated: 288332
...
006 (1755244.000.000) 11/15 12:51:02 Image size of job updated: 291300
...
005 (1755244.000.000) 11/15 12:55:18 Job terminated.
	(1) Normal termination (return value 0)
		Usr 0 00:26:25, Sys 0 00:00:07  -  Run Remote Usage
		Usr 0 00:00:00, Sys 0 00:00:00  -  Run Local Usage
		Usr 0 00:26:25, Sys 0 00:00:07  -  Total Remote Usage
		Usr 0 00:00:00, Sys 0 00:00:00  -  Total Local Usage
	0  -  Run Bytes Sent By Job
	0  -  Run Bytes Received By Job
	0  -  Total Bytes Sent By Job
	0  -  Total Bytes Received By Job
...
