000 (1754115.000.000) 11/14 02:17:37 Job submitted from host: <130.199.206.69:49450>
...
001 (1754115.000.000) 11/14 07:22:54 Job executing on host: <130.199.183.19:35289>
...
006 (1754115.000.000) 11/14 07:28:02 Image size of job updated: 283832
...
006 (1754115.000.000) 11/14 07:33:02 Image size of job updated: 285084
...
006 (1754115.000.000) 11/14 07:38:02 Image size of job updated: 285724
...
006 (1754115.000.000) 11/14 07:43:02 Image size of job updated: 286360
...
006 (1754115.000.000) 11/14 07:48:02 Image size of job updated: 286680
...
006 (1754115.000.000) 11/14 07:53:02 Image size of job updated: 287008
...
006 (1754115.000.000) 11/14 07:58:02 Image size of job updated: 287048
...
006 (1754115.000.000) 11/14 08:03:02 Image size of job updated: 287988
...
006 (1754115.000.000) 11/14 08:08:02 Image size of job updated: 289224
...
006 (1754115.000.000) 11/14 08:13:02 Image size of job updated: 291672
...
006 (1754115.000.000) 11/14 08:18:02 Image size of job updated: 292096
...
006 (1754115.000.000) 11/14 08:28:02 Image size of job updated: 292688
...
006 (1754115.000.000) 11/14 08:33:02 Image size of job updated: 293244
...
006 (1754115.000.000) 11/14 09:08:02 Image size of job updated: 293984
...
006 (1754115.000.000) 11/14 09:18:02 Image size of job updated: 294296
...
006 (1754115.000.000) 11/14 09:43:02 Image size of job updated: 294312
...
006 (1754115.000.000) 11/14 09:48:02 Image size of job updated: 294716
...
006 (1754115.000.000) 11/14 10:03:02 Image size of job updated: 295056
...
006 (1754115.000.000) 11/14 10:23:04 Image size of job updated: 295132
...
006 (1754115.000.000) 11/14 10:33:06 Image size of job updated: 296808
...
006 (1754115.000.000) 11/14 10:43:08 Image size of job updated: 297384
...
005 (1754115.000.000) 11/14 10:55:11 Job terminated.
	(1) Normal termination (return value 0)
		Usr 0 03:12:15, Sys 0 00:01:07  -  Run Remote Usage
		Usr 0 00:00:00, Sys 0 00:00:00  -  Run Local Usage
		Usr 0 03:12:15, Sys 0 00:01:07  -  Total Remote Usage
		Usr 0 00:00:00, Sys 0 00:00:00  -  Total Local Usage
	0  -  Run Bytes Sent By Job
	0  -  Run Bytes Received By Job
	0  -  Total Bytes Sent By Job
	0  -  Total Bytes Received By Job
...
