000 (1753752.000.000) 11/14 02:16:28 Job submitted from host: <130.199.206.69:49450>
...
001 (1753752.000.000) 11/14 03:43:17 Job executing on host: <130.199.183.10:36128>
...
006 (1753752.000.000) 11/14 03:48:25 Image size of job updated: 307652
...
006 (1753752.000.000) 11/14 03:53:25 Image size of job updated: 323612
...
006 (1753752.000.000) 11/14 03:58:25 Image size of job updated: 326096
...
006 (1753752.000.000) 11/14 04:08:25 Image size of job updated: 327120
...
006 (1753752.000.000) 11/14 04:13:25 Image size of job updated: 328144
...
006 (1753752.000.000) 11/14 04:18:25 Image size of job updated: 329908
...
006 (1753752.000.000) 11/14 04:23:25 Image size of job updated: 332980
...
006 (1753752.000.000) 11/14 04:33:25 Image size of job updated: 334004
...
006 (1753752.000.000) 11/14 04:38:25 Image size of job updated: 335028
...
006 (1753752.000.000) 11/14 04:43:25 Image size of job updated: 336052
...
005 (1753752.000.000) 11/14 04:48:14 Job terminated.
	(1) Normal termination (return value 0)
		Usr 0 00:53:00, Sys 0 00:00:23  -  Run Remote Usage
		Usr 0 00:00:00, Sys 0 00:00:00  -  Run Local Usage
		Usr 0 00:53:00, Sys 0 00:00:23  -  Total Remote Usage
		Usr 0 00:00:00, Sys 0 00:00:00  -  Total Local Usage
	0  -  Run Bytes Sent By Job
	0  -  Run Bytes Received By Job
	0  -  Total Bytes Sent By Job
	0  -  Total Bytes Received By Job
...
