000 (1754602.000.000) 11/14 02:18:46 Job submitted from host: <130.199.206.69:49450>
...
001 (1754602.000.000) 11/14 05:36:42 Job executing on host: <130.199.206.95:39914>
...
006 (1754602.000.000) 11/14 05:41:50 Image size of job updated: 282208
...
006 (1754602.000.000) 11/14 05:46:50 Image size of job updated: 283760
...
006 (1754602.000.000) 11/14 06:01:50 Image size of job updated: 283876
...
006 (1754602.000.000) 11/14 06:06:50 Image size of job updated: 285824
...
006 (1754602.000.000) 11/14 06:21:50 Image size of job updated: 288192
...
006 (1754602.000.000) 11/14 06:26:50 Image size of job updated: 289308
...
006 (1754602.000.000) 11/14 06:31:50 Image size of job updated: 319256
...
006 (1754602.000.000) 11/14 06:36:51 Image size of job updated: 326424
...
006 (1754602.000.000) 11/14 06:41:52 Image size of job updated: 336672
...
006 (1754602.000.000) 11/14 06:46:53 Image size of job updated: 342816
...
005 (1754602.000.000) 11/14 06:51:30 Job terminated.
	(1) Normal termination (return value 0)
		Usr 0 01:09:55, Sys 0 00:00:28  -  Run Remote Usage
		Usr 0 00:00:00, Sys 0 00:00:00  -  Run Local Usage
		Usr 0 01:09:55, Sys 0 00:00:28  -  Total Remote Usage
		Usr 0 00:00:00, Sys 0 00:00:00  -  Total Local Usage
	0  -  Run Bytes Sent By Job
	0  -  Run Bytes Received By Job
	0  -  Total Bytes Sent By Job
	0  -  Total Bytes Received By Job
...
