000 (1755013.000.000) 11/14 02:19:38 Job submitted from host: <130.199.206.69:49450>
...
001 (1755013.000.000) 11/15 11:40:05 Job executing on host: <130.199.180.174:58974>
...
006 (1755013.000.000) 11/15 11:45:15 Image size of job updated: 326936
...
006 (1755013.000.000) 11/15 12:25:23 Image size of job updated: 327688
...
006 (1755013.000.000) 11/15 12:30:24 Image size of job updated: 329736
...
006 (1755013.000.000) 11/15 12:35:25 Image size of job updated: 333500
...
006 (1755013.000.000) 11/15 12:40:26 Image size of job updated: 335548
...
006 (1755013.000.000) 11/15 12:45:27 Image size of job updated: 336572
...
006 (1755013.000.000) 11/15 12:55:29 Image size of job updated: 337596
...
006 (1755013.000.000) 11/15 13:45:39 Image size of job updated: 338620
...
006 (1755013.000.000) 11/15 14:00:42 Image size of job updated: 339644
...
006 (1755013.000.000) 11/15 14:20:46 Image size of job updated: 340668
...
005 (1755013.000.000) 11/15 14:35:30 Job terminated.
	(1) Normal termination (return value 0)
		Usr 0 02:03:06, Sys 0 00:00:59  -  Run Remote Usage
		Usr 0 00:00:00, Sys 0 00:00:00  -  Run Local Usage
		Usr 0 02:03:06, Sys 0 00:00:59  -  Total Remote Usage
		Usr 0 00:00:00, Sys 0 00:00:00  -  Total Local Usage
	0  -  Run Bytes Sent By Job
	0  -  Run Bytes Received By Job
	0  -  Total Bytes Sent By Job
	0  -  Total Bytes Received By Job
...
