000 (1753475.000.000) 11/14 02:15:48 Job submitted from host: <130.199.206.69:49450>
...
001 (1753475.000.000) 11/14 07:37:42 Job executing on host: <130.199.183.16:34724>
...
006 (1753475.000.000) 11/14 07:37:51 Image size of job updated: 144172
...
006 (1753475.000.000) 11/14 07:42:52 Image size of job updated: 276868
...
006 (1753475.000.000) 11/14 07:47:53 Image size of job updated: 282060
...
005 (1753475.000.000) 11/14 07:51:12 Job terminated.
	(1) Normal termination (return value 0)
		Usr 0 00:11:54, Sys 0 00:00:16  -  Run Remote Usage
		Usr 0 00:00:00, Sys 0 00:00:00  -  Run Local Usage
		Usr 0 00:11:54, Sys 0 00:00:16  -  Total Remote Usage
		Usr 0 00:00:00, Sys 0 00:00:00  -  Total Local Usage
	0  -  Run Bytes Sent By Job
	0  -  Run Bytes Received By Job
	0  -  Total Bytes Sent By Job
	0  -  Total Bytes Received By Job
...
