000 (1754104.000.000) 11/14 02:17:37 Job submitted from host: <130.199.206.69:49450>
...
001 (1754104.000.000) 11/14 07:31:50 Job executing on host: <130.199.180.176:34913>
...
006 (1754104.000.000) 11/14 07:36:58 Image size of job updated: 284396
...
006 (1754104.000.000) 11/14 07:41:58 Image size of job updated: 285468
...
006 (1754104.000.000) 11/14 07:51:58 Image size of job updated: 286620
...
006 (1754104.000.000) 11/14 07:56:58 Image size of job updated: 287264
...
006 (1754104.000.000) 11/14 08:01:58 Image size of job updated: 287540
...
006 (1754104.000.000) 11/14 08:06:58 Image size of job updated: 288060
...
006 (1754104.000.000) 11/14 08:11:58 Image size of job updated: 290392
...
006 (1754104.000.000) 11/14 08:16:58 Image size of job updated: 290948
...
006 (1754104.000.000) 11/14 08:21:58 Image size of job updated: 292432
...
006 (1754104.000.000) 11/14 08:26:58 Image size of job updated: 293052
...
006 (1754104.000.000) 11/14 08:37:00 Image size of job updated: 294052
...
006 (1754104.000.000) 11/14 08:42:01 Image size of job updated: 294272
...
006 (1754104.000.000) 11/14 08:47:02 Image size of job updated: 294388
...
006 (1754104.000.000) 11/14 09:02:05 Image size of job updated: 296624
...
005 (1754104.000.000) 11/14 09:04:47 Job terminated.
	(1) Normal termination (return value 0)
		Usr 0 01:26:12, Sys 0 00:00:30  -  Run Remote Usage
		Usr 0 00:00:00, Sys 0 00:00:00  -  Run Local Usage
		Usr 0 01:26:12, Sys 0 00:00:30  -  Total Remote Usage
		Usr 0 00:00:00, Sys 0 00:00:00  -  Total Local Usage
	0  -  Run Bytes Sent By Job
	0  -  Run Bytes Received By Job
	0  -  Total Bytes Sent By Job
	0  -  Total Bytes Received By Job
...
