000 (1753414.000.000) 11/14 02:14:53 Job submitted from host: <130.199.206.69:49450>
...
001 (1753414.000.000) 11/14 04:29:18 Job executing on host: <130.199.180.143:49383>
...
006 (1753414.000.000) 11/14 04:29:27 Image size of job updated: 173780
...
006 (1753414.000.000) 11/14 04:34:28 Image size of job updated: 284500
...
006 (1753414.000.000) 11/14 04:39:29 Image size of job updated: 285260
...
006 (1753414.000.000) 11/14 04:44:30 Image size of job updated: 285952
...
006 (1753414.000.000) 11/14 04:49:31 Image size of job updated: 287524
...
006 (1753414.000.000) 11/14 04:54:31 Image size of job updated: 288624
...
006 (1753414.000.000) 11/14 05:04:31 Image size of job updated: 291280
...
006 (1753414.000.000) 11/14 05:09:31 Image size of job updated: 293584
...
006 (1753414.000.000) 11/14 05:19:31 Image size of job updated: 294276
...
006 (1753414.000.000) 11/14 05:24:31 Image size of job updated: 294504
...
006 (1753414.000.000) 11/14 05:59:31 Image size of job updated: 294520
...
006 (1753414.000.000) 11/14 06:04:31 Image size of job updated: 295304
...
006 (1753414.000.000) 11/14 06:29:31 Image size of job updated: 295420
...
006 (1753414.000.000) 11/14 06:34:31 Image size of job updated: 296068
...
006 (1753414.000.000) 11/14 06:49:31 Image size of job updated: 296148
...
006 (1753414.000.000) 11/14 07:09:31 Image size of job updated: 297328
...
006 (1753414.000.000) 11/14 07:19:31 Image size of job updated: 297680
...
006 (1753414.000.000) 11/14 07:29:31 Image size of job updated: 297784
...
005 (1753414.000.000) 11/14 08:36:22 Job terminated.
	(1) Normal termination (return value 0)
		Usr 0 03:40:55, Sys 0 00:01:53  -  Run Remote Usage
		Usr 0 00:00:00, Sys 0 00:00:00  -  Run Local Usage
		Usr 0 03:40:55, Sys 0 00:01:53  -  Total Remote Usage
		Usr 0 00:00:00, Sys 0 00:00:00  -  Total Local Usage
	0  -  Run Bytes Sent By Job
	0  -  Run Bytes Received By Job
	0  -  Total Bytes Sent By Job
	0  -  Total Bytes Received By Job
...
