000 (1754204.000.000) 11/14 02:17:52 Job submitted from host: <130.199.206.69:49450>
...
001 (1754204.000.000) 11/14 07:06:07 Job executing on host: <130.199.180.143:49383>
...
006 (1754204.000.000) 11/14 07:11:17 Image size of job updated: 283884
...
006 (1754204.000.000) 11/14 07:16:18 Image size of job updated: 286228
...
006 (1754204.000.000) 11/14 07:21:19 Image size of job updated: 286400
...
006 (1754204.000.000) 11/14 07:26:20 Image size of job updated: 286636
...
006 (1754204.000.000) 11/14 07:31:21 Image size of job updated: 287084
...
006 (1754204.000.000) 11/14 07:36:22 Image size of job updated: 288060
...
006 (1754204.000.000) 11/14 07:41:23 Image size of job updated: 288300
...
006 (1754204.000.000) 11/14 07:46:24 Image size of job updated: 290284
...
006 (1754204.000.000) 11/14 07:51:25 Image size of job updated: 291888
...
006 (1754204.000.000) 11/14 07:56:26 Image size of job updated: 291916
...
006 (1754204.000.000) 11/14 08:01:27 Image size of job updated: 292116
...
006 (1754204.000.000) 11/14 08:06:28 Image size of job updated: 293016
...
006 (1754204.000.000) 11/14 08:16:30 Image size of job updated: 293660
...
006 (1754204.000.000) 11/14 08:21:31 Image size of job updated: 294464
...
006 (1754204.000.000) 11/14 08:26:32 Image size of job updated: 294484
...
006 (1754204.000.000) 11/14 08:31:33 Image size of job updated: 295120
...
006 (1754204.000.000) 11/14 08:36:34 Image size of job updated: 295592
...
006 (1754204.000.000) 11/14 08:51:37 Image size of job updated: 295700
...
006 (1754204.000.000) 11/14 09:01:39 Image size of job updated: 320836
...
006 (1754204.000.000) 11/14 09:06:40 Image size of job updated: 335368
...
006 (1754204.000.000) 11/14 09:11:41 Image size of job updated: 336392
...
006 (1754204.000.000) 11/14 09:16:42 Image size of job updated: 340488
...
006 (1754204.000.000) 11/14 09:21:43 Image size of job updated: 341512
...
006 (1754204.000.000) 11/14 09:26:44 Image size of job updated: 342536
...
006 (1754204.000.000) 11/14 09:31:45 Image size of job updated: 343560
...
006 (1754204.000.000) 11/14 09:41:47 Image size of job updated: 345608
...
006 (1754204.000.000) 11/14 09:46:48 Image size of job updated: 346632
...
005 (1754204.000.000) 11/14 10:39:39 Job terminated.
	(1) Normal termination (return value 0)
		Usr 0 03:14:05, Sys 0 00:01:55  -  Run Remote Usage
		Usr 0 00:00:00, Sys 0 00:00:00  -  Run Local Usage
		Usr 0 03:14:05, Sys 0 00:01:55  -  Total Remote Usage
		Usr 0 00:00:00, Sys 0 00:00:00  -  Total Local Usage
	0  -  Run Bytes Sent By Job
	0  -  Run Bytes Received By Job
	0  -  Total Bytes Sent By Job
	0  -  Total Bytes Received By Job
...
