000 (1755188.000.000) 11/14 02:19:54 Job submitted from host: <130.199.206.69:49450>
...
001 (1755188.000.000) 11/15 12:10:41 Job executing on host: <130.199.206.140:54396>
...
006 (1755188.000.000) 11/15 12:15:49 Image size of job updated: 283984
...
006 (1755188.000.000) 11/15 12:20:49 Image size of job updated: 284892
...
006 (1755188.000.000) 11/15 12:25:49 Image size of job updated: 285916
...
006 (1755188.000.000) 11/15 12:30:49 Image size of job updated: 290020
...
006 (1755188.000.000) 11/15 12:40:49 Image size of job updated: 290300
...
006 (1755188.000.000) 11/15 12:45:50 Image size of job updated: 294416
...
006 (1755188.000.000) 11/15 12:55:52 Image size of job updated: 333816
...
006 (1755188.000.000) 11/15 13:00:53 Image size of job updated: 338936
...
006 (1755188.000.000) 11/15 13:10:55 Image size of job updated: 342008
...
006 (1755188.000.000) 11/15 13:20:57 Image size of job updated: 343032
...
006 (1755188.000.000) 11/15 13:36:00 Image size of job updated: 344056
...
006 (1755188.000.000) 11/15 14:31:03 Image size of job updated: 345080
...
005 (1755188.000.000) 11/15 15:03:08 Job terminated.
	(1) Normal termination (return value 0)
		Usr 0 02:34:52, Sys 0 00:00:28  -  Run Remote Usage
		Usr 0 00:00:00, Sys 0 00:00:00  -  Run Local Usage
		Usr 0 02:34:52, Sys 0 00:00:28  -  Total Remote Usage
		Usr 0 00:00:00, Sys 0 00:00:00  -  Total Local Usage
	0  -  Run Bytes Sent By Job
	0  -  Run Bytes Received By Job
	0  -  Total Bytes Sent By Job
	0  -  Total Bytes Received By Job
...
