000 (1755491.000.000) 11/14 02:20:17 Job submitted from host: <130.199.206.69:49450>
...
001 (1755491.000.000) 11/15 19:36:27 Job executing on host: <130.199.183.16:34724>
...
006 (1755491.000.000) 11/15 19:41:37 Image size of job updated: 280832
...
006 (1755491.000.000) 11/15 19:46:38 Image size of job updated: 283828
...
006 (1755491.000.000) 11/15 19:51:39 Image size of job updated: 286268
...
005 (1755491.000.000) 11/15 19:55:10 Job terminated.
	(1) Normal termination (return value 0)
		Usr 0 00:16:05, Sys 0 00:00:30  -  Run Remote Usage
		Usr 0 00:00:00, Sys 0 00:00:00  -  Run Local Usage
		Usr 0 00:16:05, Sys 0 00:00:30  -  Total Remote Usage
		Usr 0 00:00:00, Sys 0 00:00:00  -  Total Local Usage
	0  -  Run Bytes Sent By Job
	0  -  Run Bytes Received By Job
	0  -  Total Bytes Sent By Job
	0  -  Total Bytes Received By Job
...
