000 (1755098.000.000) 11/14 02:19:46 Job submitted from host: <130.199.206.69:49450>
...
001 (1755098.000.000) 11/15 18:31:08 Job executing on host: <130.199.183.20:45557>
...
006 (1755098.000.000) 11/15 18:36:18 Image size of job updated: 285440
...
006 (1755098.000.000) 11/15 18:41:19 Image size of job updated: 286512
...
006 (1755098.000.000) 11/15 18:46:20 Image size of job updated: 286536
...
006 (1755098.000.000) 11/15 18:56:22 Image size of job updated: 287760
...
006 (1755098.000.000) 11/15 19:06:24 Image size of job updated: 288884
...
006 (1755098.000.000) 11/15 19:11:25 Image size of job updated: 292448
...
006 (1755098.000.000) 11/15 19:26:28 Image size of job updated: 293520
...
006 (1755098.000.000) 11/15 19:41:31 Image size of job updated: 297624
...
006 (1755098.000.000) 11/15 20:01:35 Image size of job updated: 298472
...
006 (1755098.000.000) 11/15 20:06:36 Image size of job updated: 298556
...
006 (1755098.000.000) 11/15 20:16:38 Image size of job updated: 299360
...
006 (1755098.000.000) 11/15 20:21:39 Image size of job updated: 299708
...
006 (1755098.000.000) 11/15 20:36:42 Image size of job updated: 326164
...
006 (1755098.000.000) 11/15 20:41:43 Image size of job updated: 334356
...
006 (1755098.000.000) 11/15 20:46:44 Image size of job updated: 342548
...
006 (1755098.000.000) 11/15 21:06:48 Image size of job updated: 343572
...
006 (1755098.000.000) 11/15 21:11:49 Image size of job updated: 345620
...
006 (1755098.000.000) 11/15 21:16:50 Image size of job updated: 346644
...
005 (1755098.000.000) 11/15 21:23:28 Job terminated.
	(1) Normal termination (return value 0)
		Usr 0 02:30:30, Sys 0 00:01:20  -  Run Remote Usage
		Usr 0 00:00:00, Sys 0 00:00:00  -  Run Local Usage
		Usr 0 02:30:30, Sys 0 00:01:20  -  Total Remote Usage
		Usr 0 00:00:00, Sys 0 00:00:00  -  Total Local Usage
	0  -  Run Bytes Sent By Job
	0  -  Run Bytes Received By Job
	0  -  Total Bytes Sent By Job
	0  -  Total Bytes Received By Job
...
