000 (1755278.000.000) 11/14 02:20:03 Job submitted from host: <130.199.206.69:49450>
...
001 (1755278.000.000) 11/15 12:26:31 Job executing on host: <130.199.183.23:36199>
...
006 (1755278.000.000) 11/15 12:31:41 Image size of job updated: 285112
...
006 (1755278.000.000) 11/15 12:36:42 Image size of job updated: 286604
...
006 (1755278.000.000) 11/15 12:46:44 Image size of job updated: 287996
...
006 (1755278.000.000) 11/15 12:56:46 Image size of job updated: 290004
...
006 (1755278.000.000) 11/15 13:06:48 Image size of job updated: 291892
...
006 (1755278.000.000) 11/15 13:11:49 Image size of job updated: 292708
...
006 (1755278.000.000) 11/15 13:16:50 Image size of job updated: 292864
...
006 (1755278.000.000) 11/15 13:26:50 Image size of job updated: 293812
...
006 (1755278.000.000) 11/15 13:31:50 Image size of job updated: 294020
...
006 (1755278.000.000) 11/15 13:36:50 Image size of job updated: 294860
...
005 (1755278.000.000) 11/15 13:36:56 Job terminated.
	(1) Normal termination (return value 0)
		Usr 0 00:56:07, Sys 0 00:00:29  -  Run Remote Usage
		Usr 0 00:00:00, Sys 0 00:00:00  -  Run Local Usage
		Usr 0 00:56:07, Sys 0 00:00:29  -  Total Remote Usage
		Usr 0 00:00:00, Sys 0 00:00:00  -  Total Local Usage
	0  -  Run Bytes Sent By Job
	0  -  Run Bytes Received By Job
	0  -  Total Bytes Sent By Job
	0  -  Total Bytes Received By Job
...
