000 (1754945.000.000) 11/14 02:19:27 Job submitted from host: <130.199.206.69:49450>
...
001 (1754945.000.000) 11/15 15:03:46 Job executing on host: <130.199.183.13:48319>
...
006 (1754945.000.000) 11/15 15:08:56 Image size of job updated: 283568
...
006 (1754945.000.000) 11/15 15:13:57 Image size of job updated: 297208
...
006 (1754945.000.000) 11/15 15:18:58 Image size of job updated: 299496
...
005 (1754945.000.000) 11/15 15:21:56 Job terminated.
	(1) Normal termination (return value 0)
		Usr 0 00:13:10, Sys 0 00:00:06  -  Run Remote Usage
		Usr 0 00:00:00, Sys 0 00:00:00  -  Run Local Usage
		Usr 0 00:13:10, Sys 0 00:00:06  -  Total Remote Usage
		Usr 0 00:00:00, Sys 0 00:00:00  -  Total Local Usage
	0  -  Run Bytes Sent By Job
	0  -  Run Bytes Received By Job
	0  -  Total Bytes Sent By Job
	0  -  Total Bytes Received By Job
...
