000 (1754623.000.000) 11/14 02:18:46 Job submitted from host: <130.199.206.69:49450>
...
001 (1754623.000.000) 11/14 05:38:35 Job executing on host: <130.199.183.14:48158>
...
006 (1754623.000.000) 11/14 05:43:45 Image size of job updated: 284328
...
006 (1754623.000.000) 11/14 05:48:46 Image size of job updated: 286308
...
006 (1754623.000.000) 11/14 06:03:49 Image size of job updated: 286424
...
006 (1754623.000.000) 11/14 06:08:50 Image size of job updated: 287064
...
006 (1754623.000.000) 11/14 06:18:51 Image size of job updated: 288052
...
006 (1754623.000.000) 11/14 06:23:51 Image size of job updated: 288904
...
006 (1754623.000.000) 11/14 06:28:51 Image size of job updated: 289824
...
006 (1754623.000.000) 11/14 06:38:51 Image size of job updated: 290344
...
006 (1754623.000.000) 11/14 06:43:51 Image size of job updated: 291024
...
006 (1754623.000.000) 11/14 06:53:51 Image size of job updated: 291288
...
006 (1754623.000.000) 11/14 06:58:51 Image size of job updated: 291492
...
006 (1754623.000.000) 11/14 07:03:51 Image size of job updated: 291664
...
006 (1754623.000.000) 11/14 07:08:51 Image size of job updated: 292036
...
006 (1754623.000.000) 11/14 07:13:51 Image size of job updated: 300244
...
005 (1754623.000.000) 11/14 07:17:33 Job terminated.
	(1) Normal termination (return value 0)
		Usr 0 01:27:01, Sys 0 00:00:44  -  Run Remote Usage
		Usr 0 00:00:00, Sys 0 00:00:00  -  Run Local Usage
		Usr 0 01:27:01, Sys 0 00:00:44  -  Total Remote Usage
		Usr 0 00:00:00, Sys 0 00:00:00  -  Total Local Usage
	0  -  Run Bytes Sent By Job
	0  -  Run Bytes Received By Job
	0  -  Total Bytes Sent By Job
	0  -  Total Bytes Received By Job
...
