000 (1753668.000.000) 11/14 02:16:08 Job submitted from host: <130.199.206.69:49450>
...
001 (1753668.000.000) 11/14 02:59:48 Job executing on host: <130.199.183.22:48346>
...
006 (1753668.000.000) 11/14 02:59:57 Image size of job updated: 188848
...
006 (1753668.000.000) 11/14 03:04:57 Image size of job updated: 284548
...
006 (1753668.000.000) 11/14 03:09:57 Image size of job updated: 287748
...
006 (1753668.000.000) 11/14 03:19:57 Image size of job updated: 288000
...
006 (1753668.000.000) 11/14 03:24:57 Image size of job updated: 289600
...
006 (1753668.000.000) 11/14 03:39:57 Image size of job updated: 289692
...
006 (1753668.000.000) 11/14 03:44:57 Image size of job updated: 292320
...
006 (1753668.000.000) 11/14 03:54:57 Image size of job updated: 294372
...
006 (1753668.000.000) 11/14 04:40:01 Image size of job updated: 294564
...
006 (1753668.000.000) 11/14 04:45:02 Image size of job updated: 295024
...
006 (1753668.000.000) 11/14 04:55:04 Image size of job updated: 295760
...
006 (1753668.000.000) 11/14 05:30:11 Image size of job updated: 296400
...
006 (1753668.000.000) 11/14 06:05:18 Image size of job updated: 296668
...
006 (1753668.000.000) 11/14 06:15:20 Image size of job updated: 296684
...
006 (1753668.000.000) 11/14 06:25:22 Image size of job updated: 297020
...
006 (1753668.000.000) 11/14 06:30:23 Image size of job updated: 297720
...
005 (1753668.000.000) 11/14 06:49:21 Job terminated.
	(1) Normal termination (return value 0)
		Usr 0 03:23:37, Sys 0 00:01:38  -  Run Remote Usage
		Usr 0 00:00:00, Sys 0 00:00:00  -  Run Local Usage
		Usr 0 03:23:37, Sys 0 00:01:38  -  Total Remote Usage
		Usr 0 00:00:00, Sys 0 00:00:00  -  Total Local Usage
	0  -  Run Bytes Sent By Job
	0  -  Run Bytes Received By Job
	0  -  Total Bytes Sent By Job
	0  -  Total Bytes Received By Job
...
