000 (1755204.000.000) 11/14 02:19:54 Job submitted from host: <130.199.206.69:49450>
...
001 (1755204.000.000) 11/15 12:12:20 Job executing on host: <130.199.180.176:34913>
...
006 (1755204.000.000) 11/15 12:12:29 Image size of job updated: 144408
...
006 (1755204.000.000) 11/15 12:17:30 Image size of job updated: 285464
...
006 (1755204.000.000) 11/15 12:22:31 Image size of job updated: 286540
...
006 (1755204.000.000) 11/15 12:27:32 Image size of job updated: 287220
...
006 (1755204.000.000) 11/15 12:32:33 Image size of job updated: 287656
...
006 (1755204.000.000) 11/15 12:37:34 Image size of job updated: 288292
...
006 (1755204.000.000) 11/15 12:42:35 Image size of job updated: 288512
...
006 (1755204.000.000) 11/15 12:47:36 Image size of job updated: 290016
...
006 (1755204.000.000) 11/15 12:52:37 Image size of job updated: 290740
...
006 (1755204.000.000) 11/15 12:57:38 Image size of job updated: 291240
...
006 (1755204.000.000) 11/15 13:02:39 Image size of job updated: 292920
...
006 (1755204.000.000) 11/15 13:22:43 Image size of job updated: 292928
...
006 (1755204.000.000) 11/15 13:27:44 Image size of job updated: 293288
...
006 (1755204.000.000) 11/15 13:32:45 Image size of job updated: 293708
...
006 (1755204.000.000) 11/15 13:37:46 Image size of job updated: 293804
...
006 (1755204.000.000) 11/15 13:42:47 Image size of job updated: 294016
...
006 (1755204.000.000) 11/15 13:47:48 Image size of job updated: 294732
...
006 (1755204.000.000) 11/15 13:52:49 Image size of job updated: 295528
...
006 (1755204.000.000) 11/15 13:57:50 Image size of job updated: 295800
...
005 (1755204.000.000) 11/15 14:04:02 Job terminated.
	(1) Normal termination (return value 0)
		Usr 0 01:41:02, Sys 0 00:00:46  -  Run Remote Usage
		Usr 0 00:00:00, Sys 0 00:00:00  -  Run Local Usage
		Usr 0 01:41:02, Sys 0 00:00:46  -  Total Remote Usage
		Usr 0 00:00:00, Sys 0 00:00:00  -  Total Local Usage
	0  -  Run Bytes Sent By Job
	0  -  Run Bytes Received By Job
	0  -  Total Bytes Sent By Job
	0  -  Total Bytes Received By Job
...
