000 (1753863.000.000) 11/14 02:16:47 Job submitted from host: <130.199.206.69:49450>
...
001 (1753863.000.000) 11/14 04:38:26 Job executing on host: <130.199.180.174:58974>
...
006 (1753863.000.000) 11/14 04:38:35 Image size of job updated: 174036
...
006 (1753863.000.000) 11/14 04:43:36 Image size of job updated: 283732
...
006 (1753863.000.000) 11/14 04:48:37 Image size of job updated: 283756
...
006 (1753863.000.000) 11/14 04:53:38 Image size of job updated: 291580
...
006 (1753863.000.000) 11/14 04:58:39 Image size of job updated: 292588
...
006 (1753863.000.000) 11/14 05:08:41 Image size of job updated: 295324
...
006 (1753863.000.000) 11/14 05:13:42 Image size of job updated: 295816
...
006 (1753863.000.000) 11/14 05:18:43 Image size of job updated: 296152
...
006 (1753863.000.000) 11/14 05:28:45 Image size of job updated: 297408
...
006 (1753863.000.000) 11/14 05:33:46 Image size of job updated: 298080
...
006 (1753863.000.000) 11/14 05:48:49 Image size of job updated: 298304
...
006 (1753863.000.000) 11/14 05:58:51 Image size of job updated: 298404
...
006 (1753863.000.000) 11/14 06:18:56 Image size of job updated: 299036
...
005 (1753863.000.000) 11/14 06:21:50 Job terminated.
	(1) Normal termination (return value 0)
		Usr 0 01:30:24, Sys 0 00:00:53  -  Run Remote Usage
		Usr 0 00:00:00, Sys 0 00:00:00  -  Run Local Usage
		Usr 0 01:30:24, Sys 0 00:00:53  -  Total Remote Usage
		Usr 0 00:00:00, Sys 0 00:00:00  -  Total Local Usage
	0  -  Run Bytes Sent By Job
	0  -  Run Bytes Received By Job
	0  -  Total Bytes Sent By Job
	0  -  Total Bytes Received By Job
...
