000 (1754337.000.000) 11/14 02:18:07 Job submitted from host: <130.199.206.69:49450>
...
001 (1754337.000.000) 11/14 05:26:20 Job executing on host: <130.199.180.156:41502>
...
006 (1754337.000.000) 11/14 05:31:30 Image size of job updated: 283468
...
006 (1754337.000.000) 11/14 05:36:31 Image size of job updated: 284604
...
006 (1754337.000.000) 11/14 05:46:33 Image size of job updated: 289176
...
006 (1754337.000.000) 11/14 05:51:34 Image size of job updated: 289800
...
006 (1754337.000.000) 11/14 05:56:35 Image size of job updated: 290900
...
006 (1754337.000.000) 11/14 06:01:36 Image size of job updated: 291956
...
006 (1754337.000.000) 11/14 06:11:38 Image size of job updated: 294856
...
006 (1754337.000.000) 11/14 06:16:39 Image size of job updated: 295440
...
006 (1754337.000.000) 11/14 06:21:40 Image size of job updated: 295956
...
006 (1754337.000.000) 11/14 06:26:41 Image size of job updated: 297112
...
006 (1754337.000.000) 11/14 07:11:50 Image size of job updated: 306616
...
006 (1754337.000.000) 11/14 07:16:51 Image size of job updated: 325048
...
006 (1754337.000.000) 11/14 07:21:52 Image size of job updated: 334264
...
006 (1754337.000.000) 11/14 07:26:53 Image size of job updated: 337336
...
006 (1754337.000.000) 11/14 07:31:54 Image size of job updated: 339384
...
006 (1754337.000.000) 11/14 07:41:56 Image size of job updated: 340408
...
006 (1754337.000.000) 11/14 07:46:57 Image size of job updated: 342456
...
006 (1754337.000.000) 11/14 07:56:59 Image size of job updated: 344504
...
006 (1754337.000.000) 11/14 08:02:00 Image size of job updated: 345528
...
006 (1754337.000.000) 11/14 08:07:01 Image size of job updated: 346552
...
006 (1754337.000.000) 11/14 08:17:03 Image size of job updated: 347576
...
005 (1754337.000.000) 11/14 08:18:15 Job terminated.
	(1) Normal termination (return value 0)
		Usr 0 02:41:52, Sys 0 00:01:10  -  Run Remote Usage
		Usr 0 00:00:00, Sys 0 00:00:00  -  Run Local Usage
		Usr 0 02:41:52, Sys 0 00:01:10  -  Total Remote Usage
		Usr 0 00:00:00, Sys 0 00:00:00  -  Total Local Usage
	0  -  Run Bytes Sent By Job
	0  -  Run Bytes Received By Job
	0  -  Total Bytes Sent By Job
	0  -  Total Bytes Received By Job
...
