000 (1754418.000.000) 11/14 02:18:20 Job submitted from host: <130.199.206.69:49450>
...
001 (1754418.000.000) 11/14 07:23:14 Job executing on host: <130.199.180.157:54764>
...
006 (1754418.000.000) 11/14 07:28:24 Image size of job updated: 285832
...
006 (1754418.000.000) 11/14 07:33:25 Image size of job updated: 287340
...
006 (1754418.000.000) 11/14 07:38:26 Image size of job updated: 287476
...
006 (1754418.000.000) 11/14 07:48:28 Image size of job updated: 289784
...
006 (1754418.000.000) 11/14 07:58:30 Image size of job updated: 290588
...
006 (1754418.000.000) 11/14 08:03:31 Image size of job updated: 292844
...
006 (1754418.000.000) 11/14 08:08:32 Image size of job updated: 293700
...
006 (1754418.000.000) 11/14 08:13:33 Image size of job updated: 298528
...
005 (1754418.000.000) 11/14 08:18:28 Job terminated.
	(1) Normal termination (return value 0)
		Usr 0 00:49:09, Sys 0 00:00:20  -  Run Remote Usage
		Usr 0 00:00:00, Sys 0 00:00:00  -  Run Local Usage
		Usr 0 00:49:09, Sys 0 00:00:20  -  Total Remote Usage
		Usr 0 00:00:00, Sys 0 00:00:00  -  Total Local Usage
	0  -  Run Bytes Sent By Job
	0  -  Run Bytes Received By Job
	0  -  Total Bytes Sent By Job
	0  -  Total Bytes Received By Job
...
