000 (1753697.000.000) 11/14 02:16:28 Job submitted from host: <130.199.206.69:49450>
...
001 (1753697.000.000) 11/14 07:59:54 Job executing on host: <130.199.180.140:49307>
...
006 (1753697.000.000) 11/14 08:00:02 Image size of job updated: 140740
...
006 (1753697.000.000) 11/14 08:05:02 Image size of job updated: 282916
...
006 (1753697.000.000) 11/14 08:10:02 Image size of job updated: 303104
...
006 (1753697.000.000) 11/14 08:15:02 Image size of job updated: 312632
...
006 (1753697.000.000) 11/14 08:20:02 Image size of job updated: 330048
...
006 (1753697.000.000) 11/14 08:25:02 Image size of job updated: 331072
...
006 (1753697.000.000) 11/14 08:35:02 Image size of job updated: 332096
...
006 (1753697.000.000) 11/14 08:45:02 Image size of job updated: 333120
...
006 (1753697.000.000) 11/14 08:50:02 Image size of job updated: 334144
...
006 (1753697.000.000) 11/14 08:55:02 Image size of job updated: 335168
...
006 (1753697.000.000) 11/14 09:15:02 Image size of job updated: 337216
...
006 (1753697.000.000) 11/14 09:35:02 Image size of job updated: 338240
...
006 (1753697.000.000) 11/14 10:05:02 Image size of job updated: 339264
...
005 (1753697.000.000) 11/14 10:11:37 Job terminated.
	(1) Normal termination (return value 0)
		Usr 0 01:55:18, Sys 0 00:01:11  -  Run Remote Usage
		Usr 0 00:00:00, Sys 0 00:00:00  -  Run Local Usage
		Usr 0 01:55:18, Sys 0 00:01:11  -  Total Remote Usage
		Usr 0 00:00:00, Sys 0 00:00:00  -  Total Local Usage
	0  -  Run Bytes Sent By Job
	0  -  Run Bytes Received By Job
	0  -  Total Bytes Sent By Job
	0  -  Total Bytes Received By Job
...
