000 (1753749.000.000) 11/14 02:16:28 Job submitted from host: <130.199.206.69:49450>
...
001 (1753749.000.000) 11/14 04:17:36 Job executing on host: <130.199.180.154:33428>
...
006 (1753749.000.000) 11/14 04:22:44 Image size of job updated: 287012
...
006 (1753749.000.000) 11/14 04:27:44 Image size of job updated: 288160
...
006 (1753749.000.000) 11/14 04:32:45 Image size of job updated: 288500
...
006 (1753749.000.000) 11/14 04:42:47 Image size of job updated: 289620
...
006 (1753749.000.000) 11/14 04:47:48 Image size of job updated: 291396
...
006 (1753749.000.000) 11/14 04:52:49 Image size of job updated: 292112
...
006 (1753749.000.000) 11/14 05:02:51 Image size of job updated: 293448
...
006 (1753749.000.000) 11/14 05:07:52 Image size of job updated: 323144
...
006 (1753749.000.000) 11/14 05:12:53 Image size of job updated: 339532
...
006 (1753749.000.000) 11/14 05:17:54 Image size of job updated: 342604
...
006 (1753749.000.000) 11/14 05:27:56 Image size of job updated: 343632
...
006 (1753749.000.000) 11/14 05:32:57 Image size of job updated: 345680
...
006 (1753749.000.000) 11/14 05:37:58 Image size of job updated: 347728
...
006 (1753749.000.000) 11/14 06:03:03 Image size of job updated: 348752
...
006 (1753749.000.000) 11/14 06:23:07 Image size of job updated: 349776
...
005 (1753749.000.000) 11/14 06:23:49 Job terminated.
	(1) Normal termination (return value 0)
		Usr 0 01:55:52, Sys 0 00:01:06  -  Run Remote Usage
		Usr 0 00:00:00, Sys 0 00:00:00  -  Run Local Usage
		Usr 0 01:55:52, Sys 0 00:01:06  -  Total Remote Usage
		Usr 0 00:00:00, Sys 0 00:00:00  -  Total Local Usage
	0  -  Run Bytes Sent By Job
	0  -  Run Bytes Received By Job
	0  -  Total Bytes Sent By Job
	0  -  Total Bytes Received By Job
...
