000 (1754241.000.000) 11/14 02:17:52 Job submitted from host: <130.199.206.69:49450>
...
001 (1754241.000.000) 11/14 08:52:22 Job executing on host: <130.199.180.175:57747>
...
006 (1754241.000.000) 11/14 08:52:30 Image size of job updated: 173640
...
006 (1754241.000.000) 11/14 08:57:30 Image size of job updated: 284600
...
006 (1754241.000.000) 11/14 09:02:30 Image size of job updated: 285928
...
006 (1754241.000.000) 11/14 09:12:30 Image size of job updated: 286580
...
006 (1754241.000.000) 11/14 09:22:30 Image size of job updated: 286840
...
006 (1754241.000.000) 11/14 09:27:30 Image size of job updated: 287576
...
006 (1754241.000.000) 11/14 09:37:30 Image size of job updated: 288036
...
006 (1754241.000.000) 11/14 09:42:30 Image size of job updated: 290236
...
006 (1754241.000.000) 11/14 09:47:30 Image size of job updated: 291168
...
006 (1754241.000.000) 11/14 09:52:30 Image size of job updated: 292548
...
006 (1754241.000.000) 11/14 09:57:30 Image size of job updated: 293136
...
006 (1754241.000.000) 11/14 10:07:30 Image size of job updated: 294280
...
006 (1754241.000.000) 11/14 10:12:30 Image size of job updated: 294640
...
006 (1754241.000.000) 11/14 10:17:30 Image size of job updated: 295172
...
006 (1754241.000.000) 11/14 10:27:32 Image size of job updated: 295716
...
006 (1754241.000.000) 11/14 10:32:33 Image size of job updated: 295796
...
006 (1754241.000.000) 11/14 11:27:44 Image size of job updated: 296964
...
005 (1754241.000.000) 11/14 11:27:49 Job terminated.
	(1) Normal termination (return value 0)
		Usr 0 02:22:11, Sys 0 00:01:15  -  Run Remote Usage
		Usr 0 00:00:00, Sys 0 00:00:00  -  Run Local Usage
		Usr 0 02:22:11, Sys 0 00:01:15  -  Total Remote Usage
		Usr 0 00:00:00, Sys 0 00:00:00  -  Total Local Usage
	0  -  Run Bytes Sent By Job
	0  -  Run Bytes Received By Job
	0  -  Total Bytes Sent By Job
	0  -  Total Bytes Received By Job
...
