000 (1754760.000.000) 11/14 02:18:59 Job submitted from host: <130.199.206.69:49450>
...
001 (1754760.000.000) 11/14 08:41:42 Job executing on host: <130.199.180.148:39203>
...
006 (1754760.000.000) 11/14 08:41:51 Image size of job updated: 149820
...
006 (1754760.000.000) 11/14 08:46:52 Image size of job updated: 281684
...
006 (1754760.000.000) 11/14 08:51:53 Image size of job updated: 283044
...
006 (1754760.000.000) 11/14 08:56:54 Image size of job updated: 283508
...
006 (1754760.000.000) 11/14 09:01:55 Image size of job updated: 283948
...
006 (1754760.000.000) 11/14 09:06:56 Image size of job updated: 285120
...
006 (1754760.000.000) 11/14 09:11:57 Image size of job updated: 285888
...
006 (1754760.000.000) 11/14 09:16:58 Image size of job updated: 286768
...
006 (1754760.000.000) 11/14 09:32:01 Image size of job updated: 287808
...
006 (1754760.000.000) 11/14 09:37:02 Image size of job updated: 288432
...
006 (1754760.000.000) 11/14 09:42:03 Image size of job updated: 289372
...
006 (1754760.000.000) 11/14 09:47:04 Image size of job updated: 290564
...
006 (1754760.000.000) 11/14 09:52:05 Image size of job updated: 291808
...
006 (1754760.000.000) 11/14 09:57:06 Image size of job updated: 292448
...
006 (1754760.000.000) 11/14 10:02:07 Image size of job updated: 308928
...
006 (1754760.000.000) 11/14 10:07:08 Image size of job updated: 319368
...
006 (1754760.000.000) 11/14 10:12:09 Image size of job updated: 328584
...
006 (1754760.000.000) 11/14 10:17:10 Image size of job updated: 331656
...
006 (1754760.000.000) 11/14 11:32:25 Image size of job updated: 332376
...
006 (1754760.000.000) 11/14 11:37:26 Image size of job updated: 336472
...
006 (1754760.000.000) 11/14 11:42:27 Image size of job updated: 340568
...
006 (1754760.000.000) 11/14 11:47:28 Image size of job updated: 341648
...
006 (1754760.000.000) 11/14 11:52:29 Image size of job updated: 342672
...
006 (1754760.000.000) 11/14 11:57:30 Image size of job updated: 343696
...
005 (1754760.000.000) 11/14 12:03:22 Job terminated.
	(1) Normal termination (return value 0)
		Usr 0 03:01:06, Sys 0 00:01:53  -  Run Remote Usage
		Usr 0 00:00:00, Sys 0 00:00:00  -  Run Local Usage
		Usr 0 03:01:06, Sys 0 00:01:53  -  Total Remote Usage
		Usr 0 00:00:00, Sys 0 00:00:00  -  Total Local Usage
	0  -  Run Bytes Sent By Job
	0  -  Run Bytes Received By Job
	0  -  Total Bytes Sent By Job
	0  -  Total Bytes Received By Job
...
