000 (1753636.000.000) 11/14 02:16:08 Job submitted from host: <130.199.206.69:49450>
...
001 (1753636.000.000) 11/14 05:31:45 Job executing on host: <130.199.180.146:38869>
...
006 (1753636.000.000) 11/14 05:31:54 Image size of job updated: 173916
...
006 (1753636.000.000) 11/14 05:36:55 Image size of job updated: 284544
...
006 (1753636.000.000) 11/14 05:41:56 Image size of job updated: 285912
...
006 (1753636.000.000) 11/14 05:51:58 Image size of job updated: 286828
...
006 (1753636.000.000) 11/14 05:56:59 Image size of job updated: 287360
...
006 (1753636.000.000) 11/14 06:02:00 Image size of job updated: 288072
...
006 (1753636.000.000) 11/14 06:12:02 Image size of job updated: 290120
...
006 (1753636.000.000) 11/14 06:17:03 Image size of job updated: 291684
...
006 (1753636.000.000) 11/14 06:27:05 Image size of job updated: 292068
...
006 (1753636.000.000) 11/14 06:32:06 Image size of job updated: 293100
...
006 (1753636.000.000) 11/14 06:37:07 Image size of job updated: 294656
...
006 (1753636.000.000) 11/14 06:47:09 Image size of job updated: 295052
...
006 (1753636.000.000) 11/14 07:32:18 Image size of job updated: 295200
...
006 (1753636.000.000) 11/14 07:37:19 Image size of job updated: 295276
...
006 (1753636.000.000) 11/14 08:12:26 Image size of job updated: 295332
...
006 (1753636.000.000) 11/14 08:17:27 Image size of job updated: 295532
...
006 (1753636.000.000) 11/14 08:22:28 Image size of job updated: 296508
...
006 (1753636.000.000) 11/14 08:27:29 Image size of job updated: 296804
...
006 (1753636.000.000) 11/14 08:32:30 Image size of job updated: 297020
...
006 (1753636.000.000) 11/14 08:37:31 Image size of job updated: 297164
...
006 (1753636.000.000) 11/14 08:42:32 Image size of job updated: 297364
...
006 (1753636.000.000) 11/14 09:07:37 Image size of job updated: 297508
...
006 (1753636.000.000) 11/14 09:42:44 Image size of job updated: 298132
...
005 (1753636.000.000) 11/14 09:46:16 Job terminated.
	(1) Normal termination (return value 0)
		Usr 0 03:52:32, Sys 0 00:01:48  -  Run Remote Usage
		Usr 0 00:00:00, Sys 0 00:00:00  -  Run Local Usage
		Usr 0 03:52:32, Sys 0 00:01:48  -  Total Remote Usage
		Usr 0 00:00:00, Sys 0 00:00:00  -  Total Local Usage
	0  -  Run Bytes Sent By Job
	0  -  Run Bytes Received By Job
	0  -  Total Bytes Sent By Job
	0  -  Total Bytes Received By Job
...
