000 (1754993.000.000) 11/14 02:19:38 Job submitted from host: <130.199.206.69:49450>
...
001 (1754993.000.000) 11/15 11:39:31 Job executing on host: <130.199.183.21:49750>
...
006 (1754993.000.000) 11/15 11:39:40 Image size of job updated: 8820
...
006 (1754993.000.000) 11/15 11:44:41 Image size of job updated: 214416
...
006 (1754993.000.000) 11/15 11:49:42 Image size of job updated: 283108
...
006 (1754993.000.000) 11/15 11:54:43 Image size of job updated: 284392
...
006 (1754993.000.000) 11/15 11:59:44 Image size of job updated: 286212
...
006 (1754993.000.000) 11/15 12:09:46 Image size of job updated: 286840
...
006 (1754993.000.000) 11/15 12:14:47 Image size of job updated: 289192
...
006 (1754993.000.000) 11/15 12:29:50 Image size of job updated: 291160
...
006 (1754993.000.000) 11/15 12:34:51 Image size of job updated: 291460
...
006 (1754993.000.000) 11/15 12:39:52 Image size of job updated: 291472
...
006 (1754993.000.000) 11/15 12:44:53 Image size of job updated: 292224
...
006 (1754993.000.000) 11/15 12:54:54 Image size of job updated: 292804
...
006 (1754993.000.000) 11/15 12:59:55 Image size of job updated: 293960
...
006 (1754993.000.000) 11/15 13:09:57 Image size of job updated: 294336
...
006 (1754993.000.000) 11/15 13:14:58 Image size of job updated: 295476
...
006 (1754993.000.000) 11/15 14:30:13 Image size of job updated: 298456
...
006 (1754993.000.000) 11/15 15:10:21 Image size of job updated: 312752
...
006 (1754993.000.000) 11/15 15:15:22 Image size of job updated: 328112
...
006 (1754993.000.000) 11/15 15:20:23 Image size of job updated: 340400
...
006 (1754993.000.000) 11/15 15:25:24 Image size of job updated: 341424
...
006 (1754993.000.000) 11/15 15:30:25 Image size of job updated: 342448
...
006 (1754993.000.000) 11/15 15:35:26 Image size of job updated: 343472
...
005 (1754993.000.000) 11/15 15:35:57 Job terminated.
	(1) Normal termination (return value 0)
		Usr 0 03:16:36, Sys 0 00:02:06  -  Run Remote Usage
		Usr 0 00:00:00, Sys 0 00:00:00  -  Run Local Usage
		Usr 0 03:16:36, Sys 0 00:02:06  -  Total Remote Usage
		Usr 0 00:00:00, Sys 0 00:00:00  -  Total Local Usage
	0  -  Run Bytes Sent By Job
	0  -  Run Bytes Received By Job
	0  -  Total Bytes Sent By Job
	0  -  Total Bytes Received By Job
...
