000 (1755080.000.000) 11/14 02:19:46 Job submitted from host: <130.199.206.69:49450>
...
001 (1755080.000.000) 11/15 18:30:50 Job executing on host: <130.199.183.25:50471>
...
006 (1755080.000.000) 11/15 18:30:59 Image size of job updated: 173692
...
006 (1755080.000.000) 11/15 18:36:00 Image size of job updated: 284512
...
006 (1755080.000.000) 11/15 18:41:01 Image size of job updated: 287004
...
006 (1755080.000.000) 11/15 18:51:03 Image size of job updated: 309672
...
006 (1755080.000.000) 11/15 18:56:04 Image size of job updated: 326056
...
006 (1755080.000.000) 11/15 19:01:05 Image size of job updated: 328208
...
006 (1755080.000.000) 11/15 19:06:06 Image size of job updated: 331280
...
006 (1755080.000.000) 11/15 19:16:08 Image size of job updated: 332304
...
006 (1755080.000.000) 11/15 19:26:10 Image size of job updated: 335040
...
006 (1755080.000.000) 11/15 19:36:12 Image size of job updated: 336064
...
006 (1755080.000.000) 11/15 19:46:14 Image size of job updated: 338116
...
006 (1755080.000.000) 11/15 19:51:15 Image size of job updated: 339140
...
006 (1755080.000.000) 11/15 19:56:16 Image size of job updated: 340164
...
006 (1755080.000.000) 11/15 20:01:17 Image size of job updated: 341188
...
006 (1755080.000.000) 11/15 20:41:25 Image size of job updated: 343236
...
006 (1755080.000.000) 11/15 21:06:30 Image size of job updated: 344260
...
005 (1755080.000.000) 11/15 21:56:11 Job terminated.
	(1) Normal termination (return value 0)
		Usr 0 03:02:29, Sys 0 00:01:29  -  Run Remote Usage
		Usr 0 00:00:00, Sys 0 00:00:00  -  Run Local Usage
		Usr 0 03:02:29, Sys 0 00:01:29  -  Total Remote Usage
		Usr 0 00:00:00, Sys 0 00:00:00  -  Total Local Usage
	0  -  Run Bytes Sent By Job
	0  -  Run Bytes Received By Job
	0  -  Total Bytes Sent By Job
	0  -  Total Bytes Received By Job
...
