000 (1753587.000.000) 11/14 02:16:08 Job submitted from host: <130.199.206.69:49450>
...
001 (1753587.000.000) 11/14 04:32:42 Job executing on host: <130.199.180.173:34638>
...
006 (1753587.000.000) 11/14 04:37:50 Image size of job updated: 284484
...
006 (1753587.000.000) 11/14 04:42:50 Image size of job updated: 285148
...
006 (1753587.000.000) 11/14 04:47:50 Image size of job updated: 291608
...
006 (1753587.000.000) 11/14 04:52:50 Image size of job updated: 322328
...
006 (1753587.000.000) 11/14 04:57:50 Image size of job updated: 330524
...
006 (1753587.000.000) 11/14 05:02:50 Image size of job updated: 334680
...
006 (1753587.000.000) 11/14 05:07:50 Image size of job updated: 337752
...
006 (1753587.000.000) 11/14 05:12:50 Image size of job updated: 338776
...
006 (1753587.000.000) 11/14 05:22:50 Image size of job updated: 340824
...
006 (1753587.000.000) 11/14 06:17:50 Image size of job updated: 341848
...
006 (1753587.000.000) 11/14 06:42:50 Image size of job updated: 342872
...
006 (1753587.000.000) 11/14 06:57:50 Image size of job updated: 343896
...
006 (1753587.000.000) 11/14 07:12:50 Image size of job updated: 344920
...
005 (1753587.000.000) 11/14 07:28:19 Job terminated.
	(1) Normal termination (return value 0)
		Usr 0 02:38:03, Sys 0 00:01:22  -  Run Remote Usage
		Usr 0 00:00:00, Sys 0 00:00:00  -  Run Local Usage
		Usr 0 02:38:03, Sys 0 00:01:22  -  Total Remote Usage
		Usr 0 00:00:00, Sys 0 00:00:00  -  Total Local Usage
	0  -  Run Bytes Sent By Job
	0  -  Run Bytes Received By Job
	0  -  Total Bytes Sent By Job
	0  -  Total Bytes Received By Job
...
