000 (1754421.000.000) 11/14 02:18:20 Job submitted from host: <130.199.206.69:49450>
...
001 (1754421.000.000) 11/14 07:00:30 Job executing on host: <130.199.180.162:36052>
...
006 (1754421.000.000) 11/14 07:00:38 Image size of job updated: 72784
...
006 (1754421.000.000) 11/14 07:05:38 Image size of job updated: 283352
...
006 (1754421.000.000) 11/14 07:10:39 Image size of job updated: 285900
...
006 (1754421.000.000) 11/14 07:20:41 Image size of job updated: 285972
...
006 (1754421.000.000) 11/14 07:25:42 Image size of job updated: 287988
...
006 (1754421.000.000) 11/14 07:30:43 Image size of job updated: 289180
...
006 (1754421.000.000) 11/14 07:35:44 Image size of job updated: 289304
...
006 (1754421.000.000) 11/14 07:40:45 Image size of job updated: 289480
...
006 (1754421.000.000) 11/14 07:55:48 Image size of job updated: 291340
...
006 (1754421.000.000) 11/14 08:00:49 Image size of job updated: 292804
...
006 (1754421.000.000) 11/14 08:05:50 Image size of job updated: 294160
...
006 (1754421.000.000) 11/14 08:10:51 Image size of job updated: 294928
...
006 (1754421.000.000) 11/14 08:15:52 Image size of job updated: 295688
...
006 (1754421.000.000) 11/14 08:25:54 Image size of job updated: 295756
...
006 (1754421.000.000) 11/14 08:40:57 Image size of job updated: 295832
...
006 (1754421.000.000) 11/14 08:50:59 Image size of job updated: 297148
...
006 (1754421.000.000) 11/14 08:56:00 Image size of job updated: 297468
...
006 (1754421.000.000) 11/14 09:06:02 Image size of job updated: 297764
...
006 (1754421.000.000) 11/14 09:11:03 Image size of job updated: 298100
...
006 (1754421.000.000) 11/14 09:16:04 Image size of job updated: 298604
...
006 (1754421.000.000) 11/14 09:21:05 Image size of job updated: 299492
...
006 (1754421.000.000) 11/14 10:06:14 Image size of job updated: 299536
...
006 (1754421.000.000) 11/14 10:11:15 Image size of job updated: 299692
...
005 (1754421.000.000) 11/14 10:11:26 Job terminated.
	(1) Normal termination (return value 0)
		Usr 0 02:53:29, Sys 0 00:01:39  -  Run Remote Usage
		Usr 0 00:00:00, Sys 0 00:00:00  -  Run Local Usage
		Usr 0 02:53:29, Sys 0 00:01:39  -  Total Remote Usage
		Usr 0 00:00:00, Sys 0 00:00:00  -  Total Local Usage
	0  -  Run Bytes Sent By Job
	0  -  Run Bytes Received By Job
	0  -  Total Bytes Sent By Job
	0  -  Total Bytes Received By Job
...
