000 (1754254.000.000) 11/14 02:17:52 Job submitted from host: <130.199.206.69:49450>
...
001 (1754254.000.000) 11/14 06:07:18 Job executing on host: <130.199.180.161:59459>
...
006 (1754254.000.000) 11/14 06:07:27 Image size of job updated: 72736
...
006 (1754254.000.000) 11/14 06:12:28 Image size of job updated: 284164
...
006 (1754254.000.000) 11/14 06:17:29 Image size of job updated: 285548
...
006 (1754254.000.000) 11/14 06:22:30 Image size of job updated: 286676
...
006 (1754254.000.000) 11/14 06:27:31 Image size of job updated: 287772
...
006 (1754254.000.000) 11/14 06:32:32 Image size of job updated: 287844
...
006 (1754254.000.000) 11/14 06:37:33 Image size of job updated: 287988
...
006 (1754254.000.000) 11/14 06:42:34 Image size of job updated: 288452
...
006 (1754254.000.000) 11/14 06:47:35 Image size of job updated: 291000
...
006 (1754254.000.000) 11/14 06:52:36 Image size of job updated: 291388
...
006 (1754254.000.000) 11/14 06:57:37 Image size of job updated: 291732
...
006 (1754254.000.000) 11/14 07:22:42 Image size of job updated: 292680
...
006 (1754254.000.000) 11/14 07:27:43 Image size of job updated: 293600
...
006 (1754254.000.000) 11/14 07:32:44 Image size of job updated: 295128
...
006 (1754254.000.000) 11/14 07:37:45 Image size of job updated: 295284
...
006 (1754254.000.000) 11/14 07:42:46 Image size of job updated: 295376
...
006 (1754254.000.000) 11/14 07:47:47 Image size of job updated: 325340
...
006 (1754254.000.000) 11/14 07:52:48 Image size of job updated: 334556
...
006 (1754254.000.000) 11/14 07:57:49 Image size of job updated: 338652
...
006 (1754254.000.000) 11/14 08:02:50 Image size of job updated: 339676
...
006 (1754254.000.000) 11/14 08:07:51 Image size of job updated: 340700
...
006 (1754254.000.000) 11/14 08:12:52 Image size of job updated: 342748
...
006 (1754254.000.000) 11/14 08:27:53 Image size of job updated: 343772
...
006 (1754254.000.000) 11/14 08:42:53 Image size of job updated: 344796
...
005 (1754254.000.000) 11/14 08:43:21 Job terminated.
	(1) Normal termination (return value 0)
		Usr 0 02:21:29, Sys 0 00:01:12  -  Run Remote Usage
		Usr 0 00:00:00, Sys 0 00:00:00  -  Run Local Usage
		Usr 0 02:21:29, Sys 0 00:01:12  -  Total Remote Usage
		Usr 0 00:00:00, Sys 0 00:00:00  -  Total Local Usage
	0  -  Run Bytes Sent By Job
	0  -  Run Bytes Received By Job
	0  -  Total Bytes Sent By Job
	0  -  Total Bytes Received By Job
...
