000 (1753853.000.000) 11/14 02:16:47 Job submitted from host: <130.199.206.69:49450>
...
001 (1753853.000.000) 11/14 06:27:31 Job executing on host: <130.199.183.19:35289>
...
006 (1753853.000.000) 11/14 06:32:39 Image size of job updated: 282840
...
006 (1753853.000.000) 11/14 06:37:39 Image size of job updated: 283740
...
006 (1753853.000.000) 11/14 06:42:39 Image size of job updated: 284900
...
006 (1753853.000.000) 11/14 06:47:39 Image size of job updated: 285636
...
006 (1753853.000.000) 11/14 06:57:39 Image size of job updated: 285996
...
005 (1753853.000.000) 11/14 07:05:11 Job terminated.
	(1) Normal termination (return value 0)
		Usr 0 00:30:51, Sys 0 00:00:12  -  Run Remote Usage
		Usr 0 00:00:00, Sys 0 00:00:00  -  Run Local Usage
		Usr 0 00:30:51, Sys 0 00:00:12  -  Total Remote Usage
		Usr 0 00:00:00, Sys 0 00:00:00  -  Total Local Usage
	0  -  Run Bytes Sent By Job
	0  -  Run Bytes Received By Job
	0  -  Total Bytes Sent By Job
	0  -  Total Bytes Received By Job
...
