000 (1754396.000.000) 11/14 02:18:20 Job submitted from host: <130.199.206.69:49450>
...
001 (1754396.000.000) 11/14 04:30:25 Job executing on host: <130.199.180.154:33428>
...
006 (1754396.000.000) 11/14 04:30:34 Image size of job updated: 185432
...
006 (1754396.000.000) 11/14 04:35:35 Image size of job updated: 284312
...
006 (1754396.000.000) 11/14 04:40:36 Image size of job updated: 285444
...
006 (1754396.000.000) 11/14 04:50:38 Image size of job updated: 286160
...
006 (1754396.000.000) 11/14 04:55:39 Image size of job updated: 290924
...
006 (1754396.000.000) 11/14 05:05:41 Image size of job updated: 292632
...
006 (1754396.000.000) 11/14 05:10:42 Image size of job updated: 293368
...
006 (1754396.000.000) 11/14 05:20:44 Image size of job updated: 325424
...
006 (1754396.000.000) 11/14 05:25:45 Image size of job updated: 330544
...
006 (1754396.000.000) 11/14 05:30:46 Image size of job updated: 332592
...
006 (1754396.000.000) 11/14 05:35:47 Image size of job updated: 334640
...
006 (1754396.000.000) 11/14 05:45:49 Image size of job updated: 337712
...
006 (1754396.000.000) 11/14 05:50:50 Image size of job updated: 340784
...
006 (1754396.000.000) 11/14 06:00:52 Image size of job updated: 341808
...
006 (1754396.000.000) 11/14 06:25:57 Image size of job updated: 342832
...
006 (1754396.000.000) 11/14 06:56:03 Image size of job updated: 343856
...
006 (1754396.000.000) 11/14 07:06:05 Image size of job updated: 344880
...
006 (1754396.000.000) 11/14 07:21:08 Image size of job updated: 345904
...
005 (1754396.000.000) 11/14 07:50:53 Job terminated.
	(1) Normal termination (return value 0)
		Usr 0 03:05:19, Sys 0 00:01:29  -  Run Remote Usage
		Usr 0 00:00:00, Sys 0 00:00:00  -  Run Local Usage
		Usr 0 03:05:19, Sys 0 00:01:29  -  Total Remote Usage
		Usr 0 00:00:00, Sys 0 00:00:00  -  Total Local Usage
	0  -  Run Bytes Sent By Job
	0  -  Run Bytes Received By Job
	0  -  Total Bytes Sent By Job
	0  -  Total Bytes Received By Job
...
