000 (1754352.000.000) 11/14 02:18:07 Job submitted from host: <130.199.206.69:49450>
...
001 (1754352.000.000) 11/14 05:26:41 Job executing on host: <130.199.180.159:36980>
...
006 (1754352.000.000) 11/14 05:26:50 Image size of job updated: 174020
...
006 (1754352.000.000) 11/14 05:31:51 Image size of job updated: 284120
...
006 (1754352.000.000) 11/14 05:36:52 Image size of job updated: 285440
...
006 (1754352.000.000) 11/14 05:41:53 Image size of job updated: 287080
...
006 (1754352.000.000) 11/14 05:56:56 Image size of job updated: 287360
...
006 (1754352.000.000) 11/14 06:01:57 Image size of job updated: 287756
...
006 (1754352.000.000) 11/14 06:17:00 Image size of job updated: 290620
...
006 (1754352.000.000) 11/14 06:27:02 Image size of job updated: 290876
...
006 (1754352.000.000) 11/14 06:37:04 Image size of job updated: 292928
...
006 (1754352.000.000) 11/14 06:47:06 Image size of job updated: 295264
...
006 (1754352.000.000) 11/14 06:52:07 Image size of job updated: 296620
...
006 (1754352.000.000) 11/14 06:57:08 Image size of job updated: 297000
...
006 (1754352.000.000) 11/14 07:07:10 Image size of job updated: 298348
...
006 (1754352.000.000) 11/14 07:12:11 Image size of job updated: 298800
...
006 (1754352.000.000) 11/14 07:17:12 Image size of job updated: 299488
...
005 (1754352.000.000) 11/14 07:39:42 Job terminated.
	(1) Normal termination (return value 0)
		Usr 0 02:01:46, Sys 0 00:01:02  -  Run Remote Usage
		Usr 0 00:00:00, Sys 0 00:00:00  -  Run Local Usage
		Usr 0 02:01:46, Sys 0 00:01:02  -  Total Remote Usage
		Usr 0 00:00:00, Sys 0 00:00:00  -  Total Local Usage
	0  -  Run Bytes Sent By Job
	0  -  Run Bytes Received By Job
	0  -  Total Bytes Sent By Job
	0  -  Total Bytes Received By Job
...
