000 (1753573.000.000) 11/14 02:16:08 Job submitted from host: <130.199.206.69:49450>
...
001 (1753573.000.000) 11/14 07:49:34 Job executing on host: <130.199.180.166:41628>
...
006 (1753573.000.000) 11/14 07:49:42 Image size of job updated: 142684
...
006 (1753573.000.000) 11/14 07:54:42 Image size of job updated: 284412
...
006 (1753573.000.000) 11/14 07:59:42 Image size of job updated: 286220
...
006 (1753573.000.000) 11/14 08:04:42 Image size of job updated: 286460
...
006 (1753573.000.000) 11/14 08:09:42 Image size of job updated: 286880
...
006 (1753573.000.000) 11/14 08:14:42 Image size of job updated: 287300
...
006 (1753573.000.000) 11/14 08:24:42 Image size of job updated: 287496
...
006 (1753573.000.000) 11/14 08:34:42 Image size of job updated: 290560
...
006 (1753573.000.000) 11/14 08:39:42 Image size of job updated: 291992
...
006 (1753573.000.000) 11/14 08:44:42 Image size of job updated: 304304
...
005 (1753573.000.000) 11/14 08:45:40 Job terminated.
	(1) Normal termination (return value 0)
		Usr 0 00:51:22, Sys 0 00:00:23  -  Run Remote Usage
		Usr 0 00:00:00, Sys 0 00:00:00  -  Run Local Usage
		Usr 0 00:51:22, Sys 0 00:00:23  -  Total Remote Usage
		Usr 0 00:00:00, Sys 0 00:00:00  -  Total Local Usage
	0  -  Run Bytes Sent By Job
	0  -  Run Bytes Received By Job
	0  -  Total Bytes Sent By Job
	0  -  Total Bytes Received By Job
...
