000 (1755189.000.000) 11/14 02:19:54 Job submitted from host: <130.199.206.69:49450>
...
001 (1755189.000.000) 11/15 12:10:43 Job executing on host: <130.199.206.162:38127>
...
006 (1755189.000.000) 11/15 12:10:52 Image size of job updated: 19168
...
006 (1755189.000.000) 11/15 12:15:53 Image size of job updated: 283772
...
006 (1755189.000.000) 11/15 12:20:54 Image size of job updated: 286044
...
006 (1755189.000.000) 11/15 12:30:56 Image size of job updated: 292200
...
006 (1755189.000.000) 11/15 12:45:56 Image size of job updated: 295408
...
006 (1755189.000.000) 11/15 12:50:56 Image size of job updated: 296240
...
006 (1755189.000.000) 11/15 13:00:56 Image size of job updated: 296284
...
006 (1755189.000.000) 11/15 13:05:56 Image size of job updated: 296932
...
006 (1755189.000.000) 11/15 13:15:56 Image size of job updated: 297224
...
006 (1755189.000.000) 11/15 13:20:56 Image size of job updated: 329844
...
006 (1755189.000.000) 11/15 13:25:56 Image size of job updated: 338272
...
006 (1755189.000.000) 11/15 13:30:56 Image size of job updated: 339296
...
006 (1755189.000.000) 11/15 13:40:56 Image size of job updated: 340320
...
005 (1755189.000.000) 11/15 13:44:29 Job terminated.
	(1) Normal termination (return value 0)
		Usr 0 01:26:09, Sys 0 00:00:24  -  Run Remote Usage
		Usr 0 00:00:00, Sys 0 00:00:00  -  Run Local Usage
		Usr 0 01:26:09, Sys 0 00:00:24  -  Total Remote Usage
		Usr 0 00:00:00, Sys 0 00:00:00  -  Total Local Usage
	0  -  Run Bytes Sent By Job
	0  -  Run Bytes Received By Job
	0  -  Total Bytes Sent By Job
	0  -  Total Bytes Received By Job
...
