000 (1754189.000.000) 11/14 02:17:52 Job submitted from host: <130.199.206.69:49450>
...
001 (1754189.000.000) 11/14 05:02:10 Job executing on host: <130.199.180.150:41617>
...
006 (1754189.000.000) 11/14 05:02:19 Image size of job updated: 145344
...
006 (1754189.000.000) 11/14 05:07:20 Image size of job updated: 285220
...
006 (1754189.000.000) 11/14 05:12:21 Image size of job updated: 288452
...
006 (1754189.000.000) 11/14 05:17:22 Image size of job updated: 289392
...
005 (1754189.000.000) 11/14 05:23:37 Job terminated.
	(1) Normal termination (return value 0)
		Usr 0 00:19:45, Sys 0 00:00:11  -  Run Remote Usage
		Usr 0 00:00:00, Sys 0 00:00:00  -  Run Local Usage
		Usr 0 00:19:45, Sys 0 00:00:11  -  Total Remote Usage
		Usr 0 00:00:00, Sys 0 00:00:00  -  Total Local Usage
	0  -  Run Bytes Sent By Job
	0  -  Run Bytes Received By Job
	0  -  Total Bytes Sent By Job
	0  -  Total Bytes Received By Job
...
