000 (1754730.000.000) 11/14 02:18:59 Job submitted from host: <130.199.206.69:49450>
...
001 (1754730.000.000) 11/14 06:05:35 Job executing on host: <130.199.183.4:60279>
...
006 (1754730.000.000) 11/14 06:10:45 Image size of job updated: 281736
...
006 (1754730.000.000) 11/14 06:15:46 Image size of job updated: 284120
...
006 (1754730.000.000) 11/14 06:20:47 Image size of job updated: 284596
...
006 (1754730.000.000) 11/14 06:25:48 Image size of job updated: 285176
...
006 (1754730.000.000) 11/14 06:30:49 Image size of job updated: 287216
...
006 (1754730.000.000) 11/14 06:35:50 Image size of job updated: 288204
...
006 (1754730.000.000) 11/14 06:40:51 Image size of job updated: 289540
...
006 (1754730.000.000) 11/14 06:45:52 Image size of job updated: 289804
...
006 (1754730.000.000) 11/14 06:50:53 Image size of job updated: 289928
...
006 (1754730.000.000) 11/14 06:55:54 Image size of job updated: 292776
...
006 (1754730.000.000) 11/14 07:15:58 Image size of job updated: 293024
...
006 (1754730.000.000) 11/14 07:20:59 Image size of job updated: 294300
...
006 (1754730.000.000) 11/14 07:26:00 Image size of job updated: 294504
...
006 (1754730.000.000) 11/14 07:36:02 Image size of job updated: 294788
...
006 (1754730.000.000) 11/14 07:41:03 Image size of job updated: 295484
...
006 (1754730.000.000) 11/14 07:51:05 Image size of job updated: 296088
...
006 (1754730.000.000) 11/14 08:01:07 Image size of job updated: 296144
...
006 (1754730.000.000) 11/14 08:31:13 Image size of job updated: 296852
...
006 (1754730.000.000) 11/14 08:56:18 Image size of job updated: 296980
...
006 (1754730.000.000) 11/14 09:11:21 Image size of job updated: 298112
...
005 (1754730.000.000) 11/14 09:15:21 Job terminated.
	(1) Normal termination (return value 0)
		Usr 0 02:51:49, Sys 0 00:01:08  -  Run Remote Usage
		Usr 0 00:00:00, Sys 0 00:00:00  -  Run Local Usage
		Usr 0 02:51:49, Sys 0 00:01:08  -  Total Remote Usage
		Usr 0 00:00:00, Sys 0 00:00:00  -  Total Local Usage
	0  -  Run Bytes Sent By Job
	0  -  Run Bytes Received By Job
	0  -  Total Bytes Sent By Job
	0  -  Total Bytes Received By Job
...
