000 (1754355.000.000) 11/14 02:18:07 Job submitted from host: <130.199.206.69:49450>
...
001 (1754355.000.000) 11/14 05:20:54 Job executing on host: <130.199.180.146:38869>
...
006 (1754355.000.000) 11/14 05:21:02 Image size of job updated: 173792
...
006 (1754355.000.000) 11/14 05:26:02 Image size of job updated: 284364
...
006 (1754355.000.000) 11/14 05:31:02 Image size of job updated: 284916
...
006 (1754355.000.000) 11/14 05:36:02 Image size of job updated: 288268
...
006 (1754355.000.000) 11/14 05:41:02 Image size of job updated: 288380
...
006 (1754355.000.000) 11/14 05:51:02 Image size of job updated: 289404
...
006 (1754355.000.000) 11/14 05:56:02 Image size of job updated: 291436
...
006 (1754355.000.000) 11/14 06:01:02 Image size of job updated: 292284
...
006 (1754355.000.000) 11/14 06:06:02 Image size of job updated: 293148
...
006 (1754355.000.000) 11/14 06:11:02 Image size of job updated: 293240
...
006 (1754355.000.000) 11/14 06:21:03 Image size of job updated: 293476
...
006 (1754355.000.000) 11/14 06:36:06 Image size of job updated: 293508
...
006 (1754355.000.000) 11/14 06:41:07 Image size of job updated: 294128
...
006 (1754355.000.000) 11/14 06:46:08 Image size of job updated: 294628
...
006 (1754355.000.000) 11/14 06:56:10 Image size of job updated: 295020
...
006 (1754355.000.000) 11/14 07:06:12 Image size of job updated: 295044
...
006 (1754355.000.000) 11/14 07:11:13 Image size of job updated: 295412
...
006 (1754355.000.000) 11/14 07:36:18 Image size of job updated: 295548
...
006 (1754355.000.000) 11/14 07:56:22 Image size of job updated: 296472
...
006 (1754355.000.000) 11/14 08:01:23 Image size of job updated: 297552
...
005 (1754355.000.000) 11/14 08:49:46 Job terminated.
	(1) Normal termination (return value 0)
		Usr 0 03:10:26, Sys 0 00:01:28  -  Run Remote Usage
		Usr 0 00:00:00, Sys 0 00:00:00  -  Run Local Usage
		Usr 0 03:10:26, Sys 0 00:01:28  -  Total Remote Usage
		Usr 0 00:00:00, Sys 0 00:00:00  -  Total Local Usage
	0  -  Run Bytes Sent By Job
	0  -  Run Bytes Received By Job
	0  -  Total Bytes Sent By Job
	0  -  Total Bytes Received By Job
...
