000 (1754078.000.000) 11/14 02:17:37 Job submitted from host: <130.199.206.69:49450>
...
001 (1754078.000.000) 11/14 06:05:15 Job executing on host: <130.199.180.177:58002>
...
006 (1754078.000.000) 11/14 06:10:25 Image size of job updated: 284392
...
006 (1754078.000.000) 11/14 06:15:26 Image size of job updated: 285408
...
006 (1754078.000.000) 11/14 06:25:28 Image size of job updated: 286032
...
006 (1754078.000.000) 11/14 06:30:29 Image size of job updated: 287376
...
006 (1754078.000.000) 11/14 06:50:33 Image size of job updated: 289008
...
006 (1754078.000.000) 11/14 06:55:34 Image size of job updated: 289792
...
006 (1754078.000.000) 11/14 07:10:37 Image size of job updated: 289832
...
006 (1754078.000.000) 11/14 07:15:38 Image size of job updated: 290928
...
005 (1754078.000.000) 11/14 07:35:32 Job terminated.
	(1) Normal termination (return value 0)
		Usr 0 01:22:45, Sys 0 00:00:40  -  Run Remote Usage
		Usr 0 00:00:00, Sys 0 00:00:00  -  Run Local Usage
		Usr 0 01:22:45, Sys 0 00:00:40  -  Total Remote Usage
		Usr 0 00:00:00, Sys 0 00:00:00  -  Total Local Usage
	0  -  Run Bytes Sent By Job
	0  -  Run Bytes Received By Job
	0  -  Total Bytes Sent By Job
	0  -  Total Bytes Received By Job
...
