000 (1754332.000.000) 11/14 02:18:07 Job submitted from host: <130.199.206.69:49450>
...
001 (1754332.000.000) 11/14 03:20:37 Job executing on host: <130.199.183.26:55119>
...
006 (1754332.000.000) 11/14 03:20:46 Image size of job updated: 239568
...
006 (1754332.000.000) 11/14 03:25:47 Image size of job updated: 284644
...
006 (1754332.000.000) 11/14 03:30:48 Image size of job updated: 285660
...
006 (1754332.000.000) 11/14 03:35:48 Image size of job updated: 287092
...
006 (1754332.000.000) 11/14 03:40:48 Image size of job updated: 287628
...
006 (1754332.000.000) 11/14 03:50:48 Image size of job updated: 291444
...
005 (1754332.000.000) 11/14 04:00:27 Job terminated.
	(1) Normal termination (return value 0)
		Usr 0 00:34:43, Sys 0 00:00:19  -  Run Remote Usage
		Usr 0 00:00:00, Sys 0 00:00:00  -  Run Local Usage
		Usr 0 00:34:43, Sys 0 00:00:19  -  Total Remote Usage
		Usr 0 00:00:00, Sys 0 00:00:00  -  Total Local Usage
	0  -  Run Bytes Sent By Job
	0  -  Run Bytes Received By Job
	0  -  Total Bytes Sent By Job
	0  -  Total Bytes Received By Job
...
