000 (1753897.000.000) 11/14 02:17:04 Job submitted from host: <130.199.206.69:49450>
...
001 (1753897.000.000) 11/14 05:08:38 Job executing on host: <130.199.180.166:41628>
...
006 (1753897.000.000) 11/14 05:08:47 Image size of job updated: 174080
...
006 (1753897.000.000) 11/14 05:13:48 Image size of job updated: 288664
...
006 (1753897.000.000) 11/14 05:18:49 Image size of job updated: 293320
...
005 (1753897.000.000) 11/14 05:23:06 Job terminated.
	(1) Normal termination (return value 0)
		Usr 0 00:12:42, Sys 0 00:00:17  -  Run Remote Usage
		Usr 0 00:00:00, Sys 0 00:00:00  -  Run Local Usage
		Usr 0 00:12:42, Sys 0 00:00:17  -  Total Remote Usage
		Usr 0 00:00:00, Sys 0 00:00:00  -  Total Local Usage
	0  -  Run Bytes Sent By Job
	0  -  Run Bytes Received By Job
	0  -  Total Bytes Sent By Job
	0  -  Total Bytes Received By Job
...
