000 (1754064.000.000) 11/14 02:17:22 Job submitted from host: <130.199.206.69:49450>
...
001 (1754064.000.000) 11/14 04:31:20 Job executing on host: <130.199.183.28:53536>
...
006 (1754064.000.000) 11/14 04:36:28 Image size of job updated: 281016
...
006 (1754064.000.000) 11/14 04:41:28 Image size of job updated: 293076
...
006 (1754064.000.000) 11/14 04:46:28 Image size of job updated: 296012
...
006 (1754064.000.000) 11/14 04:51:28 Image size of job updated: 297660
...
006 (1754064.000.000) 11/14 04:56:28 Image size of job updated: 297952
...
006 (1754064.000.000) 11/14 05:01:28 Image size of job updated: 298848
...
006 (1754064.000.000) 11/14 05:16:28 Image size of job updated: 299220
...
006 (1754064.000.000) 11/14 05:21:28 Image size of job updated: 300488
...
006 (1754064.000.000) 11/14 05:26:28 Image size of job updated: 302056
...
006 (1754064.000.000) 11/14 05:31:28 Image size of job updated: 302688
...
006 (1754064.000.000) 11/14 05:36:28 Image size of job updated: 302924
...
006 (1754064.000.000) 11/14 05:41:28 Image size of job updated: 303684
...
006 (1754064.000.000) 11/14 05:46:28 Image size of job updated: 303700
...
006 (1754064.000.000) 11/14 05:56:28 Image size of job updated: 303824
...
005 (1754064.000.000) 11/14 06:09:11 Job terminated.
	(1) Normal termination (return value 0)
		Usr 0 01:27:16, Sys 0 00:00:42  -  Run Remote Usage
		Usr 0 00:00:00, Sys 0 00:00:00  -  Run Local Usage
		Usr 0 01:27:16, Sys 0 00:00:42  -  Total Remote Usage
		Usr 0 00:00:00, Sys 0 00:00:00  -  Total Local Usage
	0  -  Run Bytes Sent By Job
	0  -  Run Bytes Received By Job
	0  -  Total Bytes Sent By Job
	0  -  Total Bytes Received By Job
...
