000 (1753610.000.000) 11/14 02:16:08 Job submitted from host: <130.199.206.69:49450>
...
001 (1753610.000.000) 11/14 05:26:22 Job executing on host: <130.199.183.26:55119>
...
006 (1753610.000.000) 11/14 05:31:32 Image size of job updated: 284140
...
006 (1753610.000.000) 11/14 05:36:33 Image size of job updated: 286648
...
006 (1753610.000.000) 11/14 05:46:35 Image size of job updated: 287272
...
006 (1753610.000.000) 11/14 05:56:37 Image size of job updated: 287976
...
006 (1753610.000.000) 11/14 06:01:38 Image size of job updated: 288724
...
006 (1753610.000.000) 11/14 06:21:42 Image size of job updated: 293900
...
005 (1753610.000.000) 11/14 06:28:45 Job terminated.
	(1) Normal termination (return value 0)
		Usr 0 00:56:10, Sys 0 00:00:19  -  Run Remote Usage
		Usr 0 00:00:00, Sys 0 00:00:00  -  Run Local Usage
		Usr 0 00:56:10, Sys 0 00:00:19  -  Total Remote Usage
		Usr 0 00:00:00, Sys 0 00:00:00  -  Total Local Usage
	0  -  Run Bytes Sent By Job
	0  -  Run Bytes Received By Job
	0  -  Total Bytes Sent By Job
	0  -  Total Bytes Received By Job
...
