000 (1753448.000.000) 11/14 02:14:53 Job submitted from host: <130.199.206.69:49450>
...
001 (1753448.000.000) 11/14 07:34:55 Job executing on host: <130.199.180.168:57296>
...
006 (1753448.000.000) 11/14 07:35:03 Image size of job updated: 144548
...
006 (1753448.000.000) 11/14 07:40:03 Image size of job updated: 282920
...
006 (1753448.000.000) 11/14 07:45:03 Image size of job updated: 283908
...
006 (1753448.000.000) 11/14 07:50:03 Image size of job updated: 284836
...
006 (1753448.000.000) 11/14 07:55:03 Image size of job updated: 285248
...
006 (1753448.000.000) 11/14 08:05:03 Image size of job updated: 285480
...
006 (1753448.000.000) 11/14 08:10:03 Image size of job updated: 285596
...
006 (1753448.000.000) 11/14 08:15:03 Image size of job updated: 286784
...
006 (1753448.000.000) 11/14 08:20:03 Image size of job updated: 288624
...
006 (1753448.000.000) 11/14 08:25:03 Image size of job updated: 290216
...
006 (1753448.000.000) 11/14 08:30:03 Image size of job updated: 290868
...
006 (1753448.000.000) 11/14 08:35:03 Image size of job updated: 292908
...
006 (1753448.000.000) 11/14 09:10:03 Image size of job updated: 293092
...
006 (1753448.000.000) 11/14 09:20:03 Image size of job updated: 293228
...
006 (1753448.000.000) 11/14 09:25:03 Image size of job updated: 293392
...
006 (1753448.000.000) 11/14 09:30:03 Image size of job updated: 293768
...
006 (1753448.000.000) 11/14 09:35:03 Image size of job updated: 294100
...
006 (1753448.000.000) 11/14 09:40:03 Image size of job updated: 294400
...
005 (1753448.000.000) 11/14 09:45:49 Job terminated.
	(1) Normal termination (return value 0)
		Usr 0 01:54:23, Sys 0 00:00:53  -  Run Remote Usage
		Usr 0 00:00:00, Sys 0 00:00:00  -  Run Local Usage
		Usr 0 01:54:23, Sys 0 00:00:53  -  Total Remote Usage
		Usr 0 00:00:00, Sys 0 00:00:00  -  Total Local Usage
	0  -  Run Bytes Sent By Job
	0  -  Run Bytes Received By Job
	0  -  Total Bytes Sent By Job
	0  -  Total Bytes Received By Job
...
