000 (1755328.000.000) 11/14 02:20:03 Job submitted from host: <130.199.206.69:49450>
...
001 (1755328.000.000) 11/15 12:42:49 Job executing on host: <130.199.183.16:34724>
...
006 (1755328.000.000) 11/15 12:42:58 Image size of job updated: 72760
...
006 (1755328.000.000) 11/15 12:47:59 Image size of job updated: 276780
...
006 (1755328.000.000) 11/15 12:53:00 Image size of job updated: 284832
...
005 (1755328.000.000) 11/15 13:02:14 Job terminated.
	(1) Normal termination (return value 0)
		Usr 0 00:15:36, Sys 0 00:00:29  -  Run Remote Usage
		Usr 0 00:00:00, Sys 0 00:00:00  -  Run Local Usage
		Usr 0 00:15:36, Sys 0 00:00:29  -  Total Remote Usage
		Usr 0 00:00:00, Sys 0 00:00:00  -  Total Local Usage
	0  -  Run Bytes Sent By Job
	0  -  Run Bytes Received By Job
	0  -  Total Bytes Sent By Job
	0  -  Total Bytes Received By Job
...
