000 (1755198.000.000) 11/14 02:19:54 Job submitted from host: <130.199.206.69:49450>
...
001 (1755198.000.000) 11/15 12:37:09 Job executing on host: <130.199.206.193:39886>
...
006 (1755198.000.000) 11/15 12:37:18 Image size of job updated: 192392
...
006 (1755198.000.000) 11/15 12:42:19 Image size of job updated: 305436
...
006 (1755198.000.000) 11/15 12:47:20 Image size of job updated: 324888
...
006 (1755198.000.000) 11/15 12:52:21 Image size of job updated: 326936
...
006 (1755198.000.000) 11/15 12:57:22 Image size of job updated: 328984
...
006 (1755198.000.000) 11/15 13:02:23 Image size of job updated: 335964
...
006 (1755198.000.000) 11/15 13:17:26 Image size of job updated: 336836
...
006 (1755198.000.000) 11/15 13:37:30 Image size of job updated: 337860
...
006 (1755198.000.000) 11/15 13:42:30 Image size of job updated: 338884
...
006 (1755198.000.000) 11/15 13:57:30 Image size of job updated: 339908
...
005 (1755198.000.000) 11/15 14:00:18 Job terminated.
	(1) Normal termination (return value 0)
		Usr 0 01:04:09, Sys 0 00:00:13  -  Run Remote Usage
		Usr 0 00:00:00, Sys 0 00:00:00  -  Run Local Usage
		Usr 0 01:04:09, Sys 0 00:00:13  -  Total Remote Usage
		Usr 0 00:00:00, Sys 0 00:00:00  -  Total Local Usage
	0  -  Run Bytes Sent By Job
	0  -  Run Bytes Received By Job
	0  -  Total Bytes Sent By Job
	0  -  Total Bytes Received By Job
...
000 (1798246.000.000) 11/18 15:19:54 Job submitted from host: <130.199.206.69:49450>
...
001 (1798246.000.000) 11/18 15:29:30 Job executing on host: <130.199.180.141:43183>
...
006 (1798246.000.000) 11/18 15:34:38 Image size of job updated: 192136
...
006 (1798246.000.000) 11/18 15:39:38 Image size of job updated: 201816
...
006 (1798246.000.000) 11/18 15:49:38 Image size of job updated: 285928
...
006 (1798246.000.000) 11/18 15:54:38 Image size of job updated: 288356
...
006 (1798246.000.000) 11/18 15:59:38 Image size of job updated: 289992
...
006 (1798246.000.000) 11/18 16:04:38 Image size of job updated: 291576
...
006 (1798246.000.000) 11/18 16:09:38 Image size of job updated: 294060
...
006 (1798246.000.000) 11/18 16:14:38 Image size of job updated: 294704
...
009 (1798246.000.000) 11/19 06:29:31 Job was aborted by the user.
	The job attribute PeriodicRemove expression '(NumJobStarts >= 1 && JobStatus == 1) || (JobStatus == 2 && (CurrentTime - JobCurrentStartDate > (54000)) && ((RemoteUserCpu + RemoteSysCpu) / (CurrentTime - JobCurrentStartDate) < 0.100000)) || (((CurrentTime - EnteredCurrentStatus) > (2 * 24 * 3600)) && JobStatus == 5) || (JobRunCount >= 1 && JobStatus == 1)' evaluated to TRUE
...
000 (1804751.000.000) 11/21 22:32:12 Job submitted from host: <130.199.206.69:49450>
...
001 (1804751.000.000) 11/21 23:45:38 Job executing on host: <130.199.180.132:48806>
...
006 (1804751.000.000) 11/21 23:50:46 Image size of job updated: 324888
...
005 (1804751.000.000) 11/22 01:18:36 Job terminated.
	(1) Normal termination (return value 0)
		Usr 0 01:23:36, Sys 0 00:00:27  -  Run Remote Usage
		Usr 0 00:00:00, Sys 0 00:00:00  -  Run Local Usage
		Usr 0 01:23:36, Sys 0 00:00:27  -  Total Remote Usage
		Usr 0 00:00:00, Sys 0 00:00:00  -  Total Local Usage
	0  -  Run Bytes Sent By Job
	0  -  Run Bytes Received By Job
	0  -  Total Bytes Sent By Job
	0  -  Total Bytes Received By Job
...
