000 (1754344.000.000) 11/14 02:18:07 Job submitted from host: <130.199.206.69:49450>
...
001 (1754344.000.000) 11/14 07:20:09 Job executing on host: <130.199.180.171:36907>
...
006 (1754344.000.000) 11/14 07:20:18 Image size of job updated: 145340
...
006 (1754344.000.000) 11/14 07:25:19 Image size of job updated: 283632
...
006 (1754344.000.000) 11/14 07:30:20 Image size of job updated: 284440
...
006 (1754344.000.000) 11/14 07:35:21 Image size of job updated: 285152
...
006 (1754344.000.000) 11/14 07:45:23 Image size of job updated: 286832
...
006 (1754344.000.000) 11/14 07:50:24 Image size of job updated: 287236
...
006 (1754344.000.000) 11/14 07:55:25 Image size of job updated: 287648
...
006 (1754344.000.000) 11/14 08:00:26 Image size of job updated: 288688
...
006 (1754344.000.000) 11/14 08:05:27 Image size of job updated: 289200
...
006 (1754344.000.000) 11/14 08:10:28 Image size of job updated: 290444
...
006 (1754344.000.000) 11/14 08:15:29 Image size of job updated: 291316
...
006 (1754344.000.000) 11/14 08:20:30 Image size of job updated: 294728
...
006 (1754344.000.000) 11/14 08:25:31 Image size of job updated: 296360
...
006 (1754344.000.000) 11/14 08:30:32 Image size of job updated: 298060
...
006 (1754344.000.000) 11/14 08:35:33 Image size of job updated: 298152
...
006 (1754344.000.000) 11/14 08:45:35 Image size of job updated: 298644
...
006 (1754344.000.000) 11/14 08:50:36 Image size of job updated: 298744
...
006 (1754344.000.000) 11/14 08:55:36 Image size of job updated: 299000
...
006 (1754344.000.000) 11/14 09:15:36 Image size of job updated: 299780
...
006 (1754344.000.000) 11/14 09:25:36 Image size of job updated: 300032
...
006 (1754344.000.000) 11/14 09:40:36 Image size of job updated: 300508
...
006 (1754344.000.000) 11/14 09:55:36 Image size of job updated: 301132
...
006 (1754344.000.000) 11/14 10:35:36 Image size of job updated: 301552
...
005 (1754344.000.000) 11/14 10:38:27 Job terminated.
	(1) Normal termination (return value 0)
		Usr 0 03:00:57, Sys 0 00:01:35  -  Run Remote Usage
		Usr 0 00:00:00, Sys 0 00:00:00  -  Run Local Usage
		Usr 0 03:00:57, Sys 0 00:01:35  -  Total Remote Usage
		Usr 0 00:00:00, Sys 0 00:00:00  -  Total Local Usage
	0  -  Run Bytes Sent By Job
	0  -  Run Bytes Received By Job
	0  -  Total Bytes Sent By Job
	0  -  Total Bytes Received By Job
...
