000 (1753983.000.000) 11/14 02:17:22 Job submitted from host: <130.199.206.69:49450>
...
001 (1753983.000.000) 11/14 06:24:08 Job executing on host: <130.199.180.167:33733>
...
006 (1753983.000.000) 11/14 06:29:18 Image size of job updated: 284228
...
006 (1753983.000.000) 11/14 06:34:19 Image size of job updated: 286508
...
006 (1753983.000.000) 11/14 06:39:20 Image size of job updated: 286548
...
006 (1753983.000.000) 11/14 06:44:21 Image size of job updated: 287868
...
006 (1753983.000.000) 11/14 06:49:22 Image size of job updated: 288832
...
005 (1753983.000.000) 11/14 06:56:41 Job terminated.
	(1) Normal termination (return value 0)
		Usr 0 00:29:57, Sys 0 00:00:17  -  Run Remote Usage
		Usr 0 00:00:00, Sys 0 00:00:00  -  Run Local Usage
		Usr 0 00:29:57, Sys 0 00:00:17  -  Total Remote Usage
		Usr 0 00:00:00, Sys 0 00:00:00  -  Total Local Usage
	0  -  Run Bytes Sent By Job
	0  -  Run Bytes Received By Job
	0  -  Total Bytes Sent By Job
	0  -  Total Bytes Received By Job
...
