000 (1755447.000.000) 11/14 02:20:10 Job submitted from host: <130.199.206.69:49450>
...
001 (1755447.000.000) 11/15 21:23:34 Job executing on host: <130.199.206.193:39886>
...
006 (1755447.000.000) 11/15 21:28:42 Image size of job updated: 285644
...
006 (1755447.000.000) 11/15 21:33:42 Image size of job updated: 292760
...
006 (1755447.000.000) 11/15 21:38:42 Image size of job updated: 296020
...
005 (1755447.000.000) 11/15 21:41:53 Job terminated.
	(1) Normal termination (return value 0)
		Usr 0 00:16:24, Sys 0 00:00:06  -  Run Remote Usage
		Usr 0 00:00:00, Sys 0 00:00:00  -  Run Local Usage
		Usr 0 00:16:24, Sys 0 00:00:06  -  Total Remote Usage
		Usr 0 00:00:00, Sys 0 00:00:00  -  Total Local Usage
	0  -  Run Bytes Sent By Job
	0  -  Run Bytes Received By Job
	0  -  Total Bytes Sent By Job
	0  -  Total Bytes Received By Job
...
