000 (1754572.000.000) 11/14 02:18:46 Job submitted from host: <130.199.206.69:49450>
...
001 (1754572.000.000) 11/14 05:23:27 Job executing on host: <130.199.180.173:34638>
...
006 (1754572.000.000) 11/14 05:23:35 Image size of job updated: 193688
...
006 (1754572.000.000) 11/14 05:28:35 Image size of job updated: 280212
...
006 (1754572.000.000) 11/14 05:33:35 Image size of job updated: 281040
...
006 (1754572.000.000) 11/14 05:38:35 Image size of job updated: 282524
...
006 (1754572.000.000) 11/14 05:43:35 Image size of job updated: 282656
...
006 (1754572.000.000) 11/14 05:48:35 Image size of job updated: 284976
...
006 (1754572.000.000) 11/14 05:53:35 Image size of job updated: 307732
...
006 (1754572.000.000) 11/14 05:58:35 Image size of job updated: 315632
...
006 (1754572.000.000) 11/14 06:03:35 Image size of job updated: 325872
...
006 (1754572.000.000) 11/14 06:08:35 Image size of job updated: 330992
...
006 (1754572.000.000) 11/14 06:13:35 Image size of job updated: 332016
...
006 (1754572.000.000) 11/14 06:18:35 Image size of job updated: 335088
...
006 (1754572.000.000) 11/14 06:23:36 Image size of job updated: 336112
...
006 (1754572.000.000) 11/14 06:28:37 Image size of job updated: 337136
...
005 (1754572.000.000) 11/14 07:11:26 Job terminated.
	(1) Normal termination (return value 0)
		Usr 0 01:38:18, Sys 0 00:00:45  -  Run Remote Usage
		Usr 0 00:00:00, Sys 0 00:00:00  -  Run Local Usage
		Usr 0 01:38:18, Sys 0 00:00:45  -  Total Remote Usage
		Usr 0 00:00:00, Sys 0 00:00:00  -  Total Local Usage
	0  -  Run Bytes Sent By Job
	0  -  Run Bytes Received By Job
	0  -  Total Bytes Sent By Job
	0  -  Total Bytes Received By Job
...
