000 (1755145.000.000) 11/14 02:19:46 Job submitted from host: <130.199.206.69:49450>
...
001 (1755145.000.000) 11/15 18:42:12 Job executing on host: <130.199.183.4:60279>
...
006 (1755145.000.000) 11/15 18:47:20 Image size of job updated: 284392
...
006 (1755145.000.000) 11/15 18:52:20 Image size of job updated: 285036
...
006 (1755145.000.000) 11/15 18:57:20 Image size of job updated: 286540
...
006 (1755145.000.000) 11/15 19:02:20 Image size of job updated: 287552
...
006 (1755145.000.000) 11/15 19:07:20 Image size of job updated: 288168
...
006 (1755145.000.000) 11/15 19:32:20 Image size of job updated: 290060
...
006 (1755145.000.000) 11/15 19:37:20 Image size of job updated: 291196
...
006 (1755145.000.000) 11/15 19:42:20 Image size of job updated: 291580
...
006 (1755145.000.000) 11/15 19:47:20 Image size of job updated: 291888
...
006 (1755145.000.000) 11/15 19:52:20 Image size of job updated: 292440
...
006 (1755145.000.000) 11/15 19:57:20 Image size of job updated: 292728
...
006 (1755145.000.000) 11/15 20:02:20 Image size of job updated: 292828
...
006 (1755145.000.000) 11/15 20:07:20 Image size of job updated: 293420
...
006 (1755145.000.000) 11/15 20:12:20 Image size of job updated: 293748
...
006 (1755145.000.000) 11/15 20:17:20 Image size of job updated: 293772
...
006 (1755145.000.000) 11/15 20:22:20 Image size of job updated: 294036
...
006 (1755145.000.000) 11/15 20:27:20 Image size of job updated: 294760
...
006 (1755145.000.000) 11/15 20:37:20 Image size of job updated: 294928
...
006 (1755145.000.000) 11/15 21:17:20 Image size of job updated: 295312
...
006 (1755145.000.000) 11/15 21:32:20 Image size of job updated: 325512
...
006 (1755145.000.000) 11/15 21:37:20 Image size of job updated: 333704
...
006 (1755145.000.000) 11/15 21:42:20 Image size of job updated: 338024
...
006 (1755145.000.000) 11/15 21:52:22 Image size of job updated: 339048
...
006 (1755145.000.000) 11/15 21:57:23 Image size of job updated: 340072
...
005 (1755145.000.000) 11/15 21:58:11 Job terminated.
	(1) Normal termination (return value 0)
		Usr 0 02:56:41, Sys 0 00:02:00  -  Run Remote Usage
		Usr 0 00:00:00, Sys 0 00:00:00  -  Run Local Usage
		Usr 0 02:56:41, Sys 0 00:02:00  -  Total Remote Usage
		Usr 0 00:00:00, Sys 0 00:00:00  -  Total Local Usage
	0  -  Run Bytes Sent By Job
	0  -  Run Bytes Received By Job
	0  -  Total Bytes Sent By Job
	0  -  Total Bytes Received By Job
...
