000 (1754970.000.000) 11/14 02:19:27 Job submitted from host: <130.199.206.69:49450>
...
001 (1754970.000.000) 11/15 15:09:36 Job executing on host: <130.199.183.31:39335>
...
006 (1754970.000.000) 11/15 15:09:45 Image size of job updated: 243212
...
006 (1754970.000.000) 11/15 15:14:46 Image size of job updated: 284568
...
006 (1754970.000.000) 11/15 15:19:47 Image size of job updated: 286048
...
006 (1754970.000.000) 11/15 15:29:49 Image size of job updated: 287344
...
006 (1754970.000.000) 11/15 15:34:50 Image size of job updated: 288532
...
006 (1754970.000.000) 11/15 15:39:51 Image size of job updated: 289132
...
006 (1754970.000.000) 11/15 15:44:52 Image size of job updated: 289780
...
006 (1754970.000.000) 11/15 15:49:53 Image size of job updated: 292016
...
006 (1754970.000.000) 11/15 15:54:54 Image size of job updated: 294016
...
006 (1754970.000.000) 11/15 15:59:55 Image size of job updated: 295016
...
006 (1754970.000.000) 11/15 16:04:56 Image size of job updated: 295412
...
006 (1754970.000.000) 11/15 16:25:00 Image size of job updated: 295436
...
006 (1754970.000.000) 11/15 16:55:06 Image size of job updated: 295612
...
006 (1754970.000.000) 11/15 17:00:07 Image size of job updated: 320244
...
006 (1754970.000.000) 11/15 17:05:08 Image size of job updated: 332532
...
006 (1754970.000.000) 11/15 17:10:08 Image size of job updated: 338676
...
006 (1754970.000.000) 11/15 17:15:08 Image size of job updated: 339700
...
006 (1754970.000.000) 11/15 17:25:08 Image size of job updated: 341748
...
006 (1754970.000.000) 11/15 17:30:08 Image size of job updated: 342772
...
005 (1754970.000.000) 11/15 17:31:43 Job terminated.
	(1) Normal termination (return value 0)
		Usr 0 01:47:42, Sys 0 00:01:08  -  Run Remote Usage
		Usr 0 00:00:00, Sys 0 00:00:00  -  Run Local Usage
		Usr 0 01:47:42, Sys 0 00:01:08  -  Total Remote Usage
		Usr 0 00:00:00, Sys 0 00:00:00  -  Total Local Usage
	0  -  Run Bytes Sent By Job
	0  -  Run Bytes Received By Job
	0  -  Total Bytes Sent By Job
	0  -  Total Bytes Received By Job
...
