000 (1753540.000.000) 11/14 02:15:48 Job submitted from host: <130.199.206.69:49450>
...
001 (1753540.000.000) 11/14 07:44:46 Job executing on host: <130.199.180.155:36902>
...
006 (1753540.000.000) 11/14 07:44:54 Image size of job updated: 8824
...
006 (1753540.000.000) 11/14 07:49:54 Image size of job updated: 285152
...
006 (1753540.000.000) 11/14 07:54:54 Image size of job updated: 286184
...
006 (1753540.000.000) 11/14 08:09:54 Image size of job updated: 287556
...
006 (1753540.000.000) 11/14 08:19:54 Image size of job updated: 290732
...
006 (1753540.000.000) 11/14 08:34:54 Image size of job updated: 307804
...
006 (1753540.000.000) 11/14 08:39:54 Image size of job updated: 322140
...
006 (1753540.000.000) 11/14 08:44:54 Image size of job updated: 327260
...
006 (1753540.000.000) 11/14 08:49:54 Image size of job updated: 335452
...
006 (1753540.000.000) 11/14 08:54:54 Image size of job updated: 336476
...
006 (1753540.000.000) 11/14 08:59:54 Image size of job updated: 337500
...
006 (1753540.000.000) 11/14 09:09:54 Image size of job updated: 338524
...
006 (1753540.000.000) 11/14 09:24:56 Image size of job updated: 339008
...
006 (1753540.000.000) 11/14 09:29:57 Image size of job updated: 340032
...
006 (1753540.000.000) 11/14 09:34:58 Image size of job updated: 341056
...
006 (1753540.000.000) 11/14 09:45:00 Image size of job updated: 342080
...
006 (1753540.000.000) 11/14 10:00:03 Image size of job updated: 343104
...
006 (1753540.000.000) 11/14 10:20:07 Image size of job updated: 344128
...
006 (1753540.000.000) 11/14 10:30:09 Image size of job updated: 345152
...
006 (1753540.000.000) 11/14 10:55:14 Image size of job updated: 346176
...
006 (1753540.000.000) 11/14 11:55:26 Image size of job updated: 347200
...
005 (1753540.000.000) 11/14 12:00:03 Job terminated.
	(1) Normal termination (return value 0)
		Usr 0 03:49:51, Sys 0 00:01:56  -  Run Remote Usage
		Usr 0 00:00:00, Sys 0 00:00:00  -  Run Local Usage
		Usr 0 03:49:51, Sys 0 00:01:56  -  Total Remote Usage
		Usr 0 00:00:00, Sys 0 00:00:00  -  Total Local Usage
	0  -  Run Bytes Sent By Job
	0  -  Run Bytes Received By Job
	0  -  Total Bytes Sent By Job
	0  -  Total Bytes Received By Job
...
