000 (1754678.000.000) 11/14 02:18:59 Job submitted from host: <130.199.206.69:49450>
...
001 (1754678.000.000) 11/14 05:53:52 Job executing on host: <130.199.207.48:40244>
...
006 (1754678.000.000) 11/14 05:59:00 Image size of job updated: 282584
...
006 (1754678.000.000) 11/14 06:04:00 Image size of job updated: 284192
...
006 (1754678.000.000) 11/14 06:09:00 Image size of job updated: 285400
...
006 (1754678.000.000) 11/14 06:14:00 Image size of job updated: 285704
...
006 (1754678.000.000) 11/14 06:24:00 Image size of job updated: 286160
...
006 (1754678.000.000) 11/14 06:29:00 Image size of job updated: 286820
...
006 (1754678.000.000) 11/14 06:34:00 Image size of job updated: 287908
...
006 (1754678.000.000) 11/14 06:49:03 Image size of job updated: 288376
...
006 (1754678.000.000) 11/14 07:04:06 Image size of job updated: 290952
...
006 (1754678.000.000) 11/14 07:19:09 Image size of job updated: 310556
...
006 (1754678.000.000) 11/14 07:24:10 Image size of job updated: 333084
...
006 (1754678.000.000) 11/14 07:29:11 Image size of job updated: 337180
...
006 (1754678.000.000) 11/14 07:39:13 Image size of job updated: 338204
...
006 (1754678.000.000) 11/14 07:44:14 Image size of job updated: 340252
...
006 (1754678.000.000) 11/14 07:49:15 Image size of job updated: 341276
...
006 (1754678.000.000) 11/14 07:54:16 Image size of job updated: 342300
...
005 (1754678.000.000) 11/14 09:02:00 Job terminated.
	(1) Normal termination (return value 0)
		Usr 0 01:54:49, Sys 0 00:00:47  -  Run Remote Usage
		Usr 0 00:00:00, Sys 0 00:00:00  -  Run Local Usage
		Usr 0 01:54:49, Sys 0 00:00:47  -  Total Remote Usage
		Usr 0 00:00:00, Sys 0 00:00:00  -  Total Local Usage
	0  -  Run Bytes Sent By Job
	0  -  Run Bytes Received By Job
	0  -  Total Bytes Sent By Job
	0  -  Total Bytes Received By Job
...
