000 (1755309.000.000) 11/14 02:20:03 Job submitted from host: <130.199.206.69:49450>
...
001 (1755309.000.000) 11/15 12:40:18 Job executing on host: <130.199.180.165:47530>
...
006 (1755309.000.000) 11/15 12:40:26 Image size of job updated: 210124
...
006 (1755309.000.000) 11/15 12:45:26 Image size of job updated: 283360
...
006 (1755309.000.000) 11/15 12:50:26 Image size of job updated: 284340
...
006 (1755309.000.000) 11/15 13:00:26 Image size of job updated: 289960
...
006 (1755309.000.000) 11/15 13:05:26 Image size of job updated: 290568
...
006 (1755309.000.000) 11/15 13:10:26 Image size of job updated: 292212
...
006 (1755309.000.000) 11/15 13:15:26 Image size of job updated: 293644
...
006 (1755309.000.000) 11/15 13:20:26 Image size of job updated: 294276
...
006 (1755309.000.000) 11/15 13:25:26 Image size of job updated: 295604
...
006 (1755309.000.000) 11/15 13:30:26 Image size of job updated: 295800
...
006 (1755309.000.000) 11/15 13:40:26 Image size of job updated: 296876
...
006 (1755309.000.000) 11/15 14:05:29 Image size of job updated: 297436
...
006 (1755309.000.000) 11/15 14:15:31 Image size of job updated: 297672
...
006 (1755309.000.000) 11/15 14:20:32 Image size of job updated: 335904
...
006 (1755309.000.000) 11/15 14:25:33 Image size of job updated: 342676
...
005 (1755309.000.000) 11/15 14:30:39 Job terminated.
	(1) Normal termination (return value 0)
		Usr 0 01:33:00, Sys 0 00:01:02  -  Run Remote Usage
		Usr 0 00:00:00, Sys 0 00:00:00  -  Run Local Usage
		Usr 0 01:33:00, Sys 0 00:01:02  -  Total Remote Usage
		Usr 0 00:00:00, Sys 0 00:00:00  -  Total Local Usage
	0  -  Run Bytes Sent By Job
	0  -  Run Bytes Received By Job
	0  -  Total Bytes Sent By Job
	0  -  Total Bytes Received By Job
...
