000 (1753940.000.000) 11/14 02:17:04 Job submitted from host: <130.199.206.69:49450>
...
001 (1753940.000.000) 11/14 06:23:32 Job executing on host: <130.199.206.187:57875>
...
006 (1753940.000.000) 11/14 06:23:40 Image size of job updated: 185536
...
006 (1753940.000.000) 11/14 06:28:40 Image size of job updated: 285196
...
006 (1753940.000.000) 11/14 06:33:40 Image size of job updated: 286468
...
006 (1753940.000.000) 11/14 06:38:40 Image size of job updated: 287900
...
006 (1753940.000.000) 11/14 06:43:40 Image size of job updated: 288556
...
006 (1753940.000.000) 11/14 06:48:40 Image size of job updated: 291896
...
006 (1753940.000.000) 11/14 06:58:40 Image size of job updated: 292572
...
006 (1753940.000.000) 11/14 07:03:40 Image size of job updated: 293600
...
006 (1753940.000.000) 11/14 07:08:40 Image size of job updated: 293780
...
006 (1753940.000.000) 11/14 07:13:40 Image size of job updated: 294204
...
006 (1753940.000.000) 11/14 07:18:40 Image size of job updated: 295012
...
006 (1753940.000.000) 11/14 07:48:45 Image size of job updated: 295032
...
006 (1753940.000.000) 11/14 07:58:47 Image size of job updated: 295788
...
006 (1753940.000.000) 11/14 08:13:50 Image size of job updated: 297376
...
005 (1753940.000.000) 11/14 08:16:40 Job terminated.
	(1) Normal termination (return value 0)
		Usr 0 01:41:31, Sys 0 00:00:26  -  Run Remote Usage
		Usr 0 00:00:00, Sys 0 00:00:00  -  Run Local Usage
		Usr 0 01:41:31, Sys 0 00:00:26  -  Total Remote Usage
		Usr 0 00:00:00, Sys 0 00:00:00  -  Total Local Usage
	0  -  Run Bytes Sent By Job
	0  -  Run Bytes Received By Job
	0  -  Total Bytes Sent By Job
	0  -  Total Bytes Received By Job
...
