000 (1755460.000.000) 11/14 02:20:10 Job submitted from host: <130.199.206.69:49450>
...
001 (1755460.000.000) 11/15 19:29:37 Job executing on host: <130.199.180.158:55404>
...
006 (1755460.000.000) 11/15 19:29:46 Image size of job updated: 174064
...
006 (1755460.000.000) 11/15 19:34:47 Image size of job updated: 286524
...
006 (1755460.000.000) 11/15 19:39:48 Image size of job updated: 291976
...
005 (1755460.000.000) 11/15 19:39:51 Job terminated.
	(1) Normal termination (return value 0)
		Usr 0 00:08:46, Sys 0 00:00:08  -  Run Remote Usage
		Usr 0 00:00:00, Sys 0 00:00:00  -  Run Local Usage
		Usr 0 00:08:46, Sys 0 00:00:08  -  Total Remote Usage
		Usr 0 00:00:00, Sys 0 00:00:00  -  Total Local Usage
	0  -  Run Bytes Sent By Job
	0  -  Run Bytes Received By Job
	0  -  Total Bytes Sent By Job
	0  -  Total Bytes Received By Job
...
