000 (1754238.000.000) 11/14 02:17:52 Job submitted from host: <130.199.206.69:49450>
...
001 (1754238.000.000) 11/14 07:53:39 Job executing on host: <130.199.183.19:35289>
...
006 (1754238.000.000) 11/14 07:53:47 Image size of job updated: 8820
...
006 (1754238.000.000) 11/14 07:58:47 Image size of job updated: 283212
...
006 (1754238.000.000) 11/14 08:03:47 Image size of job updated: 285904
...
006 (1754238.000.000) 11/14 08:08:47 Image size of job updated: 287324
...
006 (1754238.000.000) 11/14 08:13:47 Image size of job updated: 287724
...
006 (1754238.000.000) 11/14 08:18:47 Image size of job updated: 288056
...
006 (1754238.000.000) 11/14 08:23:47 Image size of job updated: 288472
...
006 (1754238.000.000) 11/14 08:28:47 Image size of job updated: 288816
...
006 (1754238.000.000) 11/14 08:38:47 Image size of job updated: 290948
...
006 (1754238.000.000) 11/14 08:43:47 Image size of job updated: 291592
...
006 (1754238.000.000) 11/14 08:48:47 Image size of job updated: 292204
...
006 (1754238.000.000) 11/14 08:53:47 Image size of job updated: 292748
...
006 (1754238.000.000) 11/14 08:58:47 Image size of job updated: 294252
...
006 (1754238.000.000) 11/14 09:18:47 Image size of job updated: 294300
...
006 (1754238.000.000) 11/14 09:23:47 Image size of job updated: 294636
...
006 (1754238.000.000) 11/14 10:03:47 Image size of job updated: 295664
...
006 (1754238.000.000) 11/14 10:53:54 Image size of job updated: 295716
...
006 (1754238.000.000) 11/14 10:58:55 Image size of job updated: 295820
...
006 (1754238.000.000) 11/14 11:08:57 Image size of job updated: 296132
...
005 (1754238.000.000) 11/14 11:27:08 Job terminated.
	(1) Normal termination (return value 0)
		Usr 0 03:11:30, Sys 0 00:01:19  -  Run Remote Usage
		Usr 0 00:00:00, Sys 0 00:00:00  -  Run Local Usage
		Usr 0 03:11:30, Sys 0 00:01:19  -  Total Remote Usage
		Usr 0 00:00:00, Sys 0 00:00:00  -  Total Local Usage
	0  -  Run Bytes Sent By Job
	0  -  Run Bytes Received By Job
	0  -  Total Bytes Sent By Job
	0  -  Total Bytes Received By Job
...
