000 (1753593.000.000) 11/14 02:16:08 Job submitted from host: <130.199.206.69:49450>
...
001 (1753593.000.000) 11/14 07:51:19 Job executing on host: <130.199.183.17:52518>
...
006 (1753593.000.000) 11/14 07:51:28 Image size of job updated: 145528
...
006 (1753593.000.000) 11/14 07:56:29 Image size of job updated: 282944
...
006 (1753593.000.000) 11/14 08:01:30 Image size of job updated: 284564
...
006 (1753593.000.000) 11/14 08:11:32 Image size of job updated: 287900
...
006 (1753593.000.000) 11/14 08:16:33 Image size of job updated: 288436
...
006 (1753593.000.000) 11/14 08:21:34 Image size of job updated: 289576
...
006 (1753593.000.000) 11/14 08:31:36 Image size of job updated: 290084
...
006 (1753593.000.000) 11/14 08:36:37 Image size of job updated: 294360
...
006 (1753593.000.000) 11/14 08:41:38 Image size of job updated: 294988
...
006 (1753593.000.000) 11/14 08:46:39 Image size of job updated: 295240
...
006 (1753593.000.000) 11/14 08:51:40 Image size of job updated: 295916
...
006 (1753593.000.000) 11/14 09:21:46 Image size of job updated: 296060
...
006 (1753593.000.000) 11/14 09:26:47 Image size of job updated: 296676
...
006 (1753593.000.000) 11/14 09:31:47 Image size of job updated: 296984
...
006 (1753593.000.000) 11/14 09:41:47 Image size of job updated: 297260
...
006 (1753593.000.000) 11/14 09:51:47 Image size of job updated: 297972
...
006 (1753593.000.000) 11/14 09:56:47 Image size of job updated: 297984
...
005 (1753593.000.000) 11/14 10:03:36 Job terminated.
	(1) Normal termination (return value 0)
		Usr 0 01:54:54, Sys 0 00:00:37  -  Run Remote Usage
		Usr 0 00:00:00, Sys 0 00:00:00  -  Run Local Usage
		Usr 0 01:54:54, Sys 0 00:00:37  -  Total Remote Usage
		Usr 0 00:00:00, Sys 0 00:00:00  -  Total Local Usage
	0  -  Run Bytes Sent By Job
	0  -  Run Bytes Received By Job
	0  -  Total Bytes Sent By Job
	0  -  Total Bytes Received By Job
...
