000 (1755011.000.000) 11/14 02:19:38 Job submitted from host: <130.199.206.69:49450>
...
001 (1755011.000.000) 11/15 11:40:03 Job executing on host: <130.199.206.207:52080>
...
006 (1755011.000.000) 11/15 11:40:12 Image size of job updated: 8680
...
006 (1755011.000.000) 11/15 11:45:13 Image size of job updated: 284660
...
006 (1755011.000.000) 11/15 11:50:14 Image size of job updated: 285944
...
006 (1755011.000.000) 11/15 11:55:15 Image size of job updated: 287012
...
006 (1755011.000.000) 11/15 12:00:16 Image size of job updated: 287488
...
006 (1755011.000.000) 11/15 12:05:17 Image size of job updated: 289856
...
006 (1755011.000.000) 11/15 12:10:18 Image size of job updated: 291224
...
006 (1755011.000.000) 11/15 12:15:19 Image size of job updated: 291296
...
006 (1755011.000.000) 11/15 12:20:20 Image size of job updated: 291856
...
006 (1755011.000.000) 11/15 12:30:22 Image size of job updated: 292404
...
006 (1755011.000.000) 11/15 12:35:23 Image size of job updated: 293056
...
006 (1755011.000.000) 11/15 12:40:24 Image size of job updated: 293188
...
006 (1755011.000.000) 11/15 12:45:25 Image size of job updated: 293364
...
006 (1755011.000.000) 11/15 12:55:27 Image size of job updated: 294724
...
006 (1755011.000.000) 11/15 13:10:30 Image size of job updated: 295132
...
006 (1755011.000.000) 11/15 13:20:32 Image size of job updated: 295792
...
006 (1755011.000.000) 11/15 13:25:33 Image size of job updated: 326520
...
006 (1755011.000.000) 11/15 13:30:34 Image size of job updated: 336760
...
006 (1755011.000.000) 11/15 13:35:35 Image size of job updated: 340856
...
006 (1755011.000.000) 11/15 13:40:36 Image size of job updated: 342904
...
006 (1755011.000.000) 11/15 13:45:37 Image size of job updated: 343928
...
006 (1755011.000.000) 11/15 13:50:38 Image size of job updated: 344952
...
006 (1755011.000.000) 11/15 13:55:39 Image size of job updated: 347000
...
005 (1755011.000.000) 11/15 14:00:46 Job terminated.
	(1) Normal termination (return value 0)
		Usr 0 01:57:47, Sys 0 00:00:25  -  Run Remote Usage
		Usr 0 00:00:00, Sys 0 00:00:00  -  Run Local Usage
		Usr 0 01:57:47, Sys 0 00:00:25  -  Total Remote Usage
		Usr 0 00:00:00, Sys 0 00:00:00  -  Total Local Usage
	0  -  Run Bytes Sent By Job
	0  -  Run Bytes Received By Job
	0  -  Total Bytes Sent By Job
	0  -  Total Bytes Received By Job
...
