000 (1753739.000.000) 11/14 02:16:28 Job submitted from host: <130.199.206.69:49450>
...
001 (1753739.000.000) 11/14 06:31:47 Job executing on host: <130.199.206.159:54197>
...
006 (1753739.000.000) 11/14 06:31:56 Image size of job updated: 175368
...
006 (1753739.000.000) 11/14 06:36:57 Image size of job updated: 282204
...
006 (1753739.000.000) 11/14 06:41:58 Image size of job updated: 284796
...
006 (1753739.000.000) 11/14 06:52:00 Image size of job updated: 315696
...
006 (1753739.000.000) 11/14 06:57:01 Image size of job updated: 321840
...
006 (1753739.000.000) 11/14 07:02:02 Image size of job updated: 326960
...
006 (1753739.000.000) 11/14 07:22:02 Image size of job updated: 333172
...
006 (1753739.000.000) 11/14 07:27:02 Image size of job updated: 334196
...
006 (1753739.000.000) 11/14 07:32:02 Image size of job updated: 335220
...
006 (1753739.000.000) 11/14 07:37:02 Image size of job updated: 336244
...
006 (1753739.000.000) 11/14 07:47:02 Image size of job updated: 337268
...
006 (1753739.000.000) 11/14 08:07:02 Image size of job updated: 338292
...
006 (1753739.000.000) 11/14 08:42:08 Image size of job updated: 342156
...
006 (1753739.000.000) 11/14 08:47:09 Image size of job updated: 342904
...
006 (1753739.000.000) 11/14 08:52:10 Image size of job updated: 344256
...
005 (1753739.000.000) 11/14 09:51:41 Job terminated.
	(1) Normal termination (return value 0)
		Usr 0 03:04:38, Sys 0 00:01:01  -  Run Remote Usage
		Usr 0 00:00:00, Sys 0 00:00:00  -  Run Local Usage
		Usr 0 03:04:38, Sys 0 00:01:01  -  Total Remote Usage
		Usr 0 00:00:00, Sys 0 00:00:00  -  Total Local Usage
	0  -  Run Bytes Sent By Job
	0  -  Run Bytes Received By Job
	0  -  Total Bytes Sent By Job
	0  -  Total Bytes Received By Job
...
