000 (1753797.000.000) 11/14 02:16:47 Job submitted from host: <130.199.206.69:49450>
...
001 (1753797.000.000) 11/14 06:36:18 Job executing on host: <130.199.183.15:40034>
...
006 (1753797.000.000) 11/14 06:41:27 Image size of job updated: 175728
...
006 (1753797.000.000) 11/14 06:46:27 Image size of job updated: 189628
...
006 (1753797.000.000) 11/14 06:51:27 Image size of job updated: 192156
...
006 (1753797.000.000) 11/14 06:56:27 Image size of job updated: 192840
...
006 (1753797.000.000) 11/14 07:01:28 Image size of job updated: 192852
...
006 (1753797.000.000) 11/14 07:06:29 Image size of job updated: 279944
...
006 (1753797.000.000) 11/14 07:11:31 Image size of job updated: 280660
...
006 (1753797.000.000) 11/14 07:16:31 Image size of job updated: 281608
...
006 (1753797.000.000) 11/14 07:26:31 Image size of job updated: 281928
...
006 (1753797.000.000) 11/14 07:31:31 Image size of job updated: 284100
...
006 (1753797.000.000) 11/14 07:41:33 Image size of job updated: 284652
...
006 (1753797.000.000) 11/14 08:01:34 Image size of job updated: 285576
...
006 (1753797.000.000) 11/14 09:36:44 Image size of job updated: 286196
...
006 (1753797.000.000) 11/14 09:56:46 Image size of job updated: 286392
...
006 (1753797.000.000) 11/14 10:11:48 Image size of job updated: 289020
...
006 (1753797.000.000) 11/14 10:16:49 Image size of job updated: 289504
...
006 (1753797.000.000) 11/14 10:21:50 Image size of job updated: 290000
...
006 (1753797.000.000) 11/14 10:31:52 Image size of job updated: 290800
...
006 (1753797.000.000) 11/14 10:37:06 Image size of job updated: 291656
...
006 (1753797.000.000) 11/14 10:41:52 Image size of job updated: 292944
...
006 (1753797.000.000) 11/14 10:46:53 Image size of job updated: 293188
...
006 (1753797.000.000) 11/14 11:21:58 Image size of job updated: 308880
...
006 (1753797.000.000) 11/14 11:26:58 Image size of job updated: 317072
...
006 (1753797.000.000) 11/14 11:31:58 Image size of job updated: 323216
...
004 (1753797.000.000) 11/14 11:36:21 Job was evicted.
	(0) Job was not checkpointed.
		Usr 0 00:48:18, Sys 0 00:00:23  -  Run Remote Usage
		Usr 0 00:00:00, Sys 0 00:00:00  -  Run Local Usage
	0  -  Run Bytes Sent By Job
	0  -  Run Bytes Received By Job
...
009 (1753797.000.000) 11/14 11:36:58 Job was aborted by the user.
	The job attribute PeriodicRemove expression '(NumJobStarts >= 1 && JobStatus == 1) || (JobStatus == 2 && (CurrentTime - JobCurrentStartDate > (54000)) && ((RemoteUserCpu + RemoteSysCpu) / (CurrentTime - JobCurrentStartDate) < 0.100000)) || (((CurrentTime - EnteredCurrentStatus) > (2 * 24 * 3600)) && JobStatus == 5) || (JobRunCount >= 1 && JobStatus == 1)' evaluated to TRUE
...
000 (1798173.000.000) 11/18 15:19:54 Job submitted from host: <130.199.206.69:49450>
...
001 (1798173.000.000) 11/18 22:47:57 Job executing on host: <130.199.206.126:56760>
...
006 (1798173.000.000) 11/18 22:48:06 Image size of job updated: 140772
...
006 (1798173.000.000) 11/18 22:53:07 Image size of job updated: 199768
...
006 (1798173.000.000) 11/19 05:03:42 Image size of job updated: 281432
...
006 (1798173.000.000) 11/19 05:08:42 Image size of job updated: 284560
...
006 (1798173.000.000) 11/19 05:18:44 Image size of job updated: 284912
...
009 (1798173.000.000) 11/19 13:48:02 Job was aborted by the user.
	The job attribute PeriodicRemove expression '(NumJobStarts >= 1 && JobStatus == 1) || (JobStatus == 2 && (CurrentTime - JobCurrentStartDate > (54000)) && ((RemoteUserCpu + RemoteSysCpu) / (CurrentTime - JobCurrentStartDate) < 0.100000)) || (((CurrentTime - EnteredCurrentStatus) > (2 * 24 * 3600)) && JobStatus == 5) || (JobRunCount >= 1 && JobStatus == 1)' evaluated to TRUE
...
000 (1804696.000.000) 11/21 22:32:12 Job submitted from host: <130.199.206.69:49450>
...
001 (1804696.000.000) 11/22 00:06:42 Job executing on host: <130.199.206.142:47624>
...
006 (1804696.000.000) 11/22 00:11:50 Image size of job updated: 292664
...
006 (1804696.000.000) 11/22 00:16:50 Image size of job updated: 296460
...
006 (1804696.000.000) 11/22 00:21:50 Image size of job updated: 300428
...
006 (1804696.000.000) 11/22 00:26:50 Image size of job updated: 310668
...
006 (1804696.000.000) 11/22 00:31:50 Image size of job updated: 315788
...
006 (1804696.000.000) 11/22 00:36:51 Image size of job updated: 322964
...
006 (1804696.000.000) 11/22 00:41:52 Image size of job updated: 325012
...
006 (1804696.000.000) 11/22 00:46:53 Image size of job updated: 326036
...
006 (1804696.000.000) 11/22 00:51:54 Image size of job updated: 328084
...
006 (1804696.000.000) 11/22 00:56:55 Image size of job updated: 329108
...
006 (1804696.000.000) 11/22 01:16:59 Image size of job updated: 330132
...
006 (1804696.000.000) 11/22 01:32:02 Image size of job updated: 331156
...
006 (1804696.000.000) 11/22 02:02:02 Image size of job updated: 332180
...
006 (1804696.000.000) 11/22 02:32:03 Image size of job updated: 333204
...
006 (1804696.000.000) 11/22 02:47:06 Image size of job updated: 334228
...
006 (1804696.000.000) 11/22 03:02:09 Image size of job updated: 335252
...
005 (1804696.000.000) 11/22 03:09:47 Job terminated.
	(1) Normal termination (return value 0)
		Usr 0 02:44:37, Sys 0 00:01:10  -  Run Remote Usage
		Usr 0 00:00:00, Sys 0 00:00:00  -  Run Local Usage
		Usr 0 02:44:37, Sys 0 00:01:10  -  Total Remote Usage
		Usr 0 00:00:00, Sys 0 00:00:00  -  Total Local Usage
	0  -  Run Bytes Sent By Job
	0  -  Run Bytes Received By Job
	0  -  Total Bytes Sent By Job
	0  -  Total Bytes Received By Job
...
