000 (1753902.000.000) 11/14 02:17:04 Job submitted from host: <130.199.206.69:49450>
...
001 (1753902.000.000) 11/14 05:31:00 Job executing on host: <130.199.180.173:34638>
...
006 (1753902.000.000) 11/14 05:31:09 Image size of job updated: 72792
...
006 (1753902.000.000) 11/14 05:36:10 Image size of job updated: 283864
...
006 (1753902.000.000) 11/14 05:41:11 Image size of job updated: 285064
...
006 (1753902.000.000) 11/14 05:46:12 Image size of job updated: 285420
...
006 (1753902.000.000) 11/14 05:51:13 Image size of job updated: 285556
...
006 (1753902.000.000) 11/14 05:56:14 Image size of job updated: 285608
...
006 (1753902.000.000) 11/14 06:01:15 Image size of job updated: 286844
...
006 (1753902.000.000) 11/14 06:06:16 Image size of job updated: 287972
...
006 (1753902.000.000) 11/14 06:11:17 Image size of job updated: 289156
...
006 (1753902.000.000) 11/14 06:16:18 Image size of job updated: 292896
...
006 (1753902.000.000) 11/14 06:26:20 Image size of job updated: 293800
...
006 (1753902.000.000) 11/14 06:31:21 Image size of job updated: 294024
...
006 (1753902.000.000) 11/14 06:41:23 Image size of job updated: 294320
...
006 (1753902.000.000) 11/14 06:46:24 Image size of job updated: 294536
...
006 (1753902.000.000) 11/14 06:51:25 Image size of job updated: 294692
...
006 (1753902.000.000) 11/14 07:11:29 Image size of job updated: 294884
...
006 (1753902.000.000) 11/14 07:26:32 Image size of job updated: 295308
...
006 (1753902.000.000) 11/14 07:56:38 Image size of job updated: 295616
...
006 (1753902.000.000) 11/14 08:01:39 Image size of job updated: 296140
...
006 (1753902.000.000) 11/14 08:06:40 Image size of job updated: 297532
...
006 (1753902.000.000) 11/14 08:11:40 Image size of job updated: 297600
...
006 (1753902.000.000) 11/14 08:16:40 Image size of job updated: 297864
...
005 (1753902.000.000) 11/14 08:42:15 Job terminated.
	(1) Normal termination (return value 0)
		Usr 0 02:53:37, Sys 0 00:01:13  -  Run Remote Usage
		Usr 0 00:00:00, Sys 0 00:00:00  -  Run Local Usage
		Usr 0 02:53:37, Sys 0 00:01:13  -  Total Remote Usage
		Usr 0 00:00:00, Sys 0 00:00:00  -  Total Local Usage
	0  -  Run Bytes Sent By Job
	0  -  Run Bytes Received By Job
	0  -  Total Bytes Sent By Job
	0  -  Total Bytes Received By Job
...
