000 (1753991.000.000) 11/14 02:17:22 Job submitted from host: <130.199.206.69:49450>
...
001 (1753991.000.000) 11/14 05:36:32 Job executing on host: <130.199.206.219:58416>
...
006 (1753991.000.000) 11/14 05:41:40 Image size of job updated: 284428
...
006 (1753991.000.000) 11/14 05:46:40 Image size of job updated: 285548
...
006 (1753991.000.000) 11/14 05:51:40 Image size of job updated: 288820
...
006 (1753991.000.000) 11/14 05:56:40 Image size of job updated: 290376
...
006 (1753991.000.000) 11/14 06:01:40 Image size of job updated: 293668
...
006 (1753991.000.000) 11/14 06:06:40 Image size of job updated: 331596
...
006 (1753991.000.000) 11/14 06:11:40 Image size of job updated: 336716
...
006 (1753991.000.000) 11/14 06:16:40 Image size of job updated: 340812
...
005 (1753991.000.000) 11/14 06:46:38 Job terminated.
	(1) Normal termination (return value 0)
		Usr 0 01:03:07, Sys 0 00:00:15  -  Run Remote Usage
		Usr 0 00:00:00, Sys 0 00:00:00  -  Run Local Usage
		Usr 0 01:03:07, Sys 0 00:00:15  -  Total Remote Usage
		Usr 0 00:00:00, Sys 0 00:00:00  -  Total Local Usage
	0  -  Run Bytes Sent By Job
	0  -  Run Bytes Received By Job
	0  -  Total Bytes Sent By Job
	0  -  Total Bytes Received By Job
...
