000 (1753437.000.000) 11/14 02:14:53 Job submitted from host: <130.199.206.69:49450>
...
001 (1753437.000.000) 11/14 05:12:53 Job executing on host: <130.199.183.16:34724>
...
006 (1753437.000.000) 11/14 05:13:02 Image size of job updated: 157848
...
006 (1753437.000.000) 11/14 05:18:03 Image size of job updated: 284460
...
006 (1753437.000.000) 11/14 05:23:04 Image size of job updated: 286532
...
006 (1753437.000.000) 11/14 05:38:07 Image size of job updated: 286904
...
006 (1753437.000.000) 11/14 05:48:09 Image size of job updated: 286948
...
006 (1753437.000.000) 11/14 06:08:13 Image size of job updated: 289404
...
006 (1753437.000.000) 11/14 06:13:14 Image size of job updated: 290416
...
006 (1753437.000.000) 11/14 06:18:15 Image size of job updated: 290640
...
006 (1753437.000.000) 11/14 06:23:16 Image size of job updated: 290664
...
006 (1753437.000.000) 11/14 06:28:17 Image size of job updated: 291108
...
006 (1753437.000.000) 11/14 06:33:18 Image size of job updated: 291204
...
006 (1753437.000.000) 11/14 06:53:22 Image size of job updated: 291940
...
006 (1753437.000.000) 11/14 06:58:23 Image size of job updated: 292520
...
006 (1753437.000.000) 11/14 07:03:24 Image size of job updated: 292928
...
006 (1753437.000.000) 11/14 07:08:24 Image size of job updated: 293400
...
006 (1753437.000.000) 11/14 07:18:24 Image size of job updated: 293408
...
006 (1753437.000.000) 11/14 07:28:24 Image size of job updated: 294180
...
006 (1753437.000.000) 11/14 07:33:24 Image size of job updated: 294652
...
006 (1753437.000.000) 11/14 07:58:24 Image size of job updated: 294720
...
006 (1753437.000.000) 11/14 08:08:24 Image size of job updated: 295404
...
006 (1753437.000.000) 11/14 08:28:24 Image size of job updated: 295588
...
006 (1753437.000.000) 11/14 08:33:24 Image size of job updated: 296804
...
006 (1753437.000.000) 11/14 08:53:24 Image size of job updated: 297356
...
006 (1753437.000.000) 11/14 08:58:24 Image size of job updated: 297528
...
005 (1753437.000.000) 11/14 09:32:27 Job terminated.
	(1) Normal termination (return value 0)
		Usr 0 03:48:04, Sys 0 00:01:39  -  Run Remote Usage
		Usr 0 00:00:00, Sys 0 00:00:00  -  Run Local Usage
		Usr 0 03:48:04, Sys 0 00:01:39  -  Total Remote Usage
		Usr 0 00:00:00, Sys 0 00:00:00  -  Total Local Usage
	0  -  Run Bytes Sent By Job
	0  -  Run Bytes Received By Job
	0  -  Total Bytes Sent By Job
	0  -  Total Bytes Received By Job
...
