000 (1753608.000.000) 11/14 02:16:08 Job submitted from host: <130.199.206.69:49450>
...
001 (1753608.000.000) 11/14 07:53:42 Job executing on host: <130.199.206.188:36340>
...
006 (1753608.000.000) 11/14 07:53:50 Image size of job updated: 8824
...
006 (1753608.000.000) 11/14 07:58:50 Image size of job updated: 279508
...
006 (1753608.000.000) 11/14 08:03:51 Image size of job updated: 290108
...
006 (1753608.000.000) 11/14 08:08:52 Image size of job updated: 291852
...
006 (1753608.000.000) 11/14 08:13:53 Image size of job updated: 295064
...
006 (1753608.000.000) 11/14 08:18:54 Image size of job updated: 296568
...
005 (1753608.000.000) 11/14 08:23:12 Job terminated.
	(1) Normal termination (return value 0)
		Usr 0 00:25:14, Sys 0 00:00:08  -  Run Remote Usage
		Usr 0 00:00:00, Sys 0 00:00:00  -  Run Local Usage
		Usr 0 00:25:14, Sys 0 00:00:08  -  Total Remote Usage
		Usr 0 00:00:00, Sys 0 00:00:00  -  Total Local Usage
	0  -  Run Bytes Sent By Job
	0  -  Run Bytes Received By Job
	0  -  Total Bytes Sent By Job
	0  -  Total Bytes Received By Job
...
