000 (1755005.000.000) 11/14 02:19:38 Job submitted from host: <130.199.206.69:49450>
...
001 (1755005.000.000) 11/15 11:39:53 Job executing on host: <130.199.183.13:48319>
...
006 (1755005.000.000) 11/15 11:40:02 Image size of job updated: 8820
...
006 (1755005.000.000) 11/15 11:45:03 Image size of job updated: 174192
...
006 (1755005.000.000) 11/15 11:50:04 Image size of job updated: 174324
...
006 (1755005.000.000) 11/15 12:00:06 Image size of job updated: 174452
...
006 (1755005.000.000) 11/15 12:05:07 Image size of job updated: 192840
...
006 (1755005.000.000) 11/15 12:10:08 Image size of job updated: 284456
...
006 (1755005.000.000) 11/15 12:15:09 Image size of job updated: 286072
...
006 (1755005.000.000) 11/15 12:20:10 Image size of job updated: 288248
...
006 (1755005.000.000) 11/15 12:25:11 Image size of job updated: 288824
...
006 (1755005.000.000) 11/15 12:30:12 Image size of job updated: 291296
...
006 (1755005.000.000) 11/15 12:35:13 Image size of job updated: 292412
...
006 (1755005.000.000) 11/15 12:40:14 Image size of job updated: 292584
...
006 (1755005.000.000) 11/15 12:45:15 Image size of job updated: 292704
...
006 (1755005.000.000) 11/15 12:50:16 Image size of job updated: 292864
...
006 (1755005.000.000) 11/15 12:55:17 Image size of job updated: 295072
...
005 (1755005.000.000) 11/15 13:17:47 Job terminated.
	(1) Normal termination (return value 0)
		Usr 0 01:04:33, Sys 0 00:00:40  -  Run Remote Usage
		Usr 0 00:00:00, Sys 0 00:00:00  -  Run Local Usage
		Usr 0 01:04:33, Sys 0 00:00:40  -  Total Remote Usage
		Usr 0 00:00:00, Sys 0 00:00:00  -  Total Local Usage
	0  -  Run Bytes Sent By Job
	0  -  Run Bytes Received By Job
	0  -  Total Bytes Sent By Job
	0  -  Total Bytes Received By Job
...
