000 (1755410.000.000) 11/14 02:20:10 Job submitted from host: <130.199.206.69:49450>
...
001 (1755410.000.000) 11/15 19:46:35 Job executing on host: <130.199.180.151:44408>
...
006 (1755410.000.000) 11/15 19:46:43 Image size of job updated: 144708
...
006 (1755410.000.000) 11/15 19:51:43 Image size of job updated: 280076
...
006 (1755410.000.000) 11/15 19:56:43 Image size of job updated: 285904
...
006 (1755410.000.000) 11/15 20:01:43 Image size of job updated: 291056
...
006 (1755410.000.000) 11/15 20:06:43 Image size of job updated: 292524
...
006 (1755410.000.000) 11/15 20:11:43 Image size of job updated: 293288
...
006 (1755410.000.000) 11/15 20:21:43 Image size of job updated: 294884
...
006 (1755410.000.000) 11/15 20:26:43 Image size of job updated: 296076
...
005 (1755410.000.000) 11/15 20:31:38 Job terminated.
	(1) Normal termination (return value 0)
		Usr 0 00:41:20, Sys 0 00:00:31  -  Run Remote Usage
		Usr 0 00:00:00, Sys 0 00:00:00  -  Run Local Usage
		Usr 0 00:41:20, Sys 0 00:00:31  -  Total Remote Usage
		Usr 0 00:00:00, Sys 0 00:00:00  -  Total Local Usage
	0  -  Run Bytes Sent By Job
	0  -  Run Bytes Received By Job
	0  -  Total Bytes Sent By Job
	0  -  Total Bytes Received By Job
...
