000 (1754359.000.000) 11/14 02:18:07 Job submitted from host: <130.199.206.69:49450>
...
001 (1754359.000.000) 11/14 05:16:39 Job executing on host: <130.199.180.144:40361>
...
006 (1754359.000.000) 11/14 05:16:48 Image size of job updated: 183508
...
006 (1754359.000.000) 11/14 05:21:49 Image size of job updated: 283256
...
006 (1754359.000.000) 11/14 05:26:50 Image size of job updated: 284096
...
006 (1754359.000.000) 11/14 05:41:53 Image size of job updated: 285416
...
006 (1754359.000.000) 11/14 05:46:54 Image size of job updated: 287408
...
006 (1754359.000.000) 11/14 05:51:55 Image size of job updated: 288336
...
006 (1754359.000.000) 11/14 05:56:56 Image size of job updated: 289024
...
006 (1754359.000.000) 11/14 06:01:57 Image size of job updated: 291868
...
006 (1754359.000.000) 11/14 06:11:59 Image size of job updated: 292696
...
006 (1754359.000.000) 11/14 06:17:00 Image size of job updated: 293428
...
006 (1754359.000.000) 11/14 06:27:02 Image size of job updated: 293632
...
006 (1754359.000.000) 11/14 06:32:03 Image size of job updated: 294444
...
006 (1754359.000.000) 11/14 06:37:04 Image size of job updated: 294484
...
006 (1754359.000.000) 11/14 07:37:16 Image size of job updated: 294660
...
006 (1754359.000.000) 11/14 07:47:18 Image size of job updated: 295184
...
006 (1754359.000.000) 11/14 07:52:19 Image size of job updated: 296052
...
005 (1754359.000.000) 11/14 08:49:47 Job terminated.
	(1) Normal termination (return value 0)
		Usr 0 03:16:46, Sys 0 00:01:17  -  Run Remote Usage
		Usr 0 00:00:00, Sys 0 00:00:00  -  Run Local Usage
		Usr 0 03:16:46, Sys 0 00:01:17  -  Total Remote Usage
		Usr 0 00:00:00, Sys 0 00:00:00  -  Total Local Usage
	0  -  Run Bytes Sent By Job
	0  -  Run Bytes Received By Job
	0  -  Total Bytes Sent By Job
	0  -  Total Bytes Received By Job
...
