000 (1754893.000.000) 11/14 02:19:27 Job submitted from host: <130.199.206.69:49450>
...
001 (1754893.000.000) 11/15 11:01:09 Job executing on host: <130.199.180.173:34638>
...
006 (1754893.000.000) 11/15 11:06:17 Image size of job updated: 318588
...
006 (1754893.000.000) 11/15 11:31:17 Image size of job updated: 324460
...
006 (1754893.000.000) 11/15 11:36:17 Image size of job updated: 335724
...
006 (1754893.000.000) 11/15 11:41:17 Image size of job updated: 336748
...
006 (1754893.000.000) 11/15 11:46:17 Image size of job updated: 338796
...
005 (1754893.000.000) 11/15 11:48:40 Job terminated.
	(1) Normal termination (return value 0)
		Usr 0 00:24:20, Sys 0 00:00:13  -  Run Remote Usage
		Usr 0 00:00:00, Sys 0 00:00:00  -  Run Local Usage
		Usr 0 00:24:20, Sys 0 00:00:13  -  Total Remote Usage
		Usr 0 00:00:00, Sys 0 00:00:00  -  Total Local Usage
	0  -  Run Bytes Sent By Job
	0  -  Run Bytes Received By Job
	0  -  Total Bytes Sent By Job
	0  -  Total Bytes Received By Job
...
