000 (1754501.000.000) 11/14 02:18:34 Job submitted from host: <130.199.206.69:49450>
...
001 (1754501.000.000) 11/14 05:01:27 Job executing on host: <130.199.206.170:49844>
...
006 (1754501.000.000) 11/14 05:01:35 Image size of job updated: 237768
...
006 (1754501.000.000) 11/14 05:06:35 Image size of job updated: 283004
...
006 (1754501.000.000) 11/14 05:11:35 Image size of job updated: 284600
...
006 (1754501.000.000) 11/14 05:16:35 Image size of job updated: 285332
...
006 (1754501.000.000) 11/14 05:21:35 Image size of job updated: 285528
...
006 (1754501.000.000) 11/14 05:31:35 Image size of job updated: 286656
...
006 (1754501.000.000) 11/14 05:36:35 Image size of job updated: 289048
...
006 (1754501.000.000) 11/14 05:41:35 Image size of job updated: 289200
...
006 (1754501.000.000) 11/14 05:46:35 Image size of job updated: 290264
...
006 (1754501.000.000) 11/14 05:51:35 Image size of job updated: 291548
...
006 (1754501.000.000) 11/14 05:56:35 Image size of job updated: 291664
...
006 (1754501.000.000) 11/14 06:01:35 Image size of job updated: 291820
...
006 (1754501.000.000) 11/14 06:11:35 Image size of job updated: 292488
...
006 (1754501.000.000) 11/14 06:31:37 Image size of job updated: 295600
...
006 (1754501.000.000) 11/14 06:36:38 Image size of job updated: 296124
...
006 (1754501.000.000) 11/14 06:41:39 Image size of job updated: 296724
...
006 (1754501.000.000) 11/14 06:56:42 Image size of job updated: 319776
...
006 (1754501.000.000) 11/14 07:01:43 Image size of job updated: 334112
...
006 (1754501.000.000) 11/14 07:06:44 Image size of job updated: 339232
...
005 (1754501.000.000) 11/14 07:20:39 Job terminated.
	(1) Normal termination (return value 0)
		Usr 0 02:00:26, Sys 0 00:00:30  -  Run Remote Usage
		Usr 0 00:00:00, Sys 0 00:00:00  -  Run Local Usage
		Usr 0 02:00:26, Sys 0 00:00:30  -  Total Remote Usage
		Usr 0 00:00:00, Sys 0 00:00:00  -  Total Local Usage
	0  -  Run Bytes Sent By Job
	0  -  Run Bytes Received By Job
	0  -  Total Bytes Sent By Job
	0  -  Total Bytes Received By Job
...
