000 (1754058.000.000) 11/14 02:17:22 Job submitted from host: <130.199.206.69:49450>
...
001 (1754058.000.000) 11/14 04:36:18 Job executing on host: <130.199.207.44:47059>
...
006 (1754058.000.000) 11/14 04:36:27 Image size of job updated: 229024
...
006 (1754058.000.000) 11/14 04:41:28 Image size of job updated: 284100
...
006 (1754058.000.000) 11/14 04:46:29 Image size of job updated: 290076
...
005 (1754058.000.000) 11/14 04:48:15 Job terminated.
	(1) Normal termination (return value 0)
		Usr 0 00:10:21, Sys 0 00:00:03  -  Run Remote Usage
		Usr 0 00:00:00, Sys 0 00:00:00  -  Run Local Usage
		Usr 0 00:10:21, Sys 0 00:00:03  -  Total Remote Usage
		Usr 0 00:00:00, Sys 0 00:00:00  -  Total Local Usage
	0  -  Run Bytes Sent By Job
	0  -  Run Bytes Received By Job
	0  -  Total Bytes Sent By Job
	0  -  Total Bytes Received By Job
...
