000 (1754988.000.000) 11/14 02:19:38 Job submitted from host: <130.199.206.69:49450>
...
001 (1754988.000.000) 11/15 11:39:15 Job executing on host: <130.199.206.51:58262>
...
006 (1754988.000.000) 11/15 11:39:23 Image size of job updated: 72620
...
006 (1754988.000.000) 11/15 11:44:23 Image size of job updated: 284360
...
006 (1754988.000.000) 11/15 11:49:23 Image size of job updated: 286668
...
006 (1754988.000.000) 11/15 11:54:23 Image size of job updated: 287092
...
006 (1754988.000.000) 11/15 11:59:23 Image size of job updated: 297648
...
006 (1754988.000.000) 11/15 12:09:23 Image size of job updated: 318988
...
006 (1754988.000.000) 11/15 12:14:23 Image size of job updated: 328204
...
006 (1754988.000.000) 11/15 12:19:23 Image size of job updated: 335032
...
006 (1754988.000.000) 11/15 12:24:23 Image size of job updated: 335960
...
006 (1754988.000.000) 11/15 12:29:23 Image size of job updated: 338008
...
006 (1754988.000.000) 11/15 12:34:23 Image size of job updated: 339032
...
006 (1754988.000.000) 11/15 12:44:23 Image size of job updated: 340056
...
006 (1754988.000.000) 11/15 12:49:23 Image size of job updated: 341080
...
006 (1754988.000.000) 11/15 13:49:35 Image size of job updated: 343732
...
006 (1754988.000.000) 11/15 13:54:35 Image size of job updated: 344424
...
006 (1754988.000.000) 11/15 13:59:35 Image size of job updated: 345268
...
006 (1754988.000.000) 11/15 14:09:35 Image size of job updated: 345336
...
006 (1754988.000.000) 11/15 14:14:35 Image size of job updated: 345784
...
006 (1754988.000.000) 11/15 14:19:35 Image size of job updated: 346896
...
006 (1754988.000.000) 11/15 14:49:35 Image size of job updated: 347016
...
006 (1754988.000.000) 11/15 14:54:35 Image size of job updated: 347052
...
006 (1754988.000.000) 11/15 14:59:35 Image size of job updated: 347124
...
005 (1754988.000.000) 11/15 15:19:12 Job terminated.
	(1) Normal termination (return value 0)
		Usr 0 03:10:34, Sys 0 00:00:31  -  Run Remote Usage
		Usr 0 00:00:00, Sys 0 00:00:00  -  Run Local Usage
		Usr 0 03:10:34, Sys 0 00:00:31  -  Total Remote Usage
		Usr 0 00:00:00, Sys 0 00:00:00  -  Total Local Usage
	0  -  Run Bytes Sent By Job
	0  -  Run Bytes Received By Job
	0  -  Total Bytes Sent By Job
	0  -  Total Bytes Received By Job
...
