000 (1754914.000.000) 11/14 02:19:27 Job submitted from host: <130.199.206.69:49450>
...
001 (1754914.000.000) 11/15 12:57:18 Job executing on host: <130.199.183.18:59916>
...
006 (1754914.000.000) 11/15 13:02:28 Image size of job updated: 282832
...
006 (1754914.000.000) 11/15 13:07:29 Image size of job updated: 285892
...
006 (1754914.000.000) 11/15 13:17:31 Image size of job updated: 285976
...
006 (1754914.000.000) 11/15 13:27:33 Image size of job updated: 287704
...
006 (1754914.000.000) 11/15 13:32:34 Image size of job updated: 288628
...
006 (1754914.000.000) 11/15 13:37:35 Image size of job updated: 289140
...
006 (1754914.000.000) 11/15 13:42:36 Image size of job updated: 292600
...
006 (1754914.000.000) 11/15 13:47:37 Image size of job updated: 292648
...
006 (1754914.000.000) 11/15 13:52:38 Image size of job updated: 297020
...
006 (1754914.000.000) 11/15 13:57:39 Image size of job updated: 299260
...
006 (1754914.000.000) 11/15 14:07:40 Image size of job updated: 312328
...
006 (1754914.000.000) 11/15 14:12:40 Image size of job updated: 330760
...
006 (1754914.000.000) 11/15 14:17:40 Image size of job updated: 343048
...
006 (1754914.000.000) 11/15 14:22:40 Image size of job updated: 346120
...
006 (1754914.000.000) 11/15 14:27:40 Image size of job updated: 347184
...
006 (1754914.000.000) 11/15 14:37:40 Image size of job updated: 348208
...
005 (1754914.000.000) 11/15 14:41:10 Job terminated.
	(1) Normal termination (return value 0)
		Usr 0 01:23:51, Sys 0 00:00:57  -  Run Remote Usage
		Usr 0 00:00:00, Sys 0 00:00:00  -  Run Local Usage
		Usr 0 01:23:51, Sys 0 00:00:57  -  Total Remote Usage
		Usr 0 00:00:00, Sys 0 00:00:00  -  Total Local Usage
	0  -  Run Bytes Sent By Job
	0  -  Run Bytes Received By Job
	0  -  Total Bytes Sent By Job
	0  -  Total Bytes Received By Job
...
