000 (1755123.000.000) 11/14 02:19:46 Job submitted from host: <130.199.206.69:49450>
...
001 (1755123.000.000) 11/15 18:45:51 Job executing on host: <130.199.180.140:49307>
...
006 (1755123.000.000) 11/15 18:45:59 Image size of job updated: 72752
...
006 (1755123.000.000) 11/15 18:50:59 Image size of job updated: 283024
...
006 (1755123.000.000) 11/15 18:55:59 Image size of job updated: 284736
...
006 (1755123.000.000) 11/15 19:00:59 Image size of job updated: 286200
...
006 (1755123.000.000) 11/15 19:06:00 Image size of job updated: 286436
...
006 (1755123.000.000) 11/15 19:16:02 Image size of job updated: 289880
...
006 (1755123.000.000) 11/15 19:21:03 Image size of job updated: 292328
...
006 (1755123.000.000) 11/15 19:26:04 Image size of job updated: 292368
...
006 (1755123.000.000) 11/15 19:31:05 Image size of job updated: 296444
...
006 (1755123.000.000) 11/15 19:41:07 Image size of job updated: 296472
...
006 (1755123.000.000) 11/15 19:46:08 Image size of job updated: 296872
...
006 (1755123.000.000) 11/15 19:51:09 Image size of job updated: 297268
...
005 (1755123.000.000) 11/15 20:01:14 Job terminated.
	(1) Normal termination (return value 0)
		Usr 0 01:07:08, Sys 0 00:00:57  -  Run Remote Usage
		Usr 0 00:00:00, Sys 0 00:00:00  -  Run Local Usage
		Usr 0 01:07:08, Sys 0 00:00:57  -  Total Remote Usage
		Usr 0 00:00:00, Sys 0 00:00:00  -  Total Local Usage
	0  -  Run Bytes Sent By Job
	0  -  Run Bytes Received By Job
	0  -  Total Bytes Sent By Job
	0  -  Total Bytes Received By Job
...
