000 (1754125.000.000) 11/14 02:17:37 Job submitted from host: <130.199.206.69:49450>
...
001 (1754125.000.000) 11/14 04:37:55 Job executing on host: <130.199.180.150:41617>
...
006 (1754125.000.000) 11/14 04:38:03 Image size of job updated: 72620
...
006 (1754125.000.000) 11/14 04:43:03 Image size of job updated: 284392
...
006 (1754125.000.000) 11/14 04:48:03 Image size of job updated: 286408
...
006 (1754125.000.000) 11/14 04:58:03 Image size of job updated: 287504
...
006 (1754125.000.000) 11/14 05:08:03 Image size of job updated: 288568
...
006 (1754125.000.000) 11/14 05:18:03 Image size of job updated: 290152
...
006 (1754125.000.000) 11/14 05:23:03 Image size of job updated: 292000
...
006 (1754125.000.000) 11/14 05:33:03 Image size of job updated: 293204
...
006 (1754125.000.000) 11/14 05:38:03 Image size of job updated: 293676
...
006 (1754125.000.000) 11/14 05:43:03 Image size of job updated: 293716
...
006 (1754125.000.000) 11/14 05:48:03 Image size of job updated: 294808
...
006 (1754125.000.000) 11/14 05:53:03 Image size of job updated: 295080
...
006 (1754125.000.000) 11/14 06:23:03 Image size of job updated: 295132
...
006 (1754125.000.000) 11/14 06:33:03 Image size of job updated: 295212
...
006 (1754125.000.000) 11/14 06:43:03 Image size of job updated: 295688
...
006 (1754125.000.000) 11/14 07:38:11 Image size of job updated: 295784
...
006 (1754125.000.000) 11/14 08:03:16 Image size of job updated: 296032
...
006 (1754125.000.000) 11/14 08:28:21 Image size of job updated: 296236
...
006 (1754125.000.000) 11/14 09:13:30 Image size of job updated: 297020
...
004 (1754125.000.000) 11/14 09:38:00 Job was evicted.
	(0) Job was not checkpointed.
		Usr 0 03:27:44, Sys 0 00:01:40  -  Run Remote Usage
		Usr 0 00:00:00, Sys 0 00:00:00  -  Run Local Usage
	0  -  Run Bytes Sent By Job
	0  -  Run Bytes Received By Job
...
009 (1754125.000.000) 11/14 09:38:52 Job was aborted by the user.
	The job attribute PeriodicRemove expression '(NumJobStarts >= 1 && JobStatus == 1) || (JobStatus == 2 && (CurrentTime - JobCurrentStartDate > (54000)) && ((RemoteUserCpu + RemoteSysCpu) / (CurrentTime - JobCurrentStartDate) < 0.100000)) || (((CurrentTime - EnteredCurrentStatus) > (2 * 24 * 3600)) && JobStatus == 5) || (JobRunCount >= 1 && JobStatus == 1)' evaluated to TRUE
...
000 (1798165.000.000) 11/18 15:19:54 Job submitted from host: <130.199.206.69:49450>
...
001 (1798165.000.000) 11/18 15:31:20 Job executing on host: <130.199.207.12:57882>
...
006 (1798165.000.000) 11/18 15:31:28 Image size of job updated: 72764
...
006 (1798165.000.000) 11/18 15:36:28 Image size of job updated: 283768
...
006 (1798165.000.000) 11/18 15:41:28 Image size of job updated: 285476
...
006 (1798165.000.000) 11/18 15:46:28 Image size of job updated: 286440
...
006 (1798165.000.000) 11/18 15:51:28 Image size of job updated: 286452
...
006 (1798165.000.000) 11/18 15:56:29 Image size of job updated: 287236
...
006 (1798165.000.000) 11/18 16:01:30 Image size of job updated: 288800
...
006 (1798165.000.000) 11/18 16:11:32 Image size of job updated: 289168
...
006 (1798165.000.000) 11/18 16:16:33 Image size of job updated: 290676
...
006 (1798165.000.000) 11/18 16:21:34 Image size of job updated: 291044
...
006 (1798165.000.000) 11/18 16:26:35 Image size of job updated: 292564
...
006 (1798165.000.000) 11/18 16:31:36 Image size of job updated: 292960
...
006 (1798165.000.000) 11/18 16:41:38 Image size of job updated: 293316
...
006 (1798165.000.000) 11/18 16:46:38 Image size of job updated: 294816
...
006 (1798165.000.000) 11/18 17:01:38 Image size of job updated: 294840
...
006 (1798165.000.000) 11/18 17:06:38 Image size of job updated: 295012
...
006 (1798165.000.000) 11/18 17:26:38 Image size of job updated: 321568
...
006 (1798165.000.000) 11/18 17:31:38 Image size of job updated: 331808
...
006 (1798165.000.000) 11/18 17:36:39 Image size of job updated: 335904
...
006 (1798165.000.000) 11/18 17:41:40 Image size of job updated: 337952
...
006 (1798165.000.000) 11/18 17:51:42 Image size of job updated: 340000
...
006 (1798165.000.000) 11/18 18:11:46 Image size of job updated: 341024
...
006 (1798165.000.000) 11/18 18:16:47 Image size of job updated: 342048
...
006 (1798165.000.000) 11/18 18:21:48 Image size of job updated: 344096
...
006 (1798165.000.000) 11/18 18:26:48 Image size of job updated: 345120
...
006 (1798165.000.000) 11/18 18:46:48 Image size of job updated: 346144
...
004 (1798165.000.000) 11/18 20:31:22 Job was evicted.
	(0) Job was not checkpointed.
		Usr 0 03:15:37, Sys 0 00:00:59  -  Run Remote Usage
		Usr 0 00:00:00, Sys 0 00:00:00  -  Run Local Usage
	0  -  Run Bytes Sent By Job
	0  -  Run Bytes Received By Job
...
009 (1798165.000.000) 11/18 20:32:18 Job was aborted by the user.
	The job attribute PeriodicRemove expression '(NumJobStarts >= 1 && JobStatus == 1) || (JobStatus == 2 && (CurrentTime - JobCurrentStartDate > (54000)) && ((RemoteUserCpu + RemoteSysCpu) / (CurrentTime - JobCurrentStartDate) < 0.100000)) || (((CurrentTime - EnteredCurrentStatus) > (2 * 24 * 3600)) && JobStatus == 5) || (JobRunCount >= 1 && JobStatus == 1)' evaluated to TRUE
...
000 (1804690.000.000) 11/21 22:32:12 Job submitted from host: <130.199.206.69:49450>
...
001 (1804690.000.000) 11/22 00:03:16 Job executing on host: <130.199.180.141:43183>
...
006 (1804690.000.000) 11/22 00:08:25 Image size of job updated: 192848
...
006 (1804690.000.000) 11/22 00:13:25 Image size of job updated: 284540
...
006 (1804690.000.000) 11/22 00:18:25 Image size of job updated: 286392
...
006 (1804690.000.000) 11/22 00:28:25 Image size of job updated: 287056
...
006 (1804690.000.000) 11/22 00:33:25 Image size of job updated: 287192
...
006 (1804690.000.000) 11/22 00:38:25 Image size of job updated: 287324
...
006 (1804690.000.000) 11/22 00:43:25 Image size of job updated: 287568
...
006 (1804690.000.000) 11/22 00:53:25 Image size of job updated: 289844
...
006 (1804690.000.000) 11/22 00:58:25 Image size of job updated: 290556
...
006 (1804690.000.000) 11/22 01:03:25 Image size of job updated: 291796
...
006 (1804690.000.000) 11/22 01:08:25 Image size of job updated: 292144
...
006 (1804690.000.000) 11/22 01:13:25 Image size of job updated: 292172
...
006 (1804690.000.000) 11/22 01:18:25 Image size of job updated: 294176
...
006 (1804690.000.000) 11/22 01:38:25 Image size of job updated: 294760
...
006 (1804690.000.000) 11/22 02:23:25 Image size of job updated: 297484
...
005 (1804690.000.000) 11/22 03:48:06 Job terminated.
	(1) Normal termination (return value 0)
		Usr 0 03:22:26, Sys 0 00:01:16  -  Run Remote Usage
		Usr 0 00:00:00, Sys 0 00:00:00  -  Run Local Usage
		Usr 0 03:22:26, Sys 0 00:01:16  -  Total Remote Usage
		Usr 0 00:00:00, Sys 0 00:00:00  -  Total Local Usage
	0  -  Run Bytes Sent By Job
	0  -  Run Bytes Received By Job
	0  -  Total Bytes Sent By Job
	0  -  Total Bytes Received By Job
...
