000 (1753702.000.000) 11/14 02:16:28 Job submitted from host: <130.199.206.69:49450>
...
001 (1753702.000.000) 11/14 03:06:19 Job executing on host: <130.199.183.26:55119>
...
006 (1753702.000.000) 11/14 03:11:29 Image size of job updated: 286044
...
006 (1753702.000.000) 11/14 03:16:30 Image size of job updated: 286204
...
006 (1753702.000.000) 11/14 03:21:31 Image size of job updated: 287308
...
006 (1753702.000.000) 11/14 03:31:33 Image size of job updated: 288184
...
006 (1753702.000.000) 11/14 03:36:34 Image size of job updated: 291448
...
006 (1753702.000.000) 11/14 03:41:35 Image size of job updated: 291652
...
006 (1753702.000.000) 11/14 03:46:36 Image size of job updated: 292304
...
006 (1753702.000.000) 11/14 03:51:37 Image size of job updated: 292840
...
006 (1753702.000.000) 11/14 04:01:37 Image size of job updated: 293588
...
006 (1753702.000.000) 11/14 04:06:37 Image size of job updated: 293896
...
006 (1753702.000.000) 11/14 04:26:37 Image size of job updated: 293976
...
006 (1753702.000.000) 11/14 04:41:37 Image size of job updated: 294160
...
006 (1753702.000.000) 11/14 04:46:37 Image size of job updated: 294400
...
006 (1753702.000.000) 11/14 04:51:37 Image size of job updated: 294656
...
006 (1753702.000.000) 11/14 05:06:37 Image size of job updated: 294848
...
006 (1753702.000.000) 11/14 05:21:37 Image size of job updated: 295252
...
006 (1753702.000.000) 11/14 05:31:37 Image size of job updated: 295492
...
005 (1753702.000.000) 11/14 06:07:46 Job terminated.
	(1) Normal termination (return value 0)
		Usr 0 02:41:39, Sys 0 00:01:06  -  Run Remote Usage
		Usr 0 00:00:00, Sys 0 00:00:00  -  Run Local Usage
		Usr 0 02:41:39, Sys 0 00:01:06  -  Total Remote Usage
		Usr 0 00:00:00, Sys 0 00:00:00  -  Total Local Usage
	0  -  Run Bytes Sent By Job
	0  -  Run Bytes Received By Job
	0  -  Total Bytes Sent By Job
	0  -  Total Bytes Received By Job
...
