000 (1753846.000.000) 11/14 02:16:47 Job submitted from host: <130.199.206.69:49450>
...
001 (1753846.000.000) 11/14 05:53:39 Job executing on host: <130.199.183.16:34724>
...
006 (1753846.000.000) 11/14 05:53:47 Image size of job updated: 72752
...
006 (1753846.000.000) 11/14 05:58:47 Image size of job updated: 281196
...
006 (1753846.000.000) 11/14 06:03:47 Image size of job updated: 287300
...
006 (1753846.000.000) 11/14 06:08:47 Image size of job updated: 288376
...
006 (1753846.000.000) 11/14 06:13:47 Image size of job updated: 291440
...
006 (1753846.000.000) 11/14 06:18:47 Image size of job updated: 292672
...
006 (1753846.000.000) 11/14 06:23:47 Image size of job updated: 293536
...
006 (1753846.000.000) 11/14 06:28:47 Image size of job updated: 293836
...
006 (1753846.000.000) 11/14 06:33:47 Image size of job updated: 294476
...
006 (1753846.000.000) 11/14 06:43:47 Image size of job updated: 295052
...
006 (1753846.000.000) 11/14 06:48:47 Image size of job updated: 296800
...
006 (1753846.000.000) 11/14 06:53:47 Image size of job updated: 297228
...
006 (1753846.000.000) 11/14 06:58:47 Image size of job updated: 297844
...
005 (1753846.000.000) 11/14 07:06:27 Job terminated.
	(1) Normal termination (return value 0)
		Usr 0 01:06:31, Sys 0 00:00:36  -  Run Remote Usage
		Usr 0 00:00:00, Sys 0 00:00:00  -  Run Local Usage
		Usr 0 01:06:31, Sys 0 00:00:36  -  Total Remote Usage
		Usr 0 00:00:00, Sys 0 00:00:00  -  Total Local Usage
	0  -  Run Bytes Sent By Job
	0  -  Run Bytes Received By Job
	0  -  Total Bytes Sent By Job
	0  -  Total Bytes Received By Job
...
