000 (1753456.000.000) 11/14 02:14:53 Job submitted from host: <130.199.206.69:49450>
...
001 (1753456.000.000) 11/14 07:35:55 Job executing on host: <130.199.206.208:45914>
...
006 (1753456.000.000) 11/14 07:41:05 Image size of job updated: 284884
...
006 (1753456.000.000) 11/14 07:46:06 Image size of job updated: 286092
...
006 (1753456.000.000) 11/14 07:51:07 Image size of job updated: 287008
...
006 (1753456.000.000) 11/14 07:56:08 Image size of job updated: 287764
...
006 (1753456.000.000) 11/14 08:01:09 Image size of job updated: 288436
...
006 (1753456.000.000) 11/14 08:11:11 Image size of job updated: 293444
...
006 (1753456.000.000) 11/14 08:46:18 Image size of job updated: 294172
...
006 (1753456.000.000) 11/14 09:11:19 Image size of job updated: 294960
...
006 (1753456.000.000) 11/14 09:21:19 Image size of job updated: 296080
...
005 (1753456.000.000) 11/14 09:45:32 Job terminated.
	(1) Normal termination (return value 0)
		Usr 0 01:54:01, Sys 0 00:00:22  -  Run Remote Usage
		Usr 0 00:00:00, Sys 0 00:00:00  -  Run Local Usage
		Usr 0 01:54:01, Sys 0 00:00:22  -  Total Remote Usage
		Usr 0 00:00:00, Sys 0 00:00:00  -  Total Local Usage
	0  -  Run Bytes Sent By Job
	0  -  Run Bytes Received By Job
	0  -  Total Bytes Sent By Job
	0  -  Total Bytes Received By Job
...
