000 (1754684.000.000) 11/14 02:18:59 Job submitted from host: <130.199.206.69:49450>
...
001 (1754684.000.000) 11/14 05:55:22 Job executing on host: <130.199.180.137:54007>
...
006 (1754684.000.000) 11/14 06:00:32 Image size of job updated: 286772
...
006 (1754684.000.000) 11/14 06:10:34 Image size of job updated: 286788
...
006 (1754684.000.000) 11/14 06:15:35 Image size of job updated: 288124
...
006 (1754684.000.000) 11/14 06:20:36 Image size of job updated: 290116
...
006 (1754684.000.000) 11/14 06:25:37 Image size of job updated: 290456
...
006 (1754684.000.000) 11/14 06:50:42 Image size of job updated: 290672
...
006 (1754684.000.000) 11/14 06:55:43 Image size of job updated: 294020
...
006 (1754684.000.000) 11/14 07:00:44 Image size of job updated: 295608
...
006 (1754684.000.000) 11/14 07:05:45 Image size of job updated: 296812
...
005 (1754684.000.000) 11/14 07:20:29 Job terminated.
	(1) Normal termination (return value 0)
		Usr 0 01:13:08, Sys 0 00:00:26  -  Run Remote Usage
		Usr 0 00:00:00, Sys 0 00:00:00  -  Run Local Usage
		Usr 0 01:13:08, Sys 0 00:00:26  -  Total Remote Usage
		Usr 0 00:00:00, Sys 0 00:00:00  -  Total Local Usage
	0  -  Run Bytes Sent By Job
	0  -  Run Bytes Received By Job
	0  -  Total Bytes Sent By Job
	0  -  Total Bytes Received By Job
...
