000 (1755476.000.000) 11/14 02:20:17 Job submitted from host: <130.199.206.69:49450>
...
001 (1755476.000.000) 11/15 15:36:40 Job executing on host: <130.199.206.143:33062>
...
006 (1755476.000.000) 11/15 15:36:49 Image size of job updated: 158872
...
006 (1755476.000.000) 11/15 15:41:50 Image size of job updated: 310656
...
006 (1755476.000.000) 11/15 15:46:51 Image size of job updated: 313728
...
005 (1755476.000.000) 11/15 15:47:25 Job terminated.
	(1) Normal termination (return value 0)
		Usr 0 00:07:35, Sys 0 00:00:12  -  Run Remote Usage
		Usr 0 00:00:00, Sys 0 00:00:00  -  Run Local Usage
		Usr 0 00:07:35, Sys 0 00:00:12  -  Total Remote Usage
		Usr 0 00:00:00, Sys 0 00:00:00  -  Total Local Usage
	0  -  Run Bytes Sent By Job
	0  -  Run Bytes Received By Job
	0  -  Total Bytes Sent By Job
	0  -  Total Bytes Received By Job
...
