000 (1754065.000.000) 11/14 02:17:22 Job submitted from host: <130.199.206.69:49450>
...
001 (1754065.000.000) 11/14 05:09:04 Job executing on host: <130.199.180.155:36902>
...
006 (1754065.000.000) 11/14 05:09:12 Image size of job updated: 174436
...
006 (1754065.000.000) 11/14 05:14:12 Image size of job updated: 286600
...
006 (1754065.000.000) 11/14 05:19:12 Image size of job updated: 287616
...
006 (1754065.000.000) 11/14 05:24:12 Image size of job updated: 289072
...
006 (1754065.000.000) 11/14 05:29:12 Image size of job updated: 289636
...
006 (1754065.000.000) 11/14 05:44:12 Image size of job updated: 292096
...
006 (1754065.000.000) 11/14 05:49:12 Image size of job updated: 293176
...
006 (1754065.000.000) 11/14 06:04:12 Image size of job updated: 297564
...
006 (1754065.000.000) 11/14 06:19:12 Image size of job updated: 298180
...
006 (1754065.000.000) 11/14 06:54:12 Image size of job updated: 298712
...
006 (1754065.000.000) 11/14 06:59:12 Image size of job updated: 299376
...
006 (1754065.000.000) 11/14 07:09:12 Image size of job updated: 299608
...
006 (1754065.000.000) 11/14 07:14:12 Image size of job updated: 299952
...
005 (1754065.000.000) 11/14 07:32:25 Job terminated.
	(1) Normal termination (return value 0)
		Usr 0 02:11:54, Sys 0 00:01:01  -  Run Remote Usage
		Usr 0 00:00:00, Sys 0 00:00:00  -  Run Local Usage
		Usr 0 02:11:54, Sys 0 00:01:01  -  Total Remote Usage
		Usr 0 00:00:00, Sys 0 00:00:00  -  Total Local Usage
	0  -  Run Bytes Sent By Job
	0  -  Run Bytes Received By Job
	0  -  Total Bytes Sent By Job
	0  -  Total Bytes Received By Job
...
