000 (1755292.000.000) 11/14 02:20:03 Job submitted from host: <130.199.206.69:49450>
...
001 (1755292.000.000) 11/15 12:37:37 Job executing on host: <130.199.206.69:55155>
...
006 (1755292.000.000) 11/15 12:37:45 Image size of job updated: 174452
...
006 (1755292.000.000) 11/15 12:42:45 Image size of job updated: 276944
...
006 (1755292.000.000) 11/15 12:47:45 Image size of job updated: 288824
...
006 (1755292.000.000) 11/15 12:52:45 Image size of job updated: 291348
...
006 (1755292.000.000) 11/15 12:57:45 Image size of job updated: 291600
...
006 (1755292.000.000) 11/15 13:02:45 Image size of job updated: 291680
...
006 (1755292.000.000) 11/15 13:17:45 Image size of job updated: 294216
...
006 (1755292.000.000) 11/15 13:22:45 Image size of job updated: 295896
...
006 (1755292.000.000) 11/15 13:27:45 Image size of job updated: 296952
...
006 (1755292.000.000) 11/15 13:37:45 Image size of job updated: 297604
...
005 (1755292.000.000) 11/15 13:54:17 Job terminated.
	(1) Normal termination (return value 0)
		Usr 0 01:08:56, Sys 0 00:00:13  -  Run Remote Usage
		Usr 0 00:00:00, Sys 0 00:00:00  -  Run Local Usage
		Usr 0 01:08:56, Sys 0 00:00:13  -  Total Remote Usage
		Usr 0 00:00:00, Sys 0 00:00:00  -  Total Local Usage
	0  -  Run Bytes Sent By Job
	0  -  Run Bytes Received By Job
	0  -  Total Bytes Sent By Job
	0  -  Total Bytes Received By Job
...
