000 (1755165.000.000) 11/14 02:19:46 Job submitted from host: <130.199.206.69:49450>
...
001 (1755165.000.000) 11/15 18:53:01 Job executing on host: <130.199.183.22:48346>
...
006 (1755165.000.000) 11/15 18:58:11 Image size of job updated: 284748
...
006 (1755165.000.000) 11/15 19:03:12 Image size of job updated: 286504
...
006 (1755165.000.000) 11/15 19:08:13 Image size of job updated: 287048
...
006 (1755165.000.000) 11/15 19:33:18 Image size of job updated: 287432
...
006 (1755165.000.000) 11/15 19:38:19 Image size of job updated: 290076
...
006 (1755165.000.000) 11/15 19:43:20 Image size of job updated: 290364
...
006 (1755165.000.000) 11/15 19:48:21 Image size of job updated: 292484
...
006 (1755165.000.000) 11/15 19:53:22 Image size of job updated: 294208
...
006 (1755165.000.000) 11/15 20:08:25 Image size of job updated: 294888
...
006 (1755165.000.000) 11/15 20:13:26 Image size of job updated: 295064
...
006 (1755165.000.000) 11/15 20:28:29 Image size of job updated: 295204
...
006 (1755165.000.000) 11/15 21:18:39 Image size of job updated: 295904
...
006 (1755165.000.000) 11/15 21:23:40 Image size of job updated: 321992
...
005 (1755165.000.000) 11/15 21:27:05 Job terminated.
	(1) Normal termination (return value 0)
		Usr 0 02:18:30, Sys 0 00:01:09  -  Run Remote Usage
		Usr 0 00:00:00, Sys 0 00:00:00  -  Run Local Usage
		Usr 0 02:18:30, Sys 0 00:01:09  -  Total Remote Usage
		Usr 0 00:00:00, Sys 0 00:00:00  -  Total Local Usage
	0  -  Run Bytes Sent By Job
	0  -  Run Bytes Received By Job
	0  -  Total Bytes Sent By Job
	0  -  Total Bytes Received By Job
...
