000 (1753667.000.000) 11/14 02:16:08 Job submitted from host: <130.199.206.69:49450>
...
001 (1753667.000.000) 11/14 02:59:25 Job executing on host: <130.199.183.21:49750>
...
006 (1753667.000.000) 11/14 02:59:33 Image size of job updated: 72788
...
006 (1753667.000.000) 11/14 03:04:33 Image size of job updated: 284892
...
006 (1753667.000.000) 11/14 03:09:33 Image size of job updated: 286444
...
006 (1753667.000.000) 11/14 03:14:33 Image size of job updated: 287268
...
006 (1753667.000.000) 11/14 03:19:33 Image size of job updated: 287796
...
006 (1753667.000.000) 11/14 03:24:33 Image size of job updated: 290704
...
006 (1753667.000.000) 11/14 03:39:33 Image size of job updated: 291116
...
006 (1753667.000.000) 11/14 03:44:33 Image size of job updated: 292016
...
006 (1753667.000.000) 11/14 03:49:33 Image size of job updated: 292156
...
006 (1753667.000.000) 11/14 03:54:33 Image size of job updated: 292888
...
006 (1753667.000.000) 11/14 03:59:34 Image size of job updated: 295384
...
006 (1753667.000.000) 11/14 04:44:38 Image size of job updated: 297076
...
006 (1753667.000.000) 11/14 04:49:38 Image size of job updated: 297236
...
006 (1753667.000.000) 11/14 05:14:38 Image size of job updated: 297248
...
005 (1753667.000.000) 11/14 05:54:26 Job terminated.
	(1) Normal termination (return value 0)
		Usr 0 02:34:52, Sys 0 00:01:12  -  Run Remote Usage
		Usr 0 00:00:00, Sys 0 00:00:00  -  Run Local Usage
		Usr 0 02:34:52, Sys 0 00:01:12  -  Total Remote Usage
		Usr 0 00:00:00, Sys 0 00:00:00  -  Total Local Usage
	0  -  Run Bytes Sent By Job
	0  -  Run Bytes Received By Job
	0  -  Total Bytes Sent By Job
	0  -  Total Bytes Received By Job
...
