000 (1755019.000.000) 11/14 02:19:38 Job submitted from host: <130.199.206.69:49450>
...
001 (1755019.000.000) 11/15 11:40:11 Job executing on host: <130.199.180.175:57747>
...
006 (1755019.000.000) 11/15 11:45:21 Image size of job updated: 283344
...
006 (1755019.000.000) 11/15 11:50:22 Image size of job updated: 285192
...
006 (1755019.000.000) 11/15 11:55:23 Image size of job updated: 285456
...
006 (1755019.000.000) 11/15 12:00:24 Image size of job updated: 286336
...
006 (1755019.000.000) 11/15 12:05:25 Image size of job updated: 287392
...
006 (1755019.000.000) 11/15 12:10:26 Image size of job updated: 288424
...
006 (1755019.000.000) 11/15 12:15:27 Image size of job updated: 288968
...
006 (1755019.000.000) 11/15 12:20:28 Image size of job updated: 289088
...
006 (1755019.000.000) 11/15 12:25:29 Image size of job updated: 292716
...
006 (1755019.000.000) 11/15 12:40:32 Image size of job updated: 293208
...
006 (1755019.000.000) 11/15 12:50:34 Image size of job updated: 293384
...
006 (1755019.000.000) 11/15 12:55:35 Image size of job updated: 293568
...
006 (1755019.000.000) 11/15 13:10:38 Image size of job updated: 293768
...
006 (1755019.000.000) 11/15 13:15:39 Image size of job updated: 294212
...
006 (1755019.000.000) 11/15 13:20:40 Image size of job updated: 295028
...
006 (1755019.000.000) 11/15 13:25:41 Image size of job updated: 295056
...
006 (1755019.000.000) 11/15 14:25:53 Image size of job updated: 295404
...
006 (1755019.000.000) 11/15 14:40:56 Image size of job updated: 295776
...
006 (1755019.000.000) 11/15 14:45:57 Image size of job updated: 296300
...
006 (1755019.000.000) 11/15 14:55:57 Image size of job updated: 296320
...
006 (1755019.000.000) 11/15 15:30:57 Image size of job updated: 296688
...
005 (1755019.000.000) 11/15 15:57:34 Job terminated.
	(1) Normal termination (return value 0)
		Usr 0 03:53:18, Sys 0 00:01:46  -  Run Remote Usage
		Usr 0 00:00:00, Sys 0 00:00:00  -  Run Local Usage
		Usr 0 03:53:18, Sys 0 00:01:46  -  Total Remote Usage
		Usr 0 00:00:00, Sys 0 00:00:00  -  Total Local Usage
	0  -  Run Bytes Sent By Job
	0  -  Run Bytes Received By Job
	0  -  Total Bytes Sent By Job
	0  -  Total Bytes Received By Job
...
