000 (1754497.000.000) 11/14 02:18:34 Job submitted from host: <130.199.206.69:49450>
...
001 (1754497.000.000) 11/14 05:26:26 Job executing on host: <130.199.180.166:41628>
...
006 (1754497.000.000) 11/14 05:26:34 Image size of job updated: 203884
...
006 (1754497.000.000) 11/14 05:31:34 Image size of job updated: 289632
...
006 (1754497.000.000) 11/14 05:36:34 Image size of job updated: 292944
...
006 (1754497.000.000) 11/14 05:41:34 Image size of job updated: 293536
...
006 (1754497.000.000) 11/14 05:46:34 Image size of job updated: 294372
...
006 (1754497.000.000) 11/14 05:51:34 Image size of job updated: 296068
...
006 (1754497.000.000) 11/14 05:56:34 Image size of job updated: 296192
...
006 (1754497.000.000) 11/14 06:06:34 Image size of job updated: 296308
...
006 (1754497.000.000) 11/14 06:11:34 Image size of job updated: 299172
...
006 (1754497.000.000) 11/14 06:16:34 Image size of job updated: 299784
...
006 (1754497.000.000) 11/14 06:56:38 Image size of job updated: 300288
...
006 (1754497.000.000) 11/14 07:11:41 Image size of job updated: 300728
...
006 (1754497.000.000) 11/14 07:16:42 Image size of job updated: 301864
...
005 (1754497.000.000) 11/14 07:23:30 Job terminated.
	(1) Normal termination (return value 0)
		Usr 0 01:48:45, Sys 0 00:00:40  -  Run Remote Usage
		Usr 0 00:00:00, Sys 0 00:00:00  -  Run Local Usage
		Usr 0 01:48:45, Sys 0 00:00:40  -  Total Remote Usage
		Usr 0 00:00:00, Sys 0 00:00:00  -  Total Local Usage
	0  -  Run Bytes Sent By Job
	0  -  Run Bytes Received By Job
	0  -  Total Bytes Sent By Job
	0  -  Total Bytes Received By Job
...
