000 (1754916.000.000) 11/14 02:19:27 Job submitted from host: <130.199.206.69:49450>
...
001 (1754916.000.000) 11/15 13:01:19 Job executing on host: <130.199.206.194:35192>
...
006 (1754916.000.000) 11/15 13:01:28 Image size of job updated: 278400
...
006 (1754916.000.000) 11/15 13:06:29 Image size of job updated: 283860
...
006 (1754916.000.000) 11/15 13:16:31 Image size of job updated: 285396
...
006 (1754916.000.000) 11/15 13:21:32 Image size of job updated: 285944
...
006 (1754916.000.000) 11/15 13:26:33 Image size of job updated: 288408
...
006 (1754916.000.000) 11/15 13:31:34 Image size of job updated: 301724
...
005 (1754916.000.000) 11/15 13:41:21 Job terminated.
	(1) Normal termination (return value 0)
		Usr 0 00:34:55, Sys 0 00:00:07  -  Run Remote Usage
		Usr 0 00:00:00, Sys 0 00:00:00  -  Run Local Usage
		Usr 0 00:34:55, Sys 0 00:00:07  -  Total Remote Usage
		Usr 0 00:00:00, Sys 0 00:00:00  -  Total Local Usage
	0  -  Run Bytes Sent By Job
	0  -  Run Bytes Received By Job
	0  -  Total Bytes Sent By Job
	0  -  Total Bytes Received By Job
...
