000 (1754703.000.000) 11/14 02:18:59 Job submitted from host: <130.199.206.69:49450>
...
001 (1754703.000.000) 11/14 05:59:08 Job executing on host: <130.199.207.38:42513>
...
006 (1754703.000.000) 11/14 05:59:16 Image size of job updated: 174328
...
006 (1754703.000.000) 11/14 06:04:16 Image size of job updated: 283736
...
006 (1754703.000.000) 11/14 06:09:16 Image size of job updated: 329360
...
006 (1754703.000.000) 11/14 06:14:16 Image size of job updated: 333456
...
006 (1754703.000.000) 11/14 06:19:16 Image size of job updated: 336532
...
006 (1754703.000.000) 11/14 06:24:16 Image size of job updated: 341652
...
006 (1754703.000.000) 11/14 06:34:16 Image size of job updated: 342676
...
006 (1754703.000.000) 11/14 06:49:16 Image size of job updated: 344728
...
005 (1754703.000.000) 11/14 06:53:52 Job terminated.
	(1) Normal termination (return value 0)
		Usr 0 00:49:46, Sys 0 00:00:10  -  Run Remote Usage
		Usr 0 00:00:00, Sys 0 00:00:00  -  Run Local Usage
		Usr 0 00:49:46, Sys 0 00:00:10  -  Total Remote Usage
		Usr 0 00:00:00, Sys 0 00:00:00  -  Total Local Usage
	0  -  Run Bytes Sent By Job
	0  -  Run Bytes Received By Job
	0  -  Total Bytes Sent By Job
	0  -  Total Bytes Received By Job
...
