000 (1753834.000.000) 11/14 02:16:47 Job submitted from host: <130.199.206.69:49450>
...
001 (1753834.000.000) 11/14 08:07:06 Job executing on host: <130.199.180.178:51879>
...
006 (1753834.000.000) 11/14 08:07:15 Image size of job updated: 72772
...
006 (1753834.000.000) 11/14 08:12:16 Image size of job updated: 284688
...
006 (1753834.000.000) 11/14 08:17:17 Image size of job updated: 286536
...
006 (1753834.000.000) 11/14 08:22:18 Image size of job updated: 287024
...
006 (1753834.000.000) 11/14 08:32:20 Image size of job updated: 287200
...
006 (1753834.000.000) 11/14 08:37:21 Image size of job updated: 288632
...
006 (1753834.000.000) 11/14 08:47:23 Image size of job updated: 290144
...
006 (1753834.000.000) 11/14 08:52:24 Image size of job updated: 291860
...
006 (1753834.000.000) 11/14 09:02:26 Image size of job updated: 292280
...
006 (1753834.000.000) 11/14 09:12:28 Image size of job updated: 292600
...
006 (1753834.000.000) 11/14 09:17:29 Image size of job updated: 293120
...
006 (1753834.000.000) 11/14 09:22:30 Image size of job updated: 293404
...
006 (1753834.000.000) 11/14 09:37:33 Image size of job updated: 293680
...
006 (1753834.000.000) 11/14 09:42:34 Image size of job updated: 294056
...
006 (1753834.000.000) 11/14 09:47:35 Image size of job updated: 294104
...
006 (1753834.000.000) 11/14 09:52:36 Image size of job updated: 295168
...
006 (1753834.000.000) 11/14 10:52:48 Image size of job updated: 296652
...
005 (1753834.000.000) 11/14 10:54:00 Job terminated.
	(1) Normal termination (return value 0)
		Usr 0 02:26:40, Sys 0 00:01:14  -  Run Remote Usage
		Usr 0 00:00:00, Sys 0 00:00:00  -  Run Local Usage
		Usr 0 02:26:40, Sys 0 00:01:14  -  Total Remote Usage
		Usr 0 00:00:00, Sys 0 00:00:00  -  Total Local Usage
	0  -  Run Bytes Sent By Job
	0  -  Run Bytes Received By Job
	0  -  Total Bytes Sent By Job
	0  -  Total Bytes Received By Job
...
