000 (1754123.000.000) 11/14 02:17:37 Job submitted from host: <130.199.206.69:49450>
...
001 (1754123.000.000) 11/14 04:37:51 Job executing on host: <130.199.183.12:47839>
...
006 (1754123.000.000) 11/14 04:38:00 Image size of job updated: 264612
...
006 (1754123.000.000) 11/14 04:43:01 Image size of job updated: 284804
...
006 (1754123.000.000) 11/14 04:48:02 Image size of job updated: 285232
...
006 (1754123.000.000) 11/14 04:53:03 Image size of job updated: 290560
...
006 (1754123.000.000) 11/14 04:58:04 Image size of job updated: 290716
...
006 (1754123.000.000) 11/14 05:03:05 Image size of job updated: 292284
...
006 (1754123.000.000) 11/14 05:08:06 Image size of job updated: 294680
...
005 (1754123.000.000) 11/14 05:08:28 Job terminated.
	(1) Normal termination (return value 0)
		Usr 0 00:24:53, Sys 0 00:00:13  -  Run Remote Usage
		Usr 0 00:00:00, Sys 0 00:00:00  -  Run Local Usage
		Usr 0 00:24:53, Sys 0 00:00:13  -  Total Remote Usage
		Usr 0 00:00:00, Sys 0 00:00:00  -  Total Local Usage
	0  -  Run Bytes Sent By Job
	0  -  Run Bytes Received By Job
	0  -  Total Bytes Sent By Job
	0  -  Total Bytes Received By Job
...
