000 (1754313.000.000) 11/14 02:18:07 Job submitted from host: <130.199.206.69:49450>
...
001 (1754313.000.000) 11/14 05:19:12 Job executing on host: <130.199.183.30:49801>
...
006 (1754313.000.000) 11/14 05:19:21 Image size of job updated: 174204
...
006 (1754313.000.000) 11/14 05:24:22 Image size of job updated: 284456
...
006 (1754313.000.000) 11/14 05:29:23 Image size of job updated: 286100
...
006 (1754313.000.000) 11/14 05:34:24 Image size of job updated: 286332
...
006 (1754313.000.000) 11/14 05:39:25 Image size of job updated: 286396
...
006 (1754313.000.000) 11/14 05:49:27 Image size of job updated: 287000
...
006 (1754313.000.000) 11/14 05:54:28 Image size of job updated: 287028
...
006 (1754313.000.000) 11/14 05:59:29 Image size of job updated: 288080
...
006 (1754313.000.000) 11/14 06:09:31 Image size of job updated: 290736
...
006 (1754313.000.000) 11/14 06:19:33 Image size of job updated: 290744
...
006 (1754313.000.000) 11/14 06:34:36 Image size of job updated: 291544
...
006 (1754313.000.000) 11/14 06:44:38 Image size of job updated: 291640
...
006 (1754313.000.000) 11/14 06:49:39 Image size of job updated: 291892
...
006 (1754313.000.000) 11/14 07:14:44 Image size of job updated: 292896
...
006 (1754313.000.000) 11/14 07:19:45 Image size of job updated: 294540
...
006 (1754313.000.000) 11/14 07:29:47 Image size of job updated: 295160
...
006 (1754313.000.000) 11/14 08:35:00 Image size of job updated: 296284
...
006 (1754313.000.000) 11/14 08:40:01 Image size of job updated: 296620
...
006 (1754313.000.000) 11/14 08:45:02 Image size of job updated: 297368
...
006 (1754313.000.000) 11/14 09:15:08 Image size of job updated: 297396
...
006 (1754313.000.000) 11/14 09:25:10 Image size of job updated: 297608
...
005 (1754313.000.000) 11/14 09:36:47 Job terminated.
	(1) Normal termination (return value 0)
		Usr 0 03:56:43, Sys 0 00:01:54  -  Run Remote Usage
		Usr 0 00:00:00, Sys 0 00:00:00  -  Run Local Usage
		Usr 0 03:56:43, Sys 0 00:01:54  -  Total Remote Usage
		Usr 0 00:00:00, Sys 0 00:00:00  -  Total Local Usage
	0  -  Run Bytes Sent By Job
	0  -  Run Bytes Received By Job
	0  -  Total Bytes Sent By Job
	0  -  Total Bytes Received By Job
...
