000 (1754873.000.000) 11/14 02:19:27 Job submitted from host: <130.199.206.69:49450>
...
001 (1754873.000.000) 11/15 10:41:53 Job executing on host: <130.199.180.161:59459>
...
006 (1754873.000.000) 11/15 10:42:02 Image size of job updated: 72604
...
006 (1754873.000.000) 11/15 10:47:03 Image size of job updated: 174020
...
006 (1754873.000.000) 11/15 10:52:04 Image size of job updated: 281544
...
006 (1754873.000.000) 11/15 10:57:05 Image size of job updated: 283136
...
006 (1754873.000.000) 11/15 11:02:06 Image size of job updated: 283644
...
006 (1754873.000.000) 11/15 11:07:07 Image size of job updated: 288796
...
006 (1754873.000.000) 11/15 11:12:08 Image size of job updated: 289564
...
006 (1754873.000.000) 11/15 11:17:09 Image size of job updated: 290960
...
006 (1754873.000.000) 11/15 11:22:10 Image size of job updated: 290984
...
006 (1754873.000.000) 11/15 11:27:11 Image size of job updated: 291908
...
006 (1754873.000.000) 11/15 11:32:12 Image size of job updated: 294692
...
006 (1754873.000.000) 11/15 11:37:13 Image size of job updated: 295604
...
006 (1754873.000.000) 11/15 11:47:15 Image size of job updated: 295784
...
006 (1754873.000.000) 11/15 11:52:16 Image size of job updated: 297264
...
006 (1754873.000.000) 11/15 11:57:17 Image size of job updated: 297976
...
006 (1754873.000.000) 11/15 12:12:17 Image size of job updated: 299228
...
005 (1754873.000.000) 11/15 12:46:11 Job terminated.
	(1) Normal termination (return value 0)
		Usr 0 01:46:34, Sys 0 00:01:14  -  Run Remote Usage
		Usr 0 00:00:00, Sys 0 00:00:00  -  Run Local Usage
		Usr 0 01:46:34, Sys 0 00:01:14  -  Total Remote Usage
		Usr 0 00:00:00, Sys 0 00:00:00  -  Total Local Usage
	0  -  Run Bytes Sent By Job
	0  -  Run Bytes Received By Job
	0  -  Total Bytes Sent By Job
	0  -  Total Bytes Received By Job
...
