000 (1754357.000.000) 11/14 02:18:07 Job submitted from host: <130.199.206.69:49450>
...
001 (1754357.000.000) 11/14 05:20:18 Job executing on host: <130.199.183.10:36128>
...
006 (1754357.000.000) 11/14 05:25:28 Image size of job updated: 284568
...
006 (1754357.000.000) 11/14 05:30:29 Image size of job updated: 286624
...
006 (1754357.000.000) 11/14 05:50:33 Image size of job updated: 287580
...
006 (1754357.000.000) 11/14 05:55:34 Image size of job updated: 287896
...
006 (1754357.000.000) 11/14 06:00:35 Image size of job updated: 291020
...
006 (1754357.000.000) 11/14 06:10:37 Image size of job updated: 316504
...
006 (1754357.000.000) 11/14 06:15:38 Image size of job updated: 324696
...
006 (1754357.000.000) 11/14 06:20:39 Image size of job updated: 329824
...
006 (1754357.000.000) 11/14 06:25:40 Image size of job updated: 338028
...
005 (1754357.000.000) 11/14 06:26:18 Job terminated.
	(1) Normal termination (return value 0)
		Usr 0 00:58:37, Sys 0 00:00:25  -  Run Remote Usage
		Usr 0 00:00:00, Sys 0 00:00:00  -  Run Local Usage
		Usr 0 00:58:37, Sys 0 00:00:25  -  Total Remote Usage
		Usr 0 00:00:00, Sys 0 00:00:00  -  Total Local Usage
	0  -  Run Bytes Sent By Job
	0  -  Run Bytes Received By Job
	0  -  Total Bytes Sent By Job
	0  -  Total Bytes Received By Job
...
