000 (1754542.000.000) 11/14 02:18:34 Job submitted from host: <130.199.206.69:49450>
...
001 (1754542.000.000) 11/14 13:01:43 Job executing on host: <130.199.180.174:58974>
...
006 (1754542.000.000) 11/14 13:01:52 Image size of job updated: 192796
...
006 (1754542.000.000) 11/14 13:06:53 Image size of job updated: 284112
...
006 (1754542.000.000) 11/14 13:11:54 Image size of job updated: 290268
...
006 (1754542.000.000) 11/14 13:16:55 Image size of job updated: 290660
...
006 (1754542.000.000) 11/14 13:21:56 Image size of job updated: 292132
...
006 (1754542.000.000) 11/14 13:26:57 Image size of job updated: 292716
...
006 (1754542.000.000) 11/14 13:36:59 Image size of job updated: 295016
...
006 (1754542.000.000) 11/14 13:42:00 Image size of job updated: 295904
...
006 (1754542.000.000) 11/14 13:47:01 Image size of job updated: 296404
...
006 (1754542.000.000) 11/14 13:52:02 Image size of job updated: 296796
...
006 (1754542.000.000) 11/14 14:07:05 Image size of job updated: 297264
...
006 (1754542.000.000) 11/14 14:17:07 Image size of job updated: 298024
...
006 (1754542.000.000) 11/14 14:37:11 Image size of job updated: 298776
...
006 (1754542.000.000) 11/14 14:47:13 Image size of job updated: 299172
...
006 (1754542.000.000) 11/14 14:52:14 Image size of job updated: 299768
...
006 (1754542.000.000) 11/14 15:07:17 Image size of job updated: 301368
...
005 (1754542.000.000) 11/14 15:09:17 Job terminated.
	(1) Normal termination (return value 0)
		Usr 0 01:54:18, Sys 0 00:00:33  -  Run Remote Usage
		Usr 0 00:00:00, Sys 0 00:00:00  -  Run Local Usage
		Usr 0 01:54:18, Sys 0 00:00:33  -  Total Remote Usage
		Usr 0 00:00:00, Sys 0 00:00:00  -  Total Local Usage
	0  -  Run Bytes Sent By Job
	0  -  Run Bytes Received By Job
	0  -  Total Bytes Sent By Job
	0  -  Total Bytes Received By Job
...
