000 (1753708.000.000) 11/14 02:16:28 Job submitted from host: <130.199.206.69:49450>
...
001 (1753708.000.000) 11/14 03:38:21 Job executing on host: <130.199.183.10:36128>
...
006 (1753708.000.000) 11/14 03:38:30 Image size of job updated: 257648
...
006 (1753708.000.000) 11/14 03:43:31 Image size of job updated: 285496
...
006 (1753708.000.000) 11/14 03:48:32 Image size of job updated: 286108
...
006 (1753708.000.000) 11/14 03:53:33 Image size of job updated: 287100
...
006 (1753708.000.000) 11/14 03:58:34 Image size of job updated: 289508
...
006 (1753708.000.000) 11/14 04:03:35 Image size of job updated: 290180
...
006 (1753708.000.000) 11/14 04:08:36 Image size of job updated: 294708
...
006 (1753708.000.000) 11/14 04:13:37 Image size of job updated: 295380
...
006 (1753708.000.000) 11/14 04:18:38 Image size of job updated: 295720
...
006 (1753708.000.000) 11/14 04:23:39 Image size of job updated: 295740
...
006 (1753708.000.000) 11/14 04:28:40 Image size of job updated: 296176
...
005 (1753708.000.000) 11/14 04:31:52 Job terminated.
	(1) Normal termination (return value 0)
		Usr 0 00:45:41, Sys 0 00:00:23  -  Run Remote Usage
		Usr 0 00:00:00, Sys 0 00:00:00  -  Run Local Usage
		Usr 0 00:45:41, Sys 0 00:00:23  -  Total Remote Usage
		Usr 0 00:00:00, Sys 0 00:00:00  -  Total Local Usage
	0  -  Run Bytes Sent By Job
	0  -  Run Bytes Received By Job
	0  -  Total Bytes Sent By Job
	0  -  Total Bytes Received By Job
...
