000 (1754944.000.000) 11/14 02:19:27 Job submitted from host: <130.199.206.69:49450>
...
001 (1754944.000.000) 11/15 14:52:55 Job executing on host: <130.199.183.1:42118>
...
006 (1754944.000.000) 11/15 14:58:03 Image size of job updated: 276752
...
006 (1754944.000.000) 11/15 15:03:03 Image size of job updated: 285692
...
006 (1754944.000.000) 11/15 15:08:03 Image size of job updated: 316344
...
006 (1754944.000.000) 11/15 15:13:03 Image size of job updated: 325316
...
006 (1754944.000.000) 11/15 15:18:03 Image size of job updated: 331424
...
005 (1754944.000.000) 11/15 15:20:43 Job terminated.
	(1) Normal termination (return value 0)
		Usr 0 00:20:54, Sys 0 00:00:14  -  Run Remote Usage
		Usr 0 00:00:00, Sys 0 00:00:00  -  Run Local Usage
		Usr 0 00:20:54, Sys 0 00:00:14  -  Total Remote Usage
		Usr 0 00:00:00, Sys 0 00:00:00  -  Total Local Usage
	0  -  Run Bytes Sent By Job
	0  -  Run Bytes Received By Job
	0  -  Total Bytes Sent By Job
	0  -  Total Bytes Received By Job
...
