000 (1754218.000.000) 11/14 02:17:52 Job submitted from host: <130.199.206.69:49450>
...
001 (1754218.000.000) 11/14 07:08:15 Job executing on host: <130.199.180.151:44408>
...
006 (1754218.000.000) 11/14 07:08:23 Image size of job updated: 142148
...
006 (1754218.000.000) 11/14 07:13:23 Image size of job updated: 285204
...
006 (1754218.000.000) 11/14 07:18:23 Image size of job updated: 286188
...
006 (1754218.000.000) 11/14 07:33:23 Image size of job updated: 286444
...
006 (1754218.000.000) 11/14 07:38:23 Image size of job updated: 313008
...
006 (1754218.000.000) 11/14 07:43:23 Image size of job updated: 322872
...
006 (1754218.000.000) 11/14 07:48:23 Image size of job updated: 327300
...
006 (1754218.000.000) 11/14 07:53:23 Image size of job updated: 337560
...
006 (1754218.000.000) 11/14 07:58:23 Image size of job updated: 347808
...
006 (1754218.000.000) 11/14 08:03:23 Image size of job updated: 349856
...
006 (1754218.000.000) 11/14 08:08:24 Image size of job updated: 350880
...
006 (1754218.000.000) 11/14 08:18:26 Image size of job updated: 351904
...
005 (1754218.000.000) 11/14 08:37:57 Job terminated.
	(1) Normal termination (return value 0)
		Usr 0 01:23:21, Sys 0 00:00:35  -  Run Remote Usage
		Usr 0 00:00:00, Sys 0 00:00:00  -  Run Local Usage
		Usr 0 01:23:21, Sys 0 00:00:35  -  Total Remote Usage
		Usr 0 00:00:00, Sys 0 00:00:00  -  Total Local Usage
	0  -  Run Bytes Sent By Job
	0  -  Run Bytes Received By Job
	0  -  Total Bytes Sent By Job
	0  -  Total Bytes Received By Job
...
