000 (1754243.000.000) 11/14 02:17:52 Job submitted from host: <130.199.206.69:49450>
...
001 (1754243.000.000) 11/14 02:43:18 Job executing on host: <130.199.180.147:60364>
...
006 (1754243.000.000) 11/14 02:48:26 Image size of job updated: 286124
...
006 (1754243.000.000) 11/14 02:53:26 Image size of job updated: 289372
...
006 (1754243.000.000) 11/14 02:58:26 Image size of job updated: 290232
...
006 (1754243.000.000) 11/14 03:03:26 Image size of job updated: 291740
...
006 (1754243.000.000) 11/14 03:08:26 Image size of job updated: 293880
...
006 (1754243.000.000) 11/14 03:13:26 Image size of job updated: 294192
...
005 (1754243.000.000) 11/14 03:13:46 Job terminated.
	(1) Normal termination (return value 0)
		Usr 0 00:21:42, Sys 0 00:00:18  -  Run Remote Usage
		Usr 0 00:00:00, Sys 0 00:00:00  -  Run Local Usage
		Usr 0 00:21:42, Sys 0 00:00:18  -  Total Remote Usage
		Usr 0 00:00:00, Sys 0 00:00:00  -  Total Local Usage
	0  -  Run Bytes Sent By Job
	0  -  Run Bytes Received By Job
	0  -  Total Bytes Sent By Job
	0  -  Total Bytes Received By Job
...
