000 (1753770.000.000) 11/14 02:16:28 Job submitted from host: <130.199.206.69:49450>
...
001 (1753770.000.000) 11/14 03:58:46 Job executing on host: <130.199.183.18:59916>
...
006 (1753770.000.000) 11/14 04:03:56 Image size of job updated: 299028
...
006 (1753770.000.000) 11/14 04:08:57 Image size of job updated: 320812
...
006 (1753770.000.000) 11/14 04:13:58 Image size of job updated: 326956
...
006 (1753770.000.000) 11/14 04:18:59 Image size of job updated: 327980
...
006 (1753770.000.000) 11/14 04:24:00 Image size of job updated: 330028
...
006 (1753770.000.000) 11/14 04:29:01 Image size of job updated: 331744
...
006 (1753770.000.000) 11/14 04:34:02 Image size of job updated: 334816
...
006 (1753770.000.000) 11/14 04:39:03 Image size of job updated: 335840
...
006 (1753770.000.000) 11/14 04:59:08 Image size of job updated: 337888
...
006 (1753770.000.000) 11/14 05:29:08 Image size of job updated: 338912
...
006 (1753770.000.000) 11/14 05:34:08 Image size of job updated: 339936
...
006 (1753770.000.000) 11/14 06:04:11 Image size of job updated: 340960
...
005 (1753770.000.000) 11/14 06:25:58 Job terminated.
	(1) Normal termination (return value 0)
		Usr 0 02:06:26, Sys 0 00:00:51  -  Run Remote Usage
		Usr 0 00:00:00, Sys 0 00:00:00  -  Run Local Usage
		Usr 0 02:06:26, Sys 0 00:00:51  -  Total Remote Usage
		Usr 0 00:00:00, Sys 0 00:00:00  -  Total Local Usage
	0  -  Run Bytes Sent By Job
	0  -  Run Bytes Received By Job
	0  -  Total Bytes Sent By Job
	0  -  Total Bytes Received By Job
...
