000 (1754512.000.000) 11/14 02:18:34 Job submitted from host: <130.199.206.69:49450>
...
001 (1754512.000.000) 11/14 05:30:17 Job executing on host: <130.199.180.166:41628>
...
006 (1754512.000.000) 11/14 05:30:26 Image size of job updated: 72648
...
006 (1754512.000.000) 11/14 05:35:27 Image size of job updated: 283584
...
006 (1754512.000.000) 11/14 05:40:28 Image size of job updated: 284988
...
006 (1754512.000.000) 11/14 05:45:29 Image size of job updated: 285668
...
006 (1754512.000.000) 11/14 05:55:31 Image size of job updated: 286184
...
006 (1754512.000.000) 11/14 06:00:32 Image size of job updated: 288044
...
006 (1754512.000.000) 11/14 06:20:36 Image size of job updated: 290676
...
006 (1754512.000.000) 11/14 06:25:37 Image size of job updated: 291764
...
006 (1754512.000.000) 11/14 06:30:38 Image size of job updated: 292288
...
006 (1754512.000.000) 11/14 06:45:41 Image size of job updated: 293188
...
006 (1754512.000.000) 11/14 07:15:47 Image size of job updated: 295004
...
006 (1754512.000.000) 11/14 07:25:49 Image size of job updated: 295700
...
006 (1754512.000.000) 11/14 07:35:51 Image size of job updated: 296028
...
006 (1754512.000.000) 11/14 07:45:52 Image size of job updated: 296264
...
005 (1754512.000.000) 11/14 08:18:01 Job terminated.
	(1) Normal termination (return value 0)
		Usr 0 02:35:19, Sys 0 00:01:01  -  Run Remote Usage
		Usr 0 00:00:00, Sys 0 00:00:00  -  Run Local Usage
		Usr 0 02:35:19, Sys 0 00:01:01  -  Total Remote Usage
		Usr 0 00:00:00, Sys 0 00:00:00  -  Total Local Usage
	0  -  Run Bytes Sent By Job
	0  -  Run Bytes Received By Job
	0  -  Total Bytes Sent By Job
	0  -  Total Bytes Received By Job
...
