000 (1754117.000.000) 11/14 02:17:37 Job submitted from host: <130.199.206.69:49450>
...
001 (1754117.000.000) 11/14 07:22:30 Job executing on host: <130.199.180.167:33733>
...
006 (1754117.000.000) 11/14 07:22:38 Image size of job updated: 157848
...
006 (1754117.000.000) 11/14 07:27:38 Image size of job updated: 284840
...
006 (1754117.000.000) 11/14 07:32:38 Image size of job updated: 286160
...
006 (1754117.000.000) 11/14 07:42:38 Image size of job updated: 286220
...
006 (1754117.000.000) 11/14 07:47:38 Image size of job updated: 286936
...
006 (1754117.000.000) 11/14 07:52:39 Image size of job updated: 287956
...
006 (1754117.000.000) 11/14 07:57:40 Image size of job updated: 288188
...
006 (1754117.000.000) 11/14 08:02:41 Image size of job updated: 289492
...
006 (1754117.000.000) 11/14 08:12:43 Image size of job updated: 291852
...
006 (1754117.000.000) 11/14 08:17:44 Image size of job updated: 292860
...
006 (1754117.000.000) 11/14 08:27:46 Image size of job updated: 292912
...
006 (1754117.000.000) 11/14 08:42:49 Image size of job updated: 293508
...
006 (1754117.000.000) 11/14 08:47:50 Image size of job updated: 293512
...
006 (1754117.000.000) 11/14 08:52:51 Image size of job updated: 293768
...
006 (1754117.000.000) 11/14 09:07:54 Image size of job updated: 293900
...
006 (1754117.000.000) 11/14 09:17:56 Image size of job updated: 294120
...
006 (1754117.000.000) 11/14 09:32:59 Image size of job updated: 294272
...
006 (1754117.000.000) 11/14 09:48:02 Image size of job updated: 294380
...
006 (1754117.000.000) 11/14 10:03:05 Image size of job updated: 294832
...
006 (1754117.000.000) 11/14 10:23:09 Image size of job updated: 296304
...
005 (1754117.000.000) 11/14 10:23:44 Job terminated.
	(1) Normal termination (return value 0)
		Usr 0 02:45:21, Sys 0 00:01:23  -  Run Remote Usage
		Usr 0 00:00:00, Sys 0 00:00:00  -  Run Local Usage
		Usr 0 02:45:21, Sys 0 00:01:23  -  Total Remote Usage
		Usr 0 00:00:00, Sys 0 00:00:00  -  Total Local Usage
	0  -  Run Bytes Sent By Job
	0  -  Run Bytes Received By Job
	0  -  Total Bytes Sent By Job
	0  -  Total Bytes Received By Job
...
