000 (1754663.000.000) 11/14 02:18:46 Job submitted from host: <130.199.206.69:49450>
...
001 (1754663.000.000) 11/14 05:50:35 Job executing on host: <130.199.183.23:36199>
...
006 (1754663.000.000) 11/14 05:55:43 Image size of job updated: 284036
...
006 (1754663.000.000) 11/14 06:00:43 Image size of job updated: 285380
...
006 (1754663.000.000) 11/14 06:15:43 Image size of job updated: 286732
...
006 (1754663.000.000) 11/14 06:25:43 Image size of job updated: 286804
...
006 (1754663.000.000) 11/14 06:35:43 Image size of job updated: 289104
...
006 (1754663.000.000) 11/14 06:40:43 Image size of job updated: 289484
...
006 (1754663.000.000) 11/14 06:45:43 Image size of job updated: 291056
...
006 (1754663.000.000) 11/14 06:50:44 Image size of job updated: 294664
...
005 (1754663.000.000) 11/14 07:00:37 Job terminated.
	(1) Normal termination (return value 0)
		Usr 0 01:04:49, Sys 0 00:00:36  -  Run Remote Usage
		Usr 0 00:00:00, Sys 0 00:00:00  -  Run Local Usage
		Usr 0 01:04:49, Sys 0 00:00:36  -  Total Remote Usage
		Usr 0 00:00:00, Sys 0 00:00:00  -  Total Local Usage
	0  -  Run Bytes Sent By Job
	0  -  Run Bytes Received By Job
	0  -  Total Bytes Sent By Job
	0  -  Total Bytes Received By Job
...
