000 (1754043.000.000) 11/14 02:17:22 Job submitted from host: <130.199.206.69:49450>
...
001 (1754043.000.000) 11/14 08:33:00 Job executing on host: <130.199.180.173:34638>
...
006 (1754043.000.000) 11/14 08:33:09 Image size of job updated: 173680
...
006 (1754043.000.000) 11/14 08:38:10 Image size of job updated: 281672
...
006 (1754043.000.000) 11/14 08:43:11 Image size of job updated: 283700
...
006 (1754043.000.000) 11/14 08:48:12 Image size of job updated: 289168
...
006 (1754043.000.000) 11/14 08:53:13 Image size of job updated: 293056
...
006 (1754043.000.000) 11/14 08:58:14 Image size of job updated: 293420
...
006 (1754043.000.000) 11/14 09:03:15 Image size of job updated: 293524
...
006 (1754043.000.000) 11/14 09:13:17 Image size of job updated: 295428
...
006 (1754043.000.000) 11/14 09:18:18 Image size of job updated: 296416
...
006 (1754043.000.000) 11/14 09:38:22 Image size of job updated: 296516
...
006 (1754043.000.000) 11/14 09:43:23 Image size of job updated: 296968
...
006 (1754043.000.000) 11/14 09:48:24 Image size of job updated: 297620
...
006 (1754043.000.000) 11/14 10:13:29 Image size of job updated: 297776
...
005 (1754043.000.000) 11/14 10:24:48 Job terminated.
	(1) Normal termination (return value 0)
		Usr 0 01:40:47, Sys 0 00:00:57  -  Run Remote Usage
		Usr 0 00:00:00, Sys 0 00:00:00  -  Run Local Usage
		Usr 0 01:40:47, Sys 0 00:00:57  -  Total Remote Usage
		Usr 0 00:00:00, Sys 0 00:00:00  -  Total Local Usage
	0  -  Run Bytes Sent By Job
	0  -  Run Bytes Received By Job
	0  -  Total Bytes Sent By Job
	0  -  Total Bytes Received By Job
...
