000 (1754338.000.000) 11/14 02:18:07 Job submitted from host: <130.199.206.69:49450>
...
001 (1754338.000.000) 11/14 06:00:54 Job executing on host: <130.199.180.144:40361>
...
006 (1754338.000.000) 11/14 06:01:03 Image size of job updated: 191660
...
006 (1754338.000.000) 11/14 06:06:04 Image size of job updated: 284360
...
006 (1754338.000.000) 11/14 06:11:05 Image size of job updated: 284892
...
006 (1754338.000.000) 11/14 06:16:06 Image size of job updated: 285284
...
006 (1754338.000.000) 11/14 06:21:07 Image size of job updated: 285784
...
006 (1754338.000.000) 11/14 06:26:08 Image size of job updated: 286320
...
006 (1754338.000.000) 11/14 06:31:09 Image size of job updated: 287676
...
006 (1754338.000.000) 11/14 06:36:10 Image size of job updated: 287948
...
006 (1754338.000.000) 11/14 06:41:11 Image size of job updated: 288956
...
006 (1754338.000.000) 11/14 06:46:12 Image size of job updated: 290868
...
006 (1754338.000.000) 11/14 06:51:13 Image size of job updated: 291444
...
006 (1754338.000.000) 11/14 06:56:14 Image size of job updated: 292508
...
006 (1754338.000.000) 11/14 07:06:16 Image size of job updated: 293096
...
006 (1754338.000.000) 11/14 07:11:17 Image size of job updated: 294636
...
006 (1754338.000.000) 11/14 08:16:30 Image size of job updated: 295668
...
006 (1754338.000.000) 11/14 08:21:31 Image size of job updated: 295764
...
006 (1754338.000.000) 11/14 08:26:32 Image size of job updated: 296220
...
006 (1754338.000.000) 11/14 09:16:42 Image size of job updated: 296732
...
006 (1754338.000.000) 11/14 09:21:43 Image size of job updated: 296820
...
006 (1754338.000.000) 11/14 09:26:44 Image size of job updated: 297368
...
005 (1754338.000.000) 11/14 09:43:59 Job terminated.
	(1) Normal termination (return value 0)
		Usr 0 03:25:15, Sys 0 00:01:21  -  Run Remote Usage
		Usr 0 00:00:00, Sys 0 00:00:00  -  Run Local Usage
		Usr 0 03:25:15, Sys 0 00:01:21  -  Total Remote Usage
		Usr 0 00:00:00, Sys 0 00:00:00  -  Total Local Usage
	0  -  Run Bytes Sent By Job
	0  -  Run Bytes Received By Job
	0  -  Total Bytes Sent By Job
	0  -  Total Bytes Received By Job
...
