000 (1754222.000.000) 11/14 02:17:52 Job submitted from host: <130.199.206.69:49450>
...
001 (1754222.000.000) 11/14 06:00:52 Job executing on host: <130.199.180.143:49383>
...
006 (1754222.000.000) 11/14 06:01:00 Image size of job updated: 188036
...
006 (1754222.000.000) 11/14 06:06:00 Image size of job updated: 284796
...
006 (1754222.000.000) 11/14 06:11:00 Image size of job updated: 286912
...
006 (1754222.000.000) 11/14 06:16:00 Image size of job updated: 286960
...
006 (1754222.000.000) 11/14 06:31:00 Image size of job updated: 286980
...
006 (1754222.000.000) 11/14 06:36:00 Image size of job updated: 288004
...
006 (1754222.000.000) 11/14 06:41:00 Image size of job updated: 288008
...
006 (1754222.000.000) 11/14 06:46:00 Image size of job updated: 289124
...
006 (1754222.000.000) 11/14 06:51:00 Image size of job updated: 292460
...
006 (1754222.000.000) 11/14 07:16:00 Image size of job updated: 292992
...
006 (1754222.000.000) 11/14 07:26:00 Image size of job updated: 293020
...
006 (1754222.000.000) 11/14 07:46:00 Image size of job updated: 294712
...
006 (1754222.000.000) 11/14 07:51:00 Image size of job updated: 295136
...
006 (1754222.000.000) 11/14 08:01:00 Image size of job updated: 295672
...
006 (1754222.000.000) 11/14 08:26:00 Image size of job updated: 301556
...
006 (1754222.000.000) 11/14 08:31:00 Image size of job updated: 322036
...
006 (1754222.000.000) 11/14 08:36:00 Image size of job updated: 340468
...
006 (1754222.000.000) 11/14 08:41:00 Image size of job updated: 342516
...
006 (1754222.000.000) 11/14 08:46:00 Image size of job updated: 343540
...
006 (1754222.000.000) 11/14 08:56:02 Image size of job updated: 344564
...
006 (1754222.000.000) 11/14 09:06:04 Image size of job updated: 345588
...
006 (1754222.000.000) 11/14 09:11:05 Image size of job updated: 346612
...
006 (1754222.000.000) 11/14 09:16:06 Image size of job updated: 347636
...
006 (1754222.000.000) 11/14 09:51:13 Image size of job updated: 348660
...
005 (1754222.000.000) 11/14 10:24:12 Job terminated.
	(1) Normal termination (return value 0)
		Usr 0 04:02:26, Sys 0 00:02:11  -  Run Remote Usage
		Usr 0 00:00:00, Sys 0 00:00:00  -  Run Local Usage
		Usr 0 04:02:26, Sys 0 00:02:11  -  Total Remote Usage
		Usr 0 00:00:00, Sys 0 00:00:00  -  Total Local Usage
	0  -  Run Bytes Sent By Job
	0  -  Run Bytes Received By Job
	0  -  Total Bytes Sent By Job
	0  -  Total Bytes Received By Job
...
