000 (1754213.000.000) 11/14 02:17:52 Job submitted from host: <130.199.206.69:49450>
...
001 (1754213.000.000) 11/14 05:37:02 Job executing on host: <130.199.180.144:40361>
...
006 (1754213.000.000) 11/14 05:42:12 Image size of job updated: 283608
...
006 (1754213.000.000) 11/14 05:47:13 Image size of job updated: 285412
...
006 (1754213.000.000) 11/14 05:52:14 Image size of job updated: 285640
...
006 (1754213.000.000) 11/14 05:57:15 Image size of job updated: 286104
...
006 (1754213.000.000) 11/14 06:02:16 Image size of job updated: 286896
...
006 (1754213.000.000) 11/14 06:07:17 Image size of job updated: 287476
...
006 (1754213.000.000) 11/14 06:22:20 Image size of job updated: 289120
...
006 (1754213.000.000) 11/14 06:27:21 Image size of job updated: 289280
...
006 (1754213.000.000) 11/14 06:32:22 Image size of job updated: 291736
...
006 (1754213.000.000) 11/14 06:47:25 Image size of job updated: 292596
...
006 (1754213.000.000) 11/14 06:52:26 Image size of job updated: 292976
...
006 (1754213.000.000) 11/14 06:57:27 Image size of job updated: 293732
...
006 (1754213.000.000) 11/14 07:07:29 Image size of job updated: 295400
...
006 (1754213.000.000) 11/14 07:12:30 Image size of job updated: 296400
...
006 (1754213.000.000) 11/14 07:17:31 Image size of job updated: 325216
...
006 (1754213.000.000) 11/14 07:22:32 Image size of job updated: 333408
...
006 (1754213.000.000) 11/14 07:27:33 Image size of job updated: 338528
...
006 (1754213.000.000) 11/14 07:32:34 Image size of job updated: 339552
...
006 (1754213.000.000) 11/14 07:37:35 Image size of job updated: 341600
...
006 (1754213.000.000) 11/14 07:42:36 Image size of job updated: 342624
...
005 (1754213.000.000) 11/14 07:47:04 Job terminated.
	(1) Normal termination (return value 0)
		Usr 0 01:59:09, Sys 0 00:00:42  -  Run Remote Usage
		Usr 0 00:00:00, Sys 0 00:00:00  -  Run Local Usage
		Usr 0 01:59:09, Sys 0 00:00:42  -  Total Remote Usage
		Usr 0 00:00:00, Sys 0 00:00:00  -  Total Local Usage
	0  -  Run Bytes Sent By Job
	0  -  Run Bytes Received By Job
	0  -  Total Bytes Sent By Job
	0  -  Total Bytes Received By Job
...
