000 (1753936.000.000) 11/14 02:17:04 Job submitted from host: <130.199.206.69:49450>
...
001 (1753936.000.000) 11/14 05:11:53 Job executing on host: <130.199.183.31:39335>
...
006 (1753936.000.000) 11/14 05:17:01 Image size of job updated: 284724
...
006 (1753936.000.000) 11/14 05:22:01 Image size of job updated: 286032
...
006 (1753936.000.000) 11/14 05:27:01 Image size of job updated: 286272
...
006 (1753936.000.000) 11/14 05:32:01 Image size of job updated: 286572
...
006 (1753936.000.000) 11/14 05:47:01 Image size of job updated: 288196
...
006 (1753936.000.000) 11/14 05:52:01 Image size of job updated: 289368
...
006 (1753936.000.000) 11/14 05:57:01 Image size of job updated: 290332
...
006 (1753936.000.000) 11/14 06:02:01 Image size of job updated: 292952
...
006 (1753936.000.000) 11/14 06:12:01 Image size of job updated: 293172
...
006 (1753936.000.000) 11/14 06:22:01 Image size of job updated: 293508
...
006 (1753936.000.000) 11/14 07:02:01 Image size of job updated: 293544
...
006 (1753936.000.000) 11/14 07:27:01 Image size of job updated: 294800
...
006 (1753936.000.000) 11/14 07:32:01 Image size of job updated: 295336
...
006 (1753936.000.000) 11/14 07:42:01 Image size of job updated: 295752
...
006 (1753936.000.000) 11/14 07:47:01 Image size of job updated: 295908
...
006 (1753936.000.000) 11/14 08:07:01 Image size of job updated: 296320
...
006 (1753936.000.000) 11/14 08:12:01 Image size of job updated: 296472
...
005 (1753936.000.000) 11/14 08:13:10 Job terminated.
	(1) Normal termination (return value 0)
		Usr 0 02:39:33, Sys 0 00:01:07  -  Run Remote Usage
		Usr 0 00:00:00, Sys 0 00:00:00  -  Run Local Usage
		Usr 0 02:39:33, Sys 0 00:01:07  -  Total Remote Usage
		Usr 0 00:00:00, Sys 0 00:00:00  -  Total Local Usage
	0  -  Run Bytes Sent By Job
	0  -  Run Bytes Received By Job
	0  -  Total Bytes Sent By Job
	0  -  Total Bytes Received By Job
...
