000 (1755356.000.000) 11/14 02:20:03 Job submitted from host: <130.199.206.69:49450>
...
001 (1755356.000.000) 11/15 12:45:19 Job executing on host: <130.199.183.2:51731>
...
006 (1755356.000.000) 11/15 12:50:29 Image size of job updated: 284352
...
006 (1755356.000.000) 11/15 12:55:30 Image size of job updated: 292464
...
006 (1755356.000.000) 11/15 13:00:31 Image size of job updated: 293312
...
006 (1755356.000.000) 11/15 13:05:32 Image size of job updated: 295288
...
006 (1755356.000.000) 11/15 13:10:33 Image size of job updated: 297748
...
006 (1755356.000.000) 11/15 13:20:35 Image size of job updated: 298156
...
005 (1755356.000.000) 11/15 13:23:49 Job terminated.
	(1) Normal termination (return value 0)
		Usr 0 00:34:08, Sys 0 00:00:17  -  Run Remote Usage
		Usr 0 00:00:00, Sys 0 00:00:00  -  Run Local Usage
		Usr 0 00:34:08, Sys 0 00:00:17  -  Total Remote Usage
		Usr 0 00:00:00, Sys 0 00:00:00  -  Total Local Usage
	0  -  Run Bytes Sent By Job
	0  -  Run Bytes Received By Job
	0  -  Total Bytes Sent By Job
	0  -  Total Bytes Received By Job
...
