000 (1753892.000.000) 11/14 02:17:04 Job submitted from host: <130.199.206.69:49450>
...
001 (1753892.000.000) 11/14 08:12:25 Job executing on host: <130.199.180.146:38869>
...
006 (1753892.000.000) 11/14 08:17:35 Image size of job updated: 280332
...
006 (1753892.000.000) 11/14 08:22:36 Image size of job updated: 281636
...
006 (1753892.000.000) 11/14 08:27:37 Image size of job updated: 289440
...
006 (1753892.000.000) 11/14 08:32:38 Image size of job updated: 290740
...
006 (1753892.000.000) 11/14 08:37:39 Image size of job updated: 291672
...
006 (1753892.000.000) 11/14 08:47:41 Image size of job updated: 291956
...
006 (1753892.000.000) 11/14 08:52:42 Image size of job updated: 293432
...
005 (1753892.000.000) 11/14 08:56:28 Job terminated.
	(1) Normal termination (return value 0)
		Usr 0 00:39:54, Sys 0 00:00:20  -  Run Remote Usage
		Usr 0 00:00:00, Sys 0 00:00:00  -  Run Local Usage
		Usr 0 00:39:54, Sys 0 00:00:20  -  Total Remote Usage
		Usr 0 00:00:00, Sys 0 00:00:00  -  Total Local Usage
	0  -  Run Bytes Sent By Job
	0  -  Run Bytes Received By Job
	0  -  Total Bytes Sent By Job
	0  -  Total Bytes Received By Job
...
