000 (1753518.000.000) 11/14 02:15:48 Job submitted from host: <130.199.206.69:49450>
...
001 (1753518.000.000) 11/14 07:44:22 Job executing on host: <130.199.180.154:33428>
...
006 (1753518.000.000) 11/14 07:44:31 Image size of job updated: 159184
...
006 (1753518.000.000) 11/14 07:49:32 Image size of job updated: 279168
...
006 (1753518.000.000) 11/14 07:54:33 Image size of job updated: 281300
...
006 (1753518.000.000) 11/14 07:59:34 Image size of job updated: 286792
...
006 (1753518.000.000) 11/14 08:04:35 Image size of job updated: 290896
...
006 (1753518.000.000) 11/14 08:14:37 Image size of job updated: 291088
...
006 (1753518.000.000) 11/14 08:19:38 Image size of job updated: 294484
...
005 (1753518.000.000) 11/14 08:26:48 Job terminated.
	(1) Normal termination (return value 0)
		Usr 0 00:38:25, Sys 0 00:00:19  -  Run Remote Usage
		Usr 0 00:00:00, Sys 0 00:00:00  -  Run Local Usage
		Usr 0 00:38:25, Sys 0 00:00:19  -  Total Remote Usage
		Usr 0 00:00:00, Sys 0 00:00:00  -  Total Local Usage
	0  -  Run Bytes Sent By Job
	0  -  Run Bytes Received By Job
	0  -  Total Bytes Sent By Job
	0  -  Total Bytes Received By Job
...
