000 (1754056.000.000) 11/14 02:17:22 Job submitted from host: <130.199.206.69:49450>
...
001 (1754056.000.000) 11/14 04:36:08 Job executing on host: <130.199.180.131:44091>
...
006 (1754056.000.000) 11/14 04:36:17 Image size of job updated: 142620
...
006 (1754056.000.000) 11/14 04:41:18 Image size of job updated: 284928
...
006 (1754056.000.000) 11/14 04:46:19 Image size of job updated: 286148
...
006 (1754056.000.000) 11/14 04:51:20 Image size of job updated: 290364
...
006 (1754056.000.000) 11/14 04:56:21 Image size of job updated: 292240
...
006 (1754056.000.000) 11/14 05:01:22 Image size of job updated: 295132
...
006 (1754056.000.000) 11/14 05:06:23 Image size of job updated: 295852
...
006 (1754056.000.000) 11/14 05:31:28 Image size of job updated: 295896
...
006 (1754056.000.000) 11/14 05:36:29 Image size of job updated: 296136
...
006 (1754056.000.000) 11/14 05:41:30 Image size of job updated: 296172
...
006 (1754056.000.000) 11/14 05:46:31 Image size of job updated: 297096
...
006 (1754056.000.000) 11/14 05:56:33 Image size of job updated: 297280
...
006 (1754056.000.000) 11/14 06:01:34 Image size of job updated: 297812
...
006 (1754056.000.000) 11/14 06:06:35 Image size of job updated: 317840
...
006 (1754056.000.000) 11/14 06:11:36 Image size of job updated: 334180
...
006 (1754056.000.000) 11/14 06:16:37 Image size of job updated: 339300
...
006 (1754056.000.000) 11/14 06:21:38 Image size of job updated: 343396
...
006 (1754056.000.000) 11/14 06:26:39 Image size of job updated: 345444
...
006 (1754056.000.000) 11/14 06:36:41 Image size of job updated: 346468
...
006 (1754056.000.000) 11/14 06:46:43 Image size of job updated: 347492
...
005 (1754056.000.000) 11/14 06:47:04 Job terminated.
	(1) Normal termination (return value 0)
		Usr 0 01:50:49, Sys 0 00:00:37  -  Run Remote Usage
		Usr 0 00:00:00, Sys 0 00:00:00  -  Run Local Usage
		Usr 0 01:50:49, Sys 0 00:00:37  -  Total Remote Usage
		Usr 0 00:00:00, Sys 0 00:00:00  -  Total Local Usage
	0  -  Run Bytes Sent By Job
	0  -  Run Bytes Received By Job
	0  -  Total Bytes Sent By Job
	0  -  Total Bytes Received By Job
...
