000 (1755142.000.000) 11/14 02:19:46 Job submitted from host: <130.199.206.69:49450>
...
001 (1755142.000.000) 11/15 18:45:54 Job executing on host: <130.199.207.45:36967>
...
006 (1755142.000.000) 11/15 18:51:02 Image size of job updated: 284152
...
006 (1755142.000.000) 11/15 18:56:02 Image size of job updated: 284836
...
006 (1755142.000.000) 11/15 19:01:02 Image size of job updated: 304332
...
006 (1755142.000.000) 11/15 19:06:02 Image size of job updated: 333424
...
006 (1755142.000.000) 11/15 19:11:02 Image size of job updated: 334448
...
006 (1755142.000.000) 11/15 19:16:02 Image size of job updated: 337520
...
006 (1755142.000.000) 11/15 19:21:02 Image size of job updated: 338544
...
006 (1755142.000.000) 11/15 19:46:02 Image size of job updated: 339568
...
006 (1755142.000.000) 11/15 19:51:02 Image size of job updated: 340592
...
006 (1755142.000.000) 11/15 20:11:02 Image size of job updated: 341616
...
006 (1755142.000.000) 11/15 20:21:02 Image size of job updated: 342640
...
006 (1755142.000.000) 11/15 20:26:02 Image size of job updated: 343664
...
005 (1755142.000.000) 11/15 20:26:37 Job terminated.
	(1) Normal termination (return value 0)
		Usr 0 01:23:55, Sys 0 00:00:34  -  Run Remote Usage
		Usr 0 00:00:00, Sys 0 00:00:00  -  Run Local Usage
		Usr 0 01:23:55, Sys 0 00:00:34  -  Total Remote Usage
		Usr 0 00:00:00, Sys 0 00:00:00  -  Total Local Usage
	0  -  Run Bytes Sent By Job
	0  -  Run Bytes Received By Job
	0  -  Total Bytes Sent By Job
	0  -  Total Bytes Received By Job
...
