000 (1753446.000.000) 11/14 02:14:53 Job submitted from host: <130.199.206.69:49450>
...
001 (1753446.000.000) 11/14 07:33:44 Job executing on host: <130.199.183.26:55119>
...
006 (1753446.000.000) 11/14 07:33:52 Image size of job updated: 8824
...
006 (1753446.000.000) 11/14 07:38:52 Image size of job updated: 284396
...
006 (1753446.000.000) 11/14 07:43:52 Image size of job updated: 285540
...
006 (1753446.000.000) 11/14 07:48:52 Image size of job updated: 285748
...
006 (1753446.000.000) 11/14 07:53:52 Image size of job updated: 286544
...
006 (1753446.000.000) 11/14 08:03:52 Image size of job updated: 287064
...
006 (1753446.000.000) 11/14 08:08:52 Image size of job updated: 287140
...
006 (1753446.000.000) 11/14 08:13:52 Image size of job updated: 288932
...
006 (1753446.000.000) 11/14 08:18:52 Image size of job updated: 289260
...
006 (1753446.000.000) 11/14 08:23:52 Image size of job updated: 291844
...
006 (1753446.000.000) 11/14 09:18:52 Image size of job updated: 291908
...
006 (1753446.000.000) 11/14 09:28:52 Image size of job updated: 292624
...
006 (1753446.000.000) 11/14 09:33:52 Image size of job updated: 292748
...
006 (1753446.000.000) 11/14 09:43:52 Image size of job updated: 294552
...
006 (1753446.000.000) 11/14 09:48:53 Image size of job updated: 294608
...
006 (1753446.000.000) 11/14 09:53:54 Image size of job updated: 294624
...
006 (1753446.000.000) 11/14 09:58:55 Image size of job updated: 294940
...
006 (1753446.000.000) 11/14 10:13:58 Image size of job updated: 294948
...
006 (1753446.000.000) 11/14 10:24:00 Image size of job updated: 295244
...
006 (1753446.000.000) 11/14 10:34:02 Image size of job updated: 314304
...
006 (1753446.000.000) 11/14 10:39:03 Image size of job updated: 327616
...
006 (1753446.000.000) 11/14 10:44:04 Image size of job updated: 333216
...
006 (1753446.000.000) 11/14 10:54:06 Image size of job updated: 338336
...
006 (1753446.000.000) 11/14 11:04:08 Image size of job updated: 339360
...
006 (1753446.000.000) 11/14 11:09:09 Image size of job updated: 340384
...
006 (1753446.000.000) 11/14 11:29:13 Image size of job updated: 341672
...
006 (1753446.000.000) 11/14 11:34:14 Image size of job updated: 342696
...
006 (1753446.000.000) 11/14 11:44:16 Image size of job updated: 343720
...
006 (1753446.000.000) 11/14 11:49:17 Image size of job updated: 344744
...
005 (1753446.000.000) 11/14 11:58:31 Job terminated.
	(1) Normal termination (return value 0)
		Usr 0 04:00:40, Sys 0 00:01:58  -  Run Remote Usage
		Usr 0 00:00:00, Sys 0 00:00:00  -  Run Local Usage
		Usr 0 04:00:40, Sys 0 00:01:58  -  Total Remote Usage
		Usr 0 00:00:00, Sys 0 00:00:00  -  Total Local Usage
	0  -  Run Bytes Sent By Job
	0  -  Run Bytes Received By Job
	0  -  Total Bytes Sent By Job
	0  -  Total Bytes Received By Job
...
