000 (1753795.000.000) 11/14 02:16:47 Job submitted from host: <130.199.206.69:49450>
...
001 (1753795.000.000) 11/14 04:35:50 Job executing on host: <130.199.206.209:51289>
...
006 (1753795.000.000) 11/14 04:35:59 Image size of job updated: 131588
...
006 (1753795.000.000) 11/14 04:41:00 Image size of job updated: 284780
...
006 (1753795.000.000) 11/14 04:46:01 Image size of job updated: 286116
...
006 (1753795.000.000) 11/14 04:51:02 Image size of job updated: 315376
...
006 (1753795.000.000) 11/14 04:56:03 Image size of job updated: 335868
...
006 (1753795.000.000) 11/14 05:01:04 Image size of job updated: 338940
...
006 (1753795.000.000) 11/14 05:06:05 Image size of job updated: 342012
...
006 (1753795.000.000) 11/14 05:21:08 Image size of job updated: 343036
...
006 (1753795.000.000) 11/14 05:46:12 Image size of job updated: 346188
...
006 (1753795.000.000) 11/14 06:11:12 Image size of job updated: 348156
...
005 (1753795.000.000) 11/14 06:39:44 Job terminated.
	(1) Normal termination (return value 0)
		Usr 0 01:51:37, Sys 0 00:00:25  -  Run Remote Usage
		Usr 0 00:00:00, Sys 0 00:00:00  -  Run Local Usage
		Usr 0 01:51:37, Sys 0 00:00:25  -  Total Remote Usage
		Usr 0 00:00:00, Sys 0 00:00:00  -  Total Local Usage
	0  -  Run Bytes Sent By Job
	0  -  Run Bytes Received By Job
	0  -  Total Bytes Sent By Job
	0  -  Total Bytes Received By Job
...
