000 (1755155.000.000) 11/14 02:19:46 Job submitted from host: <130.199.206.69:49450>
...
001 (1755155.000.000) 11/15 18:45:59 Job executing on host: <130.199.206.210:46528>
...
006 (1755155.000.000) 11/15 18:46:07 Image size of job updated: 142640
...
006 (1755155.000.000) 11/15 18:51:07 Image size of job updated: 282760
...
006 (1755155.000.000) 11/15 18:56:07 Image size of job updated: 283468
...
006 (1755155.000.000) 11/15 19:01:07 Image size of job updated: 285540
...
006 (1755155.000.000) 11/15 19:11:07 Image size of job updated: 292708
...
006 (1755155.000.000) 11/15 19:16:07 Image size of job updated: 294608
...
006 (1755155.000.000) 11/15 19:21:07 Image size of job updated: 295108
...
006 (1755155.000.000) 11/15 19:26:07 Image size of job updated: 295968
...
006 (1755155.000.000) 11/15 20:11:15 Image size of job updated: 296116
...
006 (1755155.000.000) 11/15 20:21:17 Image size of job updated: 402308
...
006 (1755155.000.000) 11/15 20:26:18 Image size of job updated: 403356
...
005 (1755155.000.000) 11/15 20:28:14 Job terminated.
	(1) Normal termination (return value 0)
		Usr 0 01:25:31, Sys 0 00:00:31  -  Run Remote Usage
		Usr 0 00:00:00, Sys 0 00:00:00  -  Run Local Usage
		Usr 0 01:25:31, Sys 0 00:00:31  -  Total Remote Usage
		Usr 0 00:00:00, Sys 0 00:00:00  -  Total Local Usage
	0  -  Run Bytes Sent By Job
	0  -  Run Bytes Received By Job
	0  -  Total Bytes Sent By Job
	0  -  Total Bytes Received By Job
...
