000 (1754657.000.000) 11/14 02:18:46 Job submitted from host: <130.199.206.69:49450>
...
001 (1754657.000.000) 11/14 05:49:41 Job executing on host: <130.199.206.75:57143>
...
006 (1754657.000.000) 11/14 05:49:50 Image size of job updated: 173760
...
006 (1754657.000.000) 11/14 05:54:51 Image size of job updated: 283044
...
006 (1754657.000.000) 11/14 05:59:52 Image size of job updated: 284340
...
006 (1754657.000.000) 11/14 06:04:53 Image size of job updated: 284708
...
006 (1754657.000.000) 11/14 06:14:53 Image size of job updated: 285764
...
006 (1754657.000.000) 11/14 06:19:53 Image size of job updated: 287652
...
006 (1754657.000.000) 11/14 06:24:53 Image size of job updated: 289800
...
006 (1754657.000.000) 11/14 06:29:53 Image size of job updated: 290820
...
006 (1754657.000.000) 11/14 06:34:53 Image size of job updated: 290824
...
006 (1754657.000.000) 11/14 06:39:53 Image size of job updated: 291884
...
006 (1754657.000.000) 11/14 06:44:53 Image size of job updated: 293344
...
006 (1754657.000.000) 11/14 06:54:53 Image size of job updated: 293720
...
006 (1754657.000.000) 11/14 06:59:53 Image size of job updated: 294352
...
006 (1754657.000.000) 11/14 07:24:58 Image size of job updated: 294920
...
006 (1754657.000.000) 11/14 07:29:59 Image size of job updated: 295412
...
006 (1754657.000.000) 11/14 07:55:02 Image size of job updated: 296172
...
006 (1754657.000.000) 11/14 08:00:02 Image size of job updated: 318588
...
006 (1754657.000.000) 11/14 08:05:02 Image size of job updated: 339068
...
006 (1754657.000.000) 11/14 08:10:02 Image size of job updated: 341116
...
006 (1754657.000.000) 11/14 08:15:02 Image size of job updated: 342140
...
006 (1754657.000.000) 11/14 08:25:02 Image size of job updated: 343164
...
006 (1754657.000.000) 11/14 08:40:04 Image size of job updated: 344188
...
006 (1754657.000.000) 11/14 08:45:05 Image size of job updated: 345212
...
006 (1754657.000.000) 11/14 09:30:11 Image size of job updated: 345728
...
005 (1754657.000.000) 11/14 09:42:25 Job terminated.
	(1) Normal termination (return value 0)
		Usr 0 03:38:54, Sys 0 00:00:56  -  Run Remote Usage
		Usr 0 00:00:00, Sys 0 00:00:00  -  Run Local Usage
		Usr 0 03:38:54, Sys 0 00:00:56  -  Total Remote Usage
		Usr 0 00:00:00, Sys 0 00:00:00  -  Total Local Usage
	0  -  Run Bytes Sent By Job
	0  -  Run Bytes Received By Job
	0  -  Total Bytes Sent By Job
	0  -  Total Bytes Received By Job
...
