000 (1755054.000.000) 11/14 02:19:38 Job submitted from host: <130.199.206.69:49450>
...
001 (1755054.000.000) 11/15 11:48:19 Job executing on host: <130.199.207.6:34742>
...
006 (1755054.000.000) 11/15 11:53:27 Image size of job updated: 278212
...
006 (1755054.000.000) 11/15 11:58:27 Image size of job updated: 289472
...
006 (1755054.000.000) 11/15 12:03:27 Image size of job updated: 293692
...
006 (1755054.000.000) 11/15 12:08:27 Image size of job updated: 293912
...
006 (1755054.000.000) 11/15 12:13:27 Image size of job updated: 310868
...
006 (1755054.000.000) 11/15 12:18:27 Image size of job updated: 329988
...
006 (1755054.000.000) 11/15 12:23:27 Image size of job updated: 335108
...
005 (1755054.000.000) 11/15 12:29:30 Job terminated.
	(1) Normal termination (return value 0)
		Usr 0 00:36:14, Sys 0 00:00:12  -  Run Remote Usage
		Usr 0 00:00:00, Sys 0 00:00:00  -  Run Local Usage
		Usr 0 00:36:14, Sys 0 00:00:12  -  Total Remote Usage
		Usr 0 00:00:00, Sys 0 00:00:00  -  Total Local Usage
	0  -  Run Bytes Sent By Job
	0  -  Run Bytes Received By Job
	0  -  Total Bytes Sent By Job
	0  -  Total Bytes Received By Job
...
