000 (1754092.000.000) 11/14 02:17:37 Job submitted from host: <130.199.206.69:49450>
...
001 (1754092.000.000) 11/14 05:10:46 Job executing on host: <130.199.180.170:47912>
...
006 (1754092.000.000) 11/14 05:10:54 Image size of job updated: 174216
...
006 (1754092.000.000) 11/14 05:15:54 Image size of job updated: 284704
...
006 (1754092.000.000) 11/14 05:20:54 Image size of job updated: 286504
...
006 (1754092.000.000) 11/14 05:30:54 Image size of job updated: 288232
...
006 (1754092.000.000) 11/14 05:50:54 Image size of job updated: 289224
...
006 (1754092.000.000) 11/14 05:55:54 Image size of job updated: 290088
...
006 (1754092.000.000) 11/14 06:10:54 Image size of job updated: 290792
...
006 (1754092.000.000) 11/14 06:20:54 Image size of job updated: 309100
...
006 (1754092.000.000) 11/14 06:25:54 Image size of job updated: 321388
...
006 (1754092.000.000) 11/14 06:30:54 Image size of job updated: 329580
...
006 (1754092.000.000) 11/14 06:35:54 Image size of job updated: 333676
...
006 (1754092.000.000) 11/14 06:45:54 Image size of job updated: 336752
...
006 (1754092.000.000) 11/14 06:50:54 Image size of job updated: 339824
...
006 (1754092.000.000) 11/14 07:05:54 Image size of job updated: 340460
...
006 (1754092.000.000) 11/14 07:10:54 Image size of job updated: 341484
...
006 (1754092.000.000) 11/14 07:30:54 Image size of job updated: 342508
...
006 (1754092.000.000) 11/14 07:55:54 Image size of job updated: 343532
...
005 (1754092.000.000) 11/14 08:24:50 Job terminated.
	(1) Normal termination (return value 0)
		Usr 0 02:53:42, Sys 0 00:01:10  -  Run Remote Usage
		Usr 0 00:00:00, Sys 0 00:00:00  -  Run Local Usage
		Usr 0 02:53:42, Sys 0 00:01:10  -  Total Remote Usage
		Usr 0 00:00:00, Sys 0 00:00:00  -  Total Local Usage
	0  -  Run Bytes Sent By Job
	0  -  Run Bytes Received By Job
	0  -  Total Bytes Sent By Job
	0  -  Total Bytes Received By Job
...
