000 (1753473.000.000) 11/14 02:15:48 Job submitted from host: <130.199.206.69:49450>
...
001 (1753473.000.000) 11/14 03:40:28 Job executing on host: <130.199.183.12:47839>
...
006 (1753473.000.000) 11/14 03:45:36 Image size of job updated: 310816
...
006 (1753473.000.000) 11/14 03:50:36 Image size of job updated: 325524
...
006 (1753473.000.000) 11/14 03:55:36 Image size of job updated: 328600
...
006 (1753473.000.000) 11/14 04:00:36 Image size of job updated: 329624
...
006 (1753473.000.000) 11/14 04:05:36 Image size of job updated: 332696
...
006 (1753473.000.000) 11/14 04:10:36 Image size of job updated: 333720
...
006 (1753473.000.000) 11/14 04:15:36 Image size of job updated: 335768
...
005 (1753473.000.000) 11/14 04:36:19 Job terminated.
	(1) Normal termination (return value 0)
		Usr 0 00:42:10, Sys 0 00:00:21  -  Run Remote Usage
		Usr 0 00:00:00, Sys 0 00:00:00  -  Run Local Usage
		Usr 0 00:42:10, Sys 0 00:00:21  -  Total Remote Usage
		Usr 0 00:00:00, Sys 0 00:00:00  -  Total Local Usage
	0  -  Run Bytes Sent By Job
	0  -  Run Bytes Received By Job
	0  -  Total Bytes Sent By Job
	0  -  Total Bytes Received By Job
...
