000 (1755341.000.000) 11/14 02:20:03 Job submitted from host: <130.199.206.69:49450>
...
001 (1755341.000.000) 11/15 12:43:08 Job executing on host: <130.199.206.193:39886>
...
006 (1755341.000.000) 11/15 12:48:17 Image size of job updated: 283464
...
006 (1755341.000.000) 11/15 12:58:17 Image size of job updated: 290784
...
006 (1755341.000.000) 11/15 13:03:17 Image size of job updated: 331428
...
006 (1755341.000.000) 11/15 13:08:17 Image size of job updated: 335524
...
006 (1755341.000.000) 11/15 13:13:17 Image size of job updated: 337108
...
005 (1755341.000.000) 11/15 13:15:51 Job terminated.
	(1) Normal termination (return value 0)
		Usr 0 00:27:25, Sys 0 00:00:07  -  Run Remote Usage
		Usr 0 00:00:00, Sys 0 00:00:00  -  Run Local Usage
		Usr 0 00:27:25, Sys 0 00:00:07  -  Total Remote Usage
		Usr 0 00:00:00, Sys 0 00:00:00  -  Total Local Usage
	0  -  Run Bytes Sent By Job
	0  -  Run Bytes Received By Job
	0  -  Total Bytes Sent By Job
	0  -  Total Bytes Received By Job
...
