000 (1754536.000.000) 11/14 02:18:34 Job submitted from host: <130.199.206.69:49450>
...
001 (1754536.000.000) 11/14 05:24:20 Job executing on host: <130.199.180.168:57296>
...
006 (1754536.000.000) 11/14 05:24:28 Image size of job updated: 72752
...
006 (1754536.000.000) 11/14 05:29:28 Image size of job updated: 281172
...
006 (1754536.000.000) 11/14 05:34:28 Image size of job updated: 290528
...
006 (1754536.000.000) 11/14 05:39:28 Image size of job updated: 320268
...
006 (1754536.000.000) 11/14 05:44:28 Image size of job updated: 330508
...
005 (1754536.000.000) 11/14 05:45:29 Job terminated.
	(1) Normal termination (return value 0)
		Usr 0 00:18:12, Sys 0 00:00:14  -  Run Remote Usage
		Usr 0 00:00:00, Sys 0 00:00:00  -  Run Local Usage
		Usr 0 00:18:12, Sys 0 00:00:14  -  Total Remote Usage
		Usr 0 00:00:00, Sys 0 00:00:00  -  Total Local Usage
	0  -  Run Bytes Sent By Job
	0  -  Run Bytes Received By Job
	0  -  Total Bytes Sent By Job
	0  -  Total Bytes Received By Job
...
