000 (1754116.000.000) 11/14 02:17:37 Job submitted from host: <130.199.206.69:49450>
...
001 (1754116.000.000) 11/14 07:53:05 Job executing on host: <130.199.206.189:52597>
...
006 (1754116.000.000) 11/14 07:58:13 Image size of job updated: 286960
...
006 (1754116.000.000) 11/14 08:03:13 Image size of job updated: 289264
...
006 (1754116.000.000) 11/14 08:08:13 Image size of job updated: 291008
...
006 (1754116.000.000) 11/14 08:13:13 Image size of job updated: 296168
...
006 (1754116.000.000) 11/14 08:18:13 Image size of job updated: 300052
...
006 (1754116.000.000) 11/14 08:23:13 Image size of job updated: 300624
...
006 (1754116.000.000) 11/14 08:28:13 Image size of job updated: 302448
...
006 (1754116.000.000) 11/14 08:33:13 Image size of job updated: 302604
...
006 (1754116.000.000) 11/14 08:38:13 Image size of job updated: 318016
...
005 (1754116.000.000) 11/14 08:39:58 Job terminated.
	(1) Normal termination (return value 0)
		Usr 0 00:42:05, Sys 0 00:00:12  -  Run Remote Usage
		Usr 0 00:00:00, Sys 0 00:00:00  -  Run Local Usage
		Usr 0 00:42:05, Sys 0 00:00:12  -  Total Remote Usage
		Usr 0 00:00:00, Sys 0 00:00:00  -  Total Local Usage
	0  -  Run Bytes Sent By Job
	0  -  Run Bytes Received By Job
	0  -  Total Bytes Sent By Job
	0  -  Total Bytes Received By Job
...
