000 (1754889.000.000) 11/14 02:19:27 Job submitted from host: <130.199.206.69:49450>
...
001 (1754889.000.000) 11/15 10:50:55 Job executing on host: <130.199.183.19:35289>
...
006 (1754889.000.000) 11/15 10:51:04 Image size of job updated: 72644
...
006 (1754889.000.000) 11/15 10:56:05 Image size of job updated: 281532
...
006 (1754889.000.000) 11/15 11:01:06 Image size of job updated: 284300
...
006 (1754889.000.000) 11/15 11:06:07 Image size of job updated: 286020
...
006 (1754889.000.000) 11/15 11:11:08 Image size of job updated: 286824
...
006 (1754889.000.000) 11/15 11:21:10 Image size of job updated: 286976
...
006 (1754889.000.000) 11/15 11:26:11 Image size of job updated: 287316
...
006 (1754889.000.000) 11/15 11:31:12 Image size of job updated: 287476
...
006 (1754889.000.000) 11/15 11:36:13 Image size of job updated: 287700
...
006 (1754889.000.000) 11/15 11:41:14 Image size of job updated: 291340
...
006 (1754889.000.000) 11/15 11:46:15 Image size of job updated: 291692
...
006 (1754889.000.000) 11/15 11:51:16 Image size of job updated: 291788
...
006 (1754889.000.000) 11/15 12:01:18 Image size of job updated: 323884
...
006 (1754889.000.000) 11/15 12:06:19 Image size of job updated: 333100
...
006 (1754889.000.000) 11/15 12:11:20 Image size of job updated: 337196
...
006 (1754889.000.000) 11/15 12:16:21 Image size of job updated: 338220
...
006 (1754889.000.000) 11/15 12:21:22 Image size of job updated: 339244
...
006 (1754889.000.000) 11/15 12:26:23 Image size of job updated: 340268
...
006 (1754889.000.000) 11/15 12:41:26 Image size of job updated: 341760
...
006 (1754889.000.000) 11/15 13:06:31 Image size of job updated: 342716
...
006 (1754889.000.000) 11/15 13:16:33 Image size of job updated: 343740
...
006 (1754889.000.000) 11/15 13:21:34 Image size of job updated: 344764
...
006 (1754889.000.000) 11/15 13:36:37 Image size of job updated: 345788
...
005 (1754889.000.000) 11/15 14:00:19 Job terminated.
	(1) Normal termination (return value 0)
		Usr 0 02:46:07, Sys 0 00:01:46  -  Run Remote Usage
		Usr 0 00:00:00, Sys 0 00:00:00  -  Run Local Usage
		Usr 0 02:46:07, Sys 0 00:01:46  -  Total Remote Usage
		Usr 0 00:00:00, Sys 0 00:00:00  -  Total Local Usage
	0  -  Run Bytes Sent By Job
	0  -  Run Bytes Received By Job
	0  -  Total Bytes Sent By Job
	0  -  Total Bytes Received By Job
...
