000 (1754725.000.000) 11/14 02:18:59 Job submitted from host: <130.199.206.69:49450>
...
001 (1754725.000.000) 11/14 06:04:37 Job executing on host: <130.199.207.39:52625>
...
006 (1754725.000.000) 11/14 06:04:46 Image size of job updated: 171216
...
006 (1754725.000.000) 11/14 06:09:47 Image size of job updated: 286972
...
006 (1754725.000.000) 11/14 06:19:49 Image size of job updated: 287004
...
006 (1754725.000.000) 11/14 06:24:50 Image size of job updated: 287668
...
006 (1754725.000.000) 11/14 06:29:51 Image size of job updated: 291992
...
006 (1754725.000.000) 11/14 06:39:53 Image size of job updated: 292500
...
006 (1754725.000.000) 11/14 06:44:54 Image size of job updated: 292900
...
006 (1754725.000.000) 11/14 06:49:55 Image size of job updated: 293476
...
006 (1754725.000.000) 11/14 06:54:56 Image size of job updated: 294608
...
006 (1754725.000.000) 11/14 06:59:57 Image size of job updated: 322340
...
006 (1754725.000.000) 11/14 07:04:58 Image size of job updated: 336676
...
006 (1754725.000.000) 11/14 07:09:59 Image size of job updated: 338724
...
006 (1754725.000.000) 11/14 07:15:00 Image size of job updated: 340672
...
006 (1754725.000.000) 11/14 07:30:03 Image size of job updated: 346824
...
006 (1754725.000.000) 11/14 07:35:04 Image size of job updated: 348872
...
005 (1754725.000.000) 11/14 07:37:08 Job terminated.
	(1) Normal termination (return value 0)
		Usr 0 01:26:03, Sys 0 00:00:23  -  Run Remote Usage
		Usr 0 00:00:00, Sys 0 00:00:00  -  Run Local Usage
		Usr 0 01:26:03, Sys 0 00:00:23  -  Total Remote Usage
		Usr 0 00:00:00, Sys 0 00:00:00  -  Total Local Usage
	0  -  Run Bytes Sent By Job
	0  -  Run Bytes Received By Job
	0  -  Total Bytes Sent By Job
	0  -  Total Bytes Received By Job
...
