000 (1755380.000.000) 11/14 02:20:10 Job submitted from host: <130.199.206.69:49450>
...
001 (1755380.000.000) 11/15 12:50:38 Job executing on host: <130.199.183.22:48346>
...
006 (1755380.000.000) 11/15 12:55:47 Image size of job updated: 282832
...
006 (1755380.000.000) 11/15 13:00:47 Image size of job updated: 285136
...
006 (1755380.000.000) 11/15 13:05:47 Image size of job updated: 294096
...
006 (1755380.000.000) 11/15 13:10:47 Image size of job updated: 294920
...
005 (1755380.000.000) 11/15 13:11:53 Job terminated.
	(1) Normal termination (return value 0)
		Usr 0 00:19:18, Sys 0 00:00:10  -  Run Remote Usage
		Usr 0 00:00:00, Sys 0 00:00:00  -  Run Local Usage
		Usr 0 00:19:18, Sys 0 00:00:10  -  Total Remote Usage
		Usr 0 00:00:00, Sys 0 00:00:00  -  Total Local Usage
	0  -  Run Bytes Sent By Job
	0  -  Run Bytes Received By Job
	0  -  Total Bytes Sent By Job
	0  -  Total Bytes Received By Job
...
