000 (1754927.000.000) 11/14 02:19:27 Job submitted from host: <130.199.206.69:49450>
...
001 (1754927.000.000) 11/15 12:36:59 Job executing on host: <130.199.206.203:48345>
...
006 (1754927.000.000) 11/15 12:37:07 Image size of job updated: 173900
...
006 (1754927.000.000) 11/15 12:42:07 Image size of job updated: 298248
...
006 (1754927.000.000) 11/15 12:47:07 Image size of job updated: 312128
...
006 (1754927.000.000) 11/15 12:52:07 Image size of job updated: 326476
...
006 (1754927.000.000) 11/15 12:57:07 Image size of job updated: 328524
...
006 (1754927.000.000) 11/15 13:02:07 Image size of job updated: 332620
...
006 (1754927.000.000) 11/15 13:07:08 Image size of job updated: 333644
...
006 (1754927.000.000) 11/15 13:17:10 Image size of job updated: 335692
...
006 (1754927.000.000) 11/15 13:27:12 Image size of job updated: 336716
...
006 (1754927.000.000) 11/15 13:47:16 Image size of job updated: 337740
...
006 (1754927.000.000) 11/15 14:02:19 Image size of job updated: 338764
...
005 (1754927.000.000) 11/15 14:04:51 Job terminated.
	(1) Normal termination (return value 0)
		Usr 0 01:15:58, Sys 0 00:00:18  -  Run Remote Usage
		Usr 0 00:00:00, Sys 0 00:00:00  -  Run Local Usage
		Usr 0 01:15:58, Sys 0 00:00:18  -  Total Remote Usage
		Usr 0 00:00:00, Sys 0 00:00:00  -  Total Local Usage
	0  -  Run Bytes Sent By Job
	0  -  Run Bytes Received By Job
	0  -  Total Bytes Sent By Job
	0  -  Total Bytes Received By Job
...
