000 (1753881.000.000) 11/14 02:17:04 Job submitted from host: <130.199.206.69:49450>
...
001 (1753881.000.000) 11/14 08:08:15 Job executing on host: <130.199.183.27:54138>
...
006 (1753881.000.000) 11/14 08:08:24 Image size of job updated: 174336
...
006 (1753881.000.000) 11/14 08:13:25 Image size of job updated: 286944
...
006 (1753881.000.000) 11/14 08:18:26 Image size of job updated: 291884
...
006 (1753881.000.000) 11/14 08:23:27 Image size of job updated: 292688
...
006 (1753881.000.000) 11/14 08:28:28 Image size of job updated: 293868
...
006 (1753881.000.000) 11/14 08:33:29 Image size of job updated: 295492
...
006 (1753881.000.000) 11/14 08:38:30 Image size of job updated: 296104
...
006 (1753881.000.000) 11/14 08:48:32 Image size of job updated: 296652
...
006 (1753881.000.000) 11/14 08:53:33 Image size of job updated: 297500
...
006 (1753881.000.000) 11/14 09:28:39 Image size of job updated: 297804
...
006 (1753881.000.000) 11/14 09:43:39 Image size of job updated: 297936
...
006 (1753881.000.000) 11/14 09:48:39 Image size of job updated: 298380
...
006 (1753881.000.000) 11/14 09:53:39 Image size of job updated: 298384
...
006 (1753881.000.000) 11/14 09:58:39 Image size of job updated: 299496
...
006 (1753881.000.000) 11/14 10:03:39 Image size of job updated: 300720
...
006 (1753881.000.000) 11/14 10:08:39 Image size of job updated: 300924
...
005 (1753881.000.000) 11/14 10:13:08 Job terminated.
	(1) Normal termination (return value 0)
		Usr 0 01:50:26, Sys 0 00:01:01  -  Run Remote Usage
		Usr 0 00:00:00, Sys 0 00:00:00  -  Run Local Usage
		Usr 0 01:50:26, Sys 0 00:01:01  -  Total Remote Usage
		Usr 0 00:00:00, Sys 0 00:00:00  -  Total Local Usage
	0  -  Run Bytes Sent By Job
	0  -  Run Bytes Received By Job
	0  -  Total Bytes Sent By Job
	0  -  Total Bytes Received By Job
...
