000 (1753559.000.000) 11/14 02:15:48 Job submitted from host: <130.199.206.69:49450>
...
001 (1753559.000.000) 11/14 04:33:00 Job executing on host: <130.199.206.144:34800>
...
006 (1753559.000.000) 11/14 04:38:08 Image size of job updated: 283660
...
006 (1753559.000.000) 11/14 04:43:08 Image size of job updated: 285708
...
006 (1753559.000.000) 11/14 04:48:08 Image size of job updated: 315928
...
006 (1753559.000.000) 11/14 04:53:08 Image size of job updated: 324876
...
006 (1753559.000.000) 11/14 04:58:09 Image size of job updated: 325900
...
006 (1753559.000.000) 11/14 05:03:10 Image size of job updated: 326924
...
006 (1753559.000.000) 11/14 05:13:12 Image size of job updated: 327948
...
006 (1753559.000.000) 11/14 05:18:13 Image size of job updated: 331024
...
006 (1753559.000.000) 11/14 05:23:14 Image size of job updated: 334096
...
006 (1753559.000.000) 11/14 05:38:17 Image size of job updated: 335120
...
006 (1753559.000.000) 11/14 05:53:20 Image size of job updated: 337172
...
006 (1753559.000.000) 11/14 05:58:21 Image size of job updated: 338196
...
006 (1753559.000.000) 11/14 06:03:21 Image size of job updated: 339220
...
006 (1753559.000.000) 11/14 06:08:21 Image size of job updated: 340244
...
006 (1753559.000.000) 11/14 06:18:21 Image size of job updated: 341268
...
005 (1753559.000.000) 11/14 06:40:07 Job terminated.
	(1) Normal termination (return value 0)
		Usr 0 01:57:36, Sys 0 00:00:37  -  Run Remote Usage
		Usr 0 00:00:00, Sys 0 00:00:00  -  Run Local Usage
		Usr 0 01:57:36, Sys 0 00:00:37  -  Total Remote Usage
		Usr 0 00:00:00, Sys 0 00:00:00  -  Total Local Usage
	0  -  Run Bytes Sent By Job
	0  -  Run Bytes Received By Job
	0  -  Total Bytes Sent By Job
	0  -  Total Bytes Received By Job
...
