000 (1754961.000.000) 11/14 02:19:27 Job submitted from host: <130.199.206.69:49450>
...
001 (1754961.000.000) 11/15 13:00:25 Job executing on host: <130.199.180.145:42379>
...
006 (1754961.000.000) 11/15 13:05:33 Image size of job updated: 285872
...
006 (1754961.000.000) 11/15 13:10:33 Image size of job updated: 286328
...
006 (1754961.000.000) 11/15 13:15:33 Image size of job updated: 286868
...
006 (1754961.000.000) 11/15 13:20:33 Image size of job updated: 288344
...
006 (1754961.000.000) 11/15 13:25:33 Image size of job updated: 289696
...
006 (1754961.000.000) 11/15 13:30:33 Image size of job updated: 290816
...
006 (1754961.000.000) 11/15 13:40:33 Image size of job updated: 291128
...
006 (1754961.000.000) 11/15 13:50:33 Image size of job updated: 292312
...
006 (1754961.000.000) 11/15 13:55:33 Image size of job updated: 292324
...
006 (1754961.000.000) 11/15 14:05:33 Image size of job updated: 292652
...
006 (1754961.000.000) 11/15 14:10:33 Image size of job updated: 321768
...
006 (1754961.000.000) 11/15 14:15:33 Image size of job updated: 328936
...
006 (1754961.000.000) 11/15 14:20:33 Image size of job updated: 335080
...
006 (1754961.000.000) 11/15 14:25:33 Image size of job updated: 338152
...
006 (1754961.000.000) 11/15 14:30:33 Image size of job updated: 339176
...
006 (1754961.000.000) 11/15 14:35:33 Image size of job updated: 340200
...
006 (1754961.000.000) 11/15 14:45:33 Image size of job updated: 343272
...
006 (1754961.000.000) 11/15 14:50:33 Image size of job updated: 344296
...
006 (1754961.000.000) 11/15 14:55:33 Image size of job updated: 345320
...
005 (1754961.000.000) 11/15 15:52:35 Job terminated.
	(1) Normal termination (return value 0)
		Usr 0 02:22:54, Sys 0 00:01:33  -  Run Remote Usage
		Usr 0 00:00:00, Sys 0 00:00:00  -  Run Local Usage
		Usr 0 02:22:54, Sys 0 00:01:33  -  Total Remote Usage
		Usr 0 00:00:00, Sys 0 00:00:00  -  Total Local Usage
	0  -  Run Bytes Sent By Job
	0  -  Run Bytes Received By Job
	0  -  Total Bytes Sent By Job
	0  -  Total Bytes Received By Job
...
