000 (1753663.000.000) 11/14 02:16:08 Job submitted from host: <130.199.206.69:49450>
...
001 (1753663.000.000) 11/14 05:16:30 Job executing on host: <130.199.206.167:36826>
...
006 (1753663.000.000) 11/14 05:21:38 Image size of job updated: 285644
...
006 (1753663.000.000) 11/14 05:26:38 Image size of job updated: 288844
...
006 (1753663.000.000) 11/14 05:31:38 Image size of job updated: 290616
...
006 (1753663.000.000) 11/14 05:36:38 Image size of job updated: 292436
...
006 (1753663.000.000) 11/14 05:41:38 Image size of job updated: 293712
...
005 (1753663.000.000) 11/14 05:50:47 Job terminated.
	(1) Normal termination (return value 0)
		Usr 0 00:32:27, Sys 0 00:00:07  -  Run Remote Usage
		Usr 0 00:00:00, Sys 0 00:00:00  -  Run Local Usage
		Usr 0 00:32:27, Sys 0 00:00:07  -  Total Remote Usage
		Usr 0 00:00:00, Sys 0 00:00:00  -  Total Local Usage
	0  -  Run Bytes Sent By Job
	0  -  Run Bytes Received By Job
	0  -  Total Bytes Sent By Job
	0  -  Total Bytes Received By Job
...
