000 (1755116.000.000) 11/14 02:19:46 Job submitted from host: <130.199.206.69:49450>
...
001 (1755116.000.000) 11/15 13:41:22 Job executing on host: <130.199.180.158:55404>
...
006 (1755116.000.000) 11/15 13:41:31 Image size of job updated: 174272
...
006 (1755116.000.000) 11/15 13:46:32 Image size of job updated: 283512
...
006 (1755116.000.000) 11/15 13:51:33 Image size of job updated: 322920
...
006 (1755116.000.000) 11/15 13:56:34 Image size of job updated: 333700
...
006 (1755116.000.000) 11/15 14:06:36 Image size of job updated: 334724
...
006 (1755116.000.000) 11/15 14:11:37 Image size of job updated: 337796
...
006 (1755116.000.000) 11/15 14:16:38 Image size of job updated: 339844
...
006 (1755116.000.000) 11/15 14:31:41 Image size of job updated: 340868
...
006 (1755116.000.000) 11/15 14:36:42 Image size of job updated: 341892
...
006 (1755116.000.000) 11/15 14:41:43 Image size of job updated: 342916
...
006 (1755116.000.000) 11/15 15:01:47 Image size of job updated: 343940
...
006 (1755116.000.000) 11/15 15:06:48 Image size of job updated: 344964
...
005 (1755116.000.000) 11/15 15:11:48 Job terminated.
	(1) Normal termination (return value 0)
		Usr 0 01:18:29, Sys 0 00:00:54  -  Run Remote Usage
		Usr 0 00:00:00, Sys 0 00:00:00  -  Run Local Usage
		Usr 0 01:18:29, Sys 0 00:00:54  -  Total Remote Usage
		Usr 0 00:00:00, Sys 0 00:00:00  -  Total Local Usage
	0  -  Run Bytes Sent By Job
	0  -  Run Bytes Received By Job
	0  -  Total Bytes Sent By Job
	0  -  Total Bytes Received By Job
...
