000 (1754620.000.000) 11/14 02:18:46 Job submitted from host: <130.199.206.69:49450>
...
001 (1754620.000.000) 11/14 05:38:22 Job executing on host: <130.199.206.220:32864>
...
006 (1754620.000.000) 11/14 05:43:30 Image size of job updated: 285800
...
006 (1754620.000.000) 11/14 05:48:30 Image size of job updated: 287292
...
006 (1754620.000.000) 11/14 05:58:30 Image size of job updated: 288144
...
006 (1754620.000.000) 11/14 06:03:30 Image size of job updated: 291928
...
006 (1754620.000.000) 11/14 06:08:30 Image size of job updated: 292184
...
006 (1754620.000.000) 11/14 06:13:30 Image size of job updated: 292368
...
006 (1754620.000.000) 11/14 06:18:30 Image size of job updated: 322064
...
006 (1754620.000.000) 11/14 06:23:30 Image size of job updated: 335376
...
006 (1754620.000.000) 11/14 06:28:30 Image size of job updated: 341524
...
006 (1754620.000.000) 11/14 06:33:31 Image size of job updated: 342548
...
006 (1754620.000.000) 11/14 06:43:33 Image size of job updated: 343572
...
006 (1754620.000.000) 11/14 06:48:34 Image size of job updated: 344596
...
006 (1754620.000.000) 11/14 06:53:35 Image size of job updated: 345620
...
006 (1754620.000.000) 11/14 06:58:36 Image size of job updated: 346644
...
006 (1754620.000.000) 11/14 07:08:38 Image size of job updated: 347668
...
006 (1754620.000.000) 11/14 07:33:43 Image size of job updated: 348692
...
006 (1754620.000.000) 11/14 07:38:44 Image size of job updated: 349716
...
005 (1754620.000.000) 11/14 07:38:56 Job terminated.
	(1) Normal termination (return value 0)
		Usr 0 01:47:46, Sys 0 00:00:26  -  Run Remote Usage
		Usr 0 00:00:00, Sys 0 00:00:00  -  Run Local Usage
		Usr 0 01:47:46, Sys 0 00:00:26  -  Total Remote Usage
		Usr 0 00:00:00, Sys 0 00:00:00  -  Total Local Usage
	0  -  Run Bytes Sent By Job
	0  -  Run Bytes Received By Job
	0  -  Total Bytes Sent By Job
	0  -  Total Bytes Received By Job
...
