000 (1755170.000.000) 11/14 02:19:46 Job submitted from host: <130.199.206.69:49450>
...
001 (1755170.000.000) 11/15 18:46:12 Job executing on host: <130.199.206.220:32864>
...
006 (1755170.000.000) 11/15 18:46:20 Image size of job updated: 185540
...
006 (1755170.000.000) 11/15 18:51:20 Image size of job updated: 292408
...
006 (1755170.000.000) 11/15 18:56:20 Image size of job updated: 294164
...
006 (1755170.000.000) 11/15 19:01:20 Image size of job updated: 294768
...
006 (1755170.000.000) 11/15 19:06:20 Image size of job updated: 295996
...
005 (1755170.000.000) 11/15 19:08:34 Job terminated.
	(1) Normal termination (return value 0)
		Usr 0 00:19:12, Sys 0 00:00:05  -  Run Remote Usage
		Usr 0 00:00:00, Sys 0 00:00:00  -  Run Local Usage
		Usr 0 00:19:12, Sys 0 00:00:05  -  Total Remote Usage
		Usr 0 00:00:00, Sys 0 00:00:00  -  Total Local Usage
	0  -  Run Bytes Sent By Job
	0  -  Run Bytes Received By Job
	0  -  Total Bytes Sent By Job
	0  -  Total Bytes Received By Job
...
