000 (1753847.000.000) 11/14 02:16:47 Job submitted from host: <130.199.206.69:49450>
...
001 (1753847.000.000) 11/14 05:32:30 Job executing on host: <130.199.183.19:35289>
...
006 (1753847.000.000) 11/14 05:37:38 Image size of job updated: 283912
...
006 (1753847.000.000) 11/14 05:42:38 Image size of job updated: 284948
...
006 (1753847.000.000) 11/14 05:47:38 Image size of job updated: 285872
...
006 (1753847.000.000) 11/14 05:52:38 Image size of job updated: 286576
...
006 (1753847.000.000) 11/14 05:57:39 Image size of job updated: 286820
...
006 (1753847.000.000) 11/14 06:02:40 Image size of job updated: 287408
...
006 (1753847.000.000) 11/14 06:07:41 Image size of job updated: 287776
...
006 (1753847.000.000) 11/14 06:17:43 Image size of job updated: 288552
...
006 (1753847.000.000) 11/14 06:22:44 Image size of job updated: 290052
...
006 (1753847.000.000) 11/14 06:27:45 Image size of job updated: 291016
...
006 (1753847.000.000) 11/14 06:32:46 Image size of job updated: 291292
...
006 (1753847.000.000) 11/14 06:37:47 Image size of job updated: 291632
...
006 (1753847.000.000) 11/14 06:42:48 Image size of job updated: 291920
...
006 (1753847.000.000) 11/14 06:47:49 Image size of job updated: 292952
...
006 (1753847.000.000) 11/14 06:52:50 Image size of job updated: 292956
...
006 (1753847.000.000) 11/14 07:02:52 Image size of job updated: 293828
...
006 (1753847.000.000) 11/14 07:58:03 Image size of job updated: 294020
...
006 (1753847.000.000) 11/14 08:08:05 Image size of job updated: 318876
...
006 (1753847.000.000) 11/14 08:13:06 Image size of job updated: 334100
...
005 (1753847.000.000) 11/14 08:15:24 Job terminated.
	(1) Normal termination (return value 0)
		Usr 0 02:31:24, Sys 0 00:00:55  -  Run Remote Usage
		Usr 0 00:00:00, Sys 0 00:00:00  -  Run Local Usage
		Usr 0 02:31:24, Sys 0 00:00:55  -  Total Remote Usage
		Usr 0 00:00:00, Sys 0 00:00:00  -  Total Local Usage
	0  -  Run Bytes Sent By Job
	0  -  Run Bytes Received By Job
	0  -  Total Bytes Sent By Job
	0  -  Total Bytes Received By Job
...
