000 (1755344.000.000) 11/14 02:20:03 Job submitted from host: <130.199.206.69:49450>
...
001 (1755344.000.000) 11/15 12:43:14 Job executing on host: <130.199.206.194:35192>
...
006 (1755344.000.000) 11/15 12:48:22 Image size of job updated: 307360
...
006 (1755344.000.000) 11/15 12:53:22 Image size of job updated: 324752
...
006 (1755344.000.000) 11/15 12:58:22 Image size of job updated: 327828
...
005 (1755344.000.000) 11/15 13:01:17 Job terminated.
	(1) Normal termination (return value 0)
		Usr 0 00:16:41, Sys 0 00:00:03  -  Run Remote Usage
		Usr 0 00:00:00, Sys 0 00:00:00  -  Run Local Usage
		Usr 0 00:16:41, Sys 0 00:00:03  -  Total Remote Usage
		Usr 0 00:00:00, Sys 0 00:00:00  -  Total Local Usage
	0  -  Run Bytes Sent By Job
	0  -  Run Bytes Received By Job
	0  -  Total Bytes Sent By Job
	0  -  Total Bytes Received By Job
...
