000 (1755219.000.000) 11/14 02:19:54 Job submitted from host: <130.199.206.69:49450>
...
001 (1755219.000.000) 11/15 19:00:15 Job executing on host: <130.199.207.40:60732>
...
006 (1755219.000.000) 11/15 19:00:24 Image size of job updated: 174052
...
006 (1755219.000.000) 11/15 19:05:25 Image size of job updated: 306880
...
006 (1755219.000.000) 11/15 19:10:26 Image size of job updated: 319264
...
006 (1755219.000.000) 11/15 19:15:27 Image size of job updated: 323360
...
006 (1755219.000.000) 11/15 19:20:28 Image size of job updated: 324384
...
006 (1755219.000.000) 11/15 19:25:29 Image size of job updated: 325408
...
006 (1755219.000.000) 11/15 19:30:30 Image size of job updated: 329508
...
006 (1755219.000.000) 11/15 19:40:32 Image size of job updated: 331660
...
006 (1755219.000.000) 11/15 19:45:33 Image size of job updated: 332796
...
006 (1755219.000.000) 11/15 19:50:34 Image size of job updated: 337916
...
006 (1755219.000.000) 11/15 19:55:35 Image size of job updated: 338940
...
006 (1755219.000.000) 11/15 20:10:38 Image size of job updated: 339052
...
006 (1755219.000.000) 11/15 20:15:39 Image size of job updated: 339688
...
006 (1755219.000.000) 11/15 20:20:39 Image size of job updated: 342660
...
005 (1755219.000.000) 11/15 20:58:13 Job terminated.
	(1) Normal termination (return value 0)
		Usr 0 01:46:09, Sys 0 00:00:24  -  Run Remote Usage
		Usr 0 00:00:00, Sys 0 00:00:00  -  Run Local Usage
		Usr 0 01:46:09, Sys 0 00:00:24  -  Total Remote Usage
		Usr 0 00:00:00, Sys 0 00:00:00  -  Total Local Usage
	0  -  Run Bytes Sent By Job
	0  -  Run Bytes Received By Job
	0  -  Total Bytes Sent By Job
	0  -  Total Bytes Received By Job
...
