000 (1755405.000.000) 11/14 02:20:10 Job submitted from host: <130.199.206.69:49450>
...
001 (1755405.000.000) 11/15 16:19:27 Job executing on host: <130.199.206.211:33818>
...
006 (1755405.000.000) 11/15 16:24:35 Image size of job updated: 283492
...
006 (1755405.000.000) 11/15 16:29:35 Image size of job updated: 284772
...
006 (1755405.000.000) 11/15 16:34:35 Image size of job updated: 325828
...
006 (1755405.000.000) 11/15 16:39:35 Image size of job updated: 331972
...
006 (1755405.000.000) 11/15 16:44:35 Image size of job updated: 334020
...
005 (1755405.000.000) 11/15 16:52:34 Job terminated.
	(1) Normal termination (return value 0)
		Usr 0 00:28:38, Sys 0 00:00:08  -  Run Remote Usage
		Usr 0 00:00:00, Sys 0 00:00:00  -  Run Local Usage
		Usr 0 00:28:38, Sys 0 00:00:08  -  Total Remote Usage
		Usr 0 00:00:00, Sys 0 00:00:00  -  Total Local Usage
	0  -  Run Bytes Sent By Job
	0  -  Run Bytes Received By Job
	0  -  Total Bytes Sent By Job
	0  -  Total Bytes Received By Job
...
