000 (1753817.000.000) 11/14 02:16:47 Job submitted from host: <130.199.206.69:49450>
...
001 (1753817.000.000) 11/14 08:08:11 Job executing on host: <130.199.180.176:34913>
...
006 (1753817.000.000) 11/14 08:08:20 Image size of job updated: 146324
...
006 (1753817.000.000) 11/14 08:13:21 Image size of job updated: 284676
...
006 (1753817.000.000) 11/14 08:18:22 Image size of job updated: 286324
...
006 (1753817.000.000) 11/14 08:28:24 Image size of job updated: 286452
...
006 (1753817.000.000) 11/14 08:33:25 Image size of job updated: 288212
...
006 (1753817.000.000) 11/14 08:38:26 Image size of job updated: 288828
...
006 (1753817.000.000) 11/14 08:43:27 Image size of job updated: 291472
...
006 (1753817.000.000) 11/14 08:53:29 Image size of job updated: 291812
...
006 (1753817.000.000) 11/14 08:58:30 Image size of job updated: 292408
...
006 (1753817.000.000) 11/14 09:03:31 Image size of job updated: 292840
...
006 (1753817.000.000) 11/14 09:08:32 Image size of job updated: 293080
...
006 (1753817.000.000) 11/14 09:13:33 Image size of job updated: 293992
...
006 (1753817.000.000) 11/14 09:18:34 Image size of job updated: 294620
...
006 (1753817.000.000) 11/14 09:33:37 Image size of job updated: 294792
...
005 (1753817.000.000) 11/14 09:42:10 Job terminated.
	(1) Normal termination (return value 0)
		Usr 0 01:27:17, Sys 0 00:00:39  -  Run Remote Usage
		Usr 0 00:00:00, Sys 0 00:00:00  -  Run Local Usage
		Usr 0 01:27:17, Sys 0 00:00:39  -  Total Remote Usage
		Usr 0 00:00:00, Sys 0 00:00:00  -  Total Local Usage
	0  -  Run Bytes Sent By Job
	0  -  Run Bytes Received By Job
	0  -  Total Bytes Sent By Job
	0  -  Total Bytes Received By Job
...
