000 (1755310.000.000) 11/14 02:20:03 Job submitted from host: <130.199.206.69:49450>
...
001 (1755310.000.000) 11/15 12:40:22 Job executing on host: <130.199.180.159:36980>
...
006 (1755310.000.000) 11/15 12:45:30 Image size of job updated: 283888
...
006 (1755310.000.000) 11/15 12:50:30 Image size of job updated: 285152
...
006 (1755310.000.000) 11/15 12:55:30 Image size of job updated: 286796
...
006 (1755310.000.000) 11/15 13:00:30 Image size of job updated: 290100
...
006 (1755310.000.000) 11/15 13:05:30 Image size of job updated: 291420
...
006 (1755310.000.000) 11/15 13:15:30 Image size of job updated: 291720
...
006 (1755310.000.000) 11/15 13:20:30 Image size of job updated: 291948
...
006 (1755310.000.000) 11/15 13:25:30 Image size of job updated: 294708
...
006 (1755310.000.000) 11/15 13:30:30 Image size of job updated: 326444
...
006 (1755310.000.000) 11/15 13:35:30 Image size of job updated: 333612
...
006 (1755310.000.000) 11/15 13:40:30 Image size of job updated: 334636
...
006 (1755310.000.000) 11/15 13:45:30 Image size of job updated: 337708
...
006 (1755310.000.000) 11/15 13:50:30 Image size of job updated: 339756
...
005 (1755310.000.000) 11/15 13:55:56 Job terminated.
	(1) Normal termination (return value 0)
		Usr 0 01:02:15, Sys 0 00:00:44  -  Run Remote Usage
		Usr 0 00:00:00, Sys 0 00:00:00  -  Run Local Usage
		Usr 0 01:02:15, Sys 0 00:00:44  -  Total Remote Usage
		Usr 0 00:00:00, Sys 0 00:00:00  -  Total Local Usage
	0  -  Run Bytes Sent By Job
	0  -  Run Bytes Received By Job
	0  -  Total Bytes Sent By Job
	0  -  Total Bytes Received By Job
...
