000 (1754808.000.000) 11/14 02:19:12 Job submitted from host: <130.199.206.69:49450>
...
001 (1754808.000.000) 11/14 09:05:20 Job executing on host: <130.199.183.19:35289>
...
006 (1754808.000.000) 11/14 09:05:28 Image size of job updated: 174064
...
006 (1754808.000.000) 11/14 09:10:28 Image size of job updated: 283272
...
006 (1754808.000.000) 11/14 09:15:28 Image size of job updated: 284020
...
006 (1754808.000.000) 11/14 09:30:28 Image size of job updated: 286024
...
006 (1754808.000.000) 11/14 09:35:28 Image size of job updated: 287572
...
006 (1754808.000.000) 11/14 09:40:28 Image size of job updated: 289704
...
006 (1754808.000.000) 11/14 09:50:28 Image size of job updated: 291400
...
006 (1754808.000.000) 11/14 09:55:28 Image size of job updated: 291944
...
006 (1754808.000.000) 11/14 10:00:28 Image size of job updated: 292460
...
006 (1754808.000.000) 11/14 10:05:28 Image size of job updated: 293000
...
006 (1754808.000.000) 11/14 10:20:28 Image size of job updated: 293636
...
006 (1754808.000.000) 11/14 10:25:28 Image size of job updated: 294236
...
006 (1754808.000.000) 11/14 10:45:28 Image size of job updated: 294352
...
006 (1754808.000.000) 11/14 11:00:28 Image size of job updated: 294704
...
006 (1754808.000.000) 11/14 11:10:28 Image size of job updated: 301076
...
006 (1754808.000.000) 11/14 11:15:28 Image size of job updated: 328724
...
006 (1754808.000.000) 11/14 11:20:28 Image size of job updated: 335892
...
006 (1754808.000.000) 11/14 11:25:28 Image size of job updated: 337940
...
006 (1754808.000.000) 11/14 11:30:28 Image size of job updated: 338964
...
006 (1754808.000.000) 11/14 11:40:29 Image size of job updated: 339988
...
005 (1754808.000.000) 11/14 11:46:43 Job terminated.
	(1) Normal termination (return value 0)
		Usr 0 02:29:09, Sys 0 00:01:00  -  Run Remote Usage
		Usr 0 00:00:00, Sys 0 00:00:00  -  Run Local Usage
		Usr 0 02:29:09, Sys 0 00:01:00  -  Total Remote Usage
		Usr 0 00:00:00, Sys 0 00:00:00  -  Total Local Usage
	0  -  Run Bytes Sent By Job
	0  -  Run Bytes Received By Job
	0  -  Total Bytes Sent By Job
	0  -  Total Bytes Received By Job
...
