000 (1755146.000.000) 11/14 02:19:46 Job submitted from host: <130.199.206.69:49450>
...
001 (1755146.000.000) 11/15 11:58:42 Job executing on host: <130.199.180.173:34638>
...
006 (1755146.000.000) 11/15 12:03:52 Image size of job updated: 214432
...
006 (1755146.000.000) 11/15 12:18:55 Image size of job updated: 283316
...
006 (1755146.000.000) 11/15 12:23:56 Image size of job updated: 292128
...
006 (1755146.000.000) 11/15 12:28:57 Image size of job updated: 294872
...
006 (1755146.000.000) 11/15 12:33:58 Image size of job updated: 295628
...
006 (1755146.000.000) 11/15 12:38:59 Image size of job updated: 296720
...
006 (1755146.000.000) 11/15 12:44:00 Image size of job updated: 298372
...
006 (1755146.000.000) 11/15 12:49:01 Image size of job updated: 300868
...
006 (1755146.000.000) 11/15 12:54:02 Image size of job updated: 301960
...
006 (1755146.000.000) 11/15 13:14:06 Image size of job updated: 302004
...
006 (1755146.000.000) 11/15 13:24:08 Image size of job updated: 302192
...
005 (1755146.000.000) 11/15 13:24:27 Job terminated.
	(1) Normal termination (return value 0)
		Usr 0 01:04:29, Sys 0 00:00:50  -  Run Remote Usage
		Usr 0 00:00:00, Sys 0 00:00:00  -  Run Local Usage
		Usr 0 01:04:29, Sys 0 00:00:50  -  Total Remote Usage
		Usr 0 00:00:00, Sys 0 00:00:00  -  Total Local Usage
	0  -  Run Bytes Sent By Job
	0  -  Run Bytes Received By Job
	0  -  Total Bytes Sent By Job
	0  -  Total Bytes Received By Job
...
