000 (1754597.000.000) 11/14 02:18:46 Job submitted from host: <130.199.206.69:49450>
...
001 (1754597.000.000) 11/14 05:24:29 Job executing on host: <130.199.180.178:51879>
...
006 (1754597.000.000) 11/14 05:24:37 Image size of job updated: 192812
...
006 (1754597.000.000) 11/14 05:29:37 Image size of job updated: 285416
...
006 (1754597.000.000) 11/14 05:34:37 Image size of job updated: 286560
...
006 (1754597.000.000) 11/14 05:39:37 Image size of job updated: 287200
...
006 (1754597.000.000) 11/14 05:44:37 Image size of job updated: 287944
...
006 (1754597.000.000) 11/14 05:54:37 Image size of job updated: 290560
...
006 (1754597.000.000) 11/14 05:59:37 Image size of job updated: 292612
...
006 (1754597.000.000) 11/14 06:14:37 Image size of job updated: 293036
...
006 (1754597.000.000) 11/14 06:19:37 Image size of job updated: 334000
...
006 (1754597.000.000) 11/14 06:24:37 Image size of job updated: 341168
...
006 (1754597.000.000) 11/14 06:29:37 Image size of job updated: 343216
...
006 (1754597.000.000) 11/14 06:34:37 Image size of job updated: 344240
...
006 (1754597.000.000) 11/14 06:39:37 Image size of job updated: 345264
...
006 (1754597.000.000) 11/14 07:09:37 Image size of job updated: 346288
...
006 (1754597.000.000) 11/14 07:39:37 Image size of job updated: 347312
...
006 (1754597.000.000) 11/14 08:04:37 Image size of job updated: 348336
...
006 (1754597.000.000) 11/14 08:14:37 Image size of job updated: 349360
...
005 (1754597.000.000) 11/14 08:33:00 Job terminated.
	(1) Normal termination (return value 0)
		Usr 0 02:53:11, Sys 0 00:01:21  -  Run Remote Usage
		Usr 0 00:00:00, Sys 0 00:00:00  -  Run Local Usage
		Usr 0 02:53:11, Sys 0 00:01:21  -  Total Remote Usage
		Usr 0 00:00:00, Sys 0 00:00:00  -  Total Local Usage
	0  -  Run Bytes Sent By Job
	0  -  Run Bytes Received By Job
	0  -  Total Bytes Sent By Job
	0  -  Total Bytes Received By Job
...
