000 (1753380.000.000) 11/14 02:14:53 Job submitted from host: <130.199.206.69:49450>
...
001 (1753380.000.000) 11/14 03:27:12 Job executing on host: <130.199.180.137:54007>
...
006 (1753380.000.000) 11/14 03:27:21 Image size of job updated: 72740
...
006 (1753380.000.000) 11/14 03:32:22 Image size of job updated: 307516
...
006 (1753380.000.000) 11/14 03:37:23 Image size of job updated: 324924
...
006 (1753380.000.000) 11/14 03:42:24 Image size of job updated: 327996
...
006 (1753380.000.000) 11/14 03:52:26 Image size of job updated: 330044
...
006 (1753380.000.000) 11/14 03:57:27 Image size of job updated: 334144
...
006 (1753380.000.000) 11/14 04:02:28 Image size of job updated: 336192
...
006 (1753380.000.000) 11/14 04:07:29 Image size of job updated: 337216
...
006 (1753380.000.000) 11/14 04:12:30 Image size of job updated: 338240
...
006 (1753380.000.000) 11/14 04:22:32 Image size of job updated: 339264
...
006 (1753380.000.000) 11/14 04:42:36 Image size of job updated: 340288
...
006 (1753380.000.000) 11/14 04:52:38 Image size of job updated: 341312
...
006 (1753380.000.000) 11/14 05:12:42 Image size of job updated: 342336
...
006 (1753380.000.000) 11/14 05:27:45 Image size of job updated: 343360
...
006 (1753380.000.000) 11/14 05:47:46 Image size of job updated: 344384
...
005 (1753380.000.000) 11/14 05:53:03 Job terminated.
	(1) Normal termination (return value 0)
		Usr 0 02:07:49, Sys 0 00:00:48  -  Run Remote Usage
		Usr 0 00:00:00, Sys 0 00:00:00  -  Run Local Usage
		Usr 0 02:07:49, Sys 0 00:00:48  -  Total Remote Usage
		Usr 0 00:00:00, Sys 0 00:00:00  -  Total Local Usage
	0  -  Run Bytes Sent By Job
	0  -  Run Bytes Received By Job
	0  -  Total Bytes Sent By Job
	0  -  Total Bytes Received By Job
...
