000 (1754281.000.000) 11/14 02:18:07 Job submitted from host: <130.199.206.69:49450>
...
001 (1754281.000.000) 11/14 05:12:07 Job executing on host: <130.199.180.170:47912>
...
006 (1754281.000.000) 11/14 05:17:15 Image size of job updated: 282664
...
006 (1754281.000.000) 11/14 05:22:15 Image size of job updated: 283728
...
006 (1754281.000.000) 11/14 05:27:15 Image size of job updated: 285788
...
006 (1754281.000.000) 11/14 05:37:15 Image size of job updated: 285940
...
006 (1754281.000.000) 11/14 05:42:15 Image size of job updated: 286028
...
006 (1754281.000.000) 11/14 05:47:15 Image size of job updated: 286464
...
006 (1754281.000.000) 11/14 05:57:16 Image size of job updated: 288892
...
006 (1754281.000.000) 11/14 06:02:17 Image size of job updated: 291156
...
006 (1754281.000.000) 11/14 06:07:18 Image size of job updated: 335200
...
006 (1754281.000.000) 11/14 06:12:19 Image size of job updated: 338272
...
006 (1754281.000.000) 11/14 06:17:20 Image size of job updated: 341344
...
006 (1754281.000.000) 11/14 06:22:21 Image size of job updated: 343476
...
006 (1754281.000.000) 11/14 06:27:22 Image size of job updated: 344500
...
006 (1754281.000.000) 11/14 06:32:23 Image size of job updated: 345524
...
006 (1754281.000.000) 11/14 06:42:25 Image size of job updated: 346548
...
006 (1754281.000.000) 11/14 07:32:35 Image size of job updated: 347572
...
005 (1754281.000.000) 11/14 07:41:52 Job terminated.
	(1) Normal termination (return value 0)
		Usr 0 02:18:30, Sys 0 00:00:55  -  Run Remote Usage
		Usr 0 00:00:00, Sys 0 00:00:00  -  Run Local Usage
		Usr 0 02:18:30, Sys 0 00:00:55  -  Total Remote Usage
		Usr 0 00:00:00, Sys 0 00:00:00  -  Total Local Usage
	0  -  Run Bytes Sent By Job
	0  -  Run Bytes Received By Job
	0  -  Total Bytes Sent By Job
	0  -  Total Bytes Received By Job
...
