000 (1754943.000.000) 11/14 02:19:27 Job submitted from host: <130.199.206.69:49450>
...
001 (1754943.000.000) 11/15 14:52:56 Job executing on host: <130.199.183.29:35269>
...
006 (1754943.000.000) 11/15 14:53:05 Image size of job updated: 144316
...
006 (1754943.000.000) 11/15 14:58:06 Image size of job updated: 282276
...
006 (1754943.000.000) 11/15 15:03:07 Image size of job updated: 289552
...
006 (1754943.000.000) 11/15 15:08:08 Image size of job updated: 291488
...
006 (1754943.000.000) 11/15 15:13:09 Image size of job updated: 293556
...
006 (1754943.000.000) 11/15 15:18:10 Image size of job updated: 294760
...
006 (1754943.000.000) 11/15 15:23:11 Image size of job updated: 295668
...
006 (1754943.000.000) 11/15 15:28:12 Image size of job updated: 295772
...
005 (1754943.000.000) 11/15 15:32:59 Job terminated.
	(1) Normal termination (return value 0)
		Usr 0 00:32:07, Sys 0 00:00:22  -  Run Remote Usage
		Usr 0 00:00:00, Sys 0 00:00:00  -  Run Local Usage
		Usr 0 00:32:07, Sys 0 00:00:22  -  Total Remote Usage
		Usr 0 00:00:00, Sys 0 00:00:00  -  Total Local Usage
	0  -  Run Bytes Sent By Job
	0  -  Run Bytes Received By Job
	0  -  Total Bytes Sent By Job
	0  -  Total Bytes Received By Job
...
