000 (1754616.000.000) 11/14 02:18:46 Job submitted from host: <130.199.206.69:49450>
...
001 (1754616.000.000) 11/14 05:24:34 Job executing on host: <130.199.206.171:55916>
...
006 (1754616.000.000) 11/14 05:29:42 Image size of job updated: 284280
...
006 (1754616.000.000) 11/14 05:34:42 Image size of job updated: 311700
...
006 (1754616.000.000) 11/14 05:39:42 Image size of job updated: 323988
...
006 (1754616.000.000) 11/14 05:44:42 Image size of job updated: 325012
...
006 (1754616.000.000) 11/14 05:54:42 Image size of job updated: 326088
...
006 (1754616.000.000) 11/14 06:04:42 Image size of job updated: 327724
...
006 (1754616.000.000) 11/14 06:09:42 Image size of job updated: 329600
...
006 (1754616.000.000) 11/14 06:24:44 Image size of job updated: 332672
...
006 (1754616.000.000) 11/14 06:29:45 Image size of job updated: 336768
...
006 (1754616.000.000) 11/14 06:34:46 Image size of job updated: 337792
...
006 (1754616.000.000) 11/14 06:39:47 Image size of job updated: 341296
...
006 (1754616.000.000) 11/14 07:14:54 Image size of job updated: 341492
...
006 (1754616.000.000) 11/14 07:24:56 Image size of job updated: 342516
...
006 (1754616.000.000) 11/14 07:39:56 Image size of job updated: 343540
...
006 (1754616.000.000) 11/14 07:44:56 Image size of job updated: 344564
...
006 (1754616.000.000) 11/14 07:54:56 Image size of job updated: 345588
...
006 (1754616.000.000) 11/14 08:14:56 Image size of job updated: 346612
...
005 (1754616.000.000) 11/14 08:45:19 Job terminated.
	(1) Normal termination (return value 0)
		Usr 0 03:03:16, Sys 0 00:01:05  -  Run Remote Usage
		Usr 0 00:00:00, Sys 0 00:00:00  -  Run Local Usage
		Usr 0 03:03:16, Sys 0 00:01:05  -  Total Remote Usage
		Usr 0 00:00:00, Sys 0 00:00:00  -  Total Local Usage
	0  -  Run Bytes Sent By Job
	0  -  Run Bytes Received By Job
	0  -  Total Bytes Sent By Job
	0  -  Total Bytes Received By Job
...
