000 (1753650.000.000) 11/14 02:16:08 Job submitted from host: <130.199.206.69:49450>
...
001 (1753650.000.000) 11/14 05:24:32 Job executing on host: <130.199.180.173:34638>
...
006 (1753650.000.000) 11/14 05:29:42 Image size of job updated: 283812
...
006 (1753650.000.000) 11/14 05:34:43 Image size of job updated: 285888
...
006 (1753650.000.000) 11/14 05:39:44 Image size of job updated: 286332
...
006 (1753650.000.000) 11/14 05:49:46 Image size of job updated: 286940
...
006 (1753650.000.000) 11/14 05:54:47 Image size of job updated: 288012
...
006 (1753650.000.000) 11/14 05:59:48 Image size of job updated: 288244
...
006 (1753650.000.000) 11/14 06:09:50 Image size of job updated: 291540
...
006 (1753650.000.000) 11/14 06:19:52 Image size of job updated: 294580
...
006 (1753650.000.000) 11/14 07:25:05 Image size of job updated: 295576
...
006 (1753650.000.000) 11/14 07:30:06 Image size of job updated: 296352
...
006 (1753650.000.000) 11/14 07:40:08 Image size of job updated: 296628
...
005 (1753650.000.000) 11/14 08:02:52 Job terminated.
	(1) Normal termination (return value 0)
		Usr 0 02:25:20, Sys 0 00:01:00  -  Run Remote Usage
		Usr 0 00:00:00, Sys 0 00:00:00  -  Run Local Usage
		Usr 0 02:25:20, Sys 0 00:01:00  -  Total Remote Usage
		Usr 0 00:00:00, Sys 0 00:00:00  -  Total Local Usage
	0  -  Run Bytes Sent By Job
	0  -  Run Bytes Received By Job
	0  -  Total Bytes Sent By Job
	0  -  Total Bytes Received By Job
...
