000 (1755220.000.000) 11/14 02:19:54 Job submitted from host: <130.199.206.69:49450>
...
001 (1755220.000.000) 11/15 19:00:28 Job executing on host: <130.199.206.157:45745>
...
006 (1755220.000.000) 11/15 19:00:37 Image size of job updated: 173784
...
006 (1755220.000.000) 11/15 19:05:38 Image size of job updated: 297988
...
006 (1755220.000.000) 11/15 19:10:39 Image size of job updated: 320028
...
006 (1755220.000.000) 11/15 19:15:40 Image size of job updated: 324124
...
006 (1755220.000.000) 11/15 19:20:40 Image size of job updated: 325148
...
006 (1755220.000.000) 11/15 19:35:40 Image size of job updated: 330460
...
006 (1755220.000.000) 11/15 19:40:40 Image size of job updated: 330604
...
006 (1755220.000.000) 11/15 19:45:40 Image size of job updated: 333568
...
006 (1755220.000.000) 11/15 19:50:40 Image size of job updated: 335252
...
006 (1755220.000.000) 11/15 20:00:40 Image size of job updated: 338920
...
005 (1755220.000.000) 11/15 20:25:26 Job terminated.
	(1) Normal termination (return value 0)
		Usr 0 01:19:42, Sys 0 00:00:30  -  Run Remote Usage
		Usr 0 00:00:00, Sys 0 00:00:00  -  Run Local Usage
		Usr 0 01:19:42, Sys 0 00:00:30  -  Total Remote Usage
		Usr 0 00:00:00, Sys 0 00:00:00  -  Total Local Usage
	0  -  Run Bytes Sent By Job
	0  -  Run Bytes Received By Job
	0  -  Total Bytes Sent By Job
	0  -  Total Bytes Received By Job
...
