000 (1753571.000.000) 11/14 02:16:08 Job submitted from host: <130.199.206.69:49450>
...
001 (1753571.000.000) 11/14 07:48:53 Job executing on host: <130.199.180.141:43183>
...
006 (1753571.000.000) 11/14 07:49:01 Image size of job updated: 17400
...
006 (1753571.000.000) 11/14 07:54:01 Image size of job updated: 276524
...
006 (1753571.000.000) 11/14 07:59:01 Image size of job updated: 288896
...
006 (1753571.000.000) 11/14 08:04:01 Image size of job updated: 289504
...
006 (1753571.000.000) 11/14 08:09:01 Image size of job updated: 291640
...
006 (1753571.000.000) 11/14 08:14:01 Image size of job updated: 292824
...
006 (1753571.000.000) 11/14 08:19:01 Image size of job updated: 293268
...
006 (1753571.000.000) 11/14 08:24:01 Image size of job updated: 293704
...
006 (1753571.000.000) 11/14 08:29:01 Image size of job updated: 295544
...
006 (1753571.000.000) 11/14 08:34:01 Image size of job updated: 297140
...
006 (1753571.000.000) 11/14 08:44:01 Image size of job updated: 298320
...
006 (1753571.000.000) 11/14 08:49:01 Image size of job updated: 298944
...
006 (1753571.000.000) 11/14 08:59:01 Image size of job updated: 299596
...
006 (1753571.000.000) 11/14 09:04:02 Image size of job updated: 300264
...
006 (1753571.000.000) 11/14 09:09:03 Image size of job updated: 300920
...
006 (1753571.000.000) 11/14 09:24:06 Image size of job updated: 301688
...
005 (1753571.000.000) 11/14 09:26:16 Job terminated.
	(1) Normal termination (return value 0)
		Usr 0 01:30:17, Sys 0 00:00:43  -  Run Remote Usage
		Usr 0 00:00:00, Sys 0 00:00:00  -  Run Local Usage
		Usr 0 01:30:17, Sys 0 00:00:43  -  Total Remote Usage
		Usr 0 00:00:00, Sys 0 00:00:00  -  Total Local Usage
	0  -  Run Bytes Sent By Job
	0  -  Run Bytes Received By Job
	0  -  Total Bytes Sent By Job
	0  -  Total Bytes Received By Job
...
