000 (1753748.000.000) 11/14 02:16:28 Job submitted from host: <130.199.206.69:49450>
...
001 (1753748.000.000) 11/14 04:16:41 Job executing on host: <130.199.183.14:48158>
...
006 (1753748.000.000) 11/14 04:21:49 Image size of job updated: 285284
...
006 (1753748.000.000) 11/14 04:26:49 Image size of job updated: 286068
...
006 (1753748.000.000) 11/14 04:31:49 Image size of job updated: 316368
...
006 (1753748.000.000) 11/14 04:36:49 Image size of job updated: 322512
...
006 (1753748.000.000) 11/14 04:41:49 Image size of job updated: 329680
...
006 (1753748.000.000) 11/14 04:46:49 Image size of job updated: 331728
...
006 (1753748.000.000) 11/14 04:51:49 Image size of job updated: 333776
...
006 (1753748.000.000) 11/14 04:56:49 Image size of job updated: 334800
...
006 (1753748.000.000) 11/14 05:01:49 Image size of job updated: 335824
...
006 (1753748.000.000) 11/14 05:06:49 Image size of job updated: 336848
...
006 (1753748.000.000) 11/14 05:16:49 Image size of job updated: 337872
...
006 (1753748.000.000) 11/14 05:21:49 Image size of job updated: 338896
...
006 (1753748.000.000) 11/14 05:46:50 Image size of job updated: 338900
...
006 (1753748.000.000) 11/14 05:56:52 Image size of job updated: 339848
...
006 (1753748.000.000) 11/14 06:01:53 Image size of job updated: 340152
...
006 (1753748.000.000) 11/14 06:06:54 Image size of job updated: 340428
...
006 (1753748.000.000) 11/14 06:11:55 Image size of job updated: 341204
...
006 (1753748.000.000) 11/14 06:16:56 Image size of job updated: 341884
...
006 (1753748.000.000) 11/14 06:21:57 Image size of job updated: 342328
...
005 (1753748.000.000) 11/14 08:07:31 Job terminated.
	(1) Normal termination (return value 0)
		Usr 0 03:11:43, Sys 0 00:01:37  -  Run Remote Usage
		Usr 0 00:00:00, Sys 0 00:00:00  -  Run Local Usage
		Usr 0 03:11:43, Sys 0 00:01:37  -  Total Remote Usage
		Usr 0 00:00:00, Sys 0 00:00:00  -  Total Local Usage
	0  -  Run Bytes Sent By Job
	0  -  Run Bytes Received By Job
	0  -  Total Bytes Sent By Job
	0  -  Total Bytes Received By Job
...
