000 (1755271.000.000) 11/14 02:20:03 Job submitted from host: <130.199.206.69:49450>
...
001 (1755271.000.000) 11/15 16:47:56 Job executing on host: <130.199.183.20:45557>
...
006 (1755271.000.000) 11/15 16:53:04 Image size of job updated: 283724
...
006 (1755271.000.000) 11/15 16:58:04 Image size of job updated: 284544
...
006 (1755271.000.000) 11/15 17:03:04 Image size of job updated: 285800
...
006 (1755271.000.000) 11/15 17:08:04 Image size of job updated: 292448
...
006 (1755271.000.000) 11/15 17:13:04 Image size of job updated: 295236
...
006 (1755271.000.000) 11/15 17:18:04 Image size of job updated: 296160
...
006 (1755271.000.000) 11/15 17:23:04 Image size of job updated: 298460
...
006 (1755271.000.000) 11/15 17:28:04 Image size of job updated: 298720
...
006 (1755271.000.000) 11/15 17:48:04 Image size of job updated: 299956
...
006 (1755271.000.000) 11/15 18:03:06 Image size of job updated: 329228
...
006 (1755271.000.000) 11/15 18:08:07 Image size of job updated: 337016
...
005 (1755271.000.000) 11/15 18:08:12 Job terminated.
	(1) Normal termination (return value 0)
		Usr 0 01:08:23, Sys 0 00:00:29  -  Run Remote Usage
		Usr 0 00:00:00, Sys 0 00:00:00  -  Run Local Usage
		Usr 0 01:08:23, Sys 0 00:00:29  -  Total Remote Usage
		Usr 0 00:00:00, Sys 0 00:00:00  -  Total Local Usage
	0  -  Run Bytes Sent By Job
	0  -  Run Bytes Received By Job
	0  -  Total Bytes Sent By Job
	0  -  Total Bytes Received By Job
...
