000 (1754178.000.000) 11/14 02:17:52 Job submitted from host: <130.199.206.69:49450>
...
001 (1754178.000.000) 11/14 05:10:12 Job executing on host: <130.199.207.46:39991>
...
006 (1754178.000.000) 11/14 05:10:20 Image size of job updated: 173644
...
006 (1754178.000.000) 11/14 05:15:20 Image size of job updated: 284900
...
006 (1754178.000.000) 11/14 05:20:20 Image size of job updated: 286728
...
006 (1754178.000.000) 11/14 05:25:20 Image size of job updated: 287368
...
006 (1754178.000.000) 11/14 05:30:20 Image size of job updated: 287500
...
006 (1754178.000.000) 11/14 05:35:20 Image size of job updated: 288852
...
006 (1754178.000.000) 11/14 05:40:20 Image size of job updated: 296520
...
006 (1754178.000.000) 11/14 08:10:48 Image size of job updated: 296708
...
006 (1754178.000.000) 11/14 08:30:52 Image size of job updated: 316644
...
006 (1754178.000.000) 11/14 08:35:53 Image size of job updated: 332004
...
006 (1754178.000.000) 11/14 08:40:54 Image size of job updated: 338856
...
006 (1754178.000.000) 11/14 08:45:55 Image size of job updated: 339880
...
006 (1754178.000.000) 11/14 08:50:56 Image size of job updated: 340904
...
005 (1754178.000.000) 11/14 08:53:25 Job terminated.
	(1) Normal termination (return value 0)
		Usr 0 02:16:29, Sys 0 00:00:39  -  Run Remote Usage
		Usr 0 00:00:00, Sys 0 00:00:00  -  Run Local Usage
		Usr 0 02:16:29, Sys 0 00:00:39  -  Total Remote Usage
		Usr 0 00:00:00, Sys 0 00:00:00  -  Total Local Usage
	0  -  Run Bytes Sent By Job
	0  -  Run Bytes Received By Job
	0  -  Total Bytes Sent By Job
	0  -  Total Bytes Received By Job
...
