000 (1755313.000.000) 11/14 02:20:03 Job submitted from host: <130.199.206.69:49450>
...
001 (1755313.000.000) 11/15 12:40:43 Job executing on host: <130.199.207.25:47982>
...
006 (1755313.000.000) 11/15 12:45:51 Image size of job updated: 296900
...
006 (1755313.000.000) 11/15 12:50:51 Image size of job updated: 298208
...
006 (1755313.000.000) 11/15 12:55:51 Image size of job updated: 304256
...
005 (1755313.000.000) 11/15 13:00:02 Job terminated.
	(1) Normal termination (return value 0)
		Usr 0 00:18:12, Sys 0 00:00:07  -  Run Remote Usage
		Usr 0 00:00:00, Sys 0 00:00:00  -  Run Local Usage
		Usr 0 00:18:12, Sys 0 00:00:07  -  Total Remote Usage
		Usr 0 00:00:00, Sys 0 00:00:00  -  Total Local Usage
	0  -  Run Bytes Sent By Job
	0  -  Run Bytes Received By Job
	0  -  Total Bytes Sent By Job
	0  -  Total Bytes Received By Job
...
