000 (1753386.000.000) 11/14 02:14:53 Job submitted from host: <130.199.206.69:49450>
...
001 (1753386.000.000) 11/14 03:57:40 Job executing on host: <130.199.206.222:57906>
...
006 (1753386.000.000) 11/14 04:02:48 Image size of job updated: 278428
...
006 (1753386.000.000) 11/14 04:07:48 Image size of job updated: 287848
...
006 (1753386.000.000) 11/14 04:12:49 Image size of job updated: 290100
...
006 (1753386.000.000) 11/14 04:17:50 Image size of job updated: 291524
...
006 (1753386.000.000) 11/14 04:22:51 Image size of job updated: 294484
...
006 (1753386.000.000) 11/14 04:27:52 Image size of job updated: 295468
...
005 (1753386.000.000) 11/14 04:30:28 Job terminated.
	(1) Normal termination (return value 0)
		Usr 0 00:29:41, Sys 0 00:00:06  -  Run Remote Usage
		Usr 0 00:00:00, Sys 0 00:00:00  -  Run Local Usage
		Usr 0 00:29:41, Sys 0 00:00:06  -  Total Remote Usage
		Usr 0 00:00:00, Sys 0 00:00:00  -  Total Local Usage
	0  -  Run Bytes Sent By Job
	0  -  Run Bytes Received By Job
	0  -  Total Bytes Sent By Job
	0  -  Total Bytes Received By Job
...
