000 (1754371.000.000) 11/14 02:18:20 Job submitted from host: <130.199.206.69:49450>
...
001 (1754371.000.000) 11/14 05:14:30 Job executing on host: <130.199.180.151:44408>
...
006 (1754371.000.000) 11/14 05:19:40 Image size of job updated: 284384
...
006 (1754371.000.000) 11/14 05:24:41 Image size of job updated: 285636
...
006 (1754371.000.000) 11/14 05:29:42 Image size of job updated: 300824
...
006 (1754371.000.000) 11/14 05:34:43 Image size of job updated: 317208
...
006 (1754371.000.000) 11/14 05:39:44 Image size of job updated: 322328
...
006 (1754371.000.000) 11/14 05:44:45 Image size of job updated: 327908
...
006 (1754371.000.000) 11/14 05:49:46 Image size of job updated: 328932
...
006 (1754371.000.000) 11/14 05:54:47 Image size of job updated: 333028
...
006 (1754371.000.000) 11/14 06:14:48 Image size of job updated: 334056
...
006 (1754371.000.000) 11/14 06:19:48 Image size of job updated: 336108
...
006 (1754371.000.000) 11/14 06:24:48 Image size of job updated: 344312
...
006 (1754371.000.000) 11/14 06:34:48 Image size of job updated: 345336
...
006 (1754371.000.000) 11/14 06:39:48 Image size of job updated: 346360
...
006 (1754371.000.000) 11/14 06:49:48 Image size of job updated: 347384
...
006 (1754371.000.000) 11/14 07:04:48 Image size of job updated: 348408
...
005 (1754371.000.000) 11/14 07:05:36 Job terminated.
	(1) Normal termination (return value 0)
		Usr 0 01:43:18, Sys 0 00:00:45  -  Run Remote Usage
		Usr 0 00:00:00, Sys 0 00:00:00  -  Run Local Usage
		Usr 0 01:43:18, Sys 0 00:00:45  -  Total Remote Usage
		Usr 0 00:00:00, Sys 0 00:00:00  -  Total Local Usage
	0  -  Run Bytes Sent By Job
	0  -  Run Bytes Received By Job
	0  -  Total Bytes Sent By Job
	0  -  Total Bytes Received By Job
...
