000 (1754671.000.000) 11/14 02:18:59 Job submitted from host: <130.199.206.69:49450>
...
001 (1754671.000.000) 11/14 05:52:12 Job executing on host: <130.199.206.137:38340>
...
006 (1754671.000.000) 11/14 05:52:21 Image size of job updated: 175724
...
006 (1754671.000.000) 11/14 05:57:22 Image size of job updated: 281768
...
006 (1754671.000.000) 11/14 06:07:24 Image size of job updated: 310132
...
006 (1754671.000.000) 11/14 06:12:25 Image size of job updated: 327496
...
006 (1754671.000.000) 11/14 06:17:25 Image size of job updated: 328520
...
006 (1754671.000.000) 11/14 06:22:25 Image size of job updated: 329544
...
006 (1754671.000.000) 11/14 06:32:25 Image size of job updated: 335792
...
006 (1754671.000.000) 11/14 06:37:25 Image size of job updated: 336412
...
006 (1754671.000.000) 11/14 06:57:25 Image size of job updated: 340152
...
006 (1754671.000.000) 11/14 07:07:25 Image size of job updated: 342200
...
005 (1754671.000.000) 11/14 07:13:15 Job terminated.
	(1) Normal termination (return value 0)
		Usr 0 01:12:46, Sys 0 00:00:23  -  Run Remote Usage
		Usr 0 00:00:00, Sys 0 00:00:00  -  Run Local Usage
		Usr 0 01:12:46, Sys 0 00:00:23  -  Total Remote Usage
		Usr 0 00:00:00, Sys 0 00:00:00  -  Total Local Usage
	0  -  Run Bytes Sent By Job
	0  -  Run Bytes Received By Job
	0  -  Total Bytes Sent By Job
	0  -  Total Bytes Received By Job
...
