000 (1755021.000.000) 11/14 02:19:38 Job submitted from host: <130.199.206.69:49450>
...
001 (1755021.000.000) 11/15 11:40:15 Job executing on host: <130.199.206.189:52597>
...
006 (1755021.000.000) 11/15 11:40:23 Image size of job updated: 11376
...
006 (1755021.000.000) 11/15 11:45:23 Image size of job updated: 191696
...
006 (1755021.000.000) 11/15 11:50:23 Image size of job updated: 285344
...
006 (1755021.000.000) 11/15 11:55:23 Image size of job updated: 286648
...
006 (1755021.000.000) 11/15 12:00:23 Image size of job updated: 286736
...
006 (1755021.000.000) 11/15 12:05:23 Image size of job updated: 286960
...
006 (1755021.000.000) 11/15 12:10:23 Image size of job updated: 289024
...
006 (1755021.000.000) 11/15 12:15:23 Image size of job updated: 291780
...
006 (1755021.000.000) 11/15 12:20:23 Image size of job updated: 292264
...
006 (1755021.000.000) 11/15 12:25:23 Image size of job updated: 292400
...
006 (1755021.000.000) 11/15 12:30:24 Image size of job updated: 293176
...
006 (1755021.000.000) 11/15 12:45:27 Image size of job updated: 293520
...
006 (1755021.000.000) 11/15 12:50:28 Image size of job updated: 293816
...
006 (1755021.000.000) 11/15 12:55:29 Image size of job updated: 293952
...
006 (1755021.000.000) 11/15 13:15:33 Image size of job updated: 294284
...
006 (1755021.000.000) 11/15 13:20:34 Image size of job updated: 295580
...
006 (1755021.000.000) 11/15 13:25:35 Image size of job updated: 295588
...
006 (1755021.000.000) 11/15 13:35:37 Image size of job updated: 296568
...
006 (1755021.000.000) 11/15 13:40:38 Image size of job updated: 297012
...
006 (1755021.000.000) 11/15 13:45:39 Image size of job updated: 297224
...
005 (1755021.000.000) 11/15 13:58:57 Job terminated.
	(1) Normal termination (return value 0)
		Usr 0 01:57:11, Sys 0 00:00:27  -  Run Remote Usage
		Usr 0 00:00:00, Sys 0 00:00:00  -  Run Local Usage
		Usr 0 01:57:11, Sys 0 00:00:27  -  Total Remote Usage
		Usr 0 00:00:00, Sys 0 00:00:00  -  Total Local Usage
	0  -  Run Bytes Sent By Job
	0  -  Run Bytes Received By Job
	0  -  Total Bytes Sent By Job
	0  -  Total Bytes Received By Job
...
