000 (1754199.000.000) 11/14 02:17:52 Job submitted from host: <130.199.206.69:49450>
...
001 (1754199.000.000) 11/14 05:26:28 Job executing on host: <130.199.180.160:58882>
...
006 (1754199.000.000) 11/14 05:26:36 Image size of job updated: 145500
...
006 (1754199.000.000) 11/14 05:31:36 Image size of job updated: 282572
...
006 (1754199.000.000) 11/14 05:36:36 Image size of job updated: 283504
...
006 (1754199.000.000) 11/14 05:41:36 Image size of job updated: 286268
...
006 (1754199.000.000) 11/14 05:56:36 Image size of job updated: 287960
...
006 (1754199.000.000) 11/14 06:01:36 Image size of job updated: 288984
...
006 (1754199.000.000) 11/14 06:06:36 Image size of job updated: 289592
...
006 (1754199.000.000) 11/14 06:11:36 Image size of job updated: 290292
...
006 (1754199.000.000) 11/14 06:16:36 Image size of job updated: 290836
...
006 (1754199.000.000) 11/14 06:31:36 Image size of job updated: 293004
...
006 (1754199.000.000) 11/14 06:36:36 Image size of job updated: 293244
...
006 (1754199.000.000) 11/14 06:46:36 Image size of job updated: 293628
...
006 (1754199.000.000) 11/14 06:56:36 Image size of job updated: 293760
...
006 (1754199.000.000) 11/14 07:01:36 Image size of job updated: 294056
...
006 (1754199.000.000) 11/14 07:06:36 Image size of job updated: 294572
...
006 (1754199.000.000) 11/14 07:26:36 Image size of job updated: 295304
...
006 (1754199.000.000) 11/14 07:31:36 Image size of job updated: 295648
...
006 (1754199.000.000) 11/14 07:36:37 Image size of job updated: 295864
...
006 (1754199.000.000) 11/14 07:41:38 Image size of job updated: 296080
...
006 (1754199.000.000) 11/14 07:46:39 Image size of job updated: 296788
...
006 (1754199.000.000) 11/14 07:56:41 Image size of job updated: 296808
...
006 (1754199.000.000) 11/14 08:36:49 Image size of job updated: 297212
...
006 (1754199.000.000) 11/14 08:51:52 Image size of job updated: 297364
...
006 (1754199.000.000) 11/14 09:01:54 Image size of job updated: 297788
...
005 (1754199.000.000) 11/14 09:18:47 Job terminated.
	(1) Normal termination (return value 0)
		Usr 0 02:58:44, Sys 0 00:01:52  -  Run Remote Usage
		Usr 0 00:00:00, Sys 0 00:00:00  -  Run Local Usage
		Usr 0 02:58:44, Sys 0 00:01:52  -  Total Remote Usage
		Usr 0 00:00:00, Sys 0 00:00:00  -  Total Local Usage
	0  -  Run Bytes Sent By Job
	0  -  Run Bytes Received By Job
	0  -  Total Bytes Sent By Job
	0  -  Total Bytes Received By Job
...
