000 (1754702.000.000) 11/14 02:18:59 Job submitted from host: <130.199.206.69:49450>
...
001 (1754702.000.000) 11/14 05:59:02 Job executing on host: <130.199.183.23:36199>
...
006 (1754702.000.000) 11/14 05:59:11 Image size of job updated: 192536
...
006 (1754702.000.000) 11/14 06:04:12 Image size of job updated: 279484
...
006 (1754702.000.000) 11/14 06:09:13 Image size of job updated: 285784
...
006 (1754702.000.000) 11/14 06:14:14 Image size of job updated: 287848
...
006 (1754702.000.000) 11/14 06:19:15 Image size of job updated: 288208
...
006 (1754702.000.000) 11/14 06:29:17 Image size of job updated: 288296
...
006 (1754702.000.000) 11/14 06:34:18 Image size of job updated: 289228
...
006 (1754702.000.000) 11/14 06:39:19 Image size of job updated: 290992
...
006 (1754702.000.000) 11/14 06:49:21 Image size of job updated: 292752
...
006 (1754702.000.000) 11/14 06:54:22 Image size of job updated: 293824
...
006 (1754702.000.000) 11/14 06:59:23 Image size of job updated: 294148
...
006 (1754702.000.000) 11/14 07:09:25 Image size of job updated: 328784
...
006 (1754702.000.000) 11/14 07:14:26 Image size of job updated: 338000
...
006 (1754702.000.000) 11/14 07:19:27 Image size of job updated: 341072
...
006 (1754702.000.000) 11/14 07:24:28 Image size of job updated: 342096
...
006 (1754702.000.000) 11/14 07:29:29 Image size of job updated: 343120
...
006 (1754702.000.000) 11/14 07:39:31 Image size of job updated: 344144
...
006 (1754702.000.000) 11/14 07:44:32 Image size of job updated: 345168
...
005 (1754702.000.000) 11/14 07:59:57 Job terminated.
	(1) Normal termination (return value 0)
		Usr 0 01:49:48, Sys 0 00:00:56  -  Run Remote Usage
		Usr 0 00:00:00, Sys 0 00:00:00  -  Run Local Usage
		Usr 0 01:49:48, Sys 0 00:00:56  -  Total Remote Usage
		Usr 0 00:00:00, Sys 0 00:00:00  -  Total Local Usage
	0  -  Run Bytes Sent By Job
	0  -  Run Bytes Received By Job
	0  -  Total Bytes Sent By Job
	0  -  Total Bytes Received By Job
...
