000 (1755354.000.000) 11/14 02:20:03 Job submitted from host: <130.199.206.69:49450>
...
001 (1755354.000.000) 11/15 12:45:08 Job executing on host: <130.199.180.171:36907>
...
006 (1755354.000.000) 11/15 12:50:18 Image size of job updated: 283156
...
006 (1755354.000.000) 11/15 12:55:19 Image size of job updated: 286556
...
006 (1755354.000.000) 11/15 13:00:20 Image size of job updated: 287868
...
006 (1755354.000.000) 11/15 13:05:21 Image size of job updated: 293640
...
006 (1755354.000.000) 11/15 13:10:22 Image size of job updated: 295548
...
006 (1755354.000.000) 11/15 13:15:23 Image size of job updated: 319660
...
006 (1755354.000.000) 11/15 13:20:24 Image size of job updated: 332972
...
005 (1755354.000.000) 11/15 13:22:14 Job terminated.
	(1) Normal termination (return value 0)
		Usr 0 00:32:38, Sys 0 00:00:23  -  Run Remote Usage
		Usr 0 00:00:00, Sys 0 00:00:00  -  Run Local Usage
		Usr 0 00:32:38, Sys 0 00:00:23  -  Total Remote Usage
		Usr 0 00:00:00, Sys 0 00:00:00  -  Total Local Usage
	0  -  Run Bytes Sent By Job
	0  -  Run Bytes Received By Job
	0  -  Total Bytes Sent By Job
	0  -  Total Bytes Received By Job
...
