000 (1753609.000.000) 11/14 02:16:08 Job submitted from host: <130.199.206.69:49450>
...
001 (1753609.000.000) 11/14 07:53:44 Job executing on host: <130.199.180.159:36980>
...
006 (1753609.000.000) 11/14 07:58:54 Image size of job updated: 276656
...
006 (1753609.000.000) 11/14 08:03:55 Image size of job updated: 282960
...
006 (1753609.000.000) 11/14 08:08:56 Image size of job updated: 288520
...
005 (1753609.000.000) 11/14 08:11:14 Job terminated.
	(1) Normal termination (return value 0)
		Usr 0 00:15:37, Sys 0 00:00:06  -  Run Remote Usage
		Usr 0 00:00:00, Sys 0 00:00:00  -  Run Local Usage
		Usr 0 00:15:37, Sys 0 00:00:06  -  Total Remote Usage
		Usr 0 00:00:00, Sys 0 00:00:00  -  Total Local Usage
	0  -  Run Bytes Sent By Job
	0  -  Run Bytes Received By Job
	0  -  Total Bytes Sent By Job
	0  -  Total Bytes Received By Job
...
