000 (1754154.000.000) 11/14 02:17:37 Job submitted from host: <130.199.206.69:49450>
...
001 (1754154.000.000) 11/14 04:49:02 Job executing on host: <130.199.180.168:57296>
...
006 (1754154.000.000) 11/14 04:49:10 Image size of job updated: 143772
...
006 (1754154.000.000) 11/14 04:54:10 Image size of job updated: 288148
...
006 (1754154.000.000) 11/14 04:59:10 Image size of job updated: 292668
...
006 (1754154.000.000) 11/14 05:04:10 Image size of job updated: 293928
...
006 (1754154.000.000) 11/14 05:09:10 Image size of job updated: 294516
...
006 (1754154.000.000) 11/14 05:14:10 Image size of job updated: 306632
...
006 (1754154.000.000) 11/14 05:19:10 Image size of job updated: 334280
...
006 (1754154.000.000) 11/14 05:24:10 Image size of job updated: 338316
...
006 (1754154.000.000) 11/14 05:29:10 Image size of job updated: 340364
...
006 (1754154.000.000) 11/14 05:34:10 Image size of job updated: 341388
...
006 (1754154.000.000) 11/14 05:44:10 Image size of job updated: 342412
...
006 (1754154.000.000) 11/14 05:54:10 Image size of job updated: 343436
...
006 (1754154.000.000) 11/14 06:04:10 Image size of job updated: 344460
...
006 (1754154.000.000) 11/14 06:19:10 Image size of job updated: 345484
...
006 (1754154.000.000) 11/14 06:29:10 Image size of job updated: 346508
...
006 (1754154.000.000) 11/14 07:14:10 Image size of job updated: 347532
...
005 (1754154.000.000) 11/14 07:26:27 Job terminated.
	(1) Normal termination (return value 0)
		Usr 0 01:34:21, Sys 0 00:01:03  -  Run Remote Usage
		Usr 0 00:00:00, Sys 0 00:00:00  -  Run Local Usage
		Usr 0 01:34:21, Sys 0 00:01:03  -  Total Remote Usage
		Usr 0 00:00:00, Sys 0 00:00:00  -  Total Local Usage
	0  -  Run Bytes Sent By Job
	0  -  Run Bytes Received By Job
	0  -  Total Bytes Sent By Job
	0  -  Total Bytes Received By Job
...
