000 (1754080.000.000) 11/14 02:17:37 Job submitted from host: <130.199.206.69:49450>
...
001 (1754080.000.000) 11/14 08:33:18 Job executing on host: <130.199.183.19:35289>
...
006 (1754080.000.000) 11/14 08:38:28 Image size of job updated: 285040
...
006 (1754080.000.000) 11/14 08:43:29 Image size of job updated: 285840
...
005 (1754080.000.000) 11/14 09:05:03 Job terminated.
	(1) Normal termination (return value 0)
		Usr 0 00:21:44, Sys 0 00:00:08  -  Run Remote Usage
		Usr 0 00:00:00, Sys 0 00:00:00  -  Run Local Usage
		Usr 0 00:21:44, Sys 0 00:00:08  -  Total Remote Usage
		Usr 0 00:00:00, Sys 0 00:00:00  -  Total Local Usage
	0  -  Run Bytes Sent By Job
	0  -  Run Bytes Received By Job
	0  -  Total Bytes Sent By Job
	0  -  Total Bytes Received By Job
...
000 (1798166.000.000) 11/18 15:19:54 Job submitted from host: <130.199.206.69:49450>
...
001 (1798166.000.000) 11/18 15:25:34 Job executing on host: <130.199.206.91:50495>
...
006 (1798166.000.000) 11/18 15:30:42 Image size of job updated: 282964
...
006 (1798166.000.000) 11/18 15:35:42 Image size of job updated: 285224
...
006 (1798166.000.000) 11/18 15:55:42 Image size of job updated: 285520
...
004 (1798166.000.000) 11/18 20:25:38 Job was evicted.
	(0) Job was not checkpointed.
		Usr 0 00:33:26, Sys 0 00:00:09  -  Run Remote Usage
		Usr 0 00:00:00, Sys 0 00:00:00  -  Run Local Usage
	0  -  Run Bytes Sent By Job
	0  -  Run Bytes Received By Job
...
009 (1798166.000.000) 11/18 20:26:16 Job was aborted by the user.
	The job attribute PeriodicRemove expression '(NumJobStarts >= 1 && JobStatus == 1) || (JobStatus == 2 && (CurrentTime - JobCurrentStartDate > (54000)) && ((RemoteUserCpu + RemoteSysCpu) / (CurrentTime - JobCurrentStartDate) < 0.100000)) || (((CurrentTime - EnteredCurrentStatus) > (2 * 24 * 3600)) && JobStatus == 5) || (JobRunCount >= 1 && JobStatus == 1)' evaluated to TRUE
...
000 (1804691.000.000) 11/21 22:32:12 Job submitted from host: <130.199.206.69:49450>
...
001 (1804691.000.000) 11/22 00:32:14 Job executing on host: <130.199.183.22:48346>
...
006 (1804691.000.000) 11/22 00:37:24 Image size of job updated: 282336
...
006 (1804691.000.000) 11/22 00:42:25 Image size of job updated: 285120
...
006 (1804691.000.000) 11/22 00:47:26 Image size of job updated: 285148
...
006 (1804691.000.000) 11/22 00:57:28 Image size of job updated: 285904
...
006 (1804691.000.000) 11/22 01:02:29 Image size of job updated: 285968
...
006 (1804691.000.000) 11/22 01:12:31 Image size of job updated: 298160
...
006 (1804691.000.000) 11/22 01:17:32 Image size of job updated: 314544
...
006 (1804691.000.000) 11/22 01:22:33 Image size of job updated: 322736
...
006 (1804691.000.000) 11/22 01:27:34 Image size of job updated: 331952
...
006 (1804691.000.000) 11/22 01:32:35 Image size of job updated: 334000
...
006 (1804691.000.000) 11/22 01:37:36 Image size of job updated: 335024
...
006 (1804691.000.000) 11/22 01:42:37 Image size of job updated: 336048
...
006 (1804691.000.000) 11/22 01:47:38 Image size of job updated: 337072
...
006 (1804691.000.000) 11/22 01:52:39 Image size of job updated: 339120
...
006 (1804691.000.000) 11/22 02:17:44 Image size of job updated: 340144
...
006 (1804691.000.000) 11/22 02:22:45 Image size of job updated: 341168
...
006 (1804691.000.000) 11/22 03:07:54 Image size of job updated: 341176
...
005 (1804691.000.000) 11/22 03:33:33 Job terminated.
	(1) Normal termination (return value 0)
		Usr 0 02:43:08, Sys 0 00:00:52  -  Run Remote Usage
		Usr 0 00:00:00, Sys 0 00:00:00  -  Run Local Usage
		Usr 0 02:43:08, Sys 0 00:00:52  -  Total Remote Usage
		Usr 0 00:00:00, Sys 0 00:00:00  -  Total Local Usage
	0  -  Run Bytes Sent By Job
	0  -  Run Bytes Received By Job
	0  -  Total Bytes Sent By Job
	0  -  Total Bytes Received By Job
...
