000 (1753997.000.000) 11/14 02:17:22 Job submitted from host: <130.199.206.69:49450>
...
001 (1753997.000.000) 11/14 05:45:44 Job executing on host: <130.199.180.144:40361>
...
006 (1753997.000.000) 11/14 05:45:52 Image size of job updated: 154792
...
006 (1753997.000.000) 11/14 05:50:52 Image size of job updated: 283708
...
006 (1753997.000.000) 11/14 05:55:52 Image size of job updated: 286208
...
006 (1753997.000.000) 11/14 06:10:52 Image size of job updated: 287436
...
006 (1753997.000.000) 11/14 06:20:52 Image size of job updated: 288012
...
006 (1753997.000.000) 11/14 06:30:53 Image size of job updated: 290244
...
006 (1753997.000.000) 11/14 06:40:55 Image size of job updated: 292296
...
006 (1753997.000.000) 11/14 06:50:57 Image size of job updated: 293500
...
006 (1753997.000.000) 11/14 07:00:59 Image size of job updated: 293844
...
006 (1753997.000.000) 11/14 07:11:01 Image size of job updated: 293952
...
006 (1753997.000.000) 11/14 07:16:02 Image size of job updated: 294424
...
006 (1753997.000.000) 11/14 07:31:05 Image size of job updated: 308792
...
006 (1753997.000.000) 11/14 07:36:06 Image size of job updated: 326200
...
006 (1753997.000.000) 11/14 07:41:07 Image size of job updated: 336440
...
006 (1753997.000.000) 11/14 07:46:08 Image size of job updated: 338488
...
006 (1753997.000.000) 11/14 07:51:09 Image size of job updated: 339512
...
006 (1753997.000.000) 11/14 08:06:12 Image size of job updated: 341560
...
006 (1753997.000.000) 11/14 08:11:13 Image size of job updated: 342584
...
006 (1753997.000.000) 11/14 08:21:15 Image size of job updated: 344632
...
006 (1753997.000.000) 11/14 08:31:17 Image size of job updated: 345656
...
006 (1753997.000.000) 11/14 08:41:19 Image size of job updated: 346680
...
006 (1753997.000.000) 11/14 08:51:21 Image size of job updated: 347704
...
005 (1753997.000.000) 11/14 08:58:59 Job terminated.
	(1) Normal termination (return value 0)
		Usr 0 02:58:18, Sys 0 00:01:05  -  Run Remote Usage
		Usr 0 00:00:00, Sys 0 00:00:00  -  Run Local Usage
		Usr 0 02:58:18, Sys 0 00:01:05  -  Total Remote Usage
		Usr 0 00:00:00, Sys 0 00:00:00  -  Total Local Usage
	0  -  Run Bytes Sent By Job
	0  -  Run Bytes Received By Job
	0  -  Total Bytes Sent By Job
	0  -  Total Bytes Received By Job
...
