000 (1754513.000.000) 11/14 02:18:34 Job submitted from host: <130.199.206.69:49450>
...
001 (1754513.000.000) 11/14 05:32:34 Job executing on host: <130.199.180.177:58002>
...
006 (1754513.000.000) 11/14 05:32:43 Image size of job updated: 234868
...
006 (1754513.000.000) 11/14 05:37:44 Image size of job updated: 282396
...
006 (1754513.000.000) 11/14 05:42:45 Image size of job updated: 283712
...
006 (1754513.000.000) 11/14 05:52:47 Image size of job updated: 287264
...
006 (1754513.000.000) 11/14 05:57:48 Image size of job updated: 290240
...
006 (1754513.000.000) 11/14 06:07:50 Image size of job updated: 290724
...
006 (1754513.000.000) 11/14 06:12:51 Image size of job updated: 291720
...
006 (1754513.000.000) 11/14 06:17:52 Image size of job updated: 291828
...
006 (1754513.000.000) 11/14 06:22:53 Image size of job updated: 294060
...
006 (1754513.000.000) 11/14 06:27:54 Image size of job updated: 294644
...
006 (1754513.000.000) 11/14 06:37:56 Image size of job updated: 295388
...
006 (1754513.000.000) 11/14 06:52:59 Image size of job updated: 295688
...
006 (1754513.000.000) 11/14 06:58:00 Image size of job updated: 295736
...
006 (1754513.000.000) 11/14 07:03:01 Image size of job updated: 296368
...
006 (1754513.000.000) 11/14 07:08:02 Image size of job updated: 296896
...
006 (1754513.000.000) 11/14 07:13:03 Image size of job updated: 297460
...
006 (1754513.000.000) 11/14 07:43:09 Image size of job updated: 297888
...
005 (1754513.000.000) 11/14 07:58:45 Job terminated.
	(1) Normal termination (return value 0)
		Usr 0 02:08:59, Sys 0 00:01:02  -  Run Remote Usage
		Usr 0 00:00:00, Sys 0 00:00:00  -  Run Local Usage
		Usr 0 02:08:59, Sys 0 00:01:02  -  Total Remote Usage
		Usr 0 00:00:00, Sys 0 00:00:00  -  Total Local Usage
	0  -  Run Bytes Sent By Job
	0  -  Run Bytes Received By Job
	0  -  Total Bytes Sent By Job
	0  -  Total Bytes Received By Job
...
