000 (1753471.000.000) 11/14 02:15:48 Job submitted from host: <130.199.206.69:49450>
...
001 (1753471.000.000) 11/14 07:36:46 Job executing on host: <130.199.180.154:33428>
...
006 (1753471.000.000) 11/14 07:41:56 Image size of job updated: 283044
...
006 (1753471.000.000) 11/14 07:46:57 Image size of job updated: 284692
...
006 (1753471.000.000) 11/14 08:02:00 Image size of job updated: 286196
...
006 (1753471.000.000) 11/14 08:17:03 Image size of job updated: 288632
...
006 (1753471.000.000) 11/14 08:22:04 Image size of job updated: 288884
...
006 (1753471.000.000) 11/14 08:27:05 Image size of job updated: 304092
...
005 (1753471.000.000) 11/14 08:27:34 Job terminated.
	(1) Normal termination (return value 0)
		Usr 0 00:46:20, Sys 0 00:00:25  -  Run Remote Usage
		Usr 0 00:00:00, Sys 0 00:00:00  -  Run Local Usage
		Usr 0 00:46:20, Sys 0 00:00:25  -  Total Remote Usage
		Usr 0 00:00:00, Sys 0 00:00:00  -  Total Local Usage
	0  -  Run Bytes Sent By Job
	0  -  Run Bytes Received By Job
	0  -  Total Bytes Sent By Job
	0  -  Total Bytes Received By Job
...
