000 (1755373.000.000) 11/14 02:20:10 Job submitted from host: <130.199.206.69:49450>
...
001 (1755373.000.000) 11/15 12:45:56 Job executing on host: <130.199.180.130:60628>
...
006 (1755373.000.000) 11/15 12:51:06 Image size of job updated: 284104
...
006 (1755373.000.000) 11/15 12:56:07 Image size of job updated: 286616
...
006 (1755373.000.000) 11/15 13:01:08 Image size of job updated: 289188
...
006 (1755373.000.000) 11/15 13:06:09 Image size of job updated: 318272
...
006 (1755373.000.000) 11/15 13:11:10 Image size of job updated: 332608
...
006 (1755373.000.000) 11/15 13:16:11 Image size of job updated: 338752
...
005 (1755373.000.000) 11/15 13:28:08 Job terminated.
	(1) Normal termination (return value 0)
		Usr 0 00:36:23, Sys 0 00:00:16  -  Run Remote Usage
		Usr 0 00:00:00, Sys 0 00:00:00  -  Run Local Usage
		Usr 0 00:36:23, Sys 0 00:00:16  -  Total Remote Usage
		Usr 0 00:00:00, Sys 0 00:00:00  -  Total Local Usage
	0  -  Run Bytes Sent By Job
	0  -  Run Bytes Received By Job
	0  -  Total Bytes Sent By Job
	0  -  Total Bytes Received By Job
...
