000 (1755180.000.000) 11/14 02:19:54 Job submitted from host: <130.199.206.69:49450>
...
001 (1755180.000.000) 11/15 12:05:14 Job executing on host: <130.199.180.145:42379>
...
006 (1755180.000.000) 11/15 12:05:23 Image size of job updated: 9124
...
006 (1755180.000.000) 11/15 12:10:24 Image size of job updated: 192816
...
006 (1755180.000.000) 11/15 12:15:25 Image size of job updated: 284152
...
006 (1755180.000.000) 11/15 12:20:26 Image size of job updated: 286304
...
006 (1755180.000.000) 11/15 12:30:28 Image size of job updated: 287380
...
006 (1755180.000.000) 11/15 12:40:30 Image size of job updated: 292616
...
006 (1755180.000.000) 11/15 12:45:31 Image size of job updated: 293816
...
006 (1755180.000.000) 11/15 12:50:32 Image size of job updated: 294056
...
006 (1755180.000.000) 11/15 12:55:33 Image size of job updated: 294436
...
006 (1755180.000.000) 11/15 13:00:34 Image size of job updated: 294664
...
006 (1755180.000.000) 11/15 13:05:35 Image size of job updated: 294952
...
006 (1755180.000.000) 11/15 13:10:36 Image size of job updated: 295124
...
006 (1755180.000.000) 11/15 13:25:39 Image size of job updated: 295168
...
006 (1755180.000.000) 11/15 13:30:40 Image size of job updated: 295872
...
006 (1755180.000.000) 11/15 13:35:41 Image size of job updated: 296048
...
006 (1755180.000.000) 11/15 13:45:43 Image size of job updated: 297328
...
006 (1755180.000.000) 11/15 13:50:44 Image size of job updated: 297968
...
006 (1755180.000.000) 11/15 13:55:45 Image size of job updated: 298240
...
006 (1755180.000.000) 11/15 14:15:45 Image size of job updated: 298812
...
006 (1755180.000.000) 11/15 14:20:45 Image size of job updated: 299044
...
005 (1755180.000.000) 11/15 14:21:18 Job terminated.
	(1) Normal termination (return value 0)
		Usr 0 01:54:50, Sys 0 00:01:06  -  Run Remote Usage
		Usr 0 00:00:00, Sys 0 00:00:00  -  Run Local Usage
		Usr 0 01:54:50, Sys 0 00:01:06  -  Total Remote Usage
		Usr 0 00:00:00, Sys 0 00:00:00  -  Total Local Usage
	0  -  Run Bytes Sent By Job
	0  -  Run Bytes Received By Job
	0  -  Total Bytes Sent By Job
	0  -  Total Bytes Received By Job
...
