000 (1754637.000.000) 11/14 02:18:46 Job submitted from host: <130.199.206.69:49450>
...
001 (1754637.000.000) 11/14 05:46:57 Job executing on host: <130.199.180.129:60048>
...
006 (1754637.000.000) 11/14 05:52:07 Image size of job updated: 285216
...
006 (1754637.000.000) 11/14 05:57:08 Image size of job updated: 285888
...
006 (1754637.000.000) 11/14 06:02:09 Image size of job updated: 287460
...
006 (1754637.000.000) 11/14 06:07:10 Image size of job updated: 288040
...
006 (1754637.000.000) 11/14 06:12:11 Image size of job updated: 291020
...
006 (1754637.000.000) 11/14 06:27:14 Image size of job updated: 292112
...
006 (1754637.000.000) 11/14 06:32:15 Image size of job updated: 303760
...
006 (1754637.000.000) 11/14 06:37:16 Image size of job updated: 326288
...
006 (1754637.000.000) 11/14 06:42:17 Image size of job updated: 333040
...
006 (1754637.000.000) 11/14 06:47:18 Image size of job updated: 334068
...
006 (1754637.000.000) 11/14 06:52:19 Image size of job updated: 342276
...
005 (1754637.000.000) 11/14 06:52:24 Job terminated.
	(1) Normal termination (return value 0)
		Usr 0 00:58:34, Sys 0 00:00:21  -  Run Remote Usage
		Usr 0 00:00:00, Sys 0 00:00:00  -  Run Local Usage
		Usr 0 00:58:34, Sys 0 00:00:21  -  Total Remote Usage
		Usr 0 00:00:00, Sys 0 00:00:00  -  Total Local Usage
	0  -  Run Bytes Sent By Job
	0  -  Run Bytes Received By Job
	0  -  Total Bytes Sent By Job
	0  -  Total Bytes Received By Job
...
