000 (1753806.000.000) 11/14 02:16:47 Job submitted from host: <130.199.206.69:49450>
...
001 (1753806.000.000) 11/14 03:25:26 Job executing on host: <130.199.183.17:52518>
...
006 (1753806.000.000) 11/14 03:25:34 Image size of job updated: 279344
...
006 (1753806.000.000) 11/14 03:30:34 Image size of job updated: 284856
...
006 (1753806.000.000) 11/14 03:35:34 Image size of job updated: 284868
...
006 (1753806.000.000) 11/14 03:40:34 Image size of job updated: 285516
...
006 (1753806.000.000) 11/14 03:45:34 Image size of job updated: 285888
...
006 (1753806.000.000) 11/14 03:50:34 Image size of job updated: 293724
...
006 (1753806.000.000) 11/14 03:55:34 Image size of job updated: 330800
...
006 (1753806.000.000) 11/14 04:00:35 Image size of job updated: 334896
...
006 (1753806.000.000) 11/14 04:05:36 Image size of job updated: 335920
...
006 (1753806.000.000) 11/14 04:10:37 Image size of job updated: 337968
...
006 (1753806.000.000) 11/14 04:20:39 Image size of job updated: 341044
...
006 (1753806.000.000) 11/14 04:25:40 Image size of job updated: 343092
...
006 (1753806.000.000) 11/14 04:30:41 Image size of job updated: 344116
...
006 (1753806.000.000) 11/14 04:40:43 Image size of job updated: 345140
...
006 (1753806.000.000) 11/14 05:00:47 Image size of job updated: 347188
...
005 (1753806.000.000) 11/14 05:05:03 Job terminated.
	(1) Normal termination (return value 0)
		Usr 0 01:24:41, Sys 0 00:00:46  -  Run Remote Usage
		Usr 0 00:00:00, Sys 0 00:00:00  -  Run Local Usage
		Usr 0 01:24:41, Sys 0 00:00:46  -  Total Remote Usage
		Usr 0 00:00:00, Sys 0 00:00:00  -  Total Local Usage
	0  -  Run Bytes Sent By Job
	0  -  Run Bytes Received By Job
	0  -  Total Bytes Sent By Job
	0  -  Total Bytes Received By Job
...
