000 (1755304.000.000) 11/14 02:20:03 Job submitted from host: <130.199.206.69:49450>
...
001 (1755304.000.000) 11/15 12:40:08 Job executing on host: <130.199.206.185:55507>
...
006 (1755304.000.000) 11/15 12:45:16 Image size of job updated: 285524
...
006 (1755304.000.000) 11/15 12:50:16 Image size of job updated: 286392
...
006 (1755304.000.000) 11/15 12:55:16 Image size of job updated: 287180
...
006 (1755304.000.000) 11/15 13:05:16 Image size of job updated: 294336
...
006 (1755304.000.000) 11/15 13:10:16 Image size of job updated: 295356
...
006 (1755304.000.000) 11/15 13:15:16 Image size of job updated: 296188
...
006 (1755304.000.000) 11/15 13:25:16 Image size of job updated: 297524
...
006 (1755304.000.000) 11/15 13:45:16 Image size of job updated: 297852
...
005 (1755304.000.000) 11/15 13:56:43 Job terminated.
	(1) Normal termination (return value 0)
		Usr 0 01:01:48, Sys 0 00:00:16  -  Run Remote Usage
		Usr 0 00:00:00, Sys 0 00:00:00  -  Run Local Usage
		Usr 0 01:01:48, Sys 0 00:00:16  -  Total Remote Usage
		Usr 0 00:00:00, Sys 0 00:00:00  -  Total Local Usage
	0  -  Run Bytes Sent By Job
	0  -  Run Bytes Received By Job
	0  -  Total Bytes Sent By Job
	0  -  Total Bytes Received By Job
...
