000 (1754438.000.000) 11/14 02:18:20 Job submitted from host: <130.199.206.69:49450>
...
001 (1754438.000.000) 11/14 05:26:52 Job executing on host: <130.199.206.211:33818>
...
006 (1754438.000.000) 11/14 05:27:01 Image size of job updated: 72600
...
006 (1754438.000.000) 11/14 05:32:02 Image size of job updated: 288032
...
006 (1754438.000.000) 11/14 05:37:03 Image size of job updated: 290404
...
006 (1754438.000.000) 11/14 05:42:04 Image size of job updated: 293220
...
006 (1754438.000.000) 11/14 05:47:05 Image size of job updated: 293232
...
006 (1754438.000.000) 11/14 05:52:06 Image size of job updated: 296508
...
006 (1754438.000.000) 11/14 05:57:07 Image size of job updated: 297540
...
006 (1754438.000.000) 11/14 06:02:08 Image size of job updated: 297716
...
006 (1754438.000.000) 11/14 06:17:11 Image size of job updated: 298452
...
006 (1754438.000.000) 11/14 06:22:12 Image size of job updated: 298708
...
006 (1754438.000.000) 11/14 06:27:13 Image size of job updated: 298824
...
006 (1754438.000.000) 11/14 06:52:18 Image size of job updated: 300312
...
005 (1754438.000.000) 11/14 06:58:48 Job terminated.
	(1) Normal termination (return value 0)
		Usr 0 01:22:31, Sys 0 00:00:19  -  Run Remote Usage
		Usr 0 00:00:00, Sys 0 00:00:00  -  Run Local Usage
		Usr 0 01:22:31, Sys 0 00:00:19  -  Total Remote Usage
		Usr 0 00:00:00, Sys 0 00:00:00  -  Total Local Usage
	0  -  Run Bytes Sent By Job
	0  -  Run Bytes Received By Job
	0  -  Total Bytes Sent By Job
	0  -  Total Bytes Received By Job
...
