000 (1753479.000.000) 11/14 02:15:48 Job submitted from host: <130.199.206.69:49450>
...
001 (1753479.000.000) 11/14 05:46:04 Job executing on host: <130.199.206.230:56740>
...
006 (1753479.000.000) 11/14 05:51:12 Image size of job updated: 284252
...
006 (1753479.000.000) 11/14 05:56:12 Image size of job updated: 284708
...
006 (1753479.000.000) 11/14 06:06:12 Image size of job updated: 285512
...
006 (1753479.000.000) 11/14 06:11:12 Image size of job updated: 291552
...
006 (1753479.000.000) 11/14 06:16:12 Image size of job updated: 292412
...
006 (1753479.000.000) 11/14 06:21:12 Image size of job updated: 293136
...
006 (1753479.000.000) 11/14 06:26:12 Image size of job updated: 293392
...
006 (1753479.000.000) 11/14 06:36:12 Image size of job updated: 293792
...
006 (1753479.000.000) 11/14 06:41:12 Image size of job updated: 296272
...
005 (1753479.000.000) 11/14 06:44:00 Job terminated.
	(1) Normal termination (return value 0)
		Usr 0 00:52:18, Sys 0 00:00:19  -  Run Remote Usage
		Usr 0 00:00:00, Sys 0 00:00:00  -  Run Local Usage
		Usr 0 00:52:18, Sys 0 00:00:19  -  Total Remote Usage
		Usr 0 00:00:00, Sys 0 00:00:00  -  Total Local Usage
	0  -  Run Bytes Sent By Job
	0  -  Run Bytes Received By Job
	0  -  Total Bytes Sent By Job
	0  -  Total Bytes Received By Job
...
