000 (1754372.000.000) 11/14 02:18:20 Job submitted from host: <130.199.206.69:49450>
...
001 (1754372.000.000) 11/14 04:11:04 Job executing on host: <130.199.180.137:54007>
...
006 (1754372.000.000) 11/14 04:16:12 Image size of job updated: 282596
...
006 (1754372.000.000) 11/14 04:21:12 Image size of job updated: 283084
...
006 (1754372.000.000) 11/14 04:26:12 Image size of job updated: 284748
...
006 (1754372.000.000) 11/14 04:31:12 Image size of job updated: 285464
...
006 (1754372.000.000) 11/14 04:36:12 Image size of job updated: 288100
...
006 (1754372.000.000) 11/14 04:41:13 Image size of job updated: 288664
...
006 (1754372.000.000) 11/14 04:46:14 Image size of job updated: 289764
...
006 (1754372.000.000) 11/14 04:56:16 Image size of job updated: 290496
...
006 (1754372.000.000) 11/14 05:01:17 Image size of job updated: 292072
...
006 (1754372.000.000) 11/14 05:06:18 Image size of job updated: 292736
...
006 (1754372.000.000) 11/14 05:11:19 Image size of job updated: 293464
...
006 (1754372.000.000) 11/14 05:21:21 Image size of job updated: 293860
...
006 (1754372.000.000) 11/14 05:26:22 Image size of job updated: 295868
...
006 (1754372.000.000) 11/14 06:01:29 Image size of job updated: 296100
...
006 (1754372.000.000) 11/14 06:06:30 Image size of job updated: 296552
...
006 (1754372.000.000) 11/14 06:11:31 Image size of job updated: 297292
...
005 (1754372.000.000) 11/14 06:21:39 Job terminated.
	(1) Normal termination (return value 0)
		Usr 0 01:51:04, Sys 0 00:00:41  -  Run Remote Usage
		Usr 0 00:00:00, Sys 0 00:00:00  -  Run Local Usage
		Usr 0 01:51:04, Sys 0 00:00:41  -  Total Remote Usage
		Usr 0 00:00:00, Sys 0 00:00:00  -  Total Local Usage
	0  -  Run Bytes Sent By Job
	0  -  Run Bytes Received By Job
	0  -  Total Bytes Sent By Job
	0  -  Total Bytes Received By Job
...
