000 (1753956.000.000) 11/14 02:17:04 Job submitted from host: <130.199.206.69:49450>
...
001 (1753956.000.000) 11/14 08:19:39 Job executing on host: <130.199.183.18:59916>
...
006 (1753956.000.000) 11/14 08:19:48 Image size of job updated: 192820
...
006 (1753956.000.000) 11/14 08:24:49 Image size of job updated: 282444
...
006 (1753956.000.000) 11/14 08:29:50 Image size of job updated: 283988
...
006 (1753956.000.000) 11/14 08:34:51 Image size of job updated: 284064
...
006 (1753956.000.000) 11/14 08:39:52 Image size of job updated: 288876
...
006 (1753956.000.000) 11/14 08:44:53 Image size of job updated: 290156
...
006 (1753956.000.000) 11/14 08:49:54 Image size of job updated: 291408
...
006 (1753956.000.000) 11/14 08:54:55 Image size of job updated: 291784
...
006 (1753956.000.000) 11/14 08:59:56 Image size of job updated: 291924
...
006 (1753956.000.000) 11/14 09:04:57 Image size of job updated: 292376
...
006 (1753956.000.000) 11/14 09:09:58 Image size of job updated: 295580
...
006 (1753956.000.000) 11/14 09:14:59 Image size of job updated: 297908
...
006 (1753956.000.000) 11/14 09:30:02 Image size of job updated: 298500
...
006 (1753956.000.000) 11/14 09:50:06 Image size of job updated: 298796
...
005 (1753956.000.000) 11/14 10:00:39 Job terminated.
	(1) Normal termination (return value 0)
		Usr 0 01:26:59, Sys 0 00:00:45  -  Run Remote Usage
		Usr 0 00:00:00, Sys 0 00:00:00  -  Run Local Usage
		Usr 0 01:26:59, Sys 0 00:00:45  -  Total Remote Usage
		Usr 0 00:00:00, Sys 0 00:00:00  -  Total Local Usage
	0  -  Run Bytes Sent By Job
	0  -  Run Bytes Received By Job
	0  -  Total Bytes Sent By Job
	0  -  Total Bytes Received By Job
...
000 (1798168.000.000) 11/18 15:19:54 Job submitted from host: <130.199.206.69:49450>
...
001 (1798168.000.000) 11/18 15:27:06 Job executing on host: <130.199.183.2:51731>
...
006 (1798168.000.000) 11/18 15:32:14 Image size of job updated: 189640
...
006 (1798168.000.000) 11/18 15:37:14 Image size of job updated: 192872
...
006 (1798168.000.000) 11/18 15:42:14 Image size of job updated: 192904
...
006 (1798168.000.000) 11/18 15:47:14 Image size of job updated: 282232
...
006 (1798168.000.000) 11/18 15:52:14 Image size of job updated: 283384
...
006 (1798168.000.000) 11/18 15:57:14 Image size of job updated: 284300
...
006 (1798168.000.000) 11/18 16:02:14 Image size of job updated: 290456
...
006 (1798168.000.000) 11/18 16:07:14 Image size of job updated: 293068
...
006 (1798168.000.000) 11/18 16:17:14 Image size of job updated: 296692
...
006 (1798168.000.000) 11/18 16:22:14 Image size of job updated: 296964
...
006 (1798168.000.000) 11/18 16:27:15 Image size of job updated: 298168
...
006 (1798168.000.000) 11/18 16:32:14 Image size of job updated: 298180
...
006 (1798168.000.000) 11/18 16:37:15 Image size of job updated: 298452
...
006 (1798168.000.000) 11/18 16:42:16 Image size of job updated: 298504
...
006 (1798168.000.000) 11/18 16:47:17 Image size of job updated: 299148
...
006 (1798168.000.000) 11/18 17:47:29 Image size of job updated: 299224
...
006 (1798168.000.000) 11/18 17:52:30 Image size of job updated: 299308
...
006 (1798168.000.000) 11/18 17:57:31 Image size of job updated: 300384
...
005 (1798168.000.000) 11/18 18:04:15 Job terminated.
	(1) Normal termination (return value 0)
		Usr 0 02:11:22, Sys 0 00:00:55  -  Run Remote Usage
		Usr 0 00:00:00, Sys 0 00:00:00  -  Run Local Usage
		Usr 0 02:11:22, Sys 0 00:00:55  -  Total Remote Usage
		Usr 0 00:00:00, Sys 0 00:00:00  -  Total Local Usage
	0  -  Run Bytes Sent By Job
	0  -  Run Bytes Received By Job
	0  -  Total Bytes Sent By Job
	0  -  Total Bytes Received By Job
...
