000 (1754940.000.000) 11/14 02:19:27 Job submitted from host: <130.199.206.69:49450>
...
001 (1754940.000.000) 11/15 13:41:26 Job executing on host: <130.199.206.194:35192>
...
006 (1754940.000.000) 11/15 13:41:34 Image size of job updated: 173668
...
006 (1754940.000.000) 11/15 13:46:34 Image size of job updated: 283228
...
006 (1754940.000.000) 11/15 13:51:34 Image size of job updated: 283812
...
006 (1754940.000.000) 11/15 13:56:34 Image size of job updated: 284272
...
006 (1754940.000.000) 11/15 14:01:34 Image size of job updated: 289052
...
006 (1754940.000.000) 11/15 14:06:34 Image size of job updated: 291440
...
006 (1754940.000.000) 11/15 14:11:34 Image size of job updated: 292720
...
006 (1754940.000.000) 11/15 14:16:34 Image size of job updated: 293572
...
006 (1754940.000.000) 11/15 14:21:34 Image size of job updated: 295136
...
006 (1754940.000.000) 11/15 14:41:34 Image size of job updated: 295508
...
006 (1754940.000.000) 11/15 14:46:34 Image size of job updated: 295900
...
006 (1754940.000.000) 11/15 15:06:34 Image size of job updated: 296236
...
006 (1754940.000.000) 11/15 15:11:34 Image size of job updated: 296532
...
006 (1754940.000.000) 11/15 15:21:34 Image size of job updated: 297252
...
006 (1754940.000.000) 11/15 15:26:34 Image size of job updated: 297632
...
006 (1754940.000.000) 11/15 15:41:34 Image size of job updated: 298300
...
006 (1754940.000.000) 11/15 15:46:34 Image size of job updated: 298460
...
006 (1754940.000.000) 11/15 15:56:34 Image size of job updated: 298688
...
005 (1754940.000.000) 11/15 15:58:17 Job terminated.
	(1) Normal termination (return value 0)
		Usr 0 01:55:26, Sys 0 00:00:25  -  Run Remote Usage
		Usr 0 00:00:00, Sys 0 00:00:00  -  Run Local Usage
		Usr 0 01:55:26, Sys 0 00:00:25  -  Total Remote Usage
		Usr 0 00:00:00, Sys 0 00:00:00  -  Total Local Usage
	0  -  Run Bytes Sent By Job
	0  -  Run Bytes Received By Job
	0  -  Total Bytes Sent By Job
	0  -  Total Bytes Received By Job
...
