000 (1754228.000.000) 11/14 02:17:52 Job submitted from host: <130.199.206.69:49450>
...
001 (1754228.000.000) 11/14 05:47:56 Job executing on host: <130.199.180.160:58882>
...
006 (1754228.000.000) 11/14 05:48:04 Image size of job updated: 173776
...
006 (1754228.000.000) 11/14 05:53:04 Image size of job updated: 287152
...
006 (1754228.000.000) 11/14 05:58:04 Image size of job updated: 288844
...
006 (1754228.000.000) 11/14 06:03:04 Image size of job updated: 316292
...
006 (1754228.000.000) 11/14 06:08:04 Image size of job updated: 329392
...
006 (1754228.000.000) 11/14 06:53:04 Image size of job updated: 330220
...
006 (1754228.000.000) 11/14 07:08:04 Image size of job updated: 331244
...
006 (1754228.000.000) 11/14 07:13:04 Image size of job updated: 332272
...
005 (1754228.000.000) 11/14 07:14:32 Job terminated.
	(1) Normal termination (return value 0)
		Usr 0 01:18:49, Sys 0 00:00:51  -  Run Remote Usage
		Usr 0 00:00:00, Sys 0 00:00:00  -  Run Local Usage
		Usr 0 01:18:49, Sys 0 00:00:51  -  Total Remote Usage
		Usr 0 00:00:00, Sys 0 00:00:00  -  Total Local Usage
	0  -  Run Bytes Sent By Job
	0  -  Run Bytes Received By Job
	0  -  Total Bytes Sent By Job
	0  -  Total Bytes Received By Job
...
