000 (1754979.000.000) 11/14 02:19:38 Job submitted from host: <130.199.206.69:49450>
...
001 (1754979.000.000) 11/15 11:42:33 Job executing on host: <130.199.180.158:55404>
...
006 (1754979.000.000) 11/15 11:42:41 Image size of job updated: 8680
...
006 (1754979.000.000) 11/15 11:47:41 Image size of job updated: 174008
...
006 (1754979.000.000) 11/15 11:52:41 Image size of job updated: 281568
...
006 (1754979.000.000) 11/15 11:57:41 Image size of job updated: 283900
...
006 (1754979.000.000) 11/15 12:02:41 Image size of job updated: 286068
...
006 (1754979.000.000) 11/15 12:07:41 Image size of job updated: 286288
...
006 (1754979.000.000) 11/15 12:12:41 Image size of job updated: 295096
...
006 (1754979.000.000) 11/15 12:17:41 Image size of job updated: 297800
...
006 (1754979.000.000) 11/15 12:22:41 Image size of job updated: 298740
...
006 (1754979.000.000) 11/15 12:27:41 Image size of job updated: 300156
...
006 (1754979.000.000) 11/15 12:32:41 Image size of job updated: 301064
...
006 (1754979.000.000) 11/15 12:52:45 Image size of job updated: 301672
...
006 (1754979.000.000) 11/15 12:57:46 Image size of job updated: 336192
...
006 (1754979.000.000) 11/15 13:02:47 Image size of job updated: 341312
...
006 (1754979.000.000) 11/15 13:07:48 Image size of job updated: 347456
...
006 (1754979.000.000) 11/15 13:12:49 Image size of job updated: 348480
...
006 (1754979.000.000) 11/15 13:22:51 Image size of job updated: 351552
...
005 (1754979.000.000) 11/15 13:30:57 Job terminated.
	(1) Normal termination (return value 0)
		Usr 0 01:29:09, Sys 0 00:00:47  -  Run Remote Usage
		Usr 0 00:00:00, Sys 0 00:00:00  -  Run Local Usage
		Usr 0 01:29:09, Sys 0 00:00:47  -  Total Remote Usage
		Usr 0 00:00:00, Sys 0 00:00:00  -  Total Local Usage
	0  -  Run Bytes Sent By Job
	0  -  Run Bytes Received By Job
	0  -  Total Bytes Sent By Job
	0  -  Total Bytes Received By Job
...
