000 (1753690.000.000) 11/14 02:16:28 Job submitted from host: <130.199.206.69:49450>
...
001 (1753690.000.000) 11/14 05:16:16 Job executing on host: <130.199.206.216:42831>
...
006 (1753690.000.000) 11/14 05:16:24 Image size of job updated: 186264
...
006 (1753690.000.000) 11/14 05:21:24 Image size of job updated: 304284
...
006 (1753690.000.000) 11/14 05:26:24 Image size of job updated: 316584
...
006 (1753690.000.000) 11/14 05:31:24 Image size of job updated: 318632
...
006 (1753690.000.000) 11/14 05:36:24 Image size of job updated: 320680
...
006 (1753690.000.000) 11/14 05:41:24 Image size of job updated: 322728
...
006 (1753690.000.000) 11/14 05:51:24 Image size of job updated: 326832
...
006 (1753690.000.000) 11/14 05:56:24 Image size of job updated: 328884
...
006 (1753690.000.000) 11/14 06:06:24 Image size of job updated: 341060
...
006 (1753690.000.000) 11/14 06:11:24 Image size of job updated: 342816
...
006 (1753690.000.000) 11/14 06:16:24 Image size of job updated: 343400
...
006 (1753690.000.000) 11/14 06:21:24 Image size of job updated: 344516
...
006 (1753690.000.000) 11/14 06:26:24 Image size of job updated: 345960
...
005 (1753690.000.000) 11/14 06:26:31 Job terminated.
	(1) Normal termination (return value 0)
		Usr 0 01:00:48, Sys 0 00:00:14  -  Run Remote Usage
		Usr 0 00:00:00, Sys 0 00:00:00  -  Run Local Usage
		Usr 0 01:00:48, Sys 0 00:00:14  -  Total Remote Usage
		Usr 0 00:00:00, Sys 0 00:00:00  -  Total Local Usage
	0  -  Run Bytes Sent By Job
	0  -  Run Bytes Received By Job
	0  -  Total Bytes Sent By Job
	0  -  Total Bytes Received By Job
...
