000 (1754362.000.000) 11/14 02:18:07 Job submitted from host: <130.199.206.69:49450>
...
001 (1754362.000.000) 11/14 05:25:18 Job executing on host: <130.199.180.145:42379>
...
006 (1754362.000.000) 11/14 05:25:27 Image size of job updated: 174276
...
006 (1754362.000.000) 11/14 05:30:28 Image size of job updated: 286628
...
006 (1754362.000.000) 11/14 05:35:29 Image size of job updated: 287728
...
006 (1754362.000.000) 11/14 05:40:30 Image size of job updated: 288440
...
006 (1754362.000.000) 11/14 05:45:31 Image size of job updated: 289392
...
006 (1754362.000.000) 11/14 05:55:33 Image size of job updated: 291144
...
006 (1754362.000.000) 11/14 06:00:34 Image size of job updated: 291420
...
006 (1754362.000.000) 11/14 06:05:35 Image size of job updated: 291856
...
006 (1754362.000.000) 11/14 06:20:38 Image size of job updated: 292512
...
006 (1754362.000.000) 11/14 06:25:39 Image size of job updated: 293408
...
006 (1754362.000.000) 11/14 06:30:40 Image size of job updated: 293752
...
006 (1754362.000.000) 11/14 06:40:42 Image size of job updated: 293952
...
006 (1754362.000.000) 11/14 07:00:46 Image size of job updated: 294624
...
006 (1754362.000.000) 11/14 07:05:47 Image size of job updated: 295212
...
006 (1754362.000.000) 11/14 07:15:49 Image size of job updated: 295560
...
006 (1754362.000.000) 11/14 08:05:59 Image size of job updated: 296608
...
006 (1754362.000.000) 11/14 08:41:06 Image size of job updated: 296636
...
005 (1754362.000.000) 11/14 09:01:09 Job terminated.
	(1) Normal termination (return value 0)
		Usr 0 03:09:46, Sys 0 00:01:25  -  Run Remote Usage
		Usr 0 00:00:00, Sys 0 00:00:00  -  Run Local Usage
		Usr 0 03:09:46, Sys 0 00:01:25  -  Total Remote Usage
		Usr 0 00:00:00, Sys 0 00:00:00  -  Total Local Usage
	0  -  Run Bytes Sent By Job
	0  -  Run Bytes Received By Job
	0  -  Total Bytes Sent By Job
	0  -  Total Bytes Received By Job
...
