000 (1753704.000.000) 11/14 02:16:28 Job submitted from host: <130.199.206.69:49450>
...
001 (1753704.000.000) 11/14 03:37:56 Job executing on host: <130.199.206.191:54564>
...
006 (1753704.000.000) 11/14 03:43:06 Image size of job updated: 283552
...
006 (1753704.000.000) 11/14 03:48:07 Image size of job updated: 285492
...
006 (1753704.000.000) 11/14 03:58:09 Image size of job updated: 288568
...
006 (1753704.000.000) 11/14 04:03:10 Image size of job updated: 289728
...
006 (1753704.000.000) 11/14 04:08:11 Image size of job updated: 296064
...
006 (1753704.000.000) 11/14 04:13:12 Image size of job updated: 296880
...
005 (1753704.000.000) 11/14 04:17:42 Job terminated.
	(1) Normal termination (return value 0)
		Usr 0 00:31:53, Sys 0 00:00:08  -  Run Remote Usage
		Usr 0 00:00:00, Sys 0 00:00:00  -  Run Local Usage
		Usr 0 00:31:53, Sys 0 00:00:08  -  Total Remote Usage
		Usr 0 00:00:00, Sys 0 00:00:00  -  Total Local Usage
	0  -  Run Bytes Sent By Job
	0  -  Run Bytes Received By Job
	0  -  Total Bytes Sent By Job
	0  -  Total Bytes Received By Job
...
