000 (1755112.000.000) 11/14 02:19:46 Job submitted from host: <130.199.206.69:49450>
...
001 (1755112.000.000) 11/15 18:38:34 Job executing on host: <130.199.206.164:38653>
...
006 (1755112.000.000) 11/15 18:43:43 Image size of job updated: 284100
...
006 (1755112.000.000) 11/15 18:48:44 Image size of job updated: 286576
...
006 (1755112.000.000) 11/15 18:53:45 Image size of job updated: 305292
...
006 (1755112.000.000) 11/15 18:58:46 Image size of job updated: 324748
...
006 (1755112.000.000) 11/15 19:03:47 Image size of job updated: 326804
...
006 (1755112.000.000) 11/15 19:08:48 Image size of job updated: 327828
...
006 (1755112.000.000) 11/15 19:13:49 Image size of job updated: 330904
...
006 (1755112.000.000) 11/15 19:18:50 Image size of job updated: 336024
...
006 (1755112.000.000) 11/15 19:23:51 Image size of job updated: 337048
...
006 (1755112.000.000) 11/15 19:33:53 Image size of job updated: 339096
...
006 (1755112.000.000) 11/15 19:43:55 Image size of job updated: 340120
...
006 (1755112.000.000) 11/15 19:58:58 Image size of job updated: 341144
...
006 (1755112.000.000) 11/15 20:38:58 Image size of job updated: 342168
...
006 (1755112.000.000) 11/15 20:48:58 Image size of job updated: 344216
...
005 (1755112.000.000) 11/15 21:36:09 Job terminated.
	(1) Normal termination (return value 0)
		Usr 0 02:43:38, Sys 0 00:00:46  -  Run Remote Usage
		Usr 0 00:00:00, Sys 0 00:00:00  -  Run Local Usage
		Usr 0 02:43:38, Sys 0 00:00:46  -  Total Remote Usage
		Usr 0 00:00:00, Sys 0 00:00:00  -  Total Local Usage
	0  -  Run Bytes Sent By Job
	0  -  Run Bytes Received By Job
	0  -  Total Bytes Sent By Job
	0  -  Total Bytes Received By Job
...
