000 (1754716.000.000) 11/14 02:18:59 Job submitted from host: <130.199.206.69:49450>
...
001 (1754716.000.000) 11/14 06:03:28 Job executing on host: <130.199.180.142:35025>
...
006 (1754716.000.000) 11/14 06:03:36 Image size of job updated: 174328
...
006 (1754716.000.000) 11/14 06:08:36 Image size of job updated: 282112
...
006 (1754716.000.000) 11/14 06:13:36 Image size of job updated: 283680
...
006 (1754716.000.000) 11/14 06:23:36 Image size of job updated: 287568
...
006 (1754716.000.000) 11/14 06:28:36 Image size of job updated: 288576
...
006 (1754716.000.000) 11/14 06:33:36 Image size of job updated: 290508
...
006 (1754716.000.000) 11/14 06:38:36 Image size of job updated: 290848
...
006 (1754716.000.000) 11/14 06:43:36 Image size of job updated: 290940
...
006 (1754716.000.000) 11/14 06:48:36 Image size of job updated: 291136
...
006 (1754716.000.000) 11/14 07:03:36 Image size of job updated: 293108
...
006 (1754716.000.000) 11/14 07:13:36 Image size of job updated: 295496
...
006 (1754716.000.000) 11/14 07:33:36 Image size of job updated: 295732
...
006 (1754716.000.000) 11/14 07:53:36 Image size of job updated: 296688
...
006 (1754716.000.000) 11/14 07:58:36 Image size of job updated: 296980
...
006 (1754716.000.000) 11/14 08:03:36 Image size of job updated: 297188
...
006 (1754716.000.000) 11/14 08:08:36 Image size of job updated: 297976
...
006 (1754716.000.000) 11/14 08:13:36 Image size of job updated: 329176
...
005 (1754716.000.000) 11/14 08:15:18 Job terminated.
	(1) Normal termination (return value 0)
		Usr 0 01:49:50, Sys 0 00:00:43  -  Run Remote Usage
		Usr 0 00:00:00, Sys 0 00:00:00  -  Run Local Usage
		Usr 0 01:49:50, Sys 0 00:00:43  -  Total Remote Usage
		Usr 0 00:00:00, Sys 0 00:00:00  -  Total Local Usage
	0  -  Run Bytes Sent By Job
	0  -  Run Bytes Received By Job
	0  -  Total Bytes Sent By Job
	0  -  Total Bytes Received By Job
...
