000 (1753756.000.000) 11/14 02:16:28 Job submitted from host: <130.199.206.69:49450>
...
001 (1753756.000.000) 11/14 05:35:32 Job executing on host: <130.199.180.146:38869>
...
006 (1753756.000.000) 11/14 05:40:40 Image size of job updated: 283872
...
006 (1753756.000.000) 11/14 05:45:40 Image size of job updated: 284068
...
006 (1753756.000.000) 11/14 05:50:40 Image size of job updated: 284176
...
006 (1753756.000.000) 11/14 05:55:40 Image size of job updated: 284328
...
006 (1753756.000.000) 11/14 06:00:40 Image size of job updated: 286116
...
006 (1753756.000.000) 11/14 06:05:40 Image size of job updated: 288056
...
006 (1753756.000.000) 11/14 06:10:40 Image size of job updated: 289716
...
006 (1753756.000.000) 11/14 06:15:40 Image size of job updated: 290056
...
006 (1753756.000.000) 11/14 06:20:40 Image size of job updated: 292680
...
006 (1753756.000.000) 11/14 06:30:40 Image size of job updated: 292900
...
006 (1753756.000.000) 11/14 06:35:40 Image size of job updated: 293832
...
006 (1753756.000.000) 11/14 07:30:40 Image size of job updated: 294008
...
006 (1753756.000.000) 11/14 07:40:40 Image size of job updated: 294624
...
006 (1753756.000.000) 11/14 08:30:48 Image size of job updated: 295012
...
006 (1753756.000.000) 11/14 08:35:49 Image size of job updated: 295428
...
006 (1753756.000.000) 11/14 08:45:51 Image size of job updated: 295556
...
006 (1753756.000.000) 11/14 08:50:52 Image size of job updated: 295584
...
006 (1753756.000.000) 11/14 09:36:01 Image size of job updated: 295676
...
006 (1753756.000.000) 11/14 09:41:02 Image size of job updated: 295952
...
006 (1753756.000.000) 11/14 09:46:03 Image size of job updated: 296056
...
006 (1753756.000.000) 11/14 09:51:04 Image size of job updated: 296928
...
006 (1753756.000.000) 11/14 09:56:05 Image size of job updated: 297348
...
005 (1753756.000.000) 11/14 10:15:52 Job terminated.
	(1) Normal termination (return value 0)
		Usr 0 03:47:20, Sys 0 00:01:45  -  Run Remote Usage
		Usr 0 00:00:00, Sys 0 00:00:00  -  Run Local Usage
		Usr 0 03:47:20, Sys 0 00:01:45  -  Total Remote Usage
		Usr 0 00:00:00, Sys 0 00:00:00  -  Total Local Usage
	0  -  Run Bytes Sent By Job
	0  -  Run Bytes Received By Job
	0  -  Total Bytes Sent By Job
	0  -  Total Bytes Received By Job
...
