000 (1753683.000.000) 11/14 02:16:28 Job submitted from host: <130.199.206.69:49450>
...
001 (1753683.000.000) 11/14 06:06:02 Job executing on host: <130.199.206.146:35037>
...
006 (1753683.000.000) 11/14 06:11:12 Image size of job updated: 302088
...
006 (1753683.000.000) 11/14 06:16:13 Image size of job updated: 307208
...
006 (1753683.000.000) 11/14 06:21:13 Image size of job updated: 318472
...
006 (1753683.000.000) 11/14 06:26:13 Image size of job updated: 323592
...
006 (1753683.000.000) 11/14 06:31:13 Image size of job updated: 325640
...
006 (1753683.000.000) 11/14 06:41:13 Image size of job updated: 326664
...
006 (1753683.000.000) 11/14 06:51:13 Image size of job updated: 330760
...
006 (1753683.000.000) 11/14 07:01:13 Image size of job updated: 330880
...
006 (1753683.000.000) 11/14 07:26:14 Image size of job updated: 331724
...
006 (1753683.000.000) 11/14 07:31:15 Image size of job updated: 333352
...
006 (1753683.000.000) 11/14 07:36:16 Image size of job updated: 334000
...
006 (1753683.000.000) 11/14 07:46:18 Image size of job updated: 334524
...
006 (1753683.000.000) 11/14 07:56:20 Image size of job updated: 336012
...
006 (1753683.000.000) 11/14 08:01:21 Image size of job updated: 336600
...
006 (1753683.000.000) 11/14 08:21:25 Image size of job updated: 337488
...
005 (1753683.000.000) 11/14 08:40:13 Job terminated.
	(1) Normal termination (return value 0)
		Usr 0 02:21:11, Sys 0 00:00:53  -  Run Remote Usage
		Usr 0 00:00:00, Sys 0 00:00:00  -  Run Local Usage
		Usr 0 02:21:11, Sys 0 00:00:53  -  Total Remote Usage
		Usr 0 00:00:00, Sys 0 00:00:00  -  Total Local Usage
	0  -  Run Bytes Sent By Job
	0  -  Run Bytes Received By Job
	0  -  Total Bytes Sent By Job
	0  -  Total Bytes Received By Job
...
