000 (1755359.000.000) 11/14 02:20:03 Job submitted from host: <130.199.206.69:49450>
...
001 (1755359.000.000) 11/15 12:45:21 Job executing on host: <130.199.183.16:34724>
...
006 (1755359.000.000) 11/15 12:45:30 Image size of job updated: 146324
...
006 (1755359.000.000) 11/15 12:50:31 Image size of job updated: 281372
...
006 (1755359.000.000) 11/15 12:55:32 Image size of job updated: 283304
...
006 (1755359.000.000) 11/15 13:05:34 Image size of job updated: 290288
...
006 (1755359.000.000) 11/15 13:10:35 Image size of job updated: 290868
...
006 (1755359.000.000) 11/15 13:15:36 Image size of job updated: 290912
...
006 (1755359.000.000) 11/15 13:20:37 Image size of job updated: 293996
...
006 (1755359.000.000) 11/15 13:25:38 Image size of job updated: 318736
...
005 (1755359.000.000) 11/15 13:29:18 Job terminated.
	(1) Normal termination (return value 0)
		Usr 0 00:36:11, Sys 0 00:00:32  -  Run Remote Usage
		Usr 0 00:00:00, Sys 0 00:00:00  -  Run Local Usage
		Usr 0 00:36:11, Sys 0 00:00:32  -  Total Remote Usage
		Usr 0 00:00:00, Sys 0 00:00:00  -  Total Local Usage
	0  -  Run Bytes Sent By Job
	0  -  Run Bytes Received By Job
	0  -  Total Bytes Sent By Job
	0  -  Total Bytes Received By Job
...
