000 (1753737.000.000) 11/14 02:16:28 Job submitted from host: <130.199.206.69:49450>
...
001 (1753737.000.000) 11/14 04:15:32 Job executing on host: <130.199.206.228:50377>
...
006 (1753737.000.000) 11/14 04:20:42 Image size of job updated: 285208
...
006 (1753737.000.000) 11/14 04:25:43 Image size of job updated: 285972
...
006 (1753737.000.000) 11/14 04:30:44 Image size of job updated: 287256
...
006 (1753737.000.000) 11/14 04:35:45 Image size of job updated: 288688
...
006 (1753737.000.000) 11/14 04:40:46 Image size of job updated: 292636
...
006 (1753737.000.000) 11/14 04:45:46 Image size of job updated: 293076
...
006 (1753737.000.000) 11/14 04:50:46 Image size of job updated: 293848
...
006 (1753737.000.000) 11/14 05:10:46 Image size of job updated: 294192
...
006 (1753737.000.000) 11/14 05:30:46 Image size of job updated: 294308
...
006 (1753737.000.000) 11/14 05:35:46 Image size of job updated: 294576
...
006 (1753737.000.000) 11/14 05:45:46 Image size of job updated: 294744
...
006 (1753737.000.000) 11/14 05:50:46 Image size of job updated: 295020
...
006 (1753737.000.000) 11/14 05:55:46 Image size of job updated: 295192
...
006 (1753737.000.000) 11/14 06:00:46 Image size of job updated: 296124
...
006 (1753737.000.000) 11/14 06:05:46 Image size of job updated: 296188
...
006 (1753737.000.000) 11/14 06:10:46 Image size of job updated: 296224
...
005 (1753737.000.000) 11/14 06:11:08 Job terminated.
	(1) Normal termination (return value 0)
		Usr 0 01:40:59, Sys 0 00:00:19  -  Run Remote Usage
		Usr 0 00:00:00, Sys 0 00:00:00  -  Run Local Usage
		Usr 0 01:40:59, Sys 0 00:00:19  -  Total Remote Usage
		Usr 0 00:00:00, Sys 0 00:00:00  -  Total Local Usage
	0  -  Run Bytes Sent By Job
	0  -  Run Bytes Received By Job
	0  -  Total Bytes Sent By Job
	0  -  Total Bytes Received By Job
...
