000 (1755242.000.000) 11/14 02:19:54 Job submitted from host: <130.199.206.69:49450>
...
001 (1755242.000.000) 11/15 17:33:32 Job executing on host: <130.199.206.135:53326>
...
006 (1755242.000.000) 11/15 17:33:41 Image size of job updated: 133968
...
006 (1755242.000.000) 11/15 17:38:42 Image size of job updated: 284728
...
006 (1755242.000.000) 11/15 17:43:43 Image size of job updated: 286516
...
006 (1755242.000.000) 11/15 17:48:44 Image size of job updated: 287948
...
006 (1755242.000.000) 11/15 17:53:45 Image size of job updated: 288224
...
006 (1755242.000.000) 11/15 18:03:46 Image size of job updated: 377532
...
006 (1755242.000.000) 11/15 18:08:46 Image size of job updated: 380828
...
006 (1755242.000.000) 11/15 18:13:46 Image size of job updated: 382884
...
006 (1755242.000.000) 11/15 18:18:46 Image size of job updated: 384776
...
006 (1755242.000.000) 11/15 18:28:46 Image size of job updated: 385472
...
006 (1755242.000.000) 11/15 18:43:46 Image size of job updated: 385484
...
005 (1755242.000.000) 11/15 18:51:07 Job terminated.
	(1) Normal termination (return value 0)
		Usr 0 01:08:48, Sys 0 00:00:12  -  Run Remote Usage
		Usr 0 00:00:00, Sys 0 00:00:00  -  Run Local Usage
		Usr 0 01:08:48, Sys 0 00:00:12  -  Total Remote Usage
		Usr 0 00:00:00, Sys 0 00:00:00  -  Total Local Usage
	0  -  Run Bytes Sent By Job
	0  -  Run Bytes Received By Job
	0  -  Total Bytes Sent By Job
	0  -  Total Bytes Received By Job
...
