000 (1753884.000.000) 11/14 02:17:04 Job submitted from host: <130.199.206.69:49450>
...
001 (1753884.000.000) 11/14 08:11:36 Job executing on host: <130.199.180.159:36980>
...
006 (1753884.000.000) 11/14 08:11:44 Image size of job updated: 174416
...
006 (1753884.000.000) 11/14 08:16:44 Image size of job updated: 278696
...
006 (1753884.000.000) 11/14 08:21:44 Image size of job updated: 284848
...
006 (1753884.000.000) 11/14 08:26:44 Image size of job updated: 289672
...
006 (1753884.000.000) 11/14 08:31:44 Image size of job updated: 289828
...
006 (1753884.000.000) 11/14 08:36:44 Image size of job updated: 291128
...
005 (1753884.000.000) 11/14 08:39:20 Job terminated.
	(1) Normal termination (return value 0)
		Usr 0 00:24:33, Sys 0 00:00:13  -  Run Remote Usage
		Usr 0 00:00:00, Sys 0 00:00:00  -  Run Local Usage
		Usr 0 00:24:33, Sys 0 00:00:13  -  Total Remote Usage
		Usr 0 00:00:00, Sys 0 00:00:00  -  Total Local Usage
	0  -  Run Bytes Sent By Job
	0  -  Run Bytes Received By Job
	0  -  Total Bytes Sent By Job
	0  -  Total Bytes Received By Job
...
