000 (1753612.000.000) 11/14 02:16:08 Job submitted from host: <130.199.206.69:49450>
...
001 (1753612.000.000) 11/14 03:13:22 Job executing on host: <130.199.180.139:35175>
...
006 (1753612.000.000) 11/14 03:13:31 Image size of job updated: 185524
...
006 (1753612.000.000) 11/14 03:18:32 Image size of job updated: 286440
...
006 (1753612.000.000) 11/14 03:23:33 Image size of job updated: 286532
...
006 (1753612.000.000) 11/14 03:28:34 Image size of job updated: 288524
...
006 (1753612.000.000) 11/14 03:33:35 Image size of job updated: 289088
...
006 (1753612.000.000) 11/14 03:38:35 Image size of job updated: 291784
...
006 (1753612.000.000) 11/14 03:43:35 Image size of job updated: 293668
...
006 (1753612.000.000) 11/14 03:58:35 Image size of job updated: 293840
...
006 (1753612.000.000) 11/14 04:13:35 Image size of job updated: 293976
...
006 (1753612.000.000) 11/14 04:23:35 Image size of job updated: 294144
...
006 (1753612.000.000) 11/14 04:28:35 Image size of job updated: 294716
...
006 (1753612.000.000) 11/14 04:38:35 Image size of job updated: 294788
...
006 (1753612.000.000) 11/14 04:43:35 Image size of job updated: 295720
...
006 (1753612.000.000) 11/14 04:48:35 Image size of job updated: 326448
...
006 (1753612.000.000) 11/14 04:53:35 Image size of job updated: 336688
...
006 (1753612.000.000) 11/14 04:58:35 Image size of job updated: 340784
...
006 (1753612.000.000) 11/14 05:03:35 Image size of job updated: 343856
...
006 (1753612.000.000) 11/14 05:08:35 Image size of job updated: 344880
...
006 (1753612.000.000) 11/14 05:13:35 Image size of job updated: 345904
...
006 (1753612.000.000) 11/14 05:23:35 Image size of job updated: 346928
...
005 (1753612.000.000) 11/14 05:34:07 Job terminated.
	(1) Normal termination (return value 0)
		Usr 0 02:04:33, Sys 0 00:01:07  -  Run Remote Usage
		Usr 0 00:00:00, Sys 0 00:00:00  -  Run Local Usage
		Usr 0 02:04:33, Sys 0 00:01:07  -  Total Remote Usage
		Usr 0 00:00:00, Sys 0 00:00:00  -  Total Local Usage
	0  -  Run Bytes Sent By Job
	0  -  Run Bytes Received By Job
	0  -  Total Bytes Sent By Job
	0  -  Total Bytes Received By Job
...
