000 (1755178.000.000) 11/14 02:19:54 Job submitted from host: <130.199.206.69:49450>
...
001 (1755178.000.000) 11/15 12:05:11 Job executing on host: <130.199.183.23:36199>
...
006 (1755178.000.000) 11/15 12:10:19 Image size of job updated: 174304
...
006 (1755178.000.000) 11/15 12:15:19 Image size of job updated: 283476
...
006 (1755178.000.000) 11/15 12:20:19 Image size of job updated: 315656
...
006 (1755178.000.000) 11/15 12:25:19 Image size of job updated: 320936
...
006 (1755178.000.000) 11/15 12:30:19 Image size of job updated: 321960
...
006 (1755178.000.000) 11/15 12:35:19 Image size of job updated: 322984
...
006 (1755178.000.000) 11/15 12:40:19 Image size of job updated: 324008
...
006 (1755178.000.000) 11/15 12:45:19 Image size of job updated: 326056
...
006 (1755178.000.000) 11/15 12:50:19 Image size of job updated: 330156
...
006 (1755178.000.000) 11/15 12:55:19 Image size of job updated: 331180
...
006 (1755178.000.000) 11/15 13:00:19 Image size of job updated: 333228
...
006 (1755178.000.000) 11/15 13:20:19 Image size of job updated: 335276
...
006 (1755178.000.000) 11/15 13:30:19 Image size of job updated: 337328
...
006 (1755178.000.000) 11/15 13:45:19 Image size of job updated: 338352
...
006 (1755178.000.000) 11/15 13:50:19 Image size of job updated: 339376
...
006 (1755178.000.000) 11/15 13:55:19 Image size of job updated: 340400
...
005 (1755178.000.000) 11/15 14:34:05 Job terminated.
	(1) Normal termination (return value 0)
		Usr 0 01:49:26, Sys 0 00:00:58  -  Run Remote Usage
		Usr 0 00:00:00, Sys 0 00:00:00  -  Run Local Usage
		Usr 0 01:49:26, Sys 0 00:00:58  -  Total Remote Usage
		Usr 0 00:00:00, Sys 0 00:00:00  -  Total Local Usage
	0  -  Run Bytes Sent By Job
	0  -  Run Bytes Received By Job
	0  -  Total Bytes Sent By Job
	0  -  Total Bytes Received By Job
...
