000 (1755281.000.000) 11/14 02:20:03 Job submitted from host: <130.199.206.69:49450>
...
001 (1755281.000.000) 11/15 12:37:23 Job executing on host: <130.199.180.144:40361>
...
006 (1755281.000.000) 11/15 12:37:32 Image size of job updated: 173920
...
006 (1755281.000.000) 11/15 12:42:33 Image size of job updated: 279440
...
006 (1755281.000.000) 11/15 12:47:34 Image size of job updated: 288540
...
006 (1755281.000.000) 11/15 12:52:35 Image size of job updated: 289676
...
006 (1755281.000.000) 11/15 12:57:36 Image size of job updated: 289904
...
006 (1755281.000.000) 11/15 13:02:37 Image size of job updated: 290536
...
006 (1755281.000.000) 11/15 13:07:38 Image size of job updated: 291464
...
005 (1755281.000.000) 11/15 13:17:10 Job terminated.
	(1) Normal termination (return value 0)
		Usr 0 00:35:46, Sys 0 00:00:26  -  Run Remote Usage
		Usr 0 00:00:00, Sys 0 00:00:00  -  Run Local Usage
		Usr 0 00:35:46, Sys 0 00:00:26  -  Total Remote Usage
		Usr 0 00:00:00, Sys 0 00:00:00  -  Total Local Usage
	0  -  Run Bytes Sent By Job
	0  -  Run Bytes Received By Job
	0  -  Total Bytes Sent By Job
	0  -  Total Bytes Received By Job
...
