000 (1754704.000.000) 11/14 02:18:59 Job submitted from host: <130.199.206.69:49450>
...
001 (1754704.000.000) 11/14 05:59:27 Job executing on host: <130.199.183.14:48158>
...
006 (1754704.000.000) 11/14 06:04:37 Image size of job updated: 284360
...
006 (1754704.000.000) 11/14 06:09:38 Image size of job updated: 284692
...
006 (1754704.000.000) 11/14 06:14:39 Image size of job updated: 286104
...
006 (1754704.000.000) 11/14 06:19:40 Image size of job updated: 286992
...
006 (1754704.000.000) 11/14 06:34:43 Image size of job updated: 287428
...
006 (1754704.000.000) 11/14 06:39:44 Image size of job updated: 287884
...
006 (1754704.000.000) 11/14 06:44:45 Image size of job updated: 288916
...
006 (1754704.000.000) 11/14 06:49:46 Image size of job updated: 291212
...
006 (1754704.000.000) 11/14 07:04:49 Image size of job updated: 292832
...
006 (1754704.000.000) 11/14 07:09:50 Image size of job updated: 301040
...
006 (1754704.000.000) 11/14 07:14:51 Image size of job updated: 303092
...
005 (1754704.000.000) 11/14 07:16:09 Job terminated.
	(1) Normal termination (return value 0)
		Usr 0 01:09:21, Sys 0 00:00:32  -  Run Remote Usage
		Usr 0 00:00:00, Sys 0 00:00:00  -  Run Local Usage
		Usr 0 01:09:21, Sys 0 00:00:32  -  Total Remote Usage
		Usr 0 00:00:00, Sys 0 00:00:00  -  Total Local Usage
	0  -  Run Bytes Sent By Job
	0  -  Run Bytes Received By Job
	0  -  Total Bytes Sent By Job
	0  -  Total Bytes Received By Job
...
