000 (1754339.000.000) 11/14 02:18:07 Job submitted from host: <130.199.206.69:49450>
...
001 (1754339.000.000) 11/14 05:32:39 Job executing on host: <130.199.180.169:46641>
...
006 (1754339.000.000) 11/14 05:32:48 Image size of job updated: 192516
...
006 (1754339.000.000) 11/14 05:37:49 Image size of job updated: 285612
...
006 (1754339.000.000) 11/14 05:42:50 Image size of job updated: 287072
...
006 (1754339.000.000) 11/14 05:47:51 Image size of job updated: 288508
...
006 (1754339.000.000) 11/14 05:52:52 Image size of job updated: 288720
...
006 (1754339.000.000) 11/14 05:57:53 Image size of job updated: 288828
...
006 (1754339.000.000) 11/14 06:12:56 Image size of job updated: 289240
...
006 (1754339.000.000) 11/14 06:17:57 Image size of job updated: 291396
...
006 (1754339.000.000) 11/14 06:27:59 Image size of job updated: 291612
...
006 (1754339.000.000) 11/14 06:33:00 Image size of job updated: 292508
...
006 (1754339.000.000) 11/14 06:38:01 Image size of job updated: 292748
...
006 (1754339.000.000) 11/14 06:43:02 Image size of job updated: 294412
...
006 (1754339.000.000) 11/14 06:48:03 Image size of job updated: 319708
...
006 (1754339.000.000) 11/14 06:53:04 Image size of job updated: 334148
...
006 (1754339.000.000) 11/14 06:58:05 Image size of job updated: 335172
...
006 (1754339.000.000) 11/14 07:08:07 Image size of job updated: 336196
...
006 (1754339.000.000) 11/14 07:18:09 Image size of job updated: 339276
...
006 (1754339.000.000) 11/14 07:23:10 Image size of job updated: 340300
...
006 (1754339.000.000) 11/14 07:28:11 Image size of job updated: 341324
...
006 (1754339.000.000) 11/14 07:33:12 Image size of job updated: 343372
...
006 (1754339.000.000) 11/14 07:38:13 Image size of job updated: 344396
...
006 (1754339.000.000) 11/14 07:43:14 Image size of job updated: 345420
...
006 (1754339.000.000) 11/14 07:48:16 Image size of job updated: 346444
...
006 (1754339.000.000) 11/14 08:03:16 Image size of job updated: 347468
...
005 (1754339.000.000) 11/14 08:32:20 Job terminated.
	(1) Normal termination (return value 0)
		Usr 0 02:40:32, Sys 0 00:01:19  -  Run Remote Usage
		Usr 0 00:00:00, Sys 0 00:00:00  -  Run Local Usage
		Usr 0 02:40:32, Sys 0 00:01:19  -  Total Remote Usage
		Usr 0 00:00:00, Sys 0 00:00:00  -  Total Local Usage
	0  -  Run Bytes Sent By Job
	0  -  Run Bytes Received By Job
	0  -  Total Bytes Sent By Job
	0  -  Total Bytes Received By Job
...
