000 (1753695.000.000) 11/14 02:16:28 Job submitted from host: <130.199.206.69:49450>
...
001 (1753695.000.000) 11/14 06:38:35 Job executing on host: <130.199.180.169:46641>
...
006 (1753695.000.000) 11/14 06:43:43 Image size of job updated: 284928
...
006 (1753695.000.000) 11/14 06:48:43 Image size of job updated: 285984
...
006 (1753695.000.000) 11/14 06:53:43 Image size of job updated: 286764
...
006 (1753695.000.000) 11/14 06:58:43 Image size of job updated: 287136
...
006 (1753695.000.000) 11/14 07:03:43 Image size of job updated: 288120
...
006 (1753695.000.000) 11/14 07:13:43 Image size of job updated: 288444
...
006 (1753695.000.000) 11/14 07:18:43 Image size of job updated: 291252
...
006 (1753695.000.000) 11/14 07:33:43 Image size of job updated: 292704
...
006 (1753695.000.000) 11/14 07:53:43 Image size of job updated: 292900
...
006 (1753695.000.000) 11/14 08:28:43 Image size of job updated: 293640
...
006 (1753695.000.000) 11/14 08:48:43 Image size of job updated: 293864
...
006 (1753695.000.000) 11/14 08:53:43 Image size of job updated: 294416
...
006 (1753695.000.000) 11/14 08:58:43 Image size of job updated: 294988
...
006 (1753695.000.000) 11/14 09:18:43 Image size of job updated: 295028
...
006 (1753695.000.000) 11/14 09:43:46 Image size of job updated: 296400
...
006 (1753695.000.000) 11/14 09:48:47 Image size of job updated: 297348
...
005 (1753695.000.000) 11/14 10:23:13 Job terminated.
	(1) Normal termination (return value 0)
		Usr 0 03:26:46, Sys 0 00:01:46  -  Run Remote Usage
		Usr 0 00:00:00, Sys 0 00:00:00  -  Run Local Usage
		Usr 0 03:26:46, Sys 0 00:01:46  -  Total Remote Usage
		Usr 0 00:00:00, Sys 0 00:00:00  -  Total Local Usage
	0  -  Run Bytes Sent By Job
	0  -  Run Bytes Received By Job
	0  -  Total Bytes Sent By Job
	0  -  Total Bytes Received By Job
...
