000 (1754954.000.000) 11/14 02:19:27 Job submitted from host: <130.199.206.69:49450>
...
001 (1754954.000.000) 11/15 11:35:47 Job executing on host: <130.199.183.6:57580>
...
006 (1754954.000.000) 11/15 11:40:55 Image size of job updated: 283412
...
006 (1754954.000.000) 11/15 11:45:55 Image size of job updated: 322028
...
006 (1754954.000.000) 11/15 11:50:55 Image size of job updated: 327268
...
006 (1754954.000.000) 11/15 11:55:55 Image size of job updated: 328292
...
006 (1754954.000.000) 11/15 12:05:57 Image size of job updated: 330340
...
006 (1754954.000.000) 11/15 12:10:58 Image size of job updated: 333072
...
006 (1754954.000.000) 11/15 12:15:59 Image size of job updated: 336144
...
006 (1754954.000.000) 11/15 12:21:00 Image size of job updated: 337168
...
006 (1754954.000.000) 11/15 12:31:02 Image size of job updated: 338192
...
006 (1754954.000.000) 11/15 12:36:03 Image size of job updated: 339216
...
006 (1754954.000.000) 11/15 12:46:05 Image size of job updated: 340240
...
006 (1754954.000.000) 11/15 13:11:10 Image size of job updated: 341264
...
006 (1754954.000.000) 11/15 13:21:12 Image size of job updated: 342288
...
006 (1754954.000.000) 11/15 13:31:14 Image size of job updated: 343312
...
006 (1754954.000.000) 11/15 14:11:22 Image size of job updated: 344336
...
005 (1754954.000.000) 11/15 14:14:24 Job terminated.
	(1) Normal termination (return value 0)
		Usr 0 02:10:10, Sys 0 00:01:05  -  Run Remote Usage
		Usr 0 00:00:00, Sys 0 00:00:00  -  Run Local Usage
		Usr 0 02:10:10, Sys 0 00:01:05  -  Total Remote Usage
		Usr 0 00:00:00, Sys 0 00:00:00  -  Total Local Usage
	0  -  Run Bytes Sent By Job
	0  -  Run Bytes Received By Job
	0  -  Total Bytes Sent By Job
	0  -  Total Bytes Received By Job
...
