000 (1753638.000.000) 11/14 02:16:08 Job submitted from host: <130.199.206.69:49450>
...
001 (1753638.000.000) 11/14 07:55:45 Job executing on host: <130.199.180.169:46641>
...
006 (1753638.000.000) 11/14 08:00:53 Image size of job updated: 284156
...
006 (1753638.000.000) 11/14 08:05:53 Image size of job updated: 286048
...
006 (1753638.000.000) 11/14 08:10:53 Image size of job updated: 286444
...
006 (1753638.000.000) 11/14 08:30:53 Image size of job updated: 287344
...
006 (1753638.000.000) 11/14 08:35:53 Image size of job updated: 287576
...
006 (1753638.000.000) 11/14 08:40:53 Image size of job updated: 290572
...
006 (1753638.000.000) 11/14 08:45:53 Image size of job updated: 290808
...
006 (1753638.000.000) 11/14 09:10:53 Image size of job updated: 294428
...
006 (1753638.000.000) 11/14 09:15:53 Image size of job updated: 294816
...
006 (1753638.000.000) 11/14 09:20:53 Image size of job updated: 296212
...
006 (1753638.000.000) 11/14 09:30:53 Image size of job updated: 316336
...
006 (1753638.000.000) 11/14 09:35:53 Image size of job updated: 330672
...
006 (1753638.000.000) 11/14 09:40:53 Image size of job updated: 336988
...
006 (1753638.000.000) 11/14 09:45:53 Image size of job updated: 342108
...
006 (1753638.000.000) 11/14 09:50:53 Image size of job updated: 343132
...
006 (1753638.000.000) 11/14 10:05:53 Image size of job updated: 345180
...
006 (1753638.000.000) 11/14 10:10:53 Image size of job updated: 346204
...
006 (1753638.000.000) 11/14 10:40:58 Image size of job updated: 348252
...
005 (1753638.000.000) 11/14 10:53:53 Job terminated.
	(1) Normal termination (return value 0)
		Usr 0 02:35:54, Sys 0 00:01:34  -  Run Remote Usage
		Usr 0 00:00:00, Sys 0 00:00:00  -  Run Local Usage
		Usr 0 02:35:54, Sys 0 00:01:34  -  Total Remote Usage
		Usr 0 00:00:00, Sys 0 00:00:00  -  Total Local Usage
	0  -  Run Bytes Sent By Job
	0  -  Run Bytes Received By Job
	0  -  Total Bytes Sent By Job
	0  -  Total Bytes Received By Job
...
