000 (1754936.000.000) 11/14 02:19:27 Job submitted from host: <130.199.206.69:49450>
...
001 (1754936.000.000) 11/15 13:24:30 Job executing on host: <130.199.180.173:34638>
...
006 (1754936.000.000) 11/15 13:29:38 Image size of job updated: 284640
...
006 (1754936.000.000) 11/15 13:34:38 Image size of job updated: 285660
...
006 (1754936.000.000) 11/15 13:39:38 Image size of job updated: 287540
...
006 (1754936.000.000) 11/15 13:44:38 Image size of job updated: 288276
...
006 (1754936.000.000) 11/15 13:54:38 Image size of job updated: 290084
...
006 (1754936.000.000) 11/15 13:59:38 Image size of job updated: 290280
...
006 (1754936.000.000) 11/15 14:04:38 Image size of job updated: 291900
...
006 (1754936.000.000) 11/15 14:09:38 Image size of job updated: 291960
...
006 (1754936.000.000) 11/15 14:14:38 Image size of job updated: 292524
...
006 (1754936.000.000) 11/15 14:29:38 Image size of job updated: 299128
...
006 (1754936.000.000) 11/15 14:34:38 Image size of job updated: 325752
...
006 (1754936.000.000) 11/15 14:39:38 Image size of job updated: 331896
...
006 (1754936.000.000) 11/15 14:44:38 Image size of job updated: 337016
...
006 (1754936.000.000) 11/15 14:49:38 Image size of job updated: 338040
...
006 (1754936.000.000) 11/15 14:54:38 Image size of job updated: 339064
...
005 (1754936.000.000) 11/15 15:06:55 Job terminated.
	(1) Normal termination (return value 0)
		Usr 0 01:14:21, Sys 0 00:00:50  -  Run Remote Usage
		Usr 0 00:00:00, Sys 0 00:00:00  -  Run Local Usage
		Usr 0 01:14:21, Sys 0 00:00:50  -  Total Remote Usage
		Usr 0 00:00:00, Sys 0 00:00:00  -  Total Local Usage
	0  -  Run Bytes Sent By Job
	0  -  Run Bytes Received By Job
	0  -  Total Bytes Sent By Job
	0  -  Total Bytes Received By Job
...
