000 (1754312.000.000) 11/14 02:18:07 Job submitted from host: <130.199.206.69:49450>
...
001 (1754312.000.000) 11/14 05:20:45 Job executing on host: <130.199.180.157:54764>
...
006 (1754312.000.000) 11/14 05:20:53 Image size of job updated: 174352
...
006 (1754312.000.000) 11/14 05:25:53 Image size of job updated: 284140
...
006 (1754312.000.000) 11/14 05:35:53 Image size of job updated: 292072
...
006 (1754312.000.000) 11/14 05:40:53 Image size of job updated: 315624
...
006 (1754312.000.000) 11/14 05:45:53 Image size of job updated: 327912
...
006 (1754312.000.000) 11/14 05:50:53 Image size of job updated: 328936
...
006 (1754312.000.000) 11/14 05:55:53 Image size of job updated: 332008
...
006 (1754312.000.000) 11/14 06:05:53 Image size of job updated: 338160
...
006 (1754312.000.000) 11/14 06:10:53 Image size of job updated: 339184
...
006 (1754312.000.000) 11/14 06:15:53 Image size of job updated: 340208
...
006 (1754312.000.000) 11/14 06:25:53 Image size of job updated: 341232
...
006 (1754312.000.000) 11/14 06:45:53 Image size of job updated: 342256
...
006 (1754312.000.000) 11/14 06:50:53 Image size of job updated: 343280
...
006 (1754312.000.000) 11/14 07:36:02 Image size of job updated: 344304
...
006 (1754312.000.000) 11/14 08:06:08 Image size of job updated: 344624
...
006 (1754312.000.000) 11/14 08:11:09 Image size of job updated: 346196
...
006 (1754312.000.000) 11/14 08:26:12 Image size of job updated: 346992
...
006 (1754312.000.000) 11/14 08:36:14 Image size of job updated: 348216
...
006 (1754312.000.000) 11/14 09:06:20 Image size of job updated: 348336
...
006 (1754312.000.000) 11/14 09:16:22 Image size of job updated: 348360
...
006 (1754312.000.000) 11/14 09:26:24 Image size of job updated: 349036
...
005 (1754312.000.000) 11/14 09:36:29 Job terminated.
	(1) Normal termination (return value 0)
		Usr 0 03:45:53, Sys 0 00:02:01  -  Run Remote Usage
		Usr 0 00:00:00, Sys 0 00:00:00  -  Run Local Usage
		Usr 0 03:45:53, Sys 0 00:02:01  -  Total Remote Usage
		Usr 0 00:00:00, Sys 0 00:00:00  -  Total Local Usage
	0  -  Run Bytes Sent By Job
	0  -  Run Bytes Received By Job
	0  -  Total Bytes Sent By Job
	0  -  Total Bytes Received By Job
...
