000 (1754004.000.000) 11/14 02:17:22 Job submitted from host: <130.199.206.69:49450>
...
001 (1754004.000.000) 11/14 08:27:17 Job executing on host: <130.199.180.157:54764>
...
006 (1754004.000.000) 11/14 08:32:25 Image size of job updated: 284560
...
006 (1754004.000.000) 11/14 08:37:25 Image size of job updated: 287468
...
006 (1754004.000.000) 11/14 08:52:25 Image size of job updated: 288084
...
006 (1754004.000.000) 11/14 08:57:25 Image size of job updated: 288648
...
006 (1754004.000.000) 11/14 09:07:25 Image size of job updated: 288664
...
006 (1754004.000.000) 11/14 09:12:25 Image size of job updated: 290260
...
006 (1754004.000.000) 11/14 09:17:25 Image size of job updated: 290764
...
006 (1754004.000.000) 11/14 09:27:26 Image size of job updated: 291280
...
006 (1754004.000.000) 11/14 09:32:27 Image size of job updated: 292756
...
006 (1754004.000.000) 11/14 09:37:28 Image size of job updated: 292904
...
006 (1754004.000.000) 11/14 09:47:30 Image size of job updated: 316320
...
006 (1754004.000.000) 11/14 09:52:31 Image size of job updated: 323488
...
006 (1754004.000.000) 11/14 09:57:32 Image size of job updated: 334752
...
006 (1754004.000.000) 11/14 10:02:33 Image size of job updated: 336800
...
006 (1754004.000.000) 11/14 10:17:36 Image size of job updated: 337824
...
006 (1754004.000.000) 11/14 10:27:45 Image size of job updated: 338336
...
006 (1754004.000.000) 11/14 10:32:39 Image size of job updated: 339360
...
006 (1754004.000.000) 11/14 10:37:40 Image size of job updated: 340384
...
006 (1754004.000.000) 11/14 10:47:42 Image size of job updated: 341408
...
006 (1754004.000.000) 11/14 11:07:46 Image size of job updated: 342432
...
006 (1754004.000.000) 11/14 11:22:48 Image size of job updated: 343456
...
005 (1754004.000.000) 11/14 11:39:36 Job terminated.
	(1) Normal termination (return value 0)
		Usr 0 02:49:20, Sys 0 00:01:53  -  Run Remote Usage
		Usr 0 00:00:00, Sys 0 00:00:00  -  Run Local Usage
		Usr 0 02:49:20, Sys 0 00:01:53  -  Total Remote Usage
		Usr 0 00:00:00, Sys 0 00:00:00  -  Total Local Usage
	0  -  Run Bytes Sent By Job
	0  -  Run Bytes Received By Job
	0  -  Total Bytes Sent By Job
	0  -  Total Bytes Received By Job
...
