000 (1753711.000.000) 11/14 02:16:28 Job submitted from host: <130.199.206.69:49450>
...
001 (1753711.000.000) 11/14 07:20:56 Job executing on host: <130.199.183.28:53536>
...
006 (1753711.000.000) 11/14 07:21:05 Image size of job updated: 158504
...
006 (1753711.000.000) 11/14 07:26:06 Image size of job updated: 284856
...
006 (1753711.000.000) 11/14 07:31:07 Image size of job updated: 285048
...
006 (1753711.000.000) 11/14 07:36:08 Image size of job updated: 287264
...
006 (1753711.000.000) 11/14 07:41:09 Image size of job updated: 287344
...
006 (1753711.000.000) 11/14 07:51:11 Image size of job updated: 287708
...
006 (1753711.000.000) 11/14 08:06:14 Image size of job updated: 287860
...
006 (1753711.000.000) 11/14 08:11:15 Image size of job updated: 288672
...
006 (1753711.000.000) 11/14 08:16:16 Image size of job updated: 290168
...
006 (1753711.000.000) 11/14 08:21:17 Image size of job updated: 290664
...
006 (1753711.000.000) 11/14 08:26:18 Image size of job updated: 291964
...
006 (1753711.000.000) 11/14 08:56:24 Image size of job updated: 291992
...
006 (1753711.000.000) 11/14 09:01:25 Image size of job updated: 292860
...
006 (1753711.000.000) 11/14 09:16:28 Image size of job updated: 293856
...
006 (1753711.000.000) 11/14 09:21:29 Image size of job updated: 294684
...
006 (1753711.000.000) 11/14 09:51:29 Image size of job updated: 295124
...
006 (1753711.000.000) 11/14 09:56:29 Image size of job updated: 295140
...
006 (1753711.000.000) 11/14 10:21:29 Image size of job updated: 295376
...
006 (1753711.000.000) 11/14 10:26:29 Image size of job updated: 295692
...
006 (1753711.000.000) 11/14 10:31:29 Image size of job updated: 296216
...
006 (1753711.000.000) 11/14 10:56:34 Image size of job updated: 296328
...
006 (1753711.000.000) 11/14 11:01:35 Image size of job updated: 297500
...
005 (1753711.000.000) 11/14 11:14:06 Job terminated.
	(1) Normal termination (return value 0)
		Usr 0 03:32:11, Sys 0 00:01:22  -  Run Remote Usage
		Usr 0 00:00:00, Sys 0 00:00:00  -  Run Local Usage
		Usr 0 03:32:11, Sys 0 00:01:22  -  Total Remote Usage
		Usr 0 00:00:00, Sys 0 00:00:00  -  Total Local Usage
	0  -  Run Bytes Sent By Job
	0  -  Run Bytes Received By Job
	0  -  Total Bytes Sent By Job
	0  -  Total Bytes Received By Job
...
