000 (1753528.000.000) 11/14 02:15:48 Job submitted from host: <130.199.206.69:49450>
...
001 (1753528.000.000) 11/14 02:35:50 Job executing on host: <130.199.180.163:49954>
...
006 (1753528.000.000) 11/14 02:35:59 Image size of job updated: 208324
...
006 (1753528.000.000) 11/14 02:41:00 Image size of job updated: 285728
...
006 (1753528.000.000) 11/14 02:51:10 Image size of job updated: 288024
...
006 (1753528.000.000) 11/14 02:56:03 Image size of job updated: 288624
...
006 (1753528.000.000) 11/14 03:06:05 Image size of job updated: 291076
...
006 (1753528.000.000) 11/14 03:11:06 Image size of job updated: 293632
...
006 (1753528.000.000) 11/14 03:16:07 Image size of job updated: 294484
...
006 (1753528.000.000) 11/14 04:16:19 Image size of job updated: 332796
...
006 (1753528.000.000) 11/14 04:21:20 Image size of job updated: 334776
...
006 (1753528.000.000) 11/14 04:26:21 Image size of job updated: 336824
...
006 (1753528.000.000) 11/14 04:31:22 Image size of job updated: 339896
...
006 (1753528.000.000) 11/14 04:41:24 Image size of job updated: 341944
...
006 (1753528.000.000) 11/14 04:51:26 Image size of job updated: 342924
...
005 (1753528.000.000) 11/14 04:53:20 Job terminated.
	(1) Normal termination (return value 0)
		Usr 0 01:48:58, Sys 0 00:01:02  -  Run Remote Usage
		Usr 0 00:00:00, Sys 0 00:00:00  -  Run Local Usage
		Usr 0 01:48:58, Sys 0 00:01:02  -  Total Remote Usage
		Usr 0 00:00:00, Sys 0 00:00:00  -  Total Local Usage
	0  -  Run Bytes Sent By Job
	0  -  Run Bytes Received By Job
	0  -  Total Bytes Sent By Job
	0  -  Total Bytes Received By Job
...
