000 (1753373.000.000) 11/14 02:14:53 Job submitted from host: <130.199.206.69:49450>
...
001 (1753373.000.000) 11/14 05:16:25 Job executing on host: <130.199.180.170:47912>
...
006 (1753373.000.000) 11/14 05:21:33 Image size of job updated: 283208
...
006 (1753373.000.000) 11/14 05:26:33 Image size of job updated: 285020
...
006 (1753373.000.000) 11/14 05:36:33 Image size of job updated: 285196
...
006 (1753373.000.000) 11/14 05:41:33 Image size of job updated: 289184
...
006 (1753373.000.000) 11/14 05:51:33 Image size of job updated: 289656
...
006 (1753373.000.000) 11/14 05:56:33 Image size of job updated: 290596
...
006 (1753373.000.000) 11/14 06:01:33 Image size of job updated: 292084
...
006 (1753373.000.000) 11/14 06:06:33 Image size of job updated: 293000
...
006 (1753373.000.000) 11/14 06:16:33 Image size of job updated: 293920
...
006 (1753373.000.000) 11/14 06:21:33 Image size of job updated: 294284
...
006 (1753373.000.000) 11/14 06:26:33 Image size of job updated: 294636
...
005 (1753373.000.000) 11/14 06:38:21 Job terminated.
	(1) Normal termination (return value 0)
		Usr 0 01:15:49, Sys 0 00:00:35  -  Run Remote Usage
		Usr 0 00:00:00, Sys 0 00:00:00  -  Run Local Usage
		Usr 0 01:15:49, Sys 0 00:00:35  -  Total Remote Usage
		Usr 0 00:00:00, Sys 0 00:00:00  -  Total Local Usage
	0  -  Run Bytes Sent By Job
	0  -  Run Bytes Received By Job
	0  -  Total Bytes Sent By Job
	0  -  Total Bytes Received By Job
...
