000 (1755074.000.000) 11/14 02:19:46 Job submitted from host: <130.199.206.69:49450>
...
001 (1755074.000.000) 11/15 11:52:01 Job executing on host: <130.199.180.145:42379>
...
006 (1755074.000.000) 11/15 11:52:10 Image size of job updated: 8680
...
006 (1755074.000.000) 11/15 11:57:11 Image size of job updated: 186236
...
006 (1755074.000.000) 11/15 12:02:12 Image size of job updated: 192788
...
006 (1755074.000.000) 11/15 12:07:13 Image size of job updated: 285144
...
006 (1755074.000.000) 11/15 12:12:14 Image size of job updated: 285780
...
006 (1755074.000.000) 11/15 12:17:15 Image size of job updated: 287120
...
006 (1755074.000.000) 11/15 12:22:16 Image size of job updated: 287724
...
006 (1755074.000.000) 11/15 12:27:17 Image size of job updated: 290264
...
006 (1755074.000.000) 11/15 12:32:18 Image size of job updated: 291324
...
006 (1755074.000.000) 11/15 12:47:21 Image size of job updated: 291580
...
005 (1755074.000.000) 11/15 13:00:22 Job terminated.
	(1) Normal termination (return value 0)
		Usr 0 00:52:35, Sys 0 00:00:25  -  Run Remote Usage
		Usr 0 00:00:00, Sys 0 00:00:00  -  Run Local Usage
		Usr 0 00:52:35, Sys 0 00:00:25  -  Total Remote Usage
		Usr 0 00:00:00, Sys 0 00:00:00  -  Total Local Usage
	0  -  Run Bytes Sent By Job
	0  -  Run Bytes Received By Job
	0  -  Total Bytes Sent By Job
	0  -  Total Bytes Received By Job
...
000 (1798253.000.000) 11/18 15:19:54 Job submitted from host: <130.199.206.69:49450>
...
001 (1798253.000.000) 11/18 15:28:11 Job executing on host: <130.199.183.12:47839>
...
006 (1798253.000.000) 11/18 15:28:20 Image size of job updated: 214420
...
006 (1798253.000.000) 11/18 15:33:21 Image size of job updated: 332804
...
006 (1798253.000.000) 11/19 05:09:04 Image size of job updated: 337532
...
006 (1798253.000.000) 11/19 05:19:04 Image size of job updated: 338556
...
006 (1798253.000.000) 11/19 05:24:04 Image size of job updated: 339580
...
006 (1798253.000.000) 11/19 05:29:04 Image size of job updated: 340604
...
006 (1798253.000.000) 11/19 05:34:04 Image size of job updated: 342656
...
006 (1798253.000.000) 11/19 05:59:04 Image size of job updated: 343680
...
006 (1798253.000.000) 11/19 06:14:04 Image size of job updated: 345732
...
006 (1798253.000.000) 11/19 06:24:04 Image size of job updated: 347780
...
005 (1798253.000.000) 11/19 06:36:05 Job terminated.
	(1) Normal termination (return value 0)
		Usr 0 01:52:48, Sys 0 00:00:57  -  Run Remote Usage
		Usr 0 00:00:00, Sys 0 00:00:00  -  Run Local Usage
		Usr 0 01:52:48, Sys 0 00:00:57  -  Total Remote Usage
		Usr 0 00:00:00, Sys 0 00:00:00  -  Total Local Usage
	0  -  Run Bytes Sent By Job
	0  -  Run Bytes Received By Job
	0  -  Total Bytes Sent By Job
	0  -  Total Bytes Received By Job
...
