000 (1753415.000.000) 11/14 02:14:53 Job submitted from host: <130.199.206.69:49450>
...
001 (1753415.000.000) 11/14 05:18:54 Job executing on host: <130.199.180.139:35175>
...
006 (1753415.000.000) 11/14 05:19:02 Image size of job updated: 174168
...
006 (1753415.000.000) 11/14 05:24:02 Image size of job updated: 284100
...
006 (1753415.000.000) 11/14 05:29:02 Image size of job updated: 286060
...
006 (1753415.000.000) 11/14 05:39:02 Image size of job updated: 286660
...
006 (1753415.000.000) 11/14 05:44:02 Image size of job updated: 286904
...
006 (1753415.000.000) 11/14 05:49:02 Image size of job updated: 287132
...
006 (1753415.000.000) 11/14 05:54:02 Image size of job updated: 287412
...
006 (1753415.000.000) 11/14 05:59:02 Image size of job updated: 288404
...
006 (1753415.000.000) 11/14 06:04:02 Image size of job updated: 288624
...
006 (1753415.000.000) 11/14 06:09:02 Image size of job updated: 290216
...
006 (1753415.000.000) 11/14 06:29:02 Image size of job updated: 290504
...
006 (1753415.000.000) 11/14 06:39:02 Image size of job updated: 291340
...
006 (1753415.000.000) 11/14 06:49:03 Image size of job updated: 291560
...
006 (1753415.000.000) 11/14 06:54:04 Image size of job updated: 295944
...
006 (1753415.000.000) 11/14 06:59:05 Image size of job updated: 318472
...
006 (1753415.000.000) 11/14 07:04:06 Image size of job updated: 325640
...
006 (1753415.000.000) 11/14 07:09:07 Image size of job updated: 334860
...
006 (1753415.000.000) 11/14 07:14:08 Image size of job updated: 339264
...
006 (1753415.000.000) 11/14 07:19:09 Image size of job updated: 340288
...
006 (1753415.000.000) 11/14 07:24:10 Image size of job updated: 341312
...
006 (1753415.000.000) 11/14 07:34:12 Image size of job updated: 343360
...
006 (1753415.000.000) 11/14 07:39:13 Image size of job updated: 344384
...
006 (1753415.000.000) 11/14 08:34:24 Image size of job updated: 345408
...
006 (1753415.000.000) 11/14 08:54:28 Image size of job updated: 346432
...
005 (1753415.000.000) 11/14 09:28:47 Job terminated.
	(1) Normal termination (return value 0)
		Usr 0 03:36:14, Sys 0 00:01:59  -  Run Remote Usage
		Usr 0 00:00:00, Sys 0 00:00:00  -  Run Local Usage
		Usr 0 03:36:14, Sys 0 00:01:59  -  Total Remote Usage
		Usr 0 00:00:00, Sys 0 00:00:00  -  Total Local Usage
	0  -  Run Bytes Sent By Job
	0  -  Run Bytes Received By Job
	0  -  Total Bytes Sent By Job
	0  -  Total Bytes Received By Job
...
