000 (1754650.000.000) 11/14 02:18:46 Job submitted from host: <130.199.206.69:49450>
...
001 (1754650.000.000) 11/14 05:47:42 Job executing on host: <130.199.180.168:57296>
...
006 (1754650.000.000) 11/14 05:47:50 Image size of job updated: 150048
...
006 (1754650.000.000) 11/14 05:52:50 Image size of job updated: 286232
...
006 (1754650.000.000) 11/14 05:57:50 Image size of job updated: 316564
...
006 (1754650.000.000) 11/14 06:02:50 Image size of job updated: 322708
...
006 (1754650.000.000) 11/14 06:07:50 Image size of job updated: 332952
...
006 (1754650.000.000) 11/14 06:12:50 Image size of job updated: 335000
...
006 (1754650.000.000) 11/14 06:22:50 Image size of job updated: 337048
...
006 (1754650.000.000) 11/14 06:32:51 Image size of job updated: 338072
...
006 (1754650.000.000) 11/14 06:37:52 Image size of job updated: 339096
...
006 (1754650.000.000) 11/14 06:47:54 Image size of job updated: 340120
...
006 (1754650.000.000) 11/14 06:52:55 Image size of job updated: 341144
...
006 (1754650.000.000) 11/14 06:57:56 Image size of job updated: 343192
...
006 (1754650.000.000) 11/14 07:18:00 Image size of job updated: 344216
...
006 (1754650.000.000) 11/14 07:28:02 Image size of job updated: 345240
...
005 (1754650.000.000) 11/14 07:31:58 Job terminated.
	(1) Normal termination (return value 0)
		Usr 0 01:33:02, Sys 0 00:01:07  -  Run Remote Usage
		Usr 0 00:00:00, Sys 0 00:00:00  -  Run Local Usage
		Usr 0 01:33:02, Sys 0 00:01:07  -  Total Remote Usage
		Usr 0 00:00:00, Sys 0 00:00:00  -  Total Local Usage
	0  -  Run Bytes Sent By Job
	0  -  Run Bytes Received By Job
	0  -  Total Bytes Sent By Job
	0  -  Total Bytes Received By Job
...
