000 (1753839.000.000) 11/14 02:16:47 Job submitted from host: <130.199.206.69:49450>
...
001 (1753839.000.000) 11/14 04:36:30 Job executing on host: <130.199.206.226:33884>
...
006 (1753839.000.000) 11/14 04:36:38 Image size of job updated: 245520
...
006 (1753839.000.000) 11/14 04:41:38 Image size of job updated: 286364
...
006 (1753839.000.000) 11/14 04:46:38 Image size of job updated: 286944
...
006 (1753839.000.000) 11/14 04:51:38 Image size of job updated: 288196
...
006 (1753839.000.000) 11/14 05:01:38 Image size of job updated: 291276
...
006 (1753839.000.000) 11/14 05:06:38 Image size of job updated: 319896
...
006 (1753839.000.000) 11/14 05:11:38 Image size of job updated: 340504
...
006 (1753839.000.000) 11/14 05:16:38 Image size of job updated: 341528
...
006 (1753839.000.000) 11/14 05:26:38 Image size of job updated: 343540
...
006 (1753839.000.000) 11/14 05:51:38 Image size of job updated: 344564
...
006 (1753839.000.000) 11/14 05:56:38 Image size of job updated: 345588
...
006 (1753839.000.000) 11/14 06:11:38 Image size of job updated: 346612
...
006 (1753839.000.000) 11/14 06:41:38 Image size of job updated: 347636
...
006 (1753839.000.000) 11/14 06:46:38 Image size of job updated: 348660
...
005 (1753839.000.000) 11/14 06:56:50 Job terminated.
	(1) Normal termination (return value 0)
		Usr 0 02:05:06, Sys 0 00:00:30  -  Run Remote Usage
		Usr 0 00:00:00, Sys 0 00:00:00  -  Run Local Usage
		Usr 0 02:05:06, Sys 0 00:00:30  -  Total Remote Usage
		Usr 0 00:00:00, Sys 0 00:00:00  -  Total Local Usage
	0  -  Run Bytes Sent By Job
	0  -  Run Bytes Received By Job
	0  -  Total Bytes Sent By Job
	0  -  Total Bytes Received By Job
...
