000 (1755138.000.000) 11/14 02:19:46 Job submitted from host: <130.199.206.69:49450>
...
001 (1755138.000.000) 11/15 17:31:17 Job executing on host: <130.199.206.201:40741>
...
006 (1755138.000.000) 11/15 17:36:25 Image size of job updated: 284156
...
006 (1755138.000.000) 11/15 17:41:25 Image size of job updated: 285456
...
006 (1755138.000.000) 11/15 17:46:25 Image size of job updated: 289280
...
006 (1755138.000.000) 11/15 17:51:25 Image size of job updated: 291276
...
006 (1755138.000.000) 11/15 17:56:25 Image size of job updated: 294400
...
006 (1755138.000.000) 11/15 18:01:25 Image size of job updated: 294904
...
006 (1755138.000.000) 11/15 18:11:25 Image size of job updated: 295536
...
006 (1755138.000.000) 11/15 18:31:25 Image size of job updated: 296232
...
006 (1755138.000.000) 11/15 18:36:25 Image size of job updated: 297412
...
006 (1755138.000.000) 11/15 18:41:25 Image size of job updated: 299364
...
005 (1755138.000.000) 11/15 19:01:12 Job terminated.
	(1) Normal termination (return value 0)
		Usr 0 01:16:25, Sys 0 00:00:24  -  Run Remote Usage
		Usr 0 00:00:00, Sys 0 00:00:00  -  Run Local Usage
		Usr 0 01:16:25, Sys 0 00:00:24  -  Total Remote Usage
		Usr 0 00:00:00, Sys 0 00:00:00  -  Total Local Usage
	0  -  Run Bytes Sent By Job
	0  -  Run Bytes Received By Job
	0  -  Total Bytes Sent By Job
	0  -  Total Bytes Received By Job
...
