000 (1754642.000.000) 11/14 02:18:46 Job submitted from host: <130.199.206.69:49450>
...
001 (1754642.000.000) 11/14 05:42:52 Job executing on host: <130.199.183.4:60279>
...
006 (1754642.000.000) 11/14 05:43:01 Image size of job updated: 208088
...
006 (1754642.000.000) 11/14 05:48:02 Image size of job updated: 284868
...
006 (1754642.000.000) 11/14 05:53:03 Image size of job updated: 285836
...
006 (1754642.000.000) 11/14 05:58:04 Image size of job updated: 286588
...
006 (1754642.000.000) 11/14 06:03:05 Image size of job updated: 286956
...
006 (1754642.000.000) 11/14 06:18:08 Image size of job updated: 288044
...
006 (1754642.000.000) 11/14 06:23:09 Image size of job updated: 288252
...
006 (1754642.000.000) 11/14 06:28:10 Image size of job updated: 288760
...
006 (1754642.000.000) 11/14 06:33:11 Image size of job updated: 290788
...
006 (1754642.000.000) 11/14 06:53:15 Image size of job updated: 291588
...
006 (1754642.000.000) 11/14 07:03:17 Image size of job updated: 291960
...
006 (1754642.000.000) 11/14 07:28:22 Image size of job updated: 292536
...
006 (1754642.000.000) 11/14 07:38:24 Image size of job updated: 293260
...
006 (1754642.000.000) 11/14 07:43:25 Image size of job updated: 293584
...
006 (1754642.000.000) 11/14 07:48:26 Image size of job updated: 297044
...
006 (1754642.000.000) 11/14 08:03:29 Image size of job updated: 297824
...
006 (1754642.000.000) 11/14 08:08:30 Image size of job updated: 298100
...
006 (1754642.000.000) 11/14 08:13:31 Image size of job updated: 298400
...
005 (1754642.000.000) 11/14 08:21:08 Job terminated.
	(1) Normal termination (return value 0)
		Usr 0 02:25:23, Sys 0 00:00:55  -  Run Remote Usage
		Usr 0 00:00:00, Sys 0 00:00:00  -  Run Local Usage
		Usr 0 02:25:23, Sys 0 00:00:55  -  Total Remote Usage
		Usr 0 00:00:00, Sys 0 00:00:00  -  Total Local Usage
	0  -  Run Bytes Sent By Job
	0  -  Run Bytes Received By Job
	0  -  Total Bytes Sent By Job
	0  -  Total Bytes Received By Job
...
