000 (1754523.000.000) 11/14 02:18:34 Job submitted from host: <130.199.206.69:49450>
...
001 (1754523.000.000) 11/14 05:32:02 Job executing on host: <130.199.180.166:41628>
...
006 (1754523.000.000) 11/14 05:32:11 Image size of job updated: 17400
...
006 (1754523.000.000) 11/14 05:37:12 Image size of job updated: 282900
...
006 (1754523.000.000) 11/14 05:42:13 Image size of job updated: 283892
...
006 (1754523.000.000) 11/14 05:47:14 Image size of job updated: 284384
...
006 (1754523.000.000) 11/14 05:57:16 Image size of job updated: 286940
...
006 (1754523.000.000) 11/14 06:02:17 Image size of job updated: 287720
...
006 (1754523.000.000) 11/14 06:07:18 Image size of job updated: 288296
...
006 (1754523.000.000) 11/14 06:17:20 Image size of job updated: 291940
...
006 (1754523.000.000) 11/14 06:22:21 Image size of job updated: 292592
...
006 (1754523.000.000) 11/14 06:27:22 Image size of job updated: 293100
...
006 (1754523.000.000) 11/14 06:52:27 Image size of job updated: 293280
...
006 (1754523.000.000) 11/14 06:57:28 Image size of job updated: 293328
...
006 (1754523.000.000) 11/14 07:02:29 Image size of job updated: 293936
...
006 (1754523.000.000) 11/14 07:07:30 Image size of job updated: 294664
...
006 (1754523.000.000) 11/14 07:22:33 Image size of job updated: 294684
...
006 (1754523.000.000) 11/14 07:27:34 Image size of job updated: 294860
...
006 (1754523.000.000) 11/14 07:32:35 Image size of job updated: 294936
...
006 (1754523.000.000) 11/14 07:42:37 Image size of job updated: 296220
...
005 (1754523.000.000) 11/14 08:00:29 Job terminated.
	(1) Normal termination (return value 0)
		Usr 0 02:17:22, Sys 0 00:00:55  -  Run Remote Usage
		Usr 0 00:00:00, Sys 0 00:00:00  -  Run Local Usage
		Usr 0 02:17:22, Sys 0 00:00:55  -  Total Remote Usage
		Usr 0 00:00:00, Sys 0 00:00:00  -  Total Local Usage
	0  -  Run Bytes Sent By Job
	0  -  Run Bytes Received By Job
	0  -  Total Bytes Sent By Job
	0  -  Total Bytes Received By Job
...
000 (1798270.000.000) 11/18 15:19:54 Job submitted from host: <130.199.206.69:49450>
...
001 (1798270.000.000) 11/18 15:29:22 Job executing on host: <130.199.206.171:55916>
...
006 (1798270.000.000) 11/18 15:29:30 Image size of job updated: 127908
...
006 (1798270.000.000) 11/18 15:34:30 Image size of job updated: 173780
...
006 (1798270.000.000) 11/18 15:39:30 Image size of job updated: 188832
...
006 (1798270.000.000) 11/18 15:44:30 Image size of job updated: 192832
...
006 (1798270.000.000) 11/18 15:49:30 Image size of job updated: 282664
...
006 (1798270.000.000) 11/18 15:54:30 Image size of job updated: 284280
...
006 (1798270.000.000) 11/18 16:04:30 Image size of job updated: 329060
...
006 (1798270.000.000) 11/18 16:09:30 Image size of job updated: 330084
...
006 (1798270.000.000) 11/18 16:14:30 Image size of job updated: 333432
...
006 (1798270.000.000) 11/18 16:19:30 Image size of job updated: 335480
...
006 (1798270.000.000) 11/18 16:24:30 Image size of job updated: 338552
...
009 (1798270.000.000) 11/19 09:58:29 Job was aborted by the user.
	The job attribute PeriodicRemove expression '(NumJobStarts >= 1 && JobStatus == 1) || (JobStatus == 2 && (CurrentTime - JobCurrentStartDate > (54000)) && ((RemoteUserCpu + RemoteSysCpu) / (CurrentTime - JobCurrentStartDate) < 0.100000)) || (((CurrentTime - EnteredCurrentStatus) > (2 * 24 * 3600)) && JobStatus == 5) || (JobRunCount >= 1 && JobStatus == 1)' evaluated to TRUE
...
000 (1804766.000.000) 11/21 22:32:12 Job submitted from host: <130.199.206.69:49450>
...
001 (1804766.000.000) 11/22 01:23:43 Job executing on host: <130.199.180.161:55770>
...
006 (1804766.000.000) 11/22 01:23:52 Image size of job updated: 72604
...
006 (1804766.000.000) 11/22 01:28:53 Image size of job updated: 282972
...
006 (1804766.000.000) 11/22 01:33:54 Image size of job updated: 284312
...
006 (1804766.000.000) 11/22 01:43:56 Image size of job updated: 286620
...
006 (1804766.000.000) 11/22 01:48:57 Image size of job updated: 287648
...
006 (1804766.000.000) 11/22 01:53:58 Image size of job updated: 288244
...
006 (1804766.000.000) 11/22 01:58:59 Image size of job updated: 288488
...
006 (1804766.000.000) 11/22 02:04:00 Image size of job updated: 289120
...
006 (1804766.000.000) 11/22 02:09:01 Image size of job updated: 292188
...
006 (1804766.000.000) 11/22 02:14:02 Image size of job updated: 292228
...
006 (1804766.000.000) 11/22 02:19:03 Image size of job updated: 292328
...
006 (1804766.000.000) 11/22 02:24:04 Image size of job updated: 292372
...
006 (1804766.000.000) 11/22 02:39:07 Image size of job updated: 292868
...
006 (1804766.000.000) 11/22 02:44:08 Image size of job updated: 294160
...
006 (1804766.000.000) 11/22 02:49:09 Image size of job updated: 294164
...
006 (1804766.000.000) 11/22 02:59:11 Image size of job updated: 294240
...
006 (1804766.000.000) 11/22 03:14:14 Image size of job updated: 294444
...
006 (1804766.000.000) 11/22 03:19:15 Image size of job updated: 294524
...
006 (1804766.000.000) 11/22 03:24:16 Image size of job updated: 294728
...
006 (1804766.000.000) 11/22 03:29:17 Image size of job updated: 295068
...
006 (1804766.000.000) 11/22 03:34:18 Image size of job updated: 295248
...
006 (1804766.000.000) 11/22 03:49:19 Image size of job updated: 295660
...
006 (1804766.000.000) 11/22 03:54:19 Image size of job updated: 295832
...
006 (1804766.000.000) 11/22 04:19:19 Image size of job updated: 295884
...
006 (1804766.000.000) 11/22 04:29:19 Image size of job updated: 295984
...
006 (1804766.000.000) 11/22 04:34:19 Image size of job updated: 296160
...
006 (1804766.000.000) 11/22 04:44:19 Image size of job updated: 296236
...
005 (1804766.000.000) 11/22 04:54:11 Job terminated.
	(1) Normal termination (return value 0)
		Usr 0 03:06:06, Sys 0 00:01:36  -  Run Remote Usage
		Usr 0 00:00:00, Sys 0 00:00:00  -  Run Local Usage
		Usr 0 03:06:06, Sys 0 00:01:36  -  Total Remote Usage
		Usr 0 00:00:00, Sys 0 00:00:00  -  Total Local Usage
	0  -  Run Bytes Sent By Job
	0  -  Run Bytes Received By Job
	0  -  Total Bytes Sent By Job
	0  -  Total Bytes Received By Job
...
