000 (1754868.000.000) 11/14 02:19:12 Job submitted from host: <130.199.206.69:49450>
...
001 (1754868.000.000) 11/15 10:41:51 Job executing on host: <130.199.180.161:59459>
...
006 (1754868.000.000) 11/15 10:41:59 Image size of job updated: 72608
...
006 (1754868.000.000) 11/15 10:46:59 Image size of job updated: 174028
...
006 (1754868.000.000) 11/15 10:51:59 Image size of job updated: 275192
...
006 (1754868.000.000) 11/15 10:56:59 Image size of job updated: 280308
...
006 (1754868.000.000) 11/15 11:01:59 Image size of job updated: 285904
...
006 (1754868.000.000) 11/15 11:06:59 Image size of job updated: 309364
...
006 (1754868.000.000) 11/15 11:11:59 Image size of job updated: 327504
...
006 (1754868.000.000) 11/15 11:16:59 Image size of job updated: 329552
...
005 (1754868.000.000) 11/15 11:23:31 Job terminated.
	(1) Normal termination (return value 0)
		Usr 0 00:30:28, Sys 0 00:00:22  -  Run Remote Usage
		Usr 0 00:00:00, Sys 0 00:00:00  -  Run Local Usage
		Usr 0 00:30:28, Sys 0 00:00:22  -  Total Remote Usage
		Usr 0 00:00:00, Sys 0 00:00:00  -  Total Local Usage
	0  -  Run Bytes Sent By Job
	0  -  Run Bytes Received By Job
	0  -  Total Bytes Sent By Job
	0  -  Total Bytes Received By Job
...
