000 (1754801.000.000) 11/14 02:19:12 Job submitted from host: <130.199.206.69:49450>
...
001 (1754801.000.000) 11/14 09:02:06 Job executing on host: <130.199.180.175:57747>
...
006 (1754801.000.000) 11/14 09:02:15 Image size of job updated: 174140
...
006 (1754801.000.000) 11/14 09:07:16 Image size of job updated: 285080
...
006 (1754801.000.000) 11/14 09:12:17 Image size of job updated: 286348
...
006 (1754801.000.000) 11/14 09:17:18 Image size of job updated: 287204
...
006 (1754801.000.000) 11/14 09:27:20 Image size of job updated: 288880
...
006 (1754801.000.000) 11/14 09:42:23 Image size of job updated: 290524
...
006 (1754801.000.000) 11/14 09:47:24 Image size of job updated: 290692
...
006 (1754801.000.000) 11/14 09:52:25 Image size of job updated: 291948
...
006 (1754801.000.000) 11/14 10:07:28 Image size of job updated: 294480
...
006 (1754801.000.000) 11/14 10:12:29 Image size of job updated: 295180
...
006 (1754801.000.000) 11/14 10:17:30 Image size of job updated: 295228
...
006 (1754801.000.000) 11/14 10:32:33 Image size of job updated: 296144
...
006 (1754801.000.000) 11/14 10:37:34 Image size of job updated: 296172
...
006 (1754801.000.000) 11/14 10:52:37 Image size of job updated: 296384
...
006 (1754801.000.000) 11/14 10:57:38 Image size of job updated: 296432
...
006 (1754801.000.000) 11/14 11:02:39 Image size of job updated: 297056
...
006 (1754801.000.000) 11/14 11:42:47 Image size of job updated: 298076
...
006 (1754801.000.000) 11/14 11:47:48 Image size of job updated: 298964
...
006 (1754801.000.000) 11/14 12:12:53 Image size of job updated: 299340
...
006 (1754801.000.000) 11/14 12:17:54 Image size of job updated: 300688
...
005 (1754801.000.000) 11/14 12:30:40 Job terminated.
	(1) Normal termination (return value 0)
		Usr 0 03:07:44, Sys 0 00:01:29  -  Run Remote Usage
		Usr 0 00:00:00, Sys 0 00:00:00  -  Run Local Usage
		Usr 0 03:07:44, Sys 0 00:01:29  -  Total Remote Usage
		Usr 0 00:00:00, Sys 0 00:00:00  -  Total Local Usage
	0  -  Run Bytes Sent By Job
	0  -  Run Bytes Received By Job
	0  -  Total Bytes Sent By Job
	0  -  Total Bytes Received By Job
...
