000 (1753385.000.000) 11/14 02:14:53 Job submitted from host: <130.199.206.69:49450>
...
001 (1753385.000.000) 11/14 02:30:44 Job executing on host: <130.199.183.12:47839>
...
006 (1753385.000.000) 11/14 02:30:53 Image size of job updated: 145384
...
006 (1753385.000.000) 11/14 02:35:54 Image size of job updated: 285964
...
006 (1753385.000.000) 11/14 02:40:55 Image size of job updated: 286260
...
006 (1753385.000.000) 11/14 02:45:56 Image size of job updated: 287956
...
006 (1753385.000.000) 11/14 02:50:57 Image size of job updated: 288288
...
006 (1753385.000.000) 11/14 02:55:58 Image size of job updated: 288804
...
006 (1753385.000.000) 11/14 03:00:59 Image size of job updated: 289816
...
006 (1753385.000.000) 11/14 03:06:00 Image size of job updated: 290420
...
006 (1753385.000.000) 11/14 03:11:02 Image size of job updated: 291992
...
006 (1753385.000.000) 11/14 03:31:02 Image size of job updated: 292672
...
006 (1753385.000.000) 11/14 03:36:02 Image size of job updated: 293284
...
006 (1753385.000.000) 11/14 03:41:02 Image size of job updated: 293900
...
006 (1753385.000.000) 11/14 03:46:02 Image size of job updated: 295604
...
006 (1753385.000.000) 11/14 03:51:02 Image size of job updated: 296172
...
006 (1753385.000.000) 11/14 04:06:02 Image size of job updated: 297504
...
005 (1753385.000.000) 11/14 04:19:03 Job terminated.
	(1) Normal termination (return value 0)
		Usr 0 01:21:24, Sys 0 00:00:38  -  Run Remote Usage
		Usr 0 00:00:00, Sys 0 00:00:00  -  Run Local Usage
		Usr 0 01:21:24, Sys 0 00:00:38  -  Total Remote Usage
		Usr 0 00:00:00, Sys 0 00:00:00  -  Total Local Usage
	0  -  Run Bytes Sent By Job
	0  -  Run Bytes Received By Job
	0  -  Total Bytes Sent By Job
	0  -  Total Bytes Received By Job
...
