000 (1753912.000.000) 11/14 02:17:04 Job submitted from host: <130.199.206.69:49450>
...
001 (1753912.000.000) 11/14 04:35:43 Job executing on host: <130.199.183.30:49801>
...
006 (1753912.000.000) 11/14 04:35:51 Image size of job updated: 174096
...
006 (1753912.000.000) 11/14 04:40:51 Image size of job updated: 279932
...
006 (1753912.000.000) 11/14 04:45:51 Image size of job updated: 283700
...
006 (1753912.000.000) 11/14 04:50:52 Image size of job updated: 287124
...
006 (1753912.000.000) 11/14 04:55:51 Image size of job updated: 288260
...
006 (1753912.000.000) 11/14 05:00:51 Image size of job updated: 288516
...
006 (1753912.000.000) 11/14 05:05:51 Image size of job updated: 288716
...
006 (1753912.000.000) 11/14 05:10:51 Image size of job updated: 290032
...
006 (1753912.000.000) 11/14 05:15:51 Image size of job updated: 291700
...
005 (1753912.000.000) 11/14 05:18:53 Job terminated.
	(1) Normal termination (return value 0)
		Usr 0 00:38:44, Sys 0 00:00:17  -  Run Remote Usage
		Usr 0 00:00:00, Sys 0 00:00:00  -  Run Local Usage
		Usr 0 00:38:44, Sys 0 00:00:17  -  Total Remote Usage
		Usr 0 00:00:00, Sys 0 00:00:00  -  Total Local Usage
	0  -  Run Bytes Sent By Job
	0  -  Run Bytes Received By Job
	0  -  Total Bytes Sent By Job
	0  -  Total Bytes Received By Job
...
