000 (1753835.000.000) 11/14 02:16:47 Job submitted from host: <130.199.206.69:49450>
...
001 (1753835.000.000) 11/14 08:07:18 Job executing on host: <130.199.180.147:60364>
...
006 (1753835.000.000) 11/14 08:12:26 Image size of job updated: 281820
...
006 (1753835.000.000) 11/14 08:17:26 Image size of job updated: 283748
...
006 (1753835.000.000) 11/14 08:27:26 Image size of job updated: 284300
...
006 (1753835.000.000) 11/14 08:32:26 Image size of job updated: 285656
...
006 (1753835.000.000) 11/14 08:37:26 Image size of job updated: 286484
...
006 (1753835.000.000) 11/14 08:47:26 Image size of job updated: 286584
...
006 (1753835.000.000) 11/14 08:52:26 Image size of job updated: 287832
...
006 (1753835.000.000) 11/14 08:57:26 Image size of job updated: 289716
...
006 (1753835.000.000) 11/14 09:02:26 Image size of job updated: 291016
...
006 (1753835.000.000) 11/14 09:07:27 Image size of job updated: 292464
...
006 (1753835.000.000) 11/14 09:12:28 Image size of job updated: 292488
...
006 (1753835.000.000) 11/14 09:17:29 Image size of job updated: 293680
...
006 (1753835.000.000) 11/14 09:32:32 Image size of job updated: 293832
...
006 (1753835.000.000) 11/14 09:37:33 Image size of job updated: 294028
...
006 (1753835.000.000) 11/14 09:47:35 Image size of job updated: 294668
...
006 (1753835.000.000) 11/14 09:57:37 Image size of job updated: 309084
...
006 (1753835.000.000) 11/14 10:02:38 Image size of job updated: 326492
...
006 (1753835.000.000) 11/14 10:07:39 Image size of job updated: 332636
...
006 (1753835.000.000) 11/14 10:12:40 Image size of job updated: 336732
...
006 (1753835.000.000) 11/14 10:17:41 Image size of job updated: 337756
...
006 (1753835.000.000) 11/14 10:27:43 Image size of job updated: 338780
...
006 (1753835.000.000) 11/14 10:32:44 Image size of job updated: 339804
...
006 (1753835.000.000) 11/14 10:52:48 Image size of job updated: 340404
...
006 (1753835.000.000) 11/14 11:02:50 Image size of job updated: 341428
...
006 (1753835.000.000) 11/14 11:12:52 Image size of job updated: 343476
...
006 (1753835.000.000) 11/14 11:37:57 Image size of job updated: 344500
...
006 (1753835.000.000) 11/14 12:03:02 Image size of job updated: 345524
...
006 (1753835.000.000) 11/14 12:08:03 Image size of job updated: 346548
...
005 (1753835.000.000) 11/14 12:18:42 Job terminated.
	(1) Normal termination (return value 0)
		Usr 0 03:47:08, Sys 0 00:02:30  -  Run Remote Usage
		Usr 0 00:00:00, Sys 0 00:00:00  -  Run Local Usage
		Usr 0 03:47:08, Sys 0 00:02:30  -  Total Remote Usage
		Usr 0 00:00:00, Sys 0 00:00:00  -  Total Local Usage
	0  -  Run Bytes Sent By Job
	0  -  Run Bytes Received By Job
	0  -  Total Bytes Sent By Job
	0  -  Total Bytes Received By Job
...
