000 (1754525.000.000) 11/14 02:18:34 Job submitted from host: <130.199.206.69:49450>
...
001 (1754525.000.000) 11/14 05:36:28 Job executing on host: <130.199.180.148:39203>
...
006 (1754525.000.000) 11/14 05:36:37 Image size of job updated: 280328
...
006 (1754525.000.000) 11/14 05:41:38 Image size of job updated: 286084
...
006 (1754525.000.000) 11/14 05:46:39 Image size of job updated: 286508
...
006 (1754525.000.000) 11/14 05:51:40 Image size of job updated: 287420
...
006 (1754525.000.000) 11/14 05:56:41 Image size of job updated: 288384
...
006 (1754525.000.000) 11/14 06:01:42 Image size of job updated: 289316
...
006 (1754525.000.000) 11/14 06:11:44 Image size of job updated: 290820
...
006 (1754525.000.000) 11/14 06:16:45 Image size of job updated: 292676
...
006 (1754525.000.000) 11/14 06:26:47 Image size of job updated: 293092
...
006 (1754525.000.000) 11/14 06:31:48 Image size of job updated: 293764
...
006 (1754525.000.000) 11/14 06:36:49 Image size of job updated: 293832
...
006 (1754525.000.000) 11/14 06:41:50 Image size of job updated: 295044
...
006 (1754525.000.000) 11/14 06:56:53 Image size of job updated: 295288
...
006 (1754525.000.000) 11/14 07:32:00 Image size of job updated: 295332
...
006 (1754525.000.000) 11/14 07:47:03 Image size of job updated: 295652
...
005 (1754525.000.000) 11/14 07:51:51 Job terminated.
	(1) Normal termination (return value 0)
		Usr 0 02:05:26, Sys 0 00:01:12  -  Run Remote Usage
		Usr 0 00:00:00, Sys 0 00:00:00  -  Run Local Usage
		Usr 0 02:05:26, Sys 0 00:01:12  -  Total Remote Usage
		Usr 0 00:00:00, Sys 0 00:00:00  -  Total Local Usage
	0  -  Run Bytes Sent By Job
	0  -  Run Bytes Received By Job
	0  -  Total Bytes Sent By Job
	0  -  Total Bytes Received By Job
...
