000 (1754114.000.000) 11/14 02:17:37 Job submitted from host: <130.199.206.69:49450>
...
001 (1754114.000.000) 11/14 08:34:04 Job executing on host: <130.199.180.154:33428>
...
006 (1754114.000.000) 11/14 08:34:13 Image size of job updated: 144036
...
006 (1754114.000.000) 11/14 08:39:14 Image size of job updated: 282624
...
006 (1754114.000.000) 11/14 08:44:15 Image size of job updated: 284660
...
006 (1754114.000.000) 11/14 08:49:16 Image size of job updated: 286728
...
006 (1754114.000.000) 11/14 08:54:17 Image size of job updated: 287660
...
006 (1754114.000.000) 11/14 08:59:18 Image size of job updated: 287952
...
006 (1754114.000.000) 11/14 09:09:20 Image size of job updated: 288548
...
006 (1754114.000.000) 11/14 09:14:21 Image size of job updated: 289940
...
006 (1754114.000.000) 11/14 09:19:22 Image size of job updated: 290228
...
006 (1754114.000.000) 11/14 09:24:23 Image size of job updated: 292820
...
006 (1754114.000.000) 11/14 09:39:26 Image size of job updated: 293000
...
006 (1754114.000.000) 11/14 09:44:27 Image size of job updated: 293284
...
006 (1754114.000.000) 11/14 09:49:28 Image size of job updated: 293752
...
006 (1754114.000.000) 11/14 09:54:29 Image size of job updated: 293924
...
006 (1754114.000.000) 11/14 10:14:33 Image size of job updated: 294568
...
006 (1754114.000.000) 11/14 10:49:40 Image size of job updated: 294760
...
006 (1754114.000.000) 11/14 10:54:41 Image size of job updated: 294772
...
006 (1754114.000.000) 11/14 11:09:44 Image size of job updated: 295044
...
006 (1754114.000.000) 11/14 11:14:45 Image size of job updated: 295076
...
006 (1754114.000.000) 11/14 11:19:46 Image size of job updated: 295708
...
006 (1754114.000.000) 11/14 11:29:48 Image size of job updated: 296060
...
006 (1754114.000.000) 11/14 12:30:00 Image size of job updated: 296436
...
005 (1754114.000.000) 11/14 12:51:58 Job terminated.
	(1) Normal termination (return value 0)
		Usr 0 03:50:41, Sys 0 00:02:11  -  Run Remote Usage
		Usr 0 00:00:00, Sys 0 00:00:00  -  Run Local Usage
		Usr 0 03:50:41, Sys 0 00:02:11  -  Total Remote Usage
		Usr 0 00:00:00, Sys 0 00:00:00  -  Total Local Usage
	0  -  Run Bytes Sent By Job
	0  -  Run Bytes Received By Job
	0  -  Total Bytes Sent By Job
	0  -  Total Bytes Received By Job
...
