000 (1754995.000.000) 11/14 02:19:38 Job submitted from host: <130.199.206.69:49450>
...
001 (1754995.000.000) 11/15 11:39:34 Job executing on host: <130.199.183.8:37063>
...
006 (1754995.000.000) 11/15 11:44:42 Image size of job updated: 173936
...
006 (1754995.000.000) 11/15 11:54:42 Image size of job updated: 186832
...
006 (1754995.000.000) 11/15 11:59:42 Image size of job updated: 192836
...
006 (1754995.000.000) 11/15 12:04:42 Image size of job updated: 283492
...
006 (1754995.000.000) 11/15 12:09:42 Image size of job updated: 319596
...
006 (1754995.000.000) 11/15 12:14:42 Image size of job updated: 327788
...
006 (1754995.000.000) 11/15 12:24:42 Image size of job updated: 329836
...
006 (1754995.000.000) 11/15 12:29:42 Image size of job updated: 332908
...
006 (1754995.000.000) 11/15 12:34:42 Image size of job updated: 336672
...
006 (1754995.000.000) 11/15 12:44:42 Image size of job updated: 337696
...
006 (1754995.000.000) 11/15 12:49:42 Image size of job updated: 338720
...
006 (1754995.000.000) 11/15 13:04:42 Image size of job updated: 339744
...
006 (1754995.000.000) 11/15 13:19:42 Image size of job updated: 340768
...
005 (1754995.000.000) 11/15 13:57:02 Job terminated.
	(1) Normal termination (return value 0)
		Usr 0 01:39:32, Sys 0 00:00:57  -  Run Remote Usage
		Usr 0 00:00:00, Sys 0 00:00:00  -  Run Local Usage
		Usr 0 01:39:32, Sys 0 00:00:57  -  Total Remote Usage
		Usr 0 00:00:00, Sys 0 00:00:00  -  Total Local Usage
	0  -  Run Bytes Sent By Job
	0  -  Run Bytes Received By Job
	0  -  Total Bytes Sent By Job
	0  -  Total Bytes Received By Job
...
