000 (1754519.000.000) 11/14 02:18:34 Job submitted from host: <130.199.206.69:49450>
...
001 (1754519.000.000) 11/14 08:33:24 Job executing on host: <130.199.180.167:33733>
...
006 (1754519.000.000) 11/14 08:33:33 Image size of job updated: 8824
...
006 (1754519.000.000) 11/14 08:38:34 Image size of job updated: 283688
...
006 (1754519.000.000) 11/14 08:43:35 Image size of job updated: 285756
...
006 (1754519.000.000) 11/14 08:48:36 Image size of job updated: 286364
...
006 (1754519.000.000) 11/14 08:58:38 Image size of job updated: 287216
...
006 (1754519.000.000) 11/14 09:03:39 Image size of job updated: 288044
...
006 (1754519.000.000) 11/14 09:23:43 Image size of job updated: 289388
...
006 (1754519.000.000) 11/14 09:28:44 Image size of job updated: 291440
...
006 (1754519.000.000) 11/14 09:43:47 Image size of job updated: 292428
...
006 (1754519.000.000) 11/14 09:53:49 Image size of job updated: 292636
...
006 (1754519.000.000) 11/14 10:08:52 Image size of job updated: 292708
...
006 (1754519.000.000) 11/14 10:23:55 Image size of job updated: 293256
...
006 (1754519.000.000) 11/14 10:28:56 Image size of job updated: 314876
...
006 (1754519.000.000) 11/14 10:33:57 Image size of job updated: 325116
...
006 (1754519.000.000) 11/14 10:38:58 Image size of job updated: 329212
...
006 (1754519.000.000) 11/14 10:43:59 Image size of job updated: 335356
...
006 (1754519.000.000) 11/14 10:49:00 Image size of job updated: 336380
...
006 (1754519.000.000) 11/14 10:54:02 Image size of job updated: 338428
...
006 (1754519.000.000) 11/14 11:04:02 Image size of job updated: 339452
...
006 (1754519.000.000) 11/14 11:19:02 Image size of job updated: 341500
...
006 (1754519.000.000) 11/14 11:24:02 Image size of job updated: 342524
...
006 (1754519.000.000) 11/14 11:29:02 Image size of job updated: 343548
...
006 (1754519.000.000) 11/14 11:44:02 Image size of job updated: 345596
...
006 (1754519.000.000) 11/14 12:14:02 Image size of job updated: 346620
...
005 (1754519.000.000) 11/14 12:28:50 Job terminated.
	(1) Normal termination (return value 0)
		Usr 0 03:32:20, Sys 0 00:02:13  -  Run Remote Usage
		Usr 0 00:00:00, Sys 0 00:00:00  -  Run Local Usage
		Usr 0 03:32:20, Sys 0 00:02:13  -  Total Remote Usage
		Usr 0 00:00:00, Sys 0 00:00:00  -  Total Local Usage
	0  -  Run Bytes Sent By Job
	0  -  Run Bytes Received By Job
	0  -  Total Bytes Sent By Job
	0  -  Total Bytes Received By Job
...
