000 (1754676.000.000) 11/14 02:18:59 Job submitted from host: <130.199.206.69:49450>
...
001 (1754676.000.000) 11/14 05:53:16 Job executing on host: <130.199.183.17:52518>
...
006 (1754676.000.000) 11/14 05:53:24 Image size of job updated: 192828
...
006 (1754676.000.000) 11/14 05:58:24 Image size of job updated: 281584
...
006 (1754676.000.000) 11/14 06:03:24 Image size of job updated: 282728
...
006 (1754676.000.000) 11/14 06:08:24 Image size of job updated: 282820
...
006 (1754676.000.000) 11/14 06:18:24 Image size of job updated: 283404
...
006 (1754676.000.000) 11/14 06:23:24 Image size of job updated: 283520
...
006 (1754676.000.000) 11/14 06:28:24 Image size of job updated: 287544
...
006 (1754676.000.000) 11/14 06:38:26 Image size of job updated: 288896
...
006 (1754676.000.000) 11/14 06:43:27 Image size of job updated: 290300
...
006 (1754676.000.000) 11/14 06:48:28 Image size of job updated: 290516
...
006 (1754676.000.000) 11/14 06:53:29 Image size of job updated: 292692
...
006 (1754676.000.000) 11/14 07:03:31 Image size of job updated: 295312
...
006 (1754676.000.000) 11/14 07:08:32 Image size of job updated: 296064
...
006 (1754676.000.000) 11/14 07:13:33 Image size of job updated: 296792
...
006 (1754676.000.000) 11/14 07:23:35 Image size of job updated: 297216
...
006 (1754676.000.000) 11/14 07:28:36 Image size of job updated: 297996
...
006 (1754676.000.000) 11/14 07:33:37 Image size of job updated: 298180
...
006 (1754676.000.000) 11/14 07:38:38 Image size of job updated: 298704
...
006 (1754676.000.000) 11/14 07:43:39 Image size of job updated: 299880
...
006 (1754676.000.000) 11/14 07:48:40 Image size of job updated: 299972
...
005 (1754676.000.000) 11/14 07:58:41 Job terminated.
	(1) Normal termination (return value 0)
		Usr 0 01:43:55, Sys 0 00:00:31  -  Run Remote Usage
		Usr 0 00:00:00, Sys 0 00:00:00  -  Run Local Usage
		Usr 0 01:43:55, Sys 0 00:00:31  -  Total Remote Usage
		Usr 0 00:00:00, Sys 0 00:00:00  -  Total Local Usage
	0  -  Run Bytes Sent By Job
	0  -  Run Bytes Received By Job
	0  -  Total Bytes Sent By Job
	0  -  Total Bytes Received By Job
...
