000 (1754571.000.000) 11/14 02:18:46 Job submitted from host: <130.199.206.69:49450>
...
001 (1754571.000.000) 11/14 05:50:12 Job executing on host: <130.199.206.119:51076>
...
006 (1754571.000.000) 11/14 05:50:21 Image size of job updated: 73172
...
006 (1754571.000.000) 11/14 05:55:22 Image size of job updated: 284688
...
006 (1754571.000.000) 11/14 06:00:23 Image size of job updated: 286156
...
006 (1754571.000.000) 11/14 06:05:24 Image size of job updated: 287372
...
006 (1754571.000.000) 11/14 06:15:26 Image size of job updated: 300380
...
006 (1754571.000.000) 11/14 06:20:27 Image size of job updated: 315336
...
006 (1754571.000.000) 11/14 06:25:28 Image size of job updated: 324552
...
006 (1754571.000.000) 11/14 06:30:29 Image size of job updated: 326272
...
006 (1754571.000.000) 11/14 06:35:29 Image size of job updated: 330372
...
006 (1754571.000.000) 11/14 06:40:29 Image size of job updated: 333444
...
006 (1754571.000.000) 11/14 06:45:29 Image size of job updated: 335492
...
006 (1754571.000.000) 11/14 06:50:29 Image size of job updated: 336516
...
006 (1754571.000.000) 11/14 06:55:29 Image size of job updated: 337540
...
006 (1754571.000.000) 11/14 07:05:29 Image size of job updated: 338564
...
006 (1754571.000.000) 11/14 07:25:29 Image size of job updated: 339588
...
006 (1754571.000.000) 11/14 08:05:32 Image size of job updated: 340612
...
006 (1754571.000.000) 11/14 08:10:33 Image size of job updated: 341636
...
006 (1754571.000.000) 11/14 08:35:38 Image size of job updated: 342660
...
006 (1754571.000.000) 11/14 08:50:41 Image size of job updated: 343684
...
005 (1754571.000.000) 11/14 09:18:25 Job terminated.
	(1) Normal termination (return value 0)
		Usr 0 03:14:35, Sys 0 00:00:47  -  Run Remote Usage
		Usr 0 00:00:00, Sys 0 00:00:00  -  Run Local Usage
		Usr 0 03:14:35, Sys 0 00:00:47  -  Total Remote Usage
		Usr 0 00:00:00, Sys 0 00:00:00  -  Total Local Usage
	0  -  Run Bytes Sent By Job
	0  -  Run Bytes Received By Job
	0  -  Total Bytes Sent By Job
	0  -  Total Bytes Received By Job
...
