000 (1754880.000.000) 11/14 02:19:27 Job submitted from host: <130.199.206.69:49450>
...
001 (1754880.000.000) 11/15 10:50:45 Job executing on host: <130.199.180.139:35175>
...
006 (1754880.000.000) 11/15 10:50:54 Image size of job updated: 8820
...
006 (1754880.000.000) 11/15 10:55:55 Image size of job updated: 214176
...
006 (1754880.000.000) 11/15 11:15:59 Image size of job updated: 272912
...
006 (1754880.000.000) 11/15 11:21:00 Image size of job updated: 284428
...
005 (1754880.000.000) 11/15 11:23:13 Job terminated.
	(1) Normal termination (return value 0)
		Usr 0 00:06:49, Sys 0 00:00:09  -  Run Remote Usage
		Usr 0 00:00:00, Sys 0 00:00:00  -  Run Local Usage
		Usr 0 00:06:49, Sys 0 00:00:09  -  Total Remote Usage
		Usr 0 00:00:00, Sys 0 00:00:00  -  Total Local Usage
	0  -  Run Bytes Sent By Job
	0  -  Run Bytes Received By Job
	0  -  Total Bytes Sent By Job
	0  -  Total Bytes Received By Job
...
