000 (1754113.000.000) 11/14 02:17:37 Job submitted from host: <130.199.206.69:49450>
...
001 (1754113.000.000) 11/14 06:16:37 Job executing on host: <130.199.183.29:35269>
...
006 (1754113.000.000) 11/14 06:21:47 Image size of job updated: 281912
...
006 (1754113.000.000) 11/14 06:26:48 Image size of job updated: 283288
...
006 (1754113.000.000) 11/14 06:31:49 Image size of job updated: 283620
...
006 (1754113.000.000) 11/14 06:36:50 Image size of job updated: 284556
...
006 (1754113.000.000) 11/14 06:46:52 Image size of job updated: 284664
...
006 (1754113.000.000) 11/14 06:51:53 Image size of job updated: 285984
...
006 (1754113.000.000) 11/14 06:56:54 Image size of job updated: 286024
...
006 (1754113.000.000) 11/14 07:06:56 Image size of job updated: 288816
...
006 (1754113.000.000) 11/14 07:11:57 Image size of job updated: 289080
...
006 (1754113.000.000) 11/14 07:27:00 Image size of job updated: 291464
...
006 (1754113.000.000) 11/14 07:42:03 Image size of job updated: 292692
...
006 (1754113.000.000) 11/14 08:02:07 Image size of job updated: 293604
...
005 (1754113.000.000) 11/14 08:22:03 Job terminated.
	(1) Normal termination (return value 0)
		Usr 0 01:52:44, Sys 0 00:00:51  -  Run Remote Usage
		Usr 0 00:00:00, Sys 0 00:00:00  -  Run Local Usage
		Usr 0 01:52:44, Sys 0 00:00:51  -  Total Remote Usage
		Usr 0 00:00:00, Sys 0 00:00:00  -  Total Local Usage
	0  -  Run Bytes Sent By Job
	0  -  Run Bytes Received By Job
	0  -  Total Bytes Sent By Job
	0  -  Total Bytes Received By Job
...
