000 (1754697.000.000) 11/14 02:18:59 Job submitted from host: <130.199.206.69:49450>
...
001 (1754697.000.000) 11/14 05:57:39 Job executing on host: <130.199.183.26:55119>
...
006 (1754697.000.000) 11/14 06:02:49 Image size of job updated: 282584
...
006 (1754697.000.000) 11/14 06:07:50 Image size of job updated: 284500
...
006 (1754697.000.000) 11/14 06:12:51 Image size of job updated: 284872
...
006 (1754697.000.000) 11/14 06:27:54 Image size of job updated: 286924
...
006 (1754697.000.000) 11/14 06:32:55 Image size of job updated: 287136
...
006 (1754697.000.000) 11/14 06:37:56 Image size of job updated: 288036
...
006 (1754697.000.000) 11/14 06:42:57 Image size of job updated: 289104
...
006 (1754697.000.000) 11/14 06:47:58 Image size of job updated: 292416
...
006 (1754697.000.000) 11/14 07:03:01 Image size of job updated: 292864
...
006 (1754697.000.000) 11/14 07:13:03 Image size of job updated: 293120
...
006 (1754697.000.000) 11/14 07:23:05 Image size of job updated: 293900
...
006 (1754697.000.000) 11/14 07:33:07 Image size of job updated: 295040
...
006 (1754697.000.000) 11/14 08:58:24 Image size of job updated: 295736
...
005 (1754697.000.000) 11/14 09:20:21 Job terminated.
	(1) Normal termination (return value 0)
		Usr 0 03:06:14, Sys 0 00:01:07  -  Run Remote Usage
		Usr 0 00:00:00, Sys 0 00:00:00  -  Run Local Usage
		Usr 0 03:06:14, Sys 0 00:01:07  -  Total Remote Usage
		Usr 0 00:00:00, Sys 0 00:00:00  -  Total Local Usage
	0  -  Run Bytes Sent By Job
	0  -  Run Bytes Received By Job
	0  -  Total Bytes Sent By Job
	0  -  Total Bytes Received By Job
...
