000 (1755132.000.000) 11/14 02:19:46 Job submitted from host: <130.199.206.69:49450>
...
001 (1755132.000.000) 11/15 18:41:26 Job executing on host: <130.199.183.11:60300>
...
006 (1755132.000.000) 11/15 18:41:34 Image size of job updated: 72784
...
006 (1755132.000.000) 11/15 18:46:34 Image size of job updated: 285700
...
006 (1755132.000.000) 11/15 18:51:34 Image size of job updated: 286964
...
006 (1755132.000.000) 11/15 19:01:36 Image size of job updated: 287340
...
006 (1755132.000.000) 11/15 19:11:38 Image size of job updated: 287700
...
006 (1755132.000.000) 11/15 19:21:40 Image size of job updated: 290012
...
006 (1755132.000.000) 11/15 19:31:42 Image size of job updated: 290540
...
006 (1755132.000.000) 11/15 19:36:43 Image size of job updated: 293536
...
006 (1755132.000.000) 11/15 19:46:45 Image size of job updated: 293904
...
006 (1755132.000.000) 11/15 19:51:46 Image size of job updated: 294724
...
006 (1755132.000.000) 11/15 20:16:51 Image size of job updated: 311688
...
006 (1755132.000.000) 11/15 20:21:52 Image size of job updated: 436752
...
006 (1755132.000.000) 11/15 20:26:53 Image size of job updated: 443920
...
006 (1755132.000.000) 11/15 20:31:54 Image size of job updated: 449040
...
006 (1755132.000.000) 11/15 20:46:57 Image size of job updated: 450064
...
006 (1755132.000.000) 11/15 20:51:58 Image size of job updated: 451088
...
006 (1755132.000.000) 11/15 20:56:59 Image size of job updated: 452112
...
005 (1755132.000.000) 11/15 21:30:59 Job terminated.
	(1) Normal termination (return value 0)
		Usr 0 02:28:58, Sys 0 00:01:21  -  Run Remote Usage
		Usr 0 00:00:00, Sys 0 00:00:00  -  Run Local Usage
		Usr 0 02:28:58, Sys 0 00:01:21  -  Total Remote Usage
		Usr 0 00:00:00, Sys 0 00:00:00  -  Total Local Usage
	0  -  Run Bytes Sent By Job
	0  -  Run Bytes Received By Job
	0  -  Total Bytes Sent By Job
	0  -  Total Bytes Received By Job
...
