000 (1754025.000.000) 11/14 02:17:22 Job submitted from host: <130.199.206.69:49450>
...
001 (1754025.000.000) 11/14 05:28:53 Job executing on host: <130.199.206.165:38440>
...
006 (1754025.000.000) 11/14 05:34:03 Image size of job updated: 285780
...
006 (1754025.000.000) 11/14 05:39:04 Image size of job updated: 286772
...
006 (1754025.000.000) 11/14 05:44:05 Image size of job updated: 288060
...
006 (1754025.000.000) 11/14 05:49:05 Image size of job updated: 288308
...
006 (1754025.000.000) 11/14 05:54:05 Image size of job updated: 289020
...
006 (1754025.000.000) 11/14 05:59:05 Image size of job updated: 290256
...
006 (1754025.000.000) 11/14 06:09:05 Image size of job updated: 290420
...
006 (1754025.000.000) 11/14 06:14:05 Image size of job updated: 327548
...
006 (1754025.000.000) 11/14 06:19:05 Image size of job updated: 335208
...
006 (1754025.000.000) 11/14 06:24:05 Image size of job updated: 337256
...
006 (1754025.000.000) 11/14 06:29:05 Image size of job updated: 339304
...
006 (1754025.000.000) 11/14 06:34:05 Image size of job updated: 340328
...
006 (1754025.000.000) 11/14 06:54:05 Image size of job updated: 341352
...
006 (1754025.000.000) 11/14 07:34:10 Image size of job updated: 341744
...
006 (1754025.000.000) 11/14 08:19:18 Image size of job updated: 342344
...
006 (1754025.000.000) 11/14 08:29:18 Image size of job updated: 343368
...
005 (1754025.000.000) 11/14 08:38:01 Job terminated.
	(1) Normal termination (return value 0)
		Usr 0 02:54:25, Sys 0 00:00:36  -  Run Remote Usage
		Usr 0 00:00:00, Sys 0 00:00:00  -  Run Local Usage
		Usr 0 02:54:25, Sys 0 00:00:36  -  Total Remote Usage
		Usr 0 00:00:00, Sys 0 00:00:00  -  Total Local Usage
	0  -  Run Bytes Sent By Job
	0  -  Run Bytes Received By Job
	0  -  Total Bytes Sent By Job
	0  -  Total Bytes Received By Job
...
