000 (1753404.000.000) 11/14 02:14:53 Job submitted from host: <130.199.206.69:49450>
...
001 (1753404.000.000) 11/14 08:34:09 Job executing on host: <130.199.183.10:36128>
...
006 (1753404.000.000) 11/14 08:34:17 Image size of job updated: 174056
...
006 (1753404.000.000) 11/14 08:39:17 Image size of job updated: 284272
...
006 (1753404.000.000) 11/14 08:44:17 Image size of job updated: 285520
...
006 (1753404.000.000) 11/14 08:59:17 Image size of job updated: 286420
...
006 (1753404.000.000) 11/14 09:04:17 Image size of job updated: 288408
...
006 (1753404.000.000) 11/14 09:29:17 Image size of job updated: 289440
...
006 (1753404.000.000) 11/14 09:34:17 Image size of job updated: 290464
...
006 (1753404.000.000) 11/14 09:39:17 Image size of job updated: 296620
...
005 (1753404.000.000) 11/14 09:52:18 Job terminated.
	(1) Normal termination (return value 0)
		Usr 0 01:04:47, Sys 0 00:00:33  -  Run Remote Usage
		Usr 0 00:00:00, Sys 0 00:00:00  -  Run Local Usage
		Usr 0 01:04:47, Sys 0 00:00:33  -  Total Remote Usage
		Usr 0 00:00:00, Sys 0 00:00:00  -  Total Local Usage
	0  -  Run Bytes Sent By Job
	0  -  Run Bytes Received By Job
	0  -  Total Bytes Sent By Job
	0  -  Total Bytes Received By Job
...
