000 (1754258.000.000) 11/14 02:17:52 Job submitted from host: <130.199.206.69:49450>
...
001 (1754258.000.000) 11/14 05:35:21 Job executing on host: <130.199.180.142:35025>
...
006 (1754258.000.000) 11/14 05:40:31 Image size of job updated: 284316
...
006 (1754258.000.000) 11/14 05:45:32 Image size of job updated: 285488
...
006 (1754258.000.000) 11/14 05:50:33 Image size of job updated: 286364
...
006 (1754258.000.000) 11/14 06:00:35 Image size of job updated: 288416
...
006 (1754258.000.000) 11/14 06:10:37 Image size of job updated: 289064
...
006 (1754258.000.000) 11/14 06:15:38 Image size of job updated: 290024
...
006 (1754258.000.000) 11/14 06:20:39 Image size of job updated: 291492
...
006 (1754258.000.000) 11/14 06:25:39 Image size of job updated: 312284
...
006 (1754258.000.000) 11/14 06:30:39 Image size of job updated: 327644
...
006 (1754258.000.000) 11/14 06:35:39 Image size of job updated: 334812
...
006 (1754258.000.000) 11/14 06:50:39 Image size of job updated: 337884
...
006 (1754258.000.000) 11/14 06:55:39 Image size of job updated: 339932
...
006 (1754258.000.000) 11/14 07:05:39 Image size of job updated: 340956
...
006 (1754258.000.000) 11/14 07:10:39 Image size of job updated: 341980
...
006 (1754258.000.000) 11/14 07:50:39 Image size of job updated: 344028
...
006 (1754258.000.000) 11/14 08:00:39 Image size of job updated: 345052
...
005 (1754258.000.000) 11/14 08:48:20 Job terminated.
	(1) Normal termination (return value 0)
		Usr 0 02:57:11, Sys 0 00:01:15  -  Run Remote Usage
		Usr 0 00:00:00, Sys 0 00:00:00  -  Run Local Usage
		Usr 0 02:57:11, Sys 0 00:01:15  -  Total Remote Usage
		Usr 0 00:00:00, Sys 0 00:00:00  -  Total Local Usage
	0  -  Run Bytes Sent By Job
	0  -  Run Bytes Received By Job
	0  -  Total Bytes Sent By Job
	0  -  Total Bytes Received By Job
...
