000 (1755073.000.000) 11/14 02:19:46 Job submitted from host: <130.199.206.69:49450>
...
001 (1755073.000.000) 11/15 11:51:59 Job executing on host: <130.199.180.161:59459>
...
006 (1755073.000.000) 11/15 11:52:07 Image size of job updated: 17400
...
006 (1755073.000.000) 11/15 11:57:07 Image size of job updated: 283960
...
006 (1755073.000.000) 11/15 12:02:07 Image size of job updated: 464336
...
006 (1755073.000.000) 11/15 12:07:07 Image size of job updated: 468344
...
006 (1755073.000.000) 11/15 12:12:07 Image size of job updated: 469312
...
006 (1755073.000.000) 11/15 12:22:07 Image size of job updated: 476508
...
005 (1755073.000.000) 11/15 12:26:09 Job terminated.
	(1) Normal termination (return value 0)
		Usr 0 00:28:16, Sys 0 00:00:21  -  Run Remote Usage
		Usr 0 00:00:00, Sys 0 00:00:00  -  Run Local Usage
		Usr 0 00:28:16, Sys 0 00:00:21  -  Total Remote Usage
		Usr 0 00:00:00, Sys 0 00:00:00  -  Total Local Usage
	0  -  Run Bytes Sent By Job
	0  -  Run Bytes Received By Job
	0  -  Total Bytes Sent By Job
	0  -  Total Bytes Received By Job
...
