000 (1754378.000.000) 11/14 02:18:20 Job submitted from host: <130.199.206.69:49450>
...
001 (1754378.000.000) 11/14 05:12:10 Job executing on host: <130.199.180.156:41502>
...
006 (1754378.000.000) 11/14 05:12:18 Image size of job updated: 246544
...
006 (1754378.000.000) 11/14 05:17:18 Image size of job updated: 291976
...
006 (1754378.000.000) 11/14 05:22:18 Image size of job updated: 295400
...
006 (1754378.000.000) 11/14 05:27:18 Image size of job updated: 296984
...
005 (1754378.000.000) 11/14 05:27:23 Job terminated.
	(1) Normal termination (return value 0)
		Usr 0 00:13:36, Sys 0 00:00:11  -  Run Remote Usage
		Usr 0 00:00:00, Sys 0 00:00:00  -  Run Local Usage
		Usr 0 00:13:36, Sys 0 00:00:11  -  Total Remote Usage
		Usr 0 00:00:00, Sys 0 00:00:00  -  Total Local Usage
	0  -  Run Bytes Sent By Job
	0  -  Run Bytes Received By Job
	0  -  Total Bytes Sent By Job
	0  -  Total Bytes Received By Job
...
