000 (1754231.000.000) 11/14 02:17:52 Job submitted from host: <130.199.206.69:49450>
...
001 (1754231.000.000) 11/14 07:05:38 Job executing on host: <130.199.180.161:59459>
...
006 (1754231.000.000) 11/14 07:05:47 Image size of job updated: 210112
...
006 (1754231.000.000) 11/14 07:10:48 Image size of job updated: 278108
...
006 (1754231.000.000) 11/14 07:15:49 Image size of job updated: 294244
...
006 (1754231.000.000) 11/14 07:20:50 Image size of job updated: 295732
...
006 (1754231.000.000) 11/14 07:25:51 Image size of job updated: 296292
...
006 (1754231.000.000) 11/14 07:30:52 Image size of job updated: 298188
...
006 (1754231.000.000) 11/14 07:35:53 Image size of job updated: 298752
...
006 (1754231.000.000) 11/14 07:40:54 Image size of job updated: 299948
...
006 (1754231.000.000) 11/14 07:45:55 Image size of job updated: 301428
...
006 (1754231.000.000) 11/14 07:50:56 Image size of job updated: 317632
...
006 (1754231.000.000) 11/14 07:55:57 Image size of job updated: 334016
...
006 (1754231.000.000) 11/14 08:00:58 Image size of job updated: 335252
...
006 (1754231.000.000) 11/14 08:05:59 Image size of job updated: 336276
...
005 (1754231.000.000) 11/14 08:09:20 Job terminated.
	(1) Normal termination (return value 0)
		Usr 0 00:58:40, Sys 0 00:00:27  -  Run Remote Usage
		Usr 0 00:00:00, Sys 0 00:00:00  -  Run Local Usage
		Usr 0 00:58:40, Sys 0 00:00:27  -  Total Remote Usage
		Usr 0 00:00:00, Sys 0 00:00:00  -  Total Local Usage
	0  -  Run Bytes Sent By Job
	0  -  Run Bytes Received By Job
	0  -  Total Bytes Sent By Job
	0  -  Total Bytes Received By Job
...
