000 (1754173.000.000) 11/14 02:17:52 Job submitted from host: <130.199.206.69:49450>
...
001 (1754173.000.000) 11/14 05:00:19 Job executing on host: <130.199.180.141:43183>
...
006 (1754173.000.000) 11/14 05:00:28 Image size of job updated: 182800
...
006 (1754173.000.000) 11/14 05:05:29 Image size of job updated: 289960
...
006 (1754173.000.000) 11/14 05:10:30 Image size of job updated: 290548
...
006 (1754173.000.000) 11/14 05:15:31 Image size of job updated: 291772
...
006 (1754173.000.000) 11/14 05:20:32 Image size of job updated: 292256
...
006 (1754173.000.000) 11/14 05:25:33 Image size of job updated: 292652
...
006 (1754173.000.000) 11/14 05:30:33 Image size of job updated: 292948
...
006 (1754173.000.000) 11/14 05:35:33 Image size of job updated: 293356
...
006 (1754173.000.000) 11/14 05:40:33 Image size of job updated: 295404
...
006 (1754173.000.000) 11/14 05:45:33 Image size of job updated: 296952
...
005 (1754173.000.000) 11/14 06:03:49 Job terminated.
	(1) Normal termination (return value 0)
		Usr 0 00:51:35, Sys 0 00:00:34  -  Run Remote Usage
		Usr 0 00:00:00, Sys 0 00:00:00  -  Run Local Usage
		Usr 0 00:51:35, Sys 0 00:00:34  -  Total Remote Usage
		Usr 0 00:00:00, Sys 0 00:00:00  -  Total Local Usage
	0  -  Run Bytes Sent By Job
	0  -  Run Bytes Received By Job
	0  -  Total Bytes Sent By Job
	0  -  Total Bytes Received By Job
...
