000 (1755291.000.000) 11/14 02:20:03 Job submitted from host: <130.199.206.69:49450>
...
001 (1755291.000.000) 11/15 12:37:51 Job executing on host: <130.199.206.152:58019>
...
006 (1755291.000.000) 11/15 12:38:00 Image size of job updated: 72780
...
006 (1755291.000.000) 11/15 12:43:01 Image size of job updated: 282956
...
006 (1755291.000.000) 11/15 12:48:02 Image size of job updated: 294784
...
006 (1755291.000.000) 11/15 12:53:03 Image size of job updated: 297560
...
006 (1755291.000.000) 11/15 12:58:04 Image size of job updated: 297848
...
006 (1755291.000.000) 11/15 13:03:05 Image size of job updated: 298752
...
006 (1755291.000.000) 11/15 13:13:07 Image size of job updated: 300220
...
006 (1755291.000.000) 11/15 13:18:08 Image size of job updated: 301480
...
005 (1755291.000.000) 11/15 13:31:56 Job terminated.
	(1) Normal termination (return value 0)
		Usr 0 00:49:11, Sys 0 00:00:17  -  Run Remote Usage
		Usr 0 00:00:00, Sys 0 00:00:00  -  Run Local Usage
		Usr 0 00:49:11, Sys 0 00:00:17  -  Total Remote Usage
		Usr 0 00:00:00, Sys 0 00:00:00  -  Total Local Usage
	0  -  Run Bytes Sent By Job
	0  -  Run Bytes Received By Job
	0  -  Total Bytes Sent By Job
	0  -  Total Bytes Received By Job
...
