000 (1755121.000.000) 11/14 02:19:46 Job submitted from host: <130.199.206.69:49450>
...
001 (1755121.000.000) 11/15 17:28:32 Job executing on host: <130.199.180.130:60628>
...
006 (1755121.000.000) 11/15 17:33:42 Image size of job updated: 284420
...
006 (1755121.000.000) 11/15 17:38:43 Image size of job updated: 286376
...
006 (1755121.000.000) 11/15 17:43:44 Image size of job updated: 287644
...
006 (1755121.000.000) 11/15 17:48:45 Image size of job updated: 292156
...
006 (1755121.000.000) 11/15 17:53:46 Image size of job updated: 294840
...
006 (1755121.000.000) 11/15 17:58:47 Image size of job updated: 296948
...
006 (1755121.000.000) 11/15 18:03:48 Image size of job updated: 297156
...
006 (1755121.000.000) 11/15 18:08:49 Image size of job updated: 298112
...
006 (1755121.000.000) 11/15 18:28:53 Image size of job updated: 298320
...
005 (1755121.000.000) 11/15 18:30:20 Job terminated.
	(1) Normal termination (return value 0)
		Usr 0 00:53:36, Sys 0 00:00:21  -  Run Remote Usage
		Usr 0 00:00:00, Sys 0 00:00:00  -  Run Local Usage
		Usr 0 00:53:36, Sys 0 00:00:21  -  Total Remote Usage
		Usr 0 00:00:00, Sys 0 00:00:00  -  Total Local Usage
	0  -  Run Bytes Sent By Job
	0  -  Run Bytes Received By Job
	0  -  Total Bytes Sent By Job
	0  -  Total Bytes Received By Job
...
