000 (1753773.000.000) 11/14 02:16:47 Job submitted from host: <130.199.206.69:49450>
...
001 (1753773.000.000) 11/14 04:54:21 Job executing on host: <130.199.180.174:58974>
...
006 (1753773.000.000) 11/14 04:54:29 Image size of job updated: 201808
...
006 (1753773.000.000) 11/14 04:59:29 Image size of job updated: 282672
...
006 (1753773.000.000) 11/14 05:04:29 Image size of job updated: 289348
...
006 (1753773.000.000) 11/14 05:09:29 Image size of job updated: 290184
...
005 (1753773.000.000) 11/14 05:12:25 Job terminated.
	(1) Normal termination (return value 0)
		Usr 0 00:15:08, Sys 0 00:00:10  -  Run Remote Usage
		Usr 0 00:00:00, Sys 0 00:00:00  -  Run Local Usage
		Usr 0 00:15:08, Sys 0 00:00:10  -  Total Remote Usage
		Usr 0 00:00:00, Sys 0 00:00:00  -  Total Local Usage
	0  -  Run Bytes Sent By Job
	0  -  Run Bytes Received By Job
	0  -  Total Bytes Sent By Job
	0  -  Total Bytes Received By Job
...
