000 (1754883.000.000) 11/14 02:19:27 Job submitted from host: <130.199.206.69:49450>
...
001 (1754883.000.000) 11/15 10:50:47 Job executing on host: <130.199.180.141:43183>
...
006 (1754883.000.000) 11/15 10:55:57 Image size of job updated: 282232
...
006 (1754883.000.000) 11/15 11:00:58 Image size of job updated: 285428
...
006 (1754883.000.000) 11/15 11:05:59 Image size of job updated: 286368
...
006 (1754883.000.000) 11/15 11:11:00 Image size of job updated: 287688
...
006 (1754883.000.000) 11/15 11:16:01 Image size of job updated: 289156
...
006 (1754883.000.000) 11/15 11:26:03 Image size of job updated: 290936
...
006 (1754883.000.000) 11/15 11:31:04 Image size of job updated: 291572
...
006 (1754883.000.000) 11/15 11:36:05 Image size of job updated: 329140
...
006 (1754883.000.000) 11/15 11:41:06 Image size of job updated: 334260
...
006 (1754883.000.000) 11/15 11:46:07 Image size of job updated: 336308
...
006 (1754883.000.000) 11/15 11:56:09 Image size of job updated: 339380
...
006 (1754883.000.000) 11/15 12:01:10 Image size of job updated: 340404
...
006 (1754883.000.000) 11/15 12:16:13 Image size of job updated: 341428
...
005 (1754883.000.000) 11/15 12:22:24 Job terminated.
	(1) Normal termination (return value 0)
		Usr 0 01:19:50, Sys 0 00:00:42  -  Run Remote Usage
		Usr 0 00:00:00, Sys 0 00:00:00  -  Run Local Usage
		Usr 0 01:19:50, Sys 0 00:00:42  -  Total Remote Usage
		Usr 0 00:00:00, Sys 0 00:00:00  -  Total Local Usage
	0  -  Run Bytes Sent By Job
	0  -  Run Bytes Received By Job
	0  -  Total Bytes Sent By Job
	0  -  Total Bytes Received By Job
...
