000 (1754045.000.000) 11/14 02:17:22 Job submitted from host: <130.199.206.69:49450>
...
001 (1754045.000.000) 11/14 08:33:04 Job executing on host: <130.199.180.154:33428>
...
006 (1754045.000.000) 11/14 08:33:13 Image size of job updated: 157844
...
006 (1754045.000.000) 11/14 08:38:14 Image size of job updated: 289584
...
006 (1754045.000.000) 11/14 08:43:15 Image size of job updated: 291668
...
006 (1754045.000.000) 11/14 08:48:16 Image size of job updated: 291796
...
006 (1754045.000.000) 11/14 08:53:17 Image size of job updated: 292908
...
006 (1754045.000.000) 11/14 08:58:18 Image size of job updated: 294060
...
006 (1754045.000.000) 11/14 09:08:20 Image size of job updated: 295228
...
006 (1754045.000.000) 11/14 09:13:21 Image size of job updated: 295316
...
006 (1754045.000.000) 11/14 09:18:22 Image size of job updated: 297396
...
006 (1754045.000.000) 11/14 09:28:24 Image size of job updated: 297472
...
006 (1754045.000.000) 11/14 09:48:28 Image size of job updated: 298164
...
005 (1754045.000.000) 11/14 09:55:14 Job terminated.
	(1) Normal termination (return value 0)
		Usr 0 01:15:42, Sys 0 00:00:40  -  Run Remote Usage
		Usr 0 00:00:00, Sys 0 00:00:00  -  Run Local Usage
		Usr 0 01:15:42, Sys 0 00:00:40  -  Total Remote Usage
		Usr 0 00:00:00, Sys 0 00:00:00  -  Total Local Usage
	0  -  Run Bytes Sent By Job
	0  -  Run Bytes Received By Job
	0  -  Total Bytes Sent By Job
	0  -  Total Bytes Received By Job
...
