000 (1754707.000.000) 11/14 02:18:59 Job submitted from host: <130.199.206.69:49450>
...
001 (1754707.000.000) 11/14 05:59:58 Job executing on host: <130.199.180.152:59096>
...
006 (1754707.000.000) 11/14 06:00:07 Image size of job updated: 144540
...
006 (1754707.000.000) 11/14 06:05:08 Image size of job updated: 284692
...
006 (1754707.000.000) 11/14 06:10:09 Image size of job updated: 285668
...
006 (1754707.000.000) 11/14 06:15:10 Image size of job updated: 285888
...
006 (1754707.000.000) 11/14 06:20:11 Image size of job updated: 287352
...
006 (1754707.000.000) 11/14 06:25:12 Image size of job updated: 287888
...
006 (1754707.000.000) 11/14 06:50:17 Image size of job updated: 290452
...
006 (1754707.000.000) 11/14 06:55:18 Image size of job updated: 291348
...
006 (1754707.000.000) 11/14 07:00:19 Image size of job updated: 292060
...
006 (1754707.000.000) 11/14 07:05:20 Image size of job updated: 292428
...
006 (1754707.000.000) 11/14 07:10:21 Image size of job updated: 293916
...
006 (1754707.000.000) 11/14 07:25:24 Image size of job updated: 294296
...
006 (1754707.000.000) 11/14 07:30:25 Image size of job updated: 294404
...
006 (1754707.000.000) 11/14 07:35:26 Image size of job updated: 295176
...
006 (1754707.000.000) 11/14 07:40:27 Image size of job updated: 298968
...
005 (1754707.000.000) 11/14 07:48:16 Job terminated.
	(1) Normal termination (return value 0)
		Usr 0 01:38:56, Sys 0 00:00:58  -  Run Remote Usage
		Usr 0 00:00:00, Sys 0 00:00:00  -  Run Local Usage
		Usr 0 01:38:56, Sys 0 00:00:58  -  Total Remote Usage
		Usr 0 00:00:00, Sys 0 00:00:00  -  Total Local Usage
	0  -  Run Bytes Sent By Job
	0  -  Run Bytes Received By Job
	0  -  Total Bytes Sent By Job
	0  -  Total Bytes Received By Job
...
