000 (1753709.000.000) 11/14 02:16:28 Job submitted from host: <130.199.206.69:49450>
...
001 (1753709.000.000) 11/14 08:00:09 Job executing on host: <130.199.183.28:53536>
...
006 (1753709.000.000) 11/14 08:05:19 Image size of job updated: 283868
...
006 (1753709.000.000) 11/14 08:10:20 Image size of job updated: 285012
...
006 (1753709.000.000) 11/14 08:15:21 Image size of job updated: 285232
...
006 (1753709.000.000) 11/14 08:20:22 Image size of job updated: 286408
...
006 (1753709.000.000) 11/14 08:25:23 Image size of job updated: 286584
...
006 (1753709.000.000) 11/14 08:30:24 Image size of job updated: 303868
...
006 (1753709.000.000) 11/14 08:35:25 Image size of job updated: 324080
...
006 (1753709.000.000) 11/14 08:40:26 Image size of job updated: 326128
...
006 (1753709.000.000) 11/14 08:45:27 Image size of job updated: 336372
...
006 (1753709.000.000) 11/14 08:50:28 Image size of job updated: 337396
...
006 (1753709.000.000) 11/14 08:55:29 Image size of job updated: 338420
...
006 (1753709.000.000) 11/14 09:00:30 Image size of job updated: 339444
...
006 (1753709.000.000) 11/14 09:10:32 Image size of job updated: 340468
...
006 (1753709.000.000) 11/14 09:15:33 Image size of job updated: 341492
...
006 (1753709.000.000) 11/14 09:40:38 Image size of job updated: 343540
...
006 (1753709.000.000) 11/14 10:30:48 Image size of job updated: 344564
...
006 (1753709.000.000) 11/14 11:15:57 Image size of job updated: 346612
...
005 (1753709.000.000) 11/14 11:33:38 Job terminated.
	(1) Normal termination (return value 0)
		Usr 0 03:13:21, Sys 0 00:01:26  -  Run Remote Usage
		Usr 0 00:00:00, Sys 0 00:00:00  -  Run Local Usage
		Usr 0 03:13:21, Sys 0 00:01:26  -  Total Remote Usage
		Usr 0 00:00:00, Sys 0 00:00:00  -  Total Local Usage
	0  -  Run Bytes Sent By Job
	0  -  Run Bytes Received By Job
	0  -  Total Bytes Sent By Job
	0  -  Total Bytes Received By Job
...
