000 (1753548.000.000) 11/14 02:15:48 Job submitted from host: <130.199.206.69:49450>
...
001 (1753548.000.000) 11/14 05:15:48 Job executing on host: <130.199.180.170:47912>
...
006 (1753548.000.000) 11/14 05:15:56 Image size of job updated: 72784
...
006 (1753548.000.000) 11/14 05:20:56 Image size of job updated: 284520
...
006 (1753548.000.000) 11/14 05:25:56 Image size of job updated: 286140
...
006 (1753548.000.000) 11/14 05:30:56 Image size of job updated: 286876
...
006 (1753548.000.000) 11/14 05:45:56 Image size of job updated: 287212
...
006 (1753548.000.000) 11/14 05:50:56 Image size of job updated: 287484
...
006 (1753548.000.000) 11/14 05:55:57 Image size of job updated: 288344
...
006 (1753548.000.000) 11/14 06:00:58 Image size of job updated: 291064
...
006 (1753548.000.000) 11/14 06:26:03 Image size of job updated: 291796
...
006 (1753548.000.000) 11/14 06:31:04 Image size of job updated: 292984
...
006 (1753548.000.000) 11/14 06:46:07 Image size of job updated: 293200
...
006 (1753548.000.000) 11/14 06:51:08 Image size of job updated: 294228
...
006 (1753548.000.000) 11/14 07:46:19 Image size of job updated: 294596
...
006 (1753548.000.000) 11/14 07:51:20 Image size of job updated: 295300
...
006 (1753548.000.000) 11/14 07:56:21 Image size of job updated: 296064
...
006 (1753548.000.000) 11/14 08:01:22 Image size of job updated: 296316
...
006 (1753548.000.000) 11/14 08:11:24 Image size of job updated: 296436
...
006 (1753548.000.000) 11/14 08:16:25 Image size of job updated: 296940
...
006 (1753548.000.000) 11/14 08:26:27 Image size of job updated: 296956
...
006 (1753548.000.000) 11/14 08:31:28 Image size of job updated: 297372
...
005 (1753548.000.000) 11/14 08:35:45 Job terminated.
	(1) Normal termination (return value 0)
		Usr 0 03:05:00, Sys 0 00:01:15  -  Run Remote Usage
		Usr 0 00:00:00, Sys 0 00:00:00  -  Run Local Usage
		Usr 0 03:05:00, Sys 0 00:01:15  -  Total Remote Usage
		Usr 0 00:00:00, Sys 0 00:00:00  -  Total Local Usage
	0  -  Run Bytes Sent By Job
	0  -  Run Bytes Received By Job
	0  -  Total Bytes Sent By Job
	0  -  Total Bytes Received By Job
...
