000 (1753821.000.000) 11/14 02:16:47 Job submitted from host: <130.199.206.69:49450>
...
001 (1753821.000.000) 11/14 08:11:24 Job executing on host: <130.199.180.156:41502>
...
006 (1753821.000.000) 11/14 08:16:34 Image size of job updated: 283232
...
006 (1753821.000.000) 11/14 08:21:35 Image size of job updated: 284124
...
006 (1753821.000.000) 11/14 08:26:36 Image size of job updated: 284176
...
006 (1753821.000.000) 11/14 08:31:37 Image size of job updated: 284640
...
006 (1753821.000.000) 11/14 08:36:38 Image size of job updated: 285136
...
006 (1753821.000.000) 11/14 08:41:39 Image size of job updated: 285632
...
006 (1753821.000.000) 11/14 08:46:40 Image size of job updated: 286860
...
006 (1753821.000.000) 11/14 08:51:41 Image size of job updated: 288604
...
006 (1753821.000.000) 11/14 09:01:43 Image size of job updated: 292960
...
006 (1753821.000.000) 11/14 09:06:44 Image size of job updated: 293748
...
006 (1753821.000.000) 11/14 09:11:45 Image size of job updated: 294732
...
006 (1753821.000.000) 11/14 09:16:46 Image size of job updated: 294772
...
006 (1753821.000.000) 11/14 09:51:53 Image size of job updated: 294924
...
006 (1753821.000.000) 11/14 09:56:54 Image size of job updated: 295132
...
006 (1753821.000.000) 11/14 10:01:54 Image size of job updated: 295780
...
006 (1753821.000.000) 11/14 10:06:54 Image size of job updated: 296384
...
005 (1753821.000.000) 11/14 10:21:55 Job terminated.
	(1) Normal termination (return value 0)
		Usr 0 01:56:28, Sys 0 00:01:01  -  Run Remote Usage
		Usr 0 00:00:00, Sys 0 00:00:00  -  Run Local Usage
		Usr 0 01:56:28, Sys 0 00:01:01  -  Total Remote Usage
		Usr 0 00:00:00, Sys 0 00:00:00  -  Total Local Usage
	0  -  Run Bytes Sent By Job
	0  -  Run Bytes Received By Job
	0  -  Total Bytes Sent By Job
	0  -  Total Bytes Received By Job
...
