000 (1754792.000.000) 11/14 02:19:12 Job submitted from host: <130.199.206.69:49450>
...
001 (1754792.000.000) 11/14 08:58:53 Job executing on host: <130.199.180.178:51879>
...
006 (1754792.000.000) 11/14 08:59:01 Image size of job updated: 173664
...
006 (1754792.000.000) 11/14 09:04:01 Image size of job updated: 284528
...
006 (1754792.000.000) 11/14 09:09:01 Image size of job updated: 306988
...
006 (1754792.000.000) 11/14 09:14:01 Image size of job updated: 321868
...
006 (1754792.000.000) 11/14 09:19:01 Image size of job updated: 325964
...
006 (1754792.000.000) 11/14 09:24:01 Image size of job updated: 328012
...
006 (1754792.000.000) 11/14 09:39:01 Image size of job updated: 329036
...
006 (1754792.000.000) 11/14 09:44:01 Image size of job updated: 330060
...
006 (1754792.000.000) 11/14 09:49:01 Image size of job updated: 331084
...
006 (1754792.000.000) 11/14 09:54:01 Image size of job updated: 333824
...
006 (1754792.000.000) 11/14 09:59:01 Image size of job updated: 336896
...
006 (1754792.000.000) 11/14 10:09:02 Image size of job updated: 338944
...
006 (1754792.000.000) 11/14 10:44:04 Image size of job updated: 339968
...
006 (1754792.000.000) 11/14 11:09:04 Image size of job updated: 340992
...
005 (1754792.000.000) 11/14 11:42:08 Job terminated.
	(1) Normal termination (return value 0)
		Usr 0 02:30:03, Sys 0 00:01:37  -  Run Remote Usage
		Usr 0 00:00:00, Sys 0 00:00:00  -  Run Local Usage
		Usr 0 02:30:03, Sys 0 00:01:37  -  Total Remote Usage
		Usr 0 00:00:00, Sys 0 00:00:00  -  Total Local Usage
	0  -  Run Bytes Sent By Job
	0  -  Run Bytes Received By Job
	0  -  Total Bytes Sent By Job
	0  -  Total Bytes Received By Job
...
