000 (1754430.000.000) 11/14 02:18:20 Job submitted from host: <130.199.206.69:49450>
...
001 (1754430.000.000) 11/14 09:08:29 Job executing on host: <130.199.180.171:36907>
...
006 (1754430.000.000) 11/14 09:08:37 Image size of job updated: 173780
...
006 (1754430.000.000) 11/14 09:13:37 Image size of job updated: 276428
...
006 (1754430.000.000) 11/14 09:18:37 Image size of job updated: 286668
...
006 (1754430.000.000) 11/14 09:23:37 Image size of job updated: 287820
...
006 (1754430.000.000) 11/14 09:28:37 Image size of job updated: 289400
...
006 (1754430.000.000) 11/14 09:33:37 Image size of job updated: 290588
...
006 (1754430.000.000) 11/14 09:38:37 Image size of job updated: 291752
...
006 (1754430.000.000) 11/14 09:43:37 Image size of job updated: 292192
...
006 (1754430.000.000) 11/14 09:48:37 Image size of job updated: 293024
...
006 (1754430.000.000) 11/14 09:53:37 Image size of job updated: 293260
...
006 (1754430.000.000) 11/14 09:58:37 Image size of job updated: 296360
...
006 (1754430.000.000) 11/14 10:03:37 Image size of job updated: 296964
...
006 (1754430.000.000) 11/14 10:08:37 Image size of job updated: 297164
...
006 (1754430.000.000) 11/14 10:28:37 Image size of job updated: 321656
...
006 (1754430.000.000) 11/14 10:33:37 Image size of job updated: 329848
...
006 (1754430.000.000) 11/14 10:38:37 Image size of job updated: 335884
...
006 (1754430.000.000) 11/14 10:43:37 Image size of job updated: 338956
...
006 (1754430.000.000) 11/14 10:53:37 Image size of job updated: 341004
...
006 (1754430.000.000) 11/14 11:13:37 Image size of job updated: 343052
...
006 (1754430.000.000) 11/14 11:18:37 Image size of job updated: 344076
...
005 (1754430.000.000) 11/14 11:31:30 Job terminated.
	(1) Normal termination (return value 0)
		Usr 0 02:10:58, Sys 0 00:01:25  -  Run Remote Usage
		Usr 0 00:00:00, Sys 0 00:00:00  -  Run Local Usage
		Usr 0 02:10:58, Sys 0 00:01:25  -  Total Remote Usage
		Usr 0 00:00:00, Sys 0 00:00:00  -  Total Local Usage
	0  -  Run Bytes Sent By Job
	0  -  Run Bytes Received By Job
	0  -  Total Bytes Sent By Job
	0  -  Total Bytes Received By Job
...
