000 (1755139.000.000) 11/14 02:19:46 Job submitted from host: <130.199.206.69:49450>
...
001 (1755139.000.000) 11/15 12:03:34 Job executing on host: <130.199.180.152:59096>
...
006 (1755139.000.000) 11/15 12:03:43 Image size of job updated: 18656
...
006 (1755139.000.000) 11/15 12:08:44 Image size of job updated: 175556
...
006 (1755139.000.000) 11/15 12:13:45 Image size of job updated: 192792
...
006 (1755139.000.000) 11/15 12:18:46 Image size of job updated: 277556
...
006 (1755139.000.000) 11/15 12:23:47 Image size of job updated: 290392
...
006 (1755139.000.000) 11/15 12:28:48 Image size of job updated: 325784
...
006 (1755139.000.000) 11/15 12:33:49 Image size of job updated: 330904
...
006 (1755139.000.000) 11/15 12:43:51 Image size of job updated: 333720
...
006 (1755139.000.000) 11/15 12:48:52 Image size of job updated: 335768
...
006 (1755139.000.000) 11/15 12:58:54 Image size of job updated: 337816
...
005 (1755139.000.000) 11/15 13:29:39 Job terminated.
	(1) Normal termination (return value 0)
		Usr 0 01:03:51, Sys 0 00:00:35  -  Run Remote Usage
		Usr 0 00:00:00, Sys 0 00:00:00  -  Run Local Usage
		Usr 0 01:03:51, Sys 0 00:00:35  -  Total Remote Usage
		Usr 0 00:00:00, Sys 0 00:00:00  -  Total Local Usage
	0  -  Run Bytes Sent By Job
	0  -  Run Bytes Received By Job
	0  -  Total Bytes Sent By Job
	0  -  Total Bytes Received By Job
...
