000 (1755440.000.000) 11/14 02:20:10 Job submitted from host: <130.199.206.69:49450>
...
001 (1755440.000.000) 11/15 15:35:52 Job executing on host: <130.199.183.1:42118>
...
006 (1755440.000.000) 11/15 15:36:01 Image size of job updated: 174184
...
006 (1755440.000.000) 11/15 15:41:02 Image size of job updated: 285888
...
006 (1755440.000.000) 11/15 15:46:03 Image size of job updated: 294084
...
006 (1755440.000.000) 11/15 15:51:04 Image size of job updated: 295480
...
006 (1755440.000.000) 11/15 15:56:05 Image size of job updated: 297544
...
005 (1755440.000.000) 11/15 15:56:07 Job terminated.
	(1) Normal termination (return value 0)
		Usr 0 00:13:35, Sys 0 00:00:09  -  Run Remote Usage
		Usr 0 00:00:00, Sys 0 00:00:00  -  Run Local Usage
		Usr 0 00:13:35, Sys 0 00:00:09  -  Total Remote Usage
		Usr 0 00:00:00, Sys 0 00:00:00  -  Total Local Usage
	0  -  Run Bytes Sent By Job
	0  -  Run Bytes Received By Job
	0  -  Total Bytes Sent By Job
	0  -  Total Bytes Received By Job
...
