000 (1755092.000.000) 11/14 02:19:46 Job submitted from host: <130.199.206.69:49450>
...
001 (1755092.000.000) 11/15 18:31:04 Job executing on host: <130.199.206.67:52316>
...
006 (1755092.000.000) 11/15 18:36:12 Image size of job updated: 297996
...
006 (1755092.000.000) 11/15 18:41:12 Image size of job updated: 316428
...
006 (1755092.000.000) 11/15 18:46:12 Image size of job updated: 326668
...
006 (1755092.000.000) 11/15 18:56:12 Image size of job updated: 327692
...
006 (1755092.000.000) 11/15 19:06:12 Image size of job updated: 333840
...
006 (1755092.000.000) 11/15 19:11:12 Image size of job updated: 334864
...
006 (1755092.000.000) 11/15 19:16:12 Image size of job updated: 335888
...
006 (1755092.000.000) 11/15 19:21:12 Image size of job updated: 336912
...
006 (1755092.000.000) 11/15 19:26:13 Image size of job updated: 337936
...
006 (1755092.000.000) 11/15 19:31:14 Image size of job updated: 338960
...
006 (1755092.000.000) 11/15 19:36:15 Image size of job updated: 339984
...
006 (1755092.000.000) 11/15 20:26:25 Image size of job updated: 340992
...
006 (1755092.000.000) 11/15 20:31:25 Image size of job updated: 341764
...
006 (1755092.000.000) 11/15 20:36:25 Image size of job updated: 342464
...
006 (1755092.000.000) 11/15 20:41:25 Image size of job updated: 343408
...
006 (1755092.000.000) 11/15 21:16:25 Image size of job updated: 343704
...
005 (1755092.000.000) 11/15 21:39:56 Job terminated.
	(1) Normal termination (return value 0)
		Usr 0 02:54:26, Sys 0 00:00:31  -  Run Remote Usage
		Usr 0 00:00:00, Sys 0 00:00:00  -  Run Local Usage
		Usr 0 02:54:26, Sys 0 00:00:31  -  Total Remote Usage
		Usr 0 00:00:00, Sys 0 00:00:00  -  Total Local Usage
	0  -  Run Bytes Sent By Job
	0  -  Run Bytes Received By Job
	0  -  Total Bytes Sent By Job
	0  -  Total Bytes Received By Job
...
