000 (1754107.000.000) 11/14 02:17:37 Job submitted from host: <130.199.206.69:49450>
...
001 (1754107.000.000) 11/14 08:33:43 Job executing on host: <130.199.183.29:35269>
...
006 (1754107.000.000) 11/14 08:33:51 Image size of job updated: 173808
...
006 (1754107.000.000) 11/14 08:38:51 Image size of job updated: 284340
...
006 (1754107.000.000) 11/14 08:43:51 Image size of job updated: 285312
...
006 (1754107.000.000) 11/14 08:48:51 Image size of job updated: 285780
...
006 (1754107.000.000) 11/14 08:53:51 Image size of job updated: 287112
...
006 (1754107.000.000) 11/14 09:18:51 Image size of job updated: 287500
...
006 (1754107.000.000) 11/14 09:23:51 Image size of job updated: 288304
...
006 (1754107.000.000) 11/14 09:33:51 Image size of job updated: 288628
...
006 (1754107.000.000) 11/14 09:43:51 Image size of job updated: 290156
...
006 (1754107.000.000) 11/14 09:48:51 Image size of job updated: 290708
...
006 (1754107.000.000) 11/14 09:53:51 Image size of job updated: 291668
...
006 (1754107.000.000) 11/14 10:03:51 Image size of job updated: 292104
...
006 (1754107.000.000) 11/14 10:18:51 Image size of job updated: 292732
...
006 (1754107.000.000) 11/14 10:28:51 Image size of job updated: 294056
...
006 (1754107.000.000) 11/14 10:33:51 Image size of job updated: 294524
...
006 (1754107.000.000) 11/14 11:43:59 Image size of job updated: 294620
...
006 (1754107.000.000) 11/14 11:54:01 Image size of job updated: 295680
...
006 (1754107.000.000) 11/14 12:14:05 Image size of job updated: 296600
...
006 (1754107.000.000) 11/14 12:29:08 Image size of job updated: 296624
...
006 (1754107.000.000) 11/14 12:34:09 Image size of job updated: 296880
...
005 (1754107.000.000) 11/14 13:06:46 Job terminated.
	(1) Normal termination (return value 0)
		Usr 0 03:37:40, Sys 0 00:01:53  -  Run Remote Usage
		Usr 0 00:00:00, Sys 0 00:00:00  -  Run Local Usage
		Usr 0 03:37:40, Sys 0 00:01:53  -  Total Remote Usage
		Usr 0 00:00:00, Sys 0 00:00:00  -  Total Local Usage
	0  -  Run Bytes Sent By Job
	0  -  Run Bytes Received By Job
	0  -  Total Bytes Sent By Job
	0  -  Total Bytes Received By Job
...
