000 (1754259.000.000) 11/14 02:17:52 Job submitted from host: <130.199.206.69:49450>
...
001 (1754259.000.000) 11/14 08:34:46 Job executing on host: <130.199.180.167:33733>
...
006 (1754259.000.000) 11/14 08:34:55 Image size of job updated: 208088
...
006 (1754259.000.000) 11/14 08:39:56 Image size of job updated: 281268
...
006 (1754259.000.000) 11/14 08:44:57 Image size of job updated: 289948
...
006 (1754259.000.000) 11/14 08:49:58 Image size of job updated: 290904
...
006 (1754259.000.000) 11/14 08:54:59 Image size of job updated: 291068
...
006 (1754259.000.000) 11/14 09:00:00 Image size of job updated: 291856
...
005 (1754259.000.000) 11/14 09:05:02 Job terminated.
	(1) Normal termination (return value 0)
		Usr 0 00:20:28, Sys 0 00:00:09  -  Run Remote Usage
		Usr 0 00:00:00, Sys 0 00:00:00  -  Run Local Usage
		Usr 0 00:20:28, Sys 0 00:00:09  -  Total Remote Usage
		Usr 0 00:00:00, Sys 0 00:00:00  -  Total Local Usage
	0  -  Run Bytes Sent By Job
	0  -  Run Bytes Received By Job
	0  -  Total Bytes Sent By Job
	0  -  Total Bytes Received By Job
...
000 (1798160.000.000) 11/18 15:19:54 Job submitted from host: <130.199.206.69:49450>
...
001 (1798160.000.000) 11/18 15:25:21 Job executing on host: <130.199.183.6:57580>
...
006 (1798160.000.000) 11/18 15:25:30 Image size of job updated: 139988
...
006 (1798160.000.000) 11/18 15:30:31 Image size of job updated: 210168
...
004 (1798160.000.000) 11/18 20:25:22 Job was evicted.
	(0) Job was not checkpointed.
		Usr 0 00:00:01, Sys 0 00:00:08  -  Run Remote Usage
		Usr 0 00:00:00, Sys 0 00:00:00  -  Run Local Usage
	0  -  Run Bytes Sent By Job
	0  -  Run Bytes Received By Job
...
009 (1798160.000.000) 11/18 20:26:16 Job was aborted by the user.
	The job attribute PeriodicRemove expression '(NumJobStarts >= 1 && JobStatus == 1) || (JobStatus == 2 && (CurrentTime - JobCurrentStartDate > (54000)) && ((RemoteUserCpu + RemoteSysCpu) / (CurrentTime - JobCurrentStartDate) < 0.100000)) || (((CurrentTime - EnteredCurrentStatus) > (2 * 24 * 3600)) && JobStatus == 5) || (JobRunCount >= 1 && JobStatus == 1)' evaluated to TRUE
...
000 (1804686.000.000) 11/21 22:32:12 Job submitted from host: <130.199.206.69:49450>
...
001 (1804686.000.000) 11/21 22:35:29 Job executing on host: <130.199.180.141:43183>
...
006 (1804686.000.000) 11/21 22:40:39 Image size of job updated: 174240
...
006 (1804686.000.000) 11/21 22:45:40 Image size of job updated: 183532
...
006 (1804686.000.000) 11/21 22:50:40 Image size of job updated: 288676
...
006 (1804686.000.000) 11/21 22:55:40 Image size of job updated: 291404
...
006 (1804686.000.000) 11/21 23:00:40 Image size of job updated: 329528
...
006 (1804686.000.000) 11/21 23:15:40 Image size of job updated: 329956
...
006 (1804686.000.000) 11/21 23:20:40 Image size of job updated: 330980
...
006 (1804686.000.000) 11/21 23:40:40 Image size of job updated: 333028
...
005 (1804686.000.000) 11/21 23:45:02 Job terminated.
	(1) Normal termination (return value 0)
		Usr 0 00:53:33, Sys 0 00:00:31  -  Run Remote Usage
		Usr 0 00:00:00, Sys 0 00:00:00  -  Run Local Usage
		Usr 0 00:53:33, Sys 0 00:00:31  -  Total Remote Usage
		Usr 0 00:00:00, Sys 0 00:00:00  -  Total Local Usage
	0  -  Run Bytes Sent By Job
	0  -  Run Bytes Received By Job
	0  -  Total Bytes Sent By Job
	0  -  Total Bytes Received By Job
...
