000 (1754157.000.000) 11/14 02:17:37 Job submitted from host: <130.199.206.69:49450>
...
001 (1754157.000.000) 11/14 05:11:58 Job executing on host: <130.199.183.30:49801>
...
006 (1754157.000.000) 11/14 05:12:06 Image size of job updated: 173692
...
006 (1754157.000.000) 11/14 05:17:06 Image size of job updated: 290916
...
006 (1754157.000.000) 11/14 05:22:06 Image size of job updated: 292760
...
006 (1754157.000.000) 11/14 05:27:06 Image size of job updated: 292800
...
006 (1754157.000.000) 11/14 05:32:06 Image size of job updated: 294508
...
006 (1754157.000.000) 11/14 05:37:06 Image size of job updated: 295464
...
006 (1754157.000.000) 11/14 05:47:06 Image size of job updated: 295528
...
006 (1754157.000.000) 11/14 05:52:06 Image size of job updated: 295564
...
006 (1754157.000.000) 11/14 05:57:06 Image size of job updated: 296568
...
006 (1754157.000.000) 11/14 06:02:06 Image size of job updated: 298900
...
006 (1754157.000.000) 11/14 06:07:06 Image size of job updated: 299428
...
006 (1754157.000.000) 11/14 06:12:06 Image size of job updated: 299688
...
006 (1754157.000.000) 11/14 06:17:06 Image size of job updated: 299916
...
006 (1754157.000.000) 11/14 06:22:06 Image size of job updated: 300336
...
006 (1754157.000.000) 11/14 06:27:06 Image size of job updated: 300772
...
006 (1754157.000.000) 11/14 06:32:06 Image size of job updated: 300804
...
005 (1754157.000.000) 11/14 06:49:56 Job terminated.
	(1) Normal termination (return value 0)
		Usr 0 01:19:40, Sys 0 00:00:39  -  Run Remote Usage
		Usr 0 00:00:00, Sys 0 00:00:00  -  Run Local Usage
		Usr 0 01:19:40, Sys 0 00:00:39  -  Total Remote Usage
		Usr 0 00:00:00, Sys 0 00:00:00  -  Total Local Usage
	0  -  Run Bytes Sent By Job
	0  -  Run Bytes Received By Job
	0  -  Total Bytes Sent By Job
	0  -  Total Bytes Received By Job
...
