000 (1754174.000.000) 11/14 02:17:52 Job submitted from host: <130.199.206.69:49450>
...
001 (1754174.000.000) 11/14 05:15:43 Job executing on host: <130.199.180.161:59459>
...
006 (1754174.000.000) 11/14 05:20:51 Image size of job updated: 282508
...
006 (1754174.000.000) 11/14 05:25:51 Image size of job updated: 283524
...
006 (1754174.000.000) 11/14 05:35:51 Image size of job updated: 287852
...
006 (1754174.000.000) 11/14 05:40:51 Image size of job updated: 289764
...
006 (1754174.000.000) 11/14 05:45:51 Image size of job updated: 290332
...
006 (1754174.000.000) 11/14 05:55:51 Image size of job updated: 299692
...
006 (1754174.000.000) 11/14 06:00:51 Image size of job updated: 322584
...
006 (1754174.000.000) 11/14 06:05:51 Image size of job updated: 328728
...
006 (1754174.000.000) 11/14 06:10:51 Image size of job updated: 333848
...
006 (1754174.000.000) 11/14 06:25:53 Image size of job updated: 334872
...
006 (1754174.000.000) 11/14 06:30:54 Image size of job updated: 341024
...
006 (1754174.000.000) 11/14 06:35:55 Image size of job updated: 343072
...
006 (1754174.000.000) 11/14 06:40:56 Image size of job updated: 344096
...
006 (1754174.000.000) 11/14 06:45:57 Image size of job updated: 345120
...
005 (1754174.000.000) 11/14 07:11:32 Job terminated.
	(1) Normal termination (return value 0)
		Usr 0 01:44:24, Sys 0 00:00:54  -  Run Remote Usage
		Usr 0 00:00:00, Sys 0 00:00:00  -  Run Local Usage
		Usr 0 01:44:24, Sys 0 00:00:54  -  Total Remote Usage
		Usr 0 00:00:00, Sys 0 00:00:00  -  Total Local Usage
	0  -  Run Bytes Sent By Job
	0  -  Run Bytes Received By Job
	0  -  Total Bytes Sent By Job
	0  -  Total Bytes Received By Job
...
