000 (1754478.000.000) 11/14 02:18:34 Job submitted from host: <130.199.206.69:49450>
...
001 (1754478.000.000) 11/14 05:30:36 Job executing on host: <130.199.180.163:49954>
...
006 (1754478.000.000) 11/14 05:35:46 Image size of job updated: 281984
...
006 (1754478.000.000) 11/14 05:40:47 Image size of job updated: 282544
...
006 (1754478.000.000) 11/14 05:45:48 Image size of job updated: 285136
...
006 (1754478.000.000) 11/14 05:50:49 Image size of job updated: 286060
...
006 (1754478.000.000) 11/14 05:55:50 Image size of job updated: 287768
...
006 (1754478.000.000) 11/14 06:00:51 Image size of job updated: 288664
...
006 (1754478.000.000) 11/14 06:05:52 Image size of job updated: 289144
...
006 (1754478.000.000) 11/14 06:10:53 Image size of job updated: 289792
...
006 (1754478.000.000) 11/14 06:15:54 Image size of job updated: 292804
...
006 (1754478.000.000) 11/14 06:20:56 Image size of job updated: 292832
...
006 (1754478.000.000) 11/14 06:25:56 Image size of job updated: 293316
...
006 (1754478.000.000) 11/14 07:20:56 Image size of job updated: 294004
...
006 (1754478.000.000) 11/14 07:25:56 Image size of job updated: 294124
...
006 (1754478.000.000) 11/14 08:05:56 Image size of job updated: 322704
...
006 (1754478.000.000) 11/14 08:10:56 Image size of job updated: 336016
...
006 (1754478.000.000) 11/14 08:15:56 Image size of job updated: 338064
...
006 (1754478.000.000) 11/14 08:20:56 Image size of job updated: 339088
...
005 (1754478.000.000) 11/14 08:28:19 Job terminated.
	(1) Normal termination (return value 0)
		Usr 0 02:45:25, Sys 0 00:01:16  -  Run Remote Usage
		Usr 0 00:00:00, Sys 0 00:00:00  -  Run Local Usage
		Usr 0 02:45:25, Sys 0 00:01:16  -  Total Remote Usage
		Usr 0 00:00:00, Sys 0 00:00:00  -  Total Local Usage
	0  -  Run Bytes Sent By Job
	0  -  Run Bytes Received By Job
	0  -  Total Bytes Sent By Job
	0  -  Total Bytes Received By Job
...
