000 (1754142.000.000) 11/14 02:17:37 Job submitted from host: <130.199.206.69:49450>
...
001 (1754142.000.000) 11/14 04:54:05 Job executing on host: <130.199.183.21:49750>
...
006 (1754142.000.000) 11/14 04:54:14 Image size of job updated: 73092
...
006 (1754142.000.000) 11/14 04:59:14 Image size of job updated: 283560
...
006 (1754142.000.000) 11/14 05:04:15 Image size of job updated: 286364
...
006 (1754142.000.000) 11/14 05:14:15 Image size of job updated: 287296
...
006 (1754142.000.000) 11/14 05:19:15 Image size of job updated: 288268
...
006 (1754142.000.000) 11/14 05:24:15 Image size of job updated: 288744
...
006 (1754142.000.000) 11/14 05:29:15 Image size of job updated: 290268
...
006 (1754142.000.000) 11/14 05:34:15 Image size of job updated: 291264
...
006 (1754142.000.000) 11/14 05:44:15 Image size of job updated: 291696
...
006 (1754142.000.000) 11/14 05:49:15 Image size of job updated: 292616
...
006 (1754142.000.000) 11/14 05:54:15 Image size of job updated: 293020
...
006 (1754142.000.000) 11/14 06:09:15 Image size of job updated: 293892
...
006 (1754142.000.000) 11/14 06:59:15 Image size of job updated: 294168
...
006 (1754142.000.000) 11/14 07:09:15 Image size of job updated: 294272
...
006 (1754142.000.000) 11/14 07:14:15 Image size of job updated: 294328
...
006 (1754142.000.000) 11/14 07:19:15 Image size of job updated: 295228
...
006 (1754142.000.000) 11/14 07:29:15 Image size of job updated: 295416
...
006 (1754142.000.000) 11/14 08:04:15 Image size of job updated: 295624
...
006 (1754142.000.000) 11/14 08:59:15 Image size of job updated: 296788
...
005 (1754142.000.000) 11/14 09:07:14 Job terminated.
	(1) Normal termination (return value 0)
		Usr 0 03:44:37, Sys 0 00:01:33  -  Run Remote Usage
		Usr 0 00:00:00, Sys 0 00:00:00  -  Run Local Usage
		Usr 0 03:44:37, Sys 0 00:01:33  -  Total Remote Usage
		Usr 0 00:00:00, Sys 0 00:00:00  -  Total Local Usage
	0  -  Run Bytes Sent By Job
	0  -  Run Bytes Received By Job
	0  -  Total Bytes Sent By Job
	0  -  Total Bytes Received By Job
...
