000 (1755452.000.000) 11/14 02:20:10 Job submitted from host: <130.199.206.69:49450>
...
001 (1755452.000.000) 11/15 21:24:35 Job executing on host: <130.199.206.166:42375>
...
006 (1755452.000.000) 11/15 21:24:43 Image size of job updated: 144436
...
006 (1755452.000.000) 11/15 21:29:43 Image size of job updated: 279492
...
006 (1755452.000.000) 11/15 21:34:43 Image size of job updated: 286856
...
006 (1755452.000.000) 11/15 21:39:43 Image size of job updated: 320624
...
005 (1755452.000.000) 11/15 21:40:26 Job terminated.
	(1) Normal termination (return value 0)
		Usr 0 00:14:01, Sys 0 00:00:05  -  Run Remote Usage
		Usr 0 00:00:00, Sys 0 00:00:00  -  Run Local Usage
		Usr 0 00:14:01, Sys 0 00:00:05  -  Total Remote Usage
		Usr 0 00:00:00, Sys 0 00:00:00  -  Total Local Usage
	0  -  Run Bytes Sent By Job
	0  -  Run Bytes Received By Job
	0  -  Total Bytes Sent By Job
	0  -  Total Bytes Received By Job
...
