000 (1753753.000.000) 11/14 02:16:28 Job submitted from host: <130.199.206.69:49450>
...
001 (1753753.000.000) 11/14 04:32:34 Job executing on host: <130.199.183.22:48346>
...
006 (1753753.000.000) 11/14 04:32:43 Image size of job updated: 144932
...
006 (1753753.000.000) 11/14 04:37:44 Image size of job updated: 285540
...
006 (1753753.000.000) 11/14 04:42:45 Image size of job updated: 287420
...
006 (1753753.000.000) 11/14 04:47:46 Image size of job updated: 287516
...
006 (1753753.000.000) 11/14 04:52:46 Image size of job updated: 287920
...
006 (1753753.000.000) 11/14 05:02:46 Image size of job updated: 289064
...
006 (1753753.000.000) 11/14 05:12:46 Image size of job updated: 289632
...
006 (1753753.000.000) 11/14 05:17:46 Image size of job updated: 289732
...
006 (1753753.000.000) 11/14 05:27:46 Image size of job updated: 297156
...
006 (1753753.000.000) 11/14 05:32:46 Image size of job updated: 299292
...
006 (1753753.000.000) 11/14 05:37:46 Image size of job updated: 299624
...
006 (1753753.000.000) 11/14 05:42:46 Image size of job updated: 301296
...
006 (1753753.000.000) 11/14 05:52:46 Image size of job updated: 301864
...
005 (1753753.000.000) 11/14 06:06:47 Job terminated.
	(1) Normal termination (return value 0)
		Usr 0 01:25:15, Sys 0 00:00:39  -  Run Remote Usage
		Usr 0 00:00:00, Sys 0 00:00:00  -  Run Local Usage
		Usr 0 01:25:15, Sys 0 00:00:39  -  Total Remote Usage
		Usr 0 00:00:00, Sys 0 00:00:00  -  Total Local Usage
	0  -  Run Bytes Sent By Job
	0  -  Run Bytes Received By Job
	0  -  Total Bytes Sent By Job
	0  -  Total Bytes Received By Job
...
