000 (1754624.000.000) 11/14 02:18:46 Job submitted from host: <130.199.206.69:49450>
...
001 (1754624.000.000) 11/14 05:38:36 Job executing on host: <130.199.183.31:39335>
...
006 (1754624.000.000) 11/14 05:38:44 Image size of job updated: 146192
...
006 (1754624.000.000) 11/14 05:43:44 Image size of job updated: 283480
...
006 (1754624.000.000) 11/14 05:48:44 Image size of job updated: 284536
...
006 (1754624.000.000) 11/14 06:03:44 Image size of job updated: 285364
...
006 (1754624.000.000) 11/14 06:08:44 Image size of job updated: 285956
...
006 (1754624.000.000) 11/14 06:13:44 Image size of job updated: 286792
...
006 (1754624.000.000) 11/14 06:18:44 Image size of job updated: 288076
...
006 (1754624.000.000) 11/14 06:23:44 Image size of job updated: 288572
...
006 (1754624.000.000) 11/14 06:28:44 Image size of job updated: 290948
...
006 (1754624.000.000) 11/14 06:33:44 Image size of job updated: 291092
...
006 (1754624.000.000) 11/14 06:38:45 Image size of job updated: 291144
...
006 (1754624.000.000) 11/14 06:43:46 Image size of job updated: 291824
...
006 (1754624.000.000) 11/14 07:03:50 Image size of job updated: 292132
...
006 (1754624.000.000) 11/14 07:08:51 Image size of job updated: 292892
...
006 (1754624.000.000) 11/14 07:13:52 Image size of job updated: 294032
...
006 (1754624.000.000) 11/14 07:18:53 Image size of job updated: 294620
...
006 (1754624.000.000) 11/14 07:28:55 Image size of job updated: 294688
...
006 (1754624.000.000) 11/14 07:38:57 Image size of job updated: 294808
...
006 (1754624.000.000) 11/14 07:48:59 Image size of job updated: 295264
...
006 (1754624.000.000) 11/14 08:19:05 Image size of job updated: 295904
...
006 (1754624.000.000) 11/14 08:24:06 Image size of job updated: 296008
...
006 (1754624.000.000) 11/14 08:29:07 Image size of job updated: 296392
...
006 (1754624.000.000) 11/14 08:34:08 Image size of job updated: 296948
...
006 (1754624.000.000) 11/14 08:39:09 Image size of job updated: 297292
...
005 (1754624.000.000) 11/14 08:39:34 Job terminated.
	(1) Normal termination (return value 0)
		Usr 0 02:45:15, Sys 0 00:01:07  -  Run Remote Usage
		Usr 0 00:00:00, Sys 0 00:00:00  -  Run Local Usage
		Usr 0 02:45:15, Sys 0 00:01:07  -  Total Remote Usage
		Usr 0 00:00:00, Sys 0 00:00:00  -  Total Local Usage
	0  -  Run Bytes Sent By Job
	0  -  Run Bytes Received By Job
	0  -  Total Bytes Sent By Job
	0  -  Total Bytes Received By Job
...
