000 (1753621.000.000) 11/14 02:16:08 Job submitted from host: <130.199.206.69:49450>
...
001 (1753621.000.000) 11/14 05:29:59 Job executing on host: <130.199.183.13:48319>
...
006 (1753621.000.000) 11/14 05:35:09 Image size of job updated: 283568
...
006 (1753621.000.000) 11/14 05:40:10 Image size of job updated: 284248
...
006 (1753621.000.000) 11/14 05:45:11 Image size of job updated: 285420
...
006 (1753621.000.000) 11/14 06:00:14 Image size of job updated: 285660
...
006 (1753621.000.000) 11/14 06:10:16 Image size of job updated: 287412
...
006 (1753621.000.000) 11/14 06:20:18 Image size of job updated: 290020
...
006 (1753621.000.000) 11/14 06:30:20 Image size of job updated: 291308
...
006 (1753621.000.000) 11/14 06:35:21 Image size of job updated: 291428
...
006 (1753621.000.000) 11/14 06:40:22 Image size of job updated: 291676
...
006 (1753621.000.000) 11/14 06:55:25 Image size of job updated: 293728
...
006 (1753621.000.000) 11/14 07:10:28 Image size of job updated: 294116
...
006 (1753621.000.000) 11/14 07:15:29 Image size of job updated: 294332
...
006 (1753621.000.000) 11/14 07:20:30 Image size of job updated: 294976
...
006 (1753621.000.000) 11/14 07:25:31 Image size of job updated: 294992
...
006 (1753621.000.000) 11/14 07:30:32 Image size of job updated: 295052
...
006 (1753621.000.000) 11/14 07:35:33 Image size of job updated: 295232
...
006 (1753621.000.000) 11/14 07:55:37 Image size of job updated: 295488
...
006 (1753621.000.000) 11/14 08:00:38 Image size of job updated: 295684
...
006 (1753621.000.000) 11/14 08:10:40 Image size of job updated: 295932
...
006 (1753621.000.000) 11/14 08:15:41 Image size of job updated: 296228
...
006 (1753621.000.000) 11/14 08:20:42 Image size of job updated: 296688
...
006 (1753621.000.000) 11/14 09:05:51 Image size of job updated: 296780
...
006 (1753621.000.000) 11/14 09:10:52 Image size of job updated: 297400
...
006 (1753621.000.000) 11/14 09:15:53 Image size of job updated: 297528
...
006 (1753621.000.000) 11/14 09:20:54 Image size of job updated: 327792
...
006 (1753621.000.000) 11/14 09:25:55 Image size of job updated: 334820
...
005 (1753621.000.000) 11/14 09:29:50 Job terminated.
	(1) Normal termination (return value 0)
		Usr 0 03:39:05, Sys 0 00:01:34  -  Run Remote Usage
		Usr 0 00:00:00, Sys 0 00:00:00  -  Run Local Usage
		Usr 0 03:39:05, Sys 0 00:01:34  -  Total Remote Usage
		Usr 0 00:00:00, Sys 0 00:00:00  -  Total Local Usage
	0  -  Run Bytes Sent By Job
	0  -  Run Bytes Received By Job
	0  -  Total Bytes Sent By Job
	0  -  Total Bytes Received By Job
...
