000 (1754628.000.000) 11/14 02:18:46 Job submitted from host: <130.199.206.69:49450>
...
001 (1754628.000.000) 11/14 05:45:52 Job executing on host: <130.199.206.168:46869>
...
006 (1754628.000.000) 11/14 05:46:00 Image size of job updated: 174292
...
006 (1754628.000.000) 11/14 05:51:00 Image size of job updated: 297456
...
006 (1754628.000.000) 11/14 05:56:00 Image size of job updated: 315484
...
006 (1754628.000.000) 11/14 06:01:00 Image size of job updated: 323676
...
006 (1754628.000.000) 11/14 06:11:00 Image size of job updated: 324700
...
006 (1754628.000.000) 11/14 06:16:00 Image size of job updated: 326752
...
006 (1754628.000.000) 11/14 06:21:00 Image size of job updated: 331872
...
006 (1754628.000.000) 11/14 06:26:00 Image size of job updated: 332896
...
006 (1754628.000.000) 11/14 06:36:00 Image size of job updated: 333524
...
006 (1754628.000.000) 11/14 06:41:00 Image size of job updated: 333584
...
006 (1754628.000.000) 11/14 06:51:00 Image size of job updated: 333820
...
006 (1754628.000.000) 11/14 07:06:03 Image size of job updated: 336980
...
006 (1754628.000.000) 11/14 07:11:04 Image size of job updated: 338308
...
006 (1754628.000.000) 11/14 07:16:05 Image size of job updated: 338704
...
006 (1754628.000.000) 11/14 07:21:06 Image size of job updated: 338720
...
006 (1754628.000.000) 11/14 07:26:07 Image size of job updated: 338976
...
006 (1754628.000.000) 11/14 07:51:12 Image size of job updated: 339824
...
006 (1754628.000.000) 11/14 07:56:13 Image size of job updated: 340848
...
006 (1754628.000.000) 11/14 08:01:14 Image size of job updated: 341872
...
006 (1754628.000.000) 11/14 08:06:14 Image size of job updated: 342896
...
005 (1754628.000.000) 11/14 09:09:00 Job terminated.
	(1) Normal termination (return value 0)
		Usr 0 03:09:02, Sys 0 00:00:52  -  Run Remote Usage
		Usr 0 00:00:00, Sys 0 00:00:00  -  Run Local Usage
		Usr 0 03:09:02, Sys 0 00:00:52  -  Total Remote Usage
		Usr 0 00:00:00, Sys 0 00:00:00  -  Total Local Usage
	0  -  Run Bytes Sent By Job
	0  -  Run Bytes Received By Job
	0  -  Total Bytes Sent By Job
	0  -  Total Bytes Received By Job
...
