000 (1754392.000.000) 11/14 02:18:20 Job submitted from host: <130.199.206.69:49450>
...
001 (1754392.000.000) 11/14 05:15:18 Job executing on host: <130.199.180.152:59096>
...
006 (1754392.000.000) 11/14 05:20:26 Image size of job updated: 284084
...
006 (1754392.000.000) 11/14 05:25:26 Image size of job updated: 284456
...
006 (1754392.000.000) 11/14 05:30:26 Image size of job updated: 285544
...
006 (1754392.000.000) 11/14 05:35:26 Image size of job updated: 286804
...
006 (1754392.000.000) 11/14 05:45:26 Image size of job updated: 286900
...
006 (1754392.000.000) 11/14 05:50:26 Image size of job updated: 287280
...
006 (1754392.000.000) 11/14 05:55:26 Image size of job updated: 291200
...
006 (1754392.000.000) 11/14 06:00:26 Image size of job updated: 291396
...
006 (1754392.000.000) 11/14 06:05:26 Image size of job updated: 291872
...
006 (1754392.000.000) 11/14 06:20:26 Image size of job updated: 292268
...
006 (1754392.000.000) 11/14 06:35:26 Image size of job updated: 292804
...
006 (1754392.000.000) 11/14 06:40:26 Image size of job updated: 293456
...
006 (1754392.000.000) 11/14 06:45:26 Image size of job updated: 294204
...
006 (1754392.000.000) 11/14 06:50:26 Image size of job updated: 294648
...
006 (1754392.000.000) 11/14 06:55:26 Image size of job updated: 294680
...
006 (1754392.000.000) 11/14 07:00:26 Image size of job updated: 325692
...
006 (1754392.000.000) 11/14 07:05:26 Image size of job updated: 330812
...
006 (1754392.000.000) 11/14 07:10:26 Image size of job updated: 334908
...
006 (1754392.000.000) 11/14 07:15:26 Image size of job updated: 336956
...
006 (1754392.000.000) 11/14 07:20:26 Image size of job updated: 339004
...
006 (1754392.000.000) 11/14 07:25:26 Image size of job updated: 340028
...
006 (1754392.000.000) 11/14 07:30:26 Image size of job updated: 342076
...
006 (1754392.000.000) 11/14 07:50:26 Image size of job updated: 343100
...
006 (1754392.000.000) 11/14 07:55:26 Image size of job updated: 344124
...
006 (1754392.000.000) 11/14 08:00:26 Image size of job updated: 345148
...
006 (1754392.000.000) 11/14 08:45:34 Image size of job updated: 346172
...
006 (1754392.000.000) 11/14 09:00:37 Image size of job updated: 347196
...
005 (1754392.000.000) 11/14 09:02:33 Job terminated.
	(1) Normal termination (return value 0)
		Usr 0 03:30:33, Sys 0 00:01:56  -  Run Remote Usage
		Usr 0 00:00:00, Sys 0 00:00:00  -  Run Local Usage
		Usr 0 03:30:33, Sys 0 00:01:56  -  Total Remote Usage
		Usr 0 00:00:00, Sys 0 00:00:00  -  Total Local Usage
	0  -  Run Bytes Sent By Job
	0  -  Run Bytes Received By Job
	0  -  Total Bytes Sent By Job
	0  -  Total Bytes Received By Job
...
