000 (1754336.000.000) 11/14 02:18:07 Job submitted from host: <130.199.206.69:49450>
...
001 (1754336.000.000) 11/14 05:29:45 Job executing on host: <130.199.180.172:54357>
...
006 (1754336.000.000) 11/14 05:34:53 Image size of job updated: 284568
...
006 (1754336.000.000) 11/14 05:39:53 Image size of job updated: 286600
...
006 (1754336.000.000) 11/14 05:49:53 Image size of job updated: 287088
...
006 (1754336.000.000) 11/14 05:54:53 Image size of job updated: 288784
...
006 (1754336.000.000) 11/14 06:14:53 Image size of job updated: 291124
...
006 (1754336.000.000) 11/14 06:19:53 Image size of job updated: 291568
...
006 (1754336.000.000) 11/14 06:24:53 Image size of job updated: 292376
...
006 (1754336.000.000) 11/14 06:44:53 Image size of job updated: 292936
...
006 (1754336.000.000) 11/14 07:14:53 Image size of job updated: 294756
...
006 (1754336.000.000) 11/14 07:19:53 Image size of job updated: 294924
...
006 (1754336.000.000) 11/14 07:44:56 Image size of job updated: 295372
...
006 (1754336.000.000) 11/14 08:05:00 Image size of job updated: 474524
...
006 (1754336.000.000) 11/14 08:10:01 Image size of job updated: 476348
...
006 (1754336.000.000) 11/14 08:15:02 Image size of job updated: 476888
...
006 (1754336.000.000) 11/14 08:25:04 Image size of job updated: 477592
...
006 (1754336.000.000) 11/14 08:30:05 Image size of job updated: 478024
...
006 (1754336.000.000) 11/14 08:35:06 Image size of job updated: 478164
...
006 (1754336.000.000) 11/14 08:50:09 Image size of job updated: 478392
...
005 (1754336.000.000) 11/14 08:51:04 Job terminated.
	(1) Normal termination (return value 0)
		Usr 0 02:58:10, Sys 0 00:01:34  -  Run Remote Usage
		Usr 0 00:00:00, Sys 0 00:00:00  -  Run Local Usage
		Usr 0 02:58:10, Sys 0 00:01:34  -  Total Remote Usage
		Usr 0 00:00:00, Sys 0 00:00:00  -  Total Local Usage
	0  -  Run Bytes Sent By Job
	0  -  Run Bytes Received By Job
	0  -  Total Bytes Sent By Job
	0  -  Total Bytes Received By Job
...
