000 (1755253.000.000) 11/14 02:19:54 Job submitted from host: <130.199.206.69:49450>
...
001 (1755253.000.000) 11/15 12:24:08 Job executing on host: <130.199.180.141:43183>
...
006 (1755253.000.000) 11/15 12:29:16 Image size of job updated: 284892
...
006 (1755253.000.000) 11/15 12:34:16 Image size of job updated: 287288
...
006 (1755253.000.000) 11/15 12:39:16 Image size of job updated: 288096
...
006 (1755253.000.000) 11/15 12:44:16 Image size of job updated: 289024
...
006 (1755253.000.000) 11/15 12:49:16 Image size of job updated: 290028
...
006 (1755253.000.000) 11/15 12:54:16 Image size of job updated: 290304
...
006 (1755253.000.000) 11/15 12:59:16 Image size of job updated: 291040
...
006 (1755253.000.000) 11/15 13:04:16 Image size of job updated: 293328
...
006 (1755253.000.000) 11/15 13:09:16 Image size of job updated: 293760
...
006 (1755253.000.000) 11/15 13:14:16 Image size of job updated: 295104
...
006 (1755253.000.000) 11/15 13:19:16 Image size of job updated: 295660
...
006 (1755253.000.000) 11/15 13:44:16 Image size of job updated: 295780
...
006 (1755253.000.000) 11/15 13:49:16 Image size of job updated: 296172
...
006 (1755253.000.000) 11/15 14:44:27 Image size of job updated: 296616
...
006 (1755253.000.000) 11/15 14:49:28 Image size of job updated: 296660
...
006 (1755253.000.000) 11/15 14:54:29 Image size of job updated: 296668
...
005 (1755253.000.000) 11/15 15:33:27 Job terminated.
	(1) Normal termination (return value 0)
		Usr 0 02:12:42, Sys 0 00:01:20  -  Run Remote Usage
		Usr 0 00:00:00, Sys 0 00:00:00  -  Run Local Usage
		Usr 0 02:12:42, Sys 0 00:01:20  -  Total Remote Usage
		Usr 0 00:00:00, Sys 0 00:00:00  -  Total Local Usage
	0  -  Run Bytes Sent By Job
	0  -  Run Bytes Received By Job
	0  -  Total Bytes Sent By Job
	0  -  Total Bytes Received By Job
...
