000 (1754884.000.000) 11/14 02:19:27 Job submitted from host: <130.199.206.69:49450>
...
001 (1754884.000.000) 11/15 10:50:57 Job executing on host: <130.199.206.172:51127>
...
006 (1754884.000.000) 11/15 10:56:07 Image size of job updated: 174172
...
006 (1754884.000.000) 11/15 11:01:08 Image size of job updated: 175436
...
006 (1754884.000.000) 11/15 11:06:09 Image size of job updated: 186808
...
006 (1754884.000.000) 11/15 11:11:10 Image size of job updated: 275428
...
006 (1754884.000.000) 11/15 11:16:11 Image size of job updated: 293892
...
006 (1754884.000.000) 11/15 11:21:12 Image size of job updated: 318760
...
006 (1754884.000.000) 11/15 11:26:13 Image size of job updated: 327980
...
006 (1754884.000.000) 11/15 11:31:14 Image size of job updated: 330028
...
006 (1754884.000.000) 11/15 11:46:17 Image size of job updated: 332112
...
006 (1754884.000.000) 11/15 11:56:17 Image size of job updated: 335648
...
006 (1754884.000.000) 11/15 12:01:17 Image size of job updated: 338720
...
006 (1754884.000.000) 11/15 12:11:17 Image size of job updated: 339744
...
006 (1754884.000.000) 11/15 12:16:17 Image size of job updated: 340768
...
006 (1754884.000.000) 11/15 12:26:17 Image size of job updated: 341792
...
006 (1754884.000.000) 11/15 12:31:17 Image size of job updated: 342816
...
005 (1754884.000.000) 11/15 12:40:56 Job terminated.
	(1) Normal termination (return value 0)
		Usr 0 01:24:21, Sys 0 00:00:33  -  Run Remote Usage
		Usr 0 00:00:00, Sys 0 00:00:00  -  Run Local Usage
		Usr 0 01:24:21, Sys 0 00:00:33  -  Total Remote Usage
		Usr 0 00:00:00, Sys 0 00:00:00  -  Total Local Usage
	0  -  Run Bytes Sent By Job
	0  -  Run Bytes Received By Job
	0  -  Total Bytes Sent By Job
	0  -  Total Bytes Received By Job
...
