000 (1753474.000.000) 11/14 02:15:48 Job submitted from host: <130.199.206.69:49450>
...
001 (1753474.000.000) 11/14 03:40:31 Job executing on host: <130.199.206.120:57090>
...
006 (1753474.000.000) 11/14 03:45:41 Image size of job updated: 273592
...
006 (1753474.000.000) 11/14 03:50:42 Image size of job updated: 281584
...
006 (1753474.000.000) 11/14 03:55:43 Image size of job updated: 283296
...
006 (1753474.000.000) 11/14 04:00:44 Image size of job updated: 287648
...
006 (1753474.000.000) 11/14 04:05:45 Image size of job updated: 290396
...
006 (1753474.000.000) 11/14 04:10:46 Image size of job updated: 291916
...
006 (1753474.000.000) 11/14 04:15:47 Image size of job updated: 292908
...
006 (1753474.000.000) 11/14 04:20:48 Image size of job updated: 293496
...
006 (1753474.000.000) 11/14 04:25:49 Image size of job updated: 296288
...
006 (1753474.000.000) 11/14 04:30:50 Image size of job updated: 296828
...
005 (1753474.000.000) 11/14 04:34:26 Job terminated.
	(1) Normal termination (return value 0)
		Usr 0 00:50:02, Sys 0 00:00:12  -  Run Remote Usage
		Usr 0 00:00:00, Sys 0 00:00:00  -  Run Local Usage
		Usr 0 00:50:02, Sys 0 00:00:12  -  Total Remote Usage
		Usr 0 00:00:00, Sys 0 00:00:00  -  Total Local Usage
	0  -  Run Bytes Sent By Job
	0  -  Run Bytes Received By Job
	0  -  Total Bytes Sent By Job
	0  -  Total Bytes Received By Job
...
