000 (1753630.000.000) 11/14 02:16:08 Job submitted from host: <130.199.206.69:49450>
...
001 (1753630.000.000) 11/14 05:53:24 Job executing on host: <130.199.180.159:36980>
...
006 (1753630.000.000) 11/14 05:53:33 Image size of job updated: 175420
...
006 (1753630.000.000) 11/14 05:58:34 Image size of job updated: 281256
...
006 (1753630.000.000) 11/14 06:03:35 Image size of job updated: 282956
...
006 (1753630.000.000) 11/14 06:08:36 Image size of job updated: 283260
...
006 (1753630.000.000) 11/14 06:13:37 Image size of job updated: 284296
...
006 (1753630.000.000) 11/14 06:38:42 Image size of job updated: 289736
...
006 (1753630.000.000) 11/14 06:43:43 Image size of job updated: 318244
...
006 (1753630.000.000) 11/14 06:48:44 Image size of job updated: 327460
...
006 (1753630.000.000) 11/14 06:53:45 Image size of job updated: 332580
...
006 (1753630.000.000) 11/14 06:58:45 Image size of job updated: 335652
...
006 (1753630.000.000) 11/14 07:03:46 Image size of job updated: 336676
...
006 (1753630.000.000) 11/14 07:08:46 Image size of job updated: 338724
...
006 (1753630.000.000) 11/14 07:13:46 Image size of job updated: 339748
...
006 (1753630.000.000) 11/14 07:18:46 Image size of job updated: 340772
...
006 (1753630.000.000) 11/14 07:23:46 Image size of job updated: 341796
...
006 (1753630.000.000) 11/14 07:43:46 Image size of job updated: 342820
...
006 (1753630.000.000) 11/14 08:28:46 Image size of job updated: 344868
...
005 (1753630.000.000) 11/14 08:48:38 Job terminated.
	(1) Normal termination (return value 0)
		Usr 0 02:39:07, Sys 0 00:01:10  -  Run Remote Usage
		Usr 0 00:00:00, Sys 0 00:00:00  -  Run Local Usage
		Usr 0 02:39:07, Sys 0 00:01:10  -  Total Remote Usage
		Usr 0 00:00:00, Sys 0 00:00:00  -  Total Local Usage
	0  -  Run Bytes Sent By Job
	0  -  Run Bytes Received By Job
	0  -  Total Bytes Sent By Job
	0  -  Total Bytes Received By Job
...
