000 (1753875.000.000) 11/14 02:17:04 Job submitted from host: <130.199.206.69:49450>
...
001 (1753875.000.000) 11/14 03:58:24 Job executing on host: <130.199.206.160:58206>
...
006 (1753875.000.000) 11/14 04:03:32 Image size of job updated: 294608
...
006 (1753875.000.000) 11/14 04:08:32 Image size of job updated: 323536
...
006 (1753875.000.000) 11/14 04:13:32 Image size of job updated: 333100
...
006 (1753875.000.000) 11/14 04:18:32 Image size of job updated: 335148
...
005 (1753875.000.000) 11/14 04:18:35 Job terminated.
	(1) Normal termination (return value 0)
		Usr 0 00:18:40, Sys 0 00:00:05  -  Run Remote Usage
		Usr 0 00:00:00, Sys 0 00:00:00  -  Run Local Usage
		Usr 0 00:18:40, Sys 0 00:00:05  -  Total Remote Usage
		Usr 0 00:00:00, Sys 0 00:00:00  -  Total Local Usage
	0  -  Run Bytes Sent By Job
	0  -  Run Bytes Received By Job
	0  -  Total Bytes Sent By Job
	0  -  Total Bytes Received By Job
...
