000 (1755083.000.000) 11/14 02:19:46 Job submitted from host: <130.199.206.69:49450>
...
001 (1755083.000.000) 11/15 18:30:56 Job executing on host: <130.199.180.170:47912>
...
006 (1755083.000.000) 11/15 18:31:05 Image size of job updated: 96196
...
006 (1755083.000.000) 11/15 18:36:06 Image size of job updated: 299884
...
006 (1755083.000.000) 11/15 18:41:07 Image size of job updated: 320172
...
006 (1755083.000.000) 11/15 18:46:08 Image size of job updated: 325292
...
006 (1755083.000.000) 11/15 18:51:09 Image size of job updated: 326316
...
006 (1755083.000.000) 11/15 19:06:12 Image size of job updated: 329388
...
006 (1755083.000.000) 11/15 19:11:13 Image size of job updated: 334512
...
006 (1755083.000.000) 11/15 19:16:14 Image size of job updated: 336560
...
006 (1755083.000.000) 11/15 19:36:18 Image size of job updated: 338608
...
006 (1755083.000.000) 11/15 20:21:27 Image size of job updated: 339632
...
006 (1755083.000.000) 11/15 20:41:31 Image size of job updated: 340656
...
006 (1755083.000.000) 11/15 21:06:31 Image size of job updated: 341680
...
006 (1755083.000.000) 11/15 21:11:31 Image size of job updated: 342704
...
005 (1755083.000.000) 11/15 22:04:24 Job terminated.
	(1) Normal termination (return value 0)
		Usr 0 03:12:23, Sys 0 00:01:52  -  Run Remote Usage
		Usr 0 00:00:00, Sys 0 00:00:00  -  Run Local Usage
		Usr 0 03:12:23, Sys 0 00:01:52  -  Total Remote Usage
		Usr 0 00:00:00, Sys 0 00:00:00  -  Total Local Usage
	0  -  Run Bytes Sent By Job
	0  -  Run Bytes Received By Job
	0  -  Total Bytes Sent By Job
	0  -  Total Bytes Received By Job
...
