000 (1753644.000.000) 11/14 02:16:08 Job submitted from host: <130.199.206.69:49450>
...
001 (1753644.000.000) 11/14 05:19:06 Job executing on host: <130.199.183.18:59916>
...
006 (1753644.000.000) 11/14 05:24:14 Image size of job updated: 284560
...
006 (1753644.000.000) 11/14 05:29:14 Image size of job updated: 320636
...
006 (1753644.000.000) 11/14 05:34:14 Image size of job updated: 325756
...
006 (1753644.000.000) 11/14 05:39:14 Image size of job updated: 326780
...
006 (1753644.000.000) 11/14 05:44:14 Image size of job updated: 329856
...
006 (1753644.000.000) 11/14 05:49:14 Image size of job updated: 332928
...
006 (1753644.000.000) 11/14 05:54:14 Image size of job updated: 333952
...
006 (1753644.000.000) 11/14 06:04:14 Image size of job updated: 334976
...
006 (1753644.000.000) 11/14 06:09:14 Image size of job updated: 336000
...
006 (1753644.000.000) 11/14 06:14:14 Image size of job updated: 337024
...
006 (1753644.000.000) 11/14 06:19:14 Image size of job updated: 338048
...
006 (1753644.000.000) 11/14 06:24:14 Image size of job updated: 339072
...
006 (1753644.000.000) 11/14 06:39:14 Image size of job updated: 340096
...
006 (1753644.000.000) 11/14 07:34:17 Image size of job updated: 341120
...
006 (1753644.000.000) 11/14 07:49:20 Image size of job updated: 342144
...
006 (1753644.000.000) 11/14 08:09:24 Image size of job updated: 343168
...
006 (1753644.000.000) 11/14 08:39:30 Image size of job updated: 344192
...
005 (1753644.000.000) 11/14 09:12:13 Job terminated.
	(1) Normal termination (return value 0)
		Usr 0 03:27:32, Sys 0 00:01:35  -  Run Remote Usage
		Usr 0 00:00:00, Sys 0 00:00:00  -  Run Local Usage
		Usr 0 03:27:32, Sys 0 00:01:35  -  Total Remote Usage
		Usr 0 00:00:00, Sys 0 00:00:00  -  Total Local Usage
	0  -  Run Bytes Sent By Job
	0  -  Run Bytes Received By Job
	0  -  Total Bytes Sent By Job
	0  -  Total Bytes Received By Job
...
