000 (1755383.000.000) 11/14 02:20:10 Job submitted from host: <130.199.206.69:49450>
...
001 (1755383.000.000) 11/15 12:50:48 Job executing on host: <130.199.206.187:57875>
...
006 (1755383.000.000) 11/15 12:50:57 Image size of job updated: 148172
...
006 (1755383.000.000) 11/15 12:55:58 Image size of job updated: 285812
...
006 (1755383.000.000) 11/15 13:00:59 Image size of job updated: 289732
...
006 (1755383.000.000) 11/15 13:06:00 Image size of job updated: 291612
...
006 (1755383.000.000) 11/15 13:16:02 Image size of job updated: 324208
...
006 (1755383.000.000) 11/15 13:21:03 Image size of job updated: 336864
...
006 (1755383.000.000) 11/15 13:26:04 Image size of job updated: 338912
...
005 (1755383.000.000) 11/15 13:29:14 Job terminated.
	(1) Normal termination (return value 0)
		Usr 0 00:34:16, Sys 0 00:00:06  -  Run Remote Usage
		Usr 0 00:00:00, Sys 0 00:00:00  -  Run Local Usage
		Usr 0 00:34:16, Sys 0 00:00:06  -  Total Remote Usage
		Usr 0 00:00:00, Sys 0 00:00:00  -  Total Local Usage
	0  -  Run Bytes Sent By Job
	0  -  Run Bytes Received By Job
	0  -  Total Bytes Sent By Job
	0  -  Total Bytes Received By Job
...
