000 (1754955.000.000) 11/14 02:19:27 Job submitted from host: <130.199.206.69:49450>
...
001 (1754955.000.000) 11/15 11:35:50 Job executing on host: <130.199.180.156:41502>
...
006 (1754955.000.000) 11/15 11:35:58 Image size of job updated: 72624
...
006 (1754955.000.000) 11/15 11:40:58 Image size of job updated: 284220
...
006 (1754955.000.000) 11/15 11:45:58 Image size of job updated: 286172
...
006 (1754955.000.000) 11/15 11:55:58 Image size of job updated: 286984
...
006 (1754955.000.000) 11/15 12:00:58 Image size of job updated: 288056
...
006 (1754955.000.000) 11/15 12:05:58 Image size of job updated: 288440
...
006 (1754955.000.000) 11/15 12:15:58 Image size of job updated: 290228
...
006 (1754955.000.000) 11/15 12:20:58 Image size of job updated: 291060
...
006 (1754955.000.000) 11/15 12:25:58 Image size of job updated: 292032
...
006 (1754955.000.000) 11/15 12:30:58 Image size of job updated: 292688
...
006 (1754955.000.000) 11/15 12:35:58 Image size of job updated: 293224
...
006 (1754955.000.000) 11/15 12:45:58 Image size of job updated: 294976
...
006 (1754955.000.000) 11/15 14:05:58 Image size of job updated: 295024
...
006 (1754955.000.000) 11/15 14:10:58 Image size of job updated: 295228
...
006 (1754955.000.000) 11/15 14:15:58 Image size of job updated: 295824
...
006 (1754955.000.000) 11/15 14:20:58 Image size of job updated: 330660
...
006 (1754955.000.000) 11/15 14:25:58 Image size of job updated: 337828
...
006 (1754955.000.000) 11/15 14:30:58 Image size of job updated: 338852
...
006 (1754955.000.000) 11/15 14:35:58 Image size of job updated: 339876
...
005 (1754955.000.000) 11/15 14:40:55 Job terminated.
	(1) Normal termination (return value 0)
		Usr 0 02:25:45, Sys 0 00:01:17  -  Run Remote Usage
		Usr 0 00:00:00, Sys 0 00:00:00  -  Run Local Usage
		Usr 0 02:25:45, Sys 0 00:01:17  -  Total Remote Usage
		Usr 0 00:00:00, Sys 0 00:00:00  -  Total Local Usage
	0  -  Run Bytes Sent By Job
	0  -  Run Bytes Received By Job
	0  -  Total Bytes Sent By Job
	0  -  Total Bytes Received By Job
...
