000 (1753742.000.000) 11/14 02:16:28 Job submitted from host: <130.199.206.69:49450>
...
001 (1753742.000.000) 11/14 06:51:57 Job executing on host: <130.199.180.169:46641>
...
006 (1753742.000.000) 11/14 06:52:06 Image size of job updated: 174284
...
006 (1753742.000.000) 11/14 06:57:07 Image size of job updated: 284324
...
006 (1753742.000.000) 11/14 07:02:08 Image size of job updated: 285348
...
006 (1753742.000.000) 11/14 07:07:09 Image size of job updated: 286396
...
006 (1753742.000.000) 11/14 07:12:10 Image size of job updated: 287236
...
006 (1753742.000.000) 11/14 07:27:13 Image size of job updated: 287352
...
006 (1753742.000.000) 11/14 07:32:14 Image size of job updated: 287812
...
006 (1753742.000.000) 11/14 07:37:15 Image size of job updated: 287836
...
006 (1753742.000.000) 11/14 07:42:16 Image size of job updated: 288576
...
006 (1753742.000.000) 11/14 07:47:17 Image size of job updated: 290224
...
006 (1753742.000.000) 11/14 07:52:18 Image size of job updated: 290432
...
006 (1753742.000.000) 11/14 07:57:19 Image size of job updated: 294148
...
006 (1753742.000.000) 11/14 08:02:20 Image size of job updated: 294840
...
006 (1753742.000.000) 11/14 08:22:24 Image size of job updated: 296176
...
006 (1753742.000.000) 11/14 08:27:25 Image size of job updated: 296300
...
006 (1753742.000.000) 11/14 08:32:26 Image size of job updated: 324520
...
006 (1753742.000.000) 11/14 08:37:27 Image size of job updated: 332712
...
006 (1753742.000.000) 11/14 08:42:28 Image size of job updated: 336808
...
006 (1753742.000.000) 11/14 08:47:29 Image size of job updated: 337832
...
006 (1753742.000.000) 11/14 08:52:30 Image size of job updated: 338856
...
006 (1753742.000.000) 11/14 08:57:31 Image size of job updated: 339880
...
006 (1753742.000.000) 11/14 09:12:34 Image size of job updated: 340904
...
006 (1753742.000.000) 11/14 09:17:35 Image size of job updated: 342952
...
005 (1753742.000.000) 11/14 09:26:57 Job terminated.
	(1) Normal termination (return value 0)
		Usr 0 02:21:52, Sys 0 00:01:02  -  Run Remote Usage
		Usr 0 00:00:00, Sys 0 00:00:00  -  Run Local Usage
		Usr 0 02:21:52, Sys 0 00:01:02  -  Total Remote Usage
		Usr 0 00:00:00, Sys 0 00:00:00  -  Total Local Usage
	0  -  Run Bytes Sent By Job
	0  -  Run Bytes Received By Job
	0  -  Total Bytes Sent By Job
	0  -  Total Bytes Received By Job
...
