000 (1754388.000.000) 11/14 02:18:20 Job submitted from host: <130.199.206.69:49450>
...
001 (1754388.000.000) 11/14 05:22:41 Job executing on host: <130.199.180.149:32900>
...
006 (1754388.000.000) 11/14 05:22:50 Image size of job updated: 203880
...
006 (1754388.000.000) 11/14 05:27:51 Image size of job updated: 284920
...
006 (1754388.000.000) 11/14 05:32:52 Image size of job updated: 286212
...
006 (1754388.000.000) 11/14 05:42:54 Image size of job updated: 287348
...
006 (1754388.000.000) 11/14 05:52:56 Image size of job updated: 288636
...
006 (1754388.000.000) 11/14 05:57:57 Image size of job updated: 290160
...
006 (1754388.000.000) 11/14 06:02:58 Image size of job updated: 291216
...
006 (1754388.000.000) 11/14 06:18:01 Image size of job updated: 291496
...
006 (1754388.000.000) 11/14 06:23:02 Image size of job updated: 292076
...
006 (1754388.000.000) 11/14 06:28:03 Image size of job updated: 292684
...
006 (1754388.000.000) 11/14 06:33:04 Image size of job updated: 293228
...
006 (1754388.000.000) 11/14 06:43:06 Image size of job updated: 293564
...
006 (1754388.000.000) 11/14 06:53:08 Image size of job updated: 293572
...
006 (1754388.000.000) 11/14 06:58:09 Image size of job updated: 293852
...
006 (1754388.000.000) 11/14 07:23:11 Image size of job updated: 294104
...
006 (1754388.000.000) 11/14 07:28:11 Image size of job updated: 295092
...
006 (1754388.000.000) 11/14 07:38:11 Image size of job updated: 295820
...
006 (1754388.000.000) 11/14 07:43:11 Image size of job updated: 297408
...
006 (1754388.000.000) 11/14 07:48:11 Image size of job updated: 322280
...
006 (1754388.000.000) 11/14 07:53:11 Image size of job updated: 337820
...
006 (1754388.000.000) 11/14 07:58:11 Image size of job updated: 341448
...
006 (1754388.000.000) 11/14 08:03:11 Image size of job updated: 343496
...
006 (1754388.000.000) 11/14 08:08:11 Image size of job updated: 344520
...
006 (1754388.000.000) 11/14 08:23:11 Image size of job updated: 345544
...
005 (1754388.000.000) 11/14 08:37:23 Job terminated.
	(1) Normal termination (return value 0)
		Usr 0 02:56:11, Sys 0 00:01:28  -  Run Remote Usage
		Usr 0 00:00:00, Sys 0 00:00:00  -  Run Local Usage
		Usr 0 02:56:11, Sys 0 00:01:28  -  Total Remote Usage
		Usr 0 00:00:00, Sys 0 00:00:00  -  Total Local Usage
	0  -  Run Bytes Sent By Job
	0  -  Run Bytes Received By Job
	0  -  Total Bytes Sent By Job
	0  -  Total Bytes Received By Job
...
