000 (1754130.000.000) 11/14 02:17:37 Job submitted from host: <130.199.206.69:49450>
...
001 (1754130.000.000) 11/14 05:01:35 Job executing on host: <130.199.180.166:41628>
...
006 (1754130.000.000) 11/14 05:06:43 Image size of job updated: 282096
...
006 (1754130.000.000) 11/14 05:11:43 Image size of job updated: 287284
...
006 (1754130.000.000) 11/14 05:16:43 Image size of job updated: 289592
...
005 (1754130.000.000) 11/14 05:19:32 Job terminated.
	(1) Normal termination (return value 0)
		Usr 0 00:15:13, Sys 0 00:00:15  -  Run Remote Usage
		Usr 0 00:00:00, Sys 0 00:00:00  -  Run Local Usage
		Usr 0 00:15:13, Sys 0 00:00:15  -  Total Remote Usage
		Usr 0 00:00:00, Sys 0 00:00:00  -  Total Local Usage
	0  -  Run Bytes Sent By Job
	0  -  Run Bytes Received By Job
	0  -  Total Bytes Sent By Job
	0  -  Total Bytes Received By Job
...
