000 (1754681.000.000) 11/14 02:18:59 Job submitted from host: <130.199.206.69:49450>
...
001 (1754681.000.000) 11/14 05:54:44 Job executing on host: <130.199.180.155:36902>
...
006 (1754681.000.000) 11/14 05:54:53 Image size of job updated: 153928
...
006 (1754681.000.000) 11/14 05:59:54 Image size of job updated: 282452
...
006 (1754681.000.000) 11/14 06:04:55 Image size of job updated: 284508
...
006 (1754681.000.000) 11/14 06:09:56 Image size of job updated: 285296
...
006 (1754681.000.000) 11/14 06:14:57 Image size of job updated: 285652
...
006 (1754681.000.000) 11/14 06:30:00 Image size of job updated: 286680
...
006 (1754681.000.000) 11/14 06:40:02 Image size of job updated: 287232
...
006 (1754681.000.000) 11/14 06:45:03 Image size of job updated: 288212
...
006 (1754681.000.000) 11/14 06:50:04 Image size of job updated: 290736
...
006 (1754681.000.000) 11/14 07:05:07 Image size of job updated: 291708
...
006 (1754681.000.000) 11/14 07:10:08 Image size of job updated: 291940
...
006 (1754681.000.000) 11/14 07:20:10 Image size of job updated: 292400
...
006 (1754681.000.000) 11/14 07:25:11 Image size of job updated: 292996
...
006 (1754681.000.000) 11/14 07:30:12 Image size of job updated: 293120
...
006 (1754681.000.000) 11/14 07:40:14 Image size of job updated: 294192
...
006 (1754681.000.000) 11/14 07:55:17 Image size of job updated: 294988
...
006 (1754681.000.000) 11/14 08:00:18 Image size of job updated: 295724
...
006 (1754681.000.000) 11/14 08:20:22 Image size of job updated: 296296
...
006 (1754681.000.000) 11/14 08:30:24 Image size of job updated: 296572
...
006 (1754681.000.000) 11/14 08:50:28 Image size of job updated: 297080
...
006 (1754681.000.000) 11/14 08:55:29 Image size of job updated: 297820
...
005 (1754681.000.000) 11/14 09:27:07 Job terminated.
	(1) Normal termination (return value 0)
		Usr 0 03:12:56, Sys 0 00:01:24  -  Run Remote Usage
		Usr 0 00:00:00, Sys 0 00:00:00  -  Run Local Usage
		Usr 0 03:12:56, Sys 0 00:01:24  -  Total Remote Usage
		Usr 0 00:00:00, Sys 0 00:00:00  -  Total Local Usage
	0  -  Run Bytes Sent By Job
	0  -  Run Bytes Received By Job
	0  -  Total Bytes Sent By Job
	0  -  Total Bytes Received By Job
...
