000 (1754896.000.000) 11/14 02:19:27 Job submitted from host: <130.199.206.69:49450>
...
001 (1754896.000.000) 11/15 13:09:35 Job executing on host: <130.199.180.176:34913>
...
006 (1754896.000.000) 11/15 13:14:43 Image size of job updated: 283384
...
006 (1754896.000.000) 11/15 13:19:43 Image size of job updated: 284756
...
006 (1754896.000.000) 11/15 13:29:43 Image size of job updated: 286888
...
006 (1754896.000.000) 11/15 13:34:43 Image size of job updated: 289204
...
006 (1754896.000.000) 11/15 13:39:43 Image size of job updated: 289584
...
006 (1754896.000.000) 11/15 13:44:43 Image size of job updated: 290036
...
006 (1754896.000.000) 11/15 13:49:43 Image size of job updated: 290712
...
006 (1754896.000.000) 11/15 13:59:43 Image size of job updated: 293100
...
006 (1754896.000.000) 11/15 14:09:44 Image size of job updated: 294640
...
006 (1754896.000.000) 11/15 14:29:48 Image size of job updated: 295600
...
006 (1754896.000.000) 11/15 14:34:49 Image size of job updated: 296780
...
006 (1754896.000.000) 11/15 14:54:53 Image size of job updated: 327712
...
006 (1754896.000.000) 11/15 14:59:54 Image size of job updated: 338372
...
006 (1754896.000.000) 11/15 15:09:56 Image size of job updated: 339396
...
005 (1754896.000.000) 11/15 15:12:14 Job terminated.
	(1) Normal termination (return value 0)
		Usr 0 01:48:24, Sys 0 00:01:07  -  Run Remote Usage
		Usr 0 00:00:00, Sys 0 00:00:00  -  Run Local Usage
		Usr 0 01:48:24, Sys 0 00:01:07  -  Total Remote Usage
		Usr 0 00:00:00, Sys 0 00:00:00  -  Total Local Usage
	0  -  Run Bytes Sent By Job
	0  -  Run Bytes Received By Job
	0  -  Total Bytes Sent By Job
	0  -  Total Bytes Received By Job
...
