000 (1755287.000.000) 11/14 02:20:03 Job submitted from host: <130.199.206.69:49450>
...
001 (1755287.000.000) 11/15 12:37:31 Job executing on host: <130.199.180.145:42379>
...
006 (1755287.000.000) 11/15 12:37:40 Image size of job updated: 159148
...
006 (1755287.000.000) 11/15 12:42:41 Image size of job updated: 316072
...
006 (1755287.000.000) 11/15 12:47:42 Image size of job updated: 324264
...
006 (1755287.000.000) 11/15 12:52:43 Image size of job updated: 328360
...
006 (1755287.000.000) 11/15 12:57:44 Image size of job updated: 329384
...
006 (1755287.000.000) 11/15 13:12:47 Image size of job updated: 331432
...
006 (1755287.000.000) 11/15 13:17:48 Image size of job updated: 332456
...
006 (1755287.000.000) 11/15 13:22:49 Image size of job updated: 334504
...
005 (1755287.000.000) 11/15 13:28:13 Job terminated.
	(1) Normal termination (return value 0)
		Usr 0 00:46:15, Sys 0 00:00:24  -  Run Remote Usage
		Usr 0 00:00:00, Sys 0 00:00:00  -  Run Local Usage
		Usr 0 00:46:15, Sys 0 00:00:24  -  Total Remote Usage
		Usr 0 00:00:00, Sys 0 00:00:00  -  Total Local Usage
	0  -  Run Bytes Sent By Job
	0  -  Run Bytes Received By Job
	0  -  Total Bytes Sent By Job
	0  -  Total Bytes Received By Job
...
