000 (1754596.000.000) 11/14 02:18:46 Job submitted from host: <130.199.206.69:49450>
...
001 (1754596.000.000) 11/14 06:06:55 Job executing on host: <130.199.180.178:51879>
...
006 (1754596.000.000) 11/14 06:12:03 Image size of job updated: 283924
...
006 (1754596.000.000) 11/14 06:17:03 Image size of job updated: 285912
...
006 (1754596.000.000) 11/14 06:22:03 Image size of job updated: 287008
...
006 (1754596.000.000) 11/14 06:27:03 Image size of job updated: 287712
...
006 (1754596.000.000) 11/14 06:32:03 Image size of job updated: 287720
...
006 (1754596.000.000) 11/14 06:37:03 Image size of job updated: 288132
...
006 (1754596.000.000) 11/14 06:42:03 Image size of job updated: 291360
...
006 (1754596.000.000) 11/14 06:52:03 Image size of job updated: 291376
...
006 (1754596.000.000) 11/14 06:57:03 Image size of job updated: 292684
...
006 (1754596.000.000) 11/14 07:02:03 Image size of job updated: 292908
...
006 (1754596.000.000) 11/14 07:12:03 Image size of job updated: 292992
...
006 (1754596.000.000) 11/14 07:17:03 Image size of job updated: 293160
...
006 (1754596.000.000) 11/14 07:22:03 Image size of job updated: 293336
...
006 (1754596.000.000) 11/14 07:27:03 Image size of job updated: 293704
...
006 (1754596.000.000) 11/14 07:32:03 Image size of job updated: 294804
...
006 (1754596.000.000) 11/14 07:42:05 Image size of job updated: 295012
...
006 (1754596.000.000) 11/14 08:12:11 Image size of job updated: 295052
...
006 (1754596.000.000) 11/14 09:02:21 Image size of job updated: 295788
...
006 (1754596.000.000) 11/14 09:22:25 Image size of job updated: 295884
...
006 (1754596.000.000) 11/14 09:52:31 Image size of job updated: 296204
...
006 (1754596.000.000) 11/14 10:12:35 Image size of job updated: 296556
...
006 (1754596.000.000) 11/14 10:27:38 Image size of job updated: 296740
...
005 (1754596.000.000) 11/14 10:30:44 Job terminated.
	(1) Normal termination (return value 0)
		Usr 0 03:49:34, Sys 0 00:01:46  -  Run Remote Usage
		Usr 0 00:00:00, Sys 0 00:00:00  -  Run Local Usage
		Usr 0 03:49:34, Sys 0 00:01:46  -  Total Remote Usage
		Usr 0 00:00:00, Sys 0 00:00:00  -  Total Local Usage
	0  -  Run Bytes Sent By Job
	0  -  Run Bytes Received By Job
	0  -  Total Bytes Sent By Job
	0  -  Total Bytes Received By Job
...
