000 (1754771.000.000) 11/14 02:19:12 Job submitted from host: <130.199.206.69:49450>
...
001 (1754771.000.000) 11/14 08:45:44 Job executing on host: <130.199.180.148:39203>
...
006 (1754771.000.000) 11/14 08:45:52 Image size of job updated: 17400
...
006 (1754771.000.000) 11/14 08:50:52 Image size of job updated: 281936
...
006 (1754771.000.000) 11/14 08:55:52 Image size of job updated: 282844
...
006 (1754771.000.000) 11/14 09:00:52 Image size of job updated: 283108
...
006 (1754771.000.000) 11/14 09:05:52 Image size of job updated: 283828
...
006 (1754771.000.000) 11/14 09:10:52 Image size of job updated: 283868
...
006 (1754771.000.000) 11/14 09:20:52 Image size of job updated: 287272
...
006 (1754771.000.000) 11/14 09:25:52 Image size of job updated: 287892
...
006 (1754771.000.000) 11/14 09:30:52 Image size of job updated: 289772
...
006 (1754771.000.000) 11/14 09:35:52 Image size of job updated: 293040
...
006 (1754771.000.000) 11/14 09:50:52 Image size of job updated: 293132
...
006 (1754771.000.000) 11/14 10:00:52 Image size of job updated: 293140
...
006 (1754771.000.000) 11/14 10:05:52 Image size of job updated: 293912
...
006 (1754771.000.000) 11/14 10:10:52 Image size of job updated: 294196
...
006 (1754771.000.000) 11/14 10:56:00 Image size of job updated: 294468
...
006 (1754771.000.000) 11/14 11:11:03 Image size of job updated: 294544
...
006 (1754771.000.000) 11/14 11:26:06 Image size of job updated: 295836
...
006 (1754771.000.000) 11/14 11:31:07 Image size of job updated: 295848
...
006 (1754771.000.000) 11/14 11:41:09 Image size of job updated: 295908
...
006 (1754771.000.000) 11/14 11:46:10 Image size of job updated: 296384
...
006 (1754771.000.000) 11/14 11:51:11 Image size of job updated: 296768
...
006 (1754771.000.000) 11/14 12:01:13 Image size of job updated: 297172
...
006 (1754771.000.000) 11/14 12:11:15 Image size of job updated: 297616
...
006 (1754771.000.000) 11/14 12:16:16 Image size of job updated: 297880
...
005 (1754771.000.000) 11/14 12:17:29 Job terminated.
	(1) Normal termination (return value 0)
		Usr 0 03:07:01, Sys 0 00:01:54  -  Run Remote Usage
		Usr 0 00:00:00, Sys 0 00:00:00  -  Run Local Usage
		Usr 0 03:07:01, Sys 0 00:01:54  -  Total Remote Usage
		Usr 0 00:00:00, Sys 0 00:00:00  -  Total Local Usage
	0  -  Run Bytes Sent By Job
	0  -  Run Bytes Received By Job
	0  -  Total Bytes Sent By Job
	0  -  Total Bytes Received By Job
...
