000 (1754055.000.000) 11/14 02:17:22 Job submitted from host: <130.199.206.69:49450>
...
001 (1754055.000.000) 11/14 04:34:59 Job executing on host: <130.199.180.159:36980>
...
006 (1754055.000.000) 11/14 04:40:08 Image size of job updated: 286700
...
006 (1754055.000.000) 11/14 04:45:08 Image size of job updated: 287548
...
006 (1754055.000.000) 11/14 04:50:08 Image size of job updated: 288536
...
006 (1754055.000.000) 11/14 04:55:08 Image size of job updated: 288968
...
006 (1754055.000.000) 11/14 05:05:08 Image size of job updated: 303224
...
006 (1754055.000.000) 11/14 05:10:08 Image size of job updated: 332924
...
006 (1754055.000.000) 11/14 05:15:08 Image size of job updated: 339068
...
006 (1754055.000.000) 11/14 05:20:08 Image size of job updated: 340092
...
006 (1754055.000.000) 11/14 05:25:08 Image size of job updated: 341116
...
006 (1754055.000.000) 11/14 05:30:08 Image size of job updated: 342140
...
006 (1754055.000.000) 11/14 05:35:08 Image size of job updated: 343164
...
006 (1754055.000.000) 11/14 06:55:08 Image size of job updated: 345212
...
006 (1754055.000.000) 11/14 07:00:08 Image size of job updated: 346236
...
006 (1754055.000.000) 11/14 07:20:08 Image size of job updated: 347260
...
005 (1754055.000.000) 11/14 08:03:11 Job terminated.
	(1) Normal termination (return value 0)
		Usr 0 03:09:31, Sys 0 00:01:39  -  Run Remote Usage
		Usr 0 00:00:00, Sys 0 00:00:00  -  Run Local Usage
		Usr 0 03:09:31, Sys 0 00:01:39  -  Total Remote Usage
		Usr 0 00:00:00, Sys 0 00:00:00  -  Total Local Usage
	0  -  Run Bytes Sent By Job
	0  -  Run Bytes Received By Job
	0  -  Total Bytes Sent By Job
	0  -  Total Bytes Received By Job
...
