000 (1753383.000.000) 11/14 02:14:53 Job submitted from host: <130.199.206.69:49450>
...
001 (1753383.000.000) 11/14 02:35:26 Job executing on host: <130.199.183.23:36199>
...
006 (1753383.000.000) 11/14 02:40:34 Image size of job updated: 283744
...
006 (1753383.000.000) 11/14 02:45:34 Image size of job updated: 284644
...
006 (1753383.000.000) 11/14 02:50:34 Image size of job updated: 285796
...
006 (1753383.000.000) 11/14 02:55:34 Image size of job updated: 287256
...
006 (1753383.000.000) 11/14 03:00:34 Image size of job updated: 288112
...
006 (1753383.000.000) 11/14 03:05:34 Image size of job updated: 288904
...
006 (1753383.000.000) 11/14 03:15:34 Image size of job updated: 289940
...
006 (1753383.000.000) 11/14 03:20:34 Image size of job updated: 291764
...
006 (1753383.000.000) 11/14 03:25:34 Image size of job updated: 292796
...
006 (1753383.000.000) 11/14 03:30:34 Image size of job updated: 294388
...
006 (1753383.000.000) 11/14 03:35:34 Image size of job updated: 295912
...
006 (1753383.000.000) 11/14 03:40:34 Image size of job updated: 331472
...
006 (1753383.000.000) 11/14 03:45:34 Image size of job updated: 336592
...
006 (1753383.000.000) 11/14 03:50:34 Image size of job updated: 337984
...
006 (1753383.000.000) 11/14 04:10:34 Image size of job updated: 338284
...
006 (1753383.000.000) 11/14 04:15:35 Image size of job updated: 339468
...
006 (1753383.000.000) 11/14 04:20:35 Image size of job updated: 340124
...
006 (1753383.000.000) 11/14 04:40:34 Image size of job updated: 340208
...
006 (1753383.000.000) 11/14 04:45:34 Image size of job updated: 340388
...
005 (1753383.000.000) 11/14 05:31:13 Job terminated.
	(1) Normal termination (return value 0)
		Usr 0 02:14:09, Sys 0 00:01:06  -  Run Remote Usage
		Usr 0 00:00:00, Sys 0 00:00:00  -  Run Local Usage
		Usr 0 02:14:09, Sys 0 00:01:06  -  Total Remote Usage
		Usr 0 00:00:00, Sys 0 00:00:00  -  Total Local Usage
	0  -  Run Bytes Sent By Job
	0  -  Run Bytes Received By Job
	0  -  Total Bytes Sent By Job
	0  -  Total Bytes Received By Job
...
