000 (1753958.000.000) 11/14 02:17:04 Job submitted from host: <130.199.206.69:49450>
...
001 (1753958.000.000) 11/14 06:09:56 Job executing on host: <130.199.180.169:46641>
...
006 (1753958.000.000) 11/14 06:10:04 Image size of job updated: 189400
...
006 (1753958.000.000) 11/14 06:15:04 Image size of job updated: 283680
...
006 (1753958.000.000) 11/14 06:20:04 Image size of job updated: 285984
...
006 (1753958.000.000) 11/14 06:30:04 Image size of job updated: 286052
...
006 (1753958.000.000) 11/14 06:35:04 Image size of job updated: 286784
...
006 (1753958.000.000) 11/14 06:40:04 Image size of job updated: 287880
...
006 (1753958.000.000) 11/14 06:45:04 Image size of job updated: 288688
...
006 (1753958.000.000) 11/14 06:50:04 Image size of job updated: 288780
...
006 (1753958.000.000) 11/14 06:55:04 Image size of job updated: 291012
...
006 (1753958.000.000) 11/14 07:05:05 Image size of job updated: 291168
...
006 (1753958.000.000) 11/14 07:10:06 Image size of job updated: 291956
...
006 (1753958.000.000) 11/14 07:20:08 Image size of job updated: 292980
...
006 (1753958.000.000) 11/14 07:25:09 Image size of job updated: 293216
...
006 (1753958.000.000) 11/14 07:30:10 Image size of job updated: 293388
...
006 (1753958.000.000) 11/14 07:35:11 Image size of job updated: 293832
...
006 (1753958.000.000) 11/14 07:45:13 Image size of job updated: 294136
...
005 (1753958.000.000) 11/14 08:00:19 Job terminated.
	(1) Normal termination (return value 0)
		Usr 0 01:40:33, Sys 0 00:00:43  -  Run Remote Usage
		Usr 0 00:00:00, Sys 0 00:00:00  -  Run Local Usage
		Usr 0 01:40:33, Sys 0 00:00:43  -  Total Remote Usage
		Usr 0 00:00:00, Sys 0 00:00:00  -  Total Local Usage
	0  -  Run Bytes Sent By Job
	0  -  Run Bytes Received By Job
	0  -  Total Bytes Sent By Job
	0  -  Total Bytes Received By Job
...
