000 (1754810.000.000) 11/14 02:19:12 Job submitted from host: <130.199.206.69:49450>
...
001 (1754810.000.000) 11/14 09:05:24 Job executing on host: <130.199.206.129:51708>
...
006 (1754810.000.000) 11/14 09:05:32 Image size of job updated: 157868
...
006 (1754810.000.000) 11/14 09:10:32 Image size of job updated: 282600
...
006 (1754810.000.000) 11/14 09:15:32 Image size of job updated: 316164
...
006 (1754810.000.000) 11/14 09:20:32 Image size of job updated: 328452
...
006 (1754810.000.000) 11/14 09:25:32 Image size of job updated: 332548
...
006 (1754810.000.000) 11/14 09:30:32 Image size of job updated: 333572
...
006 (1754810.000.000) 11/14 09:45:34 Image size of job updated: 335620
...
006 (1754810.000.000) 11/14 10:05:38 Image size of job updated: 336644
...
006 (1754810.000.000) 11/14 10:15:40 Image size of job updated: 337668
...
005 (1754810.000.000) 11/14 10:20:32 Job terminated.
	(1) Normal termination (return value 0)
		Usr 0 01:06:37, Sys 0 00:00:18  -  Run Remote Usage
		Usr 0 00:00:00, Sys 0 00:00:00  -  Run Local Usage
		Usr 0 01:06:37, Sys 0 00:00:18  -  Total Remote Usage
		Usr 0 00:00:00, Sys 0 00:00:00  -  Total Local Usage
	0  -  Run Bytes Sent By Job
	0  -  Run Bytes Received By Job
	0  -  Total Bytes Sent By Job
	0  -  Total Bytes Received By Job
...
