000 (1754370.000.000) 11/14 02:18:07 Job submitted from host: <130.199.206.69:49450>
...
001 (1754370.000.000) 11/14 03:59:59 Job executing on host: <130.199.180.172:54357>
...
006 (1754370.000.000) 11/14 04:05:07 Image size of job updated: 285732
...
006 (1754370.000.000) 11/14 04:10:07 Image size of job updated: 286744
...
006 (1754370.000.000) 11/14 04:15:07 Image size of job updated: 287184
...
006 (1754370.000.000) 11/14 04:20:07 Image size of job updated: 288652
...
006 (1754370.000.000) 11/14 04:30:07 Image size of job updated: 290184
...
006 (1754370.000.000) 11/14 04:35:07 Image size of job updated: 320828
...
006 (1754370.000.000) 11/14 04:40:07 Image size of job updated: 330044
...
006 (1754370.000.000) 11/14 04:45:07 Image size of job updated: 334140
...
006 (1754370.000.000) 11/14 04:50:07 Image size of job updated: 336188
...
006 (1754370.000.000) 11/14 05:10:07 Image size of job updated: 338236
...
006 (1754370.000.000) 11/14 05:20:07 Image size of job updated: 340284
...
006 (1754370.000.000) 11/14 05:25:07 Image size of job updated: 341308
...
006 (1754370.000.000) 11/14 05:55:12 Image size of job updated: 343356
...
006 (1754370.000.000) 11/14 06:00:13 Image size of job updated: 344380
...
006 (1754370.000.000) 11/14 06:40:21 Image size of job updated: 345404
...
005 (1754370.000.000) 11/14 07:01:20 Job terminated.
	(1) Normal termination (return value 0)
		Usr 0 02:45:11, Sys 0 00:01:34  -  Run Remote Usage
		Usr 0 00:00:00, Sys 0 00:00:00  -  Run Local Usage
		Usr 0 02:45:11, Sys 0 00:01:34  -  Total Remote Usage
		Usr 0 00:00:00, Sys 0 00:00:00  -  Total Local Usage
	0  -  Run Bytes Sent By Job
	0  -  Run Bytes Received By Job
	0  -  Total Bytes Sent By Job
	0  -  Total Bytes Received By Job
...
