000 (1754876.000.000) 11/14 02:19:27 Job submitted from host: <130.199.206.69:49450>
...
001 (1754876.000.000) 11/15 10:43:43 Job executing on host: <130.199.180.161:59459>
...
006 (1754876.000.000) 11/15 10:48:51 Image size of job updated: 174020
...
006 (1754876.000.000) 11/15 10:53:51 Image size of job updated: 276608
...
006 (1754876.000.000) 11/15 10:58:51 Image size of job updated: 284700
...
006 (1754876.000.000) 11/15 11:03:51 Image size of job updated: 288424
...
006 (1754876.000.000) 11/15 11:08:51 Image size of job updated: 291700
...
006 (1754876.000.000) 11/15 11:13:51 Image size of job updated: 293364
...
006 (1754876.000.000) 11/15 11:23:51 Image size of job updated: 294028
...
006 (1754876.000.000) 11/15 11:28:51 Image size of job updated: 294272
...
006 (1754876.000.000) 11/15 11:33:51 Image size of job updated: 297400
...
006 (1754876.000.000) 11/15 11:38:51 Image size of job updated: 297880
...
006 (1754876.000.000) 11/15 11:43:51 Image size of job updated: 298220
...
005 (1754876.000.000) 11/15 11:44:53 Job terminated.
	(1) Normal termination (return value 0)
		Usr 0 00:51:00, Sys 0 00:00:33  -  Run Remote Usage
		Usr 0 00:00:00, Sys 0 00:00:00  -  Run Local Usage
		Usr 0 00:51:00, Sys 0 00:00:33  -  Total Remote Usage
		Usr 0 00:00:00, Sys 0 00:00:00  -  Total Local Usage
	0  -  Run Bytes Sent By Job
	0  -  Run Bytes Received By Job
	0  -  Total Bytes Sent By Job
	0  -  Total Bytes Received By Job
...
