000 (1754475.000.000) 11/14 02:18:34 Job submitted from host: <130.199.206.69:49450>
...
001 (1754475.000.000) 11/14 05:30:30 Job executing on host: <130.199.183.28:53536>
...
006 (1754475.000.000) 11/14 05:30:39 Image size of job updated: 174296
...
006 (1754475.000.000) 11/14 05:35:40 Image size of job updated: 284188
...
006 (1754475.000.000) 11/14 05:40:41 Image size of job updated: 285220
...
006 (1754475.000.000) 11/14 05:45:42 Image size of job updated: 285984
...
006 (1754475.000.000) 11/14 06:10:47 Image size of job updated: 287112
...
006 (1754475.000.000) 11/14 06:20:49 Image size of job updated: 290788
...
006 (1754475.000.000) 11/14 06:25:50 Image size of job updated: 291768
...
006 (1754475.000.000) 11/14 06:30:51 Image size of job updated: 292120
...
006 (1754475.000.000) 11/14 06:35:52 Image size of job updated: 292276
...
006 (1754475.000.000) 11/14 06:40:53 Image size of job updated: 293268
...
006 (1754475.000.000) 11/14 06:50:54 Image size of job updated: 293624
...
006 (1754475.000.000) 11/14 07:15:54 Image size of job updated: 294032
...
006 (1754475.000.000) 11/14 07:20:54 Image size of job updated: 294512
...
006 (1754475.000.000) 11/14 07:30:54 Image size of job updated: 294632
...
006 (1754475.000.000) 11/14 07:45:54 Image size of job updated: 308328
...
006 (1754475.000.000) 11/14 07:50:54 Image size of job updated: 331880
...
006 (1754475.000.000) 11/14 07:55:54 Image size of job updated: 335976
...
006 (1754475.000.000) 11/14 08:00:54 Image size of job updated: 337000
...
006 (1754475.000.000) 11/14 08:10:54 Image size of job updated: 339616
...
006 (1754475.000.000) 11/14 08:20:54 Image size of job updated: 340640
...
006 (1754475.000.000) 11/14 08:25:54 Image size of job updated: 342688
...
006 (1754475.000.000) 11/14 08:30:54 Image size of job updated: 343712
...
006 (1754475.000.000) 11/14 08:35:54 Image size of job updated: 344736
...
006 (1754475.000.000) 11/14 08:40:54 Image size of job updated: 345760
...
006 (1754475.000.000) 11/14 09:00:54 Image size of job updated: 346784
...
005 (1754475.000.000) 11/14 09:19:37 Job terminated.
	(1) Normal termination (return value 0)
		Usr 0 03:34:11, Sys 0 00:01:15  -  Run Remote Usage
		Usr 0 00:00:00, Sys 0 00:00:00  -  Run Local Usage
		Usr 0 03:34:11, Sys 0 00:01:15  -  Total Remote Usage
		Usr 0 00:00:00, Sys 0 00:00:00  -  Total Local Usage
	0  -  Run Bytes Sent By Job
	0  -  Run Bytes Received By Job
	0  -  Total Bytes Sent By Job
	0  -  Total Bytes Received By Job
...
