000 (1753444.000.000) 11/14 02:14:53 Job submitted from host: <130.199.206.69:49450>
...
001 (1753444.000.000) 11/14 07:33:42 Job executing on host: <130.199.180.172:54357>
...
006 (1753444.000.000) 11/14 07:38:52 Image size of job updated: 269988
...
006 (1753444.000.000) 11/14 07:43:53 Image size of job updated: 280440
...
006 (1753444.000.000) 11/14 07:48:54 Image size of job updated: 283632
...
006 (1753444.000.000) 11/14 07:53:55 Image size of job updated: 283868
...
005 (1753444.000.000) 11/14 07:54:20 Job terminated.
	(1) Normal termination (return value 0)
		Usr 0 00:14:26, Sys 0 00:00:08  -  Run Remote Usage
		Usr 0 00:00:00, Sys 0 00:00:00  -  Run Local Usage
		Usr 0 00:14:26, Sys 0 00:00:08  -  Total Remote Usage
		Usr 0 00:00:00, Sys 0 00:00:00  -  Total Local Usage
	0  -  Run Bytes Sent By Job
	0  -  Run Bytes Received By Job
	0  -  Total Bytes Sent By Job
	0  -  Total Bytes Received By Job
...
