000 (1754587.000.000) 11/14 02:18:46 Job submitted from host: <130.199.206.69:49450>
...
001 (1754587.000.000) 11/14 05:34:39 Job executing on host: <130.199.180.172:54357>
...
006 (1754587.000.000) 11/14 05:34:48 Image size of job updated: 173960
...
006 (1754587.000.000) 11/14 05:39:49 Image size of job updated: 284380
...
006 (1754587.000.000) 11/14 05:44:50 Image size of job updated: 286588
...
006 (1754587.000.000) 11/14 05:59:53 Image size of job updated: 287412
...
006 (1754587.000.000) 11/14 06:04:54 Image size of job updated: 288064
...
006 (1754587.000.000) 11/14 06:09:55 Image size of job updated: 288796
...
006 (1754587.000.000) 11/14 06:19:57 Image size of job updated: 295920
...
006 (1754587.000.000) 11/14 06:24:58 Image size of job updated: 296164
...
006 (1754587.000.000) 11/14 06:29:59 Image size of job updated: 296732
...
006 (1754587.000.000) 11/14 06:35:00 Image size of job updated: 298456
...
006 (1754587.000.000) 11/14 06:45:02 Image size of job updated: 298720
...
005 (1754587.000.000) 11/14 06:50:38 Job terminated.
	(1) Normal termination (return value 0)
		Usr 0 01:09:35, Sys 0 00:00:40  -  Run Remote Usage
		Usr 0 00:00:00, Sys 0 00:00:00  -  Run Local Usage
		Usr 0 01:09:35, Sys 0 00:00:40  -  Total Remote Usage
		Usr 0 00:00:00, Sys 0 00:00:00  -  Total Local Usage
	0  -  Run Bytes Sent By Job
	0  -  Run Bytes Received By Job
	0  -  Total Bytes Sent By Job
	0  -  Total Bytes Received By Job
...
