000 (1754769.000.000) 11/14 02:18:59 Job submitted from host: <130.199.206.69:49450>
...
001 (1754769.000.000) 11/14 06:15:15 Job executing on host: <130.199.183.28:53536>
...
006 (1754769.000.000) 11/14 06:20:24 Image size of job updated: 282344
...
006 (1754769.000.000) 11/14 06:25:24 Image size of job updated: 284808
...
006 (1754769.000.000) 11/14 06:35:24 Image size of job updated: 286804
...
006 (1754769.000.000) 11/14 06:40:24 Image size of job updated: 287372
...
006 (1754769.000.000) 11/14 06:45:24 Image size of job updated: 287992
...
006 (1754769.000.000) 11/14 06:50:24 Image size of job updated: 288728
...
006 (1754769.000.000) 11/14 06:55:24 Image size of job updated: 289060
...
006 (1754769.000.000) 11/14 07:00:24 Image size of job updated: 289432
...
006 (1754769.000.000) 11/14 07:05:24 Image size of job updated: 290296
...
006 (1754769.000.000) 11/14 07:15:24 Image size of job updated: 292184
...
006 (1754769.000.000) 11/14 07:25:24 Image size of job updated: 293028
...
006 (1754769.000.000) 11/14 07:30:24 Image size of job updated: 293328
...
006 (1754769.000.000) 11/14 07:35:24 Image size of job updated: 293552
...
006 (1754769.000.000) 11/14 07:40:24 Image size of job updated: 294076
...
006 (1754769.000.000) 11/14 07:45:24 Image size of job updated: 294416
...
006 (1754769.000.000) 11/14 08:10:24 Image size of job updated: 294604
...
006 (1754769.000.000) 11/14 08:15:24 Image size of job updated: 294920
...
006 (1754769.000.000) 11/14 08:20:24 Image size of job updated: 295460
...
006 (1754769.000.000) 11/14 08:35:24 Image size of job updated: 296456
...
006 (1754769.000.000) 11/14 09:25:24 Image size of job updated: 324244
...
006 (1754769.000.000) 11/14 09:30:24 Image size of job updated: 334484
...
006 (1754769.000.000) 11/14 09:35:24 Image size of job updated: 337556
...
005 (1754769.000.000) 11/14 09:39:59 Job terminated.
	(1) Normal termination (return value 0)
		Usr 0 03:10:01, Sys 0 00:01:04  -  Run Remote Usage
		Usr 0 00:00:00, Sys 0 00:00:00  -  Run Local Usage
		Usr 0 03:10:01, Sys 0 00:01:04  -  Total Remote Usage
		Usr 0 00:00:00, Sys 0 00:00:00  -  Total Local Usage
	0  -  Run Bytes Sent By Job
	0  -  Run Bytes Received By Job
	0  -  Total Bytes Sent By Job
	0  -  Total Bytes Received By Job
...
