000 (1753428.000.000) 11/14 02:14:53 Job submitted from host: <130.199.206.69:49450>
...
001 (1753428.000.000) 11/14 05:04:18 Job executing on host: <130.199.206.52:49465>
...
006 (1753428.000.000) 11/14 05:04:27 Image size of job updated: 173640
...
006 (1753428.000.000) 11/14 05:09:28 Image size of job updated: 284788
...
006 (1753428.000.000) 11/14 05:14:29 Image size of job updated: 286680
...
006 (1753428.000.000) 11/14 05:19:30 Image size of job updated: 288216
...
006 (1753428.000.000) 11/14 05:24:31 Image size of job updated: 288816
...
006 (1753428.000.000) 11/14 05:29:32 Image size of job updated: 289664
...
006 (1753428.000.000) 11/14 05:34:32 Image size of job updated: 289948
...
006 (1753428.000.000) 11/14 05:39:32 Image size of job updated: 292636
...
006 (1753428.000.000) 11/14 05:49:32 Image size of job updated: 293384
...
006 (1753428.000.000) 11/14 05:54:32 Image size of job updated: 305232
...
006 (1753428.000.000) 11/14 05:59:32 Image size of job updated: 330832
...
006 (1753428.000.000) 11/14 06:04:32 Image size of job updated: 336976
...
006 (1753428.000.000) 11/14 06:09:32 Image size of job updated: 338000
...
006 (1753428.000.000) 11/14 06:24:32 Image size of job updated: 339024
...
006 (1753428.000.000) 11/14 06:29:32 Image size of job updated: 340160
...
006 (1753428.000.000) 11/14 06:34:32 Image size of job updated: 341184
...
006 (1753428.000.000) 11/14 06:39:32 Image size of job updated: 342208
...
006 (1753428.000.000) 11/14 06:44:32 Image size of job updated: 343632
...
006 (1753428.000.000) 11/14 07:24:39 Image size of job updated: 344656
...
006 (1753428.000.000) 11/14 07:44:43 Image size of job updated: 345680
...
005 (1753428.000.000) 11/14 08:26:10 Job terminated.
	(1) Normal termination (return value 0)
		Usr 0 03:09:33, Sys 0 00:00:34  -  Run Remote Usage
		Usr 0 00:00:00, Sys 0 00:00:00  -  Run Local Usage
		Usr 0 03:09:33, Sys 0 00:00:34  -  Total Remote Usage
		Usr 0 00:00:00, Sys 0 00:00:00  -  Total Local Usage
	0  -  Run Bytes Sent By Job
	0  -  Run Bytes Received By Job
	0  -  Total Bytes Sent By Job
	0  -  Total Bytes Received By Job
...
