000 (1753670.000.000) 11/14 02:16:08 Job submitted from host: <130.199.206.69:49450>
...
001 (1753670.000.000) 11/14 05:31:24 Job executing on host: <130.199.180.152:59096>
...
006 (1753670.000.000) 11/14 05:31:32 Image size of job updated: 173904
...
006 (1753670.000.000) 11/14 05:36:32 Image size of job updated: 282140
...
006 (1753670.000.000) 11/14 05:41:32 Image size of job updated: 285744
...
006 (1753670.000.000) 11/14 05:46:32 Image size of job updated: 292764
...
006 (1753670.000.000) 11/14 05:51:32 Image size of job updated: 293332
...
006 (1753670.000.000) 11/14 05:56:32 Image size of job updated: 294372
...
005 (1753670.000.000) 11/14 05:57:11 Job terminated.
	(1) Normal termination (return value 0)
		Usr 0 00:23:09, Sys 0 00:00:18  -  Run Remote Usage
		Usr 0 00:00:00, Sys 0 00:00:00  -  Run Local Usage
		Usr 0 00:23:09, Sys 0 00:00:18  -  Total Remote Usage
		Usr 0 00:00:00, Sys 0 00:00:00  -  Total Local Usage
	0  -  Run Bytes Sent By Job
	0  -  Run Bytes Received By Job
	0  -  Total Bytes Sent By Job
	0  -  Total Bytes Received By Job
...
