000 (1755426.000.000) 11/14 02:20:10 Job submitted from host: <130.199.206.69:49450>
...
001 (1755426.000.000) 11/15 19:29:30 Job executing on host: <130.199.206.203:48345>
...
006 (1755426.000.000) 11/15 19:29:38 Image size of job updated: 174208
...
006 (1755426.000.000) 11/15 19:34:38 Image size of job updated: 284704
...
006 (1755426.000.000) 11/15 19:39:38 Image size of job updated: 291164
...
006 (1755426.000.000) 11/15 19:44:38 Image size of job updated: 322412
...
005 (1755426.000.000) 11/15 19:46:35 Job terminated.
	(1) Normal termination (return value 0)
		Usr 0 00:16:00, Sys 0 00:00:06  -  Run Remote Usage
		Usr 0 00:00:00, Sys 0 00:00:00  -  Run Local Usage
		Usr 0 00:16:00, Sys 0 00:00:06  -  Total Remote Usage
		Usr 0 00:00:00, Sys 0 00:00:00  -  Total Local Usage
	0  -  Run Bytes Sent By Job
	0  -  Run Bytes Received By Job
	0  -  Total Bytes Sent By Job
	0  -  Total Bytes Received By Job
...
