000 (1755071.000.000) 11/14 02:19:46 Job submitted from host: <130.199.206.69:49450>
...
001 (1755071.000.000) 11/15 11:51:54 Job executing on host: <130.199.180.176:34913>
...
006 (1755071.000.000) 11/15 11:52:02 Image size of job updated: 8820
...
006 (1755071.000.000) 11/15 11:57:02 Image size of job updated: 283056
...
006 (1755071.000.000) 11/15 12:02:02 Image size of job updated: 285720
...
006 (1755071.000.000) 11/15 12:07:02 Image size of job updated: 289440
...
006 (1755071.000.000) 11/15 12:12:02 Image size of job updated: 292528
...
006 (1755071.000.000) 11/15 12:17:02 Image size of job updated: 295044
...
006 (1755071.000.000) 11/15 12:22:02 Image size of job updated: 295100
...
006 (1755071.000.000) 11/15 12:27:02 Image size of job updated: 295448
...
006 (1755071.000.000) 11/15 12:32:02 Image size of job updated: 295872
...
006 (1755071.000.000) 11/15 12:37:02 Image size of job updated: 296032
...
006 (1755071.000.000) 11/15 12:47:02 Image size of job updated: 297488
...
006 (1755071.000.000) 11/15 13:12:02 Image size of job updated: 297524
...
006 (1755071.000.000) 11/15 13:42:02 Image size of job updated: 297976
...
006 (1755071.000.000) 11/15 13:47:02 Image size of job updated: 298240
...
006 (1755071.000.000) 11/15 14:07:02 Image size of job updated: 298580
...
005 (1755071.000.000) 11/15 14:11:30 Job terminated.
	(1) Normal termination (return value 0)
		Usr 0 02:04:42, Sys 0 00:00:57  -  Run Remote Usage
		Usr 0 00:00:00, Sys 0 00:00:00  -  Run Local Usage
		Usr 0 02:04:42, Sys 0 00:00:57  -  Total Remote Usage
		Usr 0 00:00:00, Sys 0 00:00:00  -  Total Local Usage
	0  -  Run Bytes Sent By Job
	0  -  Run Bytes Received By Job
	0  -  Total Bytes Sent By Job
	0  -  Total Bytes Received By Job
...
