000 (1755131.000.000) 11/14 02:19:46 Job submitted from host: <130.199.206.69:49450>
...
001 (1755131.000.000) 11/15 18:31:16 Job executing on host: <130.199.206.204:43967>
...
006 (1755131.000.000) 11/15 18:36:24 Image size of job updated: 289052
...
006 (1755131.000.000) 11/15 18:41:24 Image size of job updated: 290856
...
006 (1755131.000.000) 11/15 18:46:24 Image size of job updated: 291392
...
006 (1755131.000.000) 11/15 18:51:24 Image size of job updated: 291892
...
006 (1755131.000.000) 11/15 18:56:24 Image size of job updated: 292164
...
006 (1755131.000.000) 11/15 19:01:24 Image size of job updated: 293744
...
006 (1755131.000.000) 11/15 19:06:24 Image size of job updated: 294668
...
006 (1755131.000.000) 11/15 19:11:24 Image size of job updated: 294736
...
006 (1755131.000.000) 11/15 19:16:25 Image size of job updated: 296348
...
006 (1755131.000.000) 11/15 19:21:26 Image size of job updated: 296512
...
006 (1755131.000.000) 11/15 19:26:27 Image size of job updated: 297520
...
006 (1755131.000.000) 11/15 19:41:30 Image size of job updated: 297560
...
006 (1755131.000.000) 11/15 19:46:31 Image size of job updated: 297660
...
006 (1755131.000.000) 11/15 19:51:32 Image size of job updated: 298236
...
005 (1755131.000.000) 11/15 19:53:03 Job terminated.
	(1) Normal termination (return value 0)
		Usr 0 01:12:41, Sys 0 00:00:22  -  Run Remote Usage
		Usr 0 00:00:00, Sys 0 00:00:00  -  Run Local Usage
		Usr 0 01:12:41, Sys 0 00:00:22  -  Total Remote Usage
		Usr 0 00:00:00, Sys 0 00:00:00  -  Total Local Usage
	0  -  Run Bytes Sent By Job
	0  -  Run Bytes Received By Job
	0  -  Total Bytes Sent By Job
	0  -  Total Bytes Received By Job
...
