000 (1755140.000.000) 11/14 02:19:46 Job submitted from host: <130.199.206.69:49450>
...
001 (1755140.000.000) 11/15 16:14:18 Job executing on host: <130.199.183.1:42118>
...
006 (1755140.000.000) 11/15 16:19:26 Image size of job updated: 307028
...
006 (1755140.000.000) 11/15 16:24:26 Image size of job updated: 319528
...
006 (1755140.000.000) 11/15 16:29:26 Image size of job updated: 324648
...
006 (1755140.000.000) 11/15 16:34:26 Image size of job updated: 325672
...
006 (1755140.000.000) 11/15 16:39:26 Image size of job updated: 326696
...
006 (1755140.000.000) 11/15 16:49:26 Image size of job updated: 335924
...
006 (1755140.000.000) 11/15 16:54:26 Image size of job updated: 336948
...
006 (1755140.000.000) 11/15 16:59:26 Image size of job updated: 337972
...
006 (1755140.000.000) 11/15 17:04:27 Image size of job updated: 341048
...
005 (1755140.000.000) 11/15 17:35:59 Job terminated.
	(1) Normal termination (return value 0)
		Usr 0 01:09:42, Sys 0 00:00:47  -  Run Remote Usage
		Usr 0 00:00:00, Sys 0 00:00:00  -  Run Local Usage
		Usr 0 01:09:42, Sys 0 00:00:47  -  Total Remote Usage
		Usr 0 00:00:00, Sys 0 00:00:00  -  Total Local Usage
	0  -  Run Bytes Sent By Job
	0  -  Run Bytes Received By Job
	0  -  Total Bytes Sent By Job
	0  -  Total Bytes Received By Job
...
