000 (1755043.000.000) 11/14 02:19:38 Job submitted from host: <130.199.206.69:49450>
...
001 (1755043.000.000) 11/15 11:45:14 Job executing on host: <130.199.206.228:50377>
...
006 (1755043.000.000) 11/15 11:50:22 Image size of job updated: 284192
...
006 (1755043.000.000) 11/15 11:55:22 Image size of job updated: 284924
...
006 (1755043.000.000) 11/15 12:00:22 Image size of job updated: 286824
...
006 (1755043.000.000) 11/15 12:05:22 Image size of job updated: 293564
...
006 (1755043.000.000) 11/15 12:10:22 Image size of job updated: 296916
...
006 (1755043.000.000) 11/15 12:15:22 Image size of job updated: 297132
...
006 (1755043.000.000) 11/15 12:20:22 Image size of job updated: 297240
...
006 (1755043.000.000) 11/15 12:25:22 Image size of job updated: 297304
...
006 (1755043.000.000) 11/15 12:55:22 Image size of job updated: 298524
...
006 (1755043.000.000) 11/15 13:00:22 Image size of job updated: 298692
...
006 (1755043.000.000) 11/15 13:05:22 Image size of job updated: 298912
...
006 (1755043.000.000) 11/15 13:10:22 Image size of job updated: 299220
...
005 (1755043.000.000) 11/15 13:11:02 Job terminated.
	(1) Normal termination (return value 0)
		Usr 0 01:18:49, Sys 0 00:00:14  -  Run Remote Usage
		Usr 0 00:00:00, Sys 0 00:00:00  -  Run Local Usage
		Usr 0 01:18:49, Sys 0 00:00:14  -  Total Remote Usage
		Usr 0 00:00:00, Sys 0 00:00:00  -  Total Local Usage
	0  -  Run Bytes Sent By Job
	0  -  Run Bytes Received By Job
	0  -  Total Bytes Sent By Job
	0  -  Total Bytes Received By Job
...
