000 (1754172.000.000) 11/14 02:17:52 Job submitted from host: <130.199.206.69:49450>
...
001 (1754172.000.000) 11/14 04:36:32 Job executing on host: <130.199.207.39:52625>
...
006 (1754172.000.000) 11/14 04:36:41 Image size of job updated: 173664
...
006 (1754172.000.000) 11/14 04:41:42 Image size of job updated: 283560
...
006 (1754172.000.000) 11/14 04:46:43 Image size of job updated: 285632
...
006 (1754172.000.000) 11/14 04:51:44 Image size of job updated: 286060
...
006 (1754172.000.000) 11/14 04:56:45 Image size of job updated: 335016
...
006 (1754172.000.000) 11/14 05:01:46 Image size of job updated: 342848
...
006 (1754172.000.000) 11/14 05:06:47 Image size of job updated: 344896
...
006 (1754172.000.000) 11/14 05:16:49 Image size of job updated: 345920
...
006 (1754172.000.000) 11/14 05:26:51 Image size of job updated: 346944
...
006 (1754172.000.000) 11/14 05:36:53 Image size of job updated: 347968
...
005 (1754172.000.000) 11/14 06:01:04 Job terminated.
	(1) Normal termination (return value 0)
		Usr 0 01:15:16, Sys 0 00:00:24  -  Run Remote Usage
		Usr 0 00:00:00, Sys 0 00:00:00  -  Run Local Usage
		Usr 0 01:15:16, Sys 0 00:00:24  -  Total Remote Usage
		Usr 0 00:00:00, Sys 0 00:00:00  -  Total Local Usage
	0  -  Run Bytes Sent By Job
	0  -  Run Bytes Received By Job
	0  -  Total Bytes Sent By Job
	0  -  Total Bytes Received By Job
...
