000 (1755194.000.000) 11/14 02:19:54 Job submitted from host: <130.199.206.69:49450>
...
001 (1755194.000.000) 11/15 12:09:05 Job executing on host: <130.199.180.160:58882>
...
006 (1755194.000.000) 11/15 12:09:14 Image size of job updated: 145336
...
006 (1755194.000.000) 11/15 12:14:14 Image size of job updated: 281952
...
006 (1755194.000.000) 11/15 12:19:14 Image size of job updated: 282904
...
006 (1755194.000.000) 11/15 12:24:14 Image size of job updated: 283244
...
006 (1755194.000.000) 11/15 12:29:14 Image size of job updated: 286320
...
006 (1755194.000.000) 11/15 12:34:14 Image size of job updated: 292888
...
006 (1755194.000.000) 11/15 12:39:14 Image size of job updated: 293500
...
006 (1755194.000.000) 11/15 12:44:14 Image size of job updated: 294508
...
006 (1755194.000.000) 11/15 12:49:14 Image size of job updated: 294864
...
006 (1755194.000.000) 11/15 12:54:14 Image size of job updated: 298220
...
005 (1755194.000.000) 11/15 13:05:27 Job terminated.
	(1) Normal termination (return value 0)
		Usr 0 00:51:22, Sys 0 00:00:21  -  Run Remote Usage
		Usr 0 00:00:00, Sys 0 00:00:00  -  Run Local Usage
		Usr 0 00:51:22, Sys 0 00:00:21  -  Total Remote Usage
		Usr 0 00:00:00, Sys 0 00:00:00  -  Total Local Usage
	0  -  Run Bytes Sent By Job
	0  -  Run Bytes Received By Job
	0  -  Total Bytes Sent By Job
	0  -  Total Bytes Received By Job
...
