000 (1755216.000.000) 11/14 02:19:54 Job submitted from host: <130.199.206.69:49450>
...
001 (1755216.000.000) 11/15 19:00:23 Job executing on host: <130.199.180.163:49954>
...
006 (1755216.000.000) 11/15 19:05:33 Image size of job updated: 284160
...
006 (1755216.000.000) 11/15 19:10:34 Image size of job updated: 284636
...
006 (1755216.000.000) 11/15 19:15:35 Image size of job updated: 286608
...
006 (1755216.000.000) 11/15 19:25:37 Image size of job updated: 288352
...
006 (1755216.000.000) 11/15 19:30:38 Image size of job updated: 288412
...
006 (1755216.000.000) 11/15 19:45:41 Image size of job updated: 289260
...
006 (1755216.000.000) 11/15 19:50:42 Image size of job updated: 292116
...
006 (1755216.000.000) 11/15 20:00:44 Image size of job updated: 293320
...
006 (1755216.000.000) 11/15 20:15:47 Image size of job updated: 294080
...
006 (1755216.000.000) 11/15 20:35:51 Image size of job updated: 294632
...
006 (1755216.000.000) 11/15 21:15:59 Image size of job updated: 294992
...
006 (1755216.000.000) 11/15 21:21:00 Image size of job updated: 295448
...
006 (1755216.000.000) 11/15 21:31:02 Image size of job updated: 295640
...
006 (1755216.000.000) 11/15 21:41:04 Image size of job updated: 296180
...
006 (1755216.000.000) 11/15 22:21:12 Image size of job updated: 296248
...
006 (1755216.000.000) 11/15 22:31:14 Image size of job updated: 296272
...
006 (1755216.000.000) 11/15 22:46:17 Image size of job updated: 297448
...
005 (1755216.000.000) 11/15 22:49:28 Job terminated.
	(1) Normal termination (return value 0)
		Usr 0 03:23:58, Sys 0 00:02:02  -  Run Remote Usage
		Usr 0 00:00:00, Sys 0 00:00:00  -  Run Local Usage
		Usr 0 03:23:58, Sys 0 00:02:02  -  Total Remote Usage
		Usr 0 00:00:00, Sys 0 00:00:00  -  Total Local Usage
	0  -  Run Bytes Sent By Job
	0  -  Run Bytes Received By Job
	0  -  Total Bytes Sent By Job
	0  -  Total Bytes Received By Job
...
