000 (1755159.000.000) 11/14 02:19:46 Job submitted from host: <130.199.206.69:49450>
...
001 (1755159.000.000) 11/15 18:46:05 Job executing on host: <130.199.206.65:35424>
...
006 (1755159.000.000) 11/15 18:51:15 Image size of job updated: 283364
...
006 (1755159.000.000) 11/15 18:56:16 Image size of job updated: 285544
...
006 (1755159.000.000) 11/15 19:01:16 Image size of job updated: 286572
...
006 (1755159.000.000) 11/15 19:11:16 Image size of job updated: 286596
...
006 (1755159.000.000) 11/15 19:21:16 Image size of job updated: 290388
...
006 (1755159.000.000) 11/15 19:26:16 Image size of job updated: 292688
...
006 (1755159.000.000) 11/15 19:36:16 Image size of job updated: 293396
...
006 (1755159.000.000) 11/15 19:41:16 Image size of job updated: 323656
...
006 (1755159.000.000) 11/15 19:46:16 Image size of job updated: 334920
...
006 (1755159.000.000) 11/15 19:51:16 Image size of job updated: 337992
...
006 (1755159.000.000) 11/15 19:56:16 Image size of job updated: 339016
...
006 (1755159.000.000) 11/15 20:01:16 Image size of job updated: 341064
...
005 (1755159.000.000) 11/15 20:27:59 Job terminated.
	(1) Normal termination (return value 0)
		Usr 0 01:29:14, Sys 0 00:00:20  -  Run Remote Usage
		Usr 0 00:00:00, Sys 0 00:00:00  -  Run Local Usage
		Usr 0 01:29:14, Sys 0 00:00:20  -  Total Remote Usage
		Usr 0 00:00:00, Sys 0 00:00:00  -  Total Local Usage
	0  -  Run Bytes Sent By Job
	0  -  Run Bytes Received By Job
	0  -  Total Bytes Sent By Job
	0  -  Total Bytes Received By Job
...
