000 (1754081.000.000) 11/14 02:17:37 Job submitted from host: <130.199.206.69:49450>
...
001 (1754081.000.000) 11/14 06:16:32 Job executing on host: <130.199.183.29:35269>
...
006 (1754081.000.000) 11/14 06:16:40 Image size of job updated: 173800
...
006 (1754081.000.000) 11/14 06:21:40 Image size of job updated: 283872
...
006 (1754081.000.000) 11/14 06:26:40 Image size of job updated: 286084
...
006 (1754081.000.000) 11/14 06:41:40 Image size of job updated: 286788
...
006 (1754081.000.000) 11/14 06:46:40 Image size of job updated: 287220
...
006 (1754081.000.000) 11/14 06:51:40 Image size of job updated: 287996
...
006 (1754081.000.000) 11/14 06:56:40 Image size of job updated: 288116
...
006 (1754081.000.000) 11/14 07:06:40 Image size of job updated: 290844
...
006 (1754081.000.000) 11/14 07:11:40 Image size of job updated: 291852
...
006 (1754081.000.000) 11/14 07:51:40 Image size of job updated: 293348
...
006 (1754081.000.000) 11/14 08:01:40 Image size of job updated: 293748
...
006 (1754081.000.000) 11/14 08:06:40 Image size of job updated: 293924
...
006 (1754081.000.000) 11/14 08:11:40 Image size of job updated: 294268
...
006 (1754081.000.000) 11/14 08:21:40 Image size of job updated: 295312
...
006 (1754081.000.000) 11/14 08:56:46 Image size of job updated: 295420
...
006 (1754081.000.000) 11/14 09:01:47 Image size of job updated: 295536
...
006 (1754081.000.000) 11/14 09:16:50 Image size of job updated: 295600
...
005 (1754081.000.000) 11/14 09:41:16 Job terminated.
	(1) Normal termination (return value 0)
		Usr 0 03:08:12, Sys 0 00:01:27  -  Run Remote Usage
		Usr 0 00:00:00, Sys 0 00:00:00  -  Run Local Usage
		Usr 0 03:08:12, Sys 0 00:01:27  -  Total Remote Usage
		Usr 0 00:00:00, Sys 0 00:00:00  -  Total Local Usage
	0  -  Run Bytes Sent By Job
	0  -  Run Bytes Received By Job
	0  -  Total Bytes Sent By Job
	0  -  Total Bytes Received By Job
...
