000 (1754183.000.000) 11/14 02:17:52 Job submitted from host: <130.199.206.69:49450>
...
001 (1754183.000.000) 11/14 05:17:10 Job executing on host: <130.199.180.143:49383>
...
006 (1754183.000.000) 11/14 05:22:18 Image size of job updated: 283564
...
006 (1754183.000.000) 11/14 05:27:18 Image size of job updated: 285716
...
006 (1754183.000.000) 11/14 05:37:18 Image size of job updated: 286704
...
006 (1754183.000.000) 11/14 05:42:18 Image size of job updated: 287136
...
006 (1754183.000.000) 11/14 05:52:18 Image size of job updated: 288456
...
006 (1754183.000.000) 11/14 05:57:19 Image size of job updated: 288760
...
006 (1754183.000.000) 11/14 06:02:20 Image size of job updated: 291628
...
006 (1754183.000.000) 11/14 06:12:22 Image size of job updated: 294468
...
006 (1754183.000.000) 11/14 06:22:24 Image size of job updated: 296520
...
006 (1754183.000.000) 11/14 06:27:25 Image size of job updated: 312904
...
006 (1754183.000.000) 11/14 06:32:26 Image size of job updated: 343172
...
006 (1754183.000.000) 11/14 06:37:27 Image size of job updated: 344196
...
006 (1754183.000.000) 11/14 06:42:28 Image size of job updated: 346244
...
006 (1754183.000.000) 11/14 06:47:29 Image size of job updated: 347268
...
006 (1754183.000.000) 11/14 07:02:32 Image size of job updated: 348292
...
005 (1754183.000.000) 11/14 07:36:26 Job terminated.
	(1) Normal termination (return value 0)
		Usr 0 02:03:25, Sys 0 00:00:59  -  Run Remote Usage
		Usr 0 00:00:00, Sys 0 00:00:00  -  Run Local Usage
		Usr 0 02:03:25, Sys 0 00:00:59  -  Total Remote Usage
		Usr 0 00:00:00, Sys 0 00:00:00  -  Total Local Usage
	0  -  Run Bytes Sent By Job
	0  -  Run Bytes Received By Job
	0  -  Total Bytes Sent By Job
	0  -  Total Bytes Received By Job
...
