000 (1754867.000.000) 11/14 02:19:12 Job submitted from host: <130.199.206.69:49450>
...
001 (1754867.000.000) 11/14 13:08:20 Job executing on host: <130.199.183.27:54138>
...
006 (1754867.000.000) 11/14 13:13:28 Image size of job updated: 280164
...
006 (1754867.000.000) 11/14 13:18:28 Image size of job updated: 281308
...
006 (1754867.000.000) 11/14 13:23:28 Image size of job updated: 282084
...
006 (1754867.000.000) 11/14 13:33:28 Image size of job updated: 282844
...
006 (1754867.000.000) 11/14 13:38:28 Image size of job updated: 288652
...
006 (1754867.000.000) 11/14 13:43:28 Image size of job updated: 290484
...
006 (1754867.000.000) 11/14 13:48:28 Image size of job updated: 291448
...
006 (1754867.000.000) 11/14 13:58:28 Image size of job updated: 291468
...
006 (1754867.000.000) 11/14 14:08:28 Image size of job updated: 292720
...
006 (1754867.000.000) 11/14 14:13:28 Image size of job updated: 293568
...
006 (1754867.000.000) 11/14 14:18:28 Image size of job updated: 294836
...
006 (1754867.000.000) 11/14 14:28:28 Image size of job updated: 295260
...
006 (1754867.000.000) 11/14 14:33:28 Image size of job updated: 296468
...
006 (1754867.000.000) 11/14 14:38:28 Image size of job updated: 296780
...
005 (1754867.000.000) 11/14 14:57:07 Job terminated.
	(1) Normal termination (return value 0)
		Usr 0 01:18:28, Sys 0 00:00:28  -  Run Remote Usage
		Usr 0 00:00:00, Sys 0 00:00:00  -  Run Local Usage
		Usr 0 01:18:28, Sys 0 00:00:28  -  Total Remote Usage
		Usr 0 00:00:00, Sys 0 00:00:00  -  Total Local Usage
	0  -  Run Bytes Sent By Job
	0  -  Run Bytes Received By Job
	0  -  Total Bytes Sent By Job
	0  -  Total Bytes Received By Job
...
