000 (1753942.000.000) 11/14 02:17:04 Job submitted from host: <130.199.206.69:49450>
...
001 (1753942.000.000) 11/14 05:20:24 Job executing on host: <130.199.180.145:42379>
...
006 (1753942.000.000) 11/14 05:25:32 Image size of job updated: 285116
...
006 (1753942.000.000) 11/14 05:30:32 Image size of job updated: 286056
...
006 (1753942.000.000) 11/14 05:35:32 Image size of job updated: 292212
...
006 (1753942.000.000) 11/14 05:40:32 Image size of job updated: 331476
...
006 (1753942.000.000) 11/14 05:45:32 Image size of job updated: 336596
...
006 (1753942.000.000) 11/14 05:50:32 Image size of job updated: 338644
...
006 (1753942.000.000) 11/14 06:00:32 Image size of job updated: 339668
...
006 (1753942.000.000) 11/14 06:10:32 Image size of job updated: 340692
...
006 (1753942.000.000) 11/14 06:20:32 Image size of job updated: 342672
...
006 (1753942.000.000) 11/14 06:30:32 Image size of job updated: 343696
...
006 (1753942.000.000) 11/14 06:45:34 Image size of job updated: 344720
...
006 (1753942.000.000) 11/14 07:00:37 Image size of job updated: 345744
...
006 (1753942.000.000) 11/14 07:25:42 Image size of job updated: 346768
...
006 (1753942.000.000) 11/14 07:35:44 Image size of job updated: 348816
...
006 (1753942.000.000) 11/14 08:05:50 Image size of job updated: 349840
...
005 (1753942.000.000) 11/14 08:09:33 Job terminated.
	(1) Normal termination (return value 0)
		Usr 0 02:35:51, Sys 0 00:01:12  -  Run Remote Usage
		Usr 0 00:00:00, Sys 0 00:00:00  -  Run Local Usage
		Usr 0 02:35:51, Sys 0 00:01:12  -  Total Remote Usage
		Usr 0 00:00:00, Sys 0 00:00:00  -  Total Local Usage
	0  -  Run Bytes Sent By Job
	0  -  Run Bytes Received By Job
	0  -  Total Bytes Sent By Job
	0  -  Total Bytes Received By Job
...
