000 (1755348.000.000) 11/14 02:20:03 Job submitted from host: <130.199.206.69:49450>
...
001 (1755348.000.000) 11/15 12:43:24 Job executing on host: <130.199.180.166:41628>
...
006 (1755348.000.000) 11/15 12:43:32 Image size of job updated: 174076
...
006 (1755348.000.000) 11/15 12:48:32 Image size of job updated: 282644
...
006 (1755348.000.000) 11/15 12:53:32 Image size of job updated: 283348
...
006 (1755348.000.000) 11/15 12:58:32 Image size of job updated: 283584
...
006 (1755348.000.000) 11/15 13:03:32 Image size of job updated: 284024
...
006 (1755348.000.000) 11/15 13:08:32 Image size of job updated: 311504
...
006 (1755348.000.000) 11/15 13:13:32 Image size of job updated: 331984
...
006 (1755348.000.000) 11/15 13:18:32 Image size of job updated: 338128
...
006 (1755348.000.000) 11/15 13:23:32 Image size of job updated: 339152
...
006 (1755348.000.000) 11/15 13:28:32 Image size of job updated: 341200
...
006 (1755348.000.000) 11/15 13:33:32 Image size of job updated: 342224
...
006 (1755348.000.000) 11/15 13:38:32 Image size of job updated: 343248
...
006 (1755348.000.000) 11/15 13:58:32 Image size of job updated: 344272
...
005 (1755348.000.000) 11/15 14:10:05 Job terminated.
	(1) Normal termination (return value 0)
		Usr 0 01:15:50, Sys 0 00:01:03  -  Run Remote Usage
		Usr 0 00:00:00, Sys 0 00:00:00  -  Run Local Usage
		Usr 0 01:15:50, Sys 0 00:01:03  -  Total Remote Usage
		Usr 0 00:00:00, Sys 0 00:00:00  -  Total Local Usage
	0  -  Run Bytes Sent By Job
	0  -  Run Bytes Received By Job
	0  -  Total Bytes Sent By Job
	0  -  Total Bytes Received By Job
...
