000 (1755362.000.000) 11/14 02:20:03 Job submitted from host: <130.199.206.69:49450>
...
001 (1755362.000.000) 11/15 12:45:41 Job executing on host: <130.199.180.167:33733>
...
006 (1755362.000.000) 11/15 12:50:49 Image size of job updated: 282236
...
006 (1755362.000.000) 11/15 12:55:49 Image size of job updated: 284164
...
006 (1755362.000.000) 11/15 13:00:50 Image size of job updated: 285160
...
006 (1755362.000.000) 11/15 13:10:52 Image size of job updated: 288808
...
006 (1755362.000.000) 11/15 13:15:53 Image size of job updated: 302812
...
006 (1755362.000.000) 11/15 13:20:54 Image size of job updated: 319196
...
006 (1755362.000.000) 11/15 13:25:55 Image size of job updated: 332508
...
006 (1755362.000.000) 11/15 13:30:56 Image size of job updated: 335580
...
006 (1755362.000.000) 11/15 13:35:57 Image size of job updated: 337628
...
006 (1755362.000.000) 11/15 13:56:01 Image size of job updated: 339676
...
006 (1755362.000.000) 11/15 14:01:02 Image size of job updated: 341728
...
006 (1755362.000.000) 11/15 14:06:03 Image size of job updated: 342752
...
006 (1755362.000.000) 11/15 14:11:04 Image size of job updated: 343776
...
005 (1755362.000.000) 11/15 14:16:59 Job terminated.
	(1) Normal termination (return value 0)
		Usr 0 01:23:51, Sys 0 00:00:52  -  Run Remote Usage
		Usr 0 00:00:00, Sys 0 00:00:00  -  Run Local Usage
		Usr 0 01:23:51, Sys 0 00:00:52  -  Total Remote Usage
		Usr 0 00:00:00, Sys 0 00:00:00  -  Total Local Usage
	0  -  Run Bytes Sent By Job
	0  -  Run Bytes Received By Job
	0  -  Total Bytes Sent By Job
	0  -  Total Bytes Received By Job
...
