000 (1753851.000.000) 11/14 02:16:47 Job submitted from host: <130.199.206.69:49450>
...
001 (1753851.000.000) 11/14 06:01:04 Job executing on host: <130.199.180.154:33428>
...
006 (1753851.000.000) 11/14 06:01:12 Image size of job updated: 173648
...
006 (1753851.000.000) 11/14 06:06:12 Image size of job updated: 283620
...
006 (1753851.000.000) 11/14 06:11:12 Image size of job updated: 284868
...
006 (1753851.000.000) 11/14 06:16:12 Image size of job updated: 285900
...
006 (1753851.000.000) 11/14 06:21:13 Image size of job updated: 286196
...
006 (1753851.000.000) 11/14 06:31:15 Image size of job updated: 286560
...
006 (1753851.000.000) 11/14 06:36:16 Image size of job updated: 287096
...
006 (1753851.000.000) 11/14 06:41:17 Image size of job updated: 287648
...
006 (1753851.000.000) 11/14 06:51:19 Image size of job updated: 288024
...
006 (1753851.000.000) 11/14 06:56:20 Image size of job updated: 292204
...
006 (1753851.000.000) 11/14 07:06:22 Image size of job updated: 292440
...
006 (1753851.000.000) 11/14 07:11:23 Image size of job updated: 294688
...
006 (1753851.000.000) 11/14 07:26:26 Image size of job updated: 295032
...
006 (1753851.000.000) 11/14 07:41:29 Image size of job updated: 295076
...
006 (1753851.000.000) 11/14 07:46:30 Image size of job updated: 295176
...
006 (1753851.000.000) 11/14 07:51:31 Image size of job updated: 295776
...
006 (1753851.000.000) 11/14 08:16:36 Image size of job updated: 316632
...
006 (1753851.000.000) 11/14 08:21:37 Image size of job updated: 327896
...
006 (1753851.000.000) 11/14 08:26:38 Image size of job updated: 335064
...
006 (1753851.000.000) 11/14 08:31:39 Image size of job updated: 338136
...
006 (1753851.000.000) 11/14 08:36:40 Image size of job updated: 341208
...
006 (1753851.000.000) 11/14 08:46:42 Image size of job updated: 343256
...
006 (1753851.000.000) 11/14 08:51:43 Image size of job updated: 346328
...
005 (1753851.000.000) 11/14 09:35:15 Job terminated.
	(1) Normal termination (return value 0)
		Usr 0 03:10:14, Sys 0 00:01:20  -  Run Remote Usage
		Usr 0 00:00:00, Sys 0 00:00:00  -  Run Local Usage
		Usr 0 03:10:14, Sys 0 00:01:20  -  Total Remote Usage
		Usr 0 00:00:00, Sys 0 00:00:00  -  Total Local Usage
	0  -  Run Bytes Sent By Job
	0  -  Run Bytes Received By Job
	0  -  Total Bytes Sent By Job
	0  -  Total Bytes Received By Job
...
