000 (1754195.000.000) 11/14 02:17:52 Job submitted from host: <130.199.206.69:49450>
...
001 (1754195.000.000) 11/14 08:34:31 Job executing on host: <130.199.180.178:51879>
...
006 (1754195.000.000) 11/14 08:34:39 Image size of job updated: 173924
...
006 (1754195.000.000) 11/14 08:39:39 Image size of job updated: 281400
...
006 (1754195.000.000) 11/14 08:44:39 Image size of job updated: 287040
...
006 (1754195.000.000) 11/14 08:49:39 Image size of job updated: 289296
...
006 (1754195.000.000) 11/14 08:54:39 Image size of job updated: 289876
...
006 (1754195.000.000) 11/14 08:59:39 Image size of job updated: 291044
...
006 (1754195.000.000) 11/14 09:04:39 Image size of job updated: 291244
...
006 (1754195.000.000) 11/14 09:09:39 Image size of job updated: 291828
...
006 (1754195.000.000) 11/14 09:14:39 Image size of job updated: 292084
...
006 (1754195.000.000) 11/14 09:19:39 Image size of job updated: 293784
...
006 (1754195.000.000) 11/14 09:24:39 Image size of job updated: 294816
...
006 (1754195.000.000) 11/14 09:34:39 Image size of job updated: 295588
...
006 (1754195.000.000) 11/14 10:19:39 Image size of job updated: 295764
...
006 (1754195.000.000) 11/14 10:39:39 Image size of job updated: 295932
...
005 (1754195.000.000) 11/14 10:55:03 Job terminated.
	(1) Normal termination (return value 0)
		Usr 0 02:07:30, Sys 0 00:01:09  -  Run Remote Usage
		Usr 0 00:00:00, Sys 0 00:00:00  -  Run Local Usage
		Usr 0 02:07:30, Sys 0 00:01:09  -  Total Remote Usage
		Usr 0 00:00:00, Sys 0 00:00:00  -  Total Local Usage
	0  -  Run Bytes Sent By Job
	0  -  Run Bytes Received By Job
	0  -  Total Bytes Sent By Job
	0  -  Total Bytes Received By Job
...
