000 (1755024.000.000) 11/14 02:19:38 Job submitted from host: <130.199.206.69:49450>
...
001 (1755024.000.000) 11/15 11:40:37 Job executing on host: <130.199.180.172:54357>
...
006 (1755024.000.000) 11/15 11:40:46 Image size of job updated: 214436
...
006 (1755024.000.000) 11/15 12:05:51 Image size of job updated: 292236
...
006 (1755024.000.000) 11/15 12:10:52 Image size of job updated: 293424
...
006 (1755024.000.000) 11/15 12:20:54 Image size of job updated: 294340
...
006 (1755024.000.000) 11/15 12:25:55 Image size of job updated: 295824
...
005 (1755024.000.000) 11/15 12:28:20 Job terminated.
	(1) Normal termination (return value 0)
		Usr 0 00:25:09, Sys 0 00:00:12  -  Run Remote Usage
		Usr 0 00:00:00, Sys 0 00:00:00  -  Run Local Usage
		Usr 0 00:25:09, Sys 0 00:00:12  -  Total Remote Usage
		Usr 0 00:00:00, Sys 0 00:00:00  -  Total Local Usage
	0  -  Run Bytes Sent By Job
	0  -  Run Bytes Received By Job
	0  -  Total Bytes Sent By Job
	0  -  Total Bytes Received By Job
...
