000 (1754622.000.000) 11/14 02:18:46 Job submitted from host: <130.199.206.69:49450>
...
001 (1754622.000.000) 11/14 05:38:27 Job executing on host: <130.199.206.115:54456>
...
006 (1754622.000.000) 11/14 05:38:36 Image size of job updated: 142628
...
006 (1754622.000.000) 11/14 05:43:37 Image size of job updated: 277644
...
006 (1754622.000.000) 11/14 05:48:38 Image size of job updated: 285740
...
006 (1754622.000.000) 11/14 05:53:39 Image size of job updated: 286908
...
006 (1754622.000.000) 11/14 06:13:41 Image size of job updated: 289060
...
006 (1754622.000.000) 11/14 06:18:41 Image size of job updated: 289832
...
006 (1754622.000.000) 11/14 06:23:41 Image size of job updated: 292096
...
006 (1754622.000.000) 11/14 06:33:41 Image size of job updated: 292860
...
006 (1754622.000.000) 11/14 06:38:41 Image size of job updated: 293564
...
006 (1754622.000.000) 11/14 06:48:41 Image size of job updated: 293716
...
006 (1754622.000.000) 11/14 06:53:41 Image size of job updated: 294156
...
006 (1754622.000.000) 11/14 06:58:41 Image size of job updated: 294568
...
006 (1754622.000.000) 11/14 07:03:41 Image size of job updated: 294700
...
006 (1754622.000.000) 11/14 07:23:44 Image size of job updated: 315640
...
006 (1754622.000.000) 11/14 07:28:45 Image size of job updated: 326904
...
006 (1754622.000.000) 11/14 07:33:46 Image size of job updated: 335072
...
006 (1754622.000.000) 11/14 07:38:47 Image size of job updated: 338144
...
006 (1754622.000.000) 11/14 07:43:48 Image size of job updated: 339168
...
006 (1754622.000.000) 11/14 07:48:49 Image size of job updated: 339592
...
006 (1754622.000.000) 11/14 07:53:50 Image size of job updated: 340616
...
006 (1754622.000.000) 11/14 08:03:52 Image size of job updated: 341640
...
005 (1754622.000.000) 11/14 08:22:14 Job terminated.
	(1) Normal termination (return value 0)
		Usr 0 02:29:43, Sys 0 00:01:25  -  Run Remote Usage
		Usr 0 00:00:00, Sys 0 00:00:00  -  Run Local Usage
		Usr 0 02:29:43, Sys 0 00:01:25  -  Total Remote Usage
		Usr 0 00:00:00, Sys 0 00:00:00  -  Total Local Usage
	0  -  Run Bytes Sent By Job
	0  -  Run Bytes Received By Job
	0  -  Total Bytes Sent By Job
	0  -  Total Bytes Received By Job
...
