000 (1754369.000.000) 11/14 02:18:07 Job submitted from host: <130.199.206.69:49450>
...
001 (1754369.000.000) 11/14 03:59:27 Job executing on host: <130.199.180.144:40361>
...
006 (1754369.000.000) 11/14 04:04:35 Image size of job updated: 283808
...
006 (1754369.000.000) 11/14 04:09:35 Image size of job updated: 286960
...
006 (1754369.000.000) 11/14 04:19:35 Image size of job updated: 287052
...
006 (1754369.000.000) 11/14 04:24:35 Image size of job updated: 288056
...
006 (1754369.000.000) 11/14 04:29:35 Image size of job updated: 288676
...
006 (1754369.000.000) 11/14 04:34:35 Image size of job updated: 291352
...
006 (1754369.000.000) 11/14 04:39:35 Image size of job updated: 330528
...
006 (1754369.000.000) 11/14 04:44:35 Image size of job updated: 338720
...
006 (1754369.000.000) 11/14 04:49:35 Image size of job updated: 340768
...
006 (1754369.000.000) 11/14 05:14:35 Image size of job updated: 342816
...
006 (1754369.000.000) 11/14 06:04:35 Image size of job updated: 343840
...
006 (1754369.000.000) 11/14 06:24:35 Image size of job updated: 344864
...
006 (1754369.000.000) 11/14 06:59:35 Image size of job updated: 345888
...
006 (1754369.000.000) 11/14 07:34:35 Image size of job updated: 346912
...
005 (1754369.000.000) 11/14 08:02:03 Job terminated.
	(1) Normal termination (return value 0)
		Usr 0 03:41:54, Sys 0 00:01:47  -  Run Remote Usage
		Usr 0 00:00:00, Sys 0 00:00:00  -  Run Local Usage
		Usr 0 03:41:54, Sys 0 00:01:47  -  Total Remote Usage
		Usr 0 00:00:00, Sys 0 00:00:00  -  Total Local Usage
	0  -  Run Bytes Sent By Job
	0  -  Run Bytes Received By Job
	0  -  Total Bytes Sent By Job
	0  -  Total Bytes Received By Job
...
