000 (1753469.000.000) 11/14 02:14:53 Job submitted from host: <130.199.206.69:49450>
...
001 (1753469.000.000) 11/14 05:45:06 Job executing on host: <130.199.180.139:35175>
...
006 (1753469.000.000) 11/14 05:45:15 Image size of job updated: 174048
...
006 (1753469.000.000) 11/14 05:50:16 Image size of job updated: 274388
...
006 (1753469.000.000) 11/14 05:55:17 Image size of job updated: 300900
...
006 (1753469.000.000) 11/14 06:00:18 Image size of job updated: 314212
...
006 (1753469.000.000) 11/14 06:05:19 Image size of job updated: 320356
...
006 (1753469.000.000) 11/14 06:10:20 Image size of job updated: 324452
...
006 (1753469.000.000) 11/14 06:30:24 Image size of job updated: 325596
...
006 (1753469.000.000) 11/14 06:35:25 Image size of job updated: 327644
...
006 (1753469.000.000) 11/14 06:45:27 Image size of job updated: 328668
...
005 (1753469.000.000) 11/14 06:52:17 Job terminated.
	(1) Normal termination (return value 0)
		Usr 0 01:01:28, Sys 0 00:00:36  -  Run Remote Usage
		Usr 0 00:00:00, Sys 0 00:00:00  -  Run Local Usage
		Usr 0 01:01:28, Sys 0 00:00:36  -  Total Remote Usage
		Usr 0 00:00:00, Sys 0 00:00:00  -  Total Local Usage
	0  -  Run Bytes Sent By Job
	0  -  Run Bytes Received By Job
	0  -  Total Bytes Sent By Job
	0  -  Total Bytes Received By Job
...
