000 (1754747.000.000) 11/14 02:18:59 Job submitted from host: <130.199.206.69:49450>
...
001 (1754747.000.000) 11/14 06:09:09 Job executing on host: <130.199.206.138:33176>
...
006 (1754747.000.000) 11/14 06:14:17 Image size of job updated: 284568
...
006 (1754747.000.000) 11/14 06:19:17 Image size of job updated: 285560
...
006 (1754747.000.000) 11/14 06:24:17 Image size of job updated: 286204
...
006 (1754747.000.000) 11/14 06:29:17 Image size of job updated: 287024
...
006 (1754747.000.000) 11/14 06:34:17 Image size of job updated: 287848
...
006 (1754747.000.000) 11/14 06:39:17 Image size of job updated: 288616
...
006 (1754747.000.000) 11/14 06:44:17 Image size of job updated: 289932
...
006 (1754747.000.000) 11/14 06:49:17 Image size of job updated: 291164
...
006 (1754747.000.000) 11/14 06:59:17 Image size of job updated: 291828
...
006 (1754747.000.000) 11/14 07:04:18 Image size of job updated: 321272
...
006 (1754747.000.000) 11/14 07:09:19 Image size of job updated: 329464
...
006 (1754747.000.000) 11/14 07:14:20 Image size of job updated: 334584
...
006 (1754747.000.000) 11/14 07:19:21 Image size of job updated: 336632
...
006 (1754747.000.000) 11/14 07:24:22 Image size of job updated: 337656
...
006 (1754747.000.000) 11/14 07:29:23 Image size of job updated: 338680
...
006 (1754747.000.000) 11/14 07:34:24 Image size of job updated: 346888
...
005 (1754747.000.000) 11/14 07:35:48 Job terminated.
	(1) Normal termination (return value 0)
		Usr 0 01:21:52, Sys 0 00:00:14  -  Run Remote Usage
		Usr 0 00:00:00, Sys 0 00:00:00  -  Run Local Usage
		Usr 0 01:21:52, Sys 0 00:00:14  -  Total Remote Usage
		Usr 0 00:00:00, Sys 0 00:00:00  -  Total Local Usage
	0  -  Run Bytes Sent By Job
	0  -  Run Bytes Received By Job
	0  -  Total Bytes Sent By Job
	0  -  Total Bytes Received By Job
...
