000 (1754242.000.000) 11/14 02:17:52 Job submitted from host: <130.199.206.69:49450>
...
001 (1754242.000.000) 11/14 04:49:11 Job executing on host: <130.199.180.159:36980>
...
006 (1754242.000.000) 11/14 04:49:20 Image size of job updated: 154756
...
006 (1754242.000.000) 11/14 04:54:21 Image size of job updated: 283852
...
006 (1754242.000.000) 11/14 04:59:22 Image size of job updated: 286288
...
006 (1754242.000.000) 11/14 05:09:24 Image size of job updated: 291816
...
006 (1754242.000.000) 11/14 05:14:25 Image size of job updated: 292460
...
006 (1754242.000.000) 11/14 05:19:26 Image size of job updated: 312252
...
006 (1754242.000.000) 11/14 05:24:27 Image size of job updated: 325564
...
006 (1754242.000.000) 11/14 05:29:28 Image size of job updated: 336828
...
006 (1754242.000.000) 11/14 05:34:29 Image size of job updated: 339900
...
006 (1754242.000.000) 11/14 05:39:30 Image size of job updated: 341948
...
006 (1754242.000.000) 11/14 05:44:31 Image size of job updated: 342972
...
006 (1754242.000.000) 11/14 05:49:32 Image size of job updated: 343996
...
006 (1754242.000.000) 11/14 05:54:33 Image size of job updated: 345020
...
006 (1754242.000.000) 11/14 06:19:38 Image size of job updated: 346044
...
006 (1754242.000.000) 11/14 07:14:49 Image size of job updated: 347068
...
006 (1754242.000.000) 11/14 07:24:51 Image size of job updated: 348092
...
005 (1754242.000.000) 11/14 07:35:15 Job terminated.
	(1) Normal termination (return value 0)
		Usr 0 02:29:34, Sys 0 00:01:21  -  Run Remote Usage
		Usr 0 00:00:00, Sys 0 00:00:00  -  Run Local Usage
		Usr 0 02:29:34, Sys 0 00:01:21  -  Total Remote Usage
		Usr 0 00:00:00, Sys 0 00:00:00  -  Total Local Usage
	0  -  Run Bytes Sent By Job
	0  -  Run Bytes Received By Job
	0  -  Total Bytes Sent By Job
	0  -  Total Bytes Received By Job
...
