000 (1754256.000.000) 11/14 02:17:52 Job submitted from host: <130.199.206.69:49450>
...
001 (1754256.000.000) 11/14 05:48:19 Job executing on host: <130.199.180.149:32900>
...
006 (1754256.000.000) 11/14 05:48:27 Image size of job updated: 174068
...
006 (1754256.000.000) 11/14 05:53:27 Image size of job updated: 283540
...
006 (1754256.000.000) 11/14 05:58:27 Image size of job updated: 285492
...
006 (1754256.000.000) 11/14 06:03:27 Image size of job updated: 317104
...
006 (1754256.000.000) 11/14 06:08:27 Image size of job updated: 325296
...
006 (1754256.000.000) 11/14 06:13:27 Image size of job updated: 327344
...
006 (1754256.000.000) 11/14 06:18:27 Image size of job updated: 328368
...
006 (1754256.000.000) 11/14 06:33:27 Image size of job updated: 329392
...
006 (1754256.000.000) 11/14 06:38:27 Image size of job updated: 331440
...
006 (1754256.000.000) 11/14 06:53:27 Image size of job updated: 335540
...
006 (1754256.000.000) 11/14 07:03:27 Image size of job updated: 336564
...
006 (1754256.000.000) 11/14 07:18:27 Image size of job updated: 337588
...
006 (1754256.000.000) 11/14 07:23:27 Image size of job updated: 338612
...
006 (1754256.000.000) 11/14 07:28:27 Image size of job updated: 339636
...
006 (1754256.000.000) 11/14 07:53:27 Image size of job updated: 340660
...
006 (1754256.000.000) 11/14 08:03:27 Image size of job updated: 341684
...
006 (1754256.000.000) 11/14 08:23:27 Image size of job updated: 342708
...
006 (1754256.000.000) 11/14 08:53:27 Image size of job updated: 343732
...
005 (1754256.000.000) 11/14 09:25:54 Job terminated.
	(1) Normal termination (return value 0)
		Usr 0 03:04:08, Sys 0 00:01:27  -  Run Remote Usage
		Usr 0 00:00:00, Sys 0 00:00:00  -  Run Local Usage
		Usr 0 03:04:08, Sys 0 00:01:27  -  Total Remote Usage
		Usr 0 00:00:00, Sys 0 00:00:00  -  Total Local Usage
	0  -  Run Bytes Sent By Job
	0  -  Run Bytes Received By Job
	0  -  Total Bytes Sent By Job
	0  -  Total Bytes Received By Job
...
