000 (1754806.000.000) 11/14 02:19:12 Job submitted from host: <130.199.206.69:49450>
...
001 (1754806.000.000) 11/14 09:04:49 Job executing on host: <130.199.180.176:34913>
...
006 (1754806.000.000) 11/14 09:04:58 Image size of job updated: 154768
...
006 (1754806.000.000) 11/14 09:09:59 Image size of job updated: 283428
...
006 (1754806.000.000) 11/14 09:15:00 Image size of job updated: 285524
...
006 (1754806.000.000) 11/14 09:20:01 Image size of job updated: 285948
...
006 (1754806.000.000) 11/14 09:30:03 Image size of job updated: 287220
...
006 (1754806.000.000) 11/14 09:35:04 Image size of job updated: 288636
...
006 (1754806.000.000) 11/14 09:40:05 Image size of job updated: 289024
...
006 (1754806.000.000) 11/14 09:55:08 Image size of job updated: 291728
...
006 (1754806.000.000) 11/14 10:00:09 Image size of job updated: 293272
...
006 (1754806.000.000) 11/14 10:05:10 Image size of job updated: 294148
...
006 (1754806.000.000) 11/14 10:20:13 Image size of job updated: 294484
...
006 (1754806.000.000) 11/14 11:00:21 Image size of job updated: 294704
...
006 (1754806.000.000) 11/14 11:30:27 Image size of job updated: 314864
...
006 (1754806.000.000) 11/14 11:35:28 Image size of job updated: 336368
...
006 (1754806.000.000) 11/14 11:40:29 Image size of job updated: 338416
...
006 (1754806.000.000) 11/14 11:50:31 Image size of job updated: 339440
...
005 (1754806.000.000) 11/14 11:53:41 Job terminated.
	(1) Normal termination (return value 0)
		Usr 0 02:19:49, Sys 0 00:01:31  -  Run Remote Usage
		Usr 0 00:00:00, Sys 0 00:00:00  -  Run Local Usage
		Usr 0 02:19:49, Sys 0 00:01:31  -  Total Remote Usage
		Usr 0 00:00:00, Sys 0 00:00:00  -  Total Local Usage
	0  -  Run Bytes Sent By Job
	0  -  Run Bytes Received By Job
	0  -  Total Bytes Sent By Job
	0  -  Total Bytes Received By Job
...
