000 (1753574.000.000) 11/14 02:16:08 Job submitted from host: <130.199.206.69:49450>
...
001 (1753574.000.000) 11/14 03:25:25 Job executing on host: <130.199.180.172:54357>
...
006 (1753574.000.000) 11/14 03:30:33 Image size of job updated: 286108
...
006 (1753574.000.000) 11/14 03:35:33 Image size of job updated: 311204
...
006 (1753574.000.000) 11/14 03:40:33 Image size of job updated: 325540
...
006 (1753574.000.000) 11/14 03:45:33 Image size of job updated: 328944
...
006 (1753574.000.000) 11/14 03:50:33 Image size of job updated: 329968
...
006 (1753574.000.000) 11/14 03:55:33 Image size of job updated: 335092
...
006 (1753574.000.000) 11/14 04:00:33 Image size of job updated: 339188
...
006 (1753574.000.000) 11/14 04:15:33 Image size of job updated: 340212
...
006 (1753574.000.000) 11/14 04:25:33 Image size of job updated: 341236
...
006 (1753574.000.000) 11/14 05:05:33 Image size of job updated: 343284
...
006 (1753574.000.000) 11/14 05:55:33 Image size of job updated: 344308
...
006 (1753574.000.000) 11/14 06:30:33 Image size of job updated: 345332
...
005 (1753574.000.000) 11/14 06:59:22 Job terminated.
	(1) Normal termination (return value 0)
		Usr 0 03:12:57, Sys 0 00:01:50  -  Run Remote Usage
		Usr 0 00:00:00, Sys 0 00:00:00  -  Run Local Usage
		Usr 0 03:12:57, Sys 0 00:01:50  -  Total Remote Usage
		Usr 0 00:00:00, Sys 0 00:00:00  -  Total Local Usage
	0  -  Run Bytes Sent By Job
	0  -  Run Bytes Received By Job
	0  -  Total Bytes Sent By Job
	0  -  Total Bytes Received By Job
...
