000 (1754846.000.000) 11/14 02:19:12 Job submitted from host: <130.199.206.69:49450>
...
001 (1754846.000.000) 11/15 06:18:42 Job executing on host: <130.199.183.26:55119>
...
006 (1754846.000.000) 11/15 06:23:50 Image size of job updated: 147308
...
006 (1754846.000.000) 11/15 06:28:50 Image size of job updated: 169412
...
006 (1754846.000.000) 11/15 06:33:50 Image size of job updated: 173640
...
006 (1754846.000.000) 11/15 06:48:50 Image size of job updated: 174160
...
006 (1754846.000.000) 11/15 08:33:50 Image size of job updated: 174288
...
006 (1754846.000.000) 11/15 09:53:50 Image size of job updated: 175424
...
006 (1754846.000.000) 11/15 09:58:50 Image size of job updated: 175676
...
006 (1754846.000.000) 11/15 10:03:50 Image size of job updated: 183456
...
006 (1754846.000.000) 11/15 10:08:50 Image size of job updated: 186248
...
006 (1754846.000.000) 11/15 10:13:50 Image size of job updated: 187172
...
006 (1754846.000.000) 11/15 10:18:50 Image size of job updated: 189576
...
006 (1754846.000.000) 11/15 10:23:50 Image size of job updated: 192104
...
006 (1754846.000.000) 11/15 10:28:50 Image size of job updated: 192800
...
006 (1754846.000.000) 11/15 10:33:50 Image size of job updated: 192812
...
006 (1754846.000.000) 11/15 10:38:50 Image size of job updated: 192824
...
006 (1754846.000.000) 11/15 10:43:51 Image size of job updated: 193944
...
006 (1754846.000.000) 11/15 10:48:52 Image size of job updated: 284272
...
006 (1754846.000.000) 11/15 10:53:53 Image size of job updated: 285952
...
006 (1754846.000.000) 11/15 10:58:54 Image size of job updated: 286852
...
006 (1754846.000.000) 11/15 11:03:55 Image size of job updated: 287608
...
006 (1754846.000.000) 11/15 11:08:56 Image size of job updated: 290760
...
006 (1754846.000.000) 11/15 11:13:57 Image size of job updated: 291704
...
006 (1754846.000.000) 11/15 11:18:58 Image size of job updated: 293104
...
006 (1754846.000.000) 11/15 11:23:59 Image size of job updated: 293912
...
006 (1754846.000.000) 11/15 11:44:03 Image size of job updated: 294548
...
006 (1754846.000.000) 11/15 11:54:05 Image size of job updated: 294792
...
006 (1754846.000.000) 11/15 11:59:06 Image size of job updated: 295128
...
006 (1754846.000.000) 11/15 12:04:07 Image size of job updated: 296048
...
006 (1754846.000.000) 11/15 12:09:08 Image size of job updated: 296520
...
006 (1754846.000.000) 11/15 12:14:09 Image size of job updated: 296600
...
006 (1754846.000.000) 11/15 12:19:10 Image size of job updated: 297012
...
006 (1754846.000.000) 11/15 12:54:17 Image size of job updated: 297044
...
005 (1754846.000.000) 11/15 12:57:41 Job terminated.
	(1) Normal termination (return value 0)
		Usr 0 02:00:47, Sys 0 00:00:53  -  Run Remote Usage
		Usr 0 00:00:00, Sys 0 00:00:00  -  Run Local Usage
		Usr 0 02:00:47, Sys 0 00:00:53  -  Total Remote Usage
		Usr 0 00:00:00, Sys 0 00:00:00  -  Total Local Usage
	0  -  Run Bytes Sent By Job
	0  -  Run Bytes Received By Job
	0  -  Total Bytes Sent By Job
	0  -  Total Bytes Received By Job
...
