000 (1753371.000.000) 11/14 02:14:53 Job submitted from host: <130.199.206.69:49450>
...
001 (1753371.000.000) 11/14 04:48:47 Job executing on host: <130.199.180.152:59096>
...
006 (1753371.000.000) 11/14 04:48:56 Image size of job updated: 241140
...
006 (1753371.000.000) 11/14 04:53:57 Image size of job updated: 277396
...
006 (1753371.000.000) 11/14 04:58:58 Image size of job updated: 281924
...
006 (1753371.000.000) 11/14 05:03:59 Image size of job updated: 289912
...
006 (1753371.000.000) 11/14 05:09:00 Image size of job updated: 293016
...
006 (1753371.000.000) 11/14 05:14:01 Image size of job updated: 294588
...
006 (1753371.000.000) 11/14 05:19:02 Image size of job updated: 297456
...
006 (1753371.000.000) 11/14 05:24:03 Image size of job updated: 297812
...
006 (1753371.000.000) 11/14 05:29:04 Image size of job updated: 298212
...
006 (1753371.000.000) 11/14 05:34:05 Image size of job updated: 298412
...
005 (1753371.000.000) 11/14 05:38:00 Job terminated.
	(1) Normal termination (return value 0)
		Usr 0 00:45:13, Sys 0 00:00:28  -  Run Remote Usage
		Usr 0 00:00:00, Sys 0 00:00:00  -  Run Local Usage
		Usr 0 00:45:13, Sys 0 00:00:28  -  Total Remote Usage
		Usr 0 00:00:00, Sys 0 00:00:00  -  Total Local Usage
	0  -  Run Bytes Sent By Job
	0  -  Run Bytes Received By Job
	0  -  Total Bytes Sent By Job
	0  -  Total Bytes Received By Job
...
