000 (1754967.000.000) 11/14 02:19:27 Job submitted from host: <130.199.206.69:49450>
...
001 (1754967.000.000) 11/15 15:43:25 Job executing on host: <130.199.183.27:54138>
...
006 (1754967.000.000) 11/15 15:48:35 Image size of job updated: 285540
...
006 (1754967.000.000) 11/15 15:53:36 Image size of job updated: 286704
...
006 (1754967.000.000) 11/15 15:58:37 Image size of job updated: 289048
...
006 (1754967.000.000) 11/15 16:03:38 Image size of job updated: 289640
...
006 (1754967.000.000) 11/15 16:08:39 Image size of job updated: 292224
...
006 (1754967.000.000) 11/15 16:13:41 Image size of job updated: 292444
...
006 (1754967.000.000) 11/15 16:18:41 Image size of job updated: 317500
...
006 (1754967.000.000) 11/15 16:23:41 Image size of job updated: 325692
...
006 (1754967.000.000) 11/15 16:28:41 Image size of job updated: 337980
...
006 (1754967.000.000) 11/15 16:33:41 Image size of job updated: 339004
...
006 (1754967.000.000) 11/15 16:43:41 Image size of job updated: 341052
...
006 (1754967.000.000) 11/15 16:58:41 Image size of job updated: 342076
...
006 (1754967.000.000) 11/15 17:03:41 Image size of job updated: 343100
...
006 (1754967.000.000) 11/15 17:13:41 Image size of job updated: 344124
...
006 (1754967.000.000) 11/15 17:28:41 Image size of job updated: 345148
...
006 (1754967.000.000) 11/15 17:33:41 Image size of job updated: 346172
...
006 (1754967.000.000) 11/15 17:48:41 Image size of job updated: 348220
...
005 (1754967.000.000) 11/15 18:32:12 Job terminated.
	(1) Normal termination (return value 0)
		Usr 0 02:13:22, Sys 0 00:01:22  -  Run Remote Usage
		Usr 0 00:00:00, Sys 0 00:00:00  -  Run Local Usage
		Usr 0 02:13:22, Sys 0 00:01:22  -  Total Remote Usage
		Usr 0 00:00:00, Sys 0 00:00:00  -  Total Local Usage
	0  -  Run Bytes Sent By Job
	0  -  Run Bytes Received By Job
	0  -  Total Bytes Sent By Job
	0  -  Total Bytes Received By Job
...
