000 (1755248.000.000) 11/14 02:19:54 Job submitted from host: <130.199.206.69:49450>
...
001 (1755248.000.000) 11/15 12:22:40 Job executing on host: <130.199.207.39:52625>
...
006 (1755248.000.000) 11/15 12:27:48 Image size of job updated: 283536
...
006 (1755248.000.000) 11/15 12:32:48 Image size of job updated: 294648
...
006 (1755248.000.000) 11/15 12:37:48 Image size of job updated: 295388
...
006 (1755248.000.000) 11/15 12:42:48 Image size of job updated: 295564
...
006 (1755248.000.000) 11/15 12:47:48 Image size of job updated: 300072
...
006 (1755248.000.000) 11/15 12:57:48 Image size of job updated: 301408
...
006 (1755248.000.000) 11/15 13:02:48 Image size of job updated: 302208
...
005 (1755248.000.000) 11/15 13:06:22 Job terminated.
	(1) Normal termination (return value 0)
		Usr 0 00:38:27, Sys 0 00:00:15  -  Run Remote Usage
		Usr 0 00:00:00, Sys 0 00:00:00  -  Run Local Usage
		Usr 0 00:38:27, Sys 0 00:00:15  -  Total Remote Usage
		Usr 0 00:00:00, Sys 0 00:00:00  -  Total Local Usage
	0  -  Run Bytes Sent By Job
	0  -  Run Bytes Received By Job
	0  -  Total Bytes Sent By Job
	0  -  Total Bytes Received By Job
...
