000 (1755010.000.000) 11/14 02:19:38 Job submitted from host: <130.199.206.69:49450>
...
001 (1755010.000.000) 11/15 11:40:01 Job executing on host: <130.199.183.26:55119>
...
006 (1755010.000.000) 11/15 11:45:11 Image size of job updated: 173780
...
006 (1755010.000.000) 11/15 11:50:12 Image size of job updated: 173908
...
006 (1755010.000.000) 11/15 11:55:13 Image size of job updated: 174036
...
006 (1755010.000.000) 11/15 12:10:16 Image size of job updated: 174168
...
006 (1755010.000.000) 11/15 12:15:17 Image size of job updated: 174300
...
006 (1755010.000.000) 11/15 12:25:19 Image size of job updated: 192812
...
006 (1755010.000.000) 11/15 12:30:20 Image size of job updated: 284136
...
006 (1755010.000.000) 11/15 12:35:21 Image size of job updated: 285744
...
006 (1755010.000.000) 11/15 12:40:22 Image size of job updated: 287424
...
006 (1755010.000.000) 11/15 12:45:23 Image size of job updated: 287880
...
006 (1755010.000.000) 11/15 12:50:24 Image size of job updated: 288204
...
006 (1755010.000.000) 11/15 12:55:25 Image size of job updated: 290172
...
006 (1755010.000.000) 11/15 13:00:26 Image size of job updated: 291968
...
006 (1755010.000.000) 11/15 13:10:28 Image size of job updated: 293404
...
006 (1755010.000.000) 11/15 13:15:29 Image size of job updated: 294456
...
006 (1755010.000.000) 11/15 13:20:30 Image size of job updated: 294508
...
006 (1755010.000.000) 11/15 13:25:31 Image size of job updated: 295056
...
006 (1755010.000.000) 11/15 13:30:32 Image size of job updated: 295280
...
006 (1755010.000.000) 11/15 13:45:35 Image size of job updated: 328540
...
006 (1755010.000.000) 11/15 13:50:36 Image size of job updated: 336208
...
006 (1755010.000.000) 11/15 13:55:37 Image size of job updated: 338256
...
006 (1755010.000.000) 11/15 14:00:38 Image size of job updated: 339280
...
006 (1755010.000.000) 11/15 14:05:39 Image size of job updated: 342352
...
006 (1755010.000.000) 11/15 14:10:40 Image size of job updated: 344400
...
006 (1755010.000.000) 11/15 14:15:41 Image size of job updated: 345424
...
006 (1755010.000.000) 11/15 14:25:43 Image size of job updated: 346448
...
006 (1755010.000.000) 11/15 14:30:44 Image size of job updated: 349596
...
005 (1755010.000.000) 11/15 14:56:27 Job terminated.
	(1) Normal termination (return value 0)
		Usr 0 02:09:31, Sys 0 00:00:57  -  Run Remote Usage
		Usr 0 00:00:00, Sys 0 00:00:00  -  Run Local Usage
		Usr 0 02:09:31, Sys 0 00:00:57  -  Total Remote Usage
		Usr 0 00:00:00, Sys 0 00:00:00  -  Total Local Usage
	0  -  Run Bytes Sent By Job
	0  -  Run Bytes Received By Job
	0  -  Total Bytes Sent By Job
	0  -  Total Bytes Received By Job
...
