000 (1754621.000.000) 11/14 02:18:46 Job submitted from host: <130.199.206.69:49450>
...
001 (1754621.000.000) 11/14 05:38:26 Job executing on host: <130.199.207.37:59157>
...
006 (1754621.000.000) 11/14 05:43:34 Image size of job updated: 285176
...
006 (1754621.000.000) 11/14 05:48:34 Image size of job updated: 287040
...
006 (1754621.000.000) 11/14 05:58:34 Image size of job updated: 289108
...
006 (1754621.000.000) 11/14 06:03:34 Image size of job updated: 317848
...
006 (1754621.000.000) 11/14 06:08:34 Image size of job updated: 335256
...
006 (1754621.000.000) 11/14 06:13:34 Image size of job updated: 338328
...
006 (1754621.000.000) 11/14 06:18:34 Image size of job updated: 339352
...
006 (1754621.000.000) 11/14 06:23:34 Image size of job updated: 341400
...
006 (1754621.000.000) 11/14 06:38:34 Image size of job updated: 350636
...
005 (1754621.000.000) 11/14 06:44:17 Job terminated.
	(1) Normal termination (return value 0)
		Usr 0 00:58:40, Sys 0 00:00:19  -  Run Remote Usage
		Usr 0 00:00:00, Sys 0 00:00:00  -  Run Local Usage
		Usr 0 00:58:40, Sys 0 00:00:19  -  Total Remote Usage
		Usr 0 00:00:00, Sys 0 00:00:00  -  Total Local Usage
	0  -  Run Bytes Sent By Job
	0  -  Run Bytes Received By Job
	0  -  Total Bytes Sent By Job
	0  -  Total Bytes Received By Job
...
