000 (1754693.000.000) 11/14 02:18:59 Job submitted from host: <130.199.206.69:49450>
...
001 (1754693.000.000) 11/14 05:56:52 Job executing on host: <130.199.180.139:35175>
...
006 (1754693.000.000) 11/14 05:57:01 Image size of job updated: 173920
...
006 (1754693.000.000) 11/14 06:02:02 Image size of job updated: 282496
...
006 (1754693.000.000) 11/14 06:07:03 Image size of job updated: 283880
...
006 (1754693.000.000) 11/14 06:17:05 Image size of job updated: 285932
...
006 (1754693.000.000) 11/14 06:22:06 Image size of job updated: 286672
...
006 (1754693.000.000) 11/14 06:27:07 Image size of job updated: 286928
...
006 (1754693.000.000) 11/14 06:32:08 Image size of job updated: 287752
...
006 (1754693.000.000) 11/14 06:37:09 Image size of job updated: 288084
...
006 (1754693.000.000) 11/14 06:42:10 Image size of job updated: 288784
...
006 (1754693.000.000) 11/14 06:47:11 Image size of job updated: 289120
...
006 (1754693.000.000) 11/14 06:52:12 Image size of job updated: 290248
...
006 (1754693.000.000) 11/14 06:57:13 Image size of job updated: 291692
...
006 (1754693.000.000) 11/14 07:02:14 Image size of job updated: 292300
...
006 (1754693.000.000) 11/14 07:07:15 Image size of job updated: 293388
...
006 (1754693.000.000) 11/14 07:17:17 Image size of job updated: 293996
...
006 (1754693.000.000) 11/14 08:07:27 Image size of job updated: 295684
...
006 (1754693.000.000) 11/14 08:42:34 Image size of job updated: 295932
...
006 (1754693.000.000) 11/14 08:47:36 Image size of job updated: 296096
...
006 (1754693.000.000) 11/14 08:52:36 Image size of job updated: 296412
...
005 (1754693.000.000) 11/14 08:56:22 Job terminated.
	(1) Normal termination (return value 0)
		Usr 0 02:43:59, Sys 0 00:01:25  -  Run Remote Usage
		Usr 0 00:00:00, Sys 0 00:00:00  -  Run Local Usage
		Usr 0 02:43:59, Sys 0 00:01:25  -  Total Remote Usage
		Usr 0 00:00:00, Sys 0 00:00:00  -  Total Local Usage
	0  -  Run Bytes Sent By Job
	0  -  Run Bytes Received By Job
	0  -  Total Bytes Sent By Job
	0  -  Total Bytes Received By Job
...
