000 (1754552.000.000) 11/14 02:18:34 Job submitted from host: <130.199.206.69:49450>
...
001 (1754552.000.000) 11/14 05:32:46 Job executing on host: <130.199.180.177:58002>
...
006 (1754552.000.000) 11/14 05:32:54 Image size of job updated: 192864
...
006 (1754552.000.000) 11/14 05:37:54 Image size of job updated: 306724
...
006 (1754552.000.000) 11/14 05:42:54 Image size of job updated: 311844
...
006 (1754552.000.000) 11/14 05:47:54 Image size of job updated: 316964
...
006 (1754552.000.000) 11/14 05:52:54 Image size of job updated: 322084
...
006 (1754552.000.000) 11/14 05:57:54 Image size of job updated: 323108
...
006 (1754552.000.000) 11/14 06:12:54 Image size of job updated: 324132
...
006 (1754552.000.000) 11/14 06:17:54 Image size of job updated: 326180
...
006 (1754552.000.000) 11/14 06:22:54 Image size of job updated: 327204
...
005 (1754552.000.000) 11/14 06:24:55 Job terminated.
	(1) Normal termination (return value 0)
		Usr 0 00:46:52, Sys 0 00:00:28  -  Run Remote Usage
		Usr 0 00:00:00, Sys 0 00:00:00  -  Run Local Usage
		Usr 0 00:46:52, Sys 0 00:00:28  -  Total Remote Usage
		Usr 0 00:00:00, Sys 0 00:00:00  -  Total Local Usage
	0  -  Run Bytes Sent By Job
	0  -  Run Bytes Received By Job
	0  -  Total Bytes Sent By Job
	0  -  Total Bytes Received By Job
...
