000 (1753980.000.000) 11/14 02:17:22 Job submitted from host: <130.199.206.69:49450>
...
001 (1753980.000.000) 11/14 07:20:15 Job executing on host: <130.199.180.148:39203>
...
006 (1753980.000.000) 11/14 07:20:23 Image size of job updated: 140780
...
006 (1753980.000.000) 11/14 07:25:23 Image size of job updated: 283704
...
006 (1753980.000.000) 11/14 07:30:23 Image size of job updated: 285420
...
006 (1753980.000.000) 11/14 07:40:23 Image size of job updated: 285728
...
006 (1753980.000.000) 11/14 07:45:23 Image size of job updated: 287112
...
006 (1753980.000.000) 11/14 07:50:23 Image size of job updated: 287408
...
006 (1753980.000.000) 11/14 07:55:23 Image size of job updated: 287528
...
006 (1753980.000.000) 11/14 08:00:23 Image size of job updated: 289188
...
006 (1753980.000.000) 11/14 08:05:24 Image size of job updated: 290660
...
006 (1753980.000.000) 11/14 08:10:25 Image size of job updated: 290888
...
006 (1753980.000.000) 11/14 08:15:26 Image size of job updated: 291896
...
006 (1753980.000.000) 11/14 08:20:27 Image size of job updated: 292100
...
006 (1753980.000.000) 11/14 08:55:34 Image size of job updated: 292728
...
006 (1753980.000.000) 11/14 09:00:35 Image size of job updated: 293596
...
006 (1753980.000.000) 11/14 09:05:36 Image size of job updated: 294064
...
006 (1753980.000.000) 11/14 09:20:39 Image size of job updated: 294172
...
006 (1753980.000.000) 11/14 09:25:40 Image size of job updated: 294192
...
006 (1753980.000.000) 11/14 09:30:41 Image size of job updated: 294348
...
006 (1753980.000.000) 11/14 09:35:42 Image size of job updated: 294660
...
006 (1753980.000.000) 11/14 10:05:48 Image size of job updated: 295304
...
006 (1753980.000.000) 11/14 10:20:51 Image size of job updated: 295404
...
006 (1753980.000.000) 11/14 10:30:53 Image size of job updated: 296096
...
006 (1753980.000.000) 11/14 10:40:55 Image size of job updated: 296284
...
006 (1753980.000.000) 11/14 10:45:56 Image size of job updated: 296964
...
005 (1753980.000.000) 11/14 10:46:28 Job terminated.
	(1) Normal termination (return value 0)
		Usr 0 03:07:22, Sys 0 00:01:36  -  Run Remote Usage
		Usr 0 00:00:00, Sys 0 00:00:00  -  Run Local Usage
		Usr 0 03:07:22, Sys 0 00:01:36  -  Total Remote Usage
		Usr 0 00:00:00, Sys 0 00:00:00  -  Total Local Usage
	0  -  Run Bytes Sent By Job
	0  -  Run Bytes Received By Job
	0  -  Total Bytes Sent By Job
	0  -  Total Bytes Received By Job
...
