000 (1754888.000.000) 11/14 02:19:27 Job submitted from host: <130.199.206.69:49450>
...
001 (1754888.000.000) 11/15 10:50:53 Job executing on host: <130.199.180.166:41628>
...
006 (1754888.000.000) 11/15 10:56:01 Image size of job updated: 173804
...
006 (1754888.000.000) 11/15 11:01:01 Image size of job updated: 174320
...
006 (1754888.000.000) 11/15 11:11:01 Image size of job updated: 175596
...
006 (1754888.000.000) 11/15 11:16:01 Image size of job updated: 192128
...
006 (1754888.000.000) 11/15 11:21:01 Image size of job updated: 192816
...
006 (1754888.000.000) 11/15 11:26:01 Image size of job updated: 287540
...
006 (1754888.000.000) 11/15 11:31:01 Image size of job updated: 328492
...
005 (1754888.000.000) 11/15 11:31:46 Job terminated.
	(1) Normal termination (return value 0)
		Usr 0 00:07:19, Sys 0 00:00:15  -  Run Remote Usage
		Usr 0 00:00:00, Sys 0 00:00:00  -  Run Local Usage
		Usr 0 00:07:19, Sys 0 00:00:15  -  Total Remote Usage
		Usr 0 00:00:00, Sys 0 00:00:00  -  Total Local Usage
	0  -  Run Bytes Sent By Job
	0  -  Run Bytes Received By Job
	0  -  Total Bytes Sent By Job
	0  -  Total Bytes Received By Job
...
