000 (1753622.000.000) 11/14 02:16:08 Job submitted from host: <130.199.206.69:49450>
...
001 (1753622.000.000) 11/14 07:54:20 Job executing on host: <130.199.180.174:58974>
...
006 (1753622.000.000) 11/14 07:54:29 Image size of job updated: 142916
...
006 (1753622.000.000) 11/14 07:59:30 Image size of job updated: 285660
...
006 (1753622.000.000) 11/14 08:04:31 Image size of job updated: 293788
...
006 (1753622.000.000) 11/14 08:09:32 Image size of job updated: 295944
...
006 (1753622.000.000) 11/14 08:14:33 Image size of job updated: 296184
...
006 (1753622.000.000) 11/14 08:19:34 Image size of job updated: 296388
...
006 (1753622.000.000) 11/14 08:24:35 Image size of job updated: 296696
...
006 (1753622.000.000) 11/14 08:29:36 Image size of job updated: 297964
...
005 (1753622.000.000) 11/14 08:34:42 Job terminated.
	(1) Normal termination (return value 0)
		Usr 0 00:37:52, Sys 0 00:00:13  -  Run Remote Usage
		Usr 0 00:00:00, Sys 0 00:00:00  -  Run Local Usage
		Usr 0 00:37:52, Sys 0 00:00:13  -  Total Remote Usage
		Usr 0 00:00:00, Sys 0 00:00:00  -  Total Local Usage
	0  -  Run Bytes Sent By Job
	0  -  Run Bytes Received By Job
	0  -  Total Bytes Sent By Job
	0  -  Total Bytes Received By Job
...
