000 (1754293.000.000) 11/14 02:18:07 Job submitted from host: <130.199.206.69:49450>
...
001 (1754293.000.000) 11/14 05:16:54 Job executing on host: <130.199.183.5:54490>
...
006 (1754293.000.000) 11/14 05:17:03 Image size of job updated: 158664
...
006 (1754293.000.000) 11/14 05:22:04 Image size of job updated: 285128
...
006 (1754293.000.000) 11/14 05:27:05 Image size of job updated: 286032
...
006 (1754293.000.000) 11/14 05:32:06 Image size of job updated: 286376
...
006 (1754293.000.000) 11/14 05:37:07 Image size of job updated: 287288
...
006 (1754293.000.000) 11/14 05:42:08 Image size of job updated: 287892
...
006 (1754293.000.000) 11/14 05:57:11 Image size of job updated: 288816
...
006 (1754293.000.000) 11/14 06:02:12 Image size of job updated: 289076
...
006 (1754293.000.000) 11/14 06:07:13 Image size of job updated: 292148
...
006 (1754293.000.000) 11/14 06:12:14 Image size of job updated: 292440
...
006 (1754293.000.000) 11/14 06:17:15 Image size of job updated: 292584
...
006 (1754293.000.000) 11/14 06:22:16 Image size of job updated: 293076
...
006 (1754293.000.000) 11/14 06:37:19 Image size of job updated: 293108
...
006 (1754293.000.000) 11/14 06:42:20 Image size of job updated: 293572
...
006 (1754293.000.000) 11/14 06:47:21 Image size of job updated: 293600
...
006 (1754293.000.000) 11/14 06:52:22 Image size of job updated: 294116
...
006 (1754293.000.000) 11/14 07:02:24 Image size of job updated: 294304
...
006 (1754293.000.000) 11/14 07:32:30 Image size of job updated: 294872
...
006 (1754293.000.000) 11/14 07:52:34 Image size of job updated: 329060
...
006 (1754293.000.000) 11/14 07:57:34 Image size of job updated: 330084
...
006 (1754293.000.000) 11/14 08:02:34 Image size of job updated: 336228
...
006 (1754293.000.000) 11/14 08:07:34 Image size of job updated: 340324
...
006 (1754293.000.000) 11/14 08:12:34 Image size of job updated: 341348
...
006 (1754293.000.000) 11/14 08:27:34 Image size of job updated: 343396
...
006 (1754293.000.000) 11/14 08:32:34 Image size of job updated: 344420
...
006 (1754293.000.000) 11/14 09:17:34 Image size of job updated: 345444
...
005 (1754293.000.000) 11/14 09:42:15 Job terminated.
	(1) Normal termination (return value 0)
		Usr 0 03:49:26, Sys 0 00:01:46  -  Run Remote Usage
		Usr 0 00:00:00, Sys 0 00:00:00  -  Run Local Usage
		Usr 0 03:49:26, Sys 0 00:01:46  -  Total Remote Usage
		Usr 0 00:00:00, Sys 0 00:00:00  -  Total Local Usage
	0  -  Run Bytes Sent By Job
	0  -  Run Bytes Received By Job
	0  -  Total Bytes Sent By Job
	0  -  Total Bytes Received By Job
...
