000 (1753534.000.000) 11/14 02:15:48 Job submitted from host: <130.199.206.69:49450>
...
001 (1753534.000.000) 11/14 04:31:18 Job executing on host: <130.199.183.21:49750>
...
006 (1753534.000.000) 11/14 04:31:27 Image size of job updated: 142672
...
006 (1753534.000.000) 11/14 04:36:28 Image size of job updated: 284972
...
006 (1753534.000.000) 11/14 04:41:29 Image size of job updated: 286004
...
006 (1753534.000.000) 11/14 04:51:31 Image size of job updated: 329020
...
006 (1753534.000.000) 11/14 04:56:32 Image size of job updated: 332244
...
006 (1753534.000.000) 11/14 05:01:33 Image size of job updated: 333268
...
006 (1753534.000.000) 11/14 05:06:34 Image size of job updated: 335316
...
006 (1753534.000.000) 11/14 05:11:35 Image size of job updated: 337364
...
006 (1753534.000.000) 11/14 05:16:36 Image size of job updated: 338388
...
006 (1753534.000.000) 11/14 05:21:37 Image size of job updated: 339412
...
006 (1753534.000.000) 11/14 05:31:39 Image size of job updated: 341460
...
006 (1753534.000.000) 11/14 05:36:40 Image size of job updated: 342484
...
006 (1753534.000.000) 11/14 06:31:51 Image size of job updated: 343508
...
005 (1753534.000.000) 11/14 06:37:23 Job terminated.
	(1) Normal termination (return value 0)
		Usr 0 01:56:03, Sys 0 00:00:50  -  Run Remote Usage
		Usr 0 00:00:00, Sys 0 00:00:00  -  Run Local Usage
		Usr 0 01:56:03, Sys 0 00:00:50  -  Total Remote Usage
		Usr 0 00:00:00, Sys 0 00:00:00  -  Total Local Usage
	0  -  Run Bytes Sent By Job
	0  -  Run Bytes Received By Job
	0  -  Total Bytes Sent By Job
	0  -  Total Bytes Received By Job
...
