000 (1753804.000.000) 11/14 02:16:47 Job submitted from host: <130.199.206.69:49450>
...
001 (1753804.000.000) 11/14 03:24:08 Job executing on host: <130.199.180.169:46641>
...
006 (1753804.000.000) 11/14 03:29:16 Image size of job updated: 282352
...
006 (1753804.000.000) 11/14 03:34:16 Image size of job updated: 284056
...
006 (1753804.000.000) 11/14 03:44:16 Image size of job updated: 292448
...
006 (1753804.000.000) 11/14 03:49:16 Image size of job updated: 325216
...
006 (1753804.000.000) 11/14 03:54:16 Image size of job updated: 332384
...
006 (1753804.000.000) 11/14 03:59:16 Image size of job updated: 339552
...
006 (1753804.000.000) 11/14 04:04:16 Image size of job updated: 341600
...
006 (1753804.000.000) 11/14 04:09:17 Image size of job updated: 341764
...
005 (1753804.000.000) 11/14 04:09:29 Job terminated.
	(1) Normal termination (return value 0)
		Usr 0 00:38:40, Sys 0 00:00:21  -  Run Remote Usage
		Usr 0 00:00:00, Sys 0 00:00:00  -  Run Local Usage
		Usr 0 00:38:40, Sys 0 00:00:21  -  Total Remote Usage
		Usr 0 00:00:00, Sys 0 00:00:00  -  Total Local Usage
	0  -  Run Bytes Sent By Job
	0  -  Run Bytes Received By Job
	0  -  Total Bytes Sent By Job
	0  -  Total Bytes Received By Job
...
