000 (1754483.000.000) 11/14 02:18:34 Job submitted from host: <130.199.206.69:49450>
...
001 (1754483.000.000) 11/14 05:32:20 Job executing on host: <130.199.180.167:33733>
...
006 (1754483.000.000) 11/14 05:37:28 Image size of job updated: 284512
...
006 (1754483.000.000) 11/14 05:42:28 Image size of job updated: 285768
...
006 (1754483.000.000) 11/14 05:47:28 Image size of job updated: 286264
...
006 (1754483.000.000) 11/14 05:57:28 Image size of job updated: 287488
...
006 (1754483.000.000) 11/14 06:02:28 Image size of job updated: 287960
...
006 (1754483.000.000) 11/14 06:07:28 Image size of job updated: 292144
...
006 (1754483.000.000) 11/14 06:12:28 Image size of job updated: 293136
...
006 (1754483.000.000) 11/14 06:17:28 Image size of job updated: 294084
...
006 (1754483.000.000) 11/14 06:22:28 Image size of job updated: 294092
...
006 (1754483.000.000) 11/14 06:27:28 Image size of job updated: 295084
...
006 (1754483.000.000) 11/14 06:37:28 Image size of job updated: 295556
...
006 (1754483.000.000) 11/14 06:42:28 Image size of job updated: 295812
...
006 (1754483.000.000) 11/14 06:47:28 Image size of job updated: 296172
...
006 (1754483.000.000) 11/14 06:52:28 Image size of job updated: 296364
...
006 (1754483.000.000) 11/14 07:02:28 Image size of job updated: 296852
...
006 (1754483.000.000) 11/14 07:07:28 Image size of job updated: 297016
...
006 (1754483.000.000) 11/14 07:17:28 Image size of job updated: 297040
...
006 (1754483.000.000) 11/14 07:27:28 Image size of job updated: 297708
...
006 (1754483.000.000) 11/14 07:32:28 Image size of job updated: 298336
...
006 (1754483.000.000) 11/14 07:37:28 Image size of job updated: 298800
...
006 (1754483.000.000) 11/14 08:02:28 Image size of job updated: 298944
...
005 (1754483.000.000) 11/14 08:34:40 Job terminated.
	(1) Normal termination (return value 0)
		Usr 0 02:48:27, Sys 0 00:01:25  -  Run Remote Usage
		Usr 0 00:00:00, Sys 0 00:00:00  -  Run Local Usage
		Usr 0 02:48:27, Sys 0 00:01:25  -  Total Remote Usage
		Usr 0 00:00:00, Sys 0 00:00:00  -  Total Local Usage
	0  -  Run Bytes Sent By Job
	0  -  Run Bytes Received By Job
	0  -  Total Bytes Sent By Job
	0  -  Total Bytes Received By Job
...
