000 (1754974.000.000) 11/14 02:19:38 Job submitted from host: <130.199.206.69:49450>
...
001 (1754974.000.000) 11/15 11:42:35 Job executing on host: <130.199.183.22:48346>
...
006 (1754974.000.000) 11/15 11:47:45 Image size of job updated: 174152
...
006 (1754974.000.000) 11/15 11:52:46 Image size of job updated: 192800
...
006 (1754974.000.000) 11/15 11:57:47 Image size of job updated: 284688
...
006 (1754974.000.000) 11/15 12:02:48 Image size of job updated: 285396
...
006 (1754974.000.000) 11/15 12:07:49 Image size of job updated: 285816
...
006 (1754974.000.000) 11/15 12:12:50 Image size of job updated: 286268
...
006 (1754974.000.000) 11/15 12:17:51 Image size of job updated: 287792
...
006 (1754974.000.000) 11/15 12:22:52 Image size of job updated: 290140
...
006 (1754974.000.000) 11/15 12:27:53 Image size of job updated: 292056
...
006 (1754974.000.000) 11/15 12:32:54 Image size of job updated: 292452
...
006 (1754974.000.000) 11/15 12:37:54 Image size of job updated: 292996
...
006 (1754974.000.000) 11/15 12:47:54 Image size of job updated: 293232
...
006 (1754974.000.000) 11/15 12:52:54 Image size of job updated: 293676
...
006 (1754974.000.000) 11/15 12:57:54 Image size of job updated: 294024
...
006 (1754974.000.000) 11/15 13:02:54 Image size of job updated: 294332
...
006 (1754974.000.000) 11/15 13:47:54 Image size of job updated: 294408
...
006 (1754974.000.000) 11/15 13:57:54 Image size of job updated: 294984
...
006 (1754974.000.000) 11/15 14:12:54 Image size of job updated: 295968
...
006 (1754974.000.000) 11/15 14:17:54 Image size of job updated: 296812
...
005 (1754974.000.000) 11/15 14:33:13 Job terminated.
	(1) Normal termination (return value 0)
		Usr 0 02:17:19, Sys 0 00:01:11  -  Run Remote Usage
		Usr 0 00:00:00, Sys 0 00:00:00  -  Run Local Usage
		Usr 0 02:17:19, Sys 0 00:01:11  -  Total Remote Usage
		Usr 0 00:00:00, Sys 0 00:00:00  -  Total Local Usage
	0  -  Run Bytes Sent By Job
	0  -  Run Bytes Received By Job
	0  -  Total Bytes Sent By Job
	0  -  Total Bytes Received By Job
...
