000 (1754257.000.000) 11/14 02:17:52 Job submitted from host: <130.199.206.69:49450>
...
001 (1754257.000.000) 11/14 05:14:59 Job executing on host: <130.199.180.151:44408>
...
006 (1754257.000.000) 11/14 05:20:07 Image size of job updated: 284464
...
006 (1754257.000.000) 11/14 05:25:07 Image size of job updated: 285124
...
006 (1754257.000.000) 11/14 05:30:07 Image size of job updated: 286252
...
006 (1754257.000.000) 11/14 05:40:07 Image size of job updated: 287216
...
006 (1754257.000.000) 11/14 05:50:07 Image size of job updated: 287576
...
006 (1754257.000.000) 11/14 05:55:07 Image size of job updated: 290056
...
006 (1754257.000.000) 11/14 06:00:07 Image size of job updated: 290432
...
006 (1754257.000.000) 11/14 06:10:07 Image size of job updated: 291200
...
006 (1754257.000.000) 11/14 06:15:07 Image size of job updated: 291516
...
006 (1754257.000.000) 11/14 06:20:07 Image size of job updated: 292716
...
006 (1754257.000.000) 11/14 06:25:07 Image size of job updated: 292936
...
006 (1754257.000.000) 11/14 06:30:07 Image size of job updated: 293496
...
006 (1754257.000.000) 11/14 06:40:07 Image size of job updated: 293524
...
006 (1754257.000.000) 11/14 06:50:07 Image size of job updated: 294024
...
006 (1754257.000.000) 11/14 07:10:07 Image size of job updated: 294256
...
006 (1754257.000.000) 11/14 07:20:07 Image size of job updated: 294340
...
006 (1754257.000.000) 11/14 07:25:07 Image size of job updated: 294484
...
006 (1754257.000.000) 11/14 07:30:07 Image size of job updated: 294576
...
006 (1754257.000.000) 11/14 07:40:07 Image size of job updated: 295036
...
006 (1754257.000.000) 11/14 07:45:07 Image size of job updated: 295084
...
006 (1754257.000.000) 11/14 08:00:10 Image size of job updated: 295436
...
006 (1754257.000.000) 11/14 08:10:12 Image size of job updated: 296148
...
006 (1754257.000.000) 11/14 08:15:13 Image size of job updated: 296156
...
006 (1754257.000.000) 11/14 08:20:14 Image size of job updated: 296812
...
006 (1754257.000.000) 11/14 08:25:15 Image size of job updated: 297004
...
006 (1754257.000.000) 11/14 08:55:21 Image size of job updated: 297028
...
006 (1754257.000.000) 11/14 09:00:22 Image size of job updated: 297320
...
005 (1754257.000.000) 11/14 09:28:16 Job terminated.
	(1) Normal termination (return value 0)
		Usr 0 03:52:29, Sys 0 00:01:45  -  Run Remote Usage
		Usr 0 00:00:00, Sys 0 00:00:00  -  Run Local Usage
		Usr 0 03:52:29, Sys 0 00:01:45  -  Total Remote Usage
		Usr 0 00:00:00, Sys 0 00:00:00  -  Total Local Usage
	0  -  Run Bytes Sent By Job
	0  -  Run Bytes Received By Job
	0  -  Total Bytes Sent By Job
	0  -  Total Bytes Received By Job
...
