000 (1754662.000.000) 11/14 02:18:46 Job submitted from host: <130.199.206.69:49450>
...
001 (1754662.000.000) 11/14 05:50:33 Job executing on host: <130.199.183.11:60300>
...
006 (1754662.000.000) 11/14 05:50:41 Image size of job updated: 72648
...
006 (1754662.000.000) 11/14 05:55:41 Image size of job updated: 281248
...
006 (1754662.000.000) 11/14 06:00:41 Image size of job updated: 285664
...
006 (1754662.000.000) 11/14 06:05:41 Image size of job updated: 288432
...
006 (1754662.000.000) 11/14 06:10:41 Image size of job updated: 289924
...
006 (1754662.000.000) 11/14 06:15:41 Image size of job updated: 290444
...
006 (1754662.000.000) 11/14 06:20:41 Image size of job updated: 290692
...
006 (1754662.000.000) 11/14 06:25:41 Image size of job updated: 290744
...
006 (1754662.000.000) 11/14 06:35:41 Image size of job updated: 292816
...
006 (1754662.000.000) 11/14 06:40:41 Image size of job updated: 293728
...
006 (1754662.000.000) 11/14 06:45:42 Image size of job updated: 294096
...
006 (1754662.000.000) 11/14 07:15:48 Image size of job updated: 295108
...
006 (1754662.000.000) 11/14 07:20:49 Image size of job updated: 295540
...
006 (1754662.000.000) 11/14 07:25:50 Image size of job updated: 295944
...
006 (1754662.000.000) 11/14 07:35:52 Image size of job updated: 296332
...
006 (1754662.000.000) 11/14 07:45:54 Image size of job updated: 296920
...
006 (1754662.000.000) 11/14 08:16:00 Image size of job updated: 297048
...
006 (1754662.000.000) 11/14 08:21:01 Image size of job updated: 297240
...
006 (1754662.000.000) 11/14 08:31:03 Image size of job updated: 320620
...
005 (1754662.000.000) 11/14 08:33:52 Job terminated.
	(1) Normal termination (return value 0)
		Usr 0 02:30:52, Sys 0 00:00:58  -  Run Remote Usage
		Usr 0 00:00:00, Sys 0 00:00:00  -  Run Local Usage
		Usr 0 02:30:52, Sys 0 00:00:58  -  Total Remote Usage
		Usr 0 00:00:00, Sys 0 00:00:00  -  Total Local Usage
	0  -  Run Bytes Sent By Job
	0  -  Run Bytes Received By Job
	0  -  Total Bytes Sent By Job
	0  -  Total Bytes Received By Job
...
