000 (1754737.000.000) 11/14 02:18:59 Job submitted from host: <130.199.206.69:49450>
...
001 (1754737.000.000) 11/14 06:07:52 Job executing on host: <130.199.180.141:43183>
...
006 (1754737.000.000) 11/14 06:08:01 Image size of job updated: 173812
...
006 (1754737.000.000) 11/14 06:13:02 Image size of job updated: 284132
...
006 (1754737.000.000) 11/14 06:18:03 Image size of job updated: 285120
...
006 (1754737.000.000) 11/14 06:23:04 Image size of job updated: 286596
...
006 (1754737.000.000) 11/14 06:28:05 Image size of job updated: 286768
...
006 (1754737.000.000) 11/14 06:33:06 Image size of job updated: 287028
...
006 (1754737.000.000) 11/14 06:43:08 Image size of job updated: 287368
...
005 (1754737.000.000) 11/14 06:43:38 Job terminated.
	(1) Normal termination (return value 0)
		Usr 0 00:32:22, Sys 0 00:00:24  -  Run Remote Usage
		Usr 0 00:00:00, Sys 0 00:00:00  -  Run Local Usage
		Usr 0 00:32:22, Sys 0 00:00:24  -  Total Remote Usage
		Usr 0 00:00:00, Sys 0 00:00:00  -  Total Local Usage
	0  -  Run Bytes Sent By Job
	0  -  Run Bytes Received By Job
	0  -  Total Bytes Sent By Job
	0  -  Total Bytes Received By Job
...
