000 (1754319.000.000) 11/14 02:18:07 Job submitted from host: <130.199.206.69:49450>
...
001 (1754319.000.000) 11/14 05:11:34 Job executing on host: <130.199.180.172:54357>
...
006 (1754319.000.000) 11/14 05:16:42 Image size of job updated: 283220
...
006 (1754319.000.000) 11/14 05:21:42 Image size of job updated: 284708
...
006 (1754319.000.000) 11/14 05:26:42 Image size of job updated: 286096
...
006 (1754319.000.000) 11/14 05:31:42 Image size of job updated: 287344
...
006 (1754319.000.000) 11/14 05:41:42 Image size of job updated: 287612
...
006 (1754319.000.000) 11/14 05:51:42 Image size of job updated: 289864
...
006 (1754319.000.000) 11/14 05:56:42 Image size of job updated: 290272
...
006 (1754319.000.000) 11/14 06:16:42 Image size of job updated: 294572
...
006 (1754319.000.000) 11/14 06:21:42 Image size of job updated: 296340
...
006 (1754319.000.000) 11/14 06:26:42 Image size of job updated: 296448
...
006 (1754319.000.000) 11/14 06:46:42 Image size of job updated: 297156
...
006 (1754319.000.000) 11/14 07:06:42 Image size of job updated: 297208
...
006 (1754319.000.000) 11/14 07:11:42 Image size of job updated: 297312
...
006 (1754319.000.000) 11/14 07:21:42 Image size of job updated: 297720
...
006 (1754319.000.000) 11/14 07:31:42 Image size of job updated: 297748
...
005 (1754319.000.000) 11/14 07:32:33 Job terminated.
	(1) Normal termination (return value 0)
		Usr 0 02:10:15, Sys 0 00:01:08  -  Run Remote Usage
		Usr 0 00:00:00, Sys 0 00:00:00  -  Run Local Usage
		Usr 0 02:10:15, Sys 0 00:01:08  -  Total Remote Usage
		Usr 0 00:00:00, Sys 0 00:00:00  -  Total Local Usage
	0  -  Run Bytes Sent By Job
	0  -  Run Bytes Received By Job
	0  -  Total Bytes Sent By Job
	0  -  Total Bytes Received By Job
...
