000 (1755218.000.000) 11/14 02:19:54 Job submitted from host: <130.199.206.69:49450>
...
001 (1755218.000.000) 11/15 16:15:17 Job executing on host: <130.199.183.21:49750>
...
006 (1755218.000.000) 11/15 16:20:27 Image size of job updated: 285936
...
006 (1755218.000.000) 11/15 16:25:28 Image size of job updated: 287368
...
006 (1755218.000.000) 11/15 16:30:29 Image size of job updated: 287956
...
006 (1755218.000.000) 11/15 16:35:30 Image size of job updated: 288640
...
006 (1755218.000.000) 11/15 16:45:32 Image size of job updated: 288696
...
006 (1755218.000.000) 11/15 16:50:33 Image size of job updated: 291780
...
006 (1755218.000.000) 11/15 17:00:35 Image size of job updated: 292584
...
006 (1755218.000.000) 11/15 17:05:36 Image size of job updated: 293276
...
006 (1755218.000.000) 11/15 17:15:38 Image size of job updated: 321412
...
006 (1755218.000.000) 11/15 17:20:39 Image size of job updated: 334724
...
006 (1755218.000.000) 11/15 17:25:40 Image size of job updated: 337796
...
006 (1755218.000.000) 11/15 17:35:42 Image size of job updated: 338820
...
006 (1755218.000.000) 11/15 17:40:43 Image size of job updated: 339240
...
006 (1755218.000.000) 11/15 17:45:44 Image size of job updated: 340264
...
005 (1755218.000.000) 11/15 18:25:04 Job terminated.
	(1) Normal termination (return value 0)
		Usr 0 01:41:29, Sys 0 00:00:46  -  Run Remote Usage
		Usr 0 00:00:00, Sys 0 00:00:00  -  Run Local Usage
		Usr 0 01:41:29, Sys 0 00:00:46  -  Total Remote Usage
		Usr 0 00:00:00, Sys 0 00:00:00  -  Total Local Usage
	0  -  Run Bytes Sent By Job
	0  -  Run Bytes Received By Job
	0  -  Total Bytes Sent By Job
	0  -  Total Bytes Received By Job
...
