000 (1753872.000.000) 11/14 02:17:04 Job submitted from host: <130.199.206.69:49450>
...
001 (1753872.000.000) 11/14 03:47:10 Job executing on host: <130.199.183.31:39335>
...
006 (1753872.000.000) 11/14 03:52:20 Image size of job updated: 283652
...
006 (1753872.000.000) 11/14 03:57:21 Image size of job updated: 284100
...
006 (1753872.000.000) 11/14 04:07:23 Image size of job updated: 285196
...
006 (1753872.000.000) 11/14 04:17:25 Image size of job updated: 290620
...
006 (1753872.000.000) 11/14 04:22:26 Image size of job updated: 292204
...
006 (1753872.000.000) 11/14 04:32:27 Image size of job updated: 294324
...
006 (1753872.000.000) 11/14 04:37:27 Image size of job updated: 294792
...
006 (1753872.000.000) 11/14 05:02:27 Image size of job updated: 294856
...
006 (1753872.000.000) 11/14 05:12:27 Image size of job updated: 295248
...
006 (1753872.000.000) 11/14 05:27:27 Image size of job updated: 295924
...
006 (1753872.000.000) 11/14 05:32:27 Image size of job updated: 296228
...
006 (1753872.000.000) 11/14 05:37:27 Image size of job updated: 296996
...
006 (1753872.000.000) 11/14 06:12:27 Image size of job updated: 297108
...
006 (1753872.000.000) 11/14 06:32:27 Image size of job updated: 297440
...
006 (1753872.000.000) 11/14 06:57:27 Image size of job updated: 297952
...
005 (1753872.000.000) 11/14 07:04:49 Job terminated.
	(1) Normal termination (return value 0)
		Usr 0 02:53:46, Sys 0 00:01:24  -  Run Remote Usage
		Usr 0 00:00:00, Sys 0 00:00:00  -  Run Local Usage
		Usr 0 02:53:46, Sys 0 00:01:24  -  Total Remote Usage
		Usr 0 00:00:00, Sys 0 00:00:00  -  Total Local Usage
	0  -  Run Bytes Sent By Job
	0  -  Run Bytes Received By Job
	0  -  Total Bytes Sent By Job
	0  -  Total Bytes Received By Job
...
