000 (1754089.000.000) 11/14 02:17:37 Job submitted from host: <130.199.206.69:49450>
...
001 (1754089.000.000) 11/14 05:11:06 Job executing on host: <130.199.183.19:35289>
...
006 (1754089.000.000) 11/14 05:16:16 Image size of job updated: 284836
...
006 (1754089.000.000) 11/14 05:31:19 Image size of job updated: 285812
...
006 (1754089.000.000) 11/14 05:36:20 Image size of job updated: 288244
...
006 (1754089.000.000) 11/14 05:41:21 Image size of job updated: 289972
...
006 (1754089.000.000) 11/14 05:46:22 Image size of job updated: 290604
...
006 (1754089.000.000) 11/14 05:51:23 Image size of job updated: 292072
...
006 (1754089.000.000) 11/14 05:56:24 Image size of job updated: 292720
...
006 (1754089.000.000) 11/14 06:01:25 Image size of job updated: 293640
...
006 (1754089.000.000) 11/14 06:06:26 Image size of job updated: 294096
...
006 (1754089.000.000) 11/14 06:16:28 Image size of job updated: 294208
...
006 (1754089.000.000) 11/14 06:46:34 Image size of job updated: 295232
...
006 (1754089.000.000) 11/14 07:06:38 Image size of job updated: 295428
...
006 (1754089.000.000) 11/14 07:21:41 Image size of job updated: 295760
...
006 (1754089.000.000) 11/14 07:26:42 Image size of job updated: 295832
...
006 (1754089.000.000) 11/14 07:56:48 Image size of job updated: 296048
...
006 (1754089.000.000) 11/14 08:06:50 Image size of job updated: 296148
...
006 (1754089.000.000) 11/14 08:26:54 Image size of job updated: 296508
...
005 (1754089.000.000) 11/14 08:28:22 Job terminated.
	(1) Normal termination (return value 0)
		Usr 0 03:05:39, Sys 0 00:01:05  -  Run Remote Usage
		Usr 0 00:00:00, Sys 0 00:00:00  -  Run Local Usage
		Usr 0 03:05:39, Sys 0 00:01:05  -  Total Remote Usage
		Usr 0 00:00:00, Sys 0 00:00:00  -  Total Local Usage
	0  -  Run Bytes Sent By Job
	0  -  Run Bytes Received By Job
	0  -  Total Bytes Sent By Job
	0  -  Total Bytes Received By Job
...
