000 (1754921.000.000) 11/14 02:19:27 Job submitted from host: <130.199.206.69:49450>
...
001 (1754921.000.000) 11/15 13:11:26 Job executing on host: <130.199.206.228:50377>
...
006 (1754921.000.000) 11/15 13:11:35 Image size of job updated: 189460
...
006 (1754921.000.000) 11/15 13:16:36 Image size of job updated: 283224
...
006 (1754921.000.000) 11/15 13:21:37 Image size of job updated: 290268
...
006 (1754921.000.000) 11/15 13:26:38 Image size of job updated: 290628
...
006 (1754921.000.000) 11/15 13:31:39 Image size of job updated: 292268
...
006 (1754921.000.000) 11/15 13:36:40 Image size of job updated: 295968
...
006 (1754921.000.000) 11/15 13:41:41 Image size of job updated: 296636
...
006 (1754921.000.000) 11/15 13:46:42 Image size of job updated: 297920
...
006 (1754921.000.000) 11/15 13:51:43 Image size of job updated: 298116
...
006 (1754921.000.000) 11/15 14:06:46 Image size of job updated: 298476
...
006 (1754921.000.000) 11/15 14:11:47 Image size of job updated: 300008
...
006 (1754921.000.000) 11/15 14:16:48 Image size of job updated: 300840
...
005 (1754921.000.000) 11/15 14:23:21 Job terminated.
	(1) Normal termination (return value 0)
		Usr 0 01:01:42, Sys 0 00:00:16  -  Run Remote Usage
		Usr 0 00:00:00, Sys 0 00:00:00  -  Run Local Usage
		Usr 0 01:01:42, Sys 0 00:00:16  -  Total Remote Usage
		Usr 0 00:00:00, Sys 0 00:00:00  -  Total Local Usage
	0  -  Run Bytes Sent By Job
	0  -  Run Bytes Received By Job
	0  -  Total Bytes Sent By Job
	0  -  Total Bytes Received By Job
...
