000 (1754289.000.000) 11/14 02:18:07 Job submitted from host: <130.199.206.69:49450>
...
001 (1754289.000.000) 11/14 05:12:01 Job executing on host: <130.199.183.12:47839>
...
006 (1754289.000.000) 11/14 05:17:11 Image size of job updated: 312724
...
006 (1754289.000.000) 11/14 05:22:12 Image size of job updated: 322964
...
006 (1754289.000.000) 11/14 05:27:13 Image size of job updated: 328084
...
006 (1754289.000.000) 11/14 05:32:14 Image size of job updated: 329108
...
006 (1754289.000.000) 11/14 05:37:15 Image size of job updated: 330132
...
006 (1754289.000.000) 11/14 05:47:17 Image size of job updated: 331156
...
006 (1754289.000.000) 11/14 05:52:18 Image size of job updated: 333204
...
006 (1754289.000.000) 11/14 06:12:22 Image size of job updated: 333312
...
005 (1754289.000.000) 11/14 06:13:51 Job terminated.
	(1) Normal termination (return value 0)
		Usr 0 00:56:20, Sys 0 00:00:29  -  Run Remote Usage
		Usr 0 00:00:00, Sys 0 00:00:00  -  Run Local Usage
		Usr 0 00:56:20, Sys 0 00:00:29  -  Total Remote Usage
		Usr 0 00:00:00, Sys 0 00:00:00  -  Total Local Usage
	0  -  Run Bytes Sent By Job
	0  -  Run Bytes Received By Job
	0  -  Total Bytes Sent By Job
	0  -  Total Bytes Received By Job
...
