000 (1754948.000.000) 11/14 02:19:27 Job submitted from host: <130.199.206.69:49450>
...
001 (1754948.000.000) 11/15 15:47:33 Job executing on host: <130.199.183.2:51731>
...
006 (1754948.000.000) 11/15 15:47:42 Image size of job updated: 192860
...
006 (1754948.000.000) 11/15 15:52:43 Image size of job updated: 284568
...
006 (1754948.000.000) 11/15 15:57:44 Image size of job updated: 311880
...
006 (1754948.000.000) 11/15 16:02:45 Image size of job updated: 324168
...
006 (1754948.000.000) 11/15 16:07:46 Image size of job updated: 329288
...
006 (1754948.000.000) 11/15 16:12:47 Image size of job updated: 330312
...
006 (1754948.000.000) 11/15 16:27:50 Image size of job updated: 330472
...
006 (1754948.000.000) 11/15 16:32:51 Image size of job updated: 331720
...
006 (1754948.000.000) 11/15 16:52:55 Image size of job updated: 333316
...
006 (1754948.000.000) 11/15 16:57:56 Image size of job updated: 335364
...
006 (1754948.000.000) 11/15 17:18:00 Image size of job updated: 336308
...
006 (1754948.000.000) 11/15 17:23:01 Image size of job updated: 339856
...
006 (1754948.000.000) 11/15 17:28:02 Image size of job updated: 341648
...
006 (1754948.000.000) 11/15 17:33:03 Image size of job updated: 343304
...
006 (1754948.000.000) 11/15 17:38:04 Image size of job updated: 343588
...
006 (1754948.000.000) 11/15 17:43:05 Image size of job updated: 344268
...
006 (1754948.000.000) 11/15 17:48:06 Image size of job updated: 344380
...
006 (1754948.000.000) 11/15 17:53:07 Image size of job updated: 344468
...
006 (1754948.000.000) 11/15 18:03:07 Image size of job updated: 344772
...
006 (1754948.000.000) 11/15 18:08:07 Image size of job updated: 345096
...
005 (1754948.000.000) 11/15 19:34:06 Job terminated.
	(1) Normal termination (return value 0)
		Usr 0 03:00:46, Sys 0 00:02:11  -  Run Remote Usage
		Usr 0 00:00:00, Sys 0 00:00:00  -  Run Local Usage
		Usr 0 03:00:46, Sys 0 00:02:11  -  Total Remote Usage
		Usr 0 00:00:00, Sys 0 00:00:00  -  Total Local Usage
	0  -  Run Bytes Sent By Job
	0  -  Run Bytes Received By Job
	0  -  Total Bytes Sent By Job
	0  -  Total Bytes Received By Job
...
