000 (1754032.000.000) 11/14 02:17:22 Job submitted from host: <130.199.206.69:49450>
...
001 (1754032.000.000) 11/14 05:10:21 Job executing on host: <130.199.206.216:42831>
...
006 (1754032.000.000) 11/14 05:15:30 Image size of job updated: 285424
...
006 (1754032.000.000) 11/14 05:25:30 Image size of job updated: 286576
...
006 (1754032.000.000) 11/14 05:30:30 Image size of job updated: 289092
...
006 (1754032.000.000) 11/14 05:35:30 Image size of job updated: 293536
...
006 (1754032.000.000) 11/14 05:40:30 Image size of job updated: 294384
...
006 (1754032.000.000) 11/14 05:45:30 Image size of job updated: 294868
...
006 (1754032.000.000) 11/14 05:50:30 Image size of job updated: 296036
...
006 (1754032.000.000) 11/14 06:10:30 Image size of job updated: 297240
...
006 (1754032.000.000) 11/14 06:15:30 Image size of job updated: 297348
...
006 (1754032.000.000) 11/14 06:25:30 Image size of job updated: 297392
...
006 (1754032.000.000) 11/14 06:35:30 Image size of job updated: 298496
...
006 (1754032.000.000) 11/14 06:40:30 Image size of job updated: 299036
...
006 (1754032.000.000) 11/14 06:50:30 Image size of job updated: 299420
...
006 (1754032.000.000) 11/14 07:10:30 Image size of job updated: 299628
...
006 (1754032.000.000) 11/14 07:20:30 Image size of job updated: 300212
...
005 (1754032.000.000) 11/14 07:22:41 Job terminated.
	(1) Normal termination (return value 0)
		Usr 0 01:58:26, Sys 0 00:00:33  -  Run Remote Usage
		Usr 0 00:00:00, Sys 0 00:00:00  -  Run Local Usage
		Usr 0 01:58:26, Sys 0 00:00:33  -  Total Remote Usage
		Usr 0 00:00:00, Sys 0 00:00:00  -  Total Local Usage
	0  -  Run Bytes Sent By Job
	0  -  Run Bytes Received By Job
	0  -  Total Bytes Sent By Job
	0  -  Total Bytes Received By Job
...
