000 (1753429.000.000) 11/14 02:14:53 Job submitted from host: <130.199.206.69:49450>
...
001 (1753429.000.000) 11/14 05:19:46 Job executing on host: <130.199.206.205:42506>
...
006 (1753429.000.000) 11/14 05:19:55 Image size of job updated: 182556
...
006 (1753429.000.000) 11/14 05:24:56 Image size of job updated: 283052
...
006 (1753429.000.000) 11/14 05:29:57 Image size of job updated: 283644
...
006 (1753429.000.000) 11/14 05:34:58 Image size of job updated: 284428
...
006 (1753429.000.000) 11/14 05:39:59 Image size of job updated: 285576
...
006 (1753429.000.000) 11/14 05:45:00 Image size of job updated: 290504
...
006 (1753429.000.000) 11/14 05:50:01 Image size of job updated: 291856
...
006 (1753429.000.000) 11/14 05:55:02 Image size of job updated: 292432
...
006 (1753429.000.000) 11/14 06:00:03 Image size of job updated: 293068
...
006 (1753429.000.000) 11/14 06:05:04 Image size of job updated: 293636
...
006 (1753429.000.000) 11/14 06:10:05 Image size of job updated: 293792
...
006 (1753429.000.000) 11/14 06:15:06 Image size of job updated: 294616
...
006 (1753429.000.000) 11/14 06:35:10 Image size of job updated: 294792
...
006 (1753429.000.000) 11/14 06:45:12 Image size of job updated: 296864
...
006 (1753429.000.000) 11/14 06:55:14 Image size of job updated: 296992
...
006 (1753429.000.000) 11/14 07:10:16 Image size of job updated: 297040
...
006 (1753429.000.000) 11/14 07:20:16 Image size of job updated: 297900
...
006 (1753429.000.000) 11/14 07:25:16 Image size of job updated: 297916
...
006 (1753429.000.000) 11/14 07:30:16 Image size of job updated: 298080
...
005 (1753429.000.000) 11/14 07:36:26 Job terminated.
	(1) Normal termination (return value 0)
		Usr 0 02:06:08, Sys 0 00:00:30  -  Run Remote Usage
		Usr 0 00:00:00, Sys 0 00:00:00  -  Run Local Usage
		Usr 0 02:06:08, Sys 0 00:00:30  -  Total Remote Usage
		Usr 0 00:00:00, Sys 0 00:00:00  -  Total Local Usage
	0  -  Run Bytes Sent By Job
	0  -  Run Bytes Received By Job
	0  -  Total Bytes Sent By Job
	0  -  Total Bytes Received By Job
...
