000 (1754473.000.000) 11/14 02:18:34 Job submitted from host: <130.199.206.69:49450>
...
001 (1754473.000.000) 11/14 05:20:02 Job executing on host: <130.199.180.169:46641>
...
006 (1754473.000.000) 11/14 05:25:12 Image size of job updated: 284188
...
006 (1754473.000.000) 11/14 05:30:13 Image size of job updated: 285936
...
006 (1754473.000.000) 11/14 05:40:15 Image size of job updated: 289300
...
006 (1754473.000.000) 11/14 05:50:17 Image size of job updated: 290756
...
006 (1754473.000.000) 11/14 05:55:18 Image size of job updated: 291836
...
006 (1754473.000.000) 11/14 06:00:19 Image size of job updated: 292080
...
006 (1754473.000.000) 11/14 06:05:20 Image size of job updated: 292632
...
006 (1754473.000.000) 11/14 06:10:21 Image size of job updated: 293232
...
006 (1754473.000.000) 11/14 06:15:22 Image size of job updated: 293540
...
006 (1754473.000.000) 11/14 06:20:23 Image size of job updated: 293724
...
006 (1754473.000.000) 11/14 06:25:24 Image size of job updated: 293824
...
006 (1754473.000.000) 11/14 06:30:25 Image size of job updated: 294340
...
006 (1754473.000.000) 11/14 06:35:26 Image size of job updated: 295764
...
006 (1754473.000.000) 11/14 06:40:27 Image size of job updated: 295768
...
006 (1754473.000.000) 11/14 06:45:28 Image size of job updated: 296436
...
006 (1754473.000.000) 11/14 06:50:29 Image size of job updated: 296524
...
006 (1754473.000.000) 11/14 07:00:31 Image size of job updated: 297312
...
005 (1754473.000.000) 11/14 07:41:21 Job terminated.
	(1) Normal termination (return value 0)
		Usr 0 02:10:09, Sys 0 00:01:05  -  Run Remote Usage
		Usr 0 00:00:00, Sys 0 00:00:00  -  Run Local Usage
		Usr 0 02:10:09, Sys 0 00:01:05  -  Total Remote Usage
		Usr 0 00:00:00, Sys 0 00:00:00  -  Total Local Usage
	0  -  Run Bytes Sent By Job
	0  -  Run Bytes Received By Job
	0  -  Total Bytes Sent By Job
	0  -  Total Bytes Received By Job
...
