000 (1755222.000.000) 11/14 02:19:54 Job submitted from host: <130.199.206.69:49450>
...
001 (1755222.000.000) 11/15 15:33:29 Job executing on host: <130.199.180.141:43183>
...
006 (1755222.000.000) 11/15 15:33:38 Image size of job updated: 136424
...
006 (1755222.000.000) 11/15 15:38:39 Image size of job updated: 286216
...
006 (1755222.000.000) 11/15 15:43:40 Image size of job updated: 318748
...
006 (1755222.000.000) 11/15 15:48:41 Image size of job updated: 327736
...
006 (1755222.000.000) 11/15 15:53:42 Image size of job updated: 328760
...
006 (1755222.000.000) 11/15 15:58:43 Image size of job updated: 329784
...
006 (1755222.000.000) 11/15 16:03:44 Image size of job updated: 333548
...
005 (1755222.000.000) 11/15 16:07:48 Job terminated.
	(1) Normal termination (return value 0)
		Usr 0 00:29:06, Sys 0 00:00:16  -  Run Remote Usage
		Usr 0 00:00:00, Sys 0 00:00:00  -  Run Local Usage
		Usr 0 00:29:06, Sys 0 00:00:16  -  Total Remote Usage
		Usr 0 00:00:00, Sys 0 00:00:00  -  Total Local Usage
	0  -  Run Bytes Sent By Job
	0  -  Run Bytes Received By Job
	0  -  Total Bytes Sent By Job
	0  -  Total Bytes Received By Job
...
