000 (1753782.000.000) 11/14 02:16:47 Job submitted from host: <130.199.206.69:49450>
...
001 (1753782.000.000) 11/14 04:32:18 Job executing on host: <130.199.180.173:34638>
...
006 (1753782.000.000) 11/14 04:37:26 Image size of job updated: 284728
...
006 (1753782.000.000) 11/14 04:42:26 Image size of job updated: 285916
...
006 (1753782.000.000) 11/14 04:47:26 Image size of job updated: 286768
...
006 (1753782.000.000) 11/14 04:52:26 Image size of job updated: 288036
...
006 (1753782.000.000) 11/14 04:57:26 Image size of job updated: 290800
...
006 (1753782.000.000) 11/14 05:02:26 Image size of job updated: 293136
...
006 (1753782.000.000) 11/14 05:07:26 Image size of job updated: 311756
...
006 (1753782.000.000) 11/14 05:12:26 Image size of job updated: 328140
...
006 (1753782.000.000) 11/14 05:17:26 Image size of job updated: 335308
...
006 (1753782.000.000) 11/14 05:22:26 Image size of job updated: 336332
...
006 (1753782.000.000) 11/14 05:32:26 Image size of job updated: 338320
...
006 (1753782.000.000) 11/14 05:42:26 Image size of job updated: 339344
...
006 (1753782.000.000) 11/14 05:47:26 Image size of job updated: 342416
...
006 (1753782.000.000) 11/14 05:52:26 Image size of job updated: 343440
...
006 (1753782.000.000) 11/14 06:22:26 Image size of job updated: 344464
...
006 (1753782.000.000) 11/14 06:47:27 Image size of job updated: 345488
...
006 (1753782.000.000) 11/14 07:02:30 Image size of job updated: 346512
...
005 (1753782.000.000) 11/14 08:11:10 Job terminated.
	(1) Normal termination (return value 0)
		Usr 0 03:19:50, Sys 0 00:01:36  -  Run Remote Usage
		Usr 0 00:00:00, Sys 0 00:00:00  -  Run Local Usage
		Usr 0 03:19:50, Sys 0 00:01:36  -  Total Remote Usage
		Usr 0 00:00:00, Sys 0 00:00:00  -  Total Local Usage
	0  -  Run Bytes Sent By Job
	0  -  Run Bytes Received By Job
	0  -  Total Bytes Sent By Job
	0  -  Total Bytes Received By Job
...
