000 (1755093.000.000) 11/14 02:19:46 Job submitted from host: <130.199.206.69:49450>
...
001 (1755093.000.000) 11/15 17:00:28 Job executing on host: <130.199.206.151:53833>
...
006 (1755093.000.000) 11/15 17:00:36 Image size of job updated: 192152
...
006 (1755093.000.000) 11/15 17:05:36 Image size of job updated: 285852
...
006 (1755093.000.000) 11/15 17:10:36 Image size of job updated: 286940
...
006 (1755093.000.000) 11/15 17:15:36 Image size of job updated: 296968
...
006 (1755093.000.000) 11/15 17:20:36 Image size of job updated: 328716
...
006 (1755093.000.000) 11/15 17:25:36 Image size of job updated: 329740
...
006 (1755093.000.000) 11/15 17:30:36 Image size of job updated: 331788
...
006 (1755093.000.000) 11/15 17:50:36 Image size of job updated: 332740
...
006 (1755093.000.000) 11/15 17:55:36 Image size of job updated: 333764
...
006 (1755093.000.000) 11/15 18:00:36 Image size of job updated: 334788
...
006 (1755093.000.000) 11/15 18:05:37 Image size of job updated: 335812
...
006 (1755093.000.000) 11/15 18:20:40 Image size of job updated: 336836
...
006 (1755093.000.000) 11/15 18:25:41 Image size of job updated: 337860
...
005 (1755093.000.000) 11/15 18:43:01 Job terminated.
	(1) Normal termination (return value 0)
		Usr 0 01:33:09, Sys 0 00:00:29  -  Run Remote Usage
		Usr 0 00:00:00, Sys 0 00:00:00  -  Run Local Usage
		Usr 0 01:33:09, Sys 0 00:00:29  -  Total Remote Usage
		Usr 0 00:00:00, Sys 0 00:00:00  -  Total Local Usage
	0  -  Run Bytes Sent By Job
	0  -  Run Bytes Received By Job
	0  -  Total Bytes Sent By Job
	0  -  Total Bytes Received By Job
...
