000 (1754879.000.000) 11/14 02:19:27 Job submitted from host: <130.199.206.69:49450>
...
001 (1754879.000.000) 11/15 10:50:43 Job executing on host: <130.199.180.167:33733>
...
006 (1754879.000.000) 11/15 10:50:52 Image size of job updated: 8680
...
006 (1754879.000.000) 11/15 10:55:53 Image size of job updated: 210184
...
006 (1754879.000.000) 11/15 11:36:01 Image size of job updated: 277172
...
006 (1754879.000.000) 11/15 11:41:02 Image size of job updated: 315608
...
006 (1754879.000.000) 11/15 11:46:03 Image size of job updated: 325520
...
006 (1754879.000.000) 11/15 11:51:04 Image size of job updated: 327568
...
006 (1754879.000.000) 11/15 11:56:05 Image size of job updated: 329080
...
006 (1754879.000.000) 11/15 12:01:06 Image size of job updated: 330104
...
006 (1754879.000.000) 11/15 12:06:07 Image size of job updated: 332152
...
006 (1754879.000.000) 11/15 12:11:08 Image size of job updated: 333176
...
006 (1754879.000.000) 11/15 12:16:09 Image size of job updated: 334200
...
006 (1754879.000.000) 11/15 12:21:10 Image size of job updated: 335224
...
006 (1754879.000.000) 11/15 13:01:18 Image size of job updated: 336248
...
005 (1754879.000.000) 11/15 13:01:54 Job terminated.
	(1) Normal termination (return value 0)
		Usr 0 01:21:28, Sys 0 00:00:37  -  Run Remote Usage
		Usr 0 00:00:00, Sys 0 00:00:00  -  Run Local Usage
		Usr 0 01:21:28, Sys 0 00:00:37  -  Total Remote Usage
		Usr 0 00:00:00, Sys 0 00:00:00  -  Total Local Usage
	0  -  Run Bytes Sent By Job
	0  -  Run Bytes Received By Job
	0  -  Total Bytes Sent By Job
	0  -  Total Bytes Received By Job
...
