000 (1753788.000.000) 11/14 02:16:47 Job submitted from host: <130.199.206.69:49450>
...
001 (1753788.000.000) 11/14 04:28:17 Job executing on host: <130.199.180.146:38869>
...
006 (1753788.000.000) 11/14 04:28:26 Image size of job updated: 173788
...
006 (1753788.000.000) 11/14 04:33:27 Image size of job updated: 286680
...
006 (1753788.000.000) 11/14 04:38:28 Image size of job updated: 287640
...
006 (1753788.000.000) 11/14 04:48:30 Image size of job updated: 289892
...
006 (1753788.000.000) 11/14 04:53:31 Image size of job updated: 290604
...
006 (1753788.000.000) 11/14 05:03:33 Image size of job updated: 290652
...
006 (1753788.000.000) 11/14 05:08:34 Image size of job updated: 313960
...
006 (1753788.000.000) 11/14 05:13:35 Image size of job updated: 330344
...
006 (1753788.000.000) 11/14 05:18:36 Image size of job updated: 333416
...
006 (1753788.000.000) 11/14 05:23:37 Image size of job updated: 335464
...
006 (1753788.000.000) 11/14 05:28:38 Image size of job updated: 336488
...
006 (1753788.000.000) 11/14 05:33:39 Image size of job updated: 338540
...
006 (1753788.000.000) 11/14 05:38:40 Image size of job updated: 340588
...
006 (1753788.000.000) 11/14 05:43:41 Image size of job updated: 342636
...
006 (1753788.000.000) 11/14 05:48:42 Image size of job updated: 343660
...
006 (1753788.000.000) 11/14 06:43:53 Image size of job updated: 344684
...
006 (1753788.000.000) 11/14 06:53:55 Image size of job updated: 345708
...
006 (1753788.000.000) 11/14 07:03:57 Image size of job updated: 346732
...
005 (1753788.000.000) 11/14 08:08:32 Job terminated.
	(1) Normal termination (return value 0)
		Usr 0 03:13:17, Sys 0 00:01:40  -  Run Remote Usage
		Usr 0 00:00:00, Sys 0 00:00:00  -  Run Local Usage
		Usr 0 03:13:17, Sys 0 00:01:40  -  Total Remote Usage
		Usr 0 00:00:00, Sys 0 00:00:00  -  Total Local Usage
	0  -  Run Bytes Sent By Job
	0  -  Run Bytes Received By Job
	0  -  Total Bytes Sent By Job
	0  -  Total Bytes Received By Job
...
