000 (1755239.000.000) 11/14 02:19:54 Job submitted from host: <130.199.206.69:49450>
...
001 (1755239.000.000) 11/15 12:21:27 Job executing on host: <130.199.180.167:33733>
...
006 (1755239.000.000) 11/15 12:21:36 Image size of job updated: 142652
...
006 (1755239.000.000) 11/15 12:26:37 Image size of job updated: 284044
...
006 (1755239.000.000) 11/15 12:31:38 Image size of job updated: 285648
...
006 (1755239.000.000) 11/15 12:36:39 Image size of job updated: 286068
...
006 (1755239.000.000) 11/15 12:46:41 Image size of job updated: 286568
...
006 (1755239.000.000) 11/15 12:51:42 Image size of job updated: 287844
...
006 (1755239.000.000) 11/15 13:11:46 Image size of job updated: 290436
...
006 (1755239.000.000) 11/15 13:21:48 Image size of job updated: 291244
...
006 (1755239.000.000) 11/15 13:26:49 Image size of job updated: 292180
...
006 (1755239.000.000) 11/15 13:36:51 Image size of job updated: 292464
...
006 (1755239.000.000) 11/15 14:06:51 Image size of job updated: 292756
...
006 (1755239.000.000) 11/15 14:11:51 Image size of job updated: 292804
...
006 (1755239.000.000) 11/15 14:21:51 Image size of job updated: 293584
...
006 (1755239.000.000) 11/15 14:26:51 Image size of job updated: 294928
...
006 (1755239.000.000) 11/15 14:41:51 Image size of job updated: 295884
...
006 (1755239.000.000) 11/15 14:46:51 Image size of job updated: 296588
...
006 (1755239.000.000) 11/15 15:01:51 Image size of job updated: 296940
...
006 (1755239.000.000) 11/15 15:16:51 Image size of job updated: 297152
...
006 (1755239.000.000) 11/15 15:21:51 Image size of job updated: 297256
...
005 (1755239.000.000) 11/15 15:21:51 Job terminated.
	(1) Normal termination (return value 0)
		Usr 0 02:26:39, Sys 0 00:01:18  -  Run Remote Usage
		Usr 0 00:00:00, Sys 0 00:00:00  -  Run Local Usage
		Usr 0 02:26:39, Sys 0 00:01:18  -  Total Remote Usage
		Usr 0 00:00:00, Sys 0 00:00:00  -  Total Local Usage
	0  -  Run Bytes Sent By Job
	0  -  Run Bytes Received By Job
	0  -  Total Bytes Sent By Job
	0  -  Total Bytes Received By Job
...
