000 (1754052.000.000) 11/14 02:17:22 Job submitted from host: <130.199.206.69:49450>
...
001 (1754052.000.000) 11/14 05:39:17 Job executing on host: <130.199.206.159:54197>
...
006 (1754052.000.000) 11/14 05:39:26 Image size of job updated: 204348
...
006 (1754052.000.000) 11/14 05:44:27 Image size of job updated: 278400
...
006 (1754052.000.000) 11/14 05:49:28 Image size of job updated: 314948
...
006 (1754052.000.000) 11/14 05:54:28 Image size of job updated: 324164
...
006 (1754052.000.000) 11/14 06:04:28 Image size of job updated: 324368
...
006 (1754052.000.000) 11/14 06:09:28 Image size of job updated: 325392
...
006 (1754052.000.000) 11/14 06:14:28 Image size of job updated: 326416
...
006 (1754052.000.000) 11/14 06:19:28 Image size of job updated: 330512
...
005 (1754052.000.000) 11/14 06:26:12 Job terminated.
	(1) Normal termination (return value 0)
		Usr 0 00:43:56, Sys 0 00:00:10  -  Run Remote Usage
		Usr 0 00:00:00, Sys 0 00:00:00  -  Run Local Usage
		Usr 0 00:43:56, Sys 0 00:00:10  -  Total Remote Usage
		Usr 0 00:00:00, Sys 0 00:00:00  -  Total Local Usage
	0  -  Run Bytes Sent By Job
	0  -  Run Bytes Received By Job
	0  -  Total Bytes Sent By Job
	0  -  Total Bytes Received By Job
...
