000 (1753445.000.000) 11/14 02:14:53 Job submitted from host: <130.199.206.69:49450>
...
001 (1753445.000.000) 11/14 05:15:34 Job executing on host: <130.199.183.22:48346>
...
006 (1753445.000.000) 11/14 05:15:42 Image size of job updated: 173772
...
006 (1753445.000.000) 11/14 05:20:42 Image size of job updated: 283272
...
006 (1753445.000.000) 11/14 05:25:42 Image size of job updated: 285444
...
006 (1753445.000.000) 11/14 05:30:42 Image size of job updated: 285696
...
006 (1753445.000.000) 11/14 05:35:42 Image size of job updated: 285904
...
006 (1753445.000.000) 11/14 05:45:42 Image size of job updated: 286756
...
006 (1753445.000.000) 11/14 05:50:42 Image size of job updated: 287692
...
006 (1753445.000.000) 11/14 06:00:42 Image size of job updated: 288236
...
006 (1753445.000.000) 11/14 06:05:42 Image size of job updated: 288384
...
006 (1753445.000.000) 11/14 06:15:42 Image size of job updated: 291892
...
006 (1753445.000.000) 11/14 06:20:42 Image size of job updated: 292184
...
006 (1753445.000.000) 11/14 06:25:42 Image size of job updated: 292548
...
006 (1753445.000.000) 11/14 06:30:42 Image size of job updated: 292752
...
006 (1753445.000.000) 11/14 06:35:42 Image size of job updated: 292948
...
006 (1753445.000.000) 11/14 06:40:42 Image size of job updated: 293112
...
006 (1753445.000.000) 11/14 06:45:42 Image size of job updated: 293680
...
006 (1753445.000.000) 11/14 06:50:42 Image size of job updated: 293924
...
006 (1753445.000.000) 11/14 06:55:43 Image size of job updated: 294964
...
006 (1753445.000.000) 11/14 07:05:45 Image size of job updated: 295236
...
006 (1753445.000.000) 11/14 07:55:55 Image size of job updated: 295788
...
006 (1753445.000.000) 11/14 08:21:00 Image size of job updated: 295956
...
006 (1753445.000.000) 11/14 08:26:01 Image size of job updated: 296004
...
005 (1753445.000.000) 11/14 09:01:59 Job terminated.
	(1) Normal termination (return value 0)
		Usr 0 03:28:07, Sys 0 00:01:32  -  Run Remote Usage
		Usr 0 00:00:00, Sys 0 00:00:00  -  Run Local Usage
		Usr 0 03:28:07, Sys 0 00:01:32  -  Total Remote Usage
		Usr 0 00:00:00, Sys 0 00:00:00  -  Total Local Usage
	0  -  Run Bytes Sent By Job
	0  -  Run Bytes Received By Job
	0  -  Total Bytes Sent By Job
	0  -  Total Bytes Received By Job
...
