000 (1754611.000.000) 11/14 02:18:46 Job submitted from host: <130.199.206.69:49450>
...
001 (1754611.000.000) 11/14 05:22:54 Job executing on host: <130.199.183.25:50471>
...
006 (1754611.000.000) 11/14 05:28:04 Image size of job updated: 283688
...
006 (1754611.000.000) 11/14 05:33:05 Image size of job updated: 286012
...
006 (1754611.000.000) 11/14 05:38:06 Image size of job updated: 287856
...
006 (1754611.000.000) 11/14 06:03:11 Image size of job updated: 288492
...
006 (1754611.000.000) 11/14 06:08:12 Image size of job updated: 289980
...
006 (1754611.000.000) 11/14 06:13:13 Image size of job updated: 290792
...
006 (1754611.000.000) 11/14 06:53:21 Image size of job updated: 291200
...
006 (1754611.000.000) 11/14 06:58:22 Image size of job updated: 291520
...
006 (1754611.000.000) 11/14 07:03:23 Image size of job updated: 291664
...
006 (1754611.000.000) 11/14 07:08:24 Image size of job updated: 291904
...
006 (1754611.000.000) 11/14 07:18:26 Image size of job updated: 292564
...
006 (1754611.000.000) 11/14 07:23:27 Image size of job updated: 294308
...
006 (1754611.000.000) 11/14 07:33:29 Image size of job updated: 295480
...
006 (1754611.000.000) 11/14 08:23:39 Image size of job updated: 296596
...
006 (1754611.000.000) 11/14 09:08:48 Image size of job updated: 296620
...
006 (1754611.000.000) 11/14 09:38:54 Image size of job updated: 297708
...
005 (1754611.000.000) 11/14 10:00:45 Job terminated.
	(1) Normal termination (return value 0)
		Usr 0 04:14:32, Sys 0 00:01:37  -  Run Remote Usage
		Usr 0 00:00:00, Sys 0 00:00:00  -  Run Local Usage
		Usr 0 04:14:32, Sys 0 00:01:37  -  Total Remote Usage
		Usr 0 00:00:00, Sys 0 00:00:00  -  Total Local Usage
	0  -  Run Bytes Sent By Job
	0  -  Run Bytes Received By Job
	0  -  Total Bytes Sent By Job
	0  -  Total Bytes Received By Job
...
