000 (1755378.000.000) 11/14 02:20:10 Job submitted from host: <130.199.206.69:49450>
...
001 (1755378.000.000) 11/15 12:45:52 Job executing on host: <130.199.180.139:35175>
...
006 (1755378.000.000) 11/15 12:46:00 Image size of job updated: 174288
...
006 (1755378.000.000) 11/15 12:51:00 Image size of job updated: 282948
...
006 (1755378.000.000) 11/15 12:56:00 Image size of job updated: 289968
...
006 (1755378.000.000) 11/15 13:01:00 Image size of job updated: 292060
...
006 (1755378.000.000) 11/15 13:06:00 Image size of job updated: 292984
...
006 (1755378.000.000) 11/15 13:11:00 Image size of job updated: 293652
...
005 (1755378.000.000) 11/15 13:14:27 Job terminated.
	(1) Normal termination (return value 0)
		Usr 0 00:25:04, Sys 0 00:00:19  -  Run Remote Usage
		Usr 0 00:00:00, Sys 0 00:00:00  -  Run Local Usage
		Usr 0 00:25:04, Sys 0 00:00:19  -  Total Remote Usage
		Usr 0 00:00:00, Sys 0 00:00:00  -  Total Local Usage
	0  -  Run Bytes Sent By Job
	0  -  Run Bytes Received By Job
	0  -  Total Bytes Sent By Job
	0  -  Total Bytes Received By Job
...
