000 (1753929.000.000) 11/14 02:17:04 Job submitted from host: <130.199.206.69:49450>
...
001 (1753929.000.000) 11/14 04:28:27 Job executing on host: <130.199.183.25:50471>
...
006 (1753929.000.000) 11/14 04:28:35 Image size of job updated: 144412
...
006 (1753929.000.000) 11/14 04:33:35 Image size of job updated: 284884
...
006 (1753929.000.000) 11/14 04:38:35 Image size of job updated: 286056
...
006 (1753929.000.000) 11/14 04:43:35 Image size of job updated: 286072
...
006 (1753929.000.000) 11/14 04:48:35 Image size of job updated: 287732
...
006 (1753929.000.000) 11/14 04:53:35 Image size of job updated: 288272
...
006 (1753929.000.000) 11/14 05:03:35 Image size of job updated: 290216
...
006 (1753929.000.000) 11/14 05:08:35 Image size of job updated: 290304
...
006 (1753929.000.000) 11/14 05:13:35 Image size of job updated: 297368
...
006 (1753929.000.000) 11/14 05:23:35 Image size of job updated: 298488
...
006 (1753929.000.000) 11/14 05:28:35 Image size of job updated: 299296
...
006 (1753929.000.000) 11/14 05:38:35 Image size of job updated: 299424
...
006 (1753929.000.000) 11/14 05:48:37 Image size of job updated: 300060
...
006 (1753929.000.000) 11/14 05:53:38 Image size of job updated: 300296
...
006 (1753929.000.000) 11/14 05:58:39 Image size of job updated: 300596
...
006 (1753929.000.000) 11/14 06:03:40 Image size of job updated: 312084
...
005 (1753929.000.000) 11/14 06:04:48 Job terminated.
	(1) Normal termination (return value 0)
		Usr 0 01:18:17, Sys 0 00:00:41  -  Run Remote Usage
		Usr 0 00:00:00, Sys 0 00:00:00  -  Run Local Usage
		Usr 0 01:18:17, Sys 0 00:00:41  -  Total Remote Usage
		Usr 0 00:00:00, Sys 0 00:00:00  -  Total Local Usage
	0  -  Run Bytes Sent By Job
	0  -  Run Bytes Received By Job
	0  -  Total Bytes Sent By Job
	0  -  Total Bytes Received By Job
...
