000 (1754605.000.000) 11/14 02:18:46 Job submitted from host: <130.199.206.69:49450>
...
001 (1754605.000.000) 11/14 05:37:14 Job executing on host: <130.199.180.146:38869>
...
006 (1754605.000.000) 11/14 05:42:22 Image size of job updated: 283220
...
006 (1754605.000.000) 11/14 05:47:22 Image size of job updated: 285424
...
006 (1754605.000.000) 11/14 05:52:22 Image size of job updated: 286092
...
006 (1754605.000.000) 11/14 06:02:22 Image size of job updated: 287536
...
006 (1754605.000.000) 11/14 06:22:22 Image size of job updated: 289456
...
006 (1754605.000.000) 11/14 06:27:22 Image size of job updated: 290024
...
006 (1754605.000.000) 11/14 06:32:22 Image size of job updated: 291264
...
006 (1754605.000.000) 11/14 06:37:22 Image size of job updated: 291720
...
006 (1754605.000.000) 11/14 07:02:22 Image size of job updated: 291980
...
006 (1754605.000.000) 11/14 07:12:22 Image size of job updated: 292192
...
006 (1754605.000.000) 11/14 07:17:22 Image size of job updated: 292784
...
006 (1754605.000.000) 11/14 07:27:22 Image size of job updated: 292892
...
006 (1754605.000.000) 11/14 07:32:22 Image size of job updated: 294088
...
006 (1754605.000.000) 11/14 07:52:22 Image size of job updated: 294536
...
006 (1754605.000.000) 11/14 08:17:22 Image size of job updated: 295076
...
006 (1754605.000.000) 11/14 08:32:22 Image size of job updated: 295756
...
005 (1754605.000.000) 11/14 08:34:34 Job terminated.
	(1) Normal termination (return value 0)
		Usr 0 02:45:17, Sys 0 00:01:16  -  Run Remote Usage
		Usr 0 00:00:00, Sys 0 00:00:00  -  Run Local Usage
		Usr 0 02:45:17, Sys 0 00:01:16  -  Total Remote Usage
		Usr 0 00:00:00, Sys 0 00:00:00  -  Total Local Usage
	0  -  Run Bytes Sent By Job
	0  -  Run Bytes Received By Job
	0  -  Total Bytes Sent By Job
	0  -  Total Bytes Received By Job
...
