000 (1754484.000.000) 11/14 02:18:34 Job submitted from host: <130.199.206.69:49450>
...
001 (1754484.000.000) 11/14 05:23:19 Job executing on host: <130.199.180.157:54764>
...
006 (1754484.000.000) 11/14 05:23:27 Image size of job updated: 8680
...
006 (1754484.000.000) 11/14 05:28:27 Image size of job updated: 293884
...
006 (1754484.000.000) 11/14 05:33:27 Image size of job updated: 295588
...
006 (1754484.000.000) 11/14 05:38:27 Image size of job updated: 296568
...
006 (1754484.000.000) 11/14 05:43:27 Image size of job updated: 298848
...
006 (1754484.000.000) 11/14 06:03:27 Image size of job updated: 299980
...
005 (1754484.000.000) 11/14 06:03:44 Job terminated.
	(1) Normal termination (return value 0)
		Usr 0 00:34:31, Sys 0 00:00:19  -  Run Remote Usage
		Usr 0 00:00:00, Sys 0 00:00:00  -  Run Local Usage
		Usr 0 00:34:31, Sys 0 00:00:19  -  Total Remote Usage
		Usr 0 00:00:00, Sys 0 00:00:00  -  Total Local Usage
	0  -  Run Bytes Sent By Job
	0  -  Run Bytes Received By Job
	0  -  Total Bytes Sent By Job
	0  -  Total Bytes Received By Job
...
