000 (1754821.000.000) 11/14 02:19:12 Job submitted from host: <130.199.206.69:49450>
...
001 (1754821.000.000) 11/14 13:07:21 Job executing on host: <130.199.180.144:40361>
...
006 (1754821.000.000) 11/14 13:07:30 Image size of job updated: 40164
...
006 (1754821.000.000) 11/14 13:12:31 Image size of job updated: 284676
...
006 (1754821.000.000) 11/14 13:17:32 Image size of job updated: 287788
...
006 (1754821.000.000) 11/14 13:22:33 Image size of job updated: 288076
...
006 (1754821.000.000) 11/14 13:27:34 Image size of job updated: 288368
...
006 (1754821.000.000) 11/14 13:32:35 Image size of job updated: 289008
...
006 (1754821.000.000) 11/14 13:37:36 Image size of job updated: 289296
...
006 (1754821.000.000) 11/14 13:42:37 Image size of job updated: 289928
...
006 (1754821.000.000) 11/14 13:47:37 Image size of job updated: 289940
...
006 (1754821.000.000) 11/14 13:57:37 Image size of job updated: 291896
...
006 (1754821.000.000) 11/14 14:02:37 Image size of job updated: 292516
...
006 (1754821.000.000) 11/14 14:12:37 Image size of job updated: 296020
...
006 (1754821.000.000) 11/14 14:22:37 Image size of job updated: 296572
...
006 (1754821.000.000) 11/14 14:27:37 Image size of job updated: 297496
...
006 (1754821.000.000) 11/14 14:32:37 Image size of job updated: 298764
...
006 (1754821.000.000) 11/14 14:57:37 Image size of job updated: 299012
...
005 (1754821.000.000) 11/14 15:15:32 Job terminated.
	(1) Normal termination (return value 0)
		Usr 0 01:55:10, Sys 0 00:00:41  -  Run Remote Usage
		Usr 0 00:00:00, Sys 0 00:00:00  -  Run Local Usage
		Usr 0 01:55:10, Sys 0 00:00:41  -  Total Remote Usage
		Usr 0 00:00:00, Sys 0 00:00:00  -  Total Local Usage
	0  -  Run Bytes Sent By Job
	0  -  Run Bytes Received By Job
	0  -  Total Bytes Sent By Job
	0  -  Total Bytes Received By Job
...
