000 (1754735.000.000) 11/14 02:18:59 Job submitted from host: <130.199.206.69:49450>
...
001 (1754735.000.000) 11/14 06:07:44 Job executing on host: <130.199.180.157:54764>
...
006 (1754735.000.000) 11/14 06:07:53 Image size of job updated: 174476
...
006 (1754735.000.000) 11/14 06:12:54 Image size of job updated: 285808
...
006 (1754735.000.000) 11/14 06:17:55 Image size of job updated: 286572
...
006 (1754735.000.000) 11/14 06:32:58 Image size of job updated: 288656
...
006 (1754735.000.000) 11/14 06:48:01 Image size of job updated: 288860
...
006 (1754735.000.000) 11/14 06:53:02 Image size of job updated: 290468
...
006 (1754735.000.000) 11/14 06:58:03 Image size of job updated: 291992
...
006 (1754735.000.000) 11/14 07:18:07 Image size of job updated: 292288
...
006 (1754735.000.000) 11/14 07:23:08 Image size of job updated: 292568
...
006 (1754735.000.000) 11/14 07:33:10 Image size of job updated: 292864
...
006 (1754735.000.000) 11/14 07:43:12 Image size of job updated: 293580
...
006 (1754735.000.000) 11/14 07:48:13 Image size of job updated: 293832
...
006 (1754735.000.000) 11/14 07:53:14 Image size of job updated: 294056
...
006 (1754735.000.000) 11/14 08:03:16 Image size of job updated: 294132
...
006 (1754735.000.000) 11/14 08:18:19 Image size of job updated: 294460
...
006 (1754735.000.000) 11/14 08:28:21 Image size of job updated: 294912
...
006 (1754735.000.000) 11/14 08:33:22 Image size of job updated: 295396
...
006 (1754735.000.000) 11/14 09:08:29 Image size of job updated: 295544
...
006 (1754735.000.000) 11/14 09:13:30 Image size of job updated: 295680
...
006 (1754735.000.000) 11/14 09:18:31 Image size of job updated: 296312
...
006 (1754735.000.000) 11/14 09:23:32 Image size of job updated: 296532
...
006 (1754735.000.000) 11/14 09:43:32 Image size of job updated: 297412
...
005 (1754735.000.000) 11/14 09:44:18 Job terminated.
	(1) Normal termination (return value 0)
		Usr 0 03:15:15, Sys 0 00:01:50  -  Run Remote Usage
		Usr 0 00:00:00, Sys 0 00:00:00  -  Run Local Usage
		Usr 0 03:15:15, Sys 0 00:01:50  -  Total Remote Usage
		Usr 0 00:00:00, Sys 0 00:00:00  -  Total Local Usage
	0  -  Run Bytes Sent By Job
	0  -  Run Bytes Received By Job
	0  -  Total Bytes Sent By Job
	0  -  Total Bytes Received By Job
...
