000 (1755324.000.000) 11/14 02:20:03 Job submitted from host: <130.199.206.69:49450>
...
001 (1755324.000.000) 11/15 12:42:29 Job executing on host: <130.199.206.55:46723>
...
006 (1755324.000.000) 11/15 12:42:38 Image size of job updated: 173936
...
006 (1755324.000.000) 11/15 12:47:39 Image size of job updated: 281896
...
006 (1755324.000.000) 11/15 12:52:40 Image size of job updated: 282316
...
006 (1755324.000.000) 11/15 13:07:43 Image size of job updated: 286040
...
006 (1755324.000.000) 11/15 13:12:44 Image size of job updated: 290144
...
006 (1755324.000.000) 11/15 13:17:45 Image size of job updated: 291560
...
006 (1755324.000.000) 11/15 13:22:46 Image size of job updated: 292084
...
006 (1755324.000.000) 11/15 13:27:47 Image size of job updated: 295540
...
006 (1755324.000.000) 11/15 13:37:48 Image size of job updated: 296476
...
006 (1755324.000.000) 11/15 13:42:48 Image size of job updated: 297216
...
006 (1755324.000.000) 11/15 13:52:48 Image size of job updated: 297852
...
006 (1755324.000.000) 11/15 13:57:48 Image size of job updated: 298572
...
006 (1755324.000.000) 11/15 14:12:48 Image size of job updated: 298784
...
006 (1755324.000.000) 11/15 14:27:48 Image size of job updated: 299848
...
005 (1755324.000.000) 11/15 14:52:33 Job terminated.
	(1) Normal termination (return value 0)
		Usr 0 02:00:58, Sys 0 00:00:37  -  Run Remote Usage
		Usr 0 00:00:00, Sys 0 00:00:00  -  Run Local Usage
		Usr 0 02:00:58, Sys 0 00:00:37  -  Total Remote Usage
		Usr 0 00:00:00, Sys 0 00:00:00  -  Total Local Usage
	0  -  Run Bytes Sent By Job
	0  -  Run Bytes Received By Job
	0  -  Total Bytes Sent By Job
	0  -  Total Bytes Received By Job
...
