000 (1753615.000.000) 11/14 02:16:08 Job submitted from host: <130.199.206.69:49450>
...
001 (1753615.000.000) 11/14 02:58:56 Job executing on host: <130.199.206.157:45745>
...
006 (1753615.000.000) 11/14 03:04:05 Image size of job updated: 283420
...
006 (1753615.000.000) 11/14 03:09:06 Image size of job updated: 285184
...
006 (1753615.000.000) 11/14 03:14:07 Image size of job updated: 298348
...
006 (1753615.000.000) 11/14 03:19:08 Image size of job updated: 318744
...
006 (1753615.000.000) 11/14 03:24:09 Image size of job updated: 321816
...
005 (1753615.000.000) 11/14 03:28:35 Job terminated.
	(1) Normal termination (return value 0)
		Usr 0 00:26:16, Sys 0 00:00:07  -  Run Remote Usage
		Usr 0 00:00:00, Sys 0 00:00:00  -  Run Local Usage
		Usr 0 00:26:16, Sys 0 00:00:07  -  Total Remote Usage
		Usr 0 00:00:00, Sys 0 00:00:00  -  Total Local Usage
	0  -  Run Bytes Sent By Job
	0  -  Run Bytes Received By Job
	0  -  Total Bytes Sent By Job
	0  -  Total Bytes Received By Job
...
