000 (1753648.000.000) 11/14 02:16:08 Job submitted from host: <130.199.206.69:49450>
...
001 (1753648.000.000) 11/14 03:58:06 Job executing on host: <130.199.180.172:54357>
...
006 (1753648.000.000) 11/14 03:58:14 Image size of job updated: 186436
...
006 (1753648.000.000) 11/14 04:03:14 Image size of job updated: 285424
...
006 (1753648.000.000) 11/14 04:08:14 Image size of job updated: 286020
...
006 (1753648.000.000) 11/14 04:13:14 Image size of job updated: 286572
...
006 (1753648.000.000) 11/14 04:18:14 Image size of job updated: 288484
...
006 (1753648.000.000) 11/14 04:23:14 Image size of job updated: 289928
...
006 (1753648.000.000) 11/14 04:28:14 Image size of job updated: 290508
...
006 (1753648.000.000) 11/14 04:33:14 Image size of job updated: 291264
...
006 (1753648.000.000) 11/14 04:38:14 Image size of job updated: 292272
...
006 (1753648.000.000) 11/14 04:43:14 Image size of job updated: 292900
...
006 (1753648.000.000) 11/14 04:48:14 Image size of job updated: 293188
...
006 (1753648.000.000) 11/14 05:03:14 Image size of job updated: 293508
...
006 (1753648.000.000) 11/14 05:13:14 Image size of job updated: 293720
...
006 (1753648.000.000) 11/14 05:18:14 Image size of job updated: 294300
...
006 (1753648.000.000) 11/14 05:23:14 Image size of job updated: 294756
...
006 (1753648.000.000) 11/14 05:33:14 Image size of job updated: 294760
...
006 (1753648.000.000) 11/14 05:38:14 Image size of job updated: 295292
...
006 (1753648.000.000) 11/14 05:43:14 Image size of job updated: 295764
...
006 (1753648.000.000) 11/14 05:48:14 Image size of job updated: 296824
...
006 (1753648.000.000) 11/14 05:53:14 Image size of job updated: 297880
...
006 (1753648.000.000) 11/14 05:58:14 Image size of job updated: 298456
...
006 (1753648.000.000) 11/14 06:03:14 Image size of job updated: 299240
...
006 (1753648.000.000) 11/14 06:08:14 Image size of job updated: 299680
...
006 (1753648.000.000) 11/14 06:13:14 Image size of job updated: 300972
...
005 (1753648.000.000) 11/14 06:39:31 Job terminated.
	(1) Normal termination (return value 0)
		Usr 0 02:23:04, Sys 0 00:01:29  -  Run Remote Usage
		Usr 0 00:00:00, Sys 0 00:00:00  -  Run Local Usage
		Usr 0 02:23:04, Sys 0 00:01:29  -  Total Remote Usage
		Usr 0 00:00:00, Sys 0 00:00:00  -  Total Local Usage
	0  -  Run Bytes Sent By Job
	0  -  Run Bytes Received By Job
	0  -  Total Bytes Sent By Job
	0  -  Total Bytes Received By Job
...
