000 (1754395.000.000) 11/14 02:18:20 Job submitted from host: <130.199.206.69:49450>
...
001 (1754395.000.000) 11/14 05:27:15 Job executing on host: <130.199.180.156:41502>
...
006 (1754395.000.000) 11/14 05:27:23 Image size of job updated: 173792
...
006 (1754395.000.000) 11/14 05:32:23 Image size of job updated: 285212
...
006 (1754395.000.000) 11/14 05:37:23 Image size of job updated: 286108
...
006 (1754395.000.000) 11/14 05:42:23 Image size of job updated: 286752
...
006 (1754395.000.000) 11/14 05:52:23 Image size of job updated: 287344
...
006 (1754395.000.000) 11/14 06:02:23 Image size of job updated: 288320
...
006 (1754395.000.000) 11/14 06:12:23 Image size of job updated: 290004
...
006 (1754395.000.000) 11/14 06:17:23 Image size of job updated: 290476
...
006 (1754395.000.000) 11/14 06:22:23 Image size of job updated: 291792
...
006 (1754395.000.000) 11/14 06:32:23 Image size of job updated: 292596
...
006 (1754395.000.000) 11/14 06:37:23 Image size of job updated: 292776
...
006 (1754395.000.000) 11/14 06:42:23 Image size of job updated: 293968
...
006 (1754395.000.000) 11/14 07:02:23 Image size of job updated: 294436
...
006 (1754395.000.000) 11/14 07:22:23 Image size of job updated: 294644
...
006 (1754395.000.000) 11/14 07:47:23 Image size of job updated: 294900
...
006 (1754395.000.000) 11/14 08:17:27 Image size of job updated: 295136
...
006 (1754395.000.000) 11/14 08:27:29 Image size of job updated: 295884
...
006 (1754395.000.000) 11/14 09:32:42 Image size of job updated: 296020
...
005 (1754395.000.000) 11/14 09:35:18 Job terminated.
	(1) Normal termination (return value 0)
		Usr 0 03:42:26, Sys 0 00:01:35  -  Run Remote Usage
		Usr 0 00:00:00, Sys 0 00:00:00  -  Run Local Usage
		Usr 0 03:42:26, Sys 0 00:01:35  -  Total Remote Usage
		Usr 0 00:00:00, Sys 0 00:00:00  -  Total Local Usage
	0  -  Run Bytes Sent By Job
	0  -  Run Bytes Received By Job
	0  -  Total Bytes Sent By Job
	0  -  Total Bytes Received By Job
...
