000 (1753793.000.000) 11/14 02:16:47 Job submitted from host: <130.199.206.69:49450>
...
001 (1753793.000.000) 11/14 05:20:00 Job executing on host: <130.199.206.217:57621>
...
006 (1753793.000.000) 11/14 05:20:08 Image size of job updated: 8824
...
006 (1753793.000.000) 11/14 05:25:08 Image size of job updated: 284984
...
006 (1753793.000.000) 11/14 05:30:08 Image size of job updated: 286536
...
006 (1753793.000.000) 11/14 05:35:08 Image size of job updated: 287756
...
006 (1753793.000.000) 11/14 05:40:08 Image size of job updated: 288108
...
006 (1753793.000.000) 11/14 05:45:08 Image size of job updated: 291556
...
006 (1753793.000.000) 11/14 05:55:08 Image size of job updated: 292344
...
006 (1753793.000.000) 11/14 06:05:08 Image size of job updated: 292808
...
006 (1753793.000.000) 11/14 06:10:08 Image size of job updated: 292836
...
006 (1753793.000.000) 11/14 06:15:09 Image size of job updated: 293124
...
006 (1753793.000.000) 11/14 06:20:10 Image size of job updated: 295176
...
006 (1753793.000.000) 11/14 06:25:11 Image size of job updated: 295288
...
006 (1753793.000.000) 11/14 06:30:12 Image size of job updated: 295528
...
006 (1753793.000.000) 11/14 06:35:13 Image size of job updated: 295648
...
006 (1753793.000.000) 11/14 06:45:15 Image size of job updated: 311304
...
006 (1753793.000.000) 11/14 06:50:16 Image size of job updated: 335880
...
006 (1753793.000.000) 11/14 06:55:17 Image size of job updated: 337928
...
006 (1753793.000.000) 11/14 07:00:18 Image size of job updated: 341000
...
006 (1753793.000.000) 11/14 07:25:23 Image size of job updated: 341168
...
005 (1753793.000.000) 11/14 07:33:31 Job terminated.
	(1) Normal termination (return value 0)
		Usr 0 02:03:13, Sys 0 00:00:30  -  Run Remote Usage
		Usr 0 00:00:00, Sys 0 00:00:00  -  Run Local Usage
		Usr 0 02:03:13, Sys 0 00:00:30  -  Total Remote Usage
		Usr 0 00:00:00, Sys 0 00:00:00  -  Total Local Usage
	0  -  Run Bytes Sent By Job
	0  -  Run Bytes Received By Job
	0  -  Total Bytes Sent By Job
	0  -  Total Bytes Received By Job
...
