000 (1755256.000.000) 11/14 02:19:54 Job submitted from host: <130.199.206.69:49450>
...
001 (1755256.000.000) 11/15 15:49:14 Job executing on host: <130.199.206.211:33818>
...
006 (1755256.000.000) 11/15 15:54:22 Image size of job updated: 283424
...
006 (1755256.000.000) 11/15 15:59:22 Image size of job updated: 293944
...
006 (1755256.000.000) 11/15 16:04:22 Image size of job updated: 294304
...
006 (1755256.000.000) 11/15 16:14:22 Image size of job updated: 295940
...
006 (1755256.000.000) 11/15 16:19:22 Image size of job updated: 300112
...
005 (1755256.000.000) 11/15 16:21:56 Job terminated.
	(1) Normal termination (return value 0)
		Usr 0 00:24:51, Sys 0 00:00:08  -  Run Remote Usage
		Usr 0 00:00:00, Sys 0 00:00:00  -  Run Local Usage
		Usr 0 00:24:51, Sys 0 00:00:08  -  Total Remote Usage
		Usr 0 00:00:00, Sys 0 00:00:00  -  Total Local Usage
	0  -  Run Bytes Sent By Job
	0  -  Run Bytes Received By Job
	0  -  Total Bytes Sent By Job
	0  -  Total Bytes Received By Job
...
