000 (1754728.000.000) 11/14 02:18:59 Job submitted from host: <130.199.206.69:49450>
...
001 (1754728.000.000) 11/14 06:05:21 Job executing on host: <130.199.207.7:39079>
...
006 (1754728.000.000) 11/14 06:10:31 Image size of job updated: 280960
...
006 (1754728.000.000) 11/14 06:15:32 Image size of job updated: 281872
...
006 (1754728.000.000) 11/14 06:20:33 Image size of job updated: 287096
...
006 (1754728.000.000) 11/14 06:25:34 Image size of job updated: 290420
...
006 (1754728.000.000) 11/14 06:30:35 Image size of job updated: 290636
...
006 (1754728.000.000) 11/14 06:40:37 Image size of job updated: 291964
...
006 (1754728.000.000) 11/14 06:45:38 Image size of job updated: 293160
...
006 (1754728.000.000) 11/14 06:50:39 Image size of job updated: 295336
...
006 (1754728.000.000) 11/14 06:55:40 Image size of job updated: 295804
...
006 (1754728.000.000) 11/14 07:25:42 Image size of job updated: 296020
...
006 (1754728.000.000) 11/14 07:30:42 Image size of job updated: 296200
...
006 (1754728.000.000) 11/14 07:35:42 Image size of job updated: 296448
...
006 (1754728.000.000) 11/14 07:45:42 Image size of job updated: 328036
...
006 (1754728.000.000) 11/14 07:50:42 Image size of job updated: 337252
...
006 (1754728.000.000) 11/14 07:55:42 Image size of job updated: 342372
...
006 (1754728.000.000) 11/14 08:00:42 Image size of job updated: 343396
...
006 (1754728.000.000) 11/14 08:10:42 Image size of job updated: 344420
...
006 (1754728.000.000) 11/14 08:20:44 Image size of job updated: 345444
...
005 (1754728.000.000) 11/14 08:29:05 Job terminated.
	(1) Normal termination (return value 0)
		Usr 0 02:15:36, Sys 0 00:00:40  -  Run Remote Usage
		Usr 0 00:00:00, Sys 0 00:00:00  -  Run Local Usage
		Usr 0 02:15:36, Sys 0 00:00:40  -  Total Remote Usage
		Usr 0 00:00:00, Sys 0 00:00:00  -  Total Local Usage
	0  -  Run Bytes Sent By Job
	0  -  Run Bytes Received By Job
	0  -  Total Bytes Sent By Job
	0  -  Total Bytes Received By Job
...
