000 (1754110.000.000) 11/14 02:17:37 Job submitted from host: <130.199.206.69:49450>
...
001 (1754110.000.000) 11/14 04:48:29 Job executing on host: <130.199.180.176:34913>
...
006 (1754110.000.000) 11/14 04:53:39 Image size of job updated: 303344
...
006 (1754110.000.000) 11/14 04:58:40 Image size of job updated: 322800
...
006 (1754110.000.000) 11/14 05:03:41 Image size of job updated: 327920
...
006 (1754110.000.000) 11/14 05:13:43 Image size of job updated: 335096
...
006 (1754110.000.000) 11/14 05:18:44 Image size of job updated: 337144
...
006 (1754110.000.000) 11/14 05:23:45 Image size of job updated: 339192
...
006 (1754110.000.000) 11/14 05:28:46 Image size of job updated: 340216
...
006 (1754110.000.000) 11/14 06:03:53 Image size of job updated: 341240
...
006 (1754110.000.000) 11/14 06:28:58 Image size of job updated: 342264
...
006 (1754110.000.000) 11/14 06:54:01 Image size of job updated: 343288
...
006 (1754110.000.000) 11/14 07:04:01 Image size of job updated: 344312
...
006 (1754110.000.000) 11/14 07:24:01 Image size of job updated: 345336
...
005 (1754110.000.000) 11/14 07:36:59 Job terminated.
	(1) Normal termination (return value 0)
		Usr 0 02:32:01, Sys 0 00:01:15  -  Run Remote Usage
		Usr 0 00:00:00, Sys 0 00:00:00  -  Run Local Usage
		Usr 0 02:32:01, Sys 0 00:01:15  -  Total Remote Usage
		Usr 0 00:00:00, Sys 0 00:00:00  -  Total Local Usage
	0  -  Run Bytes Sent By Job
	0  -  Run Bytes Received By Job
	0  -  Total Bytes Sent By Job
	0  -  Total Bytes Received By Job
...
