000 (1754920.000.000) 11/14 02:19:27 Job submitted from host: <130.199.206.69:49450>
...
001 (1754920.000.000) 11/15 13:07:21 Job executing on host: <130.199.206.199:52231>
...
006 (1754920.000.000) 11/15 13:07:29 Image size of job updated: 188040
...
006 (1754920.000.000) 11/15 13:12:29 Image size of job updated: 286624
...
006 (1754920.000.000) 11/15 13:27:29 Image size of job updated: 286776
...
006 (1754920.000.000) 11/15 13:32:29 Image size of job updated: 290612
...
006 (1754920.000.000) 11/15 13:37:29 Image size of job updated: 292300
...
006 (1754920.000.000) 11/15 13:42:29 Image size of job updated: 294204
...
006 (1754920.000.000) 11/15 13:47:30 Image size of job updated: 294364
...
006 (1754920.000.000) 11/15 13:57:32 Image size of job updated: 320336
...
006 (1754920.000.000) 11/15 14:02:33 Image size of job updated: 338164
...
006 (1754920.000.000) 11/15 14:12:35 Image size of job updated: 340212
...
006 (1754920.000.000) 11/15 14:17:36 Image size of job updated: 341236
...
006 (1754920.000.000) 11/15 14:42:41 Image size of job updated: 341364
...
006 (1754920.000.000) 11/15 14:47:42 Image size of job updated: 342388
...
006 (1754920.000.000) 11/15 14:57:44 Image size of job updated: 343412
...
005 (1754920.000.000) 11/15 15:27:23 Job terminated.
	(1) Normal termination (return value 0)
		Usr 0 02:05:00, Sys 0 00:00:29  -  Run Remote Usage
		Usr 0 00:00:00, Sys 0 00:00:00  -  Run Local Usage
		Usr 0 02:05:00, Sys 0 00:00:29  -  Total Remote Usage
		Usr 0 00:00:00, Sys 0 00:00:00  -  Total Local Usage
	0  -  Run Bytes Sent By Job
	0  -  Run Bytes Received By Job
	0  -  Total Bytes Sent By Job
	0  -  Total Bytes Received By Job
...
