000 (1753979.000.000) 11/14 02:17:22 Job submitted from host: <130.199.206.69:49450>
...
001 (1753979.000.000) 11/14 08:26:37 Job executing on host: <130.199.180.156:41502>
...
006 (1753979.000.000) 11/14 08:31:47 Image size of job updated: 284368
...
006 (1753979.000.000) 11/14 08:36:48 Image size of job updated: 306488
...
006 (1753979.000.000) 11/14 08:41:49 Image size of job updated: 317440
...
006 (1753979.000.000) 11/14 08:46:50 Image size of job updated: 324608
...
006 (1753979.000.000) 11/14 08:51:51 Image size of job updated: 327680
...
006 (1753979.000.000) 11/14 09:06:54 Image size of job updated: 328704
...
006 (1753979.000.000) 11/14 09:11:55 Image size of job updated: 331776
...
006 (1753979.000.000) 11/14 09:26:58 Image size of job updated: 332800
...
006 (1753979.000.000) 11/14 09:37:00 Image size of job updated: 333824
...
006 (1753979.000.000) 11/14 09:42:01 Image size of job updated: 334848
...
006 (1753979.000.000) 11/14 09:52:03 Image size of job updated: 335872
...
006 (1753979.000.000) 11/14 09:57:04 Image size of job updated: 336896
...
006 (1753979.000.000) 11/14 10:17:08 Image size of job updated: 337920
...
006 (1753979.000.000) 11/14 10:27:10 Image size of job updated: 338948
...
006 (1753979.000.000) 11/14 10:37:12 Image size of job updated: 339972
...
006 (1753979.000.000) 11/14 10:47:14 Image size of job updated: 342020
...
006 (1753979.000.000) 11/14 11:37:24 Image size of job updated: 343044
...
006 (1753979.000.000) 11/14 11:52:27 Image size of job updated: 344068
...
005 (1753979.000.000) 11/14 11:54:12 Job terminated.
	(1) Normal termination (return value 0)
		Usr 0 03:09:19, Sys 0 00:01:49  -  Run Remote Usage
		Usr 0 00:00:00, Sys 0 00:00:00  -  Run Local Usage
		Usr 0 03:09:19, Sys 0 00:01:49  -  Total Remote Usage
		Usr 0 00:00:00, Sys 0 00:00:00  -  Total Local Usage
	0  -  Run Bytes Sent By Job
	0  -  Run Bytes Received By Job
	0  -  Total Bytes Sent By Job
	0  -  Total Bytes Received By Job
...
