000 (1755238.000.000) 11/14 02:19:54 Job submitted from host: <130.199.206.69:49450>
...
001 (1755238.000.000) 11/15 12:21:29 Job executing on host: <130.199.183.1:42118>
...
006 (1755238.000.000) 11/15 12:21:38 Image size of job updated: 72944
...
006 (1755238.000.000) 11/15 12:26:39 Image size of job updated: 283200
...
006 (1755238.000.000) 11/15 12:31:40 Image size of job updated: 285052
...
006 (1755238.000.000) 11/15 12:36:41 Image size of job updated: 285552
...
006 (1755238.000.000) 11/15 12:41:42 Image size of job updated: 286220
...
006 (1755238.000.000) 11/15 12:46:43 Image size of job updated: 286560
...
006 (1755238.000.000) 11/15 12:51:44 Image size of job updated: 287864
...
006 (1755238.000.000) 11/15 12:56:45 Image size of job updated: 289656
...
006 (1755238.000.000) 11/15 13:01:46 Image size of job updated: 290812
...
006 (1755238.000.000) 11/15 13:06:47 Image size of job updated: 291344
...
006 (1755238.000.000) 11/15 13:11:48 Image size of job updated: 292572
...
006 (1755238.000.000) 11/15 13:16:49 Image size of job updated: 292732
...
006 (1755238.000.000) 11/15 13:21:50 Image size of job updated: 313692
...
006 (1755238.000.000) 11/15 13:26:51 Image size of job updated: 332436
...
006 (1755238.000.000) 11/15 13:31:52 Image size of job updated: 336532
...
006 (1755238.000.000) 11/15 13:36:53 Image size of job updated: 338580
...
006 (1755238.000.000) 11/15 13:46:55 Image size of job updated: 339604
...
006 (1755238.000.000) 11/15 13:51:56 Image size of job updated: 342676
...
006 (1755238.000.000) 11/15 13:56:57 Image size of job updated: 343700
...
006 (1755238.000.000) 11/15 14:01:58 Image size of job updated: 344724
...
006 (1755238.000.000) 11/15 14:06:59 Image size of job updated: 345748
...
006 (1755238.000.000) 11/15 14:27:03 Image size of job updated: 346772
...
006 (1755238.000.000) 11/15 14:42:06 Image size of job updated: 347796
...
005 (1755238.000.000) 11/15 14:46:19 Job terminated.
	(1) Normal termination (return value 0)
		Usr 0 01:54:03, Sys 0 00:01:11  -  Run Remote Usage
		Usr 0 00:00:00, Sys 0 00:00:00  -  Run Local Usage
		Usr 0 01:54:03, Sys 0 00:01:11  -  Total Remote Usage
		Usr 0 00:00:00, Sys 0 00:00:00  -  Total Local Usage
	0  -  Run Bytes Sent By Job
	0  -  Run Bytes Received By Job
	0  -  Total Bytes Sent By Job
	0  -  Total Bytes Received By Job
...
