000 (1754655.000.000) 11/14 02:18:46 Job submitted from host: <130.199.206.69:49450>
...
001 (1754655.000.000) 11/14 05:48:12 Job executing on host: <130.199.206.161:59889>
...
006 (1754655.000.000) 11/14 05:53:22 Image size of job updated: 281532
...
006 (1754655.000.000) 11/14 05:58:23 Image size of job updated: 292304
...
006 (1754655.000.000) 11/14 06:03:24 Image size of job updated: 293488
...
006 (1754655.000.000) 11/14 06:13:25 Image size of job updated: 293856
...
006 (1754655.000.000) 11/14 06:18:25 Image size of job updated: 295820
...
006 (1754655.000.000) 11/14 06:23:25 Image size of job updated: 297352
...
006 (1754655.000.000) 11/14 06:28:25 Image size of job updated: 298532
...
005 (1754655.000.000) 11/14 06:30:22 Job terminated.
	(1) Normal termination (return value 0)
		Usr 0 00:38:56, Sys 0 00:00:09  -  Run Remote Usage
		Usr 0 00:00:00, Sys 0 00:00:00  -  Run Local Usage
		Usr 0 00:38:56, Sys 0 00:00:09  -  Total Remote Usage
		Usr 0 00:00:00, Sys 0 00:00:00  -  Total Local Usage
	0  -  Run Bytes Sent By Job
	0  -  Run Bytes Received By Job
	0  -  Total Bytes Sent By Job
	0  -  Total Bytes Received By Job
...
