000 (1754878.000.000) 11/14 02:19:27 Job submitted from host: <130.199.206.69:49450>
...
001 (1754878.000.000) 11/15 10:43:44 Job executing on host: <130.199.180.175:57747>
...
006 (1754878.000.000) 11/15 10:43:52 Image size of job updated: 8820
...
006 (1754878.000.000) 11/15 10:48:52 Image size of job updated: 280220
...
006 (1754878.000.000) 11/15 10:53:52 Image size of job updated: 284412
...
006 (1754878.000.000) 11/15 10:58:52 Image size of job updated: 284824
...
006 (1754878.000.000) 11/15 11:18:52 Image size of job updated: 286240
...
006 (1754878.000.000) 11/15 11:23:52 Image size of job updated: 289208
...
006 (1754878.000.000) 11/15 11:28:52 Image size of job updated: 290492
...
006 (1754878.000.000) 11/15 11:38:52 Image size of job updated: 293868
...
006 (1754878.000.000) 11/15 12:23:52 Image size of job updated: 294428
...
006 (1754878.000.000) 11/15 12:28:52 Image size of job updated: 294628
...
006 (1754878.000.000) 11/15 12:33:52 Image size of job updated: 295752
...
006 (1754878.000.000) 11/15 12:38:52 Image size of job updated: 308476
...
006 (1754878.000.000) 11/15 12:43:52 Image size of job updated: 323836
...
006 (1754878.000.000) 11/15 12:48:53 Image size of job updated: 331004
...
006 (1754878.000.000) 11/15 12:53:54 Image size of job updated: 334076
...
006 (1754878.000.000) 11/15 12:58:55 Image size of job updated: 337148
...
006 (1754878.000.000) 11/15 13:03:56 Image size of job updated: 340220
...
006 (1754878.000.000) 11/15 13:08:57 Image size of job updated: 341244
...
006 (1754878.000.000) 11/15 13:13:58 Image size of job updated: 343292
...
006 (1754878.000.000) 11/15 13:29:01 Image size of job updated: 344316
...
006 (1754878.000.000) 11/15 13:44:04 Image size of job updated: 345340
...
006 (1754878.000.000) 11/15 14:14:10 Image size of job updated: 346364
...
006 (1754878.000.000) 11/15 14:39:15 Image size of job updated: 347388
...
005 (1754878.000.000) 11/15 14:55:58 Job terminated.
	(1) Normal termination (return value 0)
		Usr 0 03:46:29, Sys 0 00:01:29  -  Run Remote Usage
		Usr 0 00:00:00, Sys 0 00:00:00  -  Run Local Usage
		Usr 0 03:46:29, Sys 0 00:01:29  -  Total Remote Usage
		Usr 0 00:00:00, Sys 0 00:00:00  -  Total Local Usage
	0  -  Run Bytes Sent By Job
	0  -  Run Bytes Received By Job
	0  -  Total Bytes Sent By Job
	0  -  Total Bytes Received By Job
...
