000 (1755183.000.000) 11/14 02:19:54 Job submitted from host: <130.199.206.69:49450>
...
001 (1755183.000.000) 11/15 12:05:21 Job executing on host: <130.199.180.178:51879>
...
006 (1755183.000.000) 11/15 12:05:29 Image size of job updated: 136480
...
006 (1755183.000.000) 11/15 12:10:29 Image size of job updated: 282568
...
006 (1755183.000.000) 11/15 12:15:29 Image size of job updated: 290272
...
006 (1755183.000.000) 11/15 12:20:29 Image size of job updated: 292396
...
005 (1755183.000.000) 11/15 12:22:24 Job terminated.
	(1) Normal termination (return value 0)
		Usr 0 00:14:01, Sys 0 00:00:08  -  Run Remote Usage
		Usr 0 00:00:00, Sys 0 00:00:00  -  Run Local Usage
		Usr 0 00:14:01, Sys 0 00:00:08  -  Total Remote Usage
		Usr 0 00:00:00, Sys 0 00:00:00  -  Total Local Usage
	0  -  Run Bytes Sent By Job
	0  -  Run Bytes Received By Job
	0  -  Total Bytes Sent By Job
	0  -  Total Bytes Received By Job
...
