000 (1755038.000.000) 11/14 02:19:38 Job submitted from host: <130.199.206.69:49450>
...
001 (1755038.000.000) 11/15 11:45:00 Job executing on host: <130.199.206.195:44629>
...
006 (1755038.000.000) 11/15 11:45:08 Image size of job updated: 136424
...
006 (1755038.000.000) 11/15 11:50:08 Image size of job updated: 285364
...
006 (1755038.000.000) 11/15 11:55:08 Image size of job updated: 286648
...
006 (1755038.000.000) 11/15 12:00:08 Image size of job updated: 287592
...
006 (1755038.000.000) 11/15 12:05:08 Image size of job updated: 287756
...
006 (1755038.000.000) 11/15 12:10:08 Image size of job updated: 290992
...
006 (1755038.000.000) 11/15 12:20:08 Image size of job updated: 292344
...
006 (1755038.000.000) 11/15 12:25:08 Image size of job updated: 293808
...
006 (1755038.000.000) 11/15 12:50:08 Image size of job updated: 293872
...
006 (1755038.000.000) 11/15 12:55:08 Image size of job updated: 294460
...
005 (1755038.000.000) 11/15 13:00:17 Job terminated.
	(1) Normal termination (return value 0)
		Usr 0 01:08:49, Sys 0 00:00:11  -  Run Remote Usage
		Usr 0 00:00:00, Sys 0 00:00:00  -  Run Local Usage
		Usr 0 01:08:49, Sys 0 00:00:11  -  Total Remote Usage
		Usr 0 00:00:00, Sys 0 00:00:00  -  Total Local Usage
	0  -  Run Bytes Sent By Job
	0  -  Run Bytes Received By Job
	0  -  Total Bytes Sent By Job
	0  -  Total Bytes Received By Job
...
000 (1798259.000.000) 11/18 15:19:54 Job submitted from host: <130.199.206.69:49450>
...
001 (1798259.000.000) 11/18 15:29:02 Job executing on host: <130.199.206.141:59984>
...
006 (1798259.000.000) 11/18 15:29:11 Image size of job updated: 8680
...
006 (1798259.000.000) 11/18 15:34:12 Image size of job updated: 284444
...
006 (1798259.000.000) 11/18 15:39:13 Image size of job updated: 285408
...
006 (1798259.000.000) 11/18 15:44:14 Image size of job updated: 285620
...
006 (1798259.000.000) 11/18 15:49:15 Image size of job updated: 285880
...
006 (1798259.000.000) 11/18 15:54:16 Image size of job updated: 286828
...
006 (1798259.000.000) 11/18 15:59:17 Image size of job updated: 287972
...
006 (1798259.000.000) 11/18 16:04:18 Image size of job updated: 288584
...
006 (1798259.000.000) 11/18 16:14:20 Image size of job updated: 306020
...
006 (1798259.000.000) 11/18 16:19:21 Image size of job updated: 325476
...
006 (1798259.000.000) 11/18 16:24:22 Image size of job updated: 331620
...
006 (1798259.000.000) 11/18 16:29:22 Image size of job updated: 335720
...
006 (1798259.000.000) 11/18 16:34:22 Image size of job updated: 338792
...
006 (1798259.000.000) 11/18 16:39:22 Image size of job updated: 340840
...
006 (1798259.000.000) 11/18 16:44:22 Image size of job updated: 341864
...
006 (1798259.000.000) 11/18 16:49:22 Image size of job updated: 342888
...
006 (1798259.000.000) 11/18 17:04:22 Image size of job updated: 343912
...
004 (1798259.000.000) 11/18 20:29:03 Job was evicted.
	(0) Job was not checkpointed.
		Usr 0 01:47:00, Sys 0 00:00:23  -  Run Remote Usage
		Usr 0 00:00:00, Sys 0 00:00:00  -  Run Local Usage
	0  -  Run Bytes Sent By Job
	0  -  Run Bytes Received By Job
...
009 (1798259.000.000) 11/18 20:29:16 Job was aborted by the user.
	The job attribute PeriodicRemove expression '(NumJobStarts >= 1 && JobStatus == 1) || (JobStatus == 2 && (CurrentTime - JobCurrentStartDate > (54000)) && ((RemoteUserCpu + RemoteSysCpu) / (CurrentTime - JobCurrentStartDate) < 0.100000)) || (((CurrentTime - EnteredCurrentStatus) > (2 * 24 * 3600)) && JobStatus == 5) || (JobRunCount >= 1 && JobStatus == 1)' evaluated to TRUE
...
000 (1804758.000.000) 11/21 22:32:12 Job submitted from host: <130.199.206.69:49450>
...
001 (1804758.000.000) 11/21 23:51:33 Job executing on host: <130.199.183.23:36199>
...
006 (1804758.000.000) 11/21 23:56:43 Image size of job updated: 174168
...
006 (1804758.000.000) 11/22 00:01:44 Image size of job updated: 175692
...
006 (1804758.000.000) 11/22 00:06:45 Image size of job updated: 281680
...
006 (1804758.000.000) 11/22 00:11:46 Image size of job updated: 285552
...
006 (1804758.000.000) 11/22 00:16:47 Image size of job updated: 286592
...
006 (1804758.000.000) 11/22 00:21:48 Image size of job updated: 286872
...
006 (1804758.000.000) 11/22 00:26:49 Image size of job updated: 288244
...
006 (1804758.000.000) 11/22 00:31:50 Image size of job updated: 288388
...
006 (1804758.000.000) 11/22 00:36:51 Image size of job updated: 288544
...
006 (1804758.000.000) 11/22 00:46:53 Image size of job updated: 289464
...
006 (1804758.000.000) 11/22 00:51:54 Image size of job updated: 291024
...
006 (1804758.000.000) 11/22 00:56:55 Image size of job updated: 291144
...
006 (1804758.000.000) 11/22 01:01:56 Image size of job updated: 291752
...
006 (1804758.000.000) 11/22 01:06:57 Image size of job updated: 292536
...
006 (1804758.000.000) 11/22 01:11:58 Image size of job updated: 293052
...
006 (1804758.000.000) 11/22 01:16:59 Image size of job updated: 293124
...
006 (1804758.000.000) 11/22 01:22:00 Image size of job updated: 293864
...
006 (1804758.000.000) 11/22 01:32:02 Image size of job updated: 294304
...
006 (1804758.000.000) 11/22 01:42:04 Image size of job updated: 294316
...
006 (1804758.000.000) 11/22 01:47:05 Image size of job updated: 294880
...
006 (1804758.000.000) 11/22 02:12:06 Image size of job updated: 294884
...
006 (1804758.000.000) 11/22 02:37:06 Image size of job updated: 295312
...
006 (1804758.000.000) 11/22 02:47:06 Image size of job updated: 296232
...
006 (1804758.000.000) 11/22 02:52:06 Image size of job updated: 296244
...
006 (1804758.000.000) 11/22 03:17:06 Image size of job updated: 296336
...
006 (1804758.000.000) 11/22 03:22:06 Image size of job updated: 296636
...
006 (1804758.000.000) 11/22 03:27:06 Image size of job updated: 296872
...
006 (1804758.000.000) 11/22 03:37:06 Image size of job updated: 297200
...
006 (1804758.000.000) 11/22 04:17:06 Image size of job updated: 297212
...
006 (1804758.000.000) 11/22 04:47:06 Image size of job updated: 297528
...
005 (1804758.000.000) 11/22 04:48:14 Job terminated.
	(1) Normal termination (return value 0)
		Usr 0 04:19:23, Sys 0 00:02:03  -  Run Remote Usage
		Usr 0 00:00:00, Sys 0 00:00:00  -  Run Local Usage
		Usr 0 04:19:23, Sys 0 00:02:03  -  Total Remote Usage
		Usr 0 00:00:00, Sys 0 00:00:00  -  Total Local Usage
	0  -  Run Bytes Sent By Job
	0  -  Run Bytes Received By Job
	0  -  Total Bytes Sent By Job
	0  -  Total Bytes Received By Job
...
