000 (1753909.000.000) 11/14 02:17:04 Job submitted from host: <130.199.206.69:49450>
...
001 (1753909.000.000) 11/14 04:20:07 Job executing on host: <130.199.183.28:53536>
...
006 (1753909.000.000) 11/14 04:20:15 Image size of job updated: 188024
...
006 (1753909.000.000) 11/14 04:25:15 Image size of job updated: 285980
...
006 (1753909.000.000) 11/14 04:30:15 Image size of job updated: 286788
...
006 (1753909.000.000) 11/14 04:35:15 Image size of job updated: 286996
...
006 (1753909.000.000) 11/14 04:40:15 Image size of job updated: 287416
...
006 (1753909.000.000) 11/14 04:45:15 Image size of job updated: 288112
...
006 (1753909.000.000) 11/14 04:50:15 Image size of job updated: 291436
...
006 (1753909.000.000) 11/14 05:00:15 Image size of job updated: 292032
...
006 (1753909.000.000) 11/14 05:05:15 Image size of job updated: 292488
...
006 (1753909.000.000) 11/14 05:10:15 Image size of job updated: 292788
...
006 (1753909.000.000) 11/14 05:15:15 Image size of job updated: 293856
...
006 (1753909.000.000) 11/14 05:20:15 Image size of job updated: 294152
...
006 (1753909.000.000) 11/14 05:25:15 Image size of job updated: 294364
...
006 (1753909.000.000) 11/14 05:35:15 Image size of job updated: 294424
...
006 (1753909.000.000) 11/14 05:45:16 Image size of job updated: 295296
...
006 (1753909.000.000) 11/14 06:55:30 Image size of job updated: 295404
...
006 (1753909.000.000) 11/14 07:00:31 Image size of job updated: 295528
...
006 (1753909.000.000) 11/14 07:20:35 Image size of job updated: 295812
...
006 (1753909.000.000) 11/14 07:40:39 Image size of job updated: 296920
...
006 (1753909.000.000) 11/14 07:45:40 Image size of job updated: 297240
...
006 (1753909.000.000) 11/14 07:50:41 Image size of job updated: 297580
...
005 (1753909.000.000) 11/14 07:54:55 Job terminated.
	(1) Normal termination (return value 0)
		Usr 0 03:13:55, Sys 0 00:01:20  -  Run Remote Usage
		Usr 0 00:00:00, Sys 0 00:00:00  -  Run Local Usage
		Usr 0 03:13:55, Sys 0 00:01:20  -  Total Remote Usage
		Usr 0 00:00:00, Sys 0 00:00:00  -  Total Local Usage
	0  -  Run Bytes Sent By Job
	0  -  Run Bytes Received By Job
	0  -  Total Bytes Sent By Job
	0  -  Total Bytes Received By Job
...
