000 (1755126.000.000) 11/14 02:19:46 Job submitted from host: <130.199.206.69:49450>
...
001 (1755126.000.000) 11/15 16:41:29 Job executing on host: <130.199.183.15:40034>
...
006 (1755126.000.000) 11/15 16:41:43 Image size of job updated: 8680
...
006 (1755126.000.000) 11/15 16:46:43 Image size of job updated: 210232
...
006 (1755126.000.000) 11/15 16:56:43 Image size of job updated: 274756
...
006 (1755126.000.000) 11/15 17:01:44 Image size of job updated: 275456
...
006 (1755126.000.000) 11/15 17:06:45 Image size of job updated: 275964
...
006 (1755126.000.000) 11/15 17:11:45 Image size of job updated: 276916
...
006 (1755126.000.000) 11/15 17:21:46 Image size of job updated: 276992
...
006 (1755126.000.000) 11/15 17:26:48 Image size of job updated: 277232
...
006 (1755126.000.000) 11/15 17:31:48 Image size of job updated: 277576
...
006 (1755126.000.000) 11/15 17:36:48 Image size of job updated: 279004
...
006 (1755126.000.000) 11/15 17:46:49 Image size of job updated: 282092
...
006 (1755126.000.000) 11/15 17:51:51 Image size of job updated: 283340
...
006 (1755126.000.000) 11/15 17:56:51 Image size of job updated: 283388
...
006 (1755126.000.000) 11/15 18:01:51 Image size of job updated: 283764
...
006 (1755126.000.000) 11/15 18:06:51 Image size of job updated: 284468
...
006 (1755126.000.000) 11/15 18:11:52 Image size of job updated: 284752
...
006 (1755126.000.000) 11/15 18:36:55 Image size of job updated: 285068
...
006 (1755126.000.000) 11/15 18:41:56 Image size of job updated: 286144
...
006 (1755126.000.000) 11/15 18:46:57 Image size of job updated: 287436
...
006 (1755126.000.000) 11/15 18:51:58 Image size of job updated: 302724
...
006 (1755126.000.000) 11/15 18:56:58 Image size of job updated: 304772
...
006 (1755126.000.000) 11/15 19:01:58 Image size of job updated: 305796
...
006 (1755126.000.000) 11/15 19:06:58 Image size of job updated: 309892
...
006 (1755126.000.000) 11/15 19:11:58 Image size of job updated: 310916
...
006 (1755126.000.000) 11/15 19:16:58 Image size of job updated: 315012
...
006 (1755126.000.000) 11/15 19:21:59 Image size of job updated: 316036
...
006 (1755126.000.000) 11/15 19:27:00 Image size of job updated: 322180
...
006 (1755126.000.000) 11/15 19:47:04 Image size of job updated: 324348
...
006 (1755126.000.000) 11/15 20:02:04 Image size of job updated: 325372
...
005 (1755126.000.000) 11/15 21:03:58 Job terminated.
	(1) Normal termination (return value 0)
		Usr 0 00:39:20, Sys 0 00:00:15  -  Run Remote Usage
		Usr 0 00:00:00, Sys 0 00:00:00  -  Run Local Usage
		Usr 0 00:39:20, Sys 0 00:00:15  -  Total Remote Usage
		Usr 0 00:00:00, Sys 0 00:00:00  -  Total Local Usage
	0  -  Run Bytes Sent By Job
	0  -  Run Bytes Received By Job
	0  -  Total Bytes Sent By Job
	0  -  Total Bytes Received By Job
...
