000 (1753740.000.000) 11/14 02:16:28 Job submitted from host: <130.199.206.69:49450>
...
001 (1753740.000.000) 11/14 05:00:43 Job executing on host: <130.199.180.168:57296>
...
006 (1753740.000.000) 11/14 05:00:51 Image size of job updated: 192816
...
006 (1753740.000.000) 11/14 05:05:51 Image size of job updated: 283080
...
006 (1753740.000.000) 11/14 05:10:51 Image size of job updated: 283212
...
006 (1753740.000.000) 11/14 05:15:51 Image size of job updated: 285564
...
006 (1753740.000.000) 11/14 05:20:52 Image size of job updated: 287728
...
006 (1753740.000.000) 11/14 05:25:53 Image size of job updated: 287924
...
006 (1753740.000.000) 11/14 05:30:54 Image size of job updated: 294268
...
006 (1753740.000.000) 11/14 05:35:55 Image size of job updated: 295760
...
006 (1753740.000.000) 11/14 05:40:56 Image size of job updated: 296040
...
006 (1753740.000.000) 11/14 05:45:57 Image size of job updated: 296200
...
006 (1753740.000.000) 11/14 05:50:58 Image size of job updated: 296704
...
006 (1753740.000.000) 11/14 05:55:59 Image size of job updated: 297084
...
006 (1753740.000.000) 11/14 06:01:00 Image size of job updated: 297356
...
006 (1753740.000.000) 11/14 06:06:01 Image size of job updated: 297836
...
006 (1753740.000.000) 11/14 06:21:04 Image size of job updated: 323012
...
006 (1753740.000.000) 11/14 06:26:05 Image size of job updated: 331204
...
006 (1753740.000.000) 11/14 06:31:06 Image size of job updated: 337348
...
006 (1753740.000.000) 11/14 06:36:07 Image size of job updated: 339396
...
006 (1753740.000.000) 11/14 06:41:08 Image size of job updated: 340420
...
006 (1753740.000.000) 11/14 06:46:09 Image size of job updated: 344516
...
006 (1753740.000.000) 11/14 06:56:11 Image size of job updated: 346564
...
006 (1753740.000.000) 11/14 07:01:12 Image size of job updated: 348612
...
006 (1753740.000.000) 11/14 07:21:16 Image size of job updated: 350660
...
005 (1753740.000.000) 11/14 07:33:07 Job terminated.
	(1) Normal termination (return value 0)
		Usr 0 02:17:08, Sys 0 00:01:33  -  Run Remote Usage
		Usr 0 00:00:00, Sys 0 00:00:00  -  Run Local Usage
		Usr 0 02:17:08, Sys 0 00:01:33  -  Total Remote Usage
		Usr 0 00:00:00, Sys 0 00:00:00  -  Total Local Usage
	0  -  Run Bytes Sent By Job
	0  -  Run Bytes Received By Job
	0  -  Total Bytes Sent By Job
	0  -  Total Bytes Received By Job
...
