000 (1755172.000.000) 11/14 02:19:54 Job submitted from host: <130.199.206.69:49450>
...
001 (1755172.000.000) 11/15 17:31:20 Job executing on host: <130.199.183.12:47839>
...
006 (1755172.000.000) 11/15 17:31:28 Image size of job updated: 187224
...
006 (1755172.000.000) 11/15 17:36:28 Image size of job updated: 285232
...
006 (1755172.000.000) 11/15 17:41:28 Image size of job updated: 286860
...
006 (1755172.000.000) 11/15 17:46:28 Image size of job updated: 288192
...
006 (1755172.000.000) 11/15 17:51:28 Image size of job updated: 290412
...
006 (1755172.000.000) 11/15 17:56:28 Image size of job updated: 292628
...
006 (1755172.000.000) 11/15 18:01:28 Image size of job updated: 293868
...
006 (1755172.000.000) 11/15 18:06:28 Image size of job updated: 294384
...
006 (1755172.000.000) 11/15 18:11:28 Image size of job updated: 294916
...
006 (1755172.000.000) 11/15 18:16:28 Image size of job updated: 295372
...
006 (1755172.000.000) 11/15 18:21:28 Image size of job updated: 295600
...
006 (1755172.000.000) 11/15 18:26:28 Image size of job updated: 295680
...
006 (1755172.000.000) 11/15 18:31:28 Image size of job updated: 295956
...
006 (1755172.000.000) 11/15 18:36:28 Image size of job updated: 296004
...
006 (1755172.000.000) 11/15 18:46:28 Image size of job updated: 324944
...
006 (1755172.000.000) 11/15 18:51:28 Image size of job updated: 332112
...
006 (1755172.000.000) 11/15 18:56:28 Image size of job updated: 336208
...
006 (1755172.000.000) 11/15 19:01:28 Image size of job updated: 338256
...
006 (1755172.000.000) 11/15 19:06:28 Image size of job updated: 339280
...
005 (1755172.000.000) 11/15 19:34:25 Job terminated.
	(1) Normal termination (return value 0)
		Usr 0 01:43:41, Sys 0 00:00:54  -  Run Remote Usage
		Usr 0 00:00:00, Sys 0 00:00:00  -  Run Local Usage
		Usr 0 01:43:41, Sys 0 00:00:54  -  Total Remote Usage
		Usr 0 00:00:00, Sys 0 00:00:00  -  Total Local Usage
	0  -  Run Bytes Sent By Job
	0  -  Run Bytes Received By Job
	0  -  Total Bytes Sent By Job
	0  -  Total Bytes Received By Job
...
