000 (1753505.000.000) 11/14 02:15:48 Job submitted from host: <130.199.206.69:49450>
...
001 (1753505.000.000) 11/14 03:52:09 Job executing on host: <130.199.183.13:48319>
...
006 (1753505.000.000) 11/14 03:57:17 Image size of job updated: 285604
...
006 (1753505.000.000) 11/14 04:02:17 Image size of job updated: 286212
...
006 (1753505.000.000) 11/14 04:12:17 Image size of job updated: 287276
...
006 (1753505.000.000) 11/14 04:17:17 Image size of job updated: 288756
...
006 (1753505.000.000) 11/14 04:27:17 Image size of job updated: 291548
...
006 (1753505.000.000) 11/14 05:17:17 Image size of job updated: 291812
...
006 (1753505.000.000) 11/14 05:32:17 Image size of job updated: 293016
...
006 (1753505.000.000) 11/14 05:37:17 Image size of job updated: 294040
...
006 (1753505.000.000) 11/14 05:42:17 Image size of job updated: 296092
...
006 (1753505.000.000) 11/14 05:52:17 Image size of job updated: 296788
...
006 (1753505.000.000) 11/14 05:57:17 Image size of job updated: 297052
...
006 (1753505.000.000) 11/14 06:07:17 Image size of job updated: 297272
...
006 (1753505.000.000) 11/14 06:12:17 Image size of job updated: 297844
...
006 (1753505.000.000) 11/14 06:22:17 Image size of job updated: 298232
...
005 (1753505.000.000) 11/14 06:49:01 Job terminated.
	(1) Normal termination (return value 0)
		Usr 0 02:27:53, Sys 0 00:01:05  -  Run Remote Usage
		Usr 0 00:00:00, Sys 0 00:00:00  -  Run Local Usage
		Usr 0 02:27:53, Sys 0 00:01:05  -  Total Remote Usage
		Usr 0 00:00:00, Sys 0 00:00:00  -  Total Local Usage
	0  -  Run Bytes Sent By Job
	0  -  Run Bytes Received By Job
	0  -  Total Bytes Sent By Job
	0  -  Total Bytes Received By Job
...
