000 (1753716.000.000) 11/14 02:16:28 Job submitted from host: <130.199.206.69:49450>
...
001 (1753716.000.000) 11/14 03:32:56 Job executing on host: <130.199.183.16:34724>
...
006 (1753716.000.000) 11/14 03:33:05 Image size of job updated: 173912
...
006 (1753716.000.000) 11/14 03:38:06 Image size of job updated: 273964
...
006 (1753716.000.000) 11/14 03:43:07 Image size of job updated: 280324
...
006 (1753716.000.000) 11/14 03:48:08 Image size of job updated: 289628
...
006 (1753716.000.000) 11/14 03:53:09 Image size of job updated: 296120
...
005 (1753716.000.000) 11/14 03:54:38 Job terminated.
	(1) Normal termination (return value 0)
		Usr 0 00:12:07, Sys 0 00:00:12  -  Run Remote Usage
		Usr 0 00:00:00, Sys 0 00:00:00  -  Run Local Usage
		Usr 0 00:12:07, Sys 0 00:00:12  -  Total Remote Usage
		Usr 0 00:00:00, Sys 0 00:00:00  -  Total Local Usage
	0  -  Run Bytes Sent By Job
	0  -  Run Bytes Received By Job
	0  -  Total Bytes Sent By Job
	0  -  Total Bytes Received By Job
...
