000 (1753523.000.000) 11/14 02:15:48 Job submitted from host: <130.199.206.69:49450>
...
001 (1753523.000.000) 11/14 03:46:45 Job executing on host: <130.199.183.14:48158>
...
006 (1753523.000.000) 11/14 03:46:54 Image size of job updated: 175308
...
006 (1753523.000.000) 11/14 03:51:55 Image size of job updated: 286728
...
006 (1753523.000.000) 11/14 04:01:59 Image size of job updated: 288144
...
006 (1753523.000.000) 11/14 04:06:58 Image size of job updated: 288664
...
006 (1753523.000.000) 11/14 04:11:59 Image size of job updated: 290076
...
006 (1753523.000.000) 11/14 04:17:00 Image size of job updated: 292992
...
006 (1753523.000.000) 11/14 04:22:01 Image size of job updated: 293604
...
006 (1753523.000.000) 11/14 04:32:03 Image size of job updated: 293920
...
006 (1753523.000.000) 11/14 04:42:05 Image size of job updated: 294176
...
006 (1753523.000.000) 11/14 05:07:10 Image size of job updated: 294776
...
006 (1753523.000.000) 11/14 05:12:11 Image size of job updated: 294988
...
006 (1753523.000.000) 11/14 05:27:14 Image size of job updated: 295416
...
006 (1753523.000.000) 11/14 05:47:18 Image size of job updated: 295932
...
006 (1753523.000.000) 11/14 05:57:19 Image size of job updated: 296648
...
006 (1753523.000.000) 11/14 06:12:19 Image size of job updated: 297416
...
006 (1753523.000.000) 11/14 06:17:19 Image size of job updated: 297488
...
006 (1753523.000.000) 11/14 06:22:19 Image size of job updated: 297544
...
006 (1753523.000.000) 11/14 06:47:19 Image size of job updated: 297704
...
006 (1753523.000.000) 11/14 06:57:19 Image size of job updated: 297780
...
006 (1753523.000.000) 11/14 07:07:19 Image size of job updated: 297912
...
005 (1753523.000.000) 11/14 07:25:54 Job terminated.
	(1) Normal termination (return value 0)
		Usr 0 03:11:25, Sys 0 00:01:22  -  Run Remote Usage
		Usr 0 00:00:00, Sys 0 00:00:00  -  Run Local Usage
		Usr 0 03:11:25, Sys 0 00:01:22  -  Total Remote Usage
		Usr 0 00:00:00, Sys 0 00:00:00  -  Total Local Usage
	0  -  Run Bytes Sent By Job
	0  -  Run Bytes Received By Job
	0  -  Total Bytes Sent By Job
	0  -  Total Bytes Received By Job
...
