000 (1753687.000.000) 11/14 02:16:28 Job submitted from host: <130.199.206.69:49450>
...
001 (1753687.000.000) 11/14 05:29:15 Job executing on host: <130.199.183.17:52518>
...
006 (1753687.000.000) 11/14 05:29:24 Image size of job updated: 188076
...
006 (1753687.000.000) 11/14 05:34:25 Image size of job updated: 284012
...
006 (1753687.000.000) 11/14 05:39:26 Image size of job updated: 284984
...
006 (1753687.000.000) 11/14 05:44:27 Image size of job updated: 285968
...
006 (1753687.000.000) 11/14 05:54:29 Image size of job updated: 286920
...
006 (1753687.000.000) 11/14 05:59:30 Image size of job updated: 287488
...
006 (1753687.000.000) 11/14 06:19:31 Image size of job updated: 288288
...
006 (1753687.000.000) 11/14 06:24:31 Image size of job updated: 289476
...
006 (1753687.000.000) 11/14 06:29:31 Image size of job updated: 290112
...
006 (1753687.000.000) 11/14 06:34:31 Image size of job updated: 290404
...
006 (1753687.000.000) 11/14 06:39:31 Image size of job updated: 291544
...
006 (1753687.000.000) 11/14 06:44:31 Image size of job updated: 291908
...
006 (1753687.000.000) 11/14 06:54:31 Image size of job updated: 292220
...
006 (1753687.000.000) 11/14 06:59:31 Image size of job updated: 292324
...
006 (1753687.000.000) 11/14 07:04:31 Image size of job updated: 294128
...
006 (1753687.000.000) 11/14 07:09:31 Image size of job updated: 294884
...
006 (1753687.000.000) 11/14 07:14:31 Image size of job updated: 295420
...
006 (1753687.000.000) 11/14 07:19:31 Image size of job updated: 295604
...
006 (1753687.000.000) 11/14 07:24:31 Image size of job updated: 297660
...
006 (1753687.000.000) 11/14 07:49:31 Image size of job updated: 298524
...
006 (1753687.000.000) 11/14 07:54:31 Image size of job updated: 299136
...
006 (1753687.000.000) 11/14 07:59:31 Image size of job updated: 299680
...
005 (1753687.000.000) 11/14 08:03:01 Job terminated.
	(1) Normal termination (return value 0)
		Usr 0 02:16:47, Sys 0 00:00:41  -  Run Remote Usage
		Usr 0 00:00:00, Sys 0 00:00:00  -  Run Local Usage
		Usr 0 02:16:47, Sys 0 00:00:41  -  Total Remote Usage
		Usr 0 00:00:00, Sys 0 00:00:00  -  Total Local Usage
	0  -  Run Bytes Sent By Job
	0  -  Run Bytes Received By Job
	0  -  Total Bytes Sent By Job
	0  -  Total Bytes Received By Job
...
