000 (1754460.000.000) 11/14 02:18:20 Job submitted from host: <130.199.206.69:49450>
...
001 (1754460.000.000) 11/14 05:32:14 Job executing on host: <130.199.180.169:46641>
...
006 (1754460.000.000) 11/14 05:37:22 Image size of job updated: 283304
...
006 (1754460.000.000) 11/14 05:42:22 Image size of job updated: 284128
...
006 (1754460.000.000) 11/14 05:47:22 Image size of job updated: 284768
...
006 (1754460.000.000) 11/14 05:52:22 Image size of job updated: 285108
...
006 (1754460.000.000) 11/14 05:57:22 Image size of job updated: 285796
...
006 (1754460.000.000) 11/14 06:12:22 Image size of job updated: 286280
...
006 (1754460.000.000) 11/14 06:22:22 Image size of job updated: 286476
...
006 (1754460.000.000) 11/14 06:27:22 Image size of job updated: 287528
...
006 (1754460.000.000) 11/14 06:32:22 Image size of job updated: 287644
...
006 (1754460.000.000) 11/14 06:37:22 Image size of job updated: 287788
...
006 (1754460.000.000) 11/14 06:47:22 Image size of job updated: 288208
...
006 (1754460.000.000) 11/14 06:57:22 Image size of job updated: 288348
...
006 (1754460.000.000) 11/14 07:07:22 Image size of job updated: 290372
...
006 (1754460.000.000) 11/14 07:12:22 Image size of job updated: 290632
...
006 (1754460.000.000) 11/14 07:52:22 Image size of job updated: 291948
...
006 (1754460.000.000) 11/14 08:02:22 Image size of job updated: 292112
...
006 (1754460.000.000) 11/14 08:12:22 Image size of job updated: 292476
...
006 (1754460.000.000) 11/14 08:17:22 Image size of job updated: 293160
...
006 (1754460.000.000) 11/14 08:32:22 Image size of job updated: 294292
...
006 (1754460.000.000) 11/14 09:02:22 Image size of job updated: 294640
...
006 (1754460.000.000) 11/14 09:07:22 Image size of job updated: 295008
...
006 (1754460.000.000) 11/14 09:17:23 Image size of job updated: 296540
...
006 (1754460.000.000) 11/14 09:22:24 Image size of job updated: 296672
...
006 (1754460.000.000) 11/14 09:27:25 Image size of job updated: 296772
...
006 (1754460.000.000) 11/14 09:47:29 Image size of job updated: 297028
...
006 (1754460.000.000) 11/14 09:52:30 Image size of job updated: 297424
...
005 (1754460.000.000) 11/14 09:58:30 Job terminated.
	(1) Normal termination (return value 0)
		Usr 0 03:08:40, Sys 0 00:01:35  -  Run Remote Usage
		Usr 0 00:00:00, Sys 0 00:00:00  -  Run Local Usage
		Usr 0 03:08:40, Sys 0 00:01:35  -  Total Remote Usage
		Usr 0 00:00:00, Sys 0 00:00:00  -  Total Local Usage
	0  -  Run Bytes Sent By Job
	0  -  Run Bytes Received By Job
	0  -  Total Bytes Sent By Job
	0  -  Total Bytes Received By Job
...
