000 (1754838.000.000) 11/14 02:19:12 Job submitted from host: <130.199.206.69:49450>
...
001 (1754838.000.000) 11/14 13:07:44 Job executing on host: <130.199.183.16:34724>
...
006 (1754838.000.000) 11/14 13:07:53 Image size of job updated: 73292
...
006 (1754838.000.000) 11/14 13:12:54 Image size of job updated: 282364
...
006 (1754838.000.000) 11/14 13:17:55 Image size of job updated: 287800
...
006 (1754838.000.000) 11/14 13:23:01 Image size of job updated: 291000
...
006 (1754838.000.000) 11/14 13:27:57 Image size of job updated: 291112
...
005 (1754838.000.000) 11/14 13:31:25 Job terminated.
	(1) Normal termination (return value 0)
		Usr 0 00:20:05, Sys 0 00:00:23  -  Run Remote Usage
		Usr 0 00:00:00, Sys 0 00:00:00  -  Run Local Usage
		Usr 0 00:20:05, Sys 0 00:00:23  -  Total Remote Usage
		Usr 0 00:00:00, Sys 0 00:00:00  -  Total Local Usage
	0  -  Run Bytes Sent By Job
	0  -  Run Bytes Received By Job
	0  -  Total Bytes Sent By Job
	0  -  Total Bytes Received By Job
...
