000 (1755402.000.000) 11/14 02:20:10 Job submitted from host: <130.199.206.69:49450>
...
001 (1755402.000.000) 11/15 19:29:18 Job executing on host: <130.199.183.19:35289>
...
006 (1755402.000.000) 11/15 19:34:26 Image size of job updated: 280268
...
006 (1755402.000.000) 11/15 19:39:26 Image size of job updated: 286412
...
006 (1755402.000.000) 11/15 19:44:26 Image size of job updated: 295888
...
006 (1755402.000.000) 11/15 19:49:26 Image size of job updated: 298916
...
006 (1755402.000.000) 11/15 19:54:26 Image size of job updated: 321956
...
006 (1755402.000.000) 11/15 19:59:26 Image size of job updated: 331048
...
006 (1755402.000.000) 11/15 20:04:26 Image size of job updated: 334120
...
005 (1755402.000.000) 11/15 20:06:53 Job terminated.
	(1) Normal termination (return value 0)
		Usr 0 00:32:36, Sys 0 00:00:16  -  Run Remote Usage
		Usr 0 00:00:00, Sys 0 00:00:00  -  Run Local Usage
		Usr 0 00:32:36, Sys 0 00:00:16  -  Total Remote Usage
		Usr 0 00:00:00, Sys 0 00:00:00  -  Total Local Usage
	0  -  Run Bytes Sent By Job
	0  -  Run Bytes Received By Job
	0  -  Total Bytes Sent By Job
	0  -  Total Bytes Received By Job
...
