000 (1755412.000.000) 11/14 02:20:10 Job submitted from host: <130.199.206.69:49450>
...
001 (1755412.000.000) 11/15 16:34:57 Job executing on host: <130.199.180.142:35025>
...
006 (1755412.000.000) 11/15 16:35:05 Image size of job updated: 173808
...
006 (1755412.000.000) 11/15 16:40:05 Image size of job updated: 287976
...
006 (1755412.000.000) 11/15 16:45:05 Image size of job updated: 295288
...
006 (1755412.000.000) 11/15 16:50:05 Image size of job updated: 296348
...
005 (1755412.000.000) 11/15 16:54:13 Job terminated.
	(1) Normal termination (return value 0)
		Usr 0 00:16:38, Sys 0 00:00:13  -  Run Remote Usage
		Usr 0 00:00:00, Sys 0 00:00:00  -  Run Local Usage
		Usr 0 00:16:38, Sys 0 00:00:13  -  Total Remote Usage
		Usr 0 00:00:00, Sys 0 00:00:00  -  Total Local Usage
	0  -  Run Bytes Sent By Job
	0  -  Run Bytes Received By Job
	0  -  Total Bytes Sent By Job
	0  -  Total Bytes Received By Job
...
