000 (1754828.000.000) 11/14 02:19:12 Job submitted from host: <130.199.206.69:49450>
...
001 (1754828.000.000) 11/14 13:07:30 Job executing on host: <130.199.206.157:45745>
...
006 (1754828.000.000) 11/14 13:12:38 Image size of job updated: 303980
...
006 (1754828.000.000) 11/14 13:17:38 Image size of job updated: 308076
...
006 (1754828.000.000) 11/14 13:22:38 Image size of job updated: 310248
...
006 (1754828.000.000) 11/14 13:27:38 Image size of job updated: 322536
...
006 (1754828.000.000) 11/14 13:32:38 Image size of job updated: 326632
...
006 (1754828.000.000) 11/14 13:42:38 Image size of job updated: 329704
...
006 (1754828.000.000) 11/14 13:52:38 Image size of job updated: 342012
...
006 (1754828.000.000) 11/14 13:57:39 Image size of job updated: 344060
...
006 (1754828.000.000) 11/14 14:02:40 Image size of job updated: 345084
...
006 (1754828.000.000) 11/14 14:07:41 Image size of job updated: 346108
...
005 (1754828.000.000) 11/14 14:31:45 Job terminated.
	(1) Normal termination (return value 0)
		Usr 0 01:18:13, Sys 0 00:00:27  -  Run Remote Usage
		Usr 0 00:00:00, Sys 0 00:00:00  -  Run Local Usage
		Usr 0 01:18:13, Sys 0 00:00:27  -  Total Remote Usage
		Usr 0 00:00:00, Sys 0 00:00:00  -  Total Local Usage
	0  -  Run Bytes Sent By Job
	0  -  Run Bytes Received By Job
	0  -  Total Bytes Sent By Job
	0  -  Total Bytes Received By Job
...
