000 (1754647.000.000) 11/14 02:18:46 Job submitted from host: <130.199.206.69:49450>
...
001 (1754647.000.000) 11/14 05:43:06 Job executing on host: <130.199.183.2:51731>
...
006 (1754647.000.000) 11/14 05:43:15 Image size of job updated: 192136
...
006 (1754647.000.000) 11/14 05:48:16 Image size of job updated: 284284
...
006 (1754647.000.000) 11/14 05:53:17 Image size of job updated: 285200
...
006 (1754647.000.000) 11/14 05:58:18 Image size of job updated: 285572
...
006 (1754647.000.000) 11/14 06:03:19 Image size of job updated: 287292
...
006 (1754647.000.000) 11/14 06:33:25 Image size of job updated: 287352
...
006 (1754647.000.000) 11/14 06:53:29 Image size of job updated: 289200
...
006 (1754647.000.000) 11/14 06:58:30 Image size of job updated: 289376
...
006 (1754647.000.000) 11/14 07:03:31 Image size of job updated: 291416
...
006 (1754647.000.000) 11/14 07:18:34 Image size of job updated: 292392
...
006 (1754647.000.000) 11/14 07:23:35 Image size of job updated: 292544
...
006 (1754647.000.000) 11/14 07:28:36 Image size of job updated: 293484
...
006 (1754647.000.000) 11/14 07:33:37 Image size of job updated: 294160
...
006 (1754647.000.000) 11/14 07:38:38 Image size of job updated: 294224
...
006 (1754647.000.000) 11/14 07:43:39 Image size of job updated: 295212
...
006 (1754647.000.000) 11/14 08:13:39 Image size of job updated: 295596
...
006 (1754647.000.000) 11/14 08:18:39 Image size of job updated: 295888
...
006 (1754647.000.000) 11/14 08:23:39 Image size of job updated: 296484
...
006 (1754647.000.000) 11/14 09:53:39 Image size of job updated: 297460
...
006 (1754647.000.000) 11/14 09:58:39 Image size of job updated: 297724
...
006 (1754647.000.000) 11/14 10:03:39 Image size of job updated: 298476
...
005 (1754647.000.000) 11/14 10:25:10 Job terminated.
	(1) Normal termination (return value 0)
		Usr 0 03:46:36, Sys 0 00:01:41  -  Run Remote Usage
		Usr 0 00:00:00, Sys 0 00:00:00  -  Run Local Usage
		Usr 0 03:46:36, Sys 0 00:01:41  -  Total Remote Usage
		Usr 0 00:00:00, Sys 0 00:00:00  -  Total Local Usage
	0  -  Run Bytes Sent By Job
	0  -  Run Bytes Received By Job
	0  -  Total Bytes Sent By Job
	0  -  Total Bytes Received By Job
...
