000 (1754492.000.000) 11/14 02:18:34 Job submitted from host: <130.199.206.69:49450>
...
001 (1754492.000.000) 11/14 05:29:51 Job executing on host: <130.199.180.176:34913>
...
006 (1754492.000.000) 11/14 05:29:59 Image size of job updated: 239408
...
006 (1754492.000.000) 11/14 05:34:59 Image size of job updated: 283192
...
006 (1754492.000.000) 11/14 05:39:59 Image size of job updated: 287664
...
006 (1754492.000.000) 11/14 05:44:59 Image size of job updated: 294568
...
006 (1754492.000.000) 11/14 05:49:59 Image size of job updated: 295332
...
006 (1754492.000.000) 11/14 05:54:59 Image size of job updated: 296268
...
005 (1754492.000.000) 11/14 06:05:35 Job terminated.
	(1) Normal termination (return value 0)
		Usr 0 00:32:08, Sys 0 00:00:15  -  Run Remote Usage
		Usr 0 00:00:00, Sys 0 00:00:00  -  Run Local Usage
		Usr 0 00:32:08, Sys 0 00:00:15  -  Total Remote Usage
		Usr 0 00:00:00, Sys 0 00:00:00  -  Total Local Usage
	0  -  Run Bytes Sent By Job
	0  -  Run Bytes Received By Job
	0  -  Total Bytes Sent By Job
	0  -  Total Bytes Received By Job
...
