000 (1754171.000.000) 11/14 02:17:52 Job submitted from host: <130.199.206.69:49450>
...
001 (1754171.000.000) 11/14 04:36:26 Job executing on host: <130.199.206.65:35424>
...
006 (1754171.000.000) 11/14 04:36:35 Image size of job updated: 203892
...
006 (1754171.000.000) 11/14 04:41:36 Image size of job updated: 283412
...
006 (1754171.000.000) 11/14 04:46:37 Image size of job updated: 286004
...
006 (1754171.000.000) 11/14 04:56:39 Image size of job updated: 286224
...
006 (1754171.000.000) 11/14 05:01:40 Image size of job updated: 286364
...
006 (1754171.000.000) 11/14 05:06:41 Image size of job updated: 288244
...
006 (1754171.000.000) 11/14 05:11:42 Image size of job updated: 288960
...
006 (1754171.000.000) 11/14 05:16:43 Image size of job updated: 292268
...
006 (1754171.000.000) 11/14 05:21:44 Image size of job updated: 292396
...
006 (1754171.000.000) 11/14 05:26:45 Image size of job updated: 293532
...
006 (1754171.000.000) 11/14 05:31:46 Image size of job updated: 293748
...
006 (1754171.000.000) 11/14 05:36:47 Image size of job updated: 294524
...
006 (1754171.000.000) 11/14 05:41:48 Image size of job updated: 295120
...
006 (1754171.000.000) 11/14 05:46:48 Image size of job updated: 295224
...
006 (1754171.000.000) 11/14 05:51:48 Image size of job updated: 295532
...
006 (1754171.000.000) 11/14 06:16:48 Image size of job updated: 296124
...
006 (1754171.000.000) 11/14 06:41:48 Image size of job updated: 297156
...
006 (1754171.000.000) 11/14 06:51:49 Image size of job updated: 298060
...
006 (1754171.000.000) 11/14 06:56:50 Image size of job updated: 298096
...
006 (1754171.000.000) 11/14 07:01:51 Image size of job updated: 299072
...
005 (1754171.000.000) 11/14 07:56:38 Job terminated.
	(1) Normal termination (return value 0)
		Usr 0 02:28:06, Sys 0 00:00:28  -  Run Remote Usage
		Usr 0 00:00:00, Sys 0 00:00:00  -  Run Local Usage
		Usr 0 02:28:06, Sys 0 00:00:28  -  Total Remote Usage
		Usr 0 00:00:00, Sys 0 00:00:00  -  Total Local Usage
	0  -  Run Bytes Sent By Job
	0  -  Run Bytes Received By Job
	0  -  Total Bytes Sent By Job
	0  -  Total Bytes Received By Job
...
