000 (1755174.000.000) 11/14 02:19:54 Job submitted from host: <130.199.206.69:49450>
...
001 (1755174.000.000) 11/15 12:02:17 Job executing on host: <130.199.180.157:54764>
...
006 (1755174.000.000) 11/15 12:07:25 Image size of job updated: 284592
...
006 (1755174.000.000) 11/15 12:12:25 Image size of job updated: 286216
...
006 (1755174.000.000) 11/15 12:27:25 Image size of job updated: 286664
...
006 (1755174.000.000) 11/15 12:32:25 Image size of job updated: 287316
...
006 (1755174.000.000) 11/15 12:37:25 Image size of job updated: 288684
...
006 (1755174.000.000) 11/15 12:42:25 Image size of job updated: 301916
...
006 (1755174.000.000) 11/15 12:47:25 Image size of job updated: 319324
...
006 (1755174.000.000) 11/15 12:52:25 Image size of job updated: 329160
...
006 (1755174.000.000) 11/15 12:57:25 Image size of job updated: 333256
...
006 (1755174.000.000) 11/15 13:07:25 Image size of job updated: 334280
...
006 (1755174.000.000) 11/15 13:12:25 Image size of job updated: 336328
...
006 (1755174.000.000) 11/15 13:37:25 Image size of job updated: 337168
...
006 (1755174.000.000) 11/15 13:52:25 Image size of job updated: 338192
...
005 (1755174.000.000) 11/15 13:55:25 Job terminated.
	(1) Normal termination (return value 0)
		Usr 0 01:39:49, Sys 0 00:01:00  -  Run Remote Usage
		Usr 0 00:00:00, Sys 0 00:00:00  -  Run Local Usage
		Usr 0 01:39:49, Sys 0 00:01:00  -  Total Remote Usage
		Usr 0 00:00:00, Sys 0 00:00:00  -  Total Local Usage
	0  -  Run Bytes Sent By Job
	0  -  Run Bytes Received By Job
	0  -  Total Bytes Sent By Job
	0  -  Total Bytes Received By Job
...
