000 (1754783.000.000) 11/14 02:19:12 Job submitted from host: <130.199.206.69:49450>
...
001 (1754783.000.000) 11/14 08:50:05 Job executing on host: <130.199.180.144:40361>
...
006 (1754783.000.000) 11/14 08:50:14 Image size of job updated: 191676
...
006 (1754783.000.000) 11/14 08:55:15 Image size of job updated: 283308
...
006 (1754783.000.000) 11/14 09:00:16 Image size of job updated: 284948
...
006 (1754783.000.000) 11/14 09:05:17 Image size of job updated: 285972
...
006 (1754783.000.000) 11/14 09:15:19 Image size of job updated: 286008
...
006 (1754783.000.000) 11/14 09:20:20 Image size of job updated: 286116
...
006 (1754783.000.000) 11/14 09:25:21 Image size of job updated: 286700
...
006 (1754783.000.000) 11/14 09:30:22 Image size of job updated: 287844
...
006 (1754783.000.000) 11/14 09:35:23 Image size of job updated: 289384
...
006 (1754783.000.000) 11/14 09:45:25 Image size of job updated: 290176
...
006 (1754783.000.000) 11/14 09:50:26 Image size of job updated: 290852
...
006 (1754783.000.000) 11/14 09:55:27 Image size of job updated: 291476
...
006 (1754783.000.000) 11/14 10:00:28 Image size of job updated: 291944
...
006 (1754783.000.000) 11/14 10:05:29 Image size of job updated: 292900
...
006 (1754783.000.000) 11/14 10:20:32 Image size of job updated: 293084
...
006 (1754783.000.000) 11/14 10:30:34 Image size of job updated: 293144
...
006 (1754783.000.000) 11/14 10:45:37 Image size of job updated: 299132
...
006 (1754783.000.000) 11/14 10:50:38 Image size of job updated: 300128
...
006 (1754783.000.000) 11/14 10:55:39 Image size of job updated: 301052
...
006 (1754783.000.000) 11/14 11:00:40 Image size of job updated: 301624
...
005 (1754783.000.000) 11/14 11:05:07 Job terminated.
	(1) Normal termination (return value 0)
		Usr 0 02:01:07, Sys 0 00:01:15  -  Run Remote Usage
		Usr 0 00:00:00, Sys 0 00:00:00  -  Run Local Usage
		Usr 0 02:01:07, Sys 0 00:01:15  -  Total Remote Usage
		Usr 0 00:00:00, Sys 0 00:00:00  -  Total Local Usage
	0  -  Run Bytes Sent By Job
	0  -  Run Bytes Received By Job
	0  -  Total Bytes Sent By Job
	0  -  Total Bytes Received By Job
...
