000 (1754538.000.000) 11/14 02:18:34 Job submitted from host: <130.199.206.69:49450>
...
001 (1754538.000.000) 11/14 05:35:30 Job executing on host: <130.199.180.168:57296>
...
006 (1754538.000.000) 11/14 05:35:39 Image size of job updated: 245868
...
006 (1754538.000.000) 11/14 05:40:40 Image size of job updated: 287724
...
006 (1754538.000.000) 11/14 05:45:41 Image size of job updated: 318744
...
006 (1754538.000.000) 11/14 05:50:42 Image size of job updated: 325912
...
006 (1754538.000.000) 11/14 05:55:43 Image size of job updated: 335136
...
006 (1754538.000.000) 11/14 06:00:44 Image size of job updated: 336160
...
006 (1754538.000.000) 11/14 06:05:45 Image size of job updated: 337184
...
006 (1754538.000.000) 11/14 06:10:46 Image size of job updated: 340256
...
006 (1754538.000.000) 11/14 06:20:48 Image size of job updated: 341280
...
006 (1754538.000.000) 11/14 06:30:50 Image size of job updated: 342304
...
006 (1754538.000.000) 11/14 06:45:53 Image size of job updated: 343328
...
005 (1754538.000.000) 11/14 06:47:04 Job terminated.
	(1) Normal termination (return value 0)
		Usr 0 00:56:28, Sys 0 00:00:38  -  Run Remote Usage
		Usr 0 00:00:00, Sys 0 00:00:00  -  Run Local Usage
		Usr 0 00:56:28, Sys 0 00:00:38  -  Total Remote Usage
		Usr 0 00:00:00, Sys 0 00:00:00  -  Total Local Usage
	0  -  Run Bytes Sent By Job
	0  -  Run Bytes Received By Job
	0  -  Total Bytes Sent By Job
	0  -  Total Bytes Received By Job
...
