000 (1754877.000.000) 11/14 02:19:27 Job submitted from host: <130.199.206.69:49450>
...
001 (1754877.000.000) 11/15 10:43:40 Job executing on host: <130.199.180.146:38869>
...
006 (1754877.000.000) 11/15 10:48:49 Image size of job updated: 282852
...
006 (1754877.000.000) 11/15 10:53:49 Image size of job updated: 285088
...
006 (1754877.000.000) 11/15 10:58:49 Image size of job updated: 286144
...
006 (1754877.000.000) 11/15 11:03:49 Image size of job updated: 287748
...
006 (1754877.000.000) 11/15 11:08:49 Image size of job updated: 318924
...
006 (1754877.000.000) 11/15 11:13:49 Image size of job updated: 329672
...
006 (1754877.000.000) 11/15 11:18:49 Image size of job updated: 335820
...
006 (1754877.000.000) 11/15 11:23:49 Image size of job updated: 337868
...
006 (1754877.000.000) 11/15 11:28:49 Image size of job updated: 339916
...
006 (1754877.000.000) 11/15 11:43:49 Image size of job updated: 341964
...
006 (1754877.000.000) 11/15 11:58:49 Image size of job updated: 342988
...
006 (1754877.000.000) 11/15 12:23:49 Image size of job updated: 344012
...
006 (1754877.000.000) 11/15 12:48:49 Image size of job updated: 345036
...
005 (1754877.000.000) 11/15 13:41:08 Job terminated.
	(1) Normal termination (return value 0)
		Usr 0 02:37:44, Sys 0 00:01:50  -  Run Remote Usage
		Usr 0 00:00:00, Sys 0 00:00:00  -  Run Local Usage
		Usr 0 02:37:44, Sys 0 00:01:50  -  Total Remote Usage
		Usr 0 00:00:00, Sys 0 00:00:00  -  Total Local Usage
	0  -  Run Bytes Sent By Job
	0  -  Run Bytes Received By Job
	0  -  Total Bytes Sent By Job
	0  -  Total Bytes Received By Job
...
