000 (1755109.000.000) 11/14 02:19:46 Job submitted from host: <130.199.206.69:49450>
...
001 (1755109.000.000) 11/15 18:38:30 Job executing on host: <130.199.183.13:48319>
...
006 (1755109.000.000) 11/15 18:38:39 Image size of job updated: 174456
...
006 (1755109.000.000) 11/15 18:43:40 Image size of job updated: 290092
...
006 (1755109.000.000) 11/15 18:48:41 Image size of job updated: 293700
...
006 (1755109.000.000) 11/15 18:53:42 Image size of job updated: 294128
...
006 (1755109.000.000) 11/15 18:58:43 Image size of job updated: 294184
...
006 (1755109.000.000) 11/15 19:03:44 Image size of job updated: 294576
...
006 (1755109.000.000) 11/15 19:08:45 Image size of job updated: 295392
...
006 (1755109.000.000) 11/15 19:13:46 Image size of job updated: 296276
...
006 (1755109.000.000) 11/15 19:18:47 Image size of job updated: 298648
...
006 (1755109.000.000) 11/15 19:28:49 Image size of job updated: 299584
...
005 (1755109.000.000) 11/15 19:37:46 Job terminated.
	(1) Normal termination (return value 0)
		Usr 0 00:49:57, Sys 0 00:00:33  -  Run Remote Usage
		Usr 0 00:00:00, Sys 0 00:00:00  -  Run Local Usage
		Usr 0 00:49:57, Sys 0 00:00:33  -  Total Remote Usage
		Usr 0 00:00:00, Sys 0 00:00:00  -  Total Local Usage
	0  -  Run Bytes Sent By Job
	0  -  Run Bytes Received By Job
	0  -  Total Bytes Sent By Job
	0  -  Total Bytes Received By Job
...
