000 (1755009.000.000) 11/14 02:19:38 Job submitted from host: <130.199.206.69:49450>
...
001 (1755009.000.000) 11/15 11:39:59 Job executing on host: <130.199.180.153:34872>
...
006 (1755009.000.000) 11/15 11:45:07 Image size of job updated: 173808
...
006 (1755009.000.000) 11/15 11:50:07 Image size of job updated: 183492
...
006 (1755009.000.000) 11/15 11:55:07 Image size of job updated: 192980
...
006 (1755009.000.000) 11/15 12:00:07 Image size of job updated: 286456
...
006 (1755009.000.000) 11/15 12:05:07 Image size of job updated: 286988
...
006 (1755009.000.000) 11/15 12:10:07 Image size of job updated: 288408
...
006 (1755009.000.000) 11/15 12:15:07 Image size of job updated: 289080
...
006 (1755009.000.000) 11/15 12:25:07 Image size of job updated: 307724
...
006 (1755009.000.000) 11/15 12:30:07 Image size of job updated: 325132
...
006 (1755009.000.000) 11/15 12:35:07 Image size of job updated: 335372
...
006 (1755009.000.000) 11/15 12:40:08 Image size of job updated: 338444
...
006 (1755009.000.000) 11/15 12:50:10 Image size of job updated: 340492
...
006 (1755009.000.000) 11/15 13:00:12 Image size of job updated: 341516
...
006 (1755009.000.000) 11/15 13:05:13 Image size of job updated: 342540
...
006 (1755009.000.000) 11/15 13:10:14 Image size of job updated: 343564
...
006 (1755009.000.000) 11/15 13:15:15 Image size of job updated: 344588
...
006 (1755009.000.000) 11/15 13:25:17 Image size of job updated: 345612
...
006 (1755009.000.000) 11/15 13:45:21 Image size of job updated: 346636
...
006 (1755009.000.000) 11/15 14:05:25 Image size of job updated: 347660
...
005 (1755009.000.000) 11/15 14:10:22 Job terminated.
	(1) Normal termination (return value 0)
		Usr 0 01:56:01, Sys 0 00:01:06  -  Run Remote Usage
		Usr 0 00:00:00, Sys 0 00:00:00  -  Run Local Usage
		Usr 0 01:56:01, Sys 0 00:01:06  -  Total Remote Usage
		Usr 0 00:00:00, Sys 0 00:00:00  -  Total Local Usage
	0  -  Run Bytes Sent By Job
	0  -  Run Bytes Received By Job
	0  -  Total Bytes Sent By Job
	0  -  Total Bytes Received By Job
...
