000 (1754672.000.000) 11/14 02:18:59 Job submitted from host: <130.199.206.69:49450>
...
001 (1754672.000.000) 11/14 05:52:20 Job executing on host: <130.199.183.27:54138>
...
006 (1754672.000.000) 11/14 05:52:29 Image size of job updated: 191688
...
006 (1754672.000.000) 11/14 05:57:30 Image size of job updated: 278948
...
006 (1754672.000.000) 11/14 06:02:31 Image size of job updated: 291344
...
006 (1754672.000.000) 11/14 06:07:32 Image size of job updated: 293300
...
006 (1754672.000.000) 11/14 06:37:38 Image size of job updated: 293600
...
006 (1754672.000.000) 11/14 06:42:39 Image size of job updated: 296108
...
006 (1754672.000.000) 11/14 06:47:40 Image size of job updated: 296536
...
005 (1754672.000.000) 11/14 06:49:49 Job terminated.
	(1) Normal termination (return value 0)
		Usr 0 00:52:39, Sys 0 00:00:21  -  Run Remote Usage
		Usr 0 00:00:00, Sys 0 00:00:00  -  Run Local Usage
		Usr 0 00:52:39, Sys 0 00:00:21  -  Total Remote Usage
		Usr 0 00:00:00, Sys 0 00:00:00  -  Total Local Usage
	0  -  Run Bytes Sent By Job
	0  -  Run Bytes Received By Job
	0  -  Total Bytes Sent By Job
	0  -  Total Bytes Received By Job
...
