000 (1755375.000.000) 11/14 02:20:10 Job submitted from host: <130.199.206.69:49450>
...
001 (1755375.000.000) 11/15 12:45:37 Job executing on host: <130.199.206.220:32864>
...
006 (1755375.000.000) 11/15 12:50:45 Image size of job updated: 286344
...
006 (1755375.000.000) 11/15 12:55:45 Image size of job updated: 291928
...
006 (1755375.000.000) 11/15 13:00:45 Image size of job updated: 294192
...
006 (1755375.000.000) 11/15 13:10:45 Image size of job updated: 297392
...
006 (1755375.000.000) 11/15 13:15:45 Image size of job updated: 298380
...
006 (1755375.000.000) 11/15 13:20:45 Image size of job updated: 298532
...
006 (1755375.000.000) 11/15 13:25:45 Image size of job updated: 299244
...
005 (1755375.000.000) 11/15 13:27:03 Job terminated.
	(1) Normal termination (return value 0)
		Usr 0 00:36:58, Sys 0 00:00:09  -  Run Remote Usage
		Usr 0 00:00:00, Sys 0 00:00:00  -  Run Local Usage
		Usr 0 00:36:58, Sys 0 00:00:09  -  Total Remote Usage
		Usr 0 00:00:00, Sys 0 00:00:00  -  Total Local Usage
	0  -  Run Bytes Sent By Job
	0  -  Run Bytes Received By Job
	0  -  Total Bytes Sent By Job
	0  -  Total Bytes Received By Job
...
