000 (1755207.000.000) 11/14 02:19:54 Job submitted from host: <130.199.206.69:49450>
...
001 (1755207.000.000) 11/15 12:12:31 Job executing on host: <130.199.183.3:38943>
...
006 (1755207.000.000) 11/15 12:12:40 Image size of job updated: 72920
...
006 (1755207.000.000) 11/15 12:17:41 Image size of job updated: 183472
...
006 (1755207.000.000) 11/15 12:22:42 Image size of job updated: 192840
...
006 (1755207.000.000) 11/15 12:27:43 Image size of job updated: 284324
...
006 (1755207.000.000) 11/15 12:32:44 Image size of job updated: 285124
...
006 (1755207.000.000) 11/15 12:37:45 Image size of job updated: 286164
...
006 (1755207.000.000) 11/15 12:42:46 Image size of job updated: 286740
...
006 (1755207.000.000) 11/15 12:47:47 Image size of job updated: 287964
...
006 (1755207.000.000) 11/15 12:52:48 Image size of job updated: 288108
...
006 (1755207.000.000) 11/15 12:57:49 Image size of job updated: 289184
...
006 (1755207.000.000) 11/15 13:02:50 Image size of job updated: 290928
...
006 (1755207.000.000) 11/15 13:07:51 Image size of job updated: 291796
...
006 (1755207.000.000) 11/15 13:12:52 Image size of job updated: 292284
...
006 (1755207.000.000) 11/15 13:17:53 Image size of job updated: 293460
...
006 (1755207.000.000) 11/15 13:22:54 Image size of job updated: 294032
...
006 (1755207.000.000) 11/15 13:27:55 Image size of job updated: 294252
...
006 (1755207.000.000) 11/15 13:32:56 Image size of job updated: 295528
...
006 (1755207.000.000) 11/15 13:42:58 Image size of job updated: 316492
...
006 (1755207.000.000) 11/15 13:47:59 Image size of job updated: 326928
...
006 (1755207.000.000) 11/15 13:53:00 Image size of job updated: 337168
...
006 (1755207.000.000) 11/15 13:58:01 Image size of job updated: 338192
...
006 (1755207.000.000) 11/15 14:03:02 Image size of job updated: 339216
...
006 (1755207.000.000) 11/15 14:18:05 Image size of job updated: 340340
...
006 (1755207.000.000) 11/15 14:23:06 Image size of job updated: 342388
...
006 (1755207.000.000) 11/15 14:28:07 Image size of job updated: 343412
...
006 (1755207.000.000) 11/15 14:38:10 Image size of job updated: 343868
...
006 (1755207.000.000) 11/15 14:43:10 Image size of job updated: 345916
...
006 (1755207.000.000) 11/15 14:58:10 Image size of job updated: 346940
...
005 (1755207.000.000) 11/15 15:03:31 Job terminated.
	(1) Normal termination (return value 0)
		Usr 0 02:10:26, Sys 0 00:01:01  -  Run Remote Usage
		Usr 0 00:00:00, Sys 0 00:00:00  -  Run Local Usage
		Usr 0 02:10:26, Sys 0 00:01:01  -  Total Remote Usage
		Usr 0 00:00:00, Sys 0 00:00:00  -  Total Local Usage
	0  -  Run Bytes Sent By Job
	0  -  Run Bytes Received By Job
	0  -  Total Bytes Sent By Job
	0  -  Total Bytes Received By Job
...
