000 (1754795.000.000) 11/14 02:19:12 Job submitted from host: <130.199.206.69:49450>
...
001 (1754795.000.000) 11/14 08:59:32 Job executing on host: <130.199.183.17:52518>
...
006 (1754795.000.000) 11/14 09:04:40 Image size of job updated: 283520
...
006 (1754795.000.000) 11/14 09:09:41 Image size of job updated: 284080
...
006 (1754795.000.000) 11/14 09:14:42 Image size of job updated: 284824
...
006 (1754795.000.000) 11/14 09:19:43 Image size of job updated: 285484
...
006 (1754795.000.000) 11/14 09:24:44 Image size of job updated: 286284
...
006 (1754795.000.000) 11/14 09:29:45 Image size of job updated: 287316
...
006 (1754795.000.000) 11/14 09:34:46 Image size of job updated: 287628
...
006 (1754795.000.000) 11/14 09:39:47 Image size of job updated: 288628
...
006 (1754795.000.000) 11/14 09:44:48 Image size of job updated: 288700
...
006 (1754795.000.000) 11/14 09:49:49 Image size of job updated: 290756
...
006 (1754795.000.000) 11/14 09:54:50 Image size of job updated: 291492
...
006 (1754795.000.000) 11/14 10:04:52 Image size of job updated: 292096
...
006 (1754795.000.000) 11/14 10:19:55 Image size of job updated: 292244
...
006 (1754795.000.000) 11/14 10:24:56 Image size of job updated: 292636
...
006 (1754795.000.000) 11/14 10:39:59 Image size of job updated: 292888
...
006 (1754795.000.000) 11/14 10:45:00 Image size of job updated: 293416
...
006 (1754795.000.000) 11/14 10:50:01 Image size of job updated: 293764
...
006 (1754795.000.000) 11/14 11:10:05 Image size of job updated: 293884
...
006 (1754795.000.000) 11/14 11:15:06 Image size of job updated: 294688
...
006 (1754795.000.000) 11/14 11:40:11 Image size of job updated: 295276
...
006 (1754795.000.000) 11/14 11:45:12 Image size of job updated: 295464
...
006 (1754795.000.000) 11/14 11:50:13 Image size of job updated: 296132
...
006 (1754795.000.000) 11/14 12:00:15 Image size of job updated: 296936
...
006 (1754795.000.000) 11/14 12:05:16 Image size of job updated: 297468
...
005 (1754795.000.000) 11/14 12:12:39 Job terminated.
	(1) Normal termination (return value 0)
		Usr 0 02:53:49, Sys 0 00:01:04  -  Run Remote Usage
		Usr 0 00:00:00, Sys 0 00:00:00  -  Run Local Usage
		Usr 0 02:53:49, Sys 0 00:01:04  -  Total Remote Usage
		Usr 0 00:00:00, Sys 0 00:00:00  -  Total Local Usage
	0  -  Run Bytes Sent By Job
	0  -  Run Bytes Received By Job
	0  -  Total Bytes Sent By Job
	0  -  Total Bytes Received By Job
...
