000 (1754679.000.000) 11/14 02:18:59 Job submitted from host: <130.199.206.69:49450>
...
001 (1754679.000.000) 11/14 05:54:03 Job executing on host: <130.199.206.227:42501>
...
006 (1754679.000.000) 11/14 05:54:12 Image size of job updated: 175728
...
006 (1754679.000.000) 11/14 05:59:13 Image size of job updated: 282756
...
006 (1754679.000.000) 11/14 06:04:14 Image size of job updated: 293804
...
006 (1754679.000.000) 11/14 06:09:15 Image size of job updated: 294852
...
006 (1754679.000.000) 11/14 06:14:16 Image size of job updated: 296092
...
006 (1754679.000.000) 11/14 06:19:16 Image size of job updated: 300516
...
006 (1754679.000.000) 11/14 06:24:16 Image size of job updated: 301396
...
006 (1754679.000.000) 11/14 06:29:16 Image size of job updated: 302088
...
006 (1754679.000.000) 11/14 06:34:16 Image size of job updated: 302296
...
005 (1754679.000.000) 11/14 06:35:44 Job terminated.
	(1) Normal termination (return value 0)
		Usr 0 00:35:38, Sys 0 00:00:08  -  Run Remote Usage
		Usr 0 00:00:00, Sys 0 00:00:00  -  Run Local Usage
		Usr 0 00:35:38, Sys 0 00:00:08  -  Total Remote Usage
		Usr 0 00:00:00, Sys 0 00:00:00  -  Total Local Usage
	0  -  Run Bytes Sent By Job
	0  -  Run Bytes Received By Job
	0  -  Total Bytes Sent By Job
	0  -  Total Bytes Received By Job
...
