000 (1753962.000.000) 11/14 02:17:04 Job submitted from host: <130.199.206.69:49450>
...
001 (1753962.000.000) 11/14 05:44:19 Job executing on host: <130.199.183.26:55119>
...
006 (1753962.000.000) 11/14 05:44:28 Image size of job updated: 72748
...
006 (1753962.000.000) 11/14 05:49:29 Image size of job updated: 275616
...
006 (1753962.000.000) 11/14 05:54:30 Image size of job updated: 281788
...
006 (1753962.000.000) 11/14 05:59:31 Image size of job updated: 288476
...
006 (1753962.000.000) 11/14 06:04:32 Image size of job updated: 291332
...
006 (1753962.000.000) 11/14 06:09:33 Image size of job updated: 292720
...
006 (1753962.000.000) 11/14 06:14:34 Image size of job updated: 293212
...
005 (1753962.000.000) 11/14 06:19:13 Job terminated.
	(1) Normal termination (return value 0)
		Usr 0 00:33:02, Sys 0 00:00:12  -  Run Remote Usage
		Usr 0 00:00:00, Sys 0 00:00:00  -  Run Local Usage
		Usr 0 00:33:02, Sys 0 00:00:12  -  Total Remote Usage
		Usr 0 00:00:00, Sys 0 00:00:00  -  Total Local Usage
	0  -  Run Bytes Sent By Job
	0  -  Run Bytes Received By Job
	0  -  Total Bytes Sent By Job
	0  -  Total Bytes Received By Job
...
