000 (1755136.000.000) 11/14 02:19:46 Job submitted from host: <130.199.206.69:49450>
...
001 (1755136.000.000) 11/15 18:31:20 Job executing on host: <130.199.183.26:55119>
...
006 (1755136.000.000) 11/15 18:31:29 Image size of job updated: 174164
...
006 (1755136.000.000) 11/15 18:36:30 Image size of job updated: 284232
...
006 (1755136.000.000) 11/15 18:41:31 Image size of job updated: 284492
...
006 (1755136.000.000) 11/15 18:46:32 Image size of job updated: 286564
...
006 (1755136.000.000) 11/15 18:56:34 Image size of job updated: 287868
...
006 (1755136.000.000) 11/15 19:01:35 Image size of job updated: 291972
...
006 (1755136.000.000) 11/15 19:06:36 Image size of job updated: 334992
...
005 (1755136.000.000) 11/15 19:07:15 Job terminated.
	(1) Normal termination (return value 0)
		Usr 0 00:27:09, Sys 0 00:00:17  -  Run Remote Usage
		Usr 0 00:00:00, Sys 0 00:00:00  -  Run Local Usage
		Usr 0 00:27:09, Sys 0 00:00:17  -  Total Remote Usage
		Usr 0 00:00:00, Sys 0 00:00:00  -  Total Local Usage
	0  -  Run Bytes Sent By Job
	0  -  Run Bytes Received By Job
	0  -  Total Bytes Sent By Job
	0  -  Total Bytes Received By Job
...
