000 (1754480.000.000) 11/14 02:18:34 Job submitted from host: <130.199.206.69:49450>
...
001 (1754480.000.000) 11/14 05:21:15 Job executing on host: <130.199.180.156:41502>
...
006 (1754480.000.000) 11/14 05:21:23 Image size of job updated: 174316
...
006 (1754480.000.000) 11/14 05:26:23 Image size of job updated: 285104
...
006 (1754480.000.000) 11/14 05:31:23 Image size of job updated: 285920
...
006 (1754480.000.000) 11/14 05:36:24 Image size of job updated: 287040
...
006 (1754480.000.000) 11/14 05:46:26 Image size of job updated: 288812
...
005 (1754480.000.000) 11/14 05:49:32 Job terminated.
	(1) Normal termination (return value 0)
		Usr 0 00:24:58, Sys 0 00:00:15  -  Run Remote Usage
		Usr 0 00:00:00, Sys 0 00:00:00  -  Run Local Usage
		Usr 0 00:24:58, Sys 0 00:00:15  -  Total Remote Usage
		Usr 0 00:00:00, Sys 0 00:00:00  -  Total Local Usage
	0  -  Run Bytes Sent By Job
	0  -  Run Bytes Received By Job
	0  -  Total Bytes Sent By Job
	0  -  Total Bytes Received By Job
...
