000 (1754156.000.000) 11/14 02:17:37 Job submitted from host: <130.199.206.69:49450>
...
001 (1754156.000.000) 11/14 06:59:21 Job executing on host: <130.199.183.16:34724>
...
006 (1754156.000.000) 11/14 06:59:30 Image size of job updated: 136432
...
006 (1754156.000.000) 11/14 07:04:31 Image size of job updated: 283504
...
006 (1754156.000.000) 11/14 07:09:32 Image size of job updated: 285452
...
006 (1754156.000.000) 11/14 07:14:33 Image size of job updated: 285824
...
006 (1754156.000.000) 11/14 07:19:34 Image size of job updated: 286556
...
006 (1754156.000.000) 11/14 07:34:37 Image size of job updated: 287312
...
006 (1754156.000.000) 11/14 07:39:38 Image size of job updated: 287320
...
006 (1754156.000.000) 11/14 07:44:39 Image size of job updated: 310456
...
006 (1754156.000.000) 11/14 07:49:40 Image size of job updated: 327864
...
006 (1754156.000.000) 11/14 07:59:40 Image size of job updated: 336748
...
006 (1754156.000.000) 11/14 08:04:40 Image size of job updated: 337772
...
006 (1754156.000.000) 11/14 08:14:40 Image size of job updated: 339820
...
006 (1754156.000.000) 11/14 08:24:40 Image size of job updated: 340844
...
006 (1754156.000.000) 11/14 09:04:40 Image size of job updated: 341868
...
006 (1754156.000.000) 11/14 09:44:40 Image size of job updated: 342892
...
006 (1754156.000.000) 11/14 09:49:40 Image size of job updated: 343916
...
006 (1754156.000.000) 11/14 10:09:40 Image size of job updated: 344940
...
006 (1754156.000.000) 11/14 11:04:40 Image size of job updated: 345964
...
005 (1754156.000.000) 11/14 11:19:53 Job terminated.
	(1) Normal termination (return value 0)
		Usr 0 03:52:29, Sys 0 00:02:06  -  Run Remote Usage
		Usr 0 00:00:00, Sys 0 00:00:00  -  Run Local Usage
		Usr 0 03:52:29, Sys 0 00:02:06  -  Total Remote Usage
		Usr 0 00:00:00, Sys 0 00:00:00  -  Total Local Usage
	0  -  Run Bytes Sent By Job
	0  -  Run Bytes Received By Job
	0  -  Total Bytes Sent By Job
	0  -  Total Bytes Received By Job
...
