000 (1754445.000.000) 11/14 02:18:20 Job submitted from host: <130.199.206.69:49450>
...
001 (1754445.000.000) 11/14 04:37:23 Job executing on host: <130.199.183.11:60300>
...
006 (1754445.000.000) 11/14 04:42:31 Image size of job updated: 283536
...
006 (1754445.000.000) 11/14 04:47:31 Image size of job updated: 284676
...
006 (1754445.000.000) 11/14 04:52:31 Image size of job updated: 285848
...
006 (1754445.000.000) 11/14 04:57:31 Image size of job updated: 286016
...
006 (1754445.000.000) 11/14 05:02:31 Image size of job updated: 286380
...
006 (1754445.000.000) 11/14 05:12:31 Image size of job updated: 286780
...
006 (1754445.000.000) 11/14 05:17:31 Image size of job updated: 287680
...
006 (1754445.000.000) 11/14 05:27:31 Image size of job updated: 287864
...
006 (1754445.000.000) 11/14 05:32:31 Image size of job updated: 288300
...
006 (1754445.000.000) 11/14 05:52:31 Image size of job updated: 288512
...
006 (1754445.000.000) 11/14 05:57:31 Image size of job updated: 290292
...
006 (1754445.000.000) 11/14 06:02:31 Image size of job updated: 291328
...
006 (1754445.000.000) 11/14 06:32:31 Image size of job updated: 291604
...
006 (1754445.000.000) 11/14 06:42:31 Image size of job updated: 292852
...
006 (1754445.000.000) 11/14 06:47:31 Image size of job updated: 292996
...
006 (1754445.000.000) 11/14 06:52:31 Image size of job updated: 293448
...
006 (1754445.000.000) 11/14 06:57:31 Image size of job updated: 293512
...
006 (1754445.000.000) 11/14 07:02:31 Image size of job updated: 295068
...
006 (1754445.000.000) 11/14 07:07:31 Image size of job updated: 295780
...
006 (1754445.000.000) 11/14 07:12:31 Image size of job updated: 295908
...
006 (1754445.000.000) 11/14 07:27:31 Image size of job updated: 299284
...
005 (1754445.000.000) 11/14 07:27:41 Job terminated.
	(1) Normal termination (return value 0)
		Usr 0 01:32:26, Sys 0 00:00:39  -  Run Remote Usage
		Usr 0 00:00:00, Sys 0 00:00:00  -  Run Local Usage
		Usr 0 01:32:26, Sys 0 00:00:39  -  Total Remote Usage
		Usr 0 00:00:00, Sys 0 00:00:00  -  Total Local Usage
	0  -  Run Bytes Sent By Job
	0  -  Run Bytes Received By Job
	0  -  Total Bytes Sent By Job
	0  -  Total Bytes Received By Job
...
