000 (1754591.000.000) 11/14 02:18:46 Job submitted from host: <130.199.206.69:49450>
...
001 (1754591.000.000) 11/14 05:36:02 Job executing on host: <130.199.180.163:49954>
...
006 (1754591.000.000) 11/14 05:41:12 Image size of job updated: 284740
...
006 (1754591.000.000) 11/14 05:46:13 Image size of job updated: 287748
...
006 (1754591.000.000) 11/14 05:51:14 Image size of job updated: 288284
...
006 (1754591.000.000) 11/14 05:56:15 Image size of job updated: 289924
...
006 (1754591.000.000) 11/14 06:11:18 Image size of job updated: 290344
...
006 (1754591.000.000) 11/14 06:16:19 Image size of job updated: 290428
...
006 (1754591.000.000) 11/14 06:21:20 Image size of job updated: 292468
...
006 (1754591.000.000) 11/14 06:26:21 Image size of job updated: 292792
...
006 (1754591.000.000) 11/14 06:31:22 Image size of job updated: 295528
...
006 (1754591.000.000) 11/14 06:36:23 Image size of job updated: 296084
...
006 (1754591.000.000) 11/14 06:51:26 Image size of job updated: 296444
...
006 (1754591.000.000) 11/14 06:56:27 Image size of job updated: 297368
...
006 (1754591.000.000) 11/14 07:06:29 Image size of job updated: 297692
...
006 (1754591.000.000) 11/14 07:11:30 Image size of job updated: 297708
...
005 (1754591.000.000) 11/14 07:13:53 Job terminated.
	(1) Normal termination (return value 0)
		Usr 0 01:25:47, Sys 0 00:00:47  -  Run Remote Usage
		Usr 0 00:00:00, Sys 0 00:00:00  -  Run Local Usage
		Usr 0 01:25:47, Sys 0 00:00:47  -  Total Remote Usage
		Usr 0 00:00:00, Sys 0 00:00:00  -  Total Local Usage
	0  -  Run Bytes Sent By Job
	0  -  Run Bytes Received By Job
	0  -  Total Bytes Sent By Job
	0  -  Total Bytes Received By Job
...
