000 (1755393.000.000) 11/14 02:20:10 Job submitted from host: <130.199.206.69:49450>
...
001 (1755393.000.000) 11/15 12:51:11 Job executing on host: <130.199.180.145:42379>
...
006 (1755393.000.000) 11/15 12:56:19 Image size of job updated: 306748
...
006 (1755393.000.000) 11/15 13:01:19 Image size of job updated: 327228
...
006 (1755393.000.000) 11/15 13:06:19 Image size of job updated: 331324
...
005 (1755393.000.000) 11/15 13:08:23 Job terminated.
	(1) Normal termination (return value 0)
		Usr 0 00:12:49, Sys 0 00:00:06  -  Run Remote Usage
		Usr 0 00:00:00, Sys 0 00:00:00  -  Run Local Usage
		Usr 0 00:12:49, Sys 0 00:00:06  -  Total Remote Usage
		Usr 0 00:00:00, Sys 0 00:00:00  -  Total Local Usage
	0  -  Run Bytes Sent By Job
	0  -  Run Bytes Received By Job
	0  -  Total Bytes Sent By Job
	0  -  Total Bytes Received By Job
...
