000 (1754051.000.000) 11/14 02:17:22 Job submitted from host: <130.199.206.69:49450>
...
001 (1754051.000.000) 11/14 08:33:08 Job executing on host: <130.199.180.154:33428>
...
006 (1754051.000.000) 11/14 08:38:18 Image size of job updated: 282540
...
006 (1754051.000.000) 11/14 08:43:19 Image size of job updated: 283808
...
006 (1754051.000.000) 11/14 08:48:20 Image size of job updated: 284020
...
006 (1754051.000.000) 11/14 08:53:21 Image size of job updated: 288720
...
006 (1754051.000.000) 11/14 08:58:22 Image size of job updated: 290440
...
006 (1754051.000.000) 11/14 09:03:23 Image size of job updated: 291828
...
006 (1754051.000.000) 11/14 09:13:25 Image size of job updated: 292680
...
006 (1754051.000.000) 11/14 09:18:26 Image size of job updated: 295092
...
006 (1754051.000.000) 11/14 09:23:27 Image size of job updated: 295920
...
006 (1754051.000.000) 11/14 09:33:29 Image size of job updated: 296756
...
006 (1754051.000.000) 11/14 09:38:30 Image size of job updated: 297360
...
006 (1754051.000.000) 11/14 09:58:34 Image size of job updated: 298120
...
006 (1754051.000.000) 11/14 10:58:46 Image size of job updated: 298796
...
006 (1754051.000.000) 11/14 11:23:51 Image size of job updated: 299980
...
006 (1754051.000.000) 11/14 11:28:52 Image size of job updated: 300848
...
005 (1754051.000.000) 11/14 12:00:33 Job terminated.
	(1) Normal termination (return value 0)
		Usr 0 03:12:20, Sys 0 00:01:54  -  Run Remote Usage
		Usr 0 00:00:00, Sys 0 00:00:00  -  Run Local Usage
		Usr 0 03:12:20, Sys 0 00:01:54  -  Total Remote Usage
		Usr 0 00:00:00, Sys 0 00:00:00  -  Total Local Usage
	0  -  Run Bytes Sent By Job
	0  -  Run Bytes Received By Job
	0  -  Total Bytes Sent By Job
	0  -  Total Bytes Received By Job
...
