000 (1754481.000.000) 11/14 02:18:34 Job submitted from host: <130.199.206.69:49450>
...
001 (1754481.000.000) 11/14 05:30:56 Job executing on host: <130.199.183.2:51731>
...
006 (1754481.000.000) 11/14 05:36:04 Image size of job updated: 284280
...
006 (1754481.000.000) 11/14 05:41:04 Image size of job updated: 286420
...
006 (1754481.000.000) 11/14 05:51:04 Image size of job updated: 287992
...
006 (1754481.000.000) 11/14 06:06:06 Image size of job updated: 288192
...
006 (1754481.000.000) 11/14 06:11:07 Image size of job updated: 291012
...
006 (1754481.000.000) 11/14 06:16:08 Image size of job updated: 291668
...
006 (1754481.000.000) 11/14 06:21:09 Image size of job updated: 295772
...
006 (1754481.000.000) 11/14 06:26:10 Image size of job updated: 301036
...
006 (1754481.000.000) 11/14 06:36:12 Image size of job updated: 301804
...
006 (1754481.000.000) 11/14 06:46:14 Image size of job updated: 302660
...
006 (1754481.000.000) 11/14 06:51:15 Image size of job updated: 303436
...
006 (1754481.000.000) 11/14 06:56:16 Image size of job updated: 303872
...
005 (1754481.000.000) 11/14 07:10:12 Job terminated.
	(1) Normal termination (return value 0)
		Usr 0 01:31:20, Sys 0 00:00:37  -  Run Remote Usage
		Usr 0 00:00:00, Sys 0 00:00:00  -  Run Local Usage
		Usr 0 01:31:20, Sys 0 00:00:37  -  Total Remote Usage
		Usr 0 00:00:00, Sys 0 00:00:00  -  Total Local Usage
	0  -  Run Bytes Sent By Job
	0  -  Run Bytes Received By Job
	0  -  Total Bytes Sent By Job
	0  -  Total Bytes Received By Job
...
