000 (1754986.000.000) 11/14 02:19:38 Job submitted from host: <130.199.206.69:49450>
...
001 (1754986.000.000) 11/15 11:39:11 Job executing on host: <130.199.206.157:45745>
...
006 (1754986.000.000) 11/15 11:39:20 Image size of job updated: 125600
...
006 (1754986.000.000) 11/15 11:44:21 Image size of job updated: 284712
...
006 (1754986.000.000) 11/15 11:49:21 Image size of job updated: 287640
...
006 (1754986.000.000) 11/15 11:54:21 Image size of job updated: 287744
...
006 (1754986.000.000) 11/15 11:59:21 Image size of job updated: 320200
...
006 (1754986.000.000) 11/15 12:04:21 Image size of job updated: 325320
...
006 (1754986.000.000) 11/15 12:09:21 Image size of job updated: 326344
...
006 (1754986.000.000) 11/15 12:14:21 Image size of job updated: 328040
...
006 (1754986.000.000) 11/15 12:19:21 Image size of job updated: 331248
...
006 (1754986.000.000) 11/15 12:24:21 Image size of job updated: 334320
...
006 (1754986.000.000) 11/15 12:44:21 Image size of job updated: 336368
...
006 (1754986.000.000) 11/15 12:54:21 Image size of job updated: 338416
...
006 (1754986.000.000) 11/15 14:04:31 Image size of job updated: 338760
...
006 (1754986.000.000) 11/15 14:09:32 Image size of job updated: 339440
...
006 (1754986.000.000) 11/15 14:14:33 Image size of job updated: 340256
...
006 (1754986.000.000) 11/15 14:44:34 Image size of job updated: 341916
...
005 (1754986.000.000) 11/15 15:12:37 Job terminated.
	(1) Normal termination (return value 0)
		Usr 0 03:08:10, Sys 0 00:01:36  -  Run Remote Usage
		Usr 0 00:00:00, Sys 0 00:00:00  -  Run Local Usage
		Usr 0 03:08:10, Sys 0 00:01:36  -  Total Remote Usage
		Usr 0 00:00:00, Sys 0 00:00:00  -  Total Local Usage
	0  -  Run Bytes Sent By Job
	0  -  Run Bytes Received By Job
	0  -  Total Bytes Sent By Job
	0  -  Total Bytes Received By Job
...
