000 (1755294.000.000) 11/14 02:20:03 Job submitted from host: <130.199.206.69:49450>
...
001 (1755294.000.000) 11/15 12:37:47 Job executing on host: <130.199.207.7:39079>
...
006 (1755294.000.000) 11/15 12:37:55 Image size of job updated: 142092
...
006 (1755294.000.000) 11/15 12:42:55 Image size of job updated: 306552
...
006 (1755294.000.000) 11/15 12:47:55 Image size of job updated: 312696
...
006 (1755294.000.000) 11/15 12:52:55 Image size of job updated: 317816
...
006 (1755294.000.000) 11/15 12:57:55 Image size of job updated: 319868
...
005 (1755294.000.000) 11/15 13:07:34 Job terminated.
	(1) Normal termination (return value 0)
		Usr 0 00:27:42, Sys 0 00:00:13  -  Run Remote Usage
		Usr 0 00:00:00, Sys 0 00:00:00  -  Run Local Usage
		Usr 0 00:27:42, Sys 0 00:00:13  -  Total Remote Usage
		Usr 0 00:00:00, Sys 0 00:00:00  -  Total Local Usage
	0  -  Run Bytes Sent By Job
	0  -  Run Bytes Received By Job
	0  -  Total Bytes Sent By Job
	0  -  Total Bytes Received By Job
...
