000 (1755326.000.000) 11/14 02:20:03 Job submitted from host: <130.199.206.69:49450>
...
001 (1755326.000.000) 11/15 12:42:35 Job executing on host: <130.199.183.11:60300>
...
006 (1755326.000.000) 11/15 12:42:44 Image size of job updated: 208108
...
006 (1755326.000.000) 11/15 12:47:45 Image size of job updated: 283592
...
006 (1755326.000.000) 11/15 12:52:46 Image size of job updated: 284556
...
006 (1755326.000.000) 11/15 12:57:47 Image size of job updated: 289332
...
006 (1755326.000.000) 11/15 13:02:48 Image size of job updated: 291196
...
006 (1755326.000.000) 11/15 13:07:49 Image size of job updated: 292976
...
006 (1755326.000.000) 11/15 13:12:50 Image size of job updated: 295424
...
006 (1755326.000.000) 11/15 13:27:53 Image size of job updated: 321568
...
006 (1755326.000.000) 11/15 13:32:54 Image size of job updated: 336928
...
006 (1755326.000.000) 11/15 13:37:55 Image size of job updated: 341024
...
005 (1755326.000.000) 11/15 13:47:06 Job terminated.
	(1) Normal termination (return value 0)
		Usr 0 00:51:44, Sys 0 00:00:26  -  Run Remote Usage
		Usr 0 00:00:00, Sys 0 00:00:00  -  Run Local Usage
		Usr 0 00:51:44, Sys 0 00:00:26  -  Total Remote Usage
		Usr 0 00:00:00, Sys 0 00:00:00  -  Total Local Usage
	0  -  Run Bytes Sent By Job
	0  -  Run Bytes Received By Job
	0  -  Total Bytes Sent By Job
	0  -  Total Bytes Received By Job
...
