000 (1753625.000.000) 11/14 02:16:08 Job submitted from host: <130.199.206.69:49450>
...
001 (1753625.000.000) 11/14 04:36:34 Job executing on host: <130.199.180.144:40361>
...
006 (1753625.000.000) 11/14 04:36:42 Image size of job updated: 173676
...
006 (1753625.000.000) 11/14 04:41:42 Image size of job updated: 283804
...
006 (1753625.000.000) 11/14 04:46:42 Image size of job updated: 285128
...
006 (1753625.000.000) 11/14 04:56:42 Image size of job updated: 286004
...
006 (1753625.000.000) 11/14 05:01:42 Image size of job updated: 286016
...
006 (1753625.000.000) 11/14 05:06:42 Image size of job updated: 288128
...
006 (1753625.000.000) 11/14 05:21:42 Image size of job updated: 290432
...
006 (1753625.000.000) 11/14 05:26:42 Image size of job updated: 290552
...
006 (1753625.000.000) 11/14 05:31:42 Image size of job updated: 290756
...
006 (1753625.000.000) 11/14 06:01:42 Image size of job updated: 291296
...
006 (1753625.000.000) 11/14 06:06:42 Image size of job updated: 292156
...
006 (1753625.000.000) 11/14 06:11:42 Image size of job updated: 292248
...
006 (1753625.000.000) 11/14 06:51:42 Image size of job updated: 292796
...
006 (1753625.000.000) 11/14 06:56:42 Image size of job updated: 293564
...
006 (1753625.000.000) 11/14 07:21:42 Image size of job updated: 294072
...
006 (1753625.000.000) 11/14 07:31:44 Image size of job updated: 294552
...
006 (1753625.000.000) 11/14 07:46:47 Image size of job updated: 294836
...
006 (1753625.000.000) 11/14 08:01:50 Image size of job updated: 295372
...
006 (1753625.000.000) 11/14 08:11:52 Image size of job updated: 297044
...
006 (1753625.000.000) 11/14 08:26:55 Image size of job updated: 297632
...
005 (1753625.000.000) 11/14 08:59:05 Job terminated.
	(1) Normal termination (return value 0)
		Usr 0 04:00:45, Sys 0 00:01:43  -  Run Remote Usage
		Usr 0 00:00:00, Sys 0 00:00:00  -  Run Local Usage
		Usr 0 04:00:45, Sys 0 00:01:43  -  Total Remote Usage
		Usr 0 00:00:00, Sys 0 00:00:00  -  Total Local Usage
	0  -  Run Bytes Sent By Job
	0  -  Run Bytes Received By Job
	0  -  Total Bytes Sent By Job
	0  -  Total Bytes Received By Job
...
