000 (1754626.000.000) 11/14 02:18:46 Job submitted from host: <130.199.206.69:49450>
...
001 (1754626.000.000) 11/14 05:45:34 Job executing on host: <130.199.183.20:45557>
...
006 (1754626.000.000) 11/14 05:45:43 Image size of job updated: 158400
...
006 (1754626.000.000) 11/14 05:50:44 Image size of job updated: 284160
...
006 (1754626.000.000) 11/14 05:55:45 Image size of job updated: 286160
...
006 (1754626.000.000) 11/14 06:00:46 Image size of job updated: 286380
...
006 (1754626.000.000) 11/14 06:05:47 Image size of job updated: 287020
...
006 (1754626.000.000) 11/14 06:10:48 Image size of job updated: 287484
...
006 (1754626.000.000) 11/14 06:15:49 Image size of job updated: 287588
...
006 (1754626.000.000) 11/14 06:20:50 Image size of job updated: 287900
...
006 (1754626.000.000) 11/14 06:25:51 Image size of job updated: 288020
...
006 (1754626.000.000) 11/14 06:30:52 Image size of job updated: 290944
...
006 (1754626.000.000) 11/14 06:35:53 Image size of job updated: 290964
...
006 (1754626.000.000) 11/14 07:00:58 Image size of job updated: 307012
...
006 (1754626.000.000) 11/14 07:05:59 Image size of job updated: 322372
...
006 (1754626.000.000) 11/14 07:11:00 Image size of job updated: 327492
...
006 (1754626.000.000) 11/14 07:16:01 Image size of job updated: 330564
...
006 (1754626.000.000) 11/14 07:21:02 Image size of job updated: 333636
...
006 (1754626.000.000) 11/14 07:26:03 Image size of job updated: 335684
...
006 (1754626.000.000) 11/14 07:31:04 Image size of job updated: 336708
...
006 (1754626.000.000) 11/14 07:36:04 Image size of job updated: 339784
...
006 (1754626.000.000) 11/14 07:41:04 Image size of job updated: 340808
...
006 (1754626.000.000) 11/14 07:46:04 Image size of job updated: 341832
...
006 (1754626.000.000) 11/14 07:51:04 Image size of job updated: 342856
...
006 (1754626.000.000) 11/14 08:06:04 Image size of job updated: 343880
...
006 (1754626.000.000) 11/14 08:11:04 Image size of job updated: 344904
...
006 (1754626.000.000) 11/14 08:26:04 Image size of job updated: 345928
...
005 (1754626.000.000) 11/14 10:00:38 Job terminated.
	(1) Normal termination (return value 0)
		Usr 0 02:58:48, Sys 0 00:01:13  -  Run Remote Usage
		Usr 0 00:00:00, Sys 0 00:00:00  -  Run Local Usage
		Usr 0 02:58:48, Sys 0 00:01:13  -  Total Remote Usage
		Usr 0 00:00:00, Sys 0 00:00:00  -  Total Local Usage
	0  -  Run Bytes Sent By Job
	0  -  Run Bytes Received By Job
	0  -  Total Bytes Sent By Job
	0  -  Total Bytes Received By Job
...
000 (1798268.000.000) 11/18 15:19:54 Job submitted from host: <130.199.206.69:49450>
...
001 (1798268.000.000) 11/18 15:29:05 Job executing on host: <130.199.206.153:47432>
...
006 (1798268.000.000) 11/18 15:34:12 Image size of job updated: 283432
...
006 (1798268.000.000) 11/18 15:39:13 Image size of job updated: 286204
...
006 (1798268.000.000) 11/18 15:44:14 Image size of job updated: 287464
...
006 (1798268.000.000) 11/18 15:49:15 Image size of job updated: 287504
...
006 (1798268.000.000) 11/18 15:54:16 Image size of job updated: 289076
...
006 (1798268.000.000) 11/18 16:04:18 Image size of job updated: 290632
...
006 (1798268.000.000) 11/18 16:09:19 Image size of job updated: 291704
...
006 (1798268.000.000) 11/19 05:05:37 Image size of job updated: 334792
...
006 (1798268.000.000) 11/19 05:10:38 Image size of job updated: 337864
...
006 (1798268.000.000) 11/19 05:25:41 Image size of job updated: 338888
...
006 (1798268.000.000) 11/19 05:30:42 Image size of job updated: 340936
...
009 (1798268.000.000) 11/19 06:29:15 Job was aborted by the user.
	The job attribute PeriodicRemove expression '(NumJobStarts >= 1 && JobStatus == 1) || (JobStatus == 2 && (CurrentTime - JobCurrentStartDate > (54000)) && ((RemoteUserCpu + RemoteSysCpu) / (CurrentTime - JobCurrentStartDate) < 0.100000)) || (((CurrentTime - EnteredCurrentStatus) > (2 * 24 * 3600)) && JobStatus == 5) || (JobRunCount >= 1 && JobStatus == 1)' evaluated to TRUE
...
000 (1804764.000.000) 11/21 22:32:12 Job submitted from host: <130.199.206.69:49450>
...
001 (1804764.000.000) 11/21 23:47:16 Job executing on host: <130.199.206.204:43967>
...
006 (1804764.000.000) 11/21 23:47:25 Image size of job updated: 141612
...
006 (1804764.000.000) 11/21 23:52:26 Image size of job updated: 186412
...
006 (1804764.000.000) 11/21 23:57:27 Image size of job updated: 192816
...
006 (1804764.000.000) 11/22 00:02:27 Image size of job updated: 279580
...
006 (1804764.000.000) 11/22 00:07:27 Image size of job updated: 284652
...
006 (1804764.000.000) 11/22 00:17:27 Image size of job updated: 285684
...
006 (1804764.000.000) 11/22 00:22:27 Image size of job updated: 286336
...
006 (1804764.000.000) 11/22 00:27:27 Image size of job updated: 290880
...
006 (1804764.000.000) 11/22 00:32:27 Image size of job updated: 291884
...
006 (1804764.000.000) 11/22 00:37:27 Image size of job updated: 292728
...
006 (1804764.000.000) 11/22 00:42:27 Image size of job updated: 293384
...
006 (1804764.000.000) 11/22 00:47:27 Image size of job updated: 293504
...
006 (1804764.000.000) 11/22 01:02:27 Image size of job updated: 293556
...
006 (1804764.000.000) 11/22 01:12:27 Image size of job updated: 294680
...
006 (1804764.000.000) 11/22 01:17:27 Image size of job updated: 295044
...
006 (1804764.000.000) 11/22 01:22:27 Image size of job updated: 295324
...
006 (1804764.000.000) 11/22 01:27:27 Image size of job updated: 295476
...
006 (1804764.000.000) 11/22 01:32:27 Image size of job updated: 295728
...
006 (1804764.000.000) 11/22 02:02:27 Image size of job updated: 296524
...
005 (1804764.000.000) 11/22 02:12:29 Job terminated.
	(1) Normal termination (return value 0)
		Usr 0 02:02:38, Sys 0 00:00:21  -  Run Remote Usage
		Usr 0 00:00:00, Sys 0 00:00:00  -  Run Local Usage
		Usr 0 02:02:38, Sys 0 00:00:21  -  Total Remote Usage
		Usr 0 00:00:00, Sys 0 00:00:00  -  Total Local Usage
	0  -  Run Bytes Sent By Job
	0  -  Run Bytes Received By Job
	0  -  Total Bytes Sent By Job
	0  -  Total Bytes Received By Job
...
