000 (1754561.000.000) 11/14 02:18:34 Job submitted from host: <130.199.206.69:49450>
...
001 (1754561.000.000) 11/14 05:55:47 Job executing on host: <130.199.206.71:43998>
...
006 (1754561.000.000) 11/14 06:00:57 Image size of job updated: 282064
...
006 (1754561.000.000) 11/14 06:05:58 Image size of job updated: 283808
...
006 (1754561.000.000) 11/14 06:15:58 Image size of job updated: 306184
...
006 (1754561.000.000) 11/14 06:20:58 Image size of job updated: 320520
...
006 (1754561.000.000) 11/14 06:25:58 Image size of job updated: 326664
...
006 (1754561.000.000) 11/14 06:30:58 Image size of job updated: 328712
...
006 (1754561.000.000) 11/14 06:35:58 Image size of job updated: 329736
...
006 (1754561.000.000) 11/14 06:45:58 Image size of job updated: 332808
...
006 (1754561.000.000) 11/14 06:50:58 Image size of job updated: 333832
...
006 (1754561.000.000) 11/14 06:55:58 Image size of job updated: 335880
...
006 (1754561.000.000) 11/14 07:36:06 Image size of job updated: 335916
...
006 (1754561.000.000) 11/14 07:41:06 Image size of job updated: 336756
...
006 (1754561.000.000) 11/14 08:16:06 Image size of job updated: 337228
...
006 (1754561.000.000) 11/14 08:56:14 Image size of job updated: 337780
...
006 (1754561.000.000) 11/14 09:01:14 Image size of job updated: 338464
...
005 (1754561.000.000) 11/14 09:23:01 Job terminated.
	(1) Normal termination (return value 0)
		Usr 0 03:09:08, Sys 0 00:00:50  -  Run Remote Usage
		Usr 0 00:00:00, Sys 0 00:00:00  -  Run Local Usage
		Usr 0 03:09:08, Sys 0 00:00:50  -  Total Remote Usage
		Usr 0 00:00:00, Sys 0 00:00:00  -  Total Local Usage
	0  -  Run Bytes Sent By Job
	0  -  Run Bytes Received By Job
	0  -  Total Bytes Sent By Job
	0  -  Total Bytes Received By Job
...
