000 (1754861.000.000) 11/14 02:19:12 Job submitted from host: <130.199.206.69:49450>
...
001 (1754861.000.000) 11/15 10:41:49 Job executing on host: <130.199.180.157:54764>
...
006 (1754861.000.000) 11/15 10:41:57 Image size of job updated: 40164
...
006 (1754861.000.000) 11/15 10:46:57 Image size of job updated: 214444
...
006 (1754861.000.000) 11/15 10:56:57 Image size of job updated: 280512
...
006 (1754861.000.000) 11/15 11:01:57 Image size of job updated: 282680
...
006 (1754861.000.000) 11/15 11:06:57 Image size of job updated: 287488
...
006 (1754861.000.000) 11/15 11:11:57 Image size of job updated: 288656
...
006 (1754861.000.000) 11/15 11:16:57 Image size of job updated: 289724
...
006 (1754861.000.000) 11/15 11:21:57 Image size of job updated: 290768
...
006 (1754861.000.000) 11/15 11:26:57 Image size of job updated: 292424
...
006 (1754861.000.000) 11/15 11:31:57 Image size of job updated: 292796
...
006 (1754861.000.000) 11/15 11:41:57 Image size of job updated: 295080
...
006 (1754861.000.000) 11/15 11:46:57 Image size of job updated: 295756
...
005 (1754861.000.000) 11/15 11:54:35 Job terminated.
	(1) Normal termination (return value 0)
		Usr 0 00:56:33, Sys 0 00:00:26  -  Run Remote Usage
		Usr 0 00:00:00, Sys 0 00:00:00  -  Run Local Usage
		Usr 0 00:56:33, Sys 0 00:00:26  -  Total Remote Usage
		Usr 0 00:00:00, Sys 0 00:00:00  -  Total Local Usage
	0  -  Run Bytes Sent By Job
	0  -  Run Bytes Received By Job
	0  -  Total Bytes Sent By Job
	0  -  Total Bytes Received By Job
...
