000 (1753491.000.000) 11/14 02:15:48 Job submitted from host: <130.199.206.69:49450>
...
001 (1753491.000.000) 11/14 04:20:15 Job executing on host: <130.199.206.150:55377>
...
006 (1753491.000.000) 11/14 04:25:25 Image size of job updated: 286048
...
006 (1753491.000.000) 11/14 04:30:26 Image size of job updated: 287280
...
006 (1753491.000.000) 11/14 04:35:27 Image size of job updated: 287652
...
006 (1753491.000.000) 11/14 04:45:29 Image size of job updated: 317884
...
006 (1753491.000.000) 11/14 04:50:30 Image size of job updated: 324692
...
006 (1753491.000.000) 11/14 04:55:31 Image size of job updated: 327768
...
006 (1753491.000.000) 11/14 05:00:32 Image size of job updated: 329816
...
006 (1753491.000.000) 11/14 05:05:33 Image size of job updated: 331864
...
006 (1753491.000.000) 11/14 05:10:34 Image size of job updated: 332888
...
006 (1753491.000.000) 11/14 05:15:35 Image size of job updated: 335964
...
006 (1753491.000.000) 11/14 05:20:36 Image size of job updated: 338012
...
006 (1753491.000.000) 11/14 05:25:37 Image size of job updated: 339036
...
006 (1753491.000.000) 11/14 05:35:39 Image size of job updated: 340060
...
006 (1753491.000.000) 11/14 05:40:39 Image size of job updated: 341084
...
006 (1753491.000.000) 11/14 06:05:39 Image size of job updated: 342108
...
006 (1753491.000.000) 11/14 06:35:39 Image size of job updated: 343132
...
006 (1753491.000.000) 11/14 06:40:39 Image size of job updated: 344156
...
006 (1753491.000.000) 11/14 07:05:43 Image size of job updated: 345180
...
006 (1753491.000.000) 11/14 07:50:52 Image size of job updated: 346204
...
005 (1753491.000.000) 11/14 07:54:22 Job terminated.
	(1) Normal termination (return value 0)
		Usr 0 03:11:10, Sys 0 00:01:08  -  Run Remote Usage
		Usr 0 00:00:00, Sys 0 00:00:00  -  Run Local Usage
		Usr 0 03:11:10, Sys 0 00:01:08  -  Total Remote Usage
		Usr 0 00:00:00, Sys 0 00:00:00  -  Total Local Usage
	0  -  Run Bytes Sent By Job
	0  -  Run Bytes Received By Job
	0  -  Total Bytes Sent By Job
	0  -  Total Bytes Received By Job
...
