000 (1753723.000.000) 11/14 02:16:28 Job submitted from host: <130.199.206.69:49450>
...
001 (1753723.000.000) 11/14 04:02:25 Job executing on host: <130.199.206.143:33062>
...
006 (1753723.000.000) 11/14 04:02:33 Image size of job updated: 8820
...
006 (1753723.000.000) 11/14 04:07:33 Image size of job updated: 281736
...
006 (1753723.000.000) 11/14 04:12:33 Image size of job updated: 284300
...
006 (1753723.000.000) 11/14 04:17:33 Image size of job updated: 284796
...
006 (1753723.000.000) 11/14 04:22:33 Image size of job updated: 288124
...
006 (1753723.000.000) 11/14 04:27:33 Image size of job updated: 288976
...
006 (1753723.000.000) 11/14 04:32:33 Image size of job updated: 289352
...
006 (1753723.000.000) 11/14 04:37:33 Image size of job updated: 289756
...
006 (1753723.000.000) 11/14 04:42:33 Image size of job updated: 290540
...
006 (1753723.000.000) 11/14 04:47:33 Image size of job updated: 290664
...
006 (1753723.000.000) 11/14 04:52:33 Image size of job updated: 291224
...
006 (1753723.000.000) 11/14 04:57:34 Image size of job updated: 291680
...
006 (1753723.000.000) 11/14 05:02:35 Image size of job updated: 292500
...
006 (1753723.000.000) 11/14 05:12:37 Image size of job updated: 319520
...
006 (1753723.000.000) 11/14 05:17:38 Image size of job updated: 326688
...
006 (1753723.000.000) 11/14 05:22:39 Image size of job updated: 332832
...
006 (1753723.000.000) 11/14 05:27:40 Image size of job updated: 333856
...
006 (1753723.000.000) 11/14 05:32:41 Image size of job updated: 334880
...
006 (1753723.000.000) 11/14 05:37:42 Image size of job updated: 337952
...
006 (1753723.000.000) 11/14 05:42:43 Image size of job updated: 338976
...
006 (1753723.000.000) 11/14 05:47:44 Image size of job updated: 340000
...
006 (1753723.000.000) 11/14 05:52:45 Image size of job updated: 341024
...
006 (1753723.000.000) 11/14 06:17:50 Image size of job updated: 342048
...
005 (1753723.000.000) 11/14 06:22:45 Job terminated.
	(1) Normal termination (return value 0)
		Usr 0 02:10:26, Sys 0 00:00:39  -  Run Remote Usage
		Usr 0 00:00:00, Sys 0 00:00:00  -  Run Local Usage
		Usr 0 02:10:26, Sys 0 00:00:39  -  Total Remote Usage
		Usr 0 00:00:00, Sys 0 00:00:00  -  Total Local Usage
	0  -  Run Bytes Sent By Job
	0  -  Run Bytes Received By Job
	0  -  Total Bytes Sent By Job
	0  -  Total Bytes Received By Job
...
