000 (1755285.000.000) 11/14 02:20:03 Job submitted from host: <130.199.206.69:49450>
...
001 (1755285.000.000) 11/15 12:37:29 Job executing on host: <130.199.183.14:48158>
...
006 (1755285.000.000) 11/15 12:42:39 Image size of job updated: 277304
...
006 (1755285.000.000) 11/15 12:47:40 Image size of job updated: 291340
...
006 (1755285.000.000) 11/15 12:52:41 Image size of job updated: 293288
...
006 (1755285.000.000) 11/15 13:02:43 Image size of job updated: 295448
...
006 (1755285.000.000) 11/15 13:07:44 Image size of job updated: 295748
...
006 (1755285.000.000) 11/15 13:12:45 Image size of job updated: 295928
...
006 (1755285.000.000) 11/15 13:22:47 Image size of job updated: 297864
...
006 (1755285.000.000) 11/15 13:27:48 Image size of job updated: 298104
...
006 (1755285.000.000) 11/15 13:42:51 Image size of job updated: 298680
...
006 (1755285.000.000) 11/15 13:52:53 Image size of job updated: 298800
...
006 (1755285.000.000) 11/15 14:12:57 Image size of job updated: 299596
...
005 (1755285.000.000) 11/15 14:15:46 Job terminated.
	(1) Normal termination (return value 0)
		Usr 0 01:23:25, Sys 0 00:00:55  -  Run Remote Usage
		Usr 0 00:00:00, Sys 0 00:00:00  -  Run Local Usage
		Usr 0 01:23:25, Sys 0 00:00:55  -  Total Remote Usage
		Usr 0 00:00:00, Sys 0 00:00:00  -  Total Local Usage
	0  -  Run Bytes Sent By Job
	0  -  Run Bytes Received By Job
	0  -  Total Bytes Sent By Job
	0  -  Total Bytes Received By Job
...
