000 (1754393.000.000) 11/14 02:18:20 Job submitted from host: <130.199.206.69:49450>
...
001 (1754393.000.000) 11/14 05:15:37 Job executing on host: <130.199.183.21:49750>
...
006 (1754393.000.000) 11/14 05:15:46 Image size of job updated: 72784
...
006 (1754393.000.000) 11/14 05:20:47 Image size of job updated: 274668
...
006 (1754393.000.000) 11/14 05:25:48 Image size of job updated: 279268
...
006 (1754393.000.000) 11/14 05:30:49 Image size of job updated: 283888
...
006 (1754393.000.000) 11/14 05:35:50 Image size of job updated: 284232
...
006 (1754393.000.000) 11/14 05:40:51 Image size of job updated: 289284
...
006 (1754393.000.000) 11/14 05:45:52 Image size of job updated: 292276
...
006 (1754393.000.000) 11/14 05:50:53 Image size of job updated: 293100
...
006 (1754393.000.000) 11/14 06:05:56 Image size of job updated: 293472
...
006 (1754393.000.000) 11/14 06:10:57 Image size of job updated: 295620
...
006 (1754393.000.000) 11/14 06:20:59 Image size of job updated: 295812
...
006 (1754393.000.000) 11/14 06:26:00 Image size of job updated: 296308
...
006 (1754393.000.000) 11/14 06:31:01 Image size of job updated: 297696
...
006 (1754393.000.000) 11/14 06:51:05 Image size of job updated: 298108
...
006 (1754393.000.000) 11/14 07:01:07 Image size of job updated: 298160
...
005 (1754393.000.000) 11/14 07:04:09 Job terminated.
	(1) Normal termination (return value 0)
		Usr 0 01:33:02, Sys 0 00:00:39  -  Run Remote Usage
		Usr 0 00:00:00, Sys 0 00:00:00  -  Run Local Usage
		Usr 0 01:33:02, Sys 0 00:00:39  -  Total Remote Usage
		Usr 0 00:00:00, Sys 0 00:00:00  -  Total Local Usage
	0  -  Run Bytes Sent By Job
	0  -  Run Bytes Received By Job
	0  -  Total Bytes Sent By Job
	0  -  Total Bytes Received By Job
...
