000 (1754635.000.000) 11/14 02:18:46 Job submitted from host: <130.199.206.69:49450>
...
001 (1754635.000.000) 11/14 05:39:58 Job executing on host: <130.199.180.167:33733>
...
006 (1754635.000.000) 11/14 05:40:07 Image size of job updated: 189580
...
006 (1754635.000.000) 11/14 05:45:08 Image size of job updated: 284404
...
006 (1754635.000.000) 11/14 05:50:09 Image size of job updated: 285944
...
006 (1754635.000.000) 11/14 05:55:10 Image size of job updated: 286492
...
006 (1754635.000.000) 11/14 06:05:12 Image size of job updated: 287396
...
006 (1754635.000.000) 11/14 06:15:14 Image size of job updated: 288400
...
006 (1754635.000.000) 11/14 06:20:15 Image size of job updated: 290348
...
006 (1754635.000.000) 11/14 06:30:17 Image size of job updated: 292400
...
006 (1754635.000.000) 11/14 06:45:20 Image size of job updated: 292716
...
006 (1754635.000.000) 11/14 06:55:22 Image size of job updated: 293564
...
006 (1754635.000.000) 11/14 07:00:23 Image size of job updated: 293940
...
006 (1754635.000.000) 11/14 07:15:26 Image size of job updated: 294160
...
006 (1754635.000.000) 11/14 07:20:27 Image size of job updated: 294260
...
006 (1754635.000.000) 11/14 07:25:28 Image size of job updated: 294804
...
006 (1754635.000.000) 11/14 08:50:45 Image size of job updated: 294812
...
006 (1754635.000.000) 11/14 09:00:47 Image size of job updated: 295132
...
006 (1754635.000.000) 11/14 09:10:49 Image size of job updated: 295548
...
006 (1754635.000.000) 11/14 09:20:51 Image size of job updated: 295632
...
006 (1754635.000.000) 11/14 09:35:54 Image size of job updated: 297148
...
005 (1754635.000.000) 11/14 10:04:57 Job terminated.
	(1) Normal termination (return value 0)
		Usr 0 04:00:19, Sys 0 00:01:55  -  Run Remote Usage
		Usr 0 00:00:00, Sys 0 00:00:00  -  Run Local Usage
		Usr 0 04:00:19, Sys 0 00:01:55  -  Total Remote Usage
		Usr 0 00:00:00, Sys 0 00:00:00  -  Total Local Usage
	0  -  Run Bytes Sent By Job
	0  -  Run Bytes Received By Job
	0  -  Total Bytes Sent By Job
	0  -  Total Bytes Received By Job
...
