000 (1754617.000.000) 11/14 02:18:46 Job submitted from host: <130.199.206.69:49450>
...
001 (1754617.000.000) 11/14 05:24:36 Job executing on host: <130.199.180.166:41628>
...
006 (1754617.000.000) 11/14 05:29:44 Image size of job updated: 283148
...
006 (1754617.000.000) 11/14 05:34:44 Image size of job updated: 283500
...
006 (1754617.000.000) 11/14 05:39:44 Image size of job updated: 284416
...
006 (1754617.000.000) 11/14 05:49:44 Image size of job updated: 288400
...
006 (1754617.000.000) 11/14 06:04:45 Image size of job updated: 290744
...
006 (1754617.000.000) 11/14 06:09:46 Image size of job updated: 291356
...
006 (1754617.000.000) 11/14 06:14:47 Image size of job updated: 292204
...
006 (1754617.000.000) 11/14 06:19:48 Image size of job updated: 292600
...
006 (1754617.000.000) 11/14 06:29:50 Image size of job updated: 292684
...
006 (1754617.000.000) 11/14 06:34:51 Image size of job updated: 294372
...
006 (1754617.000.000) 11/14 06:39:52 Image size of job updated: 295948
...
006 (1754617.000.000) 11/14 06:44:53 Image size of job updated: 296424
...
006 (1754617.000.000) 11/14 06:49:54 Image size of job updated: 296492
...
006 (1754617.000.000) 11/14 06:54:55 Image size of job updated: 297672
...
006 (1754617.000.000) 11/14 07:25:01 Image size of job updated: 297760
...
005 (1754617.000.000) 11/14 07:45:02 Job terminated.
	(1) Normal termination (return value 0)
		Usr 0 02:09:50, Sys 0 00:00:48  -  Run Remote Usage
		Usr 0 00:00:00, Sys 0 00:00:00  -  Run Local Usage
		Usr 0 02:09:50, Sys 0 00:00:48  -  Total Remote Usage
		Usr 0 00:00:00, Sys 0 00:00:00  -  Total Local Usage
	0  -  Run Bytes Sent By Job
	0  -  Run Bytes Received By Job
	0  -  Total Bytes Sent By Job
	0  -  Total Bytes Received By Job
...
