000 (1754604.000.000) 11/14 02:18:46 Job submitted from host: <130.199.206.69:49450>
...
001 (1754604.000.000) 11/14 05:36:55 Job executing on host: <130.199.183.23:36199>
...
006 (1754604.000.000) 11/14 05:37:03 Image size of job updated: 246532
...
006 (1754604.000.000) 11/14 05:42:03 Image size of job updated: 283876
...
006 (1754604.000.000) 11/14 05:47:03 Image size of job updated: 285940
...
006 (1754604.000.000) 11/14 05:57:03 Image size of job updated: 287780
...
006 (1754604.000.000) 11/14 06:02:03 Image size of job updated: 288096
...
006 (1754604.000.000) 11/14 06:07:03 Image size of job updated: 288868
...
006 (1754604.000.000) 11/14 06:12:03 Image size of job updated: 289276
...
006 (1754604.000.000) 11/14 06:22:03 Image size of job updated: 291624
...
006 (1754604.000.000) 11/14 06:27:03 Image size of job updated: 291828
...
006 (1754604.000.000) 11/14 06:42:03 Image size of job updated: 292128
...
006 (1754604.000.000) 11/14 06:57:03 Image size of job updated: 292644
...
006 (1754604.000.000) 11/14 07:02:03 Image size of job updated: 293588
...
006 (1754604.000.000) 11/14 07:12:03 Image size of job updated: 311152
...
006 (1754604.000.000) 11/14 07:17:03 Image size of job updated: 329584
...
005 (1754604.000.000) 11/14 07:17:44 Job terminated.
	(1) Normal termination (return value 0)
		Usr 0 01:28:03, Sys 0 00:00:47  -  Run Remote Usage
		Usr 0 00:00:00, Sys 0 00:00:00  -  Run Local Usage
		Usr 0 01:28:03, Sys 0 00:00:47  -  Total Remote Usage
		Usr 0 00:00:00, Sys 0 00:00:00  -  Total Local Usage
	0  -  Run Bytes Sent By Job
	0  -  Run Bytes Received By Job
	0  -  Total Bytes Sent By Job
	0  -  Total Bytes Received By Job
...
