000 (1754124.000.000) 11/14 02:17:37 Job submitted from host: <130.199.206.69:49450>
...
001 (1754124.000.000) 11/14 04:37:53 Job executing on host: <130.199.180.162:36052>
...
006 (1754124.000.000) 11/14 04:38:02 Image size of job updated: 270008
...
006 (1754124.000.000) 11/14 04:43:03 Image size of job updated: 289160
...
006 (1754124.000.000) 11/14 04:48:04 Image size of job updated: 290644
...
005 (1754124.000.000) 11/14 04:52:56 Job terminated.
	(1) Normal termination (return value 0)
		Usr 0 00:13:06, Sys 0 00:00:09  -  Run Remote Usage
		Usr 0 00:00:00, Sys 0 00:00:00  -  Run Local Usage
		Usr 0 00:13:06, Sys 0 00:00:09  -  Total Remote Usage
		Usr 0 00:00:00, Sys 0 00:00:00  -  Total Local Usage
	0  -  Run Bytes Sent By Job
	0  -  Run Bytes Received By Job
	0  -  Total Bytes Sent By Job
	0  -  Total Bytes Received By Job
...
