000 (1754869.000.000) 11/14 02:19:12 Job submitted from host: <130.199.206.69:49450>
...
001 (1754869.000.000) 11/14 13:08:22 Job executing on host: <130.199.180.139:35175>
...
006 (1754869.000.000) 11/14 13:08:30 Image size of job updated: 72760
...
006 (1754869.000.000) 11/14 13:13:30 Image size of job updated: 282628
...
006 (1754869.000.000) 11/14 13:18:30 Image size of job updated: 285216
...
006 (1754869.000.000) 11/14 13:23:30 Image size of job updated: 286400
...
006 (1754869.000.000) 11/14 13:28:30 Image size of job updated: 287248
...
006 (1754869.000.000) 11/14 13:38:30 Image size of job updated: 287988
...
006 (1754869.000.000) 11/14 13:43:30 Image size of job updated: 288148
...
006 (1754869.000.000) 11/14 13:48:30 Image size of job updated: 288668
...
006 (1754869.000.000) 11/14 13:53:30 Image size of job updated: 288756
...
006 (1754869.000.000) 11/14 13:58:30 Image size of job updated: 288856
...
006 (1754869.000.000) 11/14 14:03:30 Image size of job updated: 291748
...
006 (1754869.000.000) 11/14 14:18:30 Image size of job updated: 313768
...
006 (1754869.000.000) 11/14 14:23:30 Image size of job updated: 330168
...
005 (1754869.000.000) 11/14 14:26:14 Job terminated.
	(1) Normal termination (return value 0)
		Usr 0 01:07:36, Sys 0 00:00:32  -  Run Remote Usage
		Usr 0 00:00:00, Sys 0 00:00:00  -  Run Local Usage
		Usr 0 01:07:36, Sys 0 00:00:32  -  Total Remote Usage
		Usr 0 00:00:00, Sys 0 00:00:00  -  Total Local Usage
	0  -  Run Bytes Sent By Job
	0  -  Run Bytes Received By Job
	0  -  Total Bytes Sent By Job
	0  -  Total Bytes Received By Job
...
