000 (1755457.000.000) 11/14 02:20:10 Job submitted from host: <130.199.206.69:49450>
...
001 (1755457.000.000) 11/15 21:21:56 Job executing on host: <130.199.180.138:44036>
...
006 (1755457.000.000) 11/15 21:22:04 Image size of job updated: 173940
...
006 (1755457.000.000) 11/15 21:27:04 Image size of job updated: 286808
...
006 (1755457.000.000) 11/15 21:32:04 Image size of job updated: 324992
...
005 (1755457.000.000) 11/15 21:32:58 Job terminated.
	(1) Normal termination (return value 0)
		Usr 0 00:09:30, Sys 0 00:00:03  -  Run Remote Usage
		Usr 0 00:00:00, Sys 0 00:00:00  -  Run Local Usage
		Usr 0 00:09:30, Sys 0 00:00:03  -  Total Remote Usage
		Usr 0 00:00:00, Sys 0 00:00:00  -  Total Local Usage
	0  -  Run Bytes Sent By Job
	0  -  Run Bytes Received By Job
	0  -  Total Bytes Sent By Job
	0  -  Total Bytes Received By Job
...
