000 (1753481.000.000) 11/14 02:15:48 Job submitted from host: <130.199.206.69:49450>
...
001 (1753481.000.000) 11/14 07:37:50 Job executing on host: <130.199.183.18:59916>
...
006 (1753481.000.000) 11/14 07:37:59 Image size of job updated: 145512
...
006 (1753481.000.000) 11/14 07:43:00 Image size of job updated: 285516
...
006 (1753481.000.000) 11/14 07:48:01 Image size of job updated: 286132
...
006 (1753481.000.000) 11/14 07:53:02 Image size of job updated: 287640
...
006 (1753481.000.000) 11/14 08:08:05 Image size of job updated: 288460
...
006 (1753481.000.000) 11/14 08:13:06 Image size of job updated: 288916
...
006 (1753481.000.000) 11/14 08:18:07 Image size of job updated: 290724
...
006 (1753481.000.000) 11/14 08:23:08 Image size of job updated: 290972
...
006 (1753481.000.000) 11/14 08:33:10 Image size of job updated: 291648
...
006 (1753481.000.000) 11/14 08:38:11 Image size of job updated: 292268
...
006 (1753481.000.000) 11/14 08:43:12 Image size of job updated: 293228
...
005 (1753481.000.000) 11/14 09:00:19 Job terminated.
	(1) Normal termination (return value 0)
		Usr 0 01:07:46, Sys 0 00:00:27  -  Run Remote Usage
		Usr 0 00:00:00, Sys 0 00:00:00  -  Run Local Usage
		Usr 0 01:07:46, Sys 0 00:00:27  -  Total Remote Usage
		Usr 0 00:00:00, Sys 0 00:00:00  -  Total Local Usage
	0  -  Run Bytes Sent By Job
	0  -  Run Bytes Received By Job
	0  -  Total Bytes Sent By Job
	0  -  Total Bytes Received By Job
...
000 (1798178.000.000) 11/18 15:19:54 Job submitted from host: <130.199.206.69:49450>
...
001 (1798178.000.000) 11/18 15:27:11 Job executing on host: <130.199.183.22:48346>
...
006 (1798178.000.000) 11/18 15:27:20 Image size of job updated: 9472
...
006 (1798178.000.000) 11/18 15:32:21 Image size of job updated: 192292
...
006 (1798178.000.000) 11/18 15:37:22 Image size of job updated: 285808
...
006 (1798178.000.000) 11/18 15:42:23 Image size of job updated: 286740
...
006 (1798178.000.000) 11/18 15:47:24 Image size of job updated: 287092
...
006 (1798178.000.000) 11/18 15:52:25 Image size of job updated: 288476
...
006 (1798178.000.000) 11/18 15:57:26 Image size of job updated: 290496
...
006 (1798178.000.000) 11/18 16:02:27 Image size of job updated: 292160
...
006 (1798178.000.000) 11/18 16:07:28 Image size of job updated: 293560
...
006 (1798178.000.000) 11/18 16:17:30 Image size of job updated: 294000
...
006 (1798178.000.000) 11/18 16:32:33 Image size of job updated: 294484
...
006 (1798178.000.000) 11/18 16:37:34 Image size of job updated: 294964
...
006 (1798178.000.000) 11/18 16:47:36 Image size of job updated: 299032
...
005 (1798178.000.000) 11/18 16:47:52 Job terminated.
	(1) Normal termination (return value 0)
		Usr 0 01:06:56, Sys 0 00:00:15  -  Run Remote Usage
		Usr 0 00:00:00, Sys 0 00:00:00  -  Run Local Usage
		Usr 0 01:06:56, Sys 0 00:00:15  -  Total Remote Usage
		Usr 0 00:00:00, Sys 0 00:00:00  -  Total Local Usage
	0  -  Run Bytes Sent By Job
	0  -  Run Bytes Received By Job
	0  -  Total Bytes Sent By Job
	0  -  Total Bytes Received By Job
...
