000 (1754079.000.000) 11/14 02:17:37 Job submitted from host: <130.199.206.69:49450>
...
001 (1754079.000.000) 11/14 08:33:14 Job executing on host: <130.199.180.163:49954>
...
006 (1754079.000.000) 11/14 08:33:23 Image size of job updated: 185416
...
006 (1754079.000.000) 11/14 08:38:24 Image size of job updated: 285828
...
006 (1754079.000.000) 11/14 08:43:25 Image size of job updated: 285852
...
006 (1754079.000.000) 11/14 08:48:26 Image size of job updated: 286036
...
006 (1754079.000.000) 11/14 08:53:27 Image size of job updated: 287604
...
006 (1754079.000.000) 11/14 08:58:28 Image size of job updated: 288568
...
006 (1754079.000.000) 11/14 09:03:29 Image size of job updated: 289612
...
006 (1754079.000.000) 11/14 09:13:31 Image size of job updated: 291916
...
006 (1754079.000.000) 11/14 09:33:35 Image size of job updated: 292276
...
006 (1754079.000.000) 11/14 09:43:37 Image size of job updated: 292672
...
006 (1754079.000.000) 11/14 09:48:38 Image size of job updated: 293940
...
006 (1754079.000.000) 11/14 09:53:39 Image size of job updated: 294268
...
006 (1754079.000.000) 11/14 10:03:41 Image size of job updated: 294440
...
006 (1754079.000.000) 11/14 10:23:45 Image size of job updated: 294492
...
006 (1754079.000.000) 11/14 10:38:48 Image size of job updated: 295264
...
006 (1754079.000.000) 11/14 11:08:54 Image size of job updated: 295368
...
006 (1754079.000.000) 11/14 11:13:55 Image size of job updated: 295452
...
006 (1754079.000.000) 11/14 11:18:56 Image size of job updated: 295560
...
006 (1754079.000.000) 11/14 11:23:57 Image size of job updated: 295616
...
006 (1754079.000.000) 11/14 11:28:58 Image size of job updated: 308660
...
006 (1754079.000.000) 11/14 11:33:59 Image size of job updated: 328116
...
006 (1754079.000.000) 11/14 11:39:00 Image size of job updated: 339380
...
006 (1754079.000.000) 11/14 11:44:01 Image size of job updated: 341428
...
006 (1754079.000.000) 11/14 11:54:03 Image size of job updated: 342452
...
006 (1754079.000.000) 11/14 11:59:04 Image size of job updated: 343476
...
006 (1754079.000.000) 11/14 12:04:04 Image size of job updated: 344500
...
006 (1754079.000.000) 11/14 12:09:04 Image size of job updated: 345524
...
006 (1754079.000.000) 11/14 12:14:04 Image size of job updated: 346548
...
005 (1754079.000.000) 11/14 12:18:30 Job terminated.
	(1) Normal termination (return value 0)
		Usr 0 03:27:00, Sys 0 00:01:59  -  Run Remote Usage
		Usr 0 00:00:00, Sys 0 00:00:00  -  Run Local Usage
		Usr 0 03:27:00, Sys 0 00:01:59  -  Total Remote Usage
		Usr 0 00:00:00, Sys 0 00:00:00  -  Total Local Usage
	0  -  Run Bytes Sent By Job
	0  -  Run Bytes Received By Job
	0  -  Total Bytes Sent By Job
	0  -  Total Bytes Received By Job
...
