000 (1754822.000.000) 11/14 02:19:12 Job submitted from host: <130.199.206.69:49450>
...
001 (1754822.000.000) 11/14 16:50:01 Job executing on host: <130.199.207.35:33952>
...
006 (1754822.000.000) 11/14 16:55:09 Image size of job updated: 173760
...
006 (1754822.000.000) 11/14 17:00:09 Image size of job updated: 183448
...
006 (1754822.000.000) 11/14 17:05:09 Image size of job updated: 186788
...
006 (1754822.000.000) 11/14 17:10:09 Image size of job updated: 284064
...
006 (1754822.000.000) 11/14 17:15:09 Image size of job updated: 285712
...
006 (1754822.000.000) 11/14 17:25:09 Image size of job updated: 286592
...
006 (1754822.000.000) 11/14 17:30:10 Image size of job updated: 287260
...
006 (1754822.000.000) 11/14 17:35:11 Image size of job updated: 287476
...
006 (1754822.000.000) 11/14 17:40:12 Image size of job updated: 287764
...
006 (1754822.000.000) 11/14 17:45:13 Image size of job updated: 288240
...
006 (1754822.000.000) 11/14 17:50:14 Image size of job updated: 290984
...
006 (1754822.000.000) 11/14 17:55:15 Image size of job updated: 292340
...
006 (1754822.000.000) 11/14 18:10:18 Image size of job updated: 292812
...
006 (1754822.000.000) 11/14 18:20:20 Image size of job updated: 318908
...
006 (1754822.000.000) 11/14 18:25:21 Image size of job updated: 327100
...
006 (1754822.000.000) 11/14 18:30:22 Image size of job updated: 333244
...
006 (1754822.000.000) 11/14 18:35:22 Image size of job updated: 335292
...
006 (1754822.000.000) 11/14 18:40:22 Image size of job updated: 336316
...
006 (1754822.000.000) 11/14 18:45:22 Image size of job updated: 339388
...
006 (1754822.000.000) 11/14 18:50:22 Image size of job updated: 340412
...
006 (1754822.000.000) 11/14 18:55:22 Image size of job updated: 341436
...
006 (1754822.000.000) 11/14 19:00:22 Image size of job updated: 342460
...
006 (1754822.000.000) 11/14 19:15:22 Image size of job updated: 343484
...
006 (1754822.000.000) 11/14 19:25:22 Image size of job updated: 344508
...
005 (1754822.000.000) 11/14 20:17:21 Job terminated.
	(1) Normal termination (return value 0)
		Usr 0 02:59:43, Sys 0 00:00:42  -  Run Remote Usage
		Usr 0 00:00:00, Sys 0 00:00:00  -  Run Local Usage
		Usr 0 02:59:43, Sys 0 00:00:42  -  Total Remote Usage
		Usr 0 00:00:00, Sys 0 00:00:00  -  Total Local Usage
	0  -  Run Bytes Sent By Job
	0  -  Run Bytes Received By Job
	0  -  Total Bytes Sent By Job
	0  -  Total Bytes Received By Job
...
