000 (1755443.000.000) 11/14 02:20:10 Job submitted from host: <130.199.206.69:49450>
...
001 (1755443.000.000) 11/15 21:23:57 Job executing on host: <130.199.183.30:49801>
...
006 (1755443.000.000) 11/15 21:24:06 Image size of job updated: 182800
...
006 (1755443.000.000) 11/15 21:29:07 Image size of job updated: 278092
...
006 (1755443.000.000) 11/15 21:34:08 Image size of job updated: 283044
...
006 (1755443.000.000) 11/15 21:39:09 Image size of job updated: 290164
...
006 (1755443.000.000) 11/15 21:44:10 Image size of job updated: 290424
...
006 (1755443.000.000) 11/15 21:49:11 Image size of job updated: 290504
...
005 (1755443.000.000) 11/15 22:00:19 Job terminated.
	(1) Normal termination (return value 0)
		Usr 0 00:33:20, Sys 0 00:00:17  -  Run Remote Usage
		Usr 0 00:00:00, Sys 0 00:00:00  -  Run Local Usage
		Usr 0 00:33:20, Sys 0 00:00:17  -  Total Remote Usage
		Usr 0 00:00:00, Sys 0 00:00:00  -  Total Local Usage
	0  -  Run Bytes Sent By Job
	0  -  Run Bytes Received By Job
	0  -  Total Bytes Sent By Job
	0  -  Total Bytes Received By Job
...
