000 (1753423.000.000) 11/14 02:14:53 Job submitted from host: <130.199.206.69:49450>
...
001 (1753423.000.000) 11/14 04:12:40 Job executing on host: <130.199.180.133:47323>
...
006 (1753423.000.000) 11/14 04:17:50 Image size of job updated: 285248
...
006 (1753423.000.000) 11/14 04:22:51 Image size of job updated: 287628
...
006 (1753423.000.000) 11/14 04:27:52 Image size of job updated: 287848
...
006 (1753423.000.000) 11/14 04:32:53 Image size of job updated: 291904
...
006 (1753423.000.000) 11/14 04:37:54 Image size of job updated: 294828
...
006 (1753423.000.000) 11/14 04:42:55 Image size of job updated: 295928
...
005 (1753423.000.000) 11/14 04:43:46 Job terminated.
	(1) Normal termination (return value 0)
		Usr 0 00:28:05, Sys 0 00:00:11  -  Run Remote Usage
		Usr 0 00:00:00, Sys 0 00:00:00  -  Run Local Usage
		Usr 0 00:28:05, Sys 0 00:00:11  -  Total Remote Usage
		Usr 0 00:00:00, Sys 0 00:00:00  -  Total Local Usage
	0  -  Run Bytes Sent By Job
	0  -  Run Bytes Received By Job
	0  -  Total Bytes Sent By Job
	0  -  Total Bytes Received By Job
...
