000 (1753910.000.000) 11/14 02:17:04 Job submitted from host: <130.199.206.69:49450>
...
001 (1753910.000.000) 11/14 04:18:46 Job executing on host: <130.199.183.28:53536>
...
006 (1753910.000.000) 11/14 04:23:54 Image size of job updated: 285524
...
006 (1753910.000.000) 11/14 04:28:54 Image size of job updated: 286380
...
006 (1753910.000.000) 11/14 04:33:55 Image size of job updated: 287792
...
006 (1753910.000.000) 11/14 04:43:57 Image size of job updated: 288256
...
006 (1753910.000.000) 11/14 04:48:58 Image size of job updated: 289992
...
006 (1753910.000.000) 11/14 04:53:59 Image size of job updated: 291264
...
006 (1753910.000.000) 11/14 05:04:01 Image size of job updated: 291644
...
006 (1753910.000.000) 11/14 05:09:02 Image size of job updated: 292848
...
006 (1753910.000.000) 11/14 05:14:03 Image size of job updated: 293064
...
006 (1753910.000.000) 11/14 05:24:05 Image size of job updated: 293324
...
006 (1753910.000.000) 11/14 05:49:10 Image size of job updated: 294564
...
006 (1753910.000.000) 11/14 05:54:11 Image size of job updated: 295356
...
006 (1753910.000.000) 11/14 05:59:12 Image size of job updated: 295616
...
006 (1753910.000.000) 11/14 06:04:13 Image size of job updated: 295876
...
006 (1753910.000.000) 11/14 06:34:19 Image size of job updated: 296436
...
006 (1753910.000.000) 11/14 06:39:20 Image size of job updated: 296824
...
006 (1753910.000.000) 11/14 06:44:21 Image size of job updated: 297096
...
006 (1753910.000.000) 11/14 07:09:26 Image size of job updated: 298016
...
005 (1753910.000.000) 11/14 07:39:33 Job terminated.
	(1) Normal termination (return value 0)
		Usr 0 03:00:40, Sys 0 00:01:13  -  Run Remote Usage
		Usr 0 00:00:00, Sys 0 00:00:00  -  Run Local Usage
		Usr 0 03:00:40, Sys 0 00:01:13  -  Total Remote Usage
		Usr 0 00:00:00, Sys 0 00:00:00  -  Total Local Usage
	0  -  Run Bytes Sent By Job
	0  -  Run Bytes Received By Job
	0  -  Total Bytes Sent By Job
	0  -  Total Bytes Received By Job
...
