000 (1753922.000.000) 11/14 02:17:04 Job submitted from host: <130.199.206.69:49450>
...
001 (1753922.000.000) 11/14 08:14:49 Job executing on host: <130.199.180.178:51879>
...
006 (1753922.000.000) 11/14 08:14:58 Image size of job updated: 173936
...
006 (1753922.000.000) 11/14 08:19:59 Image size of job updated: 284040
...
006 (1753922.000.000) 11/14 08:25:00 Image size of job updated: 286152
...
006 (1753922.000.000) 11/14 08:30:01 Image size of job updated: 286452
...
006 (1753922.000.000) 11/14 08:35:02 Image size of job updated: 287004
...
006 (1753922.000.000) 11/14 08:40:03 Image size of job updated: 287036
...
006 (1753922.000.000) 11/14 08:45:04 Image size of job updated: 288016
...
006 (1753922.000.000) 11/14 08:50:05 Image size of job updated: 288084
...
006 (1753922.000.000) 11/14 08:55:06 Image size of job updated: 290604
...
006 (1753922.000.000) 11/14 09:20:11 Image size of job updated: 290820
...
006 (1753922.000.000) 11/14 09:25:12 Image size of job updated: 291160
...
006 (1753922.000.000) 11/14 09:35:14 Image size of job updated: 291920
...
006 (1753922.000.000) 11/14 09:45:16 Image size of job updated: 292516
...
006 (1753922.000.000) 11/14 10:00:19 Image size of job updated: 292892
...
006 (1753922.000.000) 11/14 10:05:20 Image size of job updated: 292972
...
006 (1753922.000.000) 11/14 10:10:21 Image size of job updated: 293508
...
006 (1753922.000.000) 11/14 10:15:22 Image size of job updated: 293724
...
006 (1753922.000.000) 11/14 10:30:25 Image size of job updated: 293904
...
006 (1753922.000.000) 11/14 10:40:27 Image size of job updated: 293920
...
006 (1753922.000.000) 11/14 10:45:28 Image size of job updated: 293944
...
006 (1753922.000.000) 11/14 10:50:29 Image size of job updated: 293952
...
006 (1753922.000.000) 11/14 11:20:29 Image size of job updated: 294680
...
006 (1753922.000.000) 11/14 11:25:29 Image size of job updated: 294744
...
006 (1753922.000.000) 11/14 11:30:29 Image size of job updated: 295272
...
006 (1753922.000.000) 11/14 11:35:29 Image size of job updated: 295488
...
006 (1753922.000.000) 11/14 11:45:29 Image size of job updated: 296088
...
005 (1753922.000.000) 11/14 12:20:45 Job terminated.
	(1) Normal termination (return value 0)
		Usr 0 03:20:40, Sys 0 00:01:51  -  Run Remote Usage
		Usr 0 00:00:00, Sys 0 00:00:00  -  Run Local Usage
		Usr 0 03:20:40, Sys 0 00:01:51  -  Total Remote Usage
		Usr 0 00:00:00, Sys 0 00:00:00  -  Total Local Usage
	0  -  Run Bytes Sent By Job
	0  -  Run Bytes Received By Job
	0  -  Total Bytes Sent By Job
	0  -  Total Bytes Received By Job
...
