000 (1755137.000.000) 11/14 02:19:46 Job submitted from host: <130.199.206.69:49450>
...
001 (1755137.000.000) 11/15 12:03:40 Job executing on host: <130.199.183.11:60300>
...
006 (1755137.000.000) 11/15 12:08:50 Image size of job updated: 330372
...
006 (1755137.000.000) 11/15 13:19:02 Image size of job updated: 335100
...
006 (1755137.000.000) 11/15 13:24:02 Image size of job updated: 343292
...
006 (1755137.000.000) 11/15 13:29:02 Image size of job updated: 344316
...
005 (1755137.000.000) 11/15 13:33:27 Job terminated.
	(1) Normal termination (return value 0)
		Usr 0 01:04:34, Sys 0 00:00:27  -  Run Remote Usage
		Usr 0 00:00:00, Sys 0 00:00:00  -  Run Local Usage
		Usr 0 01:04:34, Sys 0 00:00:27  -  Total Remote Usage
		Usr 0 00:00:00, Sys 0 00:00:00  -  Total Local Usage
	0  -  Run Bytes Sent By Job
	0  -  Run Bytes Received By Job
	0  -  Total Bytes Sent By Job
	0  -  Total Bytes Received By Job
...
