000 (1753859.000.000) 11/14 02:16:47 Job submitted from host: <130.199.206.69:49450>
...
001 (1753859.000.000) 11/14 06:24:14 Job executing on host: <130.199.183.26:55119>
...
006 (1753859.000.000) 11/14 06:29:24 Image size of job updated: 283424
...
006 (1753859.000.000) 11/14 06:34:25 Image size of job updated: 306860
...
006 (1753859.000.000) 11/14 06:39:26 Image size of job updated: 323868
...
005 (1753859.000.000) 11/14 06:42:58 Job terminated.
	(1) Normal termination (return value 0)
		Usr 0 00:17:16, Sys 0 00:00:09  -  Run Remote Usage
		Usr 0 00:00:00, Sys 0 00:00:00  -  Run Local Usage
		Usr 0 00:17:16, Sys 0 00:00:09  -  Total Remote Usage
		Usr 0 00:00:00, Sys 0 00:00:00  -  Total Local Usage
	0  -  Run Bytes Sent By Job
	0  -  Run Bytes Received By Job
	0  -  Total Bytes Sent By Job
	0  -  Total Bytes Received By Job
...
