000 (1754606.000.000) 11/14 02:18:46 Job submitted from host: <130.199.206.69:49450>
...
001 (1754606.000.000) 11/14 05:37:18 Job executing on host: <130.199.180.134:58790>
...
006 (1754606.000.000) 11/14 05:37:26 Image size of job updated: 240988
...
006 (1754606.000.000) 11/14 05:42:26 Image size of job updated: 284904
...
006 (1754606.000.000) 11/14 05:47:26 Image size of job updated: 285596
...
006 (1754606.000.000) 11/14 05:57:26 Image size of job updated: 285664
...
006 (1754606.000.000) 11/14 06:02:26 Image size of job updated: 286088
...
006 (1754606.000.000) 11/14 06:07:26 Image size of job updated: 286436
...
006 (1754606.000.000) 11/14 06:12:26 Image size of job updated: 287808
...
006 (1754606.000.000) 11/14 06:17:26 Image size of job updated: 289240
...
006 (1754606.000.000) 11/14 06:22:26 Image size of job updated: 289856
...
006 (1754606.000.000) 11/14 06:27:26 Image size of job updated: 289932
...
006 (1754606.000.000) 11/14 06:32:26 Image size of job updated: 291992
...
006 (1754606.000.000) 11/14 06:42:26 Image size of job updated: 296168
...
006 (1754606.000.000) 11/14 06:47:26 Image size of job updated: 300272
...
005 (1754606.000.000) 11/14 06:48:26 Job terminated.
	(1) Normal termination (return value 0)
		Usr 0 00:32:22, Sys 0 00:00:13  -  Run Remote Usage
		Usr 0 00:00:00, Sys 0 00:00:00  -  Run Local Usage
		Usr 0 00:32:22, Sys 0 00:00:13  -  Total Remote Usage
		Usr 0 00:00:00, Sys 0 00:00:00  -  Total Local Usage
	0  -  Run Bytes Sent By Job
	0  -  Run Bytes Received By Job
	0  -  Total Bytes Sent By Job
	0  -  Total Bytes Received By Job
...
