000 (1754803.000.000) 11/14 02:19:12 Job submitted from host: <130.199.206.69:49450>
...
001 (1754803.000.000) 11/14 09:02:41 Job executing on host: <130.199.180.148:39203>
...
006 (1754803.000.000) 11/14 09:02:50 Image size of job updated: 192976
...
006 (1754803.000.000) 11/14 09:07:51 Image size of job updated: 281884
...
006 (1754803.000.000) 11/14 09:12:52 Image size of job updated: 289488
...
006 (1754803.000.000) 11/14 09:17:53 Image size of job updated: 290656
...
005 (1754803.000.000) 11/14 09:20:30 Job terminated.
	(1) Normal termination (return value 0)
		Usr 0 00:14:47, Sys 0 00:00:09  -  Run Remote Usage
		Usr 0 00:00:00, Sys 0 00:00:00  -  Run Local Usage
		Usr 0 00:14:47, Sys 0 00:00:09  -  Total Remote Usage
		Usr 0 00:00:00, Sys 0 00:00:00  -  Total Local Usage
	0  -  Run Bytes Sent By Job
	0  -  Run Bytes Received By Job
	0  -  Total Bytes Sent By Job
	0  -  Total Bytes Received By Job
...
