000 (1753463.000.000) 11/14 02:14:53 Job submitted from host: <130.199.206.69:49450>
...
001 (1753463.000.000) 11/14 07:36:31 Job executing on host: <130.199.180.174:58974>
...
006 (1753463.000.000) 11/14 07:36:40 Image size of job updated: 159172
...
006 (1753463.000.000) 11/14 07:41:41 Image size of job updated: 282332
...
006 (1753463.000.000) 11/14 07:46:42 Image size of job updated: 283972
...
006 (1753463.000.000) 11/14 07:51:43 Image size of job updated: 284152
...
006 (1753463.000.000) 11/14 08:01:45 Image size of job updated: 285360
...
006 (1753463.000.000) 11/14 08:06:46 Image size of job updated: 286312
...
006 (1753463.000.000) 11/14 08:11:47 Image size of job updated: 287808
...
006 (1753463.000.000) 11/14 08:16:48 Image size of job updated: 289276
...
006 (1753463.000.000) 11/14 08:21:49 Image size of job updated: 291880
...
006 (1753463.000.000) 11/14 08:26:50 Image size of job updated: 292152
...
006 (1753463.000.000) 11/14 08:41:53 Image size of job updated: 292312
...
006 (1753463.000.000) 11/14 08:46:54 Image size of job updated: 292436
...
006 (1753463.000.000) 11/14 09:01:57 Image size of job updated: 292816
...
006 (1753463.000.000) 11/14 09:17:00 Image size of job updated: 292840
...
006 (1753463.000.000) 11/14 09:22:01 Image size of job updated: 292964
...
006 (1753463.000.000) 11/14 09:27:02 Image size of job updated: 293276
...
006 (1753463.000.000) 11/14 09:42:03 Image size of job updated: 293368
...
006 (1753463.000.000) 11/14 09:47:03 Image size of job updated: 314092
...
006 (1753463.000.000) 11/14 09:52:03 Image size of job updated: 321260
...
006 (1753463.000.000) 11/14 09:57:03 Image size of job updated: 332604
...
006 (1753463.000.000) 11/14 10:02:03 Image size of job updated: 335676
...
006 (1753463.000.000) 11/14 10:07:03 Image size of job updated: 338748
...
006 (1753463.000.000) 11/14 10:12:03 Image size of job updated: 341820
...
006 (1753463.000.000) 11/14 10:17:03 Image size of job updated: 343868
...
006 (1753463.000.000) 11/14 10:37:06 Image size of job updated: 344892
...
005 (1753463.000.000) 11/14 10:38:10 Job terminated.
	(1) Normal termination (return value 0)
		Usr 0 02:47:13, Sys 0 00:01:23  -  Run Remote Usage
		Usr 0 00:00:00, Sys 0 00:00:00  -  Run Local Usage
		Usr 0 02:47:13, Sys 0 00:01:23  -  Total Remote Usage
		Usr 0 00:00:00, Sys 0 00:00:00  -  Total Local Usage
	0  -  Run Bytes Sent By Job
	0  -  Run Bytes Received By Job
	0  -  Total Bytes Sent By Job
	0  -  Total Bytes Received By Job
...
