000 (1754718.000.000) 11/14 02:18:59 Job submitted from host: <130.199.206.69:49450>
...
001 (1754718.000.000) 11/14 06:03:37 Job executing on host: <130.199.206.186:51945>
...
006 (1754718.000.000) 11/14 06:08:45 Image size of job updated: 284088
...
006 (1754718.000.000) 11/14 06:13:45 Image size of job updated: 289624
...
006 (1754718.000.000) 11/14 06:18:45 Image size of job updated: 292492
...
006 (1754718.000.000) 11/14 06:23:45 Image size of job updated: 294540
...
006 (1754718.000.000) 11/14 06:28:45 Image size of job updated: 297548
...
005 (1754718.000.000) 11/14 06:55:52 Job terminated.
	(1) Normal termination (return value 0)
		Usr 0 00:42:36, Sys 0 00:00:11  -  Run Remote Usage
		Usr 0 00:00:00, Sys 0 00:00:00  -  Run Local Usage
		Usr 0 00:42:36, Sys 0 00:00:11  -  Total Remote Usage
		Usr 0 00:00:00, Sys 0 00:00:00  -  Total Local Usage
	0  -  Run Bytes Sent By Job
	0  -  Run Bytes Received By Job
	0  -  Total Bytes Sent By Job
	0  -  Total Bytes Received By Job
...
