000 (1753743.000.000) 11/14 02:16:28 Job submitted from host: <130.199.206.69:49450>
...
001 (1753743.000.000) 11/14 03:32:47 Job executing on host: <130.199.183.8:37063>
...
006 (1753743.000.000) 11/14 03:37:57 Image size of job updated: 284468
...
006 (1753743.000.000) 11/14 03:42:58 Image size of job updated: 284628
...
006 (1753743.000.000) 11/14 03:47:59 Image size of job updated: 285388
...
006 (1753743.000.000) 11/14 03:53:00 Image size of job updated: 287204
...
006 (1753743.000.000) 11/14 03:58:01 Image size of job updated: 287744
...
006 (1753743.000.000) 11/14 04:03:02 Image size of job updated: 288292
...
006 (1753743.000.000) 11/14 04:18:05 Image size of job updated: 289100
...
006 (1753743.000.000) 11/14 04:23:06 Image size of job updated: 289660
...
006 (1753743.000.000) 11/14 04:28:07 Image size of job updated: 291368
...
006 (1753743.000.000) 11/14 04:43:10 Image size of job updated: 293040
...
006 (1753743.000.000) 11/14 04:53:12 Image size of job updated: 293276
...
006 (1753743.000.000) 11/14 04:58:13 Image size of job updated: 293436
...
006 (1753743.000.000) 11/14 05:03:14 Image size of job updated: 294404
...
006 (1753743.000.000) 11/14 05:08:14 Image size of job updated: 325808
...
005 (1753743.000.000) 11/14 05:12:50 Job terminated.
	(1) Normal termination (return value 0)
		Usr 0 01:30:47, Sys 0 00:00:43  -  Run Remote Usage
		Usr 0 00:00:00, Sys 0 00:00:00  -  Run Local Usage
		Usr 0 01:30:47, Sys 0 00:00:43  -  Total Remote Usage
		Usr 0 00:00:00, Sys 0 00:00:00  -  Total Local Usage
	0  -  Run Bytes Sent By Job
	0  -  Run Bytes Received By Job
	0  -  Total Bytes Sent By Job
	0  -  Total Bytes Received By Job
...
