000 (1755041.000.000) 11/14 02:19:38 Job submitted from host: <130.199.206.69:49450>
...
001 (1755041.000.000) 11/15 11:45:06 Job executing on host: <130.199.206.228:50377>
...
006 (1755041.000.000) 11/15 11:45:15 Image size of job updated: 73436
...
006 (1755041.000.000) 11/15 11:50:15 Image size of job updated: 300164
...
006 (1755041.000.000) 11/15 11:55:16 Image size of job updated: 305292
...
006 (1755041.000.000) 11/15 12:00:16 Image size of job updated: 309028
...
006 (1755041.000.000) 11/15 12:05:16 Image size of job updated: 414732
...
006 (1755041.000.000) 11/15 12:10:16 Image size of job updated: 419240
...
006 (1755041.000.000) 11/15 12:15:16 Image size of job updated: 419740
...
006 (1755041.000.000) 11/15 12:20:16 Image size of job updated: 420556
...
006 (1755041.000.000) 11/15 12:25:16 Image size of job updated: 421032
...
006 (1755041.000.000) 11/15 12:30:16 Image size of job updated: 422144
...
006 (1755041.000.000) 11/15 12:35:16 Image size of job updated: 423228
...
006 (1755041.000.000) 11/15 12:40:16 Image size of job updated: 424240
...
006 (1755041.000.000) 11/15 13:05:16 Image size of job updated: 424804
...
006 (1755041.000.000) 11/15 13:10:16 Image size of job updated: 424828
...
006 (1755041.000.000) 11/15 13:15:16 Image size of job updated: 424940
...
006 (1755041.000.000) 11/15 13:20:16 Image size of job updated: 425332
...
006 (1755041.000.000) 11/15 13:30:16 Image size of job updated: 425756
...
006 (1755041.000.000) 11/15 13:40:16 Image size of job updated: 426408
...
006 (1755041.000.000) 11/15 13:45:16 Image size of job updated: 427264
...
005 (1755041.000.000) 11/15 13:47:10 Job terminated.
	(1) Normal termination (return value 0)
		Usr 0 01:49:11, Sys 0 00:00:20  -  Run Remote Usage
		Usr 0 00:00:00, Sys 0 00:00:00  -  Run Local Usage
		Usr 0 01:49:11, Sys 0 00:00:20  -  Total Remote Usage
		Usr 0 00:00:00, Sys 0 00:00:00  -  Total Local Usage
	0  -  Run Bytes Sent By Job
	0  -  Run Bytes Received By Job
	0  -  Total Bytes Sent By Job
	0  -  Total Bytes Received By Job
...
