000 (1755022.000.000) 11/14 02:19:38 Job submitted from host: <130.199.206.69:49450>
...
001 (1755022.000.000) 11/15 11:40:34 Job executing on host: <130.199.180.162:36052>
...
006 (1755022.000.000) 11/15 11:40:43 Image size of job updated: 142012
...
006 (1755022.000.000) 11/15 11:45:44 Image size of job updated: 284084
...
006 (1755022.000.000) 11/15 11:50:45 Image size of job updated: 284820
...
006 (1755022.000.000) 11/15 11:55:46 Image size of job updated: 313416
...
006 (1755022.000.000) 11/15 12:00:47 Image size of job updated: 327752
...
006 (1755022.000.000) 11/15 12:05:48 Image size of job updated: 330824
...
006 (1755022.000.000) 11/15 12:15:48 Image size of job updated: 330856
...
006 (1755022.000.000) 11/15 12:20:48 Image size of job updated: 331880
...
006 (1755022.000.000) 11/15 12:25:48 Image size of job updated: 335976
...
006 (1755022.000.000) 11/15 12:30:48 Image size of job updated: 338024
...
006 (1755022.000.000) 11/15 12:50:48 Image size of job updated: 338348
...
006 (1755022.000.000) 11/15 12:55:48 Image size of job updated: 339372
...
005 (1755022.000.000) 11/15 13:58:29 Job terminated.
	(1) Normal termination (return value 0)
		Usr 0 02:02:36, Sys 0 00:00:42  -  Run Remote Usage
		Usr 0 00:00:00, Sys 0 00:00:00  -  Run Local Usage
		Usr 0 02:02:36, Sys 0 00:00:42  -  Total Remote Usage
		Usr 0 00:00:00, Sys 0 00:00:00  -  Total Local Usage
	0  -  Run Bytes Sent By Job
	0  -  Run Bytes Received By Job
	0  -  Total Bytes Sent By Job
	0  -  Total Bytes Received By Job
...
