000 (1755017.000.000) 11/14 02:19:38 Job submitted from host: <130.199.206.69:49450>
...
001 (1755017.000.000) 11/15 11:40:31 Job executing on host: <130.199.206.195:44629>
...
006 (1755017.000.000) 11/15 11:40:40 Image size of job updated: 142632
...
006 (1755017.000.000) 11/15 11:45:41 Image size of job updated: 286776
...
006 (1755017.000.000) 11/15 11:50:42 Image size of job updated: 287188
...
006 (1755017.000.000) 11/15 12:00:44 Image size of job updated: 287464
...
006 (1755017.000.000) 11/15 12:05:45 Image size of job updated: 287668
...
006 (1755017.000.000) 11/15 12:10:46 Image size of job updated: 291084
...
006 (1755017.000.000) 11/15 12:15:47 Image size of job updated: 291456
...
006 (1755017.000.000) 11/15 12:20:48 Image size of job updated: 293144
...
006 (1755017.000.000) 11/15 12:30:50 Image size of job updated: 294704
...
006 (1755017.000.000) 11/15 12:50:54 Image size of job updated: 295248
...
006 (1755017.000.000) 11/15 13:10:58 Image size of job updated: 295548
...
006 (1755017.000.000) 11/15 13:15:59 Image size of job updated: 296920
...
006 (1755017.000.000) 11/15 13:31:02 Image size of job updated: 297472
...
005 (1755017.000.000) 11/15 14:00:34 Job terminated.
	(1) Normal termination (return value 0)
		Usr 0 01:56:19, Sys 0 00:00:19  -  Run Remote Usage
		Usr 0 00:00:00, Sys 0 00:00:00  -  Run Local Usage
		Usr 0 01:56:19, Sys 0 00:00:19  -  Total Remote Usage
		Usr 0 00:00:00, Sys 0 00:00:00  -  Total Local Usage
	0  -  Run Bytes Sent By Job
	0  -  Run Bytes Received By Job
	0  -  Total Bytes Sent By Job
	0  -  Total Bytes Received By Job
...
