000 (1754742.000.000) 11/14 02:18:59 Job submitted from host: <130.199.206.69:49450>
...
001 (1754742.000.000) 11/14 06:08:39 Job executing on host: <130.199.183.16:34724>
...
006 (1754742.000.000) 11/14 06:08:48 Image size of job updated: 72748
...
006 (1754742.000.000) 11/14 06:13:49 Image size of job updated: 282220
...
006 (1754742.000.000) 11/14 06:18:50 Image size of job updated: 283540
...
006 (1754742.000.000) 11/14 06:23:51 Image size of job updated: 284080
...
006 (1754742.000.000) 11/14 06:28:52 Image size of job updated: 288700
...
006 (1754742.000.000) 11/14 06:33:53 Image size of job updated: 290156
...
006 (1754742.000.000) 11/14 06:38:54 Image size of job updated: 291224
...
006 (1754742.000.000) 11/14 06:58:58 Image size of job updated: 292420
...
006 (1754742.000.000) 11/14 07:03:59 Image size of job updated: 295584
...
006 (1754742.000.000) 11/14 07:14:01 Image size of job updated: 295724
...
006 (1754742.000.000) 11/14 07:19:02 Image size of job updated: 295756
...
006 (1754742.000.000) 11/14 07:24:03 Image size of job updated: 296228
...
006 (1754742.000.000) 11/14 07:29:04 Image size of job updated: 297632
...
006 (1754742.000.000) 11/14 07:44:07 Image size of job updated: 297764
...
006 (1754742.000.000) 11/14 07:49:08 Image size of job updated: 297836
...
006 (1754742.000.000) 11/14 08:09:12 Image size of job updated: 299024
...
005 (1754742.000.000) 11/14 08:43:57 Job terminated.
	(1) Normal termination (return value 0)
		Usr 0 02:24:00, Sys 0 00:01:02  -  Run Remote Usage
		Usr 0 00:00:00, Sys 0 00:00:00  -  Run Local Usage
		Usr 0 02:24:00, Sys 0 00:01:02  -  Total Remote Usage
		Usr 0 00:00:00, Sys 0 00:00:00  -  Total Local Usage
	0  -  Run Bytes Sent By Job
	0  -  Run Bytes Received By Job
	0  -  Total Bytes Sent By Job
	0  -  Total Bytes Received By Job
...
