000 (1754350.000.000) 11/14 02:18:07 Job submitted from host: <130.199.206.69:49450>
...
001 (1754350.000.000) 11/14 05:18:14 Job executing on host: <130.199.180.155:36902>
...
006 (1754350.000.000) 11/14 05:18:23 Image size of job updated: 189576
...
006 (1754350.000.000) 11/14 05:23:24 Image size of job updated: 282952
...
006 (1754350.000.000) 11/14 05:28:25 Image size of job updated: 283240
...
006 (1754350.000.000) 11/14 05:33:26 Image size of job updated: 289956
...
006 (1754350.000.000) 11/14 05:38:27 Image size of job updated: 291752
...
006 (1754350.000.000) 11/14 05:43:28 Image size of job updated: 294360
...
006 (1754350.000.000) 11/14 05:48:29 Image size of job updated: 295248
...
006 (1754350.000.000) 11/14 05:53:30 Image size of job updated: 296032
...
006 (1754350.000.000) 11/14 05:58:31 Image size of job updated: 297612
...
006 (1754350.000.000) 11/14 06:03:32 Image size of job updated: 298216
...
006 (1754350.000.000) 11/14 06:08:33 Image size of job updated: 298984
...
006 (1754350.000.000) 11/14 06:53:42 Image size of job updated: 299052
...
006 (1754350.000.000) 11/14 07:18:47 Image size of job updated: 299348
...
006 (1754350.000.000) 11/14 07:28:49 Image size of job updated: 320428
...
006 (1754350.000.000) 11/14 07:33:50 Image size of job updated: 337836
...
006 (1754350.000.000) 11/14 07:38:51 Image size of job updated: 340908
...
006 (1754350.000.000) 11/14 07:43:52 Image size of job updated: 342956
...
006 (1754350.000.000) 11/14 07:53:54 Image size of job updated: 345004
...
006 (1754350.000.000) 11/14 07:58:55 Image size of job updated: 348076
...
006 (1754350.000.000) 11/14 08:08:57 Image size of job updated: 349100
...
006 (1754350.000.000) 11/14 08:13:58 Image size of job updated: 350124
...
006 (1754350.000.000) 11/14 08:24:00 Image size of job updated: 351148
...
005 (1754350.000.000) 11/14 08:27:40 Job terminated.
	(1) Normal termination (return value 0)
		Usr 0 02:51:14, Sys 0 00:01:11  -  Run Remote Usage
		Usr 0 00:00:00, Sys 0 00:00:00  -  Run Local Usage
		Usr 0 02:51:14, Sys 0 00:01:11  -  Total Remote Usage
		Usr 0 00:00:00, Sys 0 00:00:00  -  Total Local Usage
	0  -  Run Bytes Sent By Job
	0  -  Run Bytes Received By Job
	0  -  Total Bytes Sent By Job
	0  -  Total Bytes Received By Job
...
