000 (1753845.000.000) 11/14 02:16:47 Job submitted from host: <130.199.206.69:49450>
...
001 (1753845.000.000) 11/14 03:50:01 Job executing on host: <130.199.206.168:46869>
...
006 (1753845.000.000) 11/14 03:50:09 Image size of job updated: 174160
...
006 (1753845.000.000) 11/14 03:55:09 Image size of job updated: 285160
...
006 (1753845.000.000) 11/14 04:10:09 Image size of job updated: 285364
...
006 (1753845.000.000) 11/14 04:15:10 Image size of job updated: 286488
...
006 (1753845.000.000) 11/14 04:20:11 Image size of job updated: 292368
...
006 (1753845.000.000) 11/14 04:25:12 Image size of job updated: 295340
...
006 (1753845.000.000) 11/14 04:30:13 Image size of job updated: 295976
...
006 (1753845.000.000) 11/14 04:35:14 Image size of job updated: 296332
...
006 (1753845.000.000) 11/14 04:40:15 Image size of job updated: 296704
...
006 (1753845.000.000) 11/14 04:50:17 Image size of job updated: 297188
...
006 (1753845.000.000) 11/14 04:55:18 Image size of job updated: 298508
...
006 (1753845.000.000) 11/14 05:00:19 Image size of job updated: 319248
...
006 (1753845.000.000) 11/14 05:05:20 Image size of job updated: 339680
...
006 (1753845.000.000) 11/14 05:10:21 Image size of job updated: 341728
...
006 (1753845.000.000) 11/14 05:15:21 Image size of job updated: 342752
...
006 (1753845.000.000) 11/14 05:20:21 Image size of job updated: 342904
...
006 (1753845.000.000) 11/14 05:25:21 Image size of job updated: 343928
...
006 (1753845.000.000) 11/14 05:35:21 Image size of job updated: 344952
...
006 (1753845.000.000) 11/14 05:40:21 Image size of job updated: 345976
...
005 (1753845.000.000) 11/14 05:42:57 Job terminated.
	(1) Normal termination (return value 0)
		Usr 0 01:44:44, Sys 0 00:00:25  -  Run Remote Usage
		Usr 0 00:00:00, Sys 0 00:00:00  -  Run Local Usage
		Usr 0 01:44:44, Sys 0 00:00:25  -  Total Remote Usage
		Usr 0 00:00:00, Sys 0 00:00:00  -  Total Local Usage
	0  -  Run Bytes Sent By Job
	0  -  Run Bytes Received By Job
	0  -  Total Bytes Sent By Job
	0  -  Total Bytes Received By Job
...
