000 (1754420.000.000) 11/14 02:18:20 Job submitted from host: <130.199.206.69:49450>
...
001 (1754420.000.000) 11/14 06:47:45 Job executing on host: <130.199.180.162:36052>
...
006 (1754420.000.000) 11/14 06:52:55 Image size of job updated: 283764
...
006 (1754420.000.000) 11/14 06:57:56 Image size of job updated: 284820
...
006 (1754420.000.000) 11/14 07:12:59 Image size of job updated: 287548
...
006 (1754420.000.000) 11/14 07:18:00 Image size of job updated: 288304
...
006 (1754420.000.000) 11/14 07:23:01 Image size of job updated: 290956
...
006 (1754420.000.000) 11/14 07:28:02 Image size of job updated: 290976
...
006 (1754420.000.000) 11/14 07:33:03 Image size of job updated: 292936
...
006 (1754420.000.000) 11/14 07:38:04 Image size of job updated: 294612
...
006 (1754420.000.000) 11/14 07:48:06 Image size of job updated: 294928
...
006 (1754420.000.000) 11/14 08:13:11 Image size of job updated: 295056
...
006 (1754420.000.000) 11/14 08:38:16 Image size of job updated: 295432
...
006 (1754420.000.000) 11/14 08:48:18 Image size of job updated: 295612
...
006 (1754420.000.000) 11/14 08:53:19 Image size of job updated: 296016
...
006 (1754420.000.000) 11/14 09:38:28 Image size of job updated: 296144
...
006 (1754420.000.000) 11/14 09:43:29 Image size of job updated: 296228
...
006 (1754420.000.000) 11/14 09:53:29 Image size of job updated: 296328
...
006 (1754420.000.000) 11/14 10:23:29 Image size of job updated: 296340
...
006 (1754420.000.000) 11/14 10:33:29 Image size of job updated: 296484
...
005 (1754420.000.000) 11/14 10:53:21 Job terminated.
	(1) Normal termination (return value 0)
		Usr 0 03:41:01, Sys 0 00:02:04  -  Run Remote Usage
		Usr 0 00:00:00, Sys 0 00:00:00  -  Run Local Usage
		Usr 0 03:41:01, Sys 0 00:02:04  -  Total Remote Usage
		Usr 0 00:00:00, Sys 0 00:00:00  -  Total Local Usage
	0  -  Run Bytes Sent By Job
	0  -  Run Bytes Received By Job
	0  -  Total Bytes Sent By Job
	0  -  Total Bytes Received By Job
...
