000 (1753957.000.000) 11/14 02:17:04 Job submitted from host: <130.199.206.69:49450>
...
001 (1753957.000.000) 11/14 08:02:37 Job executing on host: <130.199.180.167:33733>
...
006 (1753957.000.000) 11/14 08:02:45 Image size of job updated: 40164
...
006 (1753957.000.000) 11/14 08:07:45 Image size of job updated: 283628
...
006 (1753957.000.000) 11/14 08:12:45 Image size of job updated: 285304
...
006 (1753957.000.000) 11/14 08:17:45 Image size of job updated: 289248
...
006 (1753957.000.000) 11/14 08:22:45 Image size of job updated: 293352
...
006 (1753957.000.000) 11/14 08:27:45 Image size of job updated: 294012
...
006 (1753957.000.000) 11/14 08:32:45 Image size of job updated: 294948
...
006 (1753957.000.000) 11/14 08:37:45 Image size of job updated: 296576
...
005 (1753957.000.000) 11/14 08:41:19 Job terminated.
	(1) Normal termination (return value 0)
		Usr 0 00:35:14, Sys 0 00:00:19  -  Run Remote Usage
		Usr 0 00:00:00, Sys 0 00:00:00  -  Run Local Usage
		Usr 0 00:35:14, Sys 0 00:00:19  -  Total Remote Usage
		Usr 0 00:00:00, Sys 0 00:00:00  -  Total Local Usage
	0  -  Run Bytes Sent By Job
	0  -  Run Bytes Received By Job
	0  -  Total Bytes Sent By Job
	0  -  Total Bytes Received By Job
...
