000 (1754780.000.000) 11/14 02:19:12 Job submitted from host: <130.199.206.69:49450>
...
001 (1754780.000.000) 11/14 08:49:57 Job executing on host: <130.199.180.155:36902>
...
006 (1754780.000.000) 11/14 08:55:07 Image size of job updated: 284244
...
006 (1754780.000.000) 11/14 09:00:08 Image size of job updated: 285664
...
006 (1754780.000.000) 11/14 09:05:09 Image size of job updated: 285948
...
006 (1754780.000.000) 11/14 09:15:11 Image size of job updated: 286924
...
006 (1754780.000.000) 11/14 09:20:12 Image size of job updated: 287556
...
006 (1754780.000.000) 11/14 09:40:16 Image size of job updated: 289924
...
006 (1754780.000.000) 11/14 09:45:17 Image size of job updated: 290832
...
006 (1754780.000.000) 11/14 09:55:19 Image size of job updated: 291684
...
006 (1754780.000.000) 11/14 10:00:20 Image size of job updated: 291920
...
006 (1754780.000.000) 11/14 10:10:22 Image size of job updated: 292576
...
006 (1754780.000.000) 11/14 10:20:24 Image size of job updated: 293032
...
006 (1754780.000.000) 11/14 10:30:26 Image size of job updated: 293468
...
006 (1754780.000.000) 11/14 10:45:29 Image size of job updated: 309656
...
006 (1754780.000.000) 11/14 10:50:30 Image size of job updated: 323992
...
006 (1754780.000.000) 11/14 10:55:31 Image size of job updated: 337304
...
006 (1754780.000.000) 11/14 11:00:32 Image size of job updated: 338328
...
006 (1754780.000.000) 11/14 11:15:35 Image size of job updated: 339352
...
006 (1754780.000.000) 11/14 11:25:37 Image size of job updated: 342424
...
006 (1754780.000.000) 11/14 11:30:38 Image size of job updated: 344472
...
006 (1754780.000.000) 11/14 11:35:39 Image size of job updated: 345496
...
006 (1754780.000.000) 11/14 12:05:45 Image size of job updated: 346152
...
005 (1754780.000.000) 11/14 12:07:39 Job terminated.
	(1) Normal termination (return value 0)
		Usr 0 02:59:12, Sys 0 00:01:33  -  Run Remote Usage
		Usr 0 00:00:00, Sys 0 00:00:00  -  Run Local Usage
		Usr 0 02:59:12, Sys 0 00:01:33  -  Total Remote Usage
		Usr 0 00:00:00, Sys 0 00:00:00  -  Total Local Usage
	0  -  Run Bytes Sent By Job
	0  -  Run Bytes Received By Job
	0  -  Total Bytes Sent By Job
	0  -  Total Bytes Received By Job
...
