000 (1754724.000.000) 11/14 02:18:59 Job submitted from host: <130.199.206.69:49450>
...
001 (1754724.000.000) 11/14 06:04:24 Job executing on host: <130.199.206.170:49844>
...
006 (1754724.000.000) 11/14 06:09:34 Image size of job updated: 284452
...
006 (1754724.000.000) 11/14 06:14:35 Image size of job updated: 286588
...
006 (1754724.000.000) 11/14 06:24:36 Image size of job updated: 287104
...
006 (1754724.000.000) 11/14 06:29:36 Image size of job updated: 287428
...
006 (1754724.000.000) 11/14 06:34:36 Image size of job updated: 289584
...
006 (1754724.000.000) 11/14 06:39:36 Image size of job updated: 292940
...
006 (1754724.000.000) 11/14 06:44:36 Image size of job updated: 292992
...
006 (1754724.000.000) 11/14 06:49:36 Image size of job updated: 294248
...
006 (1754724.000.000) 11/14 06:54:36 Image size of job updated: 321664
...
006 (1754724.000.000) 11/14 06:59:36 Image size of job updated: 338048
...
006 (1754724.000.000) 11/14 07:04:36 Image size of job updated: 341120
...
006 (1754724.000.000) 11/14 07:09:36 Image size of job updated: 342144
...
006 (1754724.000.000) 11/14 07:19:36 Image size of job updated: 343168
...
006 (1754724.000.000) 11/14 07:29:36 Image size of job updated: 344192
...
006 (1754724.000.000) 11/14 07:39:36 Image size of job updated: 347272
...
005 (1754724.000.000) 11/14 08:15:11 Job terminated.
	(1) Normal termination (return value 0)
		Usr 0 02:02:27, Sys 0 00:00:36  -  Run Remote Usage
		Usr 0 00:00:00, Sys 0 00:00:00  -  Run Local Usage
		Usr 0 02:02:27, Sys 0 00:00:36  -  Total Remote Usage
		Usr 0 00:00:00, Sys 0 00:00:00  -  Total Local Usage
	0  -  Run Bytes Sent By Job
	0  -  Run Bytes Received By Job
	0  -  Total Bytes Sent By Job
	0  -  Total Bytes Received By Job
...
