000 (1754209.000.000) 11/14 02:17:52 Job submitted from host: <130.199.206.69:49450>
...
001 (1754209.000.000) 11/14 06:13:44 Job executing on host: <130.199.180.159:36980>
...
006 (1754209.000.000) 11/14 06:13:53 Image size of job updated: 174012
...
006 (1754209.000.000) 11/14 06:18:54 Image size of job updated: 277196
...
006 (1754209.000.000) 11/14 06:23:55 Image size of job updated: 284360
...
006 (1754209.000.000) 11/14 06:28:56 Image size of job updated: 291304
...
005 (1754209.000.000) 11/14 06:32:30 Job terminated.
	(1) Normal termination (return value 0)
		Usr 0 00:17:14, Sys 0 00:00:11  -  Run Remote Usage
		Usr 0 00:00:00, Sys 0 00:00:00  -  Run Local Usage
		Usr 0 00:17:14, Sys 0 00:00:11  -  Total Remote Usage
		Usr 0 00:00:00, Sys 0 00:00:00  -  Total Local Usage
	0  -  Run Bytes Sent By Job
	0  -  Run Bytes Received By Job
	0  -  Total Bytes Sent By Job
	0  -  Total Bytes Received By Job
...
