000 (1754850.000.000) 11/14 02:19:12 Job submitted from host: <130.199.206.69:49450>
...
001 (1754850.000.000) 11/14 13:08:02 Job executing on host: <130.199.180.156:41502>
...
006 (1754850.000.000) 11/14 13:08:10 Image size of job updated: 144420
...
006 (1754850.000.000) 11/14 13:13:10 Image size of job updated: 282880
...
006 (1754850.000.000) 11/14 13:18:10 Image size of job updated: 284028
...
006 (1754850.000.000) 11/14 13:23:10 Image size of job updated: 285736
...
006 (1754850.000.000) 11/14 13:33:10 Image size of job updated: 285912
...
006 (1754850.000.000) 11/14 13:43:10 Image size of job updated: 286496
...
006 (1754850.000.000) 11/14 13:48:10 Image size of job updated: 288960
...
006 (1754850.000.000) 11/14 13:53:10 Image size of job updated: 292124
...
006 (1754850.000.000) 11/14 14:03:10 Image size of job updated: 292328
...
006 (1754850.000.000) 11/14 14:08:10 Image size of job updated: 292868
...
006 (1754850.000.000) 11/14 14:18:12 Image size of job updated: 293392
...
006 (1754850.000.000) 11/14 14:38:16 Image size of job updated: 294748
...
006 (1754850.000.000) 11/14 14:53:19 Image size of job updated: 294872
...
006 (1754850.000.000) 11/14 15:13:23 Image size of job updated: 295036
...
006 (1754850.000.000) 11/14 15:18:24 Image size of job updated: 295088
...
006 (1754850.000.000) 11/14 15:23:25 Image size of job updated: 295504
...
006 (1754850.000.000) 11/14 15:33:27 Image size of job updated: 295892
...
006 (1754850.000.000) 11/14 15:38:28 Image size of job updated: 296404
...
005 (1754850.000.000) 11/14 16:02:20 Job terminated.
	(1) Normal termination (return value 0)
		Usr 0 02:36:42, Sys 0 00:00:47  -  Run Remote Usage
		Usr 0 00:00:00, Sys 0 00:00:00  -  Run Local Usage
		Usr 0 02:36:42, Sys 0 00:00:47  -  Total Remote Usage
		Usr 0 00:00:00, Sys 0 00:00:00  -  Total Local Usage
	0  -  Run Bytes Sent By Job
	0  -  Run Bytes Received By Job
	0  -  Total Bytes Sent By Job
	0  -  Total Bytes Received By Job
...
