000 (1753529.000.000) 11/14 02:15:48 Job submitted from host: <130.199.206.69:49450>
...
001 (1753529.000.000) 11/14 02:31:52 Job executing on host: <130.199.180.144:40361>
...
006 (1753529.000.000) 11/14 02:32:01 Image size of job updated: 131564
...
006 (1753529.000.000) 11/14 02:37:02 Image size of job updated: 306600
...
006 (1753529.000.000) 11/14 02:42:03 Image size of job updated: 319912
...
006 (1753529.000.000) 11/14 02:47:04 Image size of job updated: 323140
...
006 (1753529.000.000) 11/14 03:02:07 Image size of job updated: 325188
...
006 (1753529.000.000) 11/14 03:07:08 Image size of job updated: 330312
...
006 (1753529.000.000) 11/14 03:12:09 Image size of job updated: 332360
...
006 (1753529.000.000) 11/14 03:27:12 Image size of job updated: 333384
...
006 (1753529.000.000) 11/14 03:57:18 Image size of job updated: 334408
...
006 (1753529.000.000) 11/14 04:07:20 Image size of job updated: 335432
...
006 (1753529.000.000) 11/14 04:32:25 Image size of job updated: 336456
...
005 (1753529.000.000) 11/14 05:27:39 Job terminated.
	(1) Normal termination (return value 0)
		Usr 0 02:38:24, Sys 0 00:01:40  -  Run Remote Usage
		Usr 0 00:00:00, Sys 0 00:00:00  -  Run Local Usage
		Usr 0 02:38:24, Sys 0 00:01:40  -  Total Remote Usage
		Usr 0 00:00:00, Sys 0 00:00:00  -  Total Local Usage
	0  -  Run Bytes Sent By Job
	0  -  Run Bytes Received By Job
	0  -  Total Bytes Sent By Job
	0  -  Total Bytes Received By Job
...
