000 (1754152.000.000) 11/14 02:17:37 Job submitted from host: <130.199.206.69:49450>
...
001 (1754152.000.000) 11/14 08:34:17 Job executing on host: <130.199.180.169:46641>
...
006 (1754152.000.000) 11/14 08:34:25 Image size of job updated: 158356
...
006 (1754152.000.000) 11/14 08:39:25 Image size of job updated: 278208
...
006 (1754152.000.000) 11/14 08:44:25 Image size of job updated: 284908
...
006 (1754152.000.000) 11/14 08:49:25 Image size of job updated: 286552
...
006 (1754152.000.000) 11/14 08:54:25 Image size of job updated: 289216
...
006 (1754152.000.000) 11/14 08:59:25 Image size of job updated: 291120
...
006 (1754152.000.000) 11/14 09:04:25 Image size of job updated: 291272
...
006 (1754152.000.000) 11/14 09:14:25 Image size of job updated: 291996
...
006 (1754152.000.000) 11/14 09:19:25 Image size of job updated: 292192
...
006 (1754152.000.000) 11/14 09:24:25 Image size of job updated: 293432
...
005 (1754152.000.000) 11/14 09:28:55 Job terminated.
	(1) Normal termination (return value 0)
		Usr 0 00:49:52, Sys 0 00:00:27  -  Run Remote Usage
		Usr 0 00:00:00, Sys 0 00:00:00  -  Run Local Usage
		Usr 0 00:49:52, Sys 0 00:00:27  -  Total Remote Usage
		Usr 0 00:00:00, Sys 0 00:00:00  -  Total Local Usage
	0  -  Run Bytes Sent By Job
	0  -  Run Bytes Received By Job
	0  -  Total Bytes Sent By Job
	0  -  Total Bytes Received By Job
...
