000 (1753818.000.000) 11/14 02:16:47 Job submitted from host: <130.199.206.69:49450>
...
001 (1753818.000.000) 11/14 08:08:51 Job executing on host: <130.199.183.30:49801>
...
006 (1753818.000.000) 11/14 08:08:59 Image size of job updated: 72664
...
006 (1753818.000.000) 11/14 08:13:59 Image size of job updated: 284472
...
006 (1753818.000.000) 11/14 08:18:59 Image size of job updated: 286280
...
006 (1753818.000.000) 11/14 08:33:59 Image size of job updated: 286792
...
006 (1753818.000.000) 11/14 08:38:59 Image size of job updated: 286820
...
006 (1753818.000.000) 11/14 08:43:59 Image size of job updated: 287736
...
006 (1753818.000.000) 11/14 08:48:59 Image size of job updated: 288416
...
006 (1753818.000.000) 11/14 08:53:59 Image size of job updated: 289768
...
006 (1753818.000.000) 11/14 08:58:59 Image size of job updated: 290336
...
006 (1753818.000.000) 11/14 09:03:59 Image size of job updated: 290912
...
006 (1753818.000.000) 11/14 09:48:59 Image size of job updated: 291564
...
006 (1753818.000.000) 11/14 09:58:59 Image size of job updated: 292664
...
006 (1753818.000.000) 11/14 10:08:59 Image size of job updated: 293780
...
006 (1753818.000.000) 11/14 10:58:59 Image size of job updated: 294044
...
006 (1753818.000.000) 11/14 11:03:59 Image size of job updated: 294344
...
006 (1753818.000.000) 11/14 11:18:59 Image size of job updated: 295108
...
006 (1753818.000.000) 11/14 11:53:59 Image size of job updated: 297628
...
005 (1753818.000.000) 11/14 12:24:44 Job terminated.
	(1) Normal termination (return value 0)
		Usr 0 03:48:35, Sys 0 00:01:49  -  Run Remote Usage
		Usr 0 00:00:00, Sys 0 00:00:00  -  Run Local Usage
		Usr 0 03:48:35, Sys 0 00:01:49  -  Total Remote Usage
		Usr 0 00:00:00, Sys 0 00:00:00  -  Total Local Usage
	0  -  Run Bytes Sent By Job
	0  -  Run Bytes Received By Job
	0  -  Total Bytes Sent By Job
	0  -  Total Bytes Received By Job
...
