000 (1754341.000.000) 11/14 02:18:07 Job submitted from host: <130.199.206.69:49450>
...
001 (1754341.000.000) 11/14 05:20:06 Job executing on host: <130.199.183.8:37063>
...
006 (1754341.000.000) 11/14 05:20:15 Image size of job updated: 192840
...
006 (1754341.000.000) 11/14 05:25:16 Image size of job updated: 287428
...
006 (1754341.000.000) 11/14 05:30:17 Image size of job updated: 289696
...
006 (1754341.000.000) 11/14 05:35:18 Image size of job updated: 290404
...
006 (1754341.000.000) 11/14 05:40:19 Image size of job updated: 291656
...
006 (1754341.000.000) 11/14 05:50:21 Image size of job updated: 292112
...
006 (1754341.000.000) 11/14 06:00:23 Image size of job updated: 292992
...
006 (1754341.000.000) 11/14 06:05:24 Image size of job updated: 293580
...
006 (1754341.000.000) 11/14 06:10:25 Image size of job updated: 296692
...
006 (1754341.000.000) 11/14 06:15:26 Image size of job updated: 296840
...
006 (1754341.000.000) 11/14 06:20:27 Image size of job updated: 297076
...
006 (1754341.000.000) 11/14 06:35:30 Image size of job updated: 297148
...
006 (1754341.000.000) 11/14 06:45:32 Image size of job updated: 297224
...
005 (1754341.000.000) 11/14 06:46:42 Job terminated.
	(1) Normal termination (return value 0)
		Usr 0 01:18:47, Sys 0 00:00:25  -  Run Remote Usage
		Usr 0 00:00:00, Sys 0 00:00:00  -  Run Local Usage
		Usr 0 01:18:47, Sys 0 00:00:25  -  Total Remote Usage
		Usr 0 00:00:00, Sys 0 00:00:00  -  Total Local Usage
	0  -  Run Bytes Sent By Job
	0  -  Run Bytes Received By Job
	0  -  Total Bytes Sent By Job
	0  -  Total Bytes Received By Job
...
