000 (1753843.000.000) 11/14 02:16:47 Job submitted from host: <130.199.206.69:49450>
...
001 (1753843.000.000) 11/14 05:03:38 Job executing on host: <130.199.183.17:52518>
...
006 (1753843.000.000) 11/14 05:08:48 Image size of job updated: 282600
...
006 (1753843.000.000) 11/14 05:13:49 Image size of job updated: 288292
...
006 (1753843.000.000) 11/14 05:18:50 Image size of job updated: 292036
...
005 (1753843.000.000) 11/14 05:21:35 Job terminated.
	(1) Normal termination (return value 0)
		Usr 0 00:15:34, Sys 0 00:00:09  -  Run Remote Usage
		Usr 0 00:00:00, Sys 0 00:00:00  -  Run Local Usage
		Usr 0 00:15:34, Sys 0 00:00:09  -  Total Remote Usage
		Usr 0 00:00:00, Sys 0 00:00:00  -  Total Local Usage
	0  -  Run Bytes Sent By Job
	0  -  Run Bytes Received By Job
	0  -  Total Bytes Sent By Job
	0  -  Total Bytes Received By Job
...
