000 (1754651.000.000) 11/14 02:18:46 Job submitted from host: <130.199.206.69:49450>
...
001 (1754651.000.000) 11/14 05:47:44 Job executing on host: <130.199.180.168:57296>
...
006 (1754651.000.000) 11/14 05:47:53 Image size of job updated: 243748
...
006 (1754651.000.000) 11/14 05:52:54 Image size of job updated: 286064
...
006 (1754651.000.000) 11/14 05:57:55 Image size of job updated: 286704
...
006 (1754651.000.000) 11/14 06:07:57 Image size of job updated: 288036
...
006 (1754651.000.000) 11/14 06:12:58 Image size of job updated: 288304
...
006 (1754651.000.000) 11/14 06:23:00 Image size of job updated: 288956
...
006 (1754651.000.000) 11/14 06:28:01 Image size of job updated: 290056
...
006 (1754651.000.000) 11/14 06:33:02 Image size of job updated: 291336
...
006 (1754651.000.000) 11/14 06:38:03 Image size of job updated: 291840
...
006 (1754651.000.000) 11/14 06:43:04 Image size of job updated: 292512
...
006 (1754651.000.000) 11/14 06:48:05 Image size of job updated: 293204
...
006 (1754651.000.000) 11/14 06:53:06 Image size of job updated: 293468
...
006 (1754651.000.000) 11/14 07:03:08 Image size of job updated: 293904
...
006 (1754651.000.000) 11/14 07:08:09 Image size of job updated: 294316
...
006 (1754651.000.000) 11/14 07:13:10 Image size of job updated: 294520
...
006 (1754651.000.000) 11/14 07:18:11 Image size of job updated: 294576
...
006 (1754651.000.000) 11/14 07:23:12 Image size of job updated: 294760
...
006 (1754651.000.000) 11/14 07:28:12 Image size of job updated: 295480
...
005 (1754651.000.000) 11/14 07:28:43 Job terminated.
	(1) Normal termination (return value 0)
		Usr 0 01:31:48, Sys 0 00:01:02  -  Run Remote Usage
		Usr 0 00:00:00, Sys 0 00:00:00  -  Run Local Usage
		Usr 0 01:31:48, Sys 0 00:01:02  -  Total Remote Usage
		Usr 0 00:00:00, Sys 0 00:00:00  -  Total Local Usage
	0  -  Run Bytes Sent By Job
	0  -  Run Bytes Received By Job
	0  -  Total Bytes Sent By Job
	0  -  Total Bytes Received By Job
...
