000 (1753494.000.000) 11/14 02:15:48 Job submitted from host: <130.199.206.69:49450>
...
001 (1753494.000.000) 11/14 07:41:58 Job executing on host: <130.199.180.159:36980>
...
006 (1753494.000.000) 11/14 07:47:06 Image size of job updated: 283020
...
006 (1753494.000.000) 11/14 07:52:06 Image size of job updated: 284464
...
006 (1753494.000.000) 11/14 08:07:06 Image size of job updated: 285772
...
006 (1753494.000.000) 11/14 08:12:06 Image size of job updated: 286732
...
006 (1753494.000.000) 11/14 08:17:06 Image size of job updated: 288104
...
006 (1753494.000.000) 11/14 08:22:06 Image size of job updated: 290352
...
006 (1753494.000.000) 11/14 08:32:08 Image size of job updated: 291680
...
006 (1753494.000.000) 11/14 08:37:09 Image size of job updated: 292588
...
006 (1753494.000.000) 11/14 08:52:12 Image size of job updated: 293328
...
006 (1753494.000.000) 11/14 09:02:14 Image size of job updated: 294028
...
006 (1753494.000.000) 11/14 09:07:15 Image size of job updated: 294224
...
006 (1753494.000.000) 11/14 09:12:16 Image size of job updated: 294464
...
006 (1753494.000.000) 11/14 09:22:18 Image size of job updated: 294500
...
006 (1753494.000.000) 11/14 09:27:19 Image size of job updated: 294672
...
006 (1753494.000.000) 11/14 09:32:20 Image size of job updated: 295872
...
006 (1753494.000.000) 11/14 10:02:26 Image size of job updated: 295896
...
006 (1753494.000.000) 11/14 10:07:27 Image size of job updated: 296068
...
006 (1753494.000.000) 11/14 10:17:29 Image size of job updated: 296800
...
006 (1753494.000.000) 11/14 10:27:31 Image size of job updated: 297468
...
005 (1753494.000.000) 11/14 10:45:38 Job terminated.
	(1) Normal termination (return value 0)
		Usr 0 02:40:29, Sys 0 00:01:21  -  Run Remote Usage
		Usr 0 00:00:00, Sys 0 00:00:00  -  Run Local Usage
		Usr 0 02:40:29, Sys 0 00:01:21  -  Total Remote Usage
		Usr 0 00:00:00, Sys 0 00:00:00  -  Total Local Usage
	0  -  Run Bytes Sent By Job
	0  -  Run Bytes Received By Job
	0  -  Total Bytes Sent By Job
	0  -  Total Bytes Received By Job
...
