000 (1754504.000.000) 11/14 02:18:34 Job submitted from host: <130.199.206.69:49450>
...
001 (1754504.000.000) 11/14 05:23:15 Job executing on host: <130.199.180.157:54764>
...
006 (1754504.000.000) 11/14 05:23:23 Image size of job updated: 199800
...
006 (1754504.000.000) 11/14 05:28:23 Image size of job updated: 285640
...
006 (1754504.000.000) 11/14 05:33:23 Image size of job updated: 287040
...
006 (1754504.000.000) 11/14 05:38:24 Image size of job updated: 287176
...
006 (1754504.000.000) 11/14 05:43:25 Image size of job updated: 287820
...
006 (1754504.000.000) 11/14 06:03:29 Image size of job updated: 289232
...
006 (1754504.000.000) 11/14 06:08:30 Image size of job updated: 289256
...
006 (1754504.000.000) 11/14 06:13:31 Image size of job updated: 289760
...
006 (1754504.000.000) 11/14 06:23:33 Image size of job updated: 290072
...
006 (1754504.000.000) 11/14 06:38:36 Image size of job updated: 290944
...
006 (1754504.000.000) 11/14 06:43:37 Image size of job updated: 292040
...
006 (1754504.000.000) 11/14 06:53:39 Image size of job updated: 292292
...
006 (1754504.000.000) 11/14 06:58:40 Image size of job updated: 292608
...
006 (1754504.000.000) 11/14 07:03:41 Image size of job updated: 293736
...
006 (1754504.000.000) 11/14 07:38:48 Image size of job updated: 294668
...
006 (1754504.000.000) 11/14 07:43:49 Image size of job updated: 294912
...
006 (1754504.000.000) 11/14 07:48:50 Image size of job updated: 294980
...
006 (1754504.000.000) 11/14 07:53:51 Image size of job updated: 295000
...
006 (1754504.000.000) 11/14 07:58:52 Image size of job updated: 295352
...
006 (1754504.000.000) 11/14 08:03:53 Image size of job updated: 295500
...
006 (1754504.000.000) 11/14 08:08:54 Image size of job updated: 296364
...
006 (1754504.000.000) 11/14 08:13:55 Image size of job updated: 296960
...
005 (1754504.000.000) 11/14 09:04:55 Job terminated.
	(1) Normal termination (return value 0)
		Usr 0 03:25:15, Sys 0 00:01:45  -  Run Remote Usage
		Usr 0 00:00:00, Sys 0 00:00:00  -  Run Local Usage
		Usr 0 03:25:15, Sys 0 00:01:45  -  Total Remote Usage
		Usr 0 00:00:00, Sys 0 00:00:00  -  Total Local Usage
	0  -  Run Bytes Sent By Job
	0  -  Run Bytes Received By Job
	0  -  Total Bytes Sent By Job
	0  -  Total Bytes Received By Job
...
