000 (1754669.000.000) 11/14 02:18:46 Job submitted from host: <130.199.206.69:49450>
...
001 (1754669.000.000) 11/14 05:52:08 Job executing on host: <130.199.183.11:60300>
...
006 (1754669.000.000) 11/14 05:52:17 Image size of job updated: 173812
...
006 (1754669.000.000) 11/14 05:57:18 Image size of job updated: 283748
...
006 (1754669.000.000) 11/14 06:02:19 Image size of job updated: 285204
...
006 (1754669.000.000) 11/14 06:07:20 Image size of job updated: 285748
...
006 (1754669.000.000) 11/14 06:12:21 Image size of job updated: 288008
...
006 (1754669.000.000) 11/14 06:32:25 Image size of job updated: 288260
...
006 (1754669.000.000) 11/14 06:37:26 Image size of job updated: 291276
...
006 (1754669.000.000) 11/14 06:52:29 Image size of job updated: 292412
...
006 (1754669.000.000) 11/14 07:07:32 Image size of job updated: 292656
...
006 (1754669.000.000) 11/14 07:12:33 Image size of job updated: 292812
...
006 (1754669.000.000) 11/14 07:17:34 Image size of job updated: 293308
...
006 (1754669.000.000) 11/14 07:22:35 Image size of job updated: 293312
...
006 (1754669.000.000) 11/14 07:27:36 Image size of job updated: 293800
...
006 (1754669.000.000) 11/14 07:37:38 Image size of job updated: 293904
...
006 (1754669.000.000) 11/14 07:42:39 Image size of job updated: 294548
...
006 (1754669.000.000) 11/14 07:52:41 Image size of job updated: 294588
...
006 (1754669.000.000) 11/14 08:37:45 Image size of job updated: 294832
...
006 (1754669.000.000) 11/14 09:07:45 Image size of job updated: 319892
...
006 (1754669.000.000) 11/14 09:12:45 Image size of job updated: 328084
...
006 (1754669.000.000) 11/14 09:17:45 Image size of job updated: 332180
...
006 (1754669.000.000) 11/14 09:22:45 Image size of job updated: 337300
...
006 (1754669.000.000) 11/14 09:27:45 Image size of job updated: 338324
...
006 (1754669.000.000) 11/14 09:32:45 Image size of job updated: 339348
...
006 (1754669.000.000) 11/14 10:02:45 Image size of job updated: 341396
...
005 (1754669.000.000) 11/14 10:09:54 Job terminated.
	(1) Normal termination (return value 0)
		Usr 0 03:51:13, Sys 0 00:01:34  -  Run Remote Usage
		Usr 0 00:00:00, Sys 0 00:00:00  -  Run Local Usage
		Usr 0 03:51:13, Sys 0 00:01:34  -  Total Remote Usage
		Usr 0 00:00:00, Sys 0 00:00:00  -  Total Local Usage
	0  -  Run Bytes Sent By Job
	0  -  Run Bytes Received By Job
	0  -  Total Bytes Sent By Job
	0  -  Total Bytes Received By Job
...
