000 (1755389.000.000) 11/14 02:20:10 Job submitted from host: <130.199.206.69:49450>
...
001 (1755389.000.000) 11/15 12:49:04 Job executing on host: <130.199.180.172:54357>
...
006 (1755389.000.000) 11/15 12:54:14 Image size of job updated: 281592
...
006 (1755389.000.000) 11/15 12:59:15 Image size of job updated: 284628
...
006 (1755389.000.000) 11/15 13:19:19 Image size of job updated: 285124
...
006 (1755389.000.000) 11/15 13:24:20 Image size of job updated: 285532
...
006 (1755389.000.000) 11/15 13:29:21 Image size of job updated: 286000
...
006 (1755389.000.000) 11/15 13:34:22 Image size of job updated: 287404
...
006 (1755389.000.000) 11/15 13:39:23 Image size of job updated: 290344
...
006 (1755389.000.000) 11/15 13:44:24 Image size of job updated: 290768
...
006 (1755389.000.000) 11/15 13:49:25 Image size of job updated: 291156
...
006 (1755389.000.000) 11/15 13:59:27 Image size of job updated: 291796
...
006 (1755389.000.000) 11/15 14:04:28 Image size of job updated: 293360
...
006 (1755389.000.000) 11/15 14:09:29 Image size of job updated: 295944
...
005 (1755389.000.000) 11/15 14:10:02 Job terminated.
	(1) Normal termination (return value 0)
		Usr 0 01:10:34, Sys 0 00:00:52  -  Run Remote Usage
		Usr 0 00:00:00, Sys 0 00:00:00  -  Run Local Usage
		Usr 0 01:10:34, Sys 0 00:00:52  -  Total Remote Usage
		Usr 0 00:00:00, Sys 0 00:00:00  -  Total Local Usage
	0  -  Run Bytes Sent By Job
	0  -  Run Bytes Received By Job
	0  -  Total Bytes Sent By Job
	0  -  Total Bytes Received By Job
...
