000 (1755442.000.000) 11/14 02:20:10 Job submitted from host: <130.199.206.69:49450>
...
001 (1755442.000.000) 11/15 19:29:32 Job executing on host: <130.199.180.143:49383>
...
006 (1755442.000.000) 11/15 19:29:41 Image size of job updated: 149772
...
006 (1755442.000.000) 11/15 19:34:42 Image size of job updated: 278108
...
006 (1755442.000.000) 11/15 19:39:43 Image size of job updated: 309004
...
006 (1755442.000.000) 11/15 19:44:44 Image size of job updated: 318760
...
006 (1755442.000.000) 11/15 19:49:45 Image size of job updated: 322856
...
005 (1755442.000.000) 11/15 19:52:04 Job terminated.
	(1) Normal termination (return value 0)
		Usr 0 00:18:20, Sys 0 00:00:15  -  Run Remote Usage
		Usr 0 00:00:00, Sys 0 00:00:00  -  Run Local Usage
		Usr 0 00:18:20, Sys 0 00:00:15  -  Total Remote Usage
		Usr 0 00:00:00, Sys 0 00:00:00  -  Total Local Usage
	0  -  Run Bytes Sent By Job
	0  -  Run Bytes Received By Job
	0  -  Total Bytes Sent By Job
	0  -  Total Bytes Received By Job
...
