000 (1755454.000.000) 11/14 02:20:10 Job submitted from host: <130.199.206.69:49450>
...
001 (1755454.000.000) 11/15 21:22:19 Job executing on host: <130.199.183.26:55119>
...
006 (1755454.000.000) 11/15 21:27:29 Image size of job updated: 276520
...
006 (1755454.000.000) 11/15 21:32:30 Image size of job updated: 311272
...
006 (1755454.000.000) 11/15 21:37:31 Image size of job updated: 320488
...
006 (1755454.000.000) 11/15 21:42:32 Image size of job updated: 321512
...
005 (1755454.000.000) 11/15 21:46:24 Job terminated.
	(1) Normal termination (return value 0)
		Usr 0 00:21:22, Sys 0 00:00:16  -  Run Remote Usage
		Usr 0 00:00:00, Sys 0 00:00:00  -  Run Local Usage
		Usr 0 00:21:22, Sys 0 00:00:16  -  Total Remote Usage
		Usr 0 00:00:00, Sys 0 00:00:00  -  Total Local Usage
	0  -  Run Bytes Sent By Job
	0  -  Run Bytes Received By Job
	0  -  Total Bytes Sent By Job
	0  -  Total Bytes Received By Job
...
