000 (1754537.000.000) 11/14 02:18:34 Job submitted from host: <130.199.206.69:49450>
...
001 (1754537.000.000) 11/14 05:36:06 Job executing on host: <130.199.180.167:33733>
...
006 (1754537.000.000) 11/14 05:41:14 Image size of job updated: 283680
...
006 (1754537.000.000) 11/14 05:46:14 Image size of job updated: 284720
...
006 (1754537.000.000) 11/14 05:51:14 Image size of job updated: 285596
...
006 (1754537.000.000) 11/14 05:56:14 Image size of job updated: 285608
...
006 (1754537.000.000) 11/14 06:01:14 Image size of job updated: 286004
...
006 (1754537.000.000) 11/14 06:06:14 Image size of job updated: 286988
...
006 (1754537.000.000) 11/14 06:11:14 Image size of job updated: 289396
...
006 (1754537.000.000) 11/14 06:16:14 Image size of job updated: 293812
...
006 (1754537.000.000) 11/14 06:26:15 Image size of job updated: 294284
...
006 (1754537.000.000) 11/14 06:31:16 Image size of job updated: 295044
...
006 (1754537.000.000) 11/14 06:36:17 Image size of job updated: 295360
...
006 (1754537.000.000) 11/14 06:41:18 Image size of job updated: 295728
...
006 (1754537.000.000) 11/14 06:51:20 Image size of job updated: 296100
...
006 (1754537.000.000) 11/14 08:01:34 Image size of job updated: 296200
...
006 (1754537.000.000) 11/14 08:31:40 Image size of job updated: 296404
...
006 (1754537.000.000) 11/14 08:36:41 Image size of job updated: 319472
...
006 (1754537.000.000) 11/14 08:41:42 Image size of job updated: 334832
...
006 (1754537.000.000) 11/14 08:46:43 Image size of job updated: 338928
...
006 (1754537.000.000) 11/14 08:51:44 Image size of job updated: 340976
...
006 (1754537.000.000) 11/14 08:56:45 Image size of job updated: 343024
...
006 (1754537.000.000) 11/14 09:06:47 Image size of job updated: 344048
...
006 (1754537.000.000) 11/14 09:16:49 Image size of job updated: 345072
...
005 (1754537.000.000) 11/14 09:46:51 Job terminated.
	(1) Normal termination (return value 0)
		Usr 0 03:39:13, Sys 0 00:01:40  -  Run Remote Usage
		Usr 0 00:00:00, Sys 0 00:00:00  -  Run Local Usage
		Usr 0 03:39:13, Sys 0 00:01:40  -  Total Remote Usage
		Usr 0 00:00:00, Sys 0 00:00:00  -  Total Local Usage
	0  -  Run Bytes Sent By Job
	0  -  Run Bytes Received By Job
	0  -  Total Bytes Sent By Job
	0  -  Total Bytes Received By Job
...
