000 (1753395.000.000) 11/14 02:14:53 Job submitted from host: <130.199.206.69:49450>
...
001 (1753395.000.000) 11/14 07:33:30 Job executing on host: <130.199.180.169:46641>
...
006 (1753395.000.000) 11/14 07:33:38 Image size of job updated: 146316
...
006 (1753395.000.000) 11/14 07:38:38 Image size of job updated: 283068
...
006 (1753395.000.000) 11/14 07:43:38 Image size of job updated: 285348
...
006 (1753395.000.000) 11/14 07:48:38 Image size of job updated: 285660
...
006 (1753395.000.000) 11/14 07:53:38 Image size of job updated: 285708
...
006 (1753395.000.000) 11/14 07:58:38 Image size of job updated: 286036
...
006 (1753395.000.000) 11/14 08:03:38 Image size of job updated: 287476
...
006 (1753395.000.000) 11/14 08:08:38 Image size of job updated: 288452
...
006 (1753395.000.000) 11/14 08:18:38 Image size of job updated: 290580
...
006 (1753395.000.000) 11/14 08:23:38 Image size of job updated: 292208
...
006 (1753395.000.000) 11/14 08:33:38 Image size of job updated: 292632
...
006 (1753395.000.000) 11/14 08:38:38 Image size of job updated: 292972
...
006 (1753395.000.000) 11/14 08:48:38 Image size of job updated: 293876
...
006 (1753395.000.000) 11/14 08:53:38 Image size of job updated: 294068
...
006 (1753395.000.000) 11/14 09:03:38 Image size of job updated: 294360
...
006 (1753395.000.000) 11/14 09:13:38 Image size of job updated: 294592
...
006 (1753395.000.000) 11/14 09:33:38 Image size of job updated: 294780
...
006 (1753395.000.000) 11/14 09:38:38 Image size of job updated: 295248
...
006 (1753395.000.000) 11/14 09:48:38 Image size of job updated: 295472
...
006 (1753395.000.000) 11/14 09:53:38 Image size of job updated: 295752
...
006 (1753395.000.000) 11/14 09:58:39 Image size of job updated: 296028
...
006 (1753395.000.000) 11/14 10:23:44 Image size of job updated: 296560
...
006 (1753395.000.000) 11/14 10:43:48 Image size of job updated: 296852
...
006 (1753395.000.000) 11/14 10:58:51 Image size of job updated: 320772
...
006 (1753395.000.000) 11/14 11:03:52 Image size of job updated: 333060
...
006 (1753395.000.000) 11/14 11:08:53 Image size of job updated: 338180
...
006 (1753395.000.000) 11/14 11:13:54 Image size of job updated: 339204
...
006 (1753395.000.000) 11/14 11:23:56 Image size of job updated: 340228
...
006 (1753395.000.000) 11/14 11:28:57 Image size of job updated: 341252
...
005 (1753395.000.000) 11/14 11:32:09 Job terminated.
	(1) Normal termination (return value 0)
		Usr 0 03:27:16, Sys 0 00:02:03  -  Run Remote Usage
		Usr 0 00:00:00, Sys 0 00:00:00  -  Run Local Usage
		Usr 0 03:27:16, Sys 0 00:02:03  -  Total Remote Usage
		Usr 0 00:00:00, Sys 0 00:00:00  -  Total Local Usage
	0  -  Run Bytes Sent By Job
	0  -  Run Bytes Received By Job
	0  -  Total Bytes Sent By Job
	0  -  Total Bytes Received By Job
...
