000 (1755004.000.000) 11/14 02:19:38 Job submitted from host: <130.199.206.69:49450>
...
001 (1755004.000.000) 11/15 11:39:51 Job executing on host: <130.199.206.162:38127>
...
006 (1755004.000.000) 11/15 11:39:59 Image size of job updated: 135260
...
006 (1755004.000.000) 11/15 11:44:59 Image size of job updated: 324748
...
006 (1755004.000.000) 11/15 12:25:00 Image size of job updated: 330524
...
006 (1755004.000.000) 11/15 12:30:01 Image size of job updated: 333264
...
006 (1755004.000.000) 11/15 12:40:03 Image size of job updated: 335312
...
006 (1755004.000.000) 11/15 12:45:03 Image size of job updated: 336336
...
006 (1755004.000.000) 11/15 12:50:03 Image size of job updated: 337360
...
006 (1755004.000.000) 11/15 12:55:03 Image size of job updated: 338384
...
006 (1755004.000.000) 11/15 13:10:03 Image size of job updated: 339408
...
006 (1755004.000.000) 11/15 13:20:03 Image size of job updated: 340432
...
006 (1755004.000.000) 11/15 14:20:09 Image size of job updated: 341456
...
006 (1755004.000.000) 11/15 14:40:13 Image size of job updated: 342480
...
005 (1755004.000.000) 11/15 14:45:38 Job terminated.
	(1) Normal termination (return value 0)
		Usr 0 02:41:16, Sys 0 00:00:53  -  Run Remote Usage
		Usr 0 00:00:00, Sys 0 00:00:00  -  Run Local Usage
		Usr 0 02:41:16, Sys 0 00:00:53  -  Total Remote Usage
		Usr 0 00:00:00, Sys 0 00:00:00  -  Total Local Usage
	0  -  Run Bytes Sent By Job
	0  -  Run Bytes Received By Job
	0  -  Total Bytes Sent By Job
	0  -  Total Bytes Received By Job
...
