000 (1753412.000.000) 11/14 02:14:53 Job submitted from host: <130.199.206.69:49450>
...
001 (1753412.000.000) 11/14 05:45:58 Job executing on host: <130.199.183.21:49750>
...
006 (1753412.000.000) 11/14 05:51:08 Image size of job updated: 283572
...
006 (1753412.000.000) 11/14 05:56:09 Image size of job updated: 285384
...
006 (1753412.000.000) 11/14 06:01:10 Image size of job updated: 286124
...
006 (1753412.000.000) 11/14 06:06:11 Image size of job updated: 286948
...
006 (1753412.000.000) 11/14 06:11:12 Image size of job updated: 286972
...
006 (1753412.000.000) 11/14 06:16:13 Image size of job updated: 287672
...
006 (1753412.000.000) 11/14 06:21:14 Image size of job updated: 288868
...
006 (1753412.000.000) 11/14 06:36:17 Image size of job updated: 290276
...
006 (1753412.000.000) 11/14 06:51:20 Image size of job updated: 290324
...
006 (1753412.000.000) 11/14 06:56:21 Image size of job updated: 290588
...
006 (1753412.000.000) 11/14 07:01:22 Image size of job updated: 292340
...
006 (1753412.000.000) 11/14 07:06:23 Image size of job updated: 292880
...
006 (1753412.000.000) 11/14 07:16:25 Image size of job updated: 293212
...
006 (1753412.000.000) 11/14 07:56:26 Image size of job updated: 293592
...
006 (1753412.000.000) 11/14 08:06:26 Image size of job updated: 294056
...
006 (1753412.000.000) 11/14 08:11:26 Image size of job updated: 294220
...
006 (1753412.000.000) 11/14 08:16:26 Image size of job updated: 294264
...
006 (1753412.000.000) 11/14 08:21:26 Image size of job updated: 294612
...
006 (1753412.000.000) 11/14 08:31:26 Image size of job updated: 294780
...
006 (1753412.000.000) 11/14 08:36:26 Image size of job updated: 296092
...
006 (1753412.000.000) 11/14 08:46:26 Image size of job updated: 296116
...
006 (1753412.000.000) 11/14 08:51:26 Image size of job updated: 296756
...
006 (1753412.000.000) 11/14 08:56:26 Image size of job updated: 297100
...
006 (1753412.000.000) 11/14 09:01:26 Image size of job updated: 297744
...
005 (1753412.000.000) 11/14 09:56:07 Job terminated.
	(1) Normal termination (return value 0)
		Usr 0 03:38:59, Sys 0 00:01:39  -  Run Remote Usage
		Usr 0 00:00:00, Sys 0 00:00:00  -  Run Local Usage
		Usr 0 03:38:59, Sys 0 00:01:39  -  Total Remote Usage
		Usr 0 00:00:00, Sys 0 00:00:00  -  Total Local Usage
	0  -  Run Bytes Sent By Job
	0  -  Run Bytes Received By Job
	0  -  Total Bytes Sent By Job
	0  -  Total Bytes Received By Job
...
