000 (1754908.000.000) 11/14 02:19:27 Job submitted from host: <130.199.206.69:49450>
...
001 (1754908.000.000) 11/15 11:27:43 Job executing on host: <130.199.206.138:33176>
...
006 (1754908.000.000) 11/15 11:32:53 Image size of job updated: 284140
...
006 (1754908.000.000) 11/15 11:37:54 Image size of job updated: 286780
...
006 (1754908.000.000) 11/15 11:52:57 Image size of job updated: 287932
...
006 (1754908.000.000) 11/15 11:57:57 Image size of job updated: 289072
...
006 (1754908.000.000) 11/15 12:02:57 Image size of job updated: 289368
...
006 (1754908.000.000) 11/15 12:07:57 Image size of job updated: 291356
...
006 (1754908.000.000) 11/15 12:12:57 Image size of job updated: 292588
...
006 (1754908.000.000) 11/15 12:22:57 Image size of job updated: 325356
...
006 (1754908.000.000) 11/15 12:27:57 Image size of job updated: 336620
...
006 (1754908.000.000) 11/15 12:32:57 Image size of job updated: 337644
...
006 (1754908.000.000) 11/15 12:37:57 Image size of job updated: 338668
...
006 (1754908.000.000) 11/15 12:42:57 Image size of job updated: 339692
...
006 (1754908.000.000) 11/15 12:47:57 Image size of job updated: 340716
...
006 (1754908.000.000) 11/15 12:52:57 Image size of job updated: 341740
...
006 (1754908.000.000) 11/15 14:28:09 Image size of job updated: 343428
...
006 (1754908.000.000) 11/15 14:33:09 Image size of job updated: 344452
...
006 (1754908.000.000) 11/15 14:43:09 Image size of job updated: 345476
...
006 (1754908.000.000) 11/15 14:48:09 Image size of job updated: 346500
...
005 (1754908.000.000) 11/15 15:04:51 Job terminated.
	(1) Normal termination (return value 0)
		Usr 0 03:20:03, Sys 0 00:00:32  -  Run Remote Usage
		Usr 0 00:00:00, Sys 0 00:00:00  -  Run Local Usage
		Usr 0 03:20:03, Sys 0 00:00:32  -  Total Remote Usage
		Usr 0 00:00:00, Sys 0 00:00:00  -  Total Local Usage
	0  -  Run Bytes Sent By Job
	0  -  Run Bytes Received By Job
	0  -  Total Bytes Sent By Job
	0  -  Total Bytes Received By Job
...
