000 (1754383.000.000) 11/14 02:18:20 Job submitted from host: <130.199.206.69:49450>
...
001 (1754383.000.000) 11/14 08:35:24 Job executing on host: <130.199.183.19:35289>
...
006 (1754383.000.000) 11/14 08:35:33 Image size of job updated: 243532
...
006 (1754383.000.000) 11/14 08:40:33 Image size of job updated: 283428
...
006 (1754383.000.000) 11/14 08:45:33 Image size of job updated: 284884
...
006 (1754383.000.000) 11/14 08:55:33 Image size of job updated: 288988
...
006 (1754383.000.000) 11/14 09:05:33 Image size of job updated: 289152
...
006 (1754383.000.000) 11/14 09:10:33 Image size of job updated: 289552
...
006 (1754383.000.000) 11/14 09:15:33 Image size of job updated: 292272
...
006 (1754383.000.000) 11/14 09:20:33 Image size of job updated: 293088
...
006 (1754383.000.000) 11/14 09:25:33 Image size of job updated: 293760
...
006 (1754383.000.000) 11/14 09:30:33 Image size of job updated: 294644
...
006 (1754383.000.000) 11/14 09:35:33 Image size of job updated: 295348
...
006 (1754383.000.000) 11/14 10:00:33 Image size of job updated: 295600
...
006 (1754383.000.000) 11/14 10:10:33 Image size of job updated: 296188
...
006 (1754383.000.000) 11/14 10:20:33 Image size of job updated: 297044
...
006 (1754383.000.000) 11/14 10:35:33 Image size of job updated: 297060
...
006 (1754383.000.000) 11/14 10:45:33 Image size of job updated: 297068
...
006 (1754383.000.000) 11/14 10:50:33 Image size of job updated: 297332
...
005 (1754383.000.000) 11/14 10:53:10 Job terminated.
	(1) Normal termination (return value 0)
		Usr 0 02:01:33, Sys 0 00:00:46  -  Run Remote Usage
		Usr 0 00:00:00, Sys 0 00:00:00  -  Run Local Usage
		Usr 0 02:01:33, Sys 0 00:00:46  -  Total Remote Usage
		Usr 0 00:00:00, Sys 0 00:00:00  -  Total Local Usage
	0  -  Run Bytes Sent By Job
	0  -  Run Bytes Received By Job
	0  -  Total Bytes Sent By Job
	0  -  Total Bytes Received By Job
...
