000 (1753464.000.000) 11/14 02:14:53 Job submitted from host: <130.199.206.69:49450>
...
001 (1753464.000.000) 11/14 04:54:08 Job executing on host: <130.199.180.144:40361>
...
006 (1753464.000.000) 11/14 04:54:16 Image size of job updated: 148172
...
006 (1753464.000.000) 11/14 04:59:16 Image size of job updated: 283944
...
006 (1753464.000.000) 11/14 05:04:16 Image size of job updated: 285764
...
006 (1753464.000.000) 11/14 05:09:16 Image size of job updated: 286524
...
006 (1753464.000.000) 11/14 05:14:16 Image size of job updated: 286816
...
006 (1753464.000.000) 11/14 05:24:16 Image size of job updated: 287200
...
006 (1753464.000.000) 11/14 05:34:16 Image size of job updated: 288292
...
006 (1753464.000.000) 11/14 05:44:16 Image size of job updated: 288420
...
006 (1753464.000.000) 11/14 05:54:16 Image size of job updated: 290788
...
006 (1753464.000.000) 11/14 05:59:16 Image size of job updated: 290876
...
006 (1753464.000.000) 11/14 06:04:16 Image size of job updated: 291236
...
006 (1753464.000.000) 11/14 06:09:16 Image size of job updated: 291400
...
006 (1753464.000.000) 11/14 06:14:16 Image size of job updated: 292196
...
006 (1753464.000.000) 11/14 06:19:16 Image size of job updated: 293264
...
006 (1753464.000.000) 11/14 06:24:16 Image size of job updated: 294328
...
006 (1753464.000.000) 11/14 06:34:16 Image size of job updated: 299804
...
006 (1753464.000.000) 11/14 06:39:16 Image size of job updated: 320744
...
006 (1753464.000.000) 11/14 06:44:16 Image size of job updated: 331136
...
006 (1753464.000.000) 11/14 06:49:16 Image size of job updated: 332160
...
006 (1753464.000.000) 11/14 06:59:16 Image size of job updated: 336256
...
006 (1753464.000.000) 11/14 07:14:16 Image size of job updated: 337280
...
006 (1753464.000.000) 11/14 07:19:16 Image size of job updated: 338304
...
006 (1753464.000.000) 11/14 07:29:16 Image size of job updated: 339328
...
006 (1753464.000.000) 11/14 07:34:16 Image size of job updated: 340352
...
006 (1753464.000.000) 11/14 07:39:16 Image size of job updated: 341376
...
006 (1753464.000.000) 11/14 08:04:16 Image size of job updated: 343424
...
006 (1753464.000.000) 11/14 08:09:16 Image size of job updated: 344448
...
006 (1753464.000.000) 11/14 08:19:18 Image size of job updated: 345472
...
005 (1753464.000.000) 11/14 08:34:22 Job terminated.
	(1) Normal termination (return value 0)
		Usr 0 03:04:25, Sys 0 00:01:17  -  Run Remote Usage
		Usr 0 00:00:00, Sys 0 00:00:00  -  Run Local Usage
		Usr 0 03:04:25, Sys 0 00:01:17  -  Total Remote Usage
		Usr 0 00:00:00, Sys 0 00:00:00  -  Total Local Usage
	0  -  Run Bytes Sent By Job
	0  -  Run Bytes Received By Job
	0  -  Total Bytes Sent By Job
	0  -  Total Bytes Received By Job
...
