000 (1754239.000.000) 11/14 02:17:52 Job submitted from host: <130.199.206.69:49450>
...
001 (1754239.000.000) 11/14 05:22:40 Job executing on host: <130.199.206.199:52231>
...
006 (1754239.000.000) 11/14 05:22:48 Image size of job updated: 131516
...
006 (1754239.000.000) 11/14 05:27:48 Image size of job updated: 279300
...
006 (1754239.000.000) 11/14 05:32:48 Image size of job updated: 289188
...
006 (1754239.000.000) 11/14 05:37:48 Image size of job updated: 291076
...
006 (1754239.000.000) 11/14 05:42:48 Image size of job updated: 291096
...
006 (1754239.000.000) 11/14 05:47:48 Image size of job updated: 295224
...
006 (1754239.000.000) 11/14 05:52:48 Image size of job updated: 296608
...
006 (1754239.000.000) 11/14 05:57:48 Image size of job updated: 296752
...
006 (1754239.000.000) 11/14 06:02:48 Image size of job updated: 296828
...
005 (1754239.000.000) 11/14 06:03:19 Job terminated.
	(1) Normal termination (return value 0)
		Usr 0 00:37:03, Sys 0 00:00:06  -  Run Remote Usage
		Usr 0 00:00:00, Sys 0 00:00:00  -  Run Local Usage
		Usr 0 00:37:03, Sys 0 00:00:06  -  Total Remote Usage
		Usr 0 00:00:00, Sys 0 00:00:00  -  Total Local Usage
	0  -  Run Bytes Sent By Job
	0  -  Run Bytes Received By Job
	0  -  Total Bytes Sent By Job
	0  -  Total Bytes Received By Job
...
