000 (1755279.000.000) 11/14 02:20:03 Job submitted from host: <130.199.206.69:49450>
...
001 (1755279.000.000) 11/15 12:37:39 Job executing on host: <130.199.180.168:57296>
...
006 (1755279.000.000) 11/15 12:37:48 Image size of job updated: 173772
...
006 (1755279.000.000) 11/15 12:42:49 Image size of job updated: 290216
...
006 (1755279.000.000) 11/15 12:47:50 Image size of job updated: 292248
...
006 (1755279.000.000) 11/15 12:52:51 Image size of job updated: 292528
...
006 (1755279.000.000) 11/15 12:57:52 Image size of job updated: 293312
...
006 (1755279.000.000) 11/15 13:12:55 Image size of job updated: 293888
...
006 (1755279.000.000) 11/15 13:17:56 Image size of job updated: 296328
...
006 (1755279.000.000) 11/15 13:38:00 Image size of job updated: 297164
...
006 (1755279.000.000) 11/15 14:08:06 Image size of job updated: 297324
...
006 (1755279.000.000) 11/15 14:13:07 Image size of job updated: 298932
...
006 (1755279.000.000) 11/15 14:18:08 Image size of job updated: 299004
...
006 (1755279.000.000) 11/15 14:23:09 Image size of job updated: 299308
...
006 (1755279.000.000) 11/15 14:28:10 Image size of job updated: 299952
...
006 (1755279.000.000) 11/15 14:33:11 Image size of job updated: 300452
...
005 (1755279.000.000) 11/15 14:33:39 Job terminated.
	(1) Normal termination (return value 0)
		Usr 0 01:38:19, Sys 0 00:00:59  -  Run Remote Usage
		Usr 0 00:00:00, Sys 0 00:00:00  -  Run Local Usage
		Usr 0 01:38:19, Sys 0 00:00:59  -  Total Remote Usage
		Usr 0 00:00:00, Sys 0 00:00:00  -  Total Local Usage
	0  -  Run Bytes Sent By Job
	0  -  Run Bytes Received By Job
	0  -  Total Bytes Sent By Job
	0  -  Total Bytes Received By Job
...
