000 (1754279.000.000) 11/14 02:18:07 Job submitted from host: <130.199.206.69:49450>
...
001 (1754279.000.000) 11/14 05:12:17 Job executing on host: <130.199.180.149:32900>
...
006 (1754279.000.000) 11/14 05:12:25 Image size of job updated: 136492
...
006 (1754279.000.000) 11/14 05:17:25 Image size of job updated: 286376
...
006 (1754279.000.000) 11/14 05:22:25 Image size of job updated: 287324
...
006 (1754279.000.000) 11/14 05:27:25 Image size of job updated: 288128
...
006 (1754279.000.000) 11/14 05:32:25 Image size of job updated: 289608
...
006 (1754279.000.000) 11/14 05:42:25 Image size of job updated: 290856
...
006 (1754279.000.000) 11/14 05:47:25 Image size of job updated: 295772
...
006 (1754279.000.000) 11/14 05:52:26 Image size of job updated: 296224
...
006 (1754279.000.000) 11/14 05:57:27 Image size of job updated: 296276
...
006 (1754279.000.000) 11/14 06:02:28 Image size of job updated: 297488
...
006 (1754279.000.000) 11/14 06:07:29 Image size of job updated: 297856
...
006 (1754279.000.000) 11/14 06:12:30 Image size of job updated: 298080
...
006 (1754279.000.000) 11/14 06:37:35 Image size of job updated: 298592
...
005 (1754279.000.000) 11/14 06:55:13 Job terminated.
	(1) Normal termination (return value 0)
		Usr 0 01:32:31, Sys 0 00:00:49  -  Run Remote Usage
		Usr 0 00:00:00, Sys 0 00:00:00  -  Run Local Usage
		Usr 0 01:32:31, Sys 0 00:00:49  -  Total Remote Usage
		Usr 0 00:00:00, Sys 0 00:00:00  -  Total Local Usage
	0  -  Run Bytes Sent By Job
	0  -  Run Bytes Received By Job
	0  -  Total Bytes Sent By Job
	0  -  Total Bytes Received By Job
...
