000 (1755303.000.000) 11/14 02:20:03 Job submitted from host: <130.199.206.69:49450>
...
001 (1755303.000.000) 11/15 12:40:24 Job executing on host: <130.199.183.28:53536>
...
006 (1755303.000.000) 11/15 12:45:32 Image size of job updated: 283164
...
006 (1755303.000.000) 11/15 12:50:32 Image size of job updated: 285076
...
006 (1755303.000.000) 11/15 12:55:32 Image size of job updated: 285772
...
006 (1755303.000.000) 11/15 13:00:32 Image size of job updated: 285968
...
006 (1755303.000.000) 11/15 13:20:32 Image size of job updated: 286316
...
006 (1755303.000.000) 11/15 13:25:32 Image size of job updated: 286876
...
006 (1755303.000.000) 11/15 13:30:32 Image size of job updated: 289300
...
006 (1755303.000.000) 11/15 13:35:33 Image size of job updated: 304300
...
006 (1755303.000.000) 11/15 13:40:34 Image size of job updated: 330928
...
006 (1755303.000.000) 11/15 13:45:35 Image size of job updated: 335024
...
006 (1755303.000.000) 11/15 13:50:36 Image size of job updated: 336048
...
006 (1755303.000.000) 11/15 13:55:37 Image size of job updated: 338096
...
005 (1755303.000.000) 11/15 14:04:16 Job terminated.
	(1) Normal termination (return value 0)
		Usr 0 01:07:58, Sys 0 00:00:39  -  Run Remote Usage
		Usr 0 00:00:00, Sys 0 00:00:00  -  Run Local Usage
		Usr 0 01:07:58, Sys 0 00:00:39  -  Total Remote Usage
		Usr 0 00:00:00, Sys 0 00:00:00  -  Total Local Usage
	0  -  Run Bytes Sent By Job
	0  -  Run Bytes Received By Job
	0  -  Total Bytes Sent By Job
	0  -  Total Bytes Received By Job
...
