000 (1753923.000.000) 11/14 02:17:04 Job submitted from host: <130.199.206.69:49450>
...
001 (1753923.000.000) 11/14 08:15:04 Job executing on host: <130.199.180.173:34638>
...
006 (1753923.000.000) 11/14 08:20:12 Image size of job updated: 283700
...
006 (1753923.000.000) 11/14 08:25:12 Image size of job updated: 284016
...
006 (1753923.000.000) 11/14 08:30:12 Image size of job updated: 285156
...
006 (1753923.000.000) 11/14 08:40:12 Image size of job updated: 285264
...
006 (1753923.000.000) 11/14 08:45:13 Image size of job updated: 286520
...
006 (1753923.000.000) 11/14 09:00:16 Image size of job updated: 289104
...
006 (1753923.000.000) 11/14 09:05:17 Image size of job updated: 290480
...
006 (1753923.000.000) 11/14 09:10:18 Image size of job updated: 292100
...
006 (1753923.000.000) 11/14 09:15:19 Image size of job updated: 292576
...
006 (1753923.000.000) 11/14 09:20:20 Image size of job updated: 292756
...
006 (1753923.000.000) 11/14 09:25:21 Image size of job updated: 293940
...
006 (1753923.000.000) 11/14 10:05:29 Image size of job updated: 294244
...
006 (1753923.000.000) 11/14 10:25:33 Image size of job updated: 295008
...
006 (1753923.000.000) 11/14 10:50:38 Image size of job updated: 295112
...
006 (1753923.000.000) 11/14 10:55:39 Image size of job updated: 295544
...
006 (1753923.000.000) 11/14 11:05:41 Image size of job updated: 295592
...
006 (1753923.000.000) 11/14 11:15:43 Image size of job updated: 321952
...
006 (1753923.000.000) 11/14 11:20:44 Image size of job updated: 327072
...
006 (1753923.000.000) 11/14 11:25:45 Image size of job updated: 336288
...
006 (1753923.000.000) 11/14 11:30:46 Image size of job updated: 338336
...
006 (1753923.000.000) 11/14 11:35:47 Image size of job updated: 340384
...
005 (1753923.000.000) 11/14 11:48:40 Job terminated.
	(1) Normal termination (return value 0)
		Usr 0 03:11:28, Sys 0 00:01:57  -  Run Remote Usage
		Usr 0 00:00:00, Sys 0 00:00:00  -  Run Local Usage
		Usr 0 03:11:28, Sys 0 00:01:57  -  Total Remote Usage
		Usr 0 00:00:00, Sys 0 00:00:00  -  Total Local Usage
	0  -  Run Bytes Sent By Job
	0  -  Run Bytes Received By Job
	0  -  Total Bytes Sent By Job
	0  -  Total Bytes Received By Job
...
