000 (1754989.000.000) 11/14 02:19:38 Job submitted from host: <130.199.206.69:49450>
...
001 (1754989.000.000) 11/15 11:39:25 Job executing on host: <130.199.183.2:51731>
...
006 (1754989.000.000) 11/15 11:39:34 Image size of job updated: 40160
...
006 (1754989.000.000) 11/15 11:44:35 Image size of job updated: 173804
...
006 (1754989.000.000) 11/15 11:49:36 Image size of job updated: 173936
...
006 (1754989.000.000) 11/15 12:04:39 Image size of job updated: 174068
...
006 (1754989.000.000) 11/15 12:09:40 Image size of job updated: 192844
...
006 (1754989.000.000) 11/15 12:14:41 Image size of job updated: 285480
...
006 (1754989.000.000) 11/15 12:19:42 Image size of job updated: 287440
...
006 (1754989.000.000) 11/15 12:24:43 Image size of job updated: 287620
...
006 (1754989.000.000) 11/15 12:29:44 Image size of job updated: 288076
...
006 (1754989.000.000) 11/15 12:39:46 Image size of job updated: 291148
...
006 (1754989.000.000) 11/15 12:44:47 Image size of job updated: 291600
...
006 (1754989.000.000) 11/15 12:49:48 Image size of job updated: 292080
...
006 (1754989.000.000) 11/15 12:54:49 Image size of job updated: 292960
...
006 (1754989.000.000) 11/15 12:59:50 Image size of job updated: 293236
...
006 (1754989.000.000) 11/15 13:04:51 Image size of job updated: 294232
...
006 (1754989.000.000) 11/15 13:24:55 Image size of job updated: 294252
...
006 (1754989.000.000) 11/15 13:29:56 Image size of job updated: 294360
...
006 (1754989.000.000) 11/15 13:34:57 Image size of job updated: 294896
...
006 (1754989.000.000) 11/15 13:39:58 Image size of job updated: 296172
...
006 (1754989.000.000) 11/15 13:55:01 Image size of job updated: 296468
...
006 (1754989.000.000) 11/15 14:00:02 Image size of job updated: 296564
...
006 (1754989.000.000) 11/15 14:10:04 Image size of job updated: 296724
...
006 (1754989.000.000) 11/15 14:20:06 Image size of job updated: 296948
...
006 (1754989.000.000) 11/15 14:25:07 Image size of job updated: 297640
...
006 (1754989.000.000) 11/15 14:40:10 Image size of job updated: 298008
...
005 (1754989.000.000) 11/15 14:40:42 Job terminated.
	(1) Normal termination (return value 0)
		Usr 0 02:01:10, Sys 0 00:01:10  -  Run Remote Usage
		Usr 0 00:00:00, Sys 0 00:00:00  -  Run Local Usage
		Usr 0 02:01:10, Sys 0 00:01:10  -  Total Remote Usage
		Usr 0 00:00:00, Sys 0 00:00:00  -  Total Local Usage
	0  -  Run Bytes Sent By Job
	0  -  Run Bytes Received By Job
	0  -  Total Bytes Sent By Job
	0  -  Total Bytes Received By Job
...
