000 (1753590.000.000) 11/14 02:16:08 Job submitted from host: <130.199.206.69:49450>
...
001 (1753590.000.000) 11/14 04:48:03 Job executing on host: <130.199.183.27:54138>
...
006 (1753590.000.000) 11/14 04:48:12 Image size of job updated: 278584
...
006 (1753590.000.000) 11/14 04:53:13 Image size of job updated: 283944
...
006 (1753590.000.000) 11/14 04:58:13 Image size of job updated: 284472
...
006 (1753590.000.000) 11/14 05:03:13 Image size of job updated: 288700
...
006 (1753590.000.000) 11/14 05:08:13 Image size of job updated: 290000
...
006 (1753590.000.000) 11/14 05:13:13 Image size of job updated: 292656
...
006 (1753590.000.000) 11/14 05:18:13 Image size of job updated: 294456
...
006 (1753590.000.000) 11/14 05:23:13 Image size of job updated: 294960
...
006 (1753590.000.000) 11/14 05:28:13 Image size of job updated: 295508
...
006 (1753590.000.000) 11/14 05:33:13 Image size of job updated: 296444
...
006 (1753590.000.000) 11/14 05:38:13 Image size of job updated: 296940
...
006 (1753590.000.000) 11/14 05:43:13 Image size of job updated: 297696
...
006 (1753590.000.000) 11/14 05:48:13 Image size of job updated: 297856
...
006 (1753590.000.000) 11/14 06:48:13 Image size of job updated: 298468
...
006 (1753590.000.000) 11/14 07:13:13 Image size of job updated: 298976
...
005 (1753590.000.000) 11/14 07:18:25 Job terminated.
	(1) Normal termination (return value 0)
		Usr 0 02:13:32, Sys 0 00:00:53  -  Run Remote Usage
		Usr 0 00:00:00, Sys 0 00:00:00  -  Run Local Usage
		Usr 0 02:13:32, Sys 0 00:00:53  -  Total Remote Usage
		Usr 0 00:00:00, Sys 0 00:00:00  -  Total Local Usage
	0  -  Run Bytes Sent By Job
	0  -  Run Bytes Received By Job
	0  -  Total Bytes Sent By Job
	0  -  Total Bytes Received By Job
...
