000 (1753785.000.000) 11/14 02:16:47 Job submitted from host: <130.199.206.69:49450>
...
001 (1753785.000.000) 11/14 04:15:00 Job executing on host: <130.199.180.154:33428>
...
006 (1753785.000.000) 11/14 04:15:09 Image size of job updated: 72760
...
006 (1753785.000.000) 11/14 04:20:10 Image size of job updated: 283332
...
006 (1753785.000.000) 11/14 04:25:11 Image size of job updated: 285364
...
006 (1753785.000.000) 11/14 04:35:13 Image size of job updated: 287084
...
006 (1753785.000.000) 11/14 04:45:15 Image size of job updated: 289096
...
006 (1753785.000.000) 11/14 04:50:16 Image size of job updated: 324952
...
006 (1753785.000.000) 11/14 04:55:17 Image size of job updated: 337244
...
005 (1753785.000.000) 11/14 05:00:13 Job terminated.
	(1) Normal termination (return value 0)
		Usr 0 00:41:08, Sys 0 00:00:27  -  Run Remote Usage
		Usr 0 00:00:00, Sys 0 00:00:00  -  Run Local Usage
		Usr 0 00:41:08, Sys 0 00:00:27  -  Total Remote Usage
		Usr 0 00:00:00, Sys 0 00:00:00  -  Total Local Usage
	0  -  Run Bytes Sent By Job
	0  -  Run Bytes Received By Job
	0  -  Total Bytes Sent By Job
	0  -  Total Bytes Received By Job
...
