000 (1754246.000.000) 11/14 02:17:52 Job submitted from host: <130.199.206.69:49450>
...
001 (1754246.000.000) 11/14 05:10:04 Job executing on host: <130.199.180.142:35025>
...
006 (1754246.000.000) 11/14 05:15:14 Image size of job updated: 308768
...
006 (1754246.000.000) 11/14 05:20:15 Image size of job updated: 315936
...
006 (1754246.000.000) 11/14 05:25:16 Image size of job updated: 320524
...
006 (1754246.000.000) 11/14 05:30:17 Image size of job updated: 321548
...
006 (1754246.000.000) 11/14 05:35:18 Image size of job updated: 323600
...
006 (1754246.000.000) 11/14 05:40:19 Image size of job updated: 324624
...
006 (1754246.000.000) 11/14 05:45:20 Image size of job updated: 325648
...
006 (1754246.000.000) 11/14 05:55:22 Image size of job updated: 328720
...
005 (1754246.000.000) 11/14 06:00:00 Job terminated.
	(1) Normal termination (return value 0)
		Usr 0 00:44:50, Sys 0 00:00:31  -  Run Remote Usage
		Usr 0 00:00:00, Sys 0 00:00:00  -  Run Local Usage
		Usr 0 00:44:50, Sys 0 00:00:31  -  Total Remote Usage
		Usr 0 00:00:00, Sys 0 00:00:00  -  Total Local Usage
	0  -  Run Bytes Sent By Job
	0  -  Run Bytes Received By Job
	0  -  Total Bytes Sent By Job
	0  -  Total Bytes Received By Job
...
