000 (1754511.000.000) 11/14 02:18:34 Job submitted from host: <130.199.206.69:49450>
...
001 (1754511.000.000) 11/14 06:04:51 Job executing on host: <130.199.180.147:60364>
...
006 (1754511.000.000) 11/14 06:04:59 Image size of job updated: 174288
...
006 (1754511.000.000) 11/14 06:09:59 Image size of job updated: 284568
...
006 (1754511.000.000) 11/14 06:14:59 Image size of job updated: 286388
...
006 (1754511.000.000) 11/14 06:19:59 Image size of job updated: 287268
...
006 (1754511.000.000) 11/14 06:24:59 Image size of job updated: 287868
...
006 (1754511.000.000) 11/14 06:29:59 Image size of job updated: 288804
...
006 (1754511.000.000) 11/14 06:44:59 Image size of job updated: 289160
...
006 (1754511.000.000) 11/14 06:59:59 Image size of job updated: 289328
...
006 (1754511.000.000) 11/14 07:04:59 Image size of job updated: 293432
...
005 (1754511.000.000) 11/14 07:08:23 Job terminated.
	(1) Normal termination (return value 0)
		Usr 0 00:59:24, Sys 0 00:00:29  -  Run Remote Usage
		Usr 0 00:00:00, Sys 0 00:00:00  -  Run Local Usage
		Usr 0 00:59:24, Sys 0 00:00:29  -  Total Remote Usage
		Usr 0 00:00:00, Sys 0 00:00:00  -  Total Local Usage
	0  -  Run Bytes Sent By Job
	0  -  Run Bytes Received By Job
	0  -  Total Bytes Sent By Job
	0  -  Total Bytes Received By Job
...
