000 (1755277.000.000) 11/14 02:20:03 Job submitted from host: <130.199.206.69:49450>
...
001 (1755277.000.000) 11/15 12:24:38 Job executing on host: <130.199.180.132:48806>
...
006 (1755277.000.000) 11/15 12:24:47 Image size of job updated: 144076
...
006 (1755277.000.000) 11/15 12:29:48 Image size of job updated: 284136
...
006 (1755277.000.000) 11/15 12:34:49 Image size of job updated: 286852
...
006 (1755277.000.000) 11/15 12:39:50 Image size of job updated: 287432
...
006 (1755277.000.000) 11/15 12:44:51 Image size of job updated: 289128
...
006 (1755277.000.000) 11/15 12:49:52 Image size of job updated: 291068
...
006 (1755277.000.000) 11/15 12:54:53 Image size of job updated: 293120
...
006 (1755277.000.000) 11/15 13:09:56 Image size of job updated: 293368
...
006 (1755277.000.000) 11/15 13:14:57 Image size of job updated: 293668
...
006 (1755277.000.000) 11/15 13:19:58 Image size of job updated: 295056
...
006 (1755277.000.000) 11/15 13:30:00 Image size of job updated: 295100
...
005 (1755277.000.000) 11/15 13:34:48 Job terminated.
	(1) Normal termination (return value 0)
		Usr 0 01:01:17, Sys 0 00:00:22  -  Run Remote Usage
		Usr 0 00:00:00, Sys 0 00:00:00  -  Run Local Usage
		Usr 0 01:01:17, Sys 0 00:00:22  -  Total Remote Usage
		Usr 0 00:00:00, Sys 0 00:00:00  -  Total Local Usage
	0  -  Run Bytes Sent By Job
	0  -  Run Bytes Received By Job
	0  -  Total Bytes Sent By Job
	0  -  Total Bytes Received By Job
...
