000 (1755119.000.000) 11/14 02:19:46 Job submitted from host: <130.199.206.69:49450>
...
001 (1755119.000.000) 11/15 11:53:16 Job executing on host: <130.199.180.161:59459>
...
006 (1755119.000.000) 11/15 11:58:24 Image size of job updated: 284448
...
005 (1755119.000.000) 11/15 12:00:43 Job terminated.
	(1) Normal termination (return value 0)
		Usr 0 00:05:21, Sys 0 00:00:05  -  Run Remote Usage
		Usr 0 00:00:00, Sys 0 00:00:00  -  Run Local Usage
		Usr 0 00:05:21, Sys 0 00:00:05  -  Total Remote Usage
		Usr 0 00:00:00, Sys 0 00:00:00  -  Total Local Usage
	0  -  Run Bytes Sent By Job
	0  -  Run Bytes Received By Job
	0  -  Total Bytes Sent By Job
	0  -  Total Bytes Received By Job
...
000 (1798249.000.000) 11/18 15:19:54 Job submitted from host: <130.199.206.69:49450>
...
001 (1798249.000.000) 11/18 15:28:56 Job executing on host: <130.199.206.122:51319>
...
006 (1798249.000.000) 11/18 15:34:04 Image size of job updated: 282020
...
006 (1798249.000.000) 11/18 15:39:04 Image size of job updated: 285456
...
006 (1798249.000.000) 11/18 15:44:04 Image size of job updated: 286212
...
006 (1798249.000.000) 11/18 15:49:04 Image size of job updated: 287804
...
006 (1798249.000.000) 11/18 15:59:04 Image size of job updated: 287976
...
006 (1798249.000.000) 11/18 16:04:05 Image size of job updated: 288780
...
006 (1798249.000.000) 11/18 16:09:06 Image size of job updated: 288844
...
006 (1798249.000.000) 11/18 16:14:07 Image size of job updated: 289164
...
006 (1798249.000.000) 11/18 16:19:08 Image size of job updated: 291520
...
006 (1798249.000.000) 11/19 05:30:34 Image size of job updated: 292568
...
006 (1798249.000.000) 11/19 05:40:34 Image size of job updated: 293156
...
006 (1798249.000.000) 11/19 05:45:34 Image size of job updated: 293324
...
009 (1798249.000.000) 11/19 07:36:05 Job was aborted by the user.
	The job attribute PeriodicRemove expression '(NumJobStarts >= 1 && JobStatus == 1) || (JobStatus == 2 && (CurrentTime - JobCurrentStartDate > (54000)) && ((RemoteUserCpu + RemoteSysCpu) / (CurrentTime - JobCurrentStartDate) < 0.100000)) || (((CurrentTime - EnteredCurrentStatus) > (2 * 24 * 3600)) && JobStatus == 5) || (JobRunCount >= 1 && JobStatus == 1)' evaluated to TRUE
...
000 (1804753.000.000) 11/21 22:32:12 Job submitted from host: <130.199.206.69:49450>
...
001 (1804753.000.000) 11/21 23:34:39 Job executing on host: <130.199.183.29:35269>
...
006 (1804753.000.000) 11/21 23:34:48 Image size of job updated: 72644
...
006 (1804753.000.000) 11/21 23:39:49 Image size of job updated: 174064
...
006 (1804753.000.000) 11/21 23:44:50 Image size of job updated: 174324
...
006 (1804753.000.000) 11/21 23:49:51 Image size of job updated: 186824
...
006 (1804753.000.000) 11/21 23:54:52 Image size of job updated: 192820
...
006 (1804753.000.000) 11/21 23:59:53 Image size of job updated: 281812
...
006 (1804753.000.000) 11/22 00:04:54 Image size of job updated: 284804
...
006 (1804753.000.000) 11/22 00:09:55 Image size of job updated: 285912
...
006 (1804753.000.000) 11/22 00:14:56 Image size of job updated: 286356
...
006 (1804753.000.000) 11/22 00:19:57 Image size of job updated: 286452
...
006 (1804753.000.000) 11/22 00:24:58 Image size of job updated: 287324
...
006 (1804753.000.000) 11/22 00:35:00 Image size of job updated: 287476
...
006 (1804753.000.000) 11/22 00:45:02 Image size of job updated: 288028
...
006 (1804753.000.000) 11/22 00:50:03 Image size of job updated: 289772
...
006 (1804753.000.000) 11/22 00:55:04 Image size of job updated: 290948
...
006 (1804753.000.000) 11/22 01:00:05 Image size of job updated: 292188
...
006 (1804753.000.000) 11/22 01:05:06 Image size of job updated: 292368
...
006 (1804753.000.000) 11/22 01:10:07 Image size of job updated: 292936
...
006 (1804753.000.000) 11/22 01:15:08 Image size of job updated: 293248
...
006 (1804753.000.000) 11/22 01:20:09 Image size of job updated: 294320
...
006 (1804753.000.000) 11/22 02:25:22 Image size of job updated: 298656
...
005 (1804753.000.000) 11/22 02:29:17 Job terminated.
	(1) Normal termination (return value 0)
		Usr 0 02:19:14, Sys 0 00:00:44  -  Run Remote Usage
		Usr 0 00:00:00, Sys 0 00:00:00  -  Run Local Usage
		Usr 0 02:19:14, Sys 0 00:00:44  -  Total Remote Usage
		Usr 0 00:00:00, Sys 0 00:00:00  -  Total Local Usage
	0  -  Run Bytes Sent By Job
	0  -  Run Bytes Received By Job
	0  -  Total Bytes Sent By Job
	0  -  Total Bytes Received By Job
...
