000 (1755404.000.000) 11/14 02:20:10 Job submitted from host: <130.199.206.69:49450>
...
001 (1755404.000.000) 11/15 19:29:23 Job executing on host: <130.199.183.30:49801>
...
006 (1755404.000.000) 11/15 19:29:32 Image size of job updated: 173692
...
006 (1755404.000.000) 11/15 19:34:33 Image size of job updated: 279132
...
006 (1755404.000.000) 11/15 19:39:34 Image size of job updated: 287968
...
006 (1755404.000.000) 11/15 19:44:35 Image size of job updated: 288668
...
006 (1755404.000.000) 11/15 19:49:36 Image size of job updated: 289424
...
006 (1755404.000.000) 11/15 19:59:38 Image size of job updated: 293356
...
006 (1755404.000.000) 11/15 20:04:39 Image size of job updated: 296160
...
006 (1755404.000.000) 11/15 20:09:39 Image size of job updated: 297540
...
006 (1755404.000.000) 11/15 20:19:39 Image size of job updated: 300380
...
006 (1755404.000.000) 11/15 20:24:39 Image size of job updated: 300624
...
005 (1755404.000.000) 11/15 20:25:08 Job terminated.
	(1) Normal termination (return value 0)
		Usr 0 00:50:31, Sys 0 00:00:32  -  Run Remote Usage
		Usr 0 00:00:00, Sys 0 00:00:00  -  Run Local Usage
		Usr 0 00:50:31, Sys 0 00:00:32  -  Total Remote Usage
		Usr 0 00:00:00, Sys 0 00:00:00  -  Total Local Usage
	0  -  Run Bytes Sent By Job
	0  -  Run Bytes Received By Job
	0  -  Total Bytes Sent By Job
	0  -  Total Bytes Received By Job
...
