000 (1753794.000.000) 11/14 02:16:47 Job submitted from host: <130.199.206.69:49450>
...
001 (1753794.000.000) 11/14 04:59:55 Job executing on host: <130.199.206.185:55507>
...
006 (1753794.000.000) 11/14 05:00:03 Image size of job updated: 280336
...
006 (1753794.000.000) 11/14 05:05:03 Image size of job updated: 285912
...
006 (1753794.000.000) 11/14 05:10:03 Image size of job updated: 287108
...
006 (1753794.000.000) 11/14 05:15:03 Image size of job updated: 288140
...
006 (1753794.000.000) 11/14 05:20:03 Image size of job updated: 288704
...
006 (1753794.000.000) 11/14 05:25:03 Image size of job updated: 290924
...
006 (1753794.000.000) 11/14 05:30:03 Image size of job updated: 292056
...
006 (1753794.000.000) 11/14 05:35:03 Image size of job updated: 292112
...
006 (1753794.000.000) 11/14 05:40:03 Image size of job updated: 292520
...
006 (1753794.000.000) 11/14 05:50:03 Image size of job updated: 317144
...
006 (1753794.000.000) 11/14 05:55:03 Image size of job updated: 338648
...
006 (1753794.000.000) 11/14 06:00:03 Image size of job updated: 340696
...
006 (1753794.000.000) 11/14 06:05:03 Image size of job updated: 2414148
...
006 (1753794.000.000) 11/14 06:10:03 Image size of job updated: 2414904
...
006 (1753794.000.000) 11/14 06:15:03 Image size of job updated: 2415304
...
006 (1753794.000.000) 11/14 06:20:03 Image size of job updated: 2416324
...
005 (1753794.000.000) 11/14 06:52:58 Job terminated.
	(1) Normal termination (return value 0)
		Usr 0 01:41:35, Sys 0 00:00:25  -  Run Remote Usage
		Usr 0 00:00:00, Sys 0 00:00:00  -  Run Local Usage
		Usr 0 01:41:35, Sys 0 00:00:25  -  Total Remote Usage
		Usr 0 00:00:00, Sys 0 00:00:00  -  Total Local Usage
	0  -  Run Bytes Sent By Job
	0  -  Run Bytes Received By Job
	0  -  Total Bytes Sent By Job
	0  -  Total Bytes Received By Job
...
