000 (1755206.000.000) 11/14 02:19:54 Job submitted from host: <130.199.206.69:49450>
...
001 (1755206.000.000) 11/15 12:12:28 Job executing on host: <130.199.183.1:42118>
...
006 (1755206.000.000) 11/15 12:12:37 Image size of job updated: 73880
...
006 (1755206.000.000) 11/15 12:17:38 Image size of job updated: 187208
...
006 (1755206.000.000) 11/15 12:22:39 Image size of job updated: 282444
...
006 (1755206.000.000) 11/15 12:27:40 Image size of job updated: 286616
...
006 (1755206.000.000) 11/15 12:37:42 Image size of job updated: 287304
...
006 (1755206.000.000) 11/15 12:42:43 Image size of job updated: 287932
...
006 (1755206.000.000) 11/15 12:47:44 Image size of job updated: 288872
...
006 (1755206.000.000) 11/15 12:57:46 Image size of job updated: 290548
...
006 (1755206.000.000) 11/15 13:02:47 Image size of job updated: 292252
...
006 (1755206.000.000) 11/15 13:12:49 Image size of job updated: 293900
...
006 (1755206.000.000) 11/15 13:17:50 Image size of job updated: 294392
...
006 (1755206.000.000) 11/15 13:22:51 Image size of job updated: 294780
...
006 (1755206.000.000) 11/15 13:27:52 Image size of job updated: 295260
...
006 (1755206.000.000) 11/15 13:32:53 Image size of job updated: 295864
...
006 (1755206.000.000) 11/15 13:57:58 Image size of job updated: 295932
...
005 (1755206.000.000) 11/15 14:00:43 Job terminated.
	(1) Normal termination (return value 0)
		Usr 0 01:23:56, Sys 0 00:00:53  -  Run Remote Usage
		Usr 0 00:00:00, Sys 0 00:00:00  -  Run Local Usage
		Usr 0 01:23:56, Sys 0 00:00:53  -  Total Remote Usage
		Usr 0 00:00:00, Sys 0 00:00:00  -  Total Local Usage
	0  -  Run Bytes Sent By Job
	0  -  Run Bytes Received By Job
	0  -  Total Bytes Sent By Job
	0  -  Total Bytes Received By Job
...
