000 (1754786.000.000) 11/14 02:19:12 Job submitted from host: <130.199.206.69:49450>
...
001 (1754786.000.000) 11/14 08:51:14 Job executing on host: <130.199.180.176:34913>
...
006 (1754786.000.000) 11/14 08:51:23 Image size of job updated: 174184
...
006 (1754786.000.000) 11/14 08:56:24 Image size of job updated: 284740
...
006 (1754786.000.000) 11/14 09:01:25 Image size of job updated: 286060
...
006 (1754786.000.000) 11/14 09:06:26 Image size of job updated: 287220
...
006 (1754786.000.000) 11/14 09:21:29 Image size of job updated: 288380
...
006 (1754786.000.000) 11/14 09:36:32 Image size of job updated: 288512
...
006 (1754786.000.000) 11/14 09:51:35 Image size of job updated: 290124
...
006 (1754786.000.000) 11/14 09:56:36 Image size of job updated: 290968
...
006 (1754786.000.000) 11/14 10:06:38 Image size of job updated: 290984
...
006 (1754786.000.000) 11/14 10:11:39 Image size of job updated: 291348
...
006 (1754786.000.000) 11/14 10:16:40 Image size of job updated: 291416
...
006 (1754786.000.000) 11/14 10:21:41 Image size of job updated: 291932
...
006 (1754786.000.000) 11/14 10:56:48 Image size of job updated: 292672
...
006 (1754786.000.000) 11/14 11:16:52 Image size of job updated: 293228
...
006 (1754786.000.000) 11/14 11:21:53 Image size of job updated: 293324
...
006 (1754786.000.000) 11/14 11:26:54 Image size of job updated: 294268
...
006 (1754786.000.000) 11/14 11:31:55 Image size of job updated: 294332
...
006 (1754786.000.000) 11/14 11:36:56 Image size of job updated: 295748
...
006 (1754786.000.000) 11/14 11:41:57 Image size of job updated: 297708
...
006 (1754786.000.000) 11/14 11:46:58 Image size of job updated: 297876
...
006 (1754786.000.000) 11/14 11:51:59 Image size of job updated: 328856
...
006 (1754786.000.000) 11/14 11:57:00 Image size of job updated: 337048
...
006 (1754786.000.000) 11/14 12:02:01 Image size of job updated: 341144
...
005 (1754786.000.000) 11/14 12:04:50 Job terminated.
	(1) Normal termination (return value 0)
		Usr 0 02:47:49, Sys 0 00:01:49  -  Run Remote Usage
		Usr 0 00:00:00, Sys 0 00:00:00  -  Run Local Usage
		Usr 0 02:47:49, Sys 0 00:01:49  -  Total Remote Usage
		Usr 0 00:00:00, Sys 0 00:00:00  -  Total Local Usage
	0  -  Run Bytes Sent By Job
	0  -  Run Bytes Received By Job
	0  -  Total Bytes Sent By Job
	0  -  Total Bytes Received By Job
...
