000 (1755053.000.000) 11/14 02:19:38 Job submitted from host: <130.199.206.69:49450>
...
001 (1755053.000.000) 11/15 11:48:24 Job executing on host: <130.199.180.148:39203>
...
006 (1755053.000.000) 11/15 11:48:33 Image size of job updated: 142152
...
006 (1755053.000.000) 11/15 11:53:33 Image size of job updated: 286060
...
006 (1755053.000.000) 11/15 11:58:33 Image size of job updated: 288076
...
006 (1755053.000.000) 11/15 12:03:33 Image size of job updated: 288116
...
006 (1755053.000.000) 11/15 12:08:33 Image size of job updated: 288356
...
006 (1755053.000.000) 11/15 12:13:33 Image size of job updated: 291076
...
006 (1755053.000.000) 11/15 12:18:33 Image size of job updated: 292036
...
006 (1755053.000.000) 11/15 12:28:33 Image size of job updated: 292040
...
006 (1755053.000.000) 11/15 12:38:33 Image size of job updated: 293168
...
006 (1755053.000.000) 11/15 12:43:33 Image size of job updated: 293804
...
006 (1755053.000.000) 11/15 12:48:33 Image size of job updated: 294588
...
006 (1755053.000.000) 11/15 12:58:33 Image size of job updated: 294872
...
005 (1755053.000.000) 11/15 13:00:23 Job terminated.
	(1) Normal termination (return value 0)
		Usr 0 01:04:37, Sys 0 00:00:39  -  Run Remote Usage
		Usr 0 00:00:00, Sys 0 00:00:00  -  Run Local Usage
		Usr 0 01:04:37, Sys 0 00:00:39  -  Total Remote Usage
		Usr 0 00:00:00, Sys 0 00:00:00  -  Total Local Usage
	0  -  Run Bytes Sent By Job
	0  -  Run Bytes Received By Job
	0  -  Total Bytes Sent By Job
	0  -  Total Bytes Received By Job
...
000 (1798256.000.000) 11/18 15:19:54 Job submitted from host: <130.199.206.69:49450>
...
001 (1798256.000.000) 11/18 15:30:18 Job executing on host: <130.199.206.161:59889>
...
006 (1798256.000.000) 11/18 15:30:26 Image size of job updated: 40164
...
006 (1798256.000.000) 11/18 15:35:26 Image size of job updated: 194000
...
006 (1798256.000.000) 11/18 15:40:26 Image size of job updated: 307000
...
006 (1798256.000.000) 11/18 15:45:26 Image size of job updated: 314168
...
006 (1798256.000.000) 11/18 15:50:26 Image size of job updated: 320316
...
006 (1798256.000.000) 11/18 15:55:26 Image size of job updated: 322364
...
006 (1798256.000.000) 11/18 16:00:26 Image size of job updated: 324412
...
006 (1798256.000.000) 11/18 16:20:26 Image size of job updated: 325436
...
006 (1798256.000.000) 11/18 16:25:26 Image size of job updated: 326460
...
006 (1798256.000.000) 11/18 16:30:26 Image size of job updated: 327484
...
006 (1798256.000.000) 11/19 05:11:47 Image size of job updated: 328508
...
006 (1798256.000.000) 11/19 05:21:49 Image size of job updated: 329532
...
006 (1798256.000.000) 11/19 05:26:50 Image size of job updated: 330556
...
005 (1798256.000.000) 11/19 05:31:36 Job terminated.
	(1) Normal termination (return value 0)
		Usr 0 01:23:51, Sys 0 00:00:17  -  Run Remote Usage
		Usr 0 00:00:00, Sys 0 00:00:00  -  Run Local Usage
		Usr 0 01:23:51, Sys 0 00:00:17  -  Total Remote Usage
		Usr 0 00:00:00, Sys 0 00:00:00  -  Total Local Usage
	0  -  Run Bytes Sent By Job
	0  -  Run Bytes Received By Job
	0  -  Total Bytes Sent By Job
	0  -  Total Bytes Received By Job
...
