000 (1753841.000.000) 11/14 02:16:47 Job submitted from host: <130.199.206.69:49450>
...
001 (1753841.000.000) 11/14 05:23:23 Job executing on host: <130.199.206.168:46869>
...
006 (1753841.000.000) 11/14 05:23:32 Image size of job updated: 174156
...
006 (1753841.000.000) 11/14 05:28:33 Image size of job updated: 281324
...
006 (1753841.000.000) 11/14 05:33:34 Image size of job updated: 282416
...
006 (1753841.000.000) 11/14 05:38:35 Image size of job updated: 285988
...
006 (1753841.000.000) 11/14 05:43:36 Image size of job updated: 287648
...
006 (1753841.000.000) 11/14 05:48:37 Image size of job updated: 287776
...
006 (1753841.000.000) 11/14 05:58:39 Image size of job updated: 291140
...
006 (1753841.000.000) 11/14 06:03:40 Image size of job updated: 291996
...
006 (1753841.000.000) 11/14 06:08:40 Image size of job updated: 295884
...
006 (1753841.000.000) 11/14 06:13:40 Image size of job updated: 296816
...
006 (1753841.000.000) 11/14 06:18:40 Image size of job updated: 297396
...
006 (1753841.000.000) 11/14 06:23:40 Image size of job updated: 297476
...
006 (1753841.000.000) 11/14 06:28:40 Image size of job updated: 297780
...
006 (1753841.000.000) 11/14 06:33:40 Image size of job updated: 298580
...
006 (1753841.000.000) 11/14 06:38:40 Image size of job updated: 326880
...
006 (1753841.000.000) 11/14 06:43:40 Image size of job updated: 331176
...
006 (1753841.000.000) 11/14 06:48:40 Image size of job updated: 340372
...
006 (1753841.000.000) 11/14 06:53:40 Image size of job updated: 342420
...
005 (1753841.000.000) 11/14 07:06:25 Job terminated.
	(1) Normal termination (return value 0)
		Usr 0 01:35:41, Sys 0 00:00:24  -  Run Remote Usage
		Usr 0 00:00:00, Sys 0 00:00:00  -  Run Local Usage
		Usr 0 01:35:41, Sys 0 00:00:24  -  Total Remote Usage
		Usr 0 00:00:00, Sys 0 00:00:00  -  Total Local Usage
	0  -  Run Bytes Sent By Job
	0  -  Run Bytes Received By Job
	0  -  Total Bytes Sent By Job
	0  -  Total Bytes Received By Job
...
