000 (1753611.000.000) 11/14 02:16:08 Job submitted from host: <130.199.206.69:49450>
...
001 (1753611.000.000) 11/14 06:00:48 Job executing on host: <130.199.183.16:34724>
...
006 (1753611.000.000) 11/14 06:00:57 Image size of job updated: 173768
...
006 (1753611.000.000) 11/14 06:05:58 Image size of job updated: 282500
...
006 (1753611.000.000) 11/14 06:10:59 Image size of job updated: 284376
...
006 (1753611.000.000) 11/14 06:16:00 Image size of job updated: 286168
...
006 (1753611.000.000) 11/14 06:36:04 Image size of job updated: 286640
...
006 (1753611.000.000) 11/14 06:51:07 Image size of job updated: 288352
...
006 (1753611.000.000) 11/14 06:56:08 Image size of job updated: 288560
...
006 (1753611.000.000) 11/14 07:36:16 Image size of job updated: 288904
...
006 (1753611.000.000) 11/14 07:41:17 Image size of job updated: 288992
...
006 (1753611.000.000) 11/14 07:46:18 Image size of job updated: 289044
...
006 (1753611.000.000) 11/14 07:51:19 Image size of job updated: 292536
...
006 (1753611.000.000) 11/14 07:56:20 Image size of job updated: 292800
...
006 (1753611.000.000) 11/14 08:01:21 Image size of job updated: 293312
...
006 (1753611.000.000) 11/14 08:11:23 Image size of job updated: 293600
...
006 (1753611.000.000) 11/14 08:16:24 Image size of job updated: 293836
...
006 (1753611.000.000) 11/14 08:26:26 Image size of job updated: 293852
...
006 (1753611.000.000) 11/14 08:31:27 Image size of job updated: 294152
...
006 (1753611.000.000) 11/14 08:36:27 Image size of job updated: 315472
...
006 (1753611.000.000) 11/14 08:41:27 Image size of job updated: 323664
...
006 (1753611.000.000) 11/14 08:46:27 Image size of job updated: 330832
...
006 (1753611.000.000) 11/14 08:51:27 Image size of job updated: 332880
...
006 (1753611.000.000) 11/14 08:56:27 Image size of job updated: 335952
...
006 (1753611.000.000) 11/14 09:01:27 Image size of job updated: 339024
...
006 (1753611.000.000) 11/14 09:06:27 Image size of job updated: 340048
...
006 (1753611.000.000) 11/14 09:11:27 Image size of job updated: 341072
...
006 (1753611.000.000) 11/14 09:41:30 Image size of job updated: 342096
...
006 (1753611.000.000) 11/14 09:46:31 Image size of job updated: 343120
...
006 (1753611.000.000) 11/14 09:51:32 Image size of job updated: 345168
...
006 (1753611.000.000) 11/14 10:26:39 Image size of job updated: 346192
...
005 (1753611.000.000) 11/14 10:31:39 Job terminated.
	(1) Normal termination (return value 0)
		Usr 0 03:59:30, Sys 0 00:01:58  -  Run Remote Usage
		Usr 0 00:00:00, Sys 0 00:00:00  -  Run Local Usage
		Usr 0 03:59:30, Sys 0 00:01:58  -  Total Remote Usage
		Usr 0 00:00:00, Sys 0 00:00:00  -  Total Local Usage
	0  -  Run Bytes Sent By Job
	0  -  Run Bytes Received By Job
	0  -  Total Bytes Sent By Job
	0  -  Total Bytes Received By Job
...
