000 (1753705.000.000) 11/14 02:16:28 Job submitted from host: <130.199.206.69:49450>
...
001 (1753705.000.000) 11/14 03:37:33 Job executing on host: <130.199.180.162:36052>
...
006 (1753705.000.000) 11/14 03:42:41 Image size of job updated: 282756
...
006 (1753705.000.000) 11/14 03:47:41 Image size of job updated: 291808
...
006 (1753705.000.000) 11/14 03:52:41 Image size of job updated: 292184
...
006 (1753705.000.000) 11/14 03:57:41 Image size of job updated: 293044
...
006 (1753705.000.000) 11/14 04:02:41 Image size of job updated: 327872
...
006 (1753705.000.000) 11/14 04:07:41 Image size of job updated: 332992
...
006 (1753705.000.000) 11/14 04:12:42 Image size of job updated: 333888
...
006 (1753705.000.000) 11/14 04:17:43 Image size of job updated: 334912
...
005 (1753705.000.000) 11/14 04:26:02 Job terminated.
	(1) Normal termination (return value 0)
		Usr 0 00:29:21, Sys 0 00:00:20  -  Run Remote Usage
		Usr 0 00:00:00, Sys 0 00:00:00  -  Run Local Usage
		Usr 0 00:29:21, Sys 0 00:00:20  -  Total Remote Usage
		Usr 0 00:00:00, Sys 0 00:00:00  -  Total Local Usage
	0  -  Run Bytes Sent By Job
	0  -  Run Bytes Received By Job
	0  -  Total Bytes Sent By Job
	0  -  Total Bytes Received By Job
...
