000 (1755314.000.000) 11/14 02:20:03 Job submitted from host: <130.199.206.69:49450>
...
001 (1755314.000.000) 11/15 12:40:28 Job executing on host: <130.199.207.20:41156>
...
006 (1755314.000.000) 11/15 12:40:36 Image size of job updated: 159164
...
006 (1755314.000.000) 11/15 12:45:36 Image size of job updated: 284032
...
006 (1755314.000.000) 11/15 12:50:36 Image size of job updated: 285576
...
006 (1755314.000.000) 11/15 13:00:36 Image size of job updated: 286396
...
006 (1755314.000.000) 11/15 13:10:36 Image size of job updated: 286840
...
006 (1755314.000.000) 11/15 13:20:36 Image size of job updated: 288308
...
006 (1755314.000.000) 11/15 13:25:36 Image size of job updated: 290212
...
006 (1755314.000.000) 11/15 13:35:36 Image size of job updated: 292216
...
006 (1755314.000.000) 11/15 13:40:37 Image size of job updated: 292756
...
006 (1755314.000.000) 11/15 13:45:38 Image size of job updated: 293008
...
006 (1755314.000.000) 11/15 13:55:40 Image size of job updated: 293224
...
006 (1755314.000.000) 11/15 14:05:42 Image size of job updated: 293304
...
006 (1755314.000.000) 11/15 14:15:44 Image size of job updated: 294276
...
005 (1755314.000.000) 11/15 14:47:01 Job terminated.
	(1) Normal termination (return value 0)
		Usr 0 01:53:38, Sys 0 00:00:27  -  Run Remote Usage
		Usr 0 00:00:00, Sys 0 00:00:00  -  Run Local Usage
		Usr 0 01:53:38, Sys 0 00:00:27  -  Total Remote Usage
		Usr 0 00:00:00, Sys 0 00:00:00  -  Total Local Usage
	0  -  Run Bytes Sent By Job
	0  -  Run Bytes Received By Job
	0  -  Total Bytes Sent By Job
	0  -  Total Bytes Received By Job
...
