000 (1753501.000.000) 11/14 02:15:48 Job submitted from host: <130.199.206.69:49450>
...
001 (1753501.000.000) 11/14 03:31:45 Job executing on host: <130.199.183.25:50471>
...
006 (1753501.000.000) 11/14 03:31:54 Image size of job updated: 244772
...
006 (1753501.000.000) 11/14 03:36:55 Image size of job updated: 283812
...
006 (1753501.000.000) 11/14 03:41:56 Image size of job updated: 285884
...
006 (1753501.000.000) 11/14 03:46:57 Image size of job updated: 286736
...
006 (1753501.000.000) 11/14 03:51:58 Image size of job updated: 288308
...
006 (1753501.000.000) 11/14 03:56:59 Image size of job updated: 290792
...
006 (1753501.000.000) 11/14 04:02:00 Image size of job updated: 293128
...
006 (1753501.000.000) 11/14 04:07:01 Image size of job updated: 293248
...
006 (1753501.000.000) 11/14 04:12:02 Image size of job updated: 295272
...
006 (1753501.000.000) 11/14 04:17:03 Image size of job updated: 296124
...
006 (1753501.000.000) 11/14 04:22:04 Image size of job updated: 296552
...
006 (1753501.000.000) 11/14 04:32:06 Image size of job updated: 298724
...
006 (1753501.000.000) 11/14 04:37:07 Image size of job updated: 299128
...
006 (1753501.000.000) 11/14 04:47:09 Image size of job updated: 299192
...
006 (1753501.000.000) 11/14 04:52:10 Image size of job updated: 299856
...
006 (1753501.000.000) 11/14 05:02:12 Image size of job updated: 300172
...
006 (1753501.000.000) 11/14 05:07:13 Image size of job updated: 301508
...
005 (1753501.000.000) 11/14 05:47:01 Job terminated.
	(1) Normal termination (return value 0)
		Usr 0 01:56:46, Sys 0 00:00:49  -  Run Remote Usage
		Usr 0 00:00:00, Sys 0 00:00:00  -  Run Local Usage
		Usr 0 01:56:46, Sys 0 00:00:49  -  Total Remote Usage
		Usr 0 00:00:00, Sys 0 00:00:00  -  Total Local Usage
	0  -  Run Bytes Sent By Job
	0  -  Run Bytes Received By Job
	0  -  Total Bytes Sent By Job
	0  -  Total Bytes Received By Job
...
