000 (1753975.000.000) 11/14 02:17:22 Job submitted from host: <130.199.206.69:49450>
...
001 (1753975.000.000) 11/14 07:32:00 Job executing on host: <130.199.206.218:45906>
...
006 (1753975.000.000) 11/14 07:32:08 Image size of job updated: 154820
...
006 (1753975.000.000) 11/14 07:37:08 Image size of job updated: 285072
...
006 (1753975.000.000) 11/14 07:42:08 Image size of job updated: 286236
...
006 (1753975.000.000) 11/14 07:57:08 Image size of job updated: 293320
...
006 (1753975.000.000) 11/14 08:02:08 Image size of job updated: 294544
...
006 (1753975.000.000) 11/14 08:07:08 Image size of job updated: 295020
...
006 (1753975.000.000) 11/14 08:12:08 Image size of job updated: 295512
...
006 (1753975.000.000) 11/14 08:17:08 Image size of job updated: 295780
...
006 (1753975.000.000) 11/14 08:22:08 Image size of job updated: 339400
...
006 (1753975.000.000) 11/14 08:27:09 Image size of job updated: 340424
...
006 (1753975.000.000) 11/14 08:32:10 Image size of job updated: 342172
...
006 (1753975.000.000) 11/14 08:37:11 Image size of job updated: 343196
...
006 (1753975.000.000) 11/14 08:42:12 Image size of job updated: 345244
...
006 (1753975.000.000) 11/14 08:47:12 Image size of job updated: 346268
...
006 (1753975.000.000) 11/14 09:07:12 Image size of job updated: 347288
...
006 (1753975.000.000) 11/14 09:32:12 Image size of job updated: 347536
...
006 (1753975.000.000) 11/14 09:37:13 Image size of job updated: 347820
...
006 (1753975.000.000) 11/14 09:42:14 Image size of job updated: 348496
...
005 (1753975.000.000) 11/14 09:46:36 Job terminated.
	(1) Normal termination (return value 0)
		Usr 0 01:53:48, Sys 0 00:00:34  -  Run Remote Usage
		Usr 0 00:00:00, Sys 0 00:00:00  -  Run Local Usage
		Usr 0 01:53:48, Sys 0 00:00:34  -  Total Remote Usage
		Usr 0 00:00:00, Sys 0 00:00:00  -  Total Local Usage
	0  -  Run Bytes Sent By Job
	0  -  Run Bytes Received By Job
	0  -  Total Bytes Sent By Job
	0  -  Total Bytes Received By Job
...
