000 (1753557.000.000) 11/14 02:15:48 Job submitted from host: <130.199.206.69:49450>
...
001 (1753557.000.000) 11/14 02:54:08 Job executing on host: <130.199.206.166:42375>
...
006 (1753557.000.000) 11/14 02:59:18 Image size of job updated: 280908
...
006 (1753557.000.000) 11/14 03:04:19 Image size of job updated: 282620
...
006 (1753557.000.000) 11/14 03:09:20 Image size of job updated: 288576
...
006 (1753557.000.000) 11/14 03:14:21 Image size of job updated: 291212
...
006 (1753557.000.000) 11/14 03:19:22 Image size of job updated: 291764
...
006 (1753557.000.000) 11/14 03:24:23 Image size of job updated: 307252
...
006 (1753557.000.000) 11/14 03:29:24 Image size of job updated: 323636
...
006 (1753557.000.000) 11/14 03:34:25 Image size of job updated: 330804
...
006 (1753557.000.000) 11/14 03:59:29 Image size of job updated: 331184
...
006 (1753557.000.000) 11/14 04:04:29 Image size of job updated: 333232
...
006 (1753557.000.000) 11/14 04:09:29 Image size of job updated: 337328
...
006 (1753557.000.000) 11/14 04:14:29 Image size of job updated: 338352
...
006 (1753557.000.000) 11/14 04:19:29 Image size of job updated: 340400
...
006 (1753557.000.000) 11/14 04:29:29 Image size of job updated: 341424
...
006 (1753557.000.000) 11/14 04:34:29 Image size of job updated: 342448
...
006 (1753557.000.000) 11/14 04:44:29 Image size of job updated: 343472
...
006 (1753557.000.000) 11/14 05:04:29 Image size of job updated: 344496
...
005 (1753557.000.000) 11/14 06:00:17 Job terminated.
	(1) Normal termination (return value 0)
		Usr 0 02:20:28, Sys 0 00:00:56  -  Run Remote Usage
		Usr 0 00:00:00, Sys 0 00:00:00  -  Run Local Usage
		Usr 0 02:20:28, Sys 0 00:00:56  -  Total Remote Usage
		Usr 0 00:00:00, Sys 0 00:00:00  -  Total Local Usage
	0  -  Run Bytes Sent By Job
	0  -  Run Bytes Received By Job
	0  -  Total Bytes Sent By Job
	0  -  Total Bytes Received By Job
...
