000 (1755392.000.000) 11/14 02:20:10 Job submitted from host: <130.199.206.69:49450>
...
001 (1755392.000.000) 11/15 12:50:07 Job executing on host: <130.199.180.136:52542>
...
006 (1755392.000.000) 11/15 12:55:17 Image size of job updated: 283560
...
006 (1755392.000.000) 11/15 13:00:18 Image size of job updated: 289580
...
006 (1755392.000.000) 11/15 13:05:19 Image size of job updated: 291328
...
006 (1755392.000.000) 11/15 13:10:20 Image size of job updated: 291796
...
006 (1755392.000.000) 11/15 13:15:21 Image size of job updated: 313048
...
006 (1755392.000.000) 11/15 13:20:22 Image size of job updated: 337472
...
006 (1755392.000.000) 11/15 13:25:23 Image size of job updated: 340544
...
006 (1755392.000.000) 11/15 13:30:23 Image size of job updated: 341568
...
005 (1755392.000.000) 11/15 13:31:23 Job terminated.
	(1) Normal termination (return value 0)
		Usr 0 00:32:56, Sys 0 00:00:16  -  Run Remote Usage
		Usr 0 00:00:00, Sys 0 00:00:00  -  Run Local Usage
		Usr 0 00:32:56, Sys 0 00:00:16  -  Total Remote Usage
		Usr 0 00:00:00, Sys 0 00:00:00  -  Total Local Usage
	0  -  Run Bytes Sent By Job
	0  -  Run Bytes Received By Job
	0  -  Total Bytes Sent By Job
	0  -  Total Bytes Received By Job
...
