000 (1753569.000.000) 11/14 02:15:48 Job submitted from host: <130.199.206.69:49450>
...
001 (1753569.000.000) 11/14 07:48:14 Job executing on host: <130.199.180.165:47530>
...
006 (1753569.000.000) 11/14 07:53:24 Image size of job updated: 284072
...
006 (1753569.000.000) 11/14 07:58:25 Image size of job updated: 285052
...
006 (1753569.000.000) 11/14 08:03:26 Image size of job updated: 285248
...
006 (1753569.000.000) 11/14 08:08:27 Image size of job updated: 285336
...
006 (1753569.000.000) 11/14 08:13:28 Image size of job updated: 286592
...
006 (1753569.000.000) 11/14 08:23:30 Image size of job updated: 287468
...
006 (1753569.000.000) 11/14 08:28:31 Image size of job updated: 287736
...
006 (1753569.000.000) 11/14 08:33:32 Image size of job updated: 291048
...
006 (1753569.000.000) 11/14 08:38:33 Image size of job updated: 291528
...
006 (1753569.000.000) 11/14 08:43:34 Image size of job updated: 292348
...
006 (1753569.000.000) 11/14 08:48:35 Image size of job updated: 292924
...
006 (1753569.000.000) 11/14 09:08:39 Image size of job updated: 293276
...
006 (1753569.000.000) 11/14 09:13:40 Image size of job updated: 293552
...
006 (1753569.000.000) 11/14 09:18:41 Image size of job updated: 294060
...
006 (1753569.000.000) 11/14 09:23:42 Image size of job updated: 294192
...
006 (1753569.000.000) 11/14 10:18:53 Image size of job updated: 295768
...
006 (1753569.000.000) 11/14 10:43:57 Image size of job updated: 295908
...
006 (1753569.000.000) 11/14 10:58:57 Image size of job updated: 296160
...
005 (1753569.000.000) 11/14 11:11:49 Job terminated.
	(1) Normal termination (return value 0)
		Usr 0 03:02:18, Sys 0 00:01:48  -  Run Remote Usage
		Usr 0 00:00:00, Sys 0 00:00:00  -  Run Local Usage
		Usr 0 03:02:18, Sys 0 00:01:48  -  Total Remote Usage
		Usr 0 00:00:00, Sys 0 00:00:00  -  Total Local Usage
	0  -  Run Bytes Sent By Job
	0  -  Run Bytes Received By Job
	0  -  Total Bytes Sent By Job
	0  -  Total Bytes Received By Job
...
