000 (1755078.000.000) 11/14 02:19:46 Job submitted from host: <130.199.206.69:49450>
...
001 (1755078.000.000) 11/15 12:37:04 Job executing on host: <130.199.206.191:54564>
...
006 (1755078.000.000) 11/15 12:37:12 Image size of job updated: 148172
...
006 (1755078.000.000) 11/15 12:42:12 Image size of job updated: 304444
...
006 (1755078.000.000) 11/15 12:47:12 Image size of job updated: 324736
...
006 (1755078.000.000) 11/15 12:52:12 Image size of job updated: 327808
...
005 (1755078.000.000) 11/15 13:00:20 Job terminated.
	(1) Normal termination (return value 0)
		Usr 0 00:21:26, Sys 0 00:00:03  -  Run Remote Usage
		Usr 0 00:00:00, Sys 0 00:00:00  -  Run Local Usage
		Usr 0 00:21:26, Sys 0 00:00:03  -  Total Remote Usage
		Usr 0 00:00:00, Sys 0 00:00:00  -  Total Local Usage
	0  -  Run Bytes Sent By Job
	0  -  Run Bytes Received By Job
	0  -  Total Bytes Sent By Job
	0  -  Total Bytes Received By Job
...
000 (1798252.000.000) 11/18 15:19:54 Job submitted from host: <130.199.206.69:49450>
...
001 (1798252.000.000) 11/18 15:28:52 Job executing on host: <130.199.206.139:49753>
...
006 (1798252.000.000) 11/18 15:29:01 Image size of job updated: 142640
...
006 (1798252.000.000) 11/18 15:34:02 Image size of job updated: 199740
...
006 (1798252.000.000) 11/19 05:05:28 Image size of job updated: 283596
...
006 (1798252.000.000) 11/19 05:10:28 Image size of job updated: 285588
...
006 (1798252.000.000) 11/19 05:15:28 Image size of job updated: 285868
...
006 (1798252.000.000) 11/19 05:20:28 Image size of job updated: 287816
...
006 (1798252.000.000) 11/19 05:25:28 Image size of job updated: 287968
...
006 (1798252.000.000) 11/19 05:30:28 Image size of job updated: 289028
...
006 (1798252.000.000) 11/19 05:35:28 Image size of job updated: 291348
...
006 (1798252.000.000) 11/19 05:40:28 Image size of job updated: 292312
...
009 (1798252.000.000) 11/19 06:28:58 Job was aborted by the user.
	The job attribute PeriodicRemove expression '(NumJobStarts >= 1 && JobStatus == 1) || (JobStatus == 2 && (CurrentTime - JobCurrentStartDate > (54000)) && ((RemoteUserCpu + RemoteSysCpu) / (CurrentTime - JobCurrentStartDate) < 0.100000)) || (((CurrentTime - EnteredCurrentStatus) > (2 * 24 * 3600)) && JobStatus == 5) || (JobRunCount >= 1 && JobStatus == 1)' evaluated to TRUE
...
000 (1804755.000.000) 11/21 22:32:12 Job submitted from host: <130.199.206.69:49450>
...
001 (1804755.000.000) 11/22 00:35:26 Job executing on host: <130.199.206.155:60984>
...
006 (1804755.000.000) 11/22 00:35:35 Image size of job updated: 123080
...
006 (1804755.000.000) 11/22 00:40:36 Image size of job updated: 283832
...
006 (1804755.000.000) 11/22 00:45:37 Image size of job updated: 286556
...
006 (1804755.000.000) 11/22 00:50:38 Image size of job updated: 287348
...
006 (1804755.000.000) 11/22 00:55:39 Image size of job updated: 287736
...
006 (1804755.000.000) 11/22 01:00:40 Image size of job updated: 288244
...
006 (1804755.000.000) 11/22 01:05:41 Image size of job updated: 288396
...
006 (1804755.000.000) 11/22 01:10:42 Image size of job updated: 288684
...
006 (1804755.000.000) 11/22 01:15:42 Image size of job updated: 291368
...
006 (1804755.000.000) 11/22 01:35:42 Image size of job updated: 291660
...
006 (1804755.000.000) 11/22 01:45:42 Image size of job updated: 292208
...
006 (1804755.000.000) 11/22 01:50:42 Image size of job updated: 292660
...
006 (1804755.000.000) 11/22 01:55:42 Image size of job updated: 293056
...
006 (1804755.000.000) 11/22 02:00:42 Image size of job updated: 295360
...
006 (1804755.000.000) 11/22 02:10:42 Image size of job updated: 296024
...
006 (1804755.000.000) 11/22 02:20:42 Image size of job updated: 306864
...
006 (1804755.000.000) 11/22 02:25:42 Image size of job updated: 329392
...
006 (1804755.000.000) 11/22 02:30:43 Image size of job updated: 333488
...
006 (1804755.000.000) 11/22 03:10:51 Image size of job updated: 335248
...
006 (1804755.000.000) 11/22 03:20:53 Image size of job updated: 340368
...
006 (1804755.000.000) 11/22 03:25:54 Image size of job updated: 342416
...
006 (1804755.000.000) 11/22 03:30:55 Image size of job updated: 343440
...
005 (1804755.000.000) 11/22 03:55:44 Job terminated.
	(1) Normal termination (return value 0)
		Usr 0 03:00:21, Sys 0 00:00:49  -  Run Remote Usage
		Usr 0 00:00:00, Sys 0 00:00:00  -  Run Local Usage
		Usr 0 03:00:21, Sys 0 00:00:49  -  Total Remote Usage
		Usr 0 00:00:00, Sys 0 00:00:00  -  Total Local Usage
	0  -  Run Bytes Sent By Job
	0  -  Run Bytes Received By Job
	0  -  Total Bytes Sent By Job
	0  -  Total Bytes Received By Job
...
