000 (1755114.000.000) 11/14 02:19:46 Job submitted from host: <130.199.206.69:49450>
...
001 (1755114.000.000) 11/15 18:38:38 Job executing on host: <130.199.206.148:36053>
...
006 (1755114.000.000) 11/15 18:38:47 Image size of job updated: 171452
...
006 (1755114.000.000) 11/15 18:43:48 Image size of job updated: 298344
...
006 (1755114.000.000) 11/15 18:48:49 Image size of job updated: 317732
...
006 (1755114.000.000) 11/15 18:53:50 Image size of job updated: 323876
...
006 (1755114.000.000) 11/15 18:58:51 Image size of job updated: 326948
...
006 (1755114.000.000) 11/15 19:03:52 Image size of job updated: 328996
...
006 (1755114.000.000) 11/15 19:08:53 Image size of job updated: 330020
...
006 (1755114.000.000) 11/15 19:18:55 Image size of job updated: 331044
...
005 (1755114.000.000) 11/15 19:28:15 Job terminated.
	(1) Normal termination (return value 0)
		Usr 0 00:45:06, Sys 0 00:00:12  -  Run Remote Usage
		Usr 0 00:00:00, Sys 0 00:00:00  -  Run Local Usage
		Usr 0 00:45:06, Sys 0 00:00:12  -  Total Remote Usage
		Usr 0 00:00:00, Sys 0 00:00:00  -  Total Local Usage
	0  -  Run Bytes Sent By Job
	0  -  Run Bytes Received By Job
	0  -  Total Bytes Sent By Job
	0  -  Total Bytes Received By Job
...
