000 (1753637.000.000) 11/14 02:16:08 Job submitted from host: <130.199.206.69:49450>
...
001 (1753637.000.000) 11/14 07:13:14 Job executing on host: <130.199.206.225:55273>
...
006 (1753637.000.000) 11/14 07:18:24 Image size of job updated: 285632
...
006 (1753637.000.000) 11/14 07:23:25 Image size of job updated: 287168
...
006 (1753637.000.000) 11/14 07:28:26 Image size of job updated: 287864
...
006 (1753637.000.000) 11/14 07:33:26 Image size of job updated: 288660
...
006 (1753637.000.000) 11/14 07:38:26 Image size of job updated: 292408
...
006 (1753637.000.000) 11/14 07:43:26 Image size of job updated: 292416
...
006 (1753637.000.000) 11/14 07:48:26 Image size of job updated: 293624
...
006 (1753637.000.000) 11/14 07:53:26 Image size of job updated: 293824
...
006 (1753637.000.000) 11/14 08:03:26 Image size of job updated: 293960
...
006 (1753637.000.000) 11/14 08:13:26 Image size of job updated: 294392
...
006 (1753637.000.000) 11/14 08:18:26 Image size of job updated: 294504
...
006 (1753637.000.000) 11/14 08:23:26 Image size of job updated: 295508
...
006 (1753637.000.000) 11/14 08:33:26 Image size of job updated: 296376
...
006 (1753637.000.000) 11/14 08:43:26 Image size of job updated: 297184
...
005 (1753637.000.000) 11/14 09:15:01 Job terminated.
	(1) Normal termination (return value 0)
		Usr 0 01:48:32, Sys 0 00:00:27  -  Run Remote Usage
		Usr 0 00:00:00, Sys 0 00:00:00  -  Run Local Usage
		Usr 0 01:48:32, Sys 0 00:00:27  -  Total Remote Usage
		Usr 0 00:00:00, Sys 0 00:00:00  -  Total Local Usage
	0  -  Run Bytes Sent By Job
	0  -  Run Bytes Received By Job
	0  -  Total Bytes Sent By Job
	0  -  Total Bytes Received By Job
...
