000 (1753450.000.000) 11/14 02:14:53 Job submitted from host: <130.199.206.69:49450>
...
001 (1753450.000.000) 11/14 02:53:29 Job executing on host: <130.199.206.143:33062>
...
006 (1753450.000.000) 11/14 02:58:37 Image size of job updated: 281740
...
006 (1753450.000.000) 11/14 03:03:37 Image size of job updated: 281744
...
006 (1753450.000.000) 11/14 03:08:37 Image size of job updated: 285260
...
006 (1753450.000.000) 11/14 03:13:37 Image size of job updated: 309836
...
006 (1753450.000.000) 11/14 03:18:37 Image size of job updated: 318464
...
006 (1753450.000.000) 11/14 03:23:37 Image size of job updated: 330760
...
006 (1753450.000.000) 11/14 03:28:37 Image size of job updated: 333832
...
006 (1753450.000.000) 11/14 03:33:37 Image size of job updated: 334856
...
006 (1753450.000.000) 11/14 03:43:37 Image size of job updated: 336904
...
006 (1753450.000.000) 11/14 03:48:37 Image size of job updated: 337928
...
005 (1753450.000.000) 11/14 03:54:13 Job terminated.
	(1) Normal termination (return value 0)
		Usr 0 00:54:04, Sys 0 00:00:16  -  Run Remote Usage
		Usr 0 00:00:00, Sys 0 00:00:00  -  Run Local Usage
		Usr 0 00:54:04, Sys 0 00:00:16  -  Total Remote Usage
		Usr 0 00:00:00, Sys 0 00:00:00  -  Total Local Usage
	0  -  Run Bytes Sent By Job
	0  -  Run Bytes Received By Job
	0  -  Total Bytes Sent By Job
	0  -  Total Bytes Received By Job
...
