000 (1754668.000.000) 11/14 02:18:46 Job submitted from host: <130.199.206.69:49450>
...
001 (1754668.000.000) 11/14 05:51:55 Job executing on host: <130.199.207.19:59963>
...
006 (1754668.000.000) 11/14 05:52:03 Image size of job updated: 8820
...
006 (1754668.000.000) 11/14 05:57:03 Image size of job updated: 282640
...
006 (1754668.000.000) 11/14 06:02:03 Image size of job updated: 284248
...
006 (1754668.000.000) 11/14 06:07:03 Image size of job updated: 284288
...
006 (1754668.000.000) 11/14 06:12:03 Image size of job updated: 289820
...
006 (1754668.000.000) 11/14 06:17:03 Image size of job updated: 291528
...
006 (1754668.000.000) 11/14 06:27:03 Image size of job updated: 292084
...
006 (1754668.000.000) 11/14 06:32:04 Image size of job updated: 292124
...
006 (1754668.000.000) 11/14 06:37:05 Image size of job updated: 331036
...
006 (1754668.000.000) 11/14 06:42:06 Image size of job updated: 334108
...
006 (1754668.000.000) 11/14 06:47:07 Image size of job updated: 336952
...
006 (1754668.000.000) 11/14 06:52:08 Image size of job updated: 337976
...
006 (1754668.000.000) 11/14 06:57:09 Image size of job updated: 339000
...
005 (1754668.000.000) 11/14 07:06:07 Job terminated.
	(1) Normal termination (return value 0)
		Usr 0 01:06:42, Sys 0 00:00:30  -  Run Remote Usage
		Usr 0 00:00:00, Sys 0 00:00:00  -  Run Local Usage
		Usr 0 01:06:42, Sys 0 00:00:30  -  Total Remote Usage
		Usr 0 00:00:00, Sys 0 00:00:00  -  Total Local Usage
	0  -  Run Bytes Sent By Job
	0  -  Run Bytes Received By Job
	0  -  Total Bytes Sent By Job
	0  -  Total Bytes Received By Job
...
