000 (1754151.000.000) 11/14 02:17:37 Job submitted from host: <130.199.206.69:49450>
...
001 (1754151.000.000) 11/14 07:17:04 Job executing on host: <130.199.183.18:59916>
...
006 (1754151.000.000) 11/14 07:17:13 Image size of job updated: 149800
...
006 (1754151.000.000) 11/14 07:22:14 Image size of job updated: 283888
...
006 (1754151.000.000) 11/14 07:27:15 Image size of job updated: 285884
...
006 (1754151.000.000) 11/14 07:32:16 Image size of job updated: 286664
...
006 (1754151.000.000) 11/14 07:37:17 Image size of job updated: 286672
...
006 (1754151.000.000) 11/14 07:42:18 Image size of job updated: 288016
...
006 (1754151.000.000) 11/14 07:47:19 Image size of job updated: 288184
...
006 (1754151.000.000) 11/14 07:57:21 Image size of job updated: 290540
...
006 (1754151.000.000) 11/14 08:02:22 Image size of job updated: 290716
...
006 (1754151.000.000) 11/14 08:12:24 Image size of job updated: 292032
...
006 (1754151.000.000) 11/14 08:27:27 Image size of job updated: 293020
...
006 (1754151.000.000) 11/14 08:37:29 Image size of job updated: 293564
...
006 (1754151.000.000) 11/14 08:47:31 Image size of job updated: 294084
...
006 (1754151.000.000) 11/14 08:52:32 Image size of job updated: 294596
...
006 (1754151.000.000) 11/14 09:22:38 Image size of job updated: 294932
...
006 (1754151.000.000) 11/14 09:37:41 Image size of job updated: 295248
...
006 (1754151.000.000) 11/14 09:47:43 Image size of job updated: 295388
...
006 (1754151.000.000) 11/14 10:17:49 Image size of job updated: 295588
...
006 (1754151.000.000) 11/14 10:22:50 Image size of job updated: 295728
...
006 (1754151.000.000) 11/14 11:18:01 Image size of job updated: 295924
...
005 (1754151.000.000) 11/14 11:28:09 Job terminated.
	(1) Normal termination (return value 0)
		Usr 0 03:44:24, Sys 0 00:02:01  -  Run Remote Usage
		Usr 0 00:00:00, Sys 0 00:00:00  -  Run Local Usage
		Usr 0 03:44:24, Sys 0 00:02:01  -  Total Remote Usage
		Usr 0 00:00:00, Sys 0 00:00:00  -  Total Local Usage
	0  -  Run Bytes Sent By Job
	0  -  Run Bytes Received By Job
	0  -  Total Bytes Sent By Job
	0  -  Total Bytes Received By Job
...
