000 (1754691.000.000) 11/14 02:18:59 Job submitted from host: <130.199.206.69:49450>
...
001 (1754691.000.000) 11/14 05:56:41 Job executing on host: <130.199.183.21:49750>
...
006 (1754691.000.000) 11/14 05:56:50 Image size of job updated: 8820
...
006 (1754691.000.000) 11/14 06:01:51 Image size of job updated: 273476
...
006 (1754691.000.000) 11/14 06:06:52 Image size of job updated: 274288
...
006 (1754691.000.000) 11/14 06:11:53 Image size of job updated: 283844
...
006 (1754691.000.000) 11/14 06:16:54 Image size of job updated: 286064
...
006 (1754691.000.000) 11/14 06:21:55 Image size of job updated: 288636
...
005 (1754691.000.000) 11/14 06:22:36 Job terminated.
	(1) Normal termination (return value 0)
		Usr 0 00:19:19, Sys 0 00:00:08  -  Run Remote Usage
		Usr 0 00:00:00, Sys 0 00:00:00  -  Run Local Usage
		Usr 0 00:19:19, Sys 0 00:00:08  -  Total Remote Usage
		Usr 0 00:00:00, Sys 0 00:00:00  -  Total Local Usage
	0  -  Run Bytes Sent By Job
	0  -  Run Bytes Received By Job
	0  -  Total Bytes Sent By Job
	0  -  Total Bytes Received By Job
...
