000 (1754723.000.000) 11/14 02:18:59 Job submitted from host: <130.199.206.69:49450>
...
001 (1754723.000.000) 11/14 06:04:20 Job executing on host: <130.199.206.188:36340>
...
006 (1754723.000.000) 11/14 06:04:28 Image size of job updated: 203880
...
006 (1754723.000.000) 11/14 06:09:28 Image size of job updated: 285916
...
006 (1754723.000.000) 11/14 06:14:28 Image size of job updated: 286104
...
006 (1754723.000.000) 11/14 06:19:28 Image size of job updated: 287488
...
006 (1754723.000.000) 11/14 06:24:29 Image size of job updated: 289328
...
006 (1754723.000.000) 11/14 06:29:30 Image size of job updated: 289360
...
006 (1754723.000.000) 11/14 06:34:31 Image size of job updated: 291276
...
006 (1754723.000.000) 11/14 06:39:32 Image size of job updated: 292340
...
006 (1754723.000.000) 11/14 06:44:33 Image size of job updated: 333308
...
006 (1754723.000.000) 11/14 06:49:34 Image size of job updated: 343548
...
006 (1754723.000.000) 11/14 06:54:35 Image size of job updated: 344572
...
006 (1754723.000.000) 11/14 06:59:36 Image size of job updated: 347644
...
006 (1754723.000.000) 11/14 07:39:44 Image size of job updated: 349692
...
005 (1754723.000.000) 11/14 07:49:31 Job terminated.
	(1) Normal termination (return value 0)
		Usr 0 01:24:07, Sys 0 00:00:25  -  Run Remote Usage
		Usr 0 00:00:00, Sys 0 00:00:00  -  Run Local Usage
		Usr 0 01:24:07, Sys 0 00:00:25  -  Total Remote Usage
		Usr 0 00:00:00, Sys 0 00:00:00  -  Total Local Usage
	0  -  Run Bytes Sent By Job
	0  -  Run Bytes Received By Job
	0  -  Total Bytes Sent By Job
	0  -  Total Bytes Received By Job
...
