000 (1755384.000.000) 11/14 02:20:10 Job submitted from host: <130.199.206.69:49450>
...
001 (1755384.000.000) 11/15 12:50:42 Job executing on host: <130.199.180.169:46641>
...
006 (1755384.000.000) 11/15 12:50:51 Image size of job updated: 183452
...
006 (1755384.000.000) 11/15 12:55:52 Image size of job updated: 282832
...
006 (1755384.000.000) 11/15 13:00:53 Image size of job updated: 284812
...
006 (1755384.000.000) 11/15 13:25:54 Image size of job updated: 285840
...
006 (1755384.000.000) 11/15 13:30:54 Image size of job updated: 286084
...
006 (1755384.000.000) 11/15 13:35:54 Image size of job updated: 287300
...
006 (1755384.000.000) 11/15 13:40:54 Image size of job updated: 289984
...
006 (1755384.000.000) 11/15 13:45:54 Image size of job updated: 291396
...
006 (1755384.000.000) 11/15 13:55:54 Image size of job updated: 308668
...
006 (1755384.000.000) 11/15 14:00:54 Image size of job updated: 329148
...
006 (1755384.000.000) 11/15 14:05:54 Image size of job updated: 335292
...
006 (1755384.000.000) 11/15 14:10:54 Image size of job updated: 336316
...
006 (1755384.000.000) 11/15 14:15:54 Image size of job updated: 337340
...
006 (1755384.000.000) 11/15 14:20:54 Image size of job updated: 337884
...
005 (1755384.000.000) 11/15 14:22:08 Job terminated.
	(1) Normal termination (return value 0)
		Usr 0 01:21:01, Sys 0 00:00:48  -  Run Remote Usage
		Usr 0 00:00:00, Sys 0 00:00:00  -  Run Local Usage
		Usr 0 01:21:01, Sys 0 00:00:48  -  Total Remote Usage
		Usr 0 00:00:00, Sys 0 00:00:00  -  Total Local Usage
	0  -  Run Bytes Sent By Job
	0  -  Run Bytes Received By Job
	0  -  Total Bytes Sent By Job
	0  -  Total Bytes Received By Job
...
