000 (1754645.000.000) 11/14 02:18:46 Job submitted from host: <130.199.206.69:49450>
...
001 (1754645.000.000) 11/14 05:43:02 Job executing on host: <130.199.207.39:52625>
...
006 (1754645.000.000) 11/14 05:43:10 Image size of job updated: 175692
...
006 (1754645.000.000) 11/14 05:48:10 Image size of job updated: 286576
...
006 (1754645.000.000) 11/14 05:53:10 Image size of job updated: 286636
...
006 (1754645.000.000) 11/14 05:58:10 Image size of job updated: 286672
...
006 (1754645.000.000) 11/14 06:03:10 Image size of job updated: 290468
...
006 (1754645.000.000) 11/14 06:08:10 Image size of job updated: 294280
...
006 (1754645.000.000) 11/14 06:13:10 Image size of job updated: 295296
...
006 (1754645.000.000) 11/14 06:23:10 Image size of job updated: 295540
...
006 (1754645.000.000) 11/14 06:28:10 Image size of job updated: 295820
...
006 (1754645.000.000) 11/14 06:33:10 Image size of job updated: 296172
...
006 (1754645.000.000) 11/14 06:48:10 Image size of job updated: 296312
...
006 (1754645.000.000) 11/14 06:53:10 Image size of job updated: 296396
...
006 (1754645.000.000) 11/14 06:58:10 Image size of job updated: 297696
...
006 (1754645.000.000) 11/14 07:03:10 Image size of job updated: 330504
...
006 (1754645.000.000) 11/14 07:08:10 Image size of job updated: 341768
...
006 (1754645.000.000) 11/14 07:13:10 Image size of job updated: 344840
...
006 (1754645.000.000) 11/14 07:23:12 Image size of job updated: 345864
...
006 (1754645.000.000) 11/14 07:33:14 Image size of job updated: 346888
...
006 (1754645.000.000) 11/14 07:43:16 Image size of job updated: 347912
...
006 (1754645.000.000) 11/14 07:48:17 Image size of job updated: 348936
...
005 (1754645.000.000) 11/14 07:53:08 Job terminated.
	(1) Normal termination (return value 0)
		Usr 0 01:54:49, Sys 0 00:00:32  -  Run Remote Usage
		Usr 0 00:00:00, Sys 0 00:00:00  -  Run Local Usage
		Usr 0 01:54:49, Sys 0 00:00:32  -  Total Remote Usage
		Usr 0 00:00:00, Sys 0 00:00:00  -  Total Local Usage
	0  -  Run Bytes Sent By Job
	0  -  Run Bytes Received By Job
	0  -  Total Bytes Sent By Job
	0  -  Total Bytes Received By Job
...
