000 (1753781.000.000) 11/14 02:16:47 Job submitted from host: <130.199.206.69:49450>
...
001 (1753781.000.000) 11/14 06:02:44 Job executing on host: <130.199.183.17:52518>
...
006 (1753781.000.000) 11/14 06:07:54 Image size of job updated: 281652
...
006 (1753781.000.000) 11/14 06:12:55 Image size of job updated: 283996
...
006 (1753781.000.000) 11/14 06:22:57 Image size of job updated: 285292
...
006 (1753781.000.000) 11/14 06:43:01 Image size of job updated: 287564
...
006 (1753781.000.000) 11/14 06:48:02 Image size of job updated: 288584
...
006 (1753781.000.000) 11/14 06:53:03 Image size of job updated: 291348
...
006 (1753781.000.000) 11/14 07:03:05 Image size of job updated: 292428
...
006 (1753781.000.000) 11/14 07:08:06 Image size of job updated: 292488
...
006 (1753781.000.000) 11/14 07:13:07 Image size of job updated: 293408
...
006 (1753781.000.000) 11/14 07:18:08 Image size of job updated: 293848
...
006 (1753781.000.000) 11/14 07:43:13 Image size of job updated: 294824
...
006 (1753781.000.000) 11/14 08:18:14 Image size of job updated: 295760
...
006 (1753781.000.000) 11/14 08:23:14 Image size of job updated: 296008
...
006 (1753781.000.000) 11/14 08:28:14 Image size of job updated: 296700
...
005 (1753781.000.000) 11/14 09:01:29 Job terminated.
	(1) Normal termination (return value 0)
		Usr 0 02:45:24, Sys 0 00:00:52  -  Run Remote Usage
		Usr 0 00:00:00, Sys 0 00:00:00  -  Run Local Usage
		Usr 0 02:45:24, Sys 0 00:00:52  -  Total Remote Usage
		Usr 0 00:00:00, Sys 0 00:00:00  -  Total Local Usage
	0  -  Run Bytes Sent By Job
	0  -  Run Bytes Received By Job
	0  -  Total Bytes Sent By Job
	0  -  Total Bytes Received By Job
...
