000 (1753675.000.000) 11/14 02:16:28 Job submitted from host: <130.199.206.69:49450>
...
001 (1753675.000.000) 11/14 04:31:32 Job executing on host: <130.199.183.5:54490>
...
006 (1753675.000.000) 11/14 04:31:41 Image size of job updated: 189400
...
006 (1753675.000.000) 11/14 04:36:42 Image size of job updated: 283824
...
006 (1753675.000.000) 11/14 04:41:43 Image size of job updated: 284740
...
006 (1753675.000.000) 11/14 04:46:44 Image size of job updated: 285312
...
006 (1753675.000.000) 11/14 04:51:45 Image size of job updated: 285980
...
006 (1753675.000.000) 11/14 05:06:48 Image size of job updated: 286316
...
006 (1753675.000.000) 11/14 05:11:49 Image size of job updated: 287008
...
006 (1753675.000.000) 11/14 05:16:50 Image size of job updated: 288380
...
006 (1753675.000.000) 11/14 05:21:51 Image size of job updated: 291620
...
006 (1753675.000.000) 11/14 05:26:52 Image size of job updated: 292104
...
006 (1753675.000.000) 11/14 05:31:53 Image size of job updated: 292324
...
006 (1753675.000.000) 11/14 05:36:54 Image size of job updated: 292528
...
006 (1753675.000.000) 11/14 05:51:57 Image size of job updated: 293324
...
006 (1753675.000.000) 11/14 06:12:01 Image size of job updated: 321780
...
006 (1753675.000.000) 11/14 06:17:02 Image size of job updated: 334068
...
006 (1753675.000.000) 11/14 06:22:03 Image size of job updated: 337140
...
006 (1753675.000.000) 11/14 06:32:05 Image size of job updated: 338164
...
006 (1753675.000.000) 11/14 06:47:08 Image size of job updated: 339188
...
006 (1753675.000.000) 11/14 07:02:11 Image size of job updated: 339880
...
006 (1753675.000.000) 11/14 07:07:12 Image size of job updated: 341928
...
006 (1753675.000.000) 11/14 07:22:15 Image size of job updated: 342952
...
006 (1753675.000.000) 11/14 07:27:16 Image size of job updated: 343976
...
006 (1753675.000.000) 11/14 07:32:17 Image size of job updated: 345000
...
006 (1753675.000.000) 11/14 08:17:26 Image size of job updated: 346024
...
005 (1753675.000.000) 11/14 08:45:22 Job terminated.
	(1) Normal termination (return value 0)
		Usr 0 03:39:19, Sys 0 00:01:41  -  Run Remote Usage
		Usr 0 00:00:00, Sys 0 00:00:00  -  Run Local Usage
		Usr 0 03:39:19, Sys 0 00:01:41  -  Total Remote Usage
		Usr 0 00:00:00, Sys 0 00:00:00  -  Total Local Usage
	0  -  Run Bytes Sent By Job
	0  -  Run Bytes Received By Job
	0  -  Total Bytes Sent By Job
	0  -  Total Bytes Received By Job
...
