000 (1753759.000.000) 11/14 02:16:28 Job submitted from host: <130.199.206.69:49450>
...
001 (1753759.000.000) 11/14 04:50:08 Job executing on host: <130.199.180.137:54007>
...
006 (1753759.000.000) 11/14 04:55:18 Image size of job updated: 283272
...
006 (1753759.000.000) 11/14 05:00:19 Image size of job updated: 290620
...
006 (1753759.000.000) 11/14 05:05:20 Image size of job updated: 292304
...
006 (1753759.000.000) 11/14 05:10:21 Image size of job updated: 293452
...
006 (1753759.000.000) 11/14 05:15:22 Image size of job updated: 296512
...
006 (1753759.000.000) 11/14 05:20:23 Image size of job updated: 296576
...
006 (1753759.000.000) 11/14 05:35:26 Image size of job updated: 335540
...
006 (1753759.000.000) 11/14 05:40:27 Image size of job updated: 343732
...
006 (1753759.000.000) 11/14 05:45:28 Image size of job updated: 344756
...
006 (1753759.000.000) 11/14 05:50:29 Image size of job updated: 347828
...
006 (1753759.000.000) 11/14 05:55:30 Image size of job updated: 348852
...
005 (1753759.000.000) 11/14 06:00:34 Job terminated.
	(1) Normal termination (return value 0)
		Usr 0 00:58:33, Sys 0 00:00:26  -  Run Remote Usage
		Usr 0 00:00:00, Sys 0 00:00:00  -  Run Local Usage
		Usr 0 00:58:33, Sys 0 00:00:26  -  Total Remote Usage
		Usr 0 00:00:00, Sys 0 00:00:00  -  Total Local Usage
	0  -  Run Bytes Sent By Job
	0  -  Run Bytes Received By Job
	0  -  Total Bytes Sent By Job
	0  -  Total Bytes Received By Job
...
