000 (1754048.000.000) 11/14 02:17:22 Job submitted from host: <130.199.206.69:49450>
...
001 (1754048.000.000) 11/14 05:28:20 Job executing on host: <130.199.206.212:36333>
...
006 (1754048.000.000) 11/14 05:33:28 Image size of job updated: 284240
...
006 (1754048.000.000) 11/14 05:38:28 Image size of job updated: 293236
...
006 (1754048.000.000) 11/14 05:43:28 Image size of job updated: 294780
...
006 (1754048.000.000) 11/14 05:48:28 Image size of job updated: 295620
...
005 (1754048.000.000) 11/14 05:48:41 Job terminated.
	(1) Normal termination (return value 0)
		Usr 0 00:18:27, Sys 0 00:00:05  -  Run Remote Usage
		Usr 0 00:00:00, Sys 0 00:00:00  -  Run Local Usage
		Usr 0 00:18:27, Sys 0 00:00:05  -  Total Remote Usage
		Usr 0 00:00:00, Sys 0 00:00:00  -  Total Local Usage
	0  -  Run Bytes Sent By Job
	0  -  Run Bytes Received By Job
	0  -  Total Bytes Sent By Job
	0  -  Total Bytes Received By Job
...
