000 (1754014.000.000) 11/14 02:17:22 Job submitted from host: <130.199.206.69:49450>
...
001 (1754014.000.000) 11/14 04:24:01 Job executing on host: <130.199.180.170:47912>
...
006 (1754014.000.000) 11/14 04:29:11 Image size of job updated: 283548
...
006 (1754014.000.000) 11/14 04:34:12 Image size of job updated: 289628
...
006 (1754014.000.000) 11/14 04:39:13 Image size of job updated: 291352
...
006 (1754014.000.000) 11/14 04:44:14 Image size of job updated: 293020
...
006 (1754014.000.000) 11/14 04:49:15 Image size of job updated: 294288
...
006 (1754014.000.000) 11/14 04:54:15 Image size of job updated: 296136
...
006 (1754014.000.000) 11/14 04:59:16 Image size of job updated: 296940
...
005 (1754014.000.000) 11/14 05:00:18 Job terminated.
	(1) Normal termination (return value 0)
		Usr 0 00:30:51, Sys 0 00:00:21  -  Run Remote Usage
		Usr 0 00:00:00, Sys 0 00:00:00  -  Run Local Usage
		Usr 0 00:30:51, Sys 0 00:00:21  -  Total Remote Usage
		Usr 0 00:00:00, Sys 0 00:00:00  -  Total Local Usage
	0  -  Run Bytes Sent By Job
	0  -  Run Bytes Received By Job
	0  -  Total Bytes Sent By Job
	0  -  Total Bytes Received By Job
...
000 (1798167.000.000) 11/18 15:19:54 Job submitted from host: <130.199.206.69:49450>
...
001 (1798167.000.000) 11/18 15:30:48 Job executing on host: <130.199.183.2:51731>
...
006 (1798167.000.000) 11/18 15:35:56 Image size of job updated: 192312
...
006 (1798167.000.000) 11/18 15:40:56 Image size of job updated: 192868
...
006 (1798167.000.000) 11/18 15:45:56 Image size of job updated: 281004
...
006 (1798167.000.000) 11/18 15:50:56 Image size of job updated: 283112
...
006 (1798167.000.000) 11/18 15:55:56 Image size of job updated: 283540
...
006 (1798167.000.000) 11/18 16:00:56 Image size of job updated: 287156
...
006 (1798167.000.000) 11/18 16:05:56 Image size of job updated: 289392
...
006 (1798167.000.000) 11/18 16:10:56 Image size of job updated: 289884
...
006 (1798167.000.000) 11/18 16:20:56 Image size of job updated: 292240
...
006 (1798167.000.000) 11/18 16:25:56 Image size of job updated: 293804
...
006 (1798167.000.000) 11/18 16:40:56 Image size of job updated: 294248
...
005 (1798167.000.000) 11/18 16:43:27 Job terminated.
	(1) Normal termination (return value 0)
		Usr 0 00:54:00, Sys 0 00:00:24  -  Run Remote Usage
		Usr 0 00:00:00, Sys 0 00:00:00  -  Run Local Usage
		Usr 0 00:54:00, Sys 0 00:00:24  -  Total Remote Usage
		Usr 0 00:00:00, Sys 0 00:00:00  -  Total Local Usage
	0  -  Run Bytes Sent By Job
	0  -  Run Bytes Received By Job
	0  -  Total Bytes Sent By Job
	0  -  Total Bytes Received By Job
...
