000 (1754844.000.000) 11/14 02:19:12 Job submitted from host: <130.199.206.69:49450>
...
001 (1754844.000.000) 11/14 13:07:56 Job executing on host: <130.199.180.162:36052>
...
006 (1754844.000.000) 11/14 13:08:05 Image size of job updated: 174336
...
006 (1754844.000.000) 11/14 13:13:06 Image size of job updated: 276500
...
006 (1754844.000.000) 11/14 13:18:07 Image size of job updated: 281608
...
006 (1754844.000.000) 11/14 13:23:08 Image size of job updated: 282032
...
006 (1754844.000.000) 11/14 13:28:09 Image size of job updated: 285152
...
006 (1754844.000.000) 11/14 13:33:10 Image size of job updated: 285216
...
006 (1754844.000.000) 11/14 13:38:11 Image size of job updated: 287012
...
005 (1754844.000.000) 11/14 13:38:25 Job terminated.
	(1) Normal termination (return value 0)
		Usr 0 00:23:36, Sys 0 00:00:12  -  Run Remote Usage
		Usr 0 00:00:00, Sys 0 00:00:00  -  Run Local Usage
		Usr 0 00:23:36, Sys 0 00:00:12  -  Total Remote Usage
		Usr 0 00:00:00, Sys 0 00:00:00  -  Total Local Usage
	0  -  Run Bytes Sent By Job
	0  -  Run Bytes Received By Job
	0  -  Total Bytes Sent By Job
	0  -  Total Bytes Received By Job
...
