000 (1754952.000.000) 11/14 02:19:27 Job submitted from host: <130.199.206.69:49450>
...
001 (1754952.000.000) 11/15 15:48:23 Job executing on host: <130.199.183.6:57580>
...
006 (1754952.000.000) 11/15 15:48:32 Image size of job updated: 174304
...
006 (1754952.000.000) 11/15 15:53:33 Image size of job updated: 287796
...
006 (1754952.000.000) 11/15 15:58:34 Image size of job updated: 290704
...
006 (1754952.000.000) 11/15 16:03:35 Image size of job updated: 291620
...
006 (1754952.000.000) 11/15 16:08:36 Image size of job updated: 291772
...
006 (1754952.000.000) 11/15 16:13:37 Image size of job updated: 291988
...
006 (1754952.000.000) 11/15 16:18:38 Image size of job updated: 293196
...
006 (1754952.000.000) 11/15 16:23:39 Image size of job updated: 293968
...
006 (1754952.000.000) 11/15 16:28:40 Image size of job updated: 294704
...
006 (1754952.000.000) 11/15 16:33:41 Image size of job updated: 295812
...
006 (1754952.000.000) 11/15 16:53:46 Image size of job updated: 296428
...
006 (1754952.000.000) 11/15 17:08:46 Image size of job updated: 297072
...
006 (1754952.000.000) 11/15 17:23:46 Image size of job updated: 297400
...
005 (1754952.000.000) 11/15 17:24:28 Job terminated.
	(1) Normal termination (return value 0)
		Usr 0 01:20:03, Sys 0 00:00:30  -  Run Remote Usage
		Usr 0 00:00:00, Sys 0 00:00:00  -  Run Local Usage
		Usr 0 01:20:03, Sys 0 00:00:30  -  Total Remote Usage
		Usr 0 00:00:00, Sys 0 00:00:00  -  Total Local Usage
	0  -  Run Bytes Sent By Job
	0  -  Run Bytes Received By Job
	0  -  Total Bytes Sent By Job
	0  -  Total Bytes Received By Job
...
