000 (1753889.000.000) 11/14 02:17:04 Job submitted from host: <130.199.206.69:49450>
...
001 (1753889.000.000) 11/14 05:44:17 Job executing on host: <130.199.183.18:59916>
...
006 (1753889.000.000) 11/14 05:44:26 Image size of job updated: 270144
...
006 (1753889.000.000) 11/14 05:49:27 Image size of job updated: 285432
...
006 (1753889.000.000) 11/14 05:54:28 Image size of job updated: 286444
...
006 (1753889.000.000) 11/14 05:59:29 Image size of job updated: 286600
...
006 (1753889.000.000) 11/14 06:04:30 Image size of job updated: 286676
...
006 (1753889.000.000) 11/14 06:09:31 Image size of job updated: 287928
...
006 (1753889.000.000) 11/14 06:14:32 Image size of job updated: 289056
...
006 (1753889.000.000) 11/14 06:24:34 Image size of job updated: 290828
...
006 (1753889.000.000) 11/14 06:29:35 Image size of job updated: 291072
...
006 (1753889.000.000) 11/14 06:34:35 Image size of job updated: 291592
...
005 (1753889.000.000) 11/14 07:36:19 Job terminated.
	(1) Normal termination (return value 0)
		Usr 0 01:41:06, Sys 0 00:00:55  -  Run Remote Usage
		Usr 0 00:00:00, Sys 0 00:00:00  -  Run Local Usage
		Usr 0 01:41:06, Sys 0 00:00:55  -  Total Remote Usage
		Usr 0 00:00:00, Sys 0 00:00:00  -  Total Local Usage
	0  -  Run Bytes Sent By Job
	0  -  Run Bytes Received By Job
	0  -  Total Bytes Sent By Job
	0  -  Total Bytes Received By Job
...
