000 (1755028.000.000) 11/14 02:19:38 Job submitted from host: <130.199.206.69:49450>
...
001 (1755028.000.000) 11/15 11:45:26 Job executing on host: <130.199.183.6:57580>
...
006 (1755028.000.000) 11/15 11:45:34 Image size of job updated: 72768
...
006 (1755028.000.000) 11/15 11:50:34 Image size of job updated: 282032
...
006 (1755028.000.000) 11/15 11:55:34 Image size of job updated: 292884
...
006 (1755028.000.000) 11/15 12:00:34 Image size of job updated: 294308
...
006 (1755028.000.000) 11/15 12:05:34 Image size of job updated: 295392
...
006 (1755028.000.000) 11/15 12:10:34 Image size of job updated: 296228
...
006 (1755028.000.000) 11/15 12:15:34 Image size of job updated: 296876
...
006 (1755028.000.000) 11/15 12:20:34 Image size of job updated: 297844
...
006 (1755028.000.000) 11/15 12:25:34 Image size of job updated: 300096
...
006 (1755028.000.000) 11/15 12:30:34 Image size of job updated: 301880
...
006 (1755028.000.000) 11/15 12:35:34 Image size of job updated: 302768
...
006 (1755028.000.000) 11/15 13:05:34 Image size of job updated: 303468
...
005 (1755028.000.000) 11/15 13:15:27 Job terminated.
	(1) Normal termination (return value 0)
		Usr 0 01:13:24, Sys 0 00:00:36  -  Run Remote Usage
		Usr 0 00:00:00, Sys 0 00:00:00  -  Run Local Usage
		Usr 0 01:13:24, Sys 0 00:00:36  -  Total Remote Usage
		Usr 0 00:00:00, Sys 0 00:00:00  -  Total Local Usage
	0  -  Run Bytes Sent By Job
	0  -  Run Bytes Received By Job
	0  -  Total Bytes Sent By Job
	0  -  Total Bytes Received By Job
...
