000 (1754582.000.000) 11/14 02:18:46 Job submitted from host: <130.199.206.69:49450>
...
001 (1754582.000.000) 11/14 05:32:38 Job executing on host: <130.199.180.144:40361>
...
006 (1754582.000.000) 11/14 05:32:47 Image size of job updated: 208088
...
006 (1754582.000.000) 11/14 05:37:48 Image size of job updated: 285168
...
006 (1754582.000.000) 11/14 05:42:49 Image size of job updated: 286840
...
006 (1754582.000.000) 11/14 05:47:50 Image size of job updated: 287632
...
006 (1754582.000.000) 11/14 06:02:53 Image size of job updated: 288692
...
006 (1754582.000.000) 11/14 06:12:55 Image size of job updated: 289088
...
006 (1754582.000.000) 11/14 06:17:56 Image size of job updated: 289380
...
006 (1754582.000.000) 11/14 06:22:57 Image size of job updated: 289484
...
006 (1754582.000.000) 11/14 06:37:58 Image size of job updated: 289528
...
006 (1754582.000.000) 11/14 06:47:58 Image size of job updated: 291296
...
006 (1754582.000.000) 11/14 06:52:58 Image size of job updated: 291780
...
006 (1754582.000.000) 11/14 07:07:58 Image size of job updated: 292140
...
006 (1754582.000.000) 11/14 07:12:58 Image size of job updated: 296244
...
006 (1754582.000.000) 11/14 07:22:58 Image size of job updated: 296628
...
006 (1754582.000.000) 11/14 07:27:58 Image size of job updated: 297004
...
006 (1754582.000.000) 11/14 07:32:58 Image size of job updated: 297416
...
006 (1754582.000.000) 11/14 07:37:58 Image size of job updated: 297816
...
006 (1754582.000.000) 11/14 07:42:58 Image size of job updated: 298052
...
006 (1754582.000.000) 11/14 07:47:58 Image size of job updated: 298716
...
006 (1754582.000.000) 11/14 07:52:58 Image size of job updated: 299108
...
006 (1754582.000.000) 11/14 08:27:58 Image size of job updated: 299940
...
006 (1754582.000.000) 11/14 08:42:58 Image size of job updated: 300280
...
006 (1754582.000.000) 11/14 08:47:58 Image size of job updated: 300980
...
005 (1754582.000.000) 11/14 09:21:55 Job terminated.
	(1) Normal termination (return value 0)
		Usr 0 02:51:48, Sys 0 00:01:07  -  Run Remote Usage
		Usr 0 00:00:00, Sys 0 00:00:00  -  Run Local Usage
		Usr 0 02:51:48, Sys 0 00:01:07  -  Total Remote Usage
		Usr 0 00:00:00, Sys 0 00:00:00  -  Total Local Usage
	0  -  Run Bytes Sent By Job
	0  -  Run Bytes Received By Job
	0  -  Total Bytes Sent By Job
	0  -  Total Bytes Received By Job
...
