000 (1754601.000.000) 11/14 02:18:46 Job submitted from host: <130.199.206.69:49450>
...
001 (1754601.000.000) 11/14 05:36:40 Job executing on host: <130.199.180.147:60364>
...
006 (1754601.000.000) 11/14 05:36:49 Image size of job updated: 8824
...
006 (1754601.000.000) 11/14 05:41:50 Image size of job updated: 289904
...
006 (1754601.000.000) 11/14 05:46:51 Image size of job updated: 291628
...
006 (1754601.000.000) 11/14 05:51:52 Image size of job updated: 292668
...
006 (1754601.000.000) 11/14 05:56:53 Image size of job updated: 293456
...
006 (1754601.000.000) 11/14 06:01:54 Image size of job updated: 294108
...
006 (1754601.000.000) 11/14 06:06:55 Image size of job updated: 294692
...
006 (1754601.000.000) 11/14 06:11:56 Image size of job updated: 294708
...
006 (1754601.000.000) 11/14 06:16:57 Image size of job updated: 295356
...
006 (1754601.000.000) 11/14 06:26:59 Image size of job updated: 295812
...
006 (1754601.000.000) 11/14 06:32:00 Image size of job updated: 297936
...
006 (1754601.000.000) 11/14 07:42:14 Image size of job updated: 298152
...
006 (1754601.000.000) 11/14 08:07:19 Image size of job updated: 298324
...
006 (1754601.000.000) 11/14 08:27:23 Image size of job updated: 298368
...
006 (1754601.000.000) 11/14 08:37:25 Image size of job updated: 298532
...
006 (1754601.000.000) 11/14 08:42:26 Image size of job updated: 298648
...
006 (1754601.000.000) 11/14 08:47:27 Image size of job updated: 298656
...
006 (1754601.000.000) 11/14 09:02:30 Image size of job updated: 298732
...
006 (1754601.000.000) 11/14 09:07:31 Image size of job updated: 299592
...
005 (1754601.000.000) 11/14 09:15:38 Job terminated.
	(1) Normal termination (return value 0)
		Usr 0 03:18:40, Sys 0 00:01:27  -  Run Remote Usage
		Usr 0 00:00:00, Sys 0 00:00:00  -  Run Local Usage
		Usr 0 03:18:40, Sys 0 00:01:27  -  Total Remote Usage
		Usr 0 00:00:00, Sys 0 00:00:00  -  Total Local Usage
	0  -  Run Bytes Sent By Job
	0  -  Run Bytes Received By Job
	0  -  Total Bytes Sent By Job
	0  -  Total Bytes Received By Job
...
