000 (1754471.000.000) 11/14 02:18:34 Job submitted from host: <130.199.206.69:49450>
...
001 (1754471.000.000) 11/14 05:21:21 Job executing on host: <130.199.180.166:41628>
...
006 (1754471.000.000) 11/14 05:26:31 Image size of job updated: 284632
...
006 (1754471.000.000) 11/14 05:31:32 Image size of job updated: 296668
...
006 (1754471.000.000) 11/14 05:36:33 Image size of job updated: 297776
...
006 (1754471.000.000) 11/14 05:41:34 Image size of job updated: 298452
...
006 (1754471.000.000) 11/14 05:46:35 Image size of job updated: 299268
...
006 (1754471.000.000) 11/14 05:56:37 Image size of job updated: 299680
...
006 (1754471.000.000) 11/14 06:01:38 Image size of job updated: 302472
...
006 (1754471.000.000) 11/14 06:06:39 Image size of job updated: 303460
...
006 (1754471.000.000) 11/14 06:11:40 Image size of job updated: 303696
...
005 (1754471.000.000) 11/14 06:21:10 Job terminated.
	(1) Normal termination (return value 0)
		Usr 0 00:54:37, Sys 0 00:00:29  -  Run Remote Usage
		Usr 0 00:00:00, Sys 0 00:00:00  -  Run Local Usage
		Usr 0 00:54:37, Sys 0 00:00:29  -  Total Remote Usage
		Usr 0 00:00:00, Sys 0 00:00:00  -  Total Local Usage
	0  -  Run Bytes Sent By Job
	0  -  Run Bytes Received By Job
	0  -  Total Bytes Sent By Job
	0  -  Total Bytes Received By Job
...
