000 (1754094.000.000) 11/14 02:17:37 Job submitted from host: <130.199.206.69:49450>
...
001 (1754094.000.000) 11/14 07:54:51 Job executing on host: <130.199.180.178:51879>
...
006 (1754094.000.000) 11/14 07:54:59 Image size of job updated: 8824
...
006 (1754094.000.000) 11/14 07:59:59 Image size of job updated: 284916
...
006 (1754094.000.000) 11/14 08:04:59 Image size of job updated: 285544
...
006 (1754094.000.000) 11/14 08:09:59 Image size of job updated: 285992
...
006 (1754094.000.000) 11/14 08:19:59 Image size of job updated: 287128
...
006 (1754094.000.000) 11/14 08:24:59 Image size of job updated: 318496
...
006 (1754094.000.000) 11/14 08:29:59 Image size of job updated: 325208
...
006 (1754094.000.000) 11/14 08:34:59 Image size of job updated: 328280
...
006 (1754094.000.000) 11/14 08:39:59 Image size of job updated: 334428
...
006 (1754094.000.000) 11/14 08:44:59 Image size of job updated: 335452
...
006 (1754094.000.000) 11/14 08:49:59 Image size of job updated: 336476
...
006 (1754094.000.000) 11/14 08:54:59 Image size of job updated: 337500
...
006 (1754094.000.000) 11/14 09:04:59 Image size of job updated: 338524
...
006 (1754094.000.000) 11/14 09:14:59 Image size of job updated: 339548
...
006 (1754094.000.000) 11/14 09:54:59 Image size of job updated: 340572
...
006 (1754094.000.000) 11/14 10:14:59 Image size of job updated: 341596
...
006 (1754094.000.000) 11/14 10:39:59 Image size of job updated: 342620
...
006 (1754094.000.000) 11/14 11:24:59 Image size of job updated: 343644
...
005 (1754094.000.000) 11/14 11:48:39 Job terminated.
	(1) Normal termination (return value 0)
		Usr 0 03:32:12, Sys 0 00:02:01  -  Run Remote Usage
		Usr 0 00:00:00, Sys 0 00:00:00  -  Run Local Usage
		Usr 0 03:32:12, Sys 0 00:02:01  -  Total Remote Usage
		Usr 0 00:00:00, Sys 0 00:00:00  -  Total Local Usage
	0  -  Run Bytes Sent By Job
	0  -  Run Bytes Received By Job
	0  -  Total Bytes Sent By Job
	0  -  Total Bytes Received By Job
...
