000 (1753384.000.000) 11/14 02:14:53 Job submitted from host: <130.199.206.69:49450>
...
001 (1753384.000.000) 11/14 02:36:11 Job executing on host: <130.199.183.15:40034>
...
006 (1753384.000.000) 11/14 02:41:20 Image size of job updated: 282400
...
006 (1753384.000.000) 11/14 02:46:20 Image size of job updated: 282860
...
006 (1753384.000.000) 11/14 02:51:20 Image size of job updated: 284340
...
006 (1753384.000.000) 11/14 02:56:20 Image size of job updated: 285312
...
006 (1753384.000.000) 11/14 03:06:22 Image size of job updated: 285360
...
006 (1753384.000.000) 11/14 03:21:25 Image size of job updated: 293204
...
006 (1753384.000.000) 11/14 03:26:25 Image size of job updated: 306516
...
006 (1753384.000.000) 11/14 03:31:25 Image size of job updated: 314708
...
006 (1753384.000.000) 11/14 03:36:25 Image size of job updated: 316756
...
006 (1753384.000.000) 11/14 06:06:41 Image size of job updated: 317304
...
006 (1753384.000.000) 11/14 06:21:43 Image size of job updated: 318024
...
006 (1753384.000.000) 11/14 06:36:45 Image size of job updated: 318348
...
006 (1753384.000.000) 11/14 06:41:45 Image size of job updated: 318908
...
006 (1753384.000.000) 11/14 07:06:48 Image size of job updated: 319408
...
006 (1753384.000.000) 11/14 07:21:48 Image size of job updated: 319444
...
004 (1753384.000.000) 11/14 07:36:21 Job was evicted.
	(0) Job was not checkpointed.
		Usr 0 00:39:50, Sys 0 00:00:17  -  Run Remote Usage
		Usr 0 00:00:00, Sys 0 00:00:00  -  Run Local Usage
	0  -  Run Bytes Sent By Job
	0  -  Run Bytes Received By Job
...
001 (1753384.000.000) 11/14 07:38:22 Job executing on host: <130.199.180.137:54007>
...
005 (1753384.000.000) 11/14 08:00:29 Job terminated.
	(1) Normal termination (return value 0)
		Usr 0 00:19:44, Sys 0 00:00:07  -  Run Remote Usage
		Usr 0 00:00:00, Sys 0 00:00:00  -  Run Local Usage
		Usr 0 00:19:44, Sys 0 00:00:07  -  Total Remote Usage
		Usr 0 00:00:00, Sys 0 00:00:00  -  Total Local Usage
	0  -  Run Bytes Sent By Job
	0  -  Run Bytes Received By Job
	0  -  Total Bytes Sent By Job
	0  -  Total Bytes Received By Job
...
000 (1798181.000.000) 11/18 15:19:54 Job submitted from host: <130.199.206.69:49450>
...
001 (1798181.000.000) 11/18 15:28:13 Job executing on host: <130.199.183.2:51731>
...
006 (1798181.000.000) 11/18 15:28:22 Image size of job updated: 8824
...
006 (1798181.000.000) 11/18 15:33:23 Image size of job updated: 191680
...
006 (1798181.000.000) 11/18 15:38:24 Image size of job updated: 192836
...
006 (1798181.000.000) 11/18 15:43:25 Image size of job updated: 193680
...
006 (1798181.000.000) 11/18 15:48:26 Image size of job updated: 283096
...
006 (1798181.000.000) 11/18 15:53:27 Image size of job updated: 285044
...
006 (1798181.000.000) 11/18 15:58:28 Image size of job updated: 285952
...
006 (1798181.000.000) 11/18 16:03:29 Image size of job updated: 286240
...
006 (1798181.000.000) 11/18 16:08:30 Image size of job updated: 286452
...
006 (1798181.000.000) 11/18 16:18:32 Image size of job updated: 291348
...
006 (1798181.000.000) 11/18 16:23:33 Image size of job updated: 292540
...
006 (1798181.000.000) 11/18 16:28:34 Image size of job updated: 293492
...
006 (1798181.000.000) 11/18 16:33:35 Image size of job updated: 293892
...
006 (1798181.000.000) 11/18 16:38:36 Image size of job updated: 294212
...
006 (1798181.000.000) 11/18 16:43:37 Image size of job updated: 294392
...
006 (1798181.000.000) 11/18 17:38:48 Image size of job updated: 294620
...
006 (1798181.000.000) 11/18 17:43:49 Image size of job updated: 295476
...
004 (1798181.000.000) 11/18 20:28:16 Job was evicted.
	(0) Job was not checkpointed.
		Usr 0 01:56:45, Sys 0 00:00:47  -  Run Remote Usage
		Usr 0 00:00:00, Sys 0 00:00:00  -  Run Local Usage
	0  -  Run Bytes Sent By Job
	0  -  Run Bytes Received By Job
...
009 (1798181.000.000) 11/18 20:29:16 Job was aborted by the user.
	The job attribute PeriodicRemove expression '(NumJobStarts >= 1 && JobStatus == 1) || (JobStatus == 2 && (CurrentTime - JobCurrentStartDate > (54000)) && ((RemoteUserCpu + RemoteSysCpu) / (CurrentTime - JobCurrentStartDate) < 0.100000)) || (((CurrentTime - EnteredCurrentStatus) > (2 * 24 * 3600)) && JobStatus == 5) || (JobRunCount >= 1 && JobStatus == 1)' evaluated to TRUE
...
000 (1804703.000.000) 11/21 22:32:12 Job submitted from host: <130.199.206.69:49450>
...
001 (1804703.000.000) 11/21 23:51:11 Job executing on host: <130.199.207.48:40244>
...
006 (1804703.000.000) 11/21 23:51:19 Image size of job updated: 142628
...
006 (1804703.000.000) 11/21 23:56:19 Image size of job updated: 284292
...
006 (1804703.000.000) 11/22 00:01:19 Image size of job updated: 286396
...
006 (1804703.000.000) 11/22 00:06:19 Image size of job updated: 286824
...
006 (1804703.000.000) 11/22 00:16:19 Image size of job updated: 288984
...
006 (1804703.000.000) 11/22 00:21:19 Image size of job updated: 292680
...
006 (1804703.000.000) 11/22 00:26:19 Image size of job updated: 293100
...
006 (1804703.000.000) 11/22 00:31:19 Image size of job updated: 293764
...
006 (1804703.000.000) 11/22 00:36:19 Image size of job updated: 294628
...
006 (1804703.000.000) 11/22 00:51:19 Image size of job updated: 316832
...
006 (1804703.000.000) 11/22 00:56:19 Image size of job updated: 331168
...
006 (1804703.000.000) 11/22 01:01:19 Image size of job updated: 338336
...
006 (1804703.000.000) 11/22 01:11:19 Image size of job updated: 340384
...
006 (1804703.000.000) 11/22 01:26:20 Image size of job updated: 341204
...
006 (1804703.000.000) 11/22 01:36:22 Image size of job updated: 344280
...
006 (1804703.000.000) 11/22 01:41:23 Image size of job updated: 346328
...
006 (1804703.000.000) 11/22 01:56:26 Image size of job updated: 347352
...
005 (1804703.000.000) 11/22 02:01:53 Job terminated.
	(1) Normal termination (return value 0)
		Usr 0 01:58:18, Sys 0 00:00:45  -  Run Remote Usage
		Usr 0 00:00:00, Sys 0 00:00:00  -  Run Local Usage
		Usr 0 01:58:18, Sys 0 00:00:45  -  Total Remote Usage
		Usr 0 00:00:00, Sys 0 00:00:00  -  Total Local Usage
	0  -  Run Bytes Sent By Job
	0  -  Run Bytes Received By Job
	0  -  Total Bytes Sent By Job
	0  -  Total Bytes Received By Job
...
