000 (1754856.000.000) 11/14 02:19:12 Job submitted from host: <130.199.206.69:49450>
...
001 (1754856.000.000) 11/14 13:08:10 Job executing on host: <130.199.183.17:52518>
...
006 (1754856.000.000) 11/14 13:08:19 Image size of job updated: 175600
...
006 (1754856.000.000) 11/14 13:13:20 Image size of job updated: 286516
...
006 (1754856.000.000) 11/14 13:18:21 Image size of job updated: 286624
...
006 (1754856.000.000) 11/14 13:23:22 Image size of job updated: 287440
...
006 (1754856.000.000) 11/14 13:33:24 Image size of job updated: 288272
...
006 (1754856.000.000) 11/14 13:38:25 Image size of job updated: 288996
...
006 (1754856.000.000) 11/14 13:53:28 Image size of job updated: 291124
...
006 (1754856.000.000) 11/14 13:58:29 Image size of job updated: 292144
...
006 (1754856.000.000) 11/14 14:08:31 Image size of job updated: 292948
...
006 (1754856.000.000) 11/14 14:28:31 Image size of job updated: 293176
...
006 (1754856.000.000) 11/14 14:38:31 Image size of job updated: 293344
...
006 (1754856.000.000) 11/14 14:48:31 Image size of job updated: 293504
...
006 (1754856.000.000) 11/14 14:53:31 Image size of job updated: 294516
...
006 (1754856.000.000) 11/14 14:58:31 Image size of job updated: 294880
...
006 (1754856.000.000) 11/14 15:13:31 Image size of job updated: 294940
...
006 (1754856.000.000) 11/14 15:28:31 Image size of job updated: 295352
...
006 (1754856.000.000) 11/14 15:33:31 Image size of job updated: 296488
...
005 (1754856.000.000) 11/14 16:06:29 Job terminated.
	(1) Normal termination (return value 0)
		Usr 0 02:40:22, Sys 0 00:00:59  -  Run Remote Usage
		Usr 0 00:00:00, Sys 0 00:00:00  -  Run Local Usage
		Usr 0 02:40:22, Sys 0 00:00:59  -  Total Remote Usage
		Usr 0 00:00:00, Sys 0 00:00:00  -  Total Local Usage
	0  -  Run Bytes Sent By Job
	0  -  Run Bytes Received By Job
	0  -  Total Bytes Sent By Job
	0  -  Total Bytes Received By Job
...
