000 (1754442.000.000) 11/14 02:18:20 Job submitted from host: <130.199.206.69:49450>
...
001 (1754442.000.000) 11/14 07:49:27 Job executing on host: <130.199.183.30:49801>
...
006 (1754442.000.000) 11/14 07:54:37 Image size of job updated: 283752
...
006 (1754442.000.000) 11/14 07:59:38 Image size of job updated: 285828
...
006 (1754442.000.000) 11/14 08:04:39 Image size of job updated: 286460
...
006 (1754442.000.000) 11/14 08:09:40 Image size of job updated: 286852
...
006 (1754442.000.000) 11/14 08:14:41 Image size of job updated: 288176
...
006 (1754442.000.000) 11/14 08:19:42 Image size of job updated: 288280
...
006 (1754442.000.000) 11/14 08:24:43 Image size of job updated: 289012
...
006 (1754442.000.000) 11/14 08:29:44 Image size of job updated: 291128
...
006 (1754442.000.000) 11/14 08:34:45 Image size of job updated: 291132
...
006 (1754442.000.000) 11/14 08:39:46 Image size of job updated: 292728
...
006 (1754442.000.000) 11/14 08:44:47 Image size of job updated: 293116
...
006 (1754442.000.000) 11/14 08:49:48 Image size of job updated: 293284
...
006 (1754442.000.000) 11/14 08:54:49 Image size of job updated: 293948
...
006 (1754442.000.000) 11/14 08:59:50 Image size of job updated: 294276
...
006 (1754442.000.000) 11/14 09:09:52 Image size of job updated: 294472
...
006 (1754442.000.000) 11/14 09:50:00 Image size of job updated: 294540
...
006 (1754442.000.000) 11/14 09:55:01 Image size of job updated: 295524
...
006 (1754442.000.000) 11/14 10:45:11 Image size of job updated: 296020
...
006 (1754442.000.000) 11/14 10:50:12 Image size of job updated: 296452
...
006 (1754442.000.000) 11/14 11:25:19 Image size of job updated: 296500
...
006 (1754442.000.000) 11/14 11:50:24 Image size of job updated: 296644
...
006 (1754442.000.000) 11/14 11:55:25 Image size of job updated: 296652
...
005 (1754442.000.000) 11/14 12:08:31 Job terminated.
	(1) Normal termination (return value 0)
		Usr 0 03:57:15, Sys 0 00:01:50  -  Run Remote Usage
		Usr 0 00:00:00, Sys 0 00:00:00  -  Run Local Usage
		Usr 0 03:57:15, Sys 0 00:01:50  -  Total Remote Usage
		Usr 0 00:00:00, Sys 0 00:00:00  -  Total Local Usage
	0  -  Run Bytes Sent By Job
	0  -  Run Bytes Received By Job
	0  -  Total Bytes Sent By Job
	0  -  Total Bytes Received By Job
...
