000 (1754857.000.000) 11/14 02:19:12 Job submitted from host: <130.199.206.69:49450>
...
001 (1754857.000.000) 11/14 13:08:13 Job executing on host: <130.199.206.185:55507>
...
006 (1754857.000.000) 11/14 13:08:21 Image size of job updated: 148160
...
006 (1754857.000.000) 11/14 13:13:21 Image size of job updated: 284232
...
006 (1754857.000.000) 11/14 13:18:21 Image size of job updated: 288016
...
006 (1754857.000.000) 11/14 13:23:21 Image size of job updated: 289712
...
006 (1754857.000.000) 11/14 13:28:21 Image size of job updated: 290240
...
006 (1754857.000.000) 11/14 13:33:21 Image size of job updated: 294776
...
006 (1754857.000.000) 11/14 13:38:21 Image size of job updated: 295720
...
006 (1754857.000.000) 11/14 13:43:21 Image size of job updated: 296340
...
006 (1754857.000.000) 11/14 13:58:21 Image size of job updated: 296416
...
006 (1754857.000.000) 11/14 14:03:21 Image size of job updated: 297068
...
006 (1754857.000.000) 11/14 14:13:21 Image size of job updated: 297300
...
006 (1754857.000.000) 11/14 14:18:21 Image size of job updated: 298196
...
006 (1754857.000.000) 11/14 14:23:21 Image size of job updated: 298296
...
005 (1754857.000.000) 11/14 14:26:46 Job terminated.
	(1) Normal termination (return value 0)
		Usr 0 01:11:10, Sys 0 00:00:14  -  Run Remote Usage
		Usr 0 00:00:00, Sys 0 00:00:00  -  Run Local Usage
		Usr 0 01:11:10, Sys 0 00:00:14  -  Total Remote Usage
		Usr 0 00:00:00, Sys 0 00:00:00  -  Total Local Usage
	0  -  Run Bytes Sent By Job
	0  -  Run Bytes Received By Job
	0  -  Total Bytes Sent By Job
	0  -  Total Bytes Received By Job
...
