000 (1754917.000.000) 11/14 02:19:27 Job submitted from host: <130.199.206.69:49450>
...
001 (1754917.000.000) 11/15 13:01:56 Job executing on host: <130.199.180.167:33733>
...
006 (1754917.000.000) 11/15 13:07:04 Image size of job updated: 285976
...
006 (1754917.000.000) 11/15 13:12:04 Image size of job updated: 290252
...
006 (1754917.000.000) 11/15 13:22:04 Image size of job updated: 292324
...
006 (1754917.000.000) 11/15 13:27:04 Image size of job updated: 292976
...
006 (1754917.000.000) 11/15 13:42:04 Image size of job updated: 294464
...
006 (1754917.000.000) 11/15 13:52:04 Image size of job updated: 296388
...
006 (1754917.000.000) 11/15 13:57:04 Image size of job updated: 296592
...
006 (1754917.000.000) 11/15 14:07:04 Image size of job updated: 300120
...
005 (1754917.000.000) 11/15 14:11:28 Job terminated.
	(1) Normal termination (return value 0)
		Usr 0 01:01:42, Sys 0 00:00:38  -  Run Remote Usage
		Usr 0 00:00:00, Sys 0 00:00:00  -  Run Local Usage
		Usr 0 01:01:42, Sys 0 00:00:38  -  Total Remote Usage
		Usr 0 00:00:00, Sys 0 00:00:00  -  Total Local Usage
	0  -  Run Bytes Sent By Job
	0  -  Run Bytes Received By Job
	0  -  Total Bytes Sent By Job
	0  -  Total Bytes Received By Job
...
