000 (1754042.000.000) 11/14 02:17:22 Job submitted from host: <130.199.206.69:49450>
...
001 (1754042.000.000) 11/14 04:30:19 Job executing on host: <130.199.206.217:57621>
...
006 (1754042.000.000) 11/14 04:35:29 Image size of job updated: 283740
...
006 (1754042.000.000) 11/14 04:40:30 Image size of job updated: 284808
...
006 (1754042.000.000) 11/14 04:45:31 Image size of job updated: 287784
...
006 (1754042.000.000) 11/14 04:50:32 Image size of job updated: 289660
...
006 (1754042.000.000) 11/14 04:55:33 Image size of job updated: 293880
...
006 (1754042.000.000) 11/14 05:00:34 Image size of job updated: 293884
...
006 (1754042.000.000) 11/14 05:05:35 Image size of job updated: 294224
...
006 (1754042.000.000) 11/14 05:15:37 Image size of job updated: 294524
...
006 (1754042.000.000) 11/14 05:20:38 Image size of job updated: 295968
...
006 (1754042.000.000) 11/14 05:30:40 Image size of job updated: 296112
...
006 (1754042.000.000) 11/14 05:45:43 Image size of job updated: 296164
...
006 (1754042.000.000) 11/14 05:50:44 Image size of job updated: 296264
...
006 (1754042.000.000) 11/14 05:55:45 Image size of job updated: 296440
...
005 (1754042.000.000) 11/14 05:59:36 Job terminated.
	(1) Normal termination (return value 0)
		Usr 0 01:14:46, Sys 0 00:00:17  -  Run Remote Usage
		Usr 0 00:00:00, Sys 0 00:00:00  -  Run Local Usage
		Usr 0 01:14:46, Sys 0 00:00:17  -  Total Remote Usage
		Usr 0 00:00:00, Sys 0 00:00:00  -  Total Local Usage
	0  -  Run Bytes Sent By Job
	0  -  Run Bytes Received By Job
	0  -  Total Bytes Sent By Job
	0  -  Total Bytes Received By Job
...
