000 (1753917.000.000) 11/14 02:17:04 Job submitted from host: <130.199.206.69:49450>
...
001 (1753917.000.000) 11/14 07:12:18 Job executing on host: <130.199.180.146:38869>
...
006 (1753917.000.000) 11/14 07:17:26 Image size of job updated: 281832
...
006 (1753917.000.000) 11/14 07:22:26 Image size of job updated: 284572
...
006 (1753917.000.000) 11/14 07:27:26 Image size of job updated: 284668
...
006 (1753917.000.000) 11/14 07:47:26 Image size of job updated: 285988
...
006 (1753917.000.000) 11/14 07:52:26 Image size of job updated: 286196
...
006 (1753917.000.000) 11/14 07:57:26 Image size of job updated: 286932
...
006 (1753917.000.000) 11/14 08:02:26 Image size of job updated: 289736
...
006 (1753917.000.000) 11/14 08:12:26 Image size of job updated: 290840
...
006 (1753917.000.000) 11/14 08:17:26 Image size of job updated: 291008
...
006 (1753917.000.000) 11/14 08:22:26 Image size of job updated: 292204
...
006 (1753917.000.000) 11/14 08:37:26 Image size of job updated: 292744
...
006 (1753917.000.000) 11/14 08:47:26 Image size of job updated: 293348
...
006 (1753917.000.000) 11/14 08:52:26 Image size of job updated: 293404
...
006 (1753917.000.000) 11/14 09:02:26 Image size of job updated: 293620
...
006 (1753917.000.000) 11/14 09:22:26 Image size of job updated: 293936
...
006 (1753917.000.000) 11/14 09:27:26 Image size of job updated: 294152
...
006 (1753917.000.000) 11/14 09:32:26 Image size of job updated: 294372
...
006 (1753917.000.000) 11/14 09:42:26 Image size of job updated: 294604
...
006 (1753917.000.000) 11/14 10:02:26 Image size of job updated: 295584
...
006 (1753917.000.000) 11/14 10:07:26 Image size of job updated: 295640
...
006 (1753917.000.000) 11/14 10:27:45 Image size of job updated: 295652
...
006 (1753917.000.000) 11/14 10:32:26 Image size of job updated: 295736
...
006 (1753917.000.000) 11/14 10:37:27 Image size of job updated: 296256
...
006 (1753917.000.000) 11/14 10:52:30 Image size of job updated: 296312
...
005 (1753917.000.000) 11/14 10:59:26 Job terminated.
	(1) Normal termination (return value 0)
		Usr 0 03:28:04, Sys 0 00:01:46  -  Run Remote Usage
		Usr 0 00:00:00, Sys 0 00:00:00  -  Run Local Usage
		Usr 0 03:28:04, Sys 0 00:01:46  -  Total Remote Usage
		Usr 0 00:00:00, Sys 0 00:00:00  -  Total Local Usage
	0  -  Run Bytes Sent By Job
	0  -  Run Bytes Received By Job
	0  -  Total Bytes Sent By Job
	0  -  Total Bytes Received By Job
...
