000 (1754521.000.000) 11/14 02:18:34 Job submitted from host: <130.199.206.69:49450>
...
001 (1754521.000.000) 11/14 05:28:22 Job executing on host: <130.199.180.176:34913>
...
006 (1754521.000.000) 11/14 05:28:30 Image size of job updated: 274468
...
006 (1754521.000.000) 11/14 05:33:30 Image size of job updated: 284216
...
006 (1754521.000.000) 11/14 05:38:30 Image size of job updated: 284696
...
006 (1754521.000.000) 11/14 05:43:30 Image size of job updated: 285980
...
006 (1754521.000.000) 11/14 05:53:30 Image size of job updated: 286712
...
006 (1754521.000.000) 11/14 05:58:30 Image size of job updated: 292428
...
006 (1754521.000.000) 11/14 06:03:30 Image size of job updated: 295732
...
006 (1754521.000.000) 11/14 06:08:30 Image size of job updated: 295912
...
006 (1754521.000.000) 11/14 06:13:31 Image size of job updated: 296344
...
006 (1754521.000.000) 11/14 06:18:32 Image size of job updated: 297376
...
006 (1754521.000.000) 11/14 06:23:33 Image size of job updated: 298160
...
006 (1754521.000.000) 11/14 06:28:34 Image size of job updated: 298352
...
005 (1754521.000.000) 11/14 06:35:54 Job terminated.
	(1) Normal termination (return value 0)
		Usr 0 01:02:35, Sys 0 00:00:29  -  Run Remote Usage
		Usr 0 00:00:00, Sys 0 00:00:00  -  Run Local Usage
		Usr 0 01:02:35, Sys 0 00:00:29  -  Total Remote Usage
		Usr 0 00:00:00, Sys 0 00:00:00  -  Total Local Usage
	0  -  Run Bytes Sent By Job
	0  -  Run Bytes Received By Job
	0  -  Total Bytes Sent By Job
	0  -  Total Bytes Received By Job
...
