000 (1754652.000.000) 11/14 02:18:46 Job submitted from host: <130.199.206.69:49450>
...
001 (1754652.000.000) 11/14 05:47:46 Job executing on host: <130.199.183.17:52518>
...
006 (1754652.000.000) 11/14 05:47:54 Image size of job updated: 207816
...
006 (1754652.000.000) 11/14 05:52:54 Image size of job updated: 283912
...
006 (1754652.000.000) 11/14 05:57:54 Image size of job updated: 285244
...
006 (1754652.000.000) 11/14 06:02:54 Image size of job updated: 285324
...
006 (1754652.000.000) 11/14 06:07:55 Image size of job updated: 286804
...
006 (1754652.000.000) 11/14 06:12:56 Image size of job updated: 287924
...
006 (1754652.000.000) 11/14 06:22:58 Image size of job updated: 288012
...
006 (1754652.000.000) 11/14 06:27:59 Image size of job updated: 289756
...
006 (1754652.000.000) 11/14 06:33:00 Image size of job updated: 293248
...
006 (1754652.000.000) 11/14 06:53:04 Image size of job updated: 293260
...
006 (1754652.000.000) 11/14 07:13:08 Image size of job updated: 294248
...
006 (1754652.000.000) 11/14 07:23:10 Image size of job updated: 294848
...
006 (1754652.000.000) 11/14 07:28:11 Image size of job updated: 295048
...
006 (1754652.000.000) 11/14 07:38:13 Image size of job updated: 295092
...
006 (1754652.000.000) 11/14 07:43:14 Image size of job updated: 295500
...
006 (1754652.000.000) 11/14 07:48:15 Image size of job updated: 296740
...
006 (1754652.000.000) 11/14 09:03:30 Image size of job updated: 296828
...
006 (1754652.000.000) 11/14 09:18:33 Image size of job updated: 297360
...
006 (1754652.000.000) 11/14 09:28:35 Image size of job updated: 297616
...
005 (1754652.000.000) 11/14 09:31:09 Job terminated.
	(1) Normal termination (return value 0)
		Usr 0 03:25:22, Sys 0 00:01:07  -  Run Remote Usage
		Usr 0 00:00:00, Sys 0 00:00:00  -  Run Local Usage
		Usr 0 03:25:22, Sys 0 00:01:07  -  Total Remote Usage
		Usr 0 00:00:00, Sys 0 00:00:00  -  Total Local Usage
	0  -  Run Bytes Sent By Job
	0  -  Run Bytes Received By Job
	0  -  Total Bytes Sent By Job
	0  -  Total Bytes Received By Job
...
