000 (1755215.000.000) 11/14 02:19:54 Job submitted from host: <130.199.206.69:49450>
...
001 (1755215.000.000) 11/15 12:37:59 Job executing on host: <130.199.183.21:49750>
...
006 (1755215.000.000) 11/15 12:38:08 Image size of job updated: 174204
...
006 (1755215.000.000) 11/15 12:43:09 Image size of job updated: 284316
...
006 (1755215.000.000) 11/15 12:48:10 Image size of job updated: 285548
...
006 (1755215.000.000) 11/15 12:53:11 Image size of job updated: 286256
...
006 (1755215.000.000) 11/15 12:58:12 Image size of job updated: 286584
...
006 (1755215.000.000) 11/15 13:08:14 Image size of job updated: 286772
...
006 (1755215.000.000) 11/15 13:13:15 Image size of job updated: 288072
...
006 (1755215.000.000) 11/15 13:18:16 Image size of job updated: 289104
...
006 (1755215.000.000) 11/15 13:23:17 Image size of job updated: 289352
...
006 (1755215.000.000) 11/15 13:28:18 Image size of job updated: 290640
...
006 (1755215.000.000) 11/15 13:38:20 Image size of job updated: 292812
...
006 (1755215.000.000) 11/15 13:43:21 Image size of job updated: 293360
...
006 (1755215.000.000) 11/15 13:53:23 Image size of job updated: 294252
...
006 (1755215.000.000) 11/15 13:58:24 Image size of job updated: 294684
...
006 (1755215.000.000) 11/15 14:08:26 Image size of job updated: 316680
...
006 (1755215.000.000) 11/15 14:13:27 Image size of job updated: 335112
...
006 (1755215.000.000) 11/15 14:18:28 Image size of job updated: 338184
...
006 (1755215.000.000) 11/15 14:23:29 Image size of job updated: 340232
...
006 (1755215.000.000) 11/15 14:28:30 Image size of job updated: 341256
...
006 (1755215.000.000) 11/15 14:33:31 Image size of job updated: 342280
...
006 (1755215.000.000) 11/15 14:38:32 Image size of job updated: 342664
...
006 (1755215.000.000) 11/15 14:43:33 Image size of job updated: 343688
...
006 (1755215.000.000) 11/15 14:48:34 Image size of job updated: 344712
...
006 (1755215.000.000) 11/15 14:53:35 Image size of job updated: 345308
...
006 (1755215.000.000) 11/15 16:13:47 Image size of job updated: 345736
...
006 (1755215.000.000) 11/15 16:48:54 Image size of job updated: 346760
...
005 (1755215.000.000) 11/15 16:56:15 Job terminated.
	(1) Normal termination (return value 0)
		Usr 0 02:38:24, Sys 0 00:01:41  -  Run Remote Usage
		Usr 0 00:00:00, Sys 0 00:00:00  -  Run Local Usage
		Usr 0 02:38:24, Sys 0 00:01:41  -  Total Remote Usage
		Usr 0 00:00:00, Sys 0 00:00:00  -  Total Local Usage
	0  -  Run Bytes Sent By Job
	0  -  Run Bytes Received By Job
	0  -  Total Bytes Sent By Job
	0  -  Total Bytes Received By Job
...
