000 (1754558.000.000) 11/14 02:18:34 Job submitted from host: <130.199.206.69:49450>
...
001 (1754558.000.000) 11/14 05:21:05 Job executing on host: <130.199.206.227:42501>
...
006 (1754558.000.000) 11/14 05:21:14 Image size of job updated: 158148
...
006 (1754558.000.000) 11/14 05:26:15 Image size of job updated: 284960
...
006 (1754558.000.000) 11/14 05:31:16 Image size of job updated: 286728
...
006 (1754558.000.000) 11/14 05:41:18 Image size of job updated: 287724
...
006 (1754558.000.000) 11/14 05:46:18 Image size of job updated: 290756
...
006 (1754558.000.000) 11/14 05:51:18 Image size of job updated: 301608
...
005 (1754558.000.000) 11/14 05:52:05 Job terminated.
	(1) Normal termination (return value 0)
		Usr 0 00:28:08, Sys 0 00:00:05  -  Run Remote Usage
		Usr 0 00:00:00, Sys 0 00:00:00  -  Run Local Usage
		Usr 0 00:28:08, Sys 0 00:00:05  -  Total Remote Usage
		Usr 0 00:00:00, Sys 0 00:00:00  -  Total Local Usage
	0  -  Run Bytes Sent By Job
	0  -  Run Bytes Received By Job
	0  -  Total Bytes Sent By Job
	0  -  Total Bytes Received By Job
...
