000 (1753477.000.000) 11/14 02:15:48 Job submitted from host: <130.199.206.69:49450>
...
001 (1753477.000.000) 11/14 05:05:33 Job executing on host: <130.199.183.19:35289>
...
006 (1753477.000.000) 11/14 05:05:42 Image size of job updated: 148188
...
006 (1753477.000.000) 11/14 05:10:43 Image size of job updated: 285908
...
006 (1753477.000.000) 11/14 05:15:44 Image size of job updated: 287024
...
006 (1753477.000.000) 11/14 05:25:46 Image size of job updated: 287564
...
006 (1753477.000.000) 11/14 05:30:47 Image size of job updated: 287700
...
006 (1753477.000.000) 11/14 05:35:48 Image size of job updated: 287952
...
006 (1753477.000.000) 11/14 05:40:49 Image size of job updated: 288432
...
006 (1753477.000.000) 11/14 05:45:50 Image size of job updated: 290388
...
006 (1753477.000.000) 11/14 05:50:51 Image size of job updated: 291220
...
006 (1753477.000.000) 11/14 06:05:54 Image size of job updated: 291920
...
006 (1753477.000.000) 11/14 06:10:55 Image size of job updated: 313428
...
006 (1753477.000.000) 11/14 06:15:56 Image size of job updated: 319572
...
006 (1753477.000.000) 11/14 06:20:57 Image size of job updated: 328788
...
006 (1753477.000.000) 11/14 06:25:58 Image size of job updated: 334932
...
006 (1753477.000.000) 11/14 06:30:59 Image size of job updated: 335956
...
006 (1753477.000.000) 11/14 06:41:01 Image size of job updated: 336980
...
006 (1753477.000.000) 11/14 06:51:03 Image size of job updated: 341076
...
006 (1753477.000.000) 11/14 07:06:06 Image size of job updated: 344148
...
006 (1753477.000.000) 11/14 08:41:25 Image size of job updated: 344360
...
006 (1753477.000.000) 11/14 08:56:28 Image size of job updated: 345384
...
005 (1753477.000.000) 11/14 09:36:22 Job terminated.
	(1) Normal termination (return value 0)
		Usr 0 04:04:54, Sys 0 00:01:22  -  Run Remote Usage
		Usr 0 00:00:00, Sys 0 00:00:00  -  Run Local Usage
		Usr 0 04:04:54, Sys 0 00:01:22  -  Total Remote Usage
		Usr 0 00:00:00, Sys 0 00:00:00  -  Total Local Usage
	0  -  Run Bytes Sent By Job
	0  -  Run Bytes Received By Job
	0  -  Total Bytes Sent By Job
	0  -  Total Bytes Received By Job
...
