000 (1755265.000.000) 11/14 02:19:54 Job submitted from host: <130.199.206.69:49450>
...
001 (1755265.000.000) 11/15 20:51:21 Job executing on host: <130.199.183.11:60300>
...
006 (1755265.000.000) 11/15 20:51:29 Image size of job updated: 189592
...
006 (1755265.000.000) 11/15 20:56:29 Image size of job updated: 284204
...
006 (1755265.000.000) 11/15 21:01:29 Image size of job updated: 285880
...
006 (1755265.000.000) 11/15 21:06:29 Image size of job updated: 286716
...
006 (1755265.000.000) 11/15 21:11:29 Image size of job updated: 286880
...
006 (1755265.000.000) 11/15 21:16:29 Image size of job updated: 287568
...
006 (1755265.000.000) 11/15 21:21:29 Image size of job updated: 288468
...
006 (1755265.000.000) 11/15 21:26:29 Image size of job updated: 291016
...
006 (1755265.000.000) 11/15 21:31:29 Image size of job updated: 291372
...
006 (1755265.000.000) 11/15 21:36:29 Image size of job updated: 291888
...
006 (1755265.000.000) 11/15 21:41:29 Image size of job updated: 319880
...
006 (1755265.000.000) 11/15 21:46:29 Image size of job updated: 333192
...
006 (1755265.000.000) 11/15 21:51:30 Image size of job updated: 335240
...
006 (1755265.000.000) 11/15 21:56:31 Image size of job updated: 337288
...
006 (1755265.000.000) 11/15 22:16:35 Image size of job updated: 338312
...
006 (1755265.000.000) 11/15 22:26:37 Image size of job updated: 338540
...
006 (1755265.000.000) 11/15 22:31:38 Image size of job updated: 339564
...
006 (1755265.000.000) 11/15 22:36:39 Image size of job updated: 340588
...
006 (1755265.000.000) 11/15 22:41:40 Image size of job updated: 341612
...
006 (1755265.000.000) 11/15 22:46:41 Image size of job updated: 342636
...
006 (1755265.000.000) 11/15 23:11:46 Image size of job updated: 344692
...
005 (1755265.000.000) 11/15 23:14:31 Job terminated.
	(1) Normal termination (return value 0)
		Usr 0 02:08:56, Sys 0 00:00:55  -  Run Remote Usage
		Usr 0 00:00:00, Sys 0 00:00:00  -  Run Local Usage
		Usr 0 02:08:56, Sys 0 00:00:55  -  Total Remote Usage
		Usr 0 00:00:00, Sys 0 00:00:00  -  Total Local Usage
	0  -  Run Bytes Sent By Job
	0  -  Run Bytes Received By Job
	0  -  Total Bytes Sent By Job
	0  -  Total Bytes Received By Job
...
