000 (1754584.000.000) 11/14 02:18:46 Job submitted from host: <130.199.206.69:49450>
...
001 (1754584.000.000) 11/14 05:32:44 Job executing on host: <130.199.180.140:49307>
...
006 (1754584.000.000) 11/14 05:32:53 Image size of job updated: 186392
...
006 (1754584.000.000) 11/14 05:37:54 Image size of job updated: 283448
...
006 (1754584.000.000) 11/14 05:42:55 Image size of job updated: 284956
...
006 (1754584.000.000) 11/14 05:47:56 Image size of job updated: 309512
...
006 (1754584.000.000) 11/14 05:52:57 Image size of job updated: 322824
...
006 (1754584.000.000) 11/14 05:57:58 Image size of job updated: 323848
...
006 (1754584.000.000) 11/14 06:08:00 Image size of job updated: 335336
...
006 (1754584.000.000) 11/14 06:13:01 Image size of job updated: 339432
...
006 (1754584.000.000) 11/14 06:18:02 Image size of job updated: 340456
...
006 (1754584.000.000) 11/14 06:28:04 Image size of job updated: 341480
...
006 (1754584.000.000) 11/14 06:33:05 Image size of job updated: 342504
...
006 (1754584.000.000) 11/14 06:38:06 Image size of job updated: 343528
...
005 (1754584.000.000) 11/14 07:00:46 Job terminated.
	(1) Normal termination (return value 0)
		Usr 0 01:21:33, Sys 0 00:00:45  -  Run Remote Usage
		Usr 0 00:00:00, Sys 0 00:00:00  -  Run Local Usage
		Usr 0 01:21:33, Sys 0 00:00:45  -  Total Remote Usage
		Usr 0 00:00:00, Sys 0 00:00:00  -  Total Local Usage
	0  -  Run Bytes Sent By Job
	0  -  Run Bytes Received By Job
	0  -  Total Bytes Sent By Job
	0  -  Total Bytes Received By Job
...
