000 (1754479.000.000) 11/14 02:18:34 Job submitted from host: <130.199.206.69:49450>
...
001 (1754479.000.000) 11/14 05:26:34 Job executing on host: <130.199.180.166:41628>
...
006 (1754479.000.000) 11/14 05:31:42 Image size of job updated: 281744
...
006 (1754479.000.000) 11/14 05:36:42 Image size of job updated: 283336
...
006 (1754479.000.000) 11/14 05:41:42 Image size of job updated: 284476
...
006 (1754479.000.000) 11/14 05:51:42 Image size of job updated: 284660
...
006 (1754479.000.000) 11/14 05:56:42 Image size of job updated: 285212
...
006 (1754479.000.000) 11/14 06:01:42 Image size of job updated: 285288
...
006 (1754479.000.000) 11/14 06:06:42 Image size of job updated: 286160
...
006 (1754479.000.000) 11/14 06:21:42 Image size of job updated: 287144
...
006 (1754479.000.000) 11/14 06:26:42 Image size of job updated: 288812
...
006 (1754479.000.000) 11/14 06:36:42 Image size of job updated: 332464
...
005 (1754479.000.000) 11/14 06:40:12 Job terminated.
	(1) Normal termination (return value 0)
		Usr 0 00:55:06, Sys 0 00:00:25  -  Run Remote Usage
		Usr 0 00:00:00, Sys 0 00:00:00  -  Run Local Usage
		Usr 0 00:55:06, Sys 0 00:00:25  -  Total Remote Usage
		Usr 0 00:00:00, Sys 0 00:00:00  -  Total Local Usage
	0  -  Run Bytes Sent By Job
	0  -  Run Bytes Received By Job
	0  -  Total Bytes Sent By Job
	0  -  Total Bytes Received By Job
...
