000 (1754462.000.000) 11/14 02:18:20 Job submitted from host: <130.199.206.69:49450>
...
001 (1754462.000.000) 11/14 05:25:14 Job executing on host: <130.199.180.155:36902>
...
006 (1754462.000.000) 11/14 05:25:23 Image size of job updated: 232064
...
006 (1754462.000.000) 11/14 05:30:24 Image size of job updated: 281100
...
006 (1754462.000.000) 11/14 05:35:25 Image size of job updated: 283760
...
006 (1754462.000.000) 11/14 05:40:26 Image size of job updated: 289108
...
006 (1754462.000.000) 11/14 05:45:27 Image size of job updated: 290300
...
006 (1754462.000.000) 11/14 05:50:28 Image size of job updated: 290760
...
006 (1754462.000.000) 11/14 05:55:29 Image size of job updated: 291248
...
006 (1754462.000.000) 11/14 06:00:30 Image size of job updated: 291552
...
006 (1754462.000.000) 11/14 06:05:31 Image size of job updated: 291892
...
006 (1754462.000.000) 11/14 06:10:32 Image size of job updated: 292760
...
006 (1754462.000.000) 11/14 06:15:33 Image size of job updated: 293344
...
006 (1754462.000.000) 11/14 06:20:34 Image size of job updated: 293712
...
005 (1754462.000.000) 11/14 06:20:47 Job terminated.
	(1) Normal termination (return value 0)
		Usr 0 00:51:06, Sys 0 00:00:26  -  Run Remote Usage
		Usr 0 00:00:00, Sys 0 00:00:00  -  Run Local Usage
		Usr 0 00:51:06, Sys 0 00:00:26  -  Total Remote Usage
		Usr 0 00:00:00, Sys 0 00:00:00  -  Total Local Usage
	0  -  Run Bytes Sent By Job
	0  -  Run Bytes Received By Job
	0  -  Total Bytes Sent By Job
	0  -  Total Bytes Received By Job
...
