000 (1755096.000.000) 11/14 02:19:46 Job submitted from host: <130.199.206.69:49450>
...
001 (1755096.000.000) 11/15 18:31:06 Job executing on host: <130.199.206.221:42854>
...
006 (1755096.000.000) 11/15 18:31:14 Image size of job updated: 191664
...
006 (1755096.000.000) 11/15 18:36:14 Image size of job updated: 280828
...
006 (1755096.000.000) 11/15 18:41:14 Image size of job updated: 288716
...
006 (1755096.000.000) 11/15 18:46:14 Image size of job updated: 290808
...
006 (1755096.000.000) 11/15 18:51:14 Image size of job updated: 291824
...
006 (1755096.000.000) 11/15 18:56:14 Image size of job updated: 295464
...
006 (1755096.000.000) 11/15 19:01:15 Image size of job updated: 296448
...
006 (1755096.000.000) 11/15 19:16:18 Image size of job updated: 296624
...
006 (1755096.000.000) 11/15 19:21:19 Image size of job updated: 296944
...
006 (1755096.000.000) 11/15 19:36:22 Image size of job updated: 297484
...
006 (1755096.000.000) 11/15 20:01:27 Image size of job updated: 297712
...
006 (1755096.000.000) 11/15 20:06:28 Image size of job updated: 298204
...
006 (1755096.000.000) 11/15 20:11:29 Image size of job updated: 298848
...
006 (1755096.000.000) 11/15 20:26:32 Image size of job updated: 298924
...
005 (1755096.000.000) 11/15 20:36:33 Job terminated.
	(1) Normal termination (return value 0)
		Usr 0 01:47:12, Sys 0 00:00:27  -  Run Remote Usage
		Usr 0 00:00:00, Sys 0 00:00:00  -  Run Local Usage
		Usr 0 01:47:12, Sys 0 00:00:27  -  Total Remote Usage
		Usr 0 00:00:00, Sys 0 00:00:00  -  Total Local Usage
	0  -  Run Bytes Sent By Job
	0  -  Run Bytes Received By Job
	0  -  Total Bytes Sent By Job
	0  -  Total Bytes Received By Job
...
