000 (1754790.000.000) 11/14 02:19:12 Job submitted from host: <130.199.206.69:49450>
...
001 (1754790.000.000) 11/14 08:56:30 Job executing on host: <130.199.180.146:38869>
...
006 (1754790.000.000) 11/14 09:01:40 Image size of job updated: 281924
...
006 (1754790.000.000) 11/14 09:06:41 Image size of job updated: 283628
...
006 (1754790.000.000) 11/14 09:16:43 Image size of job updated: 284296
...
006 (1754790.000.000) 11/14 09:21:44 Image size of job updated: 285124
...
006 (1754790.000.000) 11/14 09:26:45 Image size of job updated: 285564
...
006 (1754790.000.000) 11/14 09:31:46 Image size of job updated: 286072
...
006 (1754790.000.000) 11/14 09:36:47 Image size of job updated: 286276
...
006 (1754790.000.000) 11/14 09:46:49 Image size of job updated: 288532
...
006 (1754790.000.000) 11/14 09:51:50 Image size of job updated: 289644
...
006 (1754790.000.000) 11/14 09:56:51 Image size of job updated: 297852
...
006 (1754790.000.000) 11/14 10:01:52 Image size of job updated: 298488
...
006 (1754790.000.000) 11/14 10:06:53 Image size of job updated: 299600
...
006 (1754790.000.000) 11/14 10:11:54 Image size of job updated: 299880
...
006 (1754790.000.000) 11/14 10:16:55 Image size of job updated: 300200
...
005 (1754790.000.000) 11/14 10:20:23 Job terminated.
	(1) Normal termination (return value 0)
		Usr 0 01:11:04, Sys 0 00:00:38  -  Run Remote Usage
		Usr 0 00:00:00, Sys 0 00:00:00  -  Run Local Usage
		Usr 0 01:11:04, Sys 0 00:00:38  -  Total Remote Usage
		Usr 0 00:00:00, Sys 0 00:00:00  -  Total Local Usage
	0  -  Run Bytes Sent By Job
	0  -  Run Bytes Received By Job
	0  -  Total Bytes Sent By Job
	0  -  Total Bytes Received By Job
...
