000 (1754129.000.000) 11/14 02:17:37 Job submitted from host: <130.199.206.69:49450>
...
001 (1754129.000.000) 11/14 04:38:21 Job executing on host: <130.199.206.205:42506>
...
006 (1754129.000.000) 11/14 04:43:31 Image size of job updated: 284164
...
006 (1754129.000.000) 11/14 04:48:32 Image size of job updated: 284660
...
006 (1754129.000.000) 11/14 04:53:33 Image size of job updated: 288932
...
006 (1754129.000.000) 11/14 04:58:34 Image size of job updated: 294444
...
006 (1754129.000.000) 11/14 05:03:35 Image size of job updated: 297660
...
006 (1754129.000.000) 11/14 05:08:36 Image size of job updated: 298124
...
006 (1754129.000.000) 11/14 05:13:37 Image size of job updated: 298160
...
006 (1754129.000.000) 11/14 05:18:38 Image size of job updated: 299320
...
006 (1754129.000.000) 11/14 05:28:40 Image size of job updated: 299756
...
006 (1754129.000.000) 11/14 05:38:41 Image size of job updated: 300004
...
006 (1754129.000.000) 11/14 05:43:41 Image size of job updated: 300144
...
006 (1754129.000.000) 11/14 05:48:41 Image size of job updated: 300628
...
005 (1754129.000.000) 11/14 05:54:40 Job terminated.
	(1) Normal termination (return value 0)
		Usr 0 01:07:29, Sys 0 00:00:15  -  Run Remote Usage
		Usr 0 00:00:00, Sys 0 00:00:00  -  Run Local Usage
		Usr 0 01:07:29, Sys 0 00:00:15  -  Total Remote Usage
		Usr 0 00:00:00, Sys 0 00:00:00  -  Total Local Usage
	0  -  Run Bytes Sent By Job
	0  -  Run Bytes Received By Job
	0  -  Total Bytes Sent By Job
	0  -  Total Bytes Received By Job
...
