000 (1755323.000.000) 11/14 02:20:03 Job submitted from host: <130.199.206.69:49450>
...
001 (1755323.000.000) 11/15 12:42:45 Job executing on host: <130.199.180.154:33428>
...
006 (1755323.000.000) 11/15 12:42:54 Image size of job updated: 146068
...
006 (1755323.000.000) 11/15 12:47:54 Image size of job updated: 282548
...
006 (1755323.000.000) 11/15 12:52:54 Image size of job updated: 292276
...
006 (1755323.000.000) 11/15 12:57:54 Image size of job updated: 293156
...
006 (1755323.000.000) 11/15 13:02:54 Image size of job updated: 293360
...
006 (1755323.000.000) 11/15 13:07:54 Image size of job updated: 295264
...
006 (1755323.000.000) 11/15 13:12:54 Image size of job updated: 295684
...
006 (1755323.000.000) 11/15 13:17:54 Image size of job updated: 296756
...
006 (1755323.000.000) 11/15 13:22:54 Image size of job updated: 297420
...
006 (1755323.000.000) 11/15 13:27:54 Image size of job updated: 299696
...
005 (1755323.000.000) 11/15 13:32:43 Job terminated.
	(1) Normal termination (return value 0)
		Usr 0 00:44:57, Sys 0 00:00:28  -  Run Remote Usage
		Usr 0 00:00:00, Sys 0 00:00:00  -  Run Local Usage
		Usr 0 00:44:57, Sys 0 00:00:28  -  Total Remote Usage
		Usr 0 00:00:00, Sys 0 00:00:00  -  Total Local Usage
	0  -  Run Bytes Sent By Job
	0  -  Run Bytes Received By Job
	0  -  Total Bytes Sent By Job
	0  -  Total Bytes Received By Job
...
