000 (1753934.000.000) 11/14 02:17:04 Job submitted from host: <130.199.206.69:49450>
...
001 (1753934.000.000) 11/14 04:36:14 Job executing on host: <130.199.206.153:47432>
...
006 (1753934.000.000) 11/14 04:41:22 Image size of job updated: 282896
...
006 (1753934.000.000) 11/14 04:46:22 Image size of job updated: 284660
...
006 (1753934.000.000) 11/14 04:51:22 Image size of job updated: 285300
...
006 (1753934.000.000) 11/14 04:56:22 Image size of job updated: 285616
...
006 (1753934.000.000) 11/14 05:01:22 Image size of job updated: 285668
...
006 (1753934.000.000) 11/14 05:06:22 Image size of job updated: 286000
...
006 (1753934.000.000) 11/14 05:11:22 Image size of job updated: 313192
...
006 (1753934.000.000) 11/14 05:16:23 Image size of job updated: 320360
...
006 (1753934.000.000) 11/14 05:21:24 Image size of job updated: 321072
...
006 (1753934.000.000) 11/14 05:41:28 Image size of job updated: 332984
...
006 (1753934.000.000) 11/14 05:46:29 Image size of job updated: 338104
...
006 (1753934.000.000) 11/14 05:51:30 Image size of job updated: 339128
...
006 (1753934.000.000) 11/14 06:06:33 Image size of job updated: 340152
...
006 (1753934.000.000) 11/14 06:31:36 Image size of job updated: 341176
...
006 (1753934.000.000) 11/14 07:11:36 Image size of job updated: 341360
...
006 (1753934.000.000) 11/14 07:16:36 Image size of job updated: 341512
...
006 (1753934.000.000) 11/14 07:21:36 Image size of job updated: 342528
...
006 (1753934.000.000) 11/14 07:26:36 Image size of job updated: 342620
...
006 (1753934.000.000) 11/14 07:31:37 Image size of job updated: 343212
...
006 (1753934.000.000) 11/14 07:36:38 Image size of job updated: 343484
...
006 (1753934.000.000) 11/14 07:41:39 Image size of job updated: 344184
...
005 (1753934.000.000) 11/14 08:29:59 Job terminated.
	(1) Normal termination (return value 0)
		Usr 0 03:15:54, Sys 0 00:01:06  -  Run Remote Usage
		Usr 0 00:00:00, Sys 0 00:00:00  -  Run Local Usage
		Usr 0 03:15:54, Sys 0 00:01:06  -  Total Remote Usage
		Usr 0 00:00:00, Sys 0 00:00:00  -  Total Local Usage
	0  -  Run Bytes Sent By Job
	0  -  Run Bytes Received By Job
	0  -  Total Bytes Sent By Job
	0  -  Total Bytes Received By Job
...
