000 (1753741.000.000) 11/14 02:16:28 Job submitted from host: <130.199.206.69:49450>
...
001 (1753741.000.000) 11/14 08:02:40 Job executing on host: <130.199.180.177:58002>
...
006 (1753741.000.000) 11/14 08:07:50 Image size of job updated: 285544
...
006 (1753741.000.000) 11/14 08:12:51 Image size of job updated: 285732
...
006 (1753741.000.000) 11/14 08:17:52 Image size of job updated: 285752
...
006 (1753741.000.000) 11/14 08:22:53 Image size of job updated: 286204
...
006 (1753741.000.000) 11/14 08:27:54 Image size of job updated: 287464
...
006 (1753741.000.000) 11/14 08:32:55 Image size of job updated: 288060
...
006 (1753741.000.000) 11/14 08:47:58 Image size of job updated: 290448
...
006 (1753741.000.000) 11/14 08:52:59 Image size of job updated: 290920
...
006 (1753741.000.000) 11/14 08:58:00 Image size of job updated: 291308
...
006 (1753741.000.000) 11/14 09:03:01 Image size of job updated: 292240
...
006 (1753741.000.000) 11/14 09:13:03 Image size of job updated: 295260
...
006 (1753741.000.000) 11/14 09:18:04 Image size of job updated: 295392
...
006 (1753741.000.000) 11/14 09:23:05 Image size of job updated: 295940
...
006 (1753741.000.000) 11/14 09:28:06 Image size of job updated: 296684
...
006 (1753741.000.000) 11/14 09:38:08 Image size of job updated: 297964
...
006 (1753741.000.000) 11/14 09:43:09 Image size of job updated: 298756
...
006 (1753741.000.000) 11/14 09:53:11 Image size of job updated: 298936
...
006 (1753741.000.000) 11/14 09:58:12 Image size of job updated: 298964
...
006 (1753741.000.000) 11/14 10:33:19 Image size of job updated: 311616
...
006 (1753741.000.000) 11/14 10:38:20 Image size of job updated: 325952
...
006 (1753741.000.000) 11/14 10:43:21 Image size of job updated: 341312
...
006 (1753741.000.000) 11/14 10:48:22 Image size of job updated: 345408
...
006 (1753741.000.000) 11/14 10:53:23 Image size of job updated: 347456
...
006 (1753741.000.000) 11/14 10:58:24 Image size of job updated: 348480
...
006 (1753741.000.000) 11/14 11:18:28 Image size of job updated: 350528
...
006 (1753741.000.000) 11/14 11:23:29 Image size of job updated: 351552
...
005 (1753741.000.000) 11/14 11:32:44 Job terminated.
	(1) Normal termination (return value 0)
		Usr 0 03:12:54, Sys 0 00:01:50  -  Run Remote Usage
		Usr 0 00:00:00, Sys 0 00:00:00  -  Run Local Usage
		Usr 0 03:12:54, Sys 0 00:01:50  -  Total Remote Usage
		Usr 0 00:00:00, Sys 0 00:00:00  -  Total Local Usage
	0  -  Run Bytes Sent By Job
	0  -  Run Bytes Received By Job
	0  -  Total Bytes Sent By Job
	0  -  Total Bytes Received By Job
...
