000 (1754087.000.000) 11/14 02:17:37 Job submitted from host: <130.199.206.69:49450>
...
001 (1754087.000.000) 11/14 05:16:36 Job executing on host: <130.199.206.147:43911>
...
006 (1754087.000.000) 11/14 05:21:44 Image size of job updated: 301060
...
006 (1754087.000.000) 11/14 05:26:44 Image size of job updated: 306180
...
006 (1754087.000.000) 11/14 05:31:44 Image size of job updated: 317444
...
006 (1754087.000.000) 11/14 05:36:44 Image size of job updated: 323588
...
006 (1754087.000.000) 11/14 05:41:44 Image size of job updated: 324612
...
006 (1754087.000.000) 11/14 05:56:44 Image size of job updated: 328712
...
006 (1754087.000.000) 11/14 06:01:45 Image size of job updated: 331784
...
006 (1754087.000.000) 11/14 06:06:46 Image size of job updated: 332808
...
006 (1754087.000.000) 11/14 06:11:47 Image size of job updated: 333832
...
006 (1754087.000.000) 11/14 06:41:53 Image size of job updated: 336604
...
006 (1754087.000.000) 11/14 06:46:54 Image size of job updated: 337756
...
006 (1754087.000.000) 11/14 06:51:55 Image size of job updated: 338508
...
006 (1754087.000.000) 11/14 06:56:55 Image size of job updated: 340020
...
006 (1754087.000.000) 11/14 07:16:55 Image size of job updated: 340644
...
006 (1754087.000.000) 11/14 07:46:55 Image size of job updated: 342088
...
006 (1754087.000.000) 11/14 07:56:57 Image size of job updated: 343112
...
006 (1754087.000.000) 11/14 08:01:58 Image size of job updated: 344036
...
006 (1754087.000.000) 11/14 08:17:01 Image size of job updated: 345060
...
005 (1754087.000.000) 11/14 09:11:36 Job terminated.
	(1) Normal termination (return value 0)
		Usr 0 03:40:15, Sys 0 00:01:03  -  Run Remote Usage
		Usr 0 00:00:00, Sys 0 00:00:00  -  Run Local Usage
		Usr 0 03:40:15, Sys 0 00:01:03  -  Total Remote Usage
		Usr 0 00:00:00, Sys 0 00:00:00  -  Total Local Usage
	0  -  Run Bytes Sent By Job
	0  -  Run Bytes Received By Job
	0  -  Total Bytes Sent By Job
	0  -  Total Bytes Received By Job
...
